[2026-02-09T10:45:17.618+0000] {local_task_job_runner.py:120} INFO - ::group::Pre task execution logs
[2026-02-09T10:45:17.649+0000] {taskinstance.py:2076} INFO - Dependencies all met for dep_context=non-requeueable deps ti=<TaskInstance: stock_raw_aapl.download_and_load_raw scheduled__2025-11-16T00:00:00+00:00 [queued]>
[2026-02-09T10:45:17.658+0000] {taskinstance.py:2076} INFO - Dependencies all met for dep_context=requeueable deps ti=<TaskInstance: stock_raw_aapl.download_and_load_raw scheduled__2025-11-16T00:00:00+00:00 [queued]>
[2026-02-09T10:45:17.658+0000] {taskinstance.py:2306} INFO - Starting attempt 1 of 1
[2026-02-09T10:45:17.672+0000] {taskinstance.py:2330} INFO - Executing <Task(PythonOperator): download_and_load_raw> on 2025-11-16 00:00:00+00:00
[2026-02-09T10:45:17.686+0000] {logging_mixin.py:188} WARNING - /home/***/.local/lib/python3.12/site-packages/***/task/task_runner/standard_task_runner.py:62 DeprecationWarning: This process (pid=9184) is multi-threaded, use of fork() may lead to deadlocks in the child.
[2026-02-09T10:45:17.686+0000] {standard_task_runner.py:90} INFO - Running: ['***', 'tasks', 'run', 'stock_raw_aapl', 'download_and_load_raw', 'scheduled__2025-11-16T00:00:00+00:00', '--job-id', '6218', '--raw', '--subdir', 'DAGS_FOLDER/stocks_dwh/raw/stocks_raw_dags.py', '--cfg-path', '/tmp/tmpx083xvdq']
[2026-02-09T10:45:17.687+0000] {standard_task_runner.py:64} INFO - Started process 9194 to run task
[2026-02-09T10:45:17.688+0000] {standard_task_runner.py:91} INFO - Job 6218: Subtask download_and_load_raw
[2026-02-09T10:45:17.754+0000] {task_command.py:426} INFO - Running <TaskInstance: stock_raw_aapl.download_and_load_raw scheduled__2025-11-16T00:00:00+00:00 [running]> on host 4886d37bc122
[2026-02-09T10:45:17.852+0000] {taskinstance.py:2648} INFO - Exporting env vars: AIRFLOW_CTX_DAG_OWNER='***' AIRFLOW_CTX_DAG_ID='stock_raw_aapl' AIRFLOW_CTX_TASK_ID='download_and_load_raw' AIRFLOW_CTX_EXECUTION_DATE='2025-11-16T00:00:00+00:00' AIRFLOW_CTX_TRY_NUMBER='1' AIRFLOW_CTX_DAG_RUN_ID='scheduled__2025-11-16T00:00:00+00:00'
[2026-02-09T10:45:17.853+0000] {taskinstance.py:430} INFO - ::endgroup::
[2026-02-09T10:45:17.864+0000] {logging_mixin.py:188} INFO - [RAW] Download AAPL [1d] 2025-11-16..2025-11-17
[2026-02-09T10:45:17.867+0000] {logging_mixin.py:188} WARNING - /opt/***/dags/stocks_dwh/raw/stocks_raw_dags.py:38 FutureWarning: YF.download() has changed argument auto_adjust default to True
[2026-02-09T10:45:17.875+0000] {logging_mixin.py:188} WARNING - /home/***/.local/lib/python3.12/site-packages/yfinance/scrapers/history.py:204 Pandas4Warning: Timestamp.utcnow is deprecated and will be removed in a future version. Use Timestamp.now('UTC') instead.
[2026-02-09T10:45:18.365+0000] {multi.py:185} ERROR - 
1 Failed download:
[2026-02-09T10:45:18.366+0000] {multi.py:198} ERROR - ['AAPL']: YFPricesMissingError('possibly delisted; no price data found  (1d 2025-11-16 -> 2025-11-17)')
[2026-02-09T10:45:18.381+0000] {logging_mixin.py:188} INFO - [RAW] No data from yfinance
[2026-02-09T10:45:18.382+0000] {python.py:237} INFO - Done. Returned value was: None
[2026-02-09T10:45:18.383+0000] {taskinstance.py:441} INFO - ::group::Post task execution logs
[2026-02-09T10:45:18.393+0000] {taskinstance.py:1206} INFO - Marking task as SUCCESS. dag_id=stock_raw_aapl, task_id=download_and_load_raw, run_id=scheduled__2025-11-16T00:00:00+00:00, execution_date=20251116T000000, start_date=20260209T104517, end_date=20260209T104518
[2026-02-09T10:45:18.423+0000] {local_task_job_runner.py:243} INFO - Task exited with return code 0
[2026-02-09T10:45:18.441+0000] {taskinstance.py:3503} INFO - 0 downstream tasks scheduled from follow-on schedule check
[2026-02-09T10:45:18.442+0000] {local_task_job_runner.py:222} INFO - ::endgroup::
[2026-02-09T12:46:58.833+0000] {local_task_job_runner.py:120} INFO - ::group::Pre task execution logs
[2026-02-09T12:46:58.868+0000] {taskinstance.py:2076} INFO - Dependencies all met for dep_context=non-requeueable deps ti=<TaskInstance: stock_raw_aapl.download_and_load_raw scheduled__2025-11-16T00:00:00+00:00 [queued]>
[2026-02-09T12:46:58.877+0000] {taskinstance.py:2076} INFO - Dependencies all met for dep_context=requeueable deps ti=<TaskInstance: stock_raw_aapl.download_and_load_raw scheduled__2025-11-16T00:00:00+00:00 [queued]>
[2026-02-09T12:46:58.878+0000] {taskinstance.py:2306} INFO - Starting attempt 1 of 1
[2026-02-09T12:46:58.895+0000] {taskinstance.py:2330} INFO - Executing <Task(PythonOperator): download_and_load_raw> on 2025-11-16 00:00:00+00:00
[2026-02-09T12:46:58.908+0000] {logging_mixin.py:188} WARNING - /home/***/.local/lib/python3.12/site-packages/***/task/task_runner/standard_task_runner.py:62 DeprecationWarning: This process (pid=18749) is multi-threaded, use of fork() may lead to deadlocks in the child.
[2026-02-09T12:46:58.910+0000] {standard_task_runner.py:64} INFO - Started process 18751 to run task
[2026-02-09T12:46:58.909+0000] {standard_task_runner.py:90} INFO - Running: ['***', 'tasks', 'run', 'stock_raw_aapl', 'download_and_load_raw', 'scheduled__2025-11-16T00:00:00+00:00', '--job-id', '7877', '--raw', '--subdir', 'DAGS_FOLDER/stocks_dwh/raw/stocks_raw_dags.py', '--cfg-path', '/tmp/tmpsuisg_gn']
[2026-02-09T12:46:58.911+0000] {standard_task_runner.py:91} INFO - Job 7877: Subtask download_and_load_raw
[2026-02-09T12:46:58.985+0000] {task_command.py:426} INFO - Running <TaskInstance: stock_raw_aapl.download_and_load_raw scheduled__2025-11-16T00:00:00+00:00 [running]> on host 4886d37bc122
[2026-02-09T12:46:59.103+0000] {taskinstance.py:2648} INFO - Exporting env vars: AIRFLOW_CTX_DAG_OWNER='***' AIRFLOW_CTX_DAG_ID='stock_raw_aapl' AIRFLOW_CTX_TASK_ID='download_and_load_raw' AIRFLOW_CTX_EXECUTION_DATE='2025-11-16T00:00:00+00:00' AIRFLOW_CTX_TRY_NUMBER='1' AIRFLOW_CTX_DAG_RUN_ID='scheduled__2025-11-16T00:00:00+00:00'
[2026-02-09T12:46:59.107+0000] {taskinstance.py:430} INFO - ::endgroup::
[2026-02-09T12:46:59.119+0000] {stocks_raw_dags.py:37} INFO - 2025-11-16 00:00:00+00:00, 2025-11-17 00:00:00+00:00
[2026-02-09T12:46:59.119+0000] {logging_mixin.py:188} INFO - [RAW] Download AAPL [1d] 2025-11-15..2025-11-17
[2026-02-09T12:46:59.122+0000] {logging_mixin.py:188} WARNING - /opt/***/dags/stocks_dwh/raw/stocks_raw_dags.py:42 FutureWarning: YF.download() has changed argument auto_adjust default to True
[2026-02-09T12:46:59.132+0000] {logging_mixin.py:188} WARNING - /home/***/.local/lib/python3.12/site-packages/yfinance/scrapers/history.py:204 Pandas4Warning: Timestamp.utcnow is deprecated and will be removed in a future version. Use Timestamp.now('UTC') instead.
[2026-02-09T12:46:59.636+0000] {logging_mixin.py:188} WARNING - [*********************100%***********************]  1 of 1 completed
[2026-02-09T12:46:59.637+0000] {multi.py:185} ERROR - 
1 Failed download:
[2026-02-09T12:46:59.637+0000] {multi.py:198} ERROR - ['AAPL']: YFPricesMissingError('possibly delisted; no price data found  (1d 2025-11-15 -> 2025-11-17)')
[2026-02-09T12:46:59.653+0000] {logging_mixin.py:188} INFO - [RAW] No data from yfinance
[2026-02-09T12:46:59.654+0000] {python.py:237} INFO - Done. Returned value was: None
[2026-02-09T12:46:59.655+0000] {taskinstance.py:441} INFO - ::group::Post task execution logs
[2026-02-09T12:46:59.666+0000] {taskinstance.py:1206} INFO - Marking task as SUCCESS. dag_id=stock_raw_aapl, task_id=download_and_load_raw, run_id=scheduled__2025-11-16T00:00:00+00:00, execution_date=20251116T000000, start_date=20260209T124658, end_date=20260209T124659
[2026-02-09T12:46:59.726+0000] {local_task_job_runner.py:243} INFO - Task exited with return code 0
[2026-02-09T12:46:59.745+0000] {taskinstance.py:3503} INFO - 0 downstream tasks scheduled from follow-on schedule check
[2026-02-09T12:46:59.749+0000] {local_task_job_runner.py:222} INFO - ::endgroup::
