[2026-02-09T10:16:59.852+0000] {local_task_job_runner.py:120} INFO - ::group::Pre task execution logs
[2026-02-09T10:16:59.882+0000] {taskinstance.py:2076} INFO - Dependencies all met for dep_context=non-requeueable deps ti=<TaskInstance: stock_raw_aapl.download_and_load_raw scheduled__2024-07-20T00:00:00+00:00 [queued]>
[2026-02-09T10:16:59.890+0000] {taskinstance.py:2076} INFO - Dependencies all met for dep_context=requeueable deps ti=<TaskInstance: stock_raw_aapl.download_and_load_raw scheduled__2024-07-20T00:00:00+00:00 [queued]>
[2026-02-09T10:16:59.891+0000] {taskinstance.py:2306} INFO - Starting attempt 1 of 1
[2026-02-09T10:16:59.902+0000] {taskinstance.py:2330} INFO - Executing <Task(PythonOperator): download_and_load_raw> on 2024-07-20 00:00:00+00:00
[2026-02-09T10:16:59.915+0000] {logging_mixin.py:188} WARNING - /home/***/.local/lib/python3.12/site-packages/***/task/task_runner/standard_task_runner.py:62 DeprecationWarning: This process (pid=5233) is multi-threaded, use of fork() may lead to deadlocks in the child.
[2026-02-09T10:16:59.915+0000] {standard_task_runner.py:90} INFO - Running: ['***', 'tasks', 'run', 'stock_raw_aapl', 'download_and_load_raw', 'scheduled__2024-07-20T00:00:00+00:00', '--job-id', '3825', '--raw', '--subdir', 'DAGS_FOLDER/stocks_dwh/raw/stocks_raw_dags.py', '--cfg-path', '/tmp/tmpvuhofa81']
[2026-02-09T10:16:59.918+0000] {standard_task_runner.py:64} INFO - Started process 5242 to run task
[2026-02-09T10:16:59.918+0000] {standard_task_runner.py:91} INFO - Job 3825: Subtask download_and_load_raw
[2026-02-09T10:16:59.991+0000] {task_command.py:426} INFO - Running <TaskInstance: stock_raw_aapl.download_and_load_raw scheduled__2024-07-20T00:00:00+00:00 [running]> on host b6b9e92e7d61
[2026-02-09T10:17:00.114+0000] {taskinstance.py:2648} INFO - Exporting env vars: AIRFLOW_CTX_DAG_OWNER='***' AIRFLOW_CTX_DAG_ID='stock_raw_aapl' AIRFLOW_CTX_TASK_ID='download_and_load_raw' AIRFLOW_CTX_EXECUTION_DATE='2024-07-20T00:00:00+00:00' AIRFLOW_CTX_TRY_NUMBER='1' AIRFLOW_CTX_DAG_RUN_ID='scheduled__2024-07-20T00:00:00+00:00'
[2026-02-09T10:17:00.116+0000] {taskinstance.py:430} INFO - ::endgroup::
[2026-02-09T10:17:00.131+0000] {logging_mixin.py:188} INFO - [RAW] Download AAPL [1d] 2024-07-20..2024-07-21
[2026-02-09T10:17:00.134+0000] {logging_mixin.py:188} WARNING - /opt/***/dags/stocks_dwh/raw/stocks_raw_dags.py:38 FutureWarning: YF.download() has changed argument auto_adjust default to True
[2026-02-09T10:17:00.142+0000] {logging_mixin.py:188} WARNING - /home/***/.local/lib/python3.12/site-packages/yfinance/scrapers/history.py:204 Pandas4Warning: Timestamp.utcnow is deprecated and will be removed in a future version. Use Timestamp.now('UTC') instead.
[2026-02-09T10:17:00.652+0000] {multi.py:185} ERROR - 
1 Failed download:
[2026-02-09T10:17:00.653+0000] {multi.py:198} ERROR - ['AAPL']: YFPricesMissingError('possibly delisted; no price data found  (1d 2024-07-20 -> 2024-07-21)')
[2026-02-09T10:17:00.666+0000] {logging_mixin.py:188} INFO - [RAW] No data from yfinance
[2026-02-09T10:17:00.667+0000] {python.py:237} INFO - Done. Returned value was: None
[2026-02-09T10:17:00.668+0000] {taskinstance.py:441} INFO - ::group::Post task execution logs
[2026-02-09T10:17:00.677+0000] {taskinstance.py:1206} INFO - Marking task as SUCCESS. dag_id=stock_raw_aapl, task_id=download_and_load_raw, run_id=scheduled__2024-07-20T00:00:00+00:00, execution_date=20240720T000000, start_date=20260209T101659, end_date=20260209T101700
[2026-02-09T10:17:00.734+0000] {local_task_job_runner.py:243} INFO - Task exited with return code 0
[2026-02-09T10:17:00.752+0000] {taskinstance.py:3503} INFO - 0 downstream tasks scheduled from follow-on schedule check
[2026-02-09T10:17:00.757+0000] {local_task_job_runner.py:222} INFO - ::endgroup::
[2026-02-09T12:20:43.469+0000] {local_task_job_runner.py:120} INFO - ::group::Pre task execution logs
[2026-02-09T12:20:43.498+0000] {taskinstance.py:2076} INFO - Dependencies all met for dep_context=non-requeueable deps ti=<TaskInstance: stock_raw_aapl.download_and_load_raw scheduled__2024-07-20T00:00:00+00:00 [queued]>
[2026-02-09T12:20:43.506+0000] {taskinstance.py:2076} INFO - Dependencies all met for dep_context=requeueable deps ti=<TaskInstance: stock_raw_aapl.download_and_load_raw scheduled__2024-07-20T00:00:00+00:00 [queued]>
[2026-02-09T12:20:43.506+0000] {taskinstance.py:2306} INFO - Starting attempt 1 of 1
[2026-02-09T12:20:43.518+0000] {taskinstance.py:2330} INFO - Executing <Task(PythonOperator): download_and_load_raw> on 2024-07-20 00:00:00+00:00
[2026-02-09T12:20:43.529+0000] {logging_mixin.py:188} WARNING - /home/***/.local/lib/python3.12/site-packages/***/task/task_runner/standard_task_runner.py:62 DeprecationWarning: This process (pid=15238) is multi-threaded, use of fork() may lead to deadlocks in the child.
[2026-02-09T12:20:43.530+0000] {standard_task_runner.py:64} INFO - Started process 15241 to run task
[2026-02-09T12:20:43.529+0000] {standard_task_runner.py:90} INFO - Running: ['***', 'tasks', 'run', 'stock_raw_aapl', 'download_and_load_raw', 'scheduled__2024-07-20T00:00:00+00:00', '--job-id', '7154', '--raw', '--subdir', 'DAGS_FOLDER/stocks_dwh/raw/stocks_raw_dags.py', '--cfg-path', '/tmp/tmpjs5e5i4z']
[2026-02-09T12:20:43.531+0000] {standard_task_runner.py:91} INFO - Job 7154: Subtask download_and_load_raw
[2026-02-09T12:20:43.591+0000] {task_command.py:426} INFO - Running <TaskInstance: stock_raw_aapl.download_and_load_raw scheduled__2024-07-20T00:00:00+00:00 [running]> on host 4886d37bc122
[2026-02-09T12:20:43.677+0000] {taskinstance.py:2648} INFO - Exporting env vars: AIRFLOW_CTX_DAG_OWNER='***' AIRFLOW_CTX_DAG_ID='stock_raw_aapl' AIRFLOW_CTX_TASK_ID='download_and_load_raw' AIRFLOW_CTX_EXECUTION_DATE='2024-07-20T00:00:00+00:00' AIRFLOW_CTX_TRY_NUMBER='1' AIRFLOW_CTX_DAG_RUN_ID='scheduled__2024-07-20T00:00:00+00:00'
[2026-02-09T12:20:43.678+0000] {taskinstance.py:430} INFO - ::endgroup::
[2026-02-09T12:20:43.689+0000] {stocks_raw_dags.py:37} INFO - 2024-07-20 00:00:00+00:00, 2024-07-21 00:00:00+00:00
[2026-02-09T12:20:43.689+0000] {logging_mixin.py:188} INFO - [RAW] Download AAPL [1d] 2024-07-19..2024-07-21
[2026-02-09T12:20:43.691+0000] {logging_mixin.py:188} WARNING - /opt/***/dags/stocks_dwh/raw/stocks_raw_dags.py:42 FutureWarning: YF.download() has changed argument auto_adjust default to True
[2026-02-09T12:20:43.700+0000] {logging_mixin.py:188} WARNING - /home/***/.local/lib/python3.12/site-packages/yfinance/scrapers/history.py:204 Pandas4Warning: Timestamp.utcnow is deprecated and will be removed in a future version. Use Timestamp.now('UTC') instead.
[2026-02-09T12:20:44.198+0000] {logging_mixin.py:188} WARNING - [*********************100%***********************]  1 of 1 completed
[2026-02-09T12:20:44.235+0000] {base.py:84} INFO - Using connection ID 'dwh_clickhouse' for task execution.
[2026-02-09T12:20:44.262+0000] {logging_mixin.py:188} INFO - [RAW] Deleted existing rows for AAPL in 2024-07-19..2024-07-21
[2026-02-09T12:20:44.272+0000] {logging_mixin.py:188} INFO - [RAW] Inserted 1 rows into dwh.raw_stock_prices
[2026-02-09T12:20:44.272+0000] {python.py:237} INFO - Done. Returned value was: None
[2026-02-09T12:20:44.273+0000] {taskinstance.py:441} INFO - ::group::Post task execution logs
[2026-02-09T12:20:44.286+0000] {taskinstance.py:1206} INFO - Marking task as SUCCESS. dag_id=stock_raw_aapl, task_id=download_and_load_raw, run_id=scheduled__2024-07-20T00:00:00+00:00, execution_date=20240720T000000, start_date=20260209T122043, end_date=20260209T122044
[2026-02-09T12:20:44.346+0000] {local_task_job_runner.py:243} INFO - Task exited with return code 0
[2026-02-09T12:20:44.373+0000] {taskinstance.py:3503} INFO - 0 downstream tasks scheduled from follow-on schedule check
[2026-02-09T12:20:44.377+0000] {local_task_job_runner.py:222} INFO - ::endgroup::
