[2026-02-09T10:42:01.994+0000] {local_task_job_runner.py:120} INFO - ::group::Pre task execution logs
[2026-02-09T10:42:02.029+0000] {taskinstance.py:2076} INFO - Dependencies all met for dep_context=non-requeueable deps ti=<TaskInstance: stock_raw_aapl.download_and_load_raw scheduled__2025-09-16T00:00:00+00:00 [queued]>
[2026-02-09T10:42:02.038+0000] {taskinstance.py:2076} INFO - Dependencies all met for dep_context=requeueable deps ti=<TaskInstance: stock_raw_aapl.download_and_load_raw scheduled__2025-09-16T00:00:00+00:00 [queued]>
[2026-02-09T10:42:02.038+0000] {taskinstance.py:2306} INFO - Starting attempt 1 of 1
[2026-02-09T10:42:02.051+0000] {taskinstance.py:2330} INFO - Executing <Task(PythonOperator): download_and_load_raw> on 2025-09-16 00:00:00+00:00
[2026-02-09T10:42:02.063+0000] {logging_mixin.py:188} WARNING - /home/***/.local/lib/python3.12/site-packages/***/task/task_runner/standard_task_runner.py:62 DeprecationWarning: This process (pid=7896) is multi-threaded, use of fork() may lead to deadlocks in the child.
[2026-02-09T10:42:02.065+0000] {standard_task_runner.py:64} INFO - Started process 7905 to run task
[2026-02-09T10:42:02.063+0000] {standard_task_runner.py:90} INFO - Running: ['***', 'tasks', 'run', 'stock_raw_aapl', 'download_and_load_raw', 'scheduled__2025-09-16T00:00:00+00:00', '--job-id', '5914', '--raw', '--subdir', 'DAGS_FOLDER/stocks_dwh/raw/stocks_raw_dags.py', '--cfg-path', '/tmp/tmp7sppmuvw']
[2026-02-09T10:42:02.066+0000] {standard_task_runner.py:91} INFO - Job 5914: Subtask download_and_load_raw
[2026-02-09T10:42:02.134+0000] {task_command.py:426} INFO - Running <TaskInstance: stock_raw_aapl.download_and_load_raw scheduled__2025-09-16T00:00:00+00:00 [running]> on host 4886d37bc122
[2026-02-09T10:42:02.239+0000] {taskinstance.py:2648} INFO - Exporting env vars: AIRFLOW_CTX_DAG_OWNER='***' AIRFLOW_CTX_DAG_ID='stock_raw_aapl' AIRFLOW_CTX_TASK_ID='download_and_load_raw' AIRFLOW_CTX_EXECUTION_DATE='2025-09-16T00:00:00+00:00' AIRFLOW_CTX_TRY_NUMBER='1' AIRFLOW_CTX_DAG_RUN_ID='scheduled__2025-09-16T00:00:00+00:00'
[2026-02-09T10:42:02.240+0000] {taskinstance.py:430} INFO - ::endgroup::
[2026-02-09T10:42:02.255+0000] {logging_mixin.py:188} INFO - [RAW] Download AAPL [1d] 2025-09-16..2025-09-17
[2026-02-09T10:42:02.259+0000] {logging_mixin.py:188} WARNING - /opt/***/dags/stocks_dwh/raw/stocks_raw_dags.py:38 FutureWarning: YF.download() has changed argument auto_adjust default to True
[2026-02-09T10:42:02.269+0000] {logging_mixin.py:188} WARNING - /home/***/.local/lib/python3.12/site-packages/yfinance/scrapers/history.py:204 Pandas4Warning: Timestamp.utcnow is deprecated and will be removed in a future version. Use Timestamp.now('UTC') instead.
[2026-02-09T10:42:02.840+0000] {taskinstance.py:441} INFO - ::group::Post task execution logs
[2026-02-09T10:42:02.841+0000] {taskinstance.py:2905} ERROR - Task failed with exception
Traceback (most recent call last):
  File "/home/airflow/.local/lib/python3.12/site-packages/airflow/models/taskinstance.py", line 465, in _execute_task
    result = _execute_callable(context=context, **execute_callable_kwargs)
             ^^^^^^^^^^^^^^^^^^^^^^^^^^^^^^^^^^^^^^^^^^^^^^^^^^^^^^^^^^^^^
  File "/home/airflow/.local/lib/python3.12/site-packages/airflow/models/taskinstance.py", line 432, in _execute_callable
    return execute_callable(context=context, **execute_callable_kwargs)
           ^^^^^^^^^^^^^^^^^^^^^^^^^^^^^^^^^^^^^^^^^^^^^^^^^^^^^^^^^^^^
  File "/home/airflow/.local/lib/python3.12/site-packages/airflow/models/baseoperator.py", line 401, in wrapper
    return func(self, *args, **kwargs)
           ^^^^^^^^^^^^^^^^^^^^^^^^^^^
  File "/home/airflow/.local/lib/python3.12/site-packages/airflow/operators/python.py", line 235, in execute
    return_value = self.execute_callable()
                   ^^^^^^^^^^^^^^^^^^^^^^^
  File "/home/airflow/.local/lib/python3.12/site-packages/airflow/operators/python.py", line 252, in execute_callable
    return self.python_callable(*self.op_args, **self.op_kwargs)
           ^^^^^^^^^^^^^^^^^^^^^^^^^^^^^^^^^^^^^^^^^^^^^^^^^^^^^
  File "/opt/airflow/dags/stocks_dwh/raw/stocks_raw_dags.py", line 86, in download_and_load_raw
    df["volume"] = pd.to_numeric(df["volume"], errors="coerce").fillna(0).astype("int64")
                   ^^^^^^^^^^^^^^^^^^^^^^^^^^^^^^^^^^^^^^^^^^^^
  File "/home/airflow/.local/lib/python3.12/site-packages/pandas/core/tools/numeric.py", line 212, in to_numeric
    raise TypeError("arg must be a list, tuple, 1-d array, or Series")
TypeError: arg must be a list, tuple, 1-d array, or Series
[2026-02-09T10:42:02.858+0000] {taskinstance.py:1206} INFO - Marking task as FAILED. dag_id=stock_raw_aapl, task_id=download_and_load_raw, run_id=scheduled__2025-09-16T00:00:00+00:00, execution_date=20250916T000000, start_date=20260209T104202, end_date=20260209T104202
[2026-02-09T10:42:02.868+0000] {standard_task_runner.py:110} ERROR - Failed to execute job 5914 for task download_and_load_raw (arg must be a list, tuple, 1-d array, or Series; 7905)
[2026-02-09T10:42:02.921+0000] {local_task_job_runner.py:243} INFO - Task exited with return code 1
[2026-02-09T10:42:02.940+0000] {taskinstance.py:3503} INFO - 0 downstream tasks scheduled from follow-on schedule check
[2026-02-09T10:42:02.942+0000] {local_task_job_runner.py:222} INFO - ::endgroup::
[2026-02-09T12:43:38.215+0000] {local_task_job_runner.py:120} INFO - ::group::Pre task execution logs
[2026-02-09T12:43:38.253+0000] {taskinstance.py:2076} INFO - Dependencies all met for dep_context=non-requeueable deps ti=<TaskInstance: stock_raw_aapl.download_and_load_raw scheduled__2025-09-16T00:00:00+00:00 [queued]>
[2026-02-09T12:43:38.264+0000] {taskinstance.py:2076} INFO - Dependencies all met for dep_context=requeueable deps ti=<TaskInstance: stock_raw_aapl.download_and_load_raw scheduled__2025-09-16T00:00:00+00:00 [queued]>
[2026-02-09T12:43:38.264+0000] {taskinstance.py:2306} INFO - Starting attempt 1 of 1
[2026-02-09T12:43:38.281+0000] {taskinstance.py:2330} INFO - Executing <Task(PythonOperator): download_and_load_raw> on 2025-09-16 00:00:00+00:00
[2026-02-09T12:43:38.300+0000] {logging_mixin.py:188} WARNING - /home/***/.local/lib/python3.12/site-packages/***/task/task_runner/standard_task_runner.py:62 DeprecationWarning: This process (pid=18427) is multi-threaded, use of fork() may lead to deadlocks in the child.
[2026-02-09T12:43:38.302+0000] {standard_task_runner.py:64} INFO - Started process 18429 to run task
[2026-02-09T12:43:38.300+0000] {standard_task_runner.py:90} INFO - Running: ['***', 'tasks', 'run', 'stock_raw_aapl', 'download_and_load_raw', 'scheduled__2025-09-16T00:00:00+00:00', '--job-id', '7816', '--raw', '--subdir', 'DAGS_FOLDER/stocks_dwh/raw/stocks_raw_dags.py', '--cfg-path', '/tmp/tmpoy_y8dgr']
[2026-02-09T12:43:38.303+0000] {standard_task_runner.py:91} INFO - Job 7816: Subtask download_and_load_raw
[2026-02-09T12:43:38.382+0000] {task_command.py:426} INFO - Running <TaskInstance: stock_raw_aapl.download_and_load_raw scheduled__2025-09-16T00:00:00+00:00 [running]> on host 4886d37bc122
[2026-02-09T12:43:38.491+0000] {taskinstance.py:2648} INFO - Exporting env vars: AIRFLOW_CTX_DAG_OWNER='***' AIRFLOW_CTX_DAG_ID='stock_raw_aapl' AIRFLOW_CTX_TASK_ID='download_and_load_raw' AIRFLOW_CTX_EXECUTION_DATE='2025-09-16T00:00:00+00:00' AIRFLOW_CTX_TRY_NUMBER='1' AIRFLOW_CTX_DAG_RUN_ID='scheduled__2025-09-16T00:00:00+00:00'
[2026-02-09T12:43:38.492+0000] {taskinstance.py:430} INFO - ::endgroup::
[2026-02-09T12:43:38.504+0000] {stocks_raw_dags.py:37} INFO - 2025-09-16 00:00:00+00:00, 2025-09-17 00:00:00+00:00
[2026-02-09T12:43:38.504+0000] {logging_mixin.py:188} INFO - [RAW] Download AAPL [1d] 2025-09-15..2025-09-17
[2026-02-09T12:43:38.507+0000] {logging_mixin.py:188} WARNING - /opt/***/dags/stocks_dwh/raw/stocks_raw_dags.py:42 FutureWarning: YF.download() has changed argument auto_adjust default to True
[2026-02-09T12:43:38.516+0000] {logging_mixin.py:188} WARNING - /home/***/.local/lib/python3.12/site-packages/yfinance/scrapers/history.py:204 Pandas4Warning: Timestamp.utcnow is deprecated and will be removed in a future version. Use Timestamp.now('UTC') instead.
[2026-02-09T12:43:39.041+0000] {logging_mixin.py:188} WARNING - [*********************100%***********************]  1 of 1 completed
[2026-02-09T12:43:39.082+0000] {base.py:84} INFO - Using connection ID 'dwh_clickhouse' for task execution.
[2026-02-09T12:43:39.121+0000] {logging_mixin.py:188} INFO - [RAW] Deleted existing rows for AAPL in 2025-09-15..2025-09-17
[2026-02-09T12:43:39.132+0000] {logging_mixin.py:188} INFO - [RAW] Inserted 2 rows into dwh.raw_stock_prices
[2026-02-09T12:43:39.135+0000] {python.py:237} INFO - Done. Returned value was: None
[2026-02-09T12:43:39.136+0000] {taskinstance.py:441} INFO - ::group::Post task execution logs
[2026-02-09T12:43:39.149+0000] {taskinstance.py:1206} INFO - Marking task as SUCCESS. dag_id=stock_raw_aapl, task_id=download_and_load_raw, run_id=scheduled__2025-09-16T00:00:00+00:00, execution_date=20250916T000000, start_date=20260209T124338, end_date=20260209T124339
[2026-02-09T12:43:39.199+0000] {local_task_job_runner.py:243} INFO - Task exited with return code 0
[2026-02-09T12:43:39.222+0000] {taskinstance.py:3503} INFO - 0 downstream tasks scheduled from follow-on schedule check
[2026-02-09T12:43:39.226+0000] {local_task_job_runner.py:222} INFO - ::endgroup::
