[2026-02-09T10:25:47.896+0000] {local_task_job_runner.py:120} INFO - ::group::Pre task execution logs
[2026-02-09T10:25:47.930+0000] {taskinstance.py:2076} INFO - Dependencies all met for dep_context=non-requeueable deps ti=<TaskInstance: stock_raw_nvda.download_and_load_raw scheduled__2024-11-23T00:00:00+00:00 [queued]>
[2026-02-09T10:25:47.938+0000] {taskinstance.py:2076} INFO - Dependencies all met for dep_context=requeueable deps ti=<TaskInstance: stock_raw_nvda.download_and_load_raw scheduled__2024-11-23T00:00:00+00:00 [queued]>
[2026-02-09T10:25:47.938+0000] {taskinstance.py:2306} INFO - Starting attempt 1 of 1
[2026-02-09T10:25:47.951+0000] {taskinstance.py:2330} INFO - Executing <Task(PythonOperator): download_and_load_raw> on 2024-11-23 00:00:00+00:00
[2026-02-09T10:25:47.962+0000] {logging_mixin.py:188} WARNING - /home/***/.local/lib/python3.12/site-packages/***/task/task_runner/standard_task_runner.py:62 DeprecationWarning: This process (pid=1676) is multi-threaded, use of fork() may lead to deadlocks in the child.
[2026-02-09T10:25:47.964+0000] {standard_task_runner.py:64} INFO - Started process 1683 to run task
[2026-02-09T10:25:47.962+0000] {standard_task_runner.py:90} INFO - Running: ['***', 'tasks', 'run', 'stock_raw_nvda', 'download_and_load_raw', 'scheduled__2024-11-23T00:00:00+00:00', '--job-id', '4454', '--raw', '--subdir', 'DAGS_FOLDER/stocks_dwh/raw/stocks_raw_dags.py', '--cfg-path', '/tmp/tmp8in28aid']
[2026-02-09T10:25:47.964+0000] {standard_task_runner.py:91} INFO - Job 4454: Subtask download_and_load_raw
[2026-02-09T10:25:48.023+0000] {task_command.py:426} INFO - Running <TaskInstance: stock_raw_nvda.download_and_load_raw scheduled__2024-11-23T00:00:00+00:00 [running]> on host 4886d37bc122
[2026-02-09T10:25:48.115+0000] {taskinstance.py:2648} INFO - Exporting env vars: AIRFLOW_CTX_DAG_OWNER='***' AIRFLOW_CTX_DAG_ID='stock_raw_nvda' AIRFLOW_CTX_TASK_ID='download_and_load_raw' AIRFLOW_CTX_EXECUTION_DATE='2024-11-23T00:00:00+00:00' AIRFLOW_CTX_TRY_NUMBER='1' AIRFLOW_CTX_DAG_RUN_ID='scheduled__2024-11-23T00:00:00+00:00'
[2026-02-09T10:25:48.116+0000] {taskinstance.py:430} INFO - ::endgroup::
[2026-02-09T10:25:48.127+0000] {logging_mixin.py:188} INFO - [RAW] Download NVDA [1d] 2024-11-23..2024-11-24
[2026-02-09T10:25:48.129+0000] {logging_mixin.py:188} WARNING - /opt/***/dags/stocks_dwh/raw/stocks_raw_dags.py:38 FutureWarning: YF.download() has changed argument auto_adjust default to True
[2026-02-09T10:25:48.136+0000] {logging_mixin.py:188} WARNING - /home/***/.local/lib/python3.12/site-packages/yfinance/scrapers/history.py:204 Pandas4Warning: Timestamp.utcnow is deprecated and will be removed in a future version. Use Timestamp.now('UTC') instead.
[2026-02-09T10:25:48.596+0000] {multi.py:185} ERROR - 
1 Failed download:
[2026-02-09T10:25:48.597+0000] {multi.py:198} ERROR - ['NVDA']: YFPricesMissingError('possibly delisted; no price data found  (1d 2024-11-23 -> 2024-11-24)')
[2026-02-09T10:25:48.607+0000] {logging_mixin.py:188} INFO - [RAW] No data from yfinance
[2026-02-09T10:25:48.608+0000] {python.py:237} INFO - Done. Returned value was: None
[2026-02-09T10:25:48.608+0000] {taskinstance.py:441} INFO - ::group::Post task execution logs
[2026-02-09T10:25:48.618+0000] {taskinstance.py:1206} INFO - Marking task as SUCCESS. dag_id=stock_raw_nvda, task_id=download_and_load_raw, run_id=scheduled__2024-11-23T00:00:00+00:00, execution_date=20241123T000000, start_date=20260209T102547, end_date=20260209T102548
[2026-02-09T10:25:48.659+0000] {local_task_job_runner.py:243} INFO - Task exited with return code 0
[2026-02-09T10:25:48.678+0000] {taskinstance.py:3503} INFO - 0 downstream tasks scheduled from follow-on schedule check
[2026-02-09T10:25:48.680+0000] {local_task_job_runner.py:222} INFO - ::endgroup::
