[2026-02-09T10:14:33.576+0000] {local_task_job_runner.py:120} INFO - ::group::Pre task execution logs
[2026-02-09T10:14:33.608+0000] {taskinstance.py:2076} INFO - Dependencies all met for dep_context=non-requeueable deps ti=<TaskInstance: stock_raw_aapl.download_and_load_raw scheduled__2024-06-05T00:00:00+00:00 [queued]>
[2026-02-09T10:14:33.616+0000] {taskinstance.py:2076} INFO - Dependencies all met for dep_context=requeueable deps ti=<TaskInstance: stock_raw_aapl.download_and_load_raw scheduled__2024-06-05T00:00:00+00:00 [queued]>
[2026-02-09T10:14:33.617+0000] {taskinstance.py:2306} INFO - Starting attempt 1 of 1
[2026-02-09T10:14:33.630+0000] {taskinstance.py:2330} INFO - Executing <Task(PythonOperator): download_and_load_raw> on 2024-06-05 00:00:00+00:00
[2026-02-09T10:14:33.643+0000] {logging_mixin.py:188} WARNING - /home/***/.local/lib/python3.12/site-packages/***/task/task_runner/standard_task_runner.py:62 DeprecationWarning: This process (pid=4281) is multi-threaded, use of fork() may lead to deadlocks in the child.
[2026-02-09T10:14:33.642+0000] {standard_task_runner.py:90} INFO - Running: ['***', 'tasks', 'run', 'stock_raw_aapl', 'download_and_load_raw', 'scheduled__2024-06-05T00:00:00+00:00', '--job-id', '3604', '--raw', '--subdir', 'DAGS_FOLDER/stocks_dwh/raw/stocks_raw_dags.py', '--cfg-path', '/tmp/tmpjdcd68io']
[2026-02-09T10:14:33.645+0000] {standard_task_runner.py:64} INFO - Started process 4290 to run task
[2026-02-09T10:14:33.646+0000] {standard_task_runner.py:91} INFO - Job 3604: Subtask download_and_load_raw
[2026-02-09T10:14:33.706+0000] {task_command.py:426} INFO - Running <TaskInstance: stock_raw_aapl.download_and_load_raw scheduled__2024-06-05T00:00:00+00:00 [running]> on host b6b9e92e7d61
[2026-02-09T10:14:33.794+0000] {taskinstance.py:2648} INFO - Exporting env vars: AIRFLOW_CTX_DAG_OWNER='***' AIRFLOW_CTX_DAG_ID='stock_raw_aapl' AIRFLOW_CTX_TASK_ID='download_and_load_raw' AIRFLOW_CTX_EXECUTION_DATE='2024-06-05T00:00:00+00:00' AIRFLOW_CTX_TRY_NUMBER='1' AIRFLOW_CTX_DAG_RUN_ID='scheduled__2024-06-05T00:00:00+00:00'
[2026-02-09T10:14:33.795+0000] {taskinstance.py:430} INFO - ::endgroup::
[2026-02-09T10:14:33.807+0000] {logging_mixin.py:188} INFO - [RAW] Download AAPL [1d] 2024-06-05..2024-06-06
[2026-02-09T10:14:33.809+0000] {logging_mixin.py:188} WARNING - /opt/***/dags/stocks_dwh/raw/stocks_raw_dags.py:38 FutureWarning: YF.download() has changed argument auto_adjust default to True
[2026-02-09T10:14:33.817+0000] {logging_mixin.py:188} WARNING - /home/***/.local/lib/python3.12/site-packages/yfinance/scrapers/history.py:204 Pandas4Warning: Timestamp.utcnow is deprecated and will be removed in a future version. Use Timestamp.now('UTC') instead.
[2026-02-09T10:14:34.352+0000] {taskinstance.py:441} INFO - ::group::Post task execution logs
[2026-02-09T10:14:34.352+0000] {taskinstance.py:2905} ERROR - Task failed with exception
Traceback (most recent call last):
  File "/home/airflow/.local/lib/python3.12/site-packages/airflow/models/taskinstance.py", line 465, in _execute_task
    result = _execute_callable(context=context, **execute_callable_kwargs)
             ^^^^^^^^^^^^^^^^^^^^^^^^^^^^^^^^^^^^^^^^^^^^^^^^^^^^^^^^^^^^^
  File "/home/airflow/.local/lib/python3.12/site-packages/airflow/models/taskinstance.py", line 432, in _execute_callable
    return execute_callable(context=context, **execute_callable_kwargs)
           ^^^^^^^^^^^^^^^^^^^^^^^^^^^^^^^^^^^^^^^^^^^^^^^^^^^^^^^^^^^^
  File "/home/airflow/.local/lib/python3.12/site-packages/airflow/models/baseoperator.py", line 401, in wrapper
    return func(self, *args, **kwargs)
           ^^^^^^^^^^^^^^^^^^^^^^^^^^^
  File "/home/airflow/.local/lib/python3.12/site-packages/airflow/operators/python.py", line 235, in execute
    return_value = self.execute_callable()
                   ^^^^^^^^^^^^^^^^^^^^^^^
  File "/home/airflow/.local/lib/python3.12/site-packages/airflow/operators/python.py", line 252, in execute_callable
    return self.python_callable(*self.op_args, **self.op_kwargs)
           ^^^^^^^^^^^^^^^^^^^^^^^^^^^^^^^^^^^^^^^^^^^^^^^^^^^^^
  File "/opt/airflow/dags/stocks_dwh/raw/stocks_raw_dags.py", line 86, in download_and_load_raw
    df["volume"] = pd.to_numeric(df["volume"], errors="coerce").fillna(0).astype("int64")
                   ^^^^^^^^^^^^^^^^^^^^^^^^^^^^^^^^^^^^^^^^^^^^
  File "/home/airflow/.local/lib/python3.12/site-packages/pandas/core/tools/numeric.py", line 212, in to_numeric
    raise TypeError("arg must be a list, tuple, 1-d array, or Series")
TypeError: arg must be a list, tuple, 1-d array, or Series
[2026-02-09T10:14:34.368+0000] {taskinstance.py:1206} INFO - Marking task as FAILED. dag_id=stock_raw_aapl, task_id=download_and_load_raw, run_id=scheduled__2024-06-05T00:00:00+00:00, execution_date=20240605T000000, start_date=20260209T101433, end_date=20260209T101434
[2026-02-09T10:14:34.380+0000] {standard_task_runner.py:110} ERROR - Failed to execute job 3604 for task download_and_load_raw (arg must be a list, tuple, 1-d array, or Series; 4290)
[2026-02-09T10:14:34.421+0000] {local_task_job_runner.py:243} INFO - Task exited with return code 1
[2026-02-09T10:14:34.436+0000] {taskinstance.py:3503} INFO - 0 downstream tasks scheduled from follow-on schedule check
[2026-02-09T10:14:34.438+0000] {local_task_job_runner.py:222} INFO - ::endgroup::
[2026-02-09T12:18:18.838+0000] {local_task_job_runner.py:120} INFO - ::group::Pre task execution logs
[2026-02-09T12:18:18.865+0000] {taskinstance.py:2076} INFO - Dependencies all met for dep_context=non-requeueable deps ti=<TaskInstance: stock_raw_aapl.download_and_load_raw scheduled__2024-06-05T00:00:00+00:00 [queued]>
[2026-02-09T12:18:18.872+0000] {taskinstance.py:2076} INFO - Dependencies all met for dep_context=requeueable deps ti=<TaskInstance: stock_raw_aapl.download_and_load_raw scheduled__2024-06-05T00:00:00+00:00 [queued]>
[2026-02-09T12:18:18.873+0000] {taskinstance.py:2306} INFO - Starting attempt 1 of 1
[2026-02-09T12:18:18.885+0000] {taskinstance.py:2330} INFO - Executing <Task(PythonOperator): download_and_load_raw> on 2024-06-05 00:00:00+00:00
[2026-02-09T12:18:18.897+0000] {logging_mixin.py:188} WARNING - /home/***/.local/lib/python3.12/site-packages/***/task/task_runner/standard_task_runner.py:62 DeprecationWarning: This process (pid=14824) is multi-threaded, use of fork() may lead to deadlocks in the child.
[2026-02-09T12:18:18.897+0000] {standard_task_runner.py:90} INFO - Running: ['***', 'tasks', 'run', 'stock_raw_aapl', 'download_and_load_raw', 'scheduled__2024-06-05T00:00:00+00:00', '--job-id', '7065', '--raw', '--subdir', 'DAGS_FOLDER/stocks_dwh/raw/stocks_raw_dags.py', '--cfg-path', '/tmp/tmp9tn2qopa']
[2026-02-09T12:18:18.899+0000] {standard_task_runner.py:64} INFO - Started process 14828 to run task
[2026-02-09T12:18:18.900+0000] {standard_task_runner.py:91} INFO - Job 7065: Subtask download_and_load_raw
[2026-02-09T12:18:18.959+0000] {task_command.py:426} INFO - Running <TaskInstance: stock_raw_aapl.download_and_load_raw scheduled__2024-06-05T00:00:00+00:00 [running]> on host 4886d37bc122
[2026-02-09T12:18:19.042+0000] {taskinstance.py:2648} INFO - Exporting env vars: AIRFLOW_CTX_DAG_OWNER='***' AIRFLOW_CTX_DAG_ID='stock_raw_aapl' AIRFLOW_CTX_TASK_ID='download_and_load_raw' AIRFLOW_CTX_EXECUTION_DATE='2024-06-05T00:00:00+00:00' AIRFLOW_CTX_TRY_NUMBER='1' AIRFLOW_CTX_DAG_RUN_ID='scheduled__2024-06-05T00:00:00+00:00'
[2026-02-09T12:18:19.043+0000] {taskinstance.py:430} INFO - ::endgroup::
[2026-02-09T12:18:19.053+0000] {stocks_raw_dags.py:37} INFO - 2024-06-05 00:00:00+00:00, 2024-06-06 00:00:00+00:00
[2026-02-09T12:18:19.053+0000] {logging_mixin.py:188} INFO - [RAW] Download AAPL [1d] 2024-06-04..2024-06-06
[2026-02-09T12:18:19.055+0000] {logging_mixin.py:188} WARNING - /opt/***/dags/stocks_dwh/raw/stocks_raw_dags.py:42 FutureWarning: YF.download() has changed argument auto_adjust default to True
[2026-02-09T12:18:19.063+0000] {logging_mixin.py:188} WARNING - /home/***/.local/lib/python3.12/site-packages/yfinance/scrapers/history.py:204 Pandas4Warning: Timestamp.utcnow is deprecated and will be removed in a future version. Use Timestamp.now('UTC') instead.
[2026-02-09T12:18:19.932+0000] {logging_mixin.py:188} WARNING - [*********************100%***********************]  1 of 1 completed
[2026-02-09T12:18:19.967+0000] {base.py:84} INFO - Using connection ID 'dwh_clickhouse' for task execution.
[2026-02-09T12:18:19.987+0000] {logging_mixin.py:188} INFO - [RAW] Deleted existing rows for AAPL in 2024-06-04..2024-06-06
[2026-02-09T12:18:19.998+0000] {logging_mixin.py:188} INFO - [RAW] Inserted 2 rows into dwh.raw_stock_prices
[2026-02-09T12:18:19.998+0000] {python.py:237} INFO - Done. Returned value was: None
[2026-02-09T12:18:19.999+0000] {taskinstance.py:441} INFO - ::group::Post task execution logs
[2026-02-09T12:18:20.011+0000] {taskinstance.py:1206} INFO - Marking task as SUCCESS. dag_id=stock_raw_aapl, task_id=download_and_load_raw, run_id=scheduled__2024-06-05T00:00:00+00:00, execution_date=20240605T000000, start_date=20260209T121818, end_date=20260209T121820
[2026-02-09T12:18:20.077+0000] {local_task_job_runner.py:243} INFO - Task exited with return code 0
[2026-02-09T12:18:20.094+0000] {taskinstance.py:3503} INFO - 0 downstream tasks scheduled from follow-on schedule check
[2026-02-09T12:18:20.096+0000] {local_task_job_runner.py:222} INFO - ::endgroup::
