[2026-02-09T10:36:03.227+0000] {local_task_job_runner.py:120} INFO - ::group::Pre task execution logs
[2026-02-09T10:36:03.260+0000] {taskinstance.py:2076} INFO - Dependencies all met for dep_context=non-requeueable deps ti=<TaskInstance: stock_raw_aapl.download_and_load_raw scheduled__2025-05-31T00:00:00+00:00 [queued]>
[2026-02-09T10:36:03.269+0000] {taskinstance.py:2076} INFO - Dependencies all met for dep_context=requeueable deps ti=<TaskInstance: stock_raw_aapl.download_and_load_raw scheduled__2025-05-31T00:00:00+00:00 [queued]>
[2026-02-09T10:36:03.270+0000] {taskinstance.py:2306} INFO - Starting attempt 1 of 1
[2026-02-09T10:36:03.286+0000] {taskinstance.py:2330} INFO - Executing <Task(PythonOperator): download_and_load_raw> on 2025-05-31 00:00:00+00:00
[2026-02-09T10:36:03.304+0000] {logging_mixin.py:188} WARNING - /home/***/.local/lib/python3.12/site-packages/***/task/task_runner/standard_task_runner.py:62 DeprecationWarning: This process (pid=5652) is multi-threaded, use of fork() may lead to deadlocks in the child.
[2026-02-09T10:36:03.306+0000] {standard_task_runner.py:64} INFO - Started process 5659 to run task
[2026-02-09T10:36:03.303+0000] {standard_task_runner.py:90} INFO - Running: ['***', 'tasks', 'run', 'stock_raw_aapl', 'download_and_load_raw', 'scheduled__2025-05-31T00:00:00+00:00', '--job-id', '5386', '--raw', '--subdir', 'DAGS_FOLDER/stocks_dwh/raw/stocks_raw_dags.py', '--cfg-path', '/tmp/tmplhuyc05n']
[2026-02-09T10:36:03.308+0000] {standard_task_runner.py:91} INFO - Job 5386: Subtask download_and_load_raw
[2026-02-09T10:36:03.387+0000] {task_command.py:426} INFO - Running <TaskInstance: stock_raw_aapl.download_and_load_raw scheduled__2025-05-31T00:00:00+00:00 [running]> on host 4886d37bc122
[2026-02-09T10:36:03.491+0000] {taskinstance.py:2648} INFO - Exporting env vars: AIRFLOW_CTX_DAG_OWNER='***' AIRFLOW_CTX_DAG_ID='stock_raw_aapl' AIRFLOW_CTX_TASK_ID='download_and_load_raw' AIRFLOW_CTX_EXECUTION_DATE='2025-05-31T00:00:00+00:00' AIRFLOW_CTX_TRY_NUMBER='1' AIRFLOW_CTX_DAG_RUN_ID='scheduled__2025-05-31T00:00:00+00:00'
[2026-02-09T10:36:03.492+0000] {taskinstance.py:430} INFO - ::endgroup::
[2026-02-09T10:36:03.505+0000] {logging_mixin.py:188} INFO - [RAW] Download AAPL [1d] 2025-05-31..2025-06-01
[2026-02-09T10:36:03.508+0000] {logging_mixin.py:188} WARNING - /opt/***/dags/stocks_dwh/raw/stocks_raw_dags.py:38 FutureWarning: YF.download() has changed argument auto_adjust default to True
[2026-02-09T10:36:03.519+0000] {logging_mixin.py:188} WARNING - /home/***/.local/lib/python3.12/site-packages/yfinance/scrapers/history.py:204 Pandas4Warning: Timestamp.utcnow is deprecated and will be removed in a future version. Use Timestamp.now('UTC') instead.
[2026-02-09T10:36:04.110+0000] {multi.py:185} ERROR - 
1 Failed download:
[2026-02-09T10:36:04.110+0000] {multi.py:198} ERROR - ['AAPL']: YFPricesMissingError('possibly delisted; no price data found  (1d 2025-05-31 -> 2025-06-01)')
[2026-02-09T10:36:04.126+0000] {logging_mixin.py:188} INFO - [RAW] No data from yfinance
[2026-02-09T10:36:04.127+0000] {python.py:237} INFO - Done. Returned value was: None
[2026-02-09T10:36:04.128+0000] {taskinstance.py:441} INFO - ::group::Post task execution logs
[2026-02-09T10:36:04.137+0000] {taskinstance.py:1206} INFO - Marking task as SUCCESS. dag_id=stock_raw_aapl, task_id=download_and_load_raw, run_id=scheduled__2025-05-31T00:00:00+00:00, execution_date=20250531T000000, start_date=20260209T103603, end_date=20260209T103604
[2026-02-09T10:36:04.203+0000] {local_task_job_runner.py:243} INFO - Task exited with return code 0
[2026-02-09T10:36:04.220+0000] {taskinstance.py:3503} INFO - 0 downstream tasks scheduled from follow-on schedule check
[2026-02-09T10:36:04.221+0000] {local_task_job_runner.py:222} INFO - ::endgroup::
[2026-02-09T12:38:04.199+0000] {local_task_job_runner.py:120} INFO - ::group::Pre task execution logs
[2026-02-09T12:38:04.227+0000] {taskinstance.py:2076} INFO - Dependencies all met for dep_context=non-requeueable deps ti=<TaskInstance: stock_raw_aapl.download_and_load_raw scheduled__2025-05-31T00:00:00+00:00 [queued]>
[2026-02-09T12:38:04.234+0000] {taskinstance.py:2076} INFO - Dependencies all met for dep_context=requeueable deps ti=<TaskInstance: stock_raw_aapl.download_and_load_raw scheduled__2025-05-31T00:00:00+00:00 [queued]>
[2026-02-09T12:38:04.234+0000] {taskinstance.py:2306} INFO - Starting attempt 1 of 1
[2026-02-09T12:38:04.248+0000] {taskinstance.py:2330} INFO - Executing <Task(PythonOperator): download_and_load_raw> on 2025-05-31 00:00:00+00:00
[2026-02-09T12:38:04.259+0000] {logging_mixin.py:188} WARNING - /home/***/.local/lib/python3.12/site-packages/***/task/task_runner/standard_task_runner.py:62 DeprecationWarning: This process (pid=17863) is multi-threaded, use of fork() may lead to deadlocks in the child.
[2026-02-09T12:38:04.261+0000] {standard_task_runner.py:64} INFO - Started process 17865 to run task
[2026-02-09T12:38:04.259+0000] {standard_task_runner.py:90} INFO - Running: ['***', 'tasks', 'run', 'stock_raw_aapl', 'download_and_load_raw', 'scheduled__2025-05-31T00:00:00+00:00', '--job-id', '7708', '--raw', '--subdir', 'DAGS_FOLDER/stocks_dwh/raw/stocks_raw_dags.py', '--cfg-path', '/tmp/tmp4ddsqvc_']
[2026-02-09T12:38:04.262+0000] {standard_task_runner.py:91} INFO - Job 7708: Subtask download_and_load_raw
[2026-02-09T12:38:04.322+0000] {task_command.py:426} INFO - Running <TaskInstance: stock_raw_aapl.download_and_load_raw scheduled__2025-05-31T00:00:00+00:00 [running]> on host 4886d37bc122
[2026-02-09T12:38:04.413+0000] {taskinstance.py:2648} INFO - Exporting env vars: AIRFLOW_CTX_DAG_OWNER='***' AIRFLOW_CTX_DAG_ID='stock_raw_aapl' AIRFLOW_CTX_TASK_ID='download_and_load_raw' AIRFLOW_CTX_EXECUTION_DATE='2025-05-31T00:00:00+00:00' AIRFLOW_CTX_TRY_NUMBER='1' AIRFLOW_CTX_DAG_RUN_ID='scheduled__2025-05-31T00:00:00+00:00'
[2026-02-09T12:38:04.415+0000] {taskinstance.py:430} INFO - ::endgroup::
[2026-02-09T12:38:04.424+0000] {stocks_raw_dags.py:37} INFO - 2025-05-31 00:00:00+00:00, 2025-06-01 00:00:00+00:00
[2026-02-09T12:38:04.425+0000] {logging_mixin.py:188} INFO - [RAW] Download AAPL [1d] 2025-05-30..2025-06-01
[2026-02-09T12:38:04.427+0000] {logging_mixin.py:188} WARNING - /opt/***/dags/stocks_dwh/raw/stocks_raw_dags.py:42 FutureWarning: YF.download() has changed argument auto_adjust default to True
[2026-02-09T12:38:04.435+0000] {logging_mixin.py:188} WARNING - /home/***/.local/lib/python3.12/site-packages/yfinance/scrapers/history.py:204 Pandas4Warning: Timestamp.utcnow is deprecated and will be removed in a future version. Use Timestamp.now('UTC') instead.
[2026-02-09T12:38:04.966+0000] {logging_mixin.py:188} WARNING - [*********************100%***********************]  1 of 1 completed
[2026-02-09T12:38:05.001+0000] {base.py:84} INFO - Using connection ID 'dwh_clickhouse' for task execution.
[2026-02-09T12:38:05.035+0000] {logging_mixin.py:188} INFO - [RAW] Deleted existing rows for AAPL in 2025-05-30..2025-06-01
[2026-02-09T12:38:05.045+0000] {logging_mixin.py:188} INFO - [RAW] Inserted 1 rows into dwh.raw_stock_prices
[2026-02-09T12:38:05.047+0000] {python.py:237} INFO - Done. Returned value was: None
[2026-02-09T12:38:05.048+0000] {taskinstance.py:441} INFO - ::group::Post task execution logs
[2026-02-09T12:38:05.060+0000] {taskinstance.py:1206} INFO - Marking task as SUCCESS. dag_id=stock_raw_aapl, task_id=download_and_load_raw, run_id=scheduled__2025-05-31T00:00:00+00:00, execution_date=20250531T000000, start_date=20260209T123804, end_date=20260209T123805
[2026-02-09T12:38:05.117+0000] {local_task_job_runner.py:243} INFO - Task exited with return code 0
[2026-02-09T12:38:05.137+0000] {taskinstance.py:3503} INFO - 0 downstream tasks scheduled from follow-on schedule check
[2026-02-09T12:38:05.146+0000] {local_task_job_runner.py:222} INFO - ::endgroup::
