[2026-02-09T10:11:15.992+0000] {local_task_job_runner.py:120} INFO - ::group::Pre task execution logs
[2026-02-09T10:11:16.023+0000] {taskinstance.py:2076} INFO - Dependencies all met for dep_context=non-requeueable deps ti=<TaskInstance: stock_raw_aapl.download_and_load_raw scheduled__2024-04-06T00:00:00+00:00 [queued]>
[2026-02-09T10:11:16.032+0000] {taskinstance.py:2076} INFO - Dependencies all met for dep_context=requeueable deps ti=<TaskInstance: stock_raw_aapl.download_and_load_raw scheduled__2024-04-06T00:00:00+00:00 [queued]>
[2026-02-09T10:11:16.033+0000] {taskinstance.py:2306} INFO - Starting attempt 1 of 1
[2026-02-09T10:11:16.046+0000] {taskinstance.py:2330} INFO - Executing <Task(PythonOperator): download_and_load_raw> on 2024-04-06 00:00:00+00:00
[2026-02-09T10:11:16.060+0000] {logging_mixin.py:188} WARNING - /home/***/.local/lib/python3.12/site-packages/***/task/task_runner/standard_task_runner.py:62 DeprecationWarning: This process (pid=3012) is multi-threaded, use of fork() may lead to deadlocks in the child.
[2026-02-09T10:11:16.062+0000] {standard_task_runner.py:64} INFO - Started process 3021 to run task
[2026-02-09T10:11:16.061+0000] {standard_task_runner.py:90} INFO - Running: ['***', 'tasks', 'run', 'stock_raw_aapl', 'download_and_load_raw', 'scheduled__2024-04-06T00:00:00+00:00', '--job-id', '3305', '--raw', '--subdir', 'DAGS_FOLDER/stocks_dwh/raw/stocks_raw_dags.py', '--cfg-path', '/tmp/tmpvewkx7ch']
[2026-02-09T10:11:16.067+0000] {standard_task_runner.py:91} INFO - Job 3305: Subtask download_and_load_raw
[2026-02-09T10:11:16.135+0000] {task_command.py:426} INFO - Running <TaskInstance: stock_raw_aapl.download_and_load_raw scheduled__2024-04-06T00:00:00+00:00 [running]> on host b6b9e92e7d61
[2026-02-09T10:11:16.228+0000] {taskinstance.py:2648} INFO - Exporting env vars: AIRFLOW_CTX_DAG_OWNER='***' AIRFLOW_CTX_DAG_ID='stock_raw_aapl' AIRFLOW_CTX_TASK_ID='download_and_load_raw' AIRFLOW_CTX_EXECUTION_DATE='2024-04-06T00:00:00+00:00' AIRFLOW_CTX_TRY_NUMBER='1' AIRFLOW_CTX_DAG_RUN_ID='scheduled__2024-04-06T00:00:00+00:00'
[2026-02-09T10:11:16.230+0000] {taskinstance.py:430} INFO - ::endgroup::
[2026-02-09T10:11:16.241+0000] {logging_mixin.py:188} INFO - [RAW] Download AAPL [1d] 2024-04-06..2024-04-07
[2026-02-09T10:11:16.248+0000] {logging_mixin.py:188} WARNING - /opt/***/dags/stocks_dwh/raw/stocks_raw_dags.py:38 FutureWarning: YF.download() has changed argument auto_adjust default to True
[2026-02-09T10:11:16.258+0000] {logging_mixin.py:188} WARNING - /home/***/.local/lib/python3.12/site-packages/yfinance/scrapers/history.py:204 Pandas4Warning: Timestamp.utcnow is deprecated and will be removed in a future version. Use Timestamp.now('UTC') instead.
[2026-02-09T10:11:16.757+0000] {multi.py:185} ERROR - 
1 Failed download:
[2026-02-09T10:11:16.762+0000] {multi.py:198} ERROR - ['AAPL']: YFPricesMissingError('possibly delisted; no price data found  (1d 2024-04-06 -> 2024-04-07)')
[2026-02-09T10:11:16.774+0000] {logging_mixin.py:188} INFO - [RAW] No data from yfinance
[2026-02-09T10:11:16.775+0000] {python.py:237} INFO - Done. Returned value was: None
[2026-02-09T10:11:16.775+0000] {taskinstance.py:441} INFO - ::group::Post task execution logs
[2026-02-09T10:11:16.784+0000] {taskinstance.py:1206} INFO - Marking task as SUCCESS. dag_id=stock_raw_aapl, task_id=download_and_load_raw, run_id=scheduled__2024-04-06T00:00:00+00:00, execution_date=20240406T000000, start_date=20260209T101116, end_date=20260209T101116
[2026-02-09T10:11:16.838+0000] {local_task_job_runner.py:243} INFO - Task exited with return code 0
[2026-02-09T10:11:16.855+0000] {taskinstance.py:3503} INFO - 0 downstream tasks scheduled from follow-on schedule check
[2026-02-09T10:11:16.858+0000] {local_task_job_runner.py:222} INFO - ::endgroup::
[2026-02-09T12:15:14.613+0000] {local_task_job_runner.py:120} INFO - ::group::Pre task execution logs
[2026-02-09T12:15:14.648+0000] {taskinstance.py:2076} INFO - Dependencies all met for dep_context=non-requeueable deps ti=<TaskInstance: stock_raw_aapl.download_and_load_raw scheduled__2024-04-06T00:00:00+00:00 [queued]>
[2026-02-09T12:15:14.656+0000] {taskinstance.py:2076} INFO - Dependencies all met for dep_context=requeueable deps ti=<TaskInstance: stock_raw_aapl.download_and_load_raw scheduled__2024-04-06T00:00:00+00:00 [queued]>
[2026-02-09T12:15:14.657+0000] {taskinstance.py:2306} INFO - Starting attempt 1 of 1
[2026-02-09T12:15:14.669+0000] {taskinstance.py:2330} INFO - Executing <Task(PythonOperator): download_and_load_raw> on 2024-04-06 00:00:00+00:00
[2026-02-09T12:15:14.680+0000] {logging_mixin.py:188} WARNING - /home/***/.local/lib/python3.12/site-packages/***/task/task_runner/standard_task_runner.py:62 DeprecationWarning: This process (pid=14271) is multi-threaded, use of fork() may lead to deadlocks in the child.
[2026-02-09T12:15:14.682+0000] {standard_task_runner.py:64} INFO - Started process 14275 to run task
[2026-02-09T12:15:14.680+0000] {standard_task_runner.py:90} INFO - Running: ['***', 'tasks', 'run', 'stock_raw_aapl', 'download_and_load_raw', 'scheduled__2024-04-06T00:00:00+00:00', '--job-id', '6944', '--raw', '--subdir', 'DAGS_FOLDER/stocks_dwh/raw/stocks_raw_dags.py', '--cfg-path', '/tmp/tmpwhj4qq78']
[2026-02-09T12:15:14.682+0000] {standard_task_runner.py:91} INFO - Job 6944: Subtask download_and_load_raw
[2026-02-09T12:15:14.745+0000] {task_command.py:426} INFO - Running <TaskInstance: stock_raw_aapl.download_and_load_raw scheduled__2024-04-06T00:00:00+00:00 [running]> on host 4886d37bc122
[2026-02-09T12:15:14.833+0000] {taskinstance.py:2648} INFO - Exporting env vars: AIRFLOW_CTX_DAG_OWNER='***' AIRFLOW_CTX_DAG_ID='stock_raw_aapl' AIRFLOW_CTX_TASK_ID='download_and_load_raw' AIRFLOW_CTX_EXECUTION_DATE='2024-04-06T00:00:00+00:00' AIRFLOW_CTX_TRY_NUMBER='1' AIRFLOW_CTX_DAG_RUN_ID='scheduled__2024-04-06T00:00:00+00:00'
[2026-02-09T12:15:14.835+0000] {taskinstance.py:430} INFO - ::endgroup::
[2026-02-09T12:15:14.845+0000] {stocks_raw_dags.py:37} INFO - 2024-04-06 00:00:00+00:00, 2024-04-07 00:00:00+00:00
[2026-02-09T12:15:14.846+0000] {logging_mixin.py:188} INFO - [RAW] Download AAPL [1d] 2024-04-05..2024-04-07
[2026-02-09T12:15:14.848+0000] {logging_mixin.py:188} WARNING - /opt/***/dags/stocks_dwh/raw/stocks_raw_dags.py:42 FutureWarning: YF.download() has changed argument auto_adjust default to True
[2026-02-09T12:15:14.857+0000] {logging_mixin.py:188} WARNING - /home/***/.local/lib/python3.12/site-packages/yfinance/scrapers/history.py:204 Pandas4Warning: Timestamp.utcnow is deprecated and will be removed in a future version. Use Timestamp.now('UTC') instead.
[2026-02-09T12:15:15.383+0000] {logging_mixin.py:188} WARNING - [*********************100%***********************]  1 of 1 completed
[2026-02-09T12:15:15.417+0000] {base.py:84} INFO - Using connection ID 'dwh_clickhouse' for task execution.
[2026-02-09T12:15:15.438+0000] {logging_mixin.py:188} INFO - [RAW] Deleted existing rows for AAPL in 2024-04-05..2024-04-07
[2026-02-09T12:15:15.448+0000] {logging_mixin.py:188} INFO - [RAW] Inserted 1 rows into dwh.raw_stock_prices
[2026-02-09T12:15:15.449+0000] {python.py:237} INFO - Done. Returned value was: None
[2026-02-09T12:15:15.450+0000] {taskinstance.py:441} INFO - ::group::Post task execution logs
[2026-02-09T12:15:15.462+0000] {taskinstance.py:1206} INFO - Marking task as SUCCESS. dag_id=stock_raw_aapl, task_id=download_and_load_raw, run_id=scheduled__2024-04-06T00:00:00+00:00, execution_date=20240406T000000, start_date=20260209T121514, end_date=20260209T121515
[2026-02-09T12:15:15.538+0000] {local_task_job_runner.py:243} INFO - Task exited with return code 0
[2026-02-09T12:15:15.557+0000] {taskinstance.py:3503} INFO - 0 downstream tasks scheduled from follow-on schedule check
[2026-02-09T12:15:15.559+0000] {local_task_job_runner.py:222} INFO - ::endgroup::
