[2026-02-09T10:46:58.803+0000] {local_task_job_runner.py:120} INFO - ::group::Pre task execution logs
[2026-02-09T10:46:58.830+0000] {taskinstance.py:2076} INFO - Dependencies all met for dep_context=non-requeueable deps ti=<TaskInstance: stock_raw_aapl.download_and_load_raw scheduled__2025-12-20T00:00:00+00:00 [queued]>
[2026-02-09T10:46:58.839+0000] {taskinstance.py:2076} INFO - Dependencies all met for dep_context=requeueable deps ti=<TaskInstance: stock_raw_aapl.download_and_load_raw scheduled__2025-12-20T00:00:00+00:00 [queued]>
[2026-02-09T10:46:58.839+0000] {taskinstance.py:2306} INFO - Starting attempt 1 of 1
[2026-02-09T10:46:58.850+0000] {taskinstance.py:2330} INFO - Executing <Task(PythonOperator): download_and_load_raw> on 2025-12-20 00:00:00+00:00
[2026-02-09T10:46:58.863+0000] {logging_mixin.py:188} WARNING - /home/***/.local/lib/python3.12/site-packages/***/task/task_runner/standard_task_runner.py:62 DeprecationWarning: This process (pid=9894) is multi-threaded, use of fork() may lead to deadlocks in the child.
[2026-02-09T10:46:58.862+0000] {standard_task_runner.py:90} INFO - Running: ['***', 'tasks', 'run', 'stock_raw_aapl', 'download_and_load_raw', 'scheduled__2025-12-20T00:00:00+00:00', '--job-id', '6383', '--raw', '--subdir', 'DAGS_FOLDER/stocks_dwh/raw/stocks_raw_dags.py', '--cfg-path', '/tmp/tmpxi2y86yk']
[2026-02-09T10:46:58.864+0000] {standard_task_runner.py:64} INFO - Started process 9901 to run task
[2026-02-09T10:46:58.865+0000] {standard_task_runner.py:91} INFO - Job 6383: Subtask download_and_load_raw
[2026-02-09T10:46:58.925+0000] {task_command.py:426} INFO - Running <TaskInstance: stock_raw_aapl.download_and_load_raw scheduled__2025-12-20T00:00:00+00:00 [running]> on host 4886d37bc122
[2026-02-09T10:46:59.012+0000] {taskinstance.py:2648} INFO - Exporting env vars: AIRFLOW_CTX_DAG_OWNER='***' AIRFLOW_CTX_DAG_ID='stock_raw_aapl' AIRFLOW_CTX_TASK_ID='download_and_load_raw' AIRFLOW_CTX_EXECUTION_DATE='2025-12-20T00:00:00+00:00' AIRFLOW_CTX_TRY_NUMBER='1' AIRFLOW_CTX_DAG_RUN_ID='scheduled__2025-12-20T00:00:00+00:00'
[2026-02-09T10:46:59.013+0000] {taskinstance.py:430} INFO - ::endgroup::
[2026-02-09T10:46:59.024+0000] {logging_mixin.py:188} INFO - [RAW] Download AAPL [1d] 2025-12-20..2025-12-21
[2026-02-09T10:46:59.026+0000] {logging_mixin.py:188} WARNING - /opt/***/dags/stocks_dwh/raw/stocks_raw_dags.py:38 FutureWarning: YF.download() has changed argument auto_adjust default to True
[2026-02-09T10:46:59.034+0000] {logging_mixin.py:188} WARNING - /home/***/.local/lib/python3.12/site-packages/yfinance/scrapers/history.py:204 Pandas4Warning: Timestamp.utcnow is deprecated and will be removed in a future version. Use Timestamp.now('UTC') instead.
[2026-02-09T10:46:59.513+0000] {multi.py:185} ERROR - 
1 Failed download:
[2026-02-09T10:46:59.514+0000] {multi.py:198} ERROR - ['AAPL']: YFPricesMissingError('possibly delisted; no price data found  (1d 2025-12-20 -> 2025-12-21)')
[2026-02-09T10:46:59.524+0000] {logging_mixin.py:188} INFO - [RAW] No data from yfinance
[2026-02-09T10:46:59.525+0000] {python.py:237} INFO - Done. Returned value was: None
[2026-02-09T10:46:59.525+0000] {taskinstance.py:441} INFO - ::group::Post task execution logs
[2026-02-09T10:46:59.534+0000] {taskinstance.py:1206} INFO - Marking task as SUCCESS. dag_id=stock_raw_aapl, task_id=download_and_load_raw, run_id=scheduled__2025-12-20T00:00:00+00:00, execution_date=20251220T000000, start_date=20260209T104658, end_date=20260209T104659
[2026-02-09T10:46:59.603+0000] {local_task_job_runner.py:243} INFO - Task exited with return code 0
[2026-02-09T10:46:59.618+0000] {taskinstance.py:3503} INFO - 0 downstream tasks scheduled from follow-on schedule check
[2026-02-09T10:46:59.621+0000] {local_task_job_runner.py:222} INFO - ::endgroup::
[2026-02-09T12:48:51.016+0000] {local_task_job_runner.py:120} INFO - ::group::Pre task execution logs
[2026-02-09T12:48:51.050+0000] {taskinstance.py:2076} INFO - Dependencies all met for dep_context=non-requeueable deps ti=<TaskInstance: stock_raw_aapl.download_and_load_raw scheduled__2025-12-20T00:00:00+00:00 [queued]>
[2026-02-09T12:48:51.060+0000] {taskinstance.py:2076} INFO - Dependencies all met for dep_context=requeueable deps ti=<TaskInstance: stock_raw_aapl.download_and_load_raw scheduled__2025-12-20T00:00:00+00:00 [queued]>
[2026-02-09T12:48:51.061+0000] {taskinstance.py:2306} INFO - Starting attempt 1 of 1
[2026-02-09T12:48:51.077+0000] {taskinstance.py:2330} INFO - Executing <Task(PythonOperator): download_and_load_raw> on 2025-12-20 00:00:00+00:00
[2026-02-09T12:48:51.089+0000] {logging_mixin.py:188} WARNING - /home/***/.local/lib/python3.12/site-packages/***/task/task_runner/standard_task_runner.py:62 DeprecationWarning: This process (pid=18933) is multi-threaded, use of fork() may lead to deadlocks in the child.
[2026-02-09T12:48:51.091+0000] {standard_task_runner.py:64} INFO - Started process 18935 to run task
[2026-02-09T12:48:51.090+0000] {standard_task_runner.py:90} INFO - Running: ['***', 'tasks', 'run', 'stock_raw_aapl', 'download_and_load_raw', 'scheduled__2025-12-20T00:00:00+00:00', '--job-id', '7911', '--raw', '--subdir', 'DAGS_FOLDER/stocks_dwh/raw/stocks_raw_dags.py', '--cfg-path', '/tmp/tmp1rvz6dq9']
[2026-02-09T12:48:51.092+0000] {standard_task_runner.py:91} INFO - Job 7911: Subtask download_and_load_raw
[2026-02-09T12:48:51.166+0000] {task_command.py:426} INFO - Running <TaskInstance: stock_raw_aapl.download_and_load_raw scheduled__2025-12-20T00:00:00+00:00 [running]> on host 4886d37bc122
[2026-02-09T12:48:51.274+0000] {taskinstance.py:2648} INFO - Exporting env vars: AIRFLOW_CTX_DAG_OWNER='***' AIRFLOW_CTX_DAG_ID='stock_raw_aapl' AIRFLOW_CTX_TASK_ID='download_and_load_raw' AIRFLOW_CTX_EXECUTION_DATE='2025-12-20T00:00:00+00:00' AIRFLOW_CTX_TRY_NUMBER='1' AIRFLOW_CTX_DAG_RUN_ID='scheduled__2025-12-20T00:00:00+00:00'
[2026-02-09T12:48:51.275+0000] {taskinstance.py:430} INFO - ::endgroup::
[2026-02-09T12:48:51.287+0000] {stocks_raw_dags.py:37} INFO - 2025-12-20 00:00:00+00:00, 2025-12-21 00:00:00+00:00
[2026-02-09T12:48:51.288+0000] {logging_mixin.py:188} INFO - [RAW] Download AAPL [1d] 2025-12-19..2025-12-21
[2026-02-09T12:48:51.290+0000] {logging_mixin.py:188} WARNING - /opt/***/dags/stocks_dwh/raw/stocks_raw_dags.py:42 FutureWarning: YF.download() has changed argument auto_adjust default to True
[2026-02-09T12:48:51.299+0000] {logging_mixin.py:188} WARNING - /home/***/.local/lib/python3.12/site-packages/yfinance/scrapers/history.py:204 Pandas4Warning: Timestamp.utcnow is deprecated and will be removed in a future version. Use Timestamp.now('UTC') instead.
[2026-02-09T12:48:51.894+0000] {logging_mixin.py:188} WARNING - [*********************100%***********************]  1 of 1 completed
[2026-02-09T12:48:51.951+0000] {base.py:84} INFO - Using connection ID 'dwh_clickhouse' for task execution.
[2026-02-09T12:48:51.991+0000] {logging_mixin.py:188} INFO - [RAW] Deleted existing rows for AAPL in 2025-12-19..2025-12-21
[2026-02-09T12:48:52.004+0000] {logging_mixin.py:188} INFO - [RAW] Inserted 1 rows into dwh.raw_stock_prices
[2026-02-09T12:48:52.005+0000] {python.py:237} INFO - Done. Returned value was: None
[2026-02-09T12:48:52.005+0000] {taskinstance.py:441} INFO - ::group::Post task execution logs
[2026-02-09T12:48:52.019+0000] {taskinstance.py:1206} INFO - Marking task as SUCCESS. dag_id=stock_raw_aapl, task_id=download_and_load_raw, run_id=scheduled__2025-12-20T00:00:00+00:00, execution_date=20251220T000000, start_date=20260209T124851, end_date=20260209T124852
[2026-02-09T12:48:52.069+0000] {local_task_job_runner.py:243} INFO - Task exited with return code 0
[2026-02-09T12:48:52.097+0000] {taskinstance.py:3503} INFO - 0 downstream tasks scheduled from follow-on schedule check
[2026-02-09T12:48:52.101+0000] {local_task_job_runner.py:222} INFO - ::endgroup::
