[2026-02-14T18:20:43.201+0000] {processor.py:161} INFO - Started process (PID=193) to work on /opt/airflow/dags/stocks_dwh/raw/stocks_raw_dags.py
[2026-02-14T18:20:43.205+0000] {processor.py:830} INFO - Processing file /opt/airflow/dags/stocks_dwh/raw/stocks_raw_dags.py for tasks to queue
[2026-02-14T18:20:43.209+0000] {logging_mixin.py:188} INFO - [2026-02-14T18:20:43.209+0000] {dagbag.py:545} INFO - Filling up the DagBag from /opt/airflow/dags/stocks_dwh/raw/stocks_raw_dags.py
[2026-02-14T18:20:49.650+0000] {processor.py:840} INFO - DAG(s) 'stock_raw_aapl', 'stock_raw_moex_sber', 'stock_raw_tsla', 'stock_raw_msft', 'stock_raw_nvda' retrieved from /opt/airflow/dags/stocks_dwh/raw/stocks_raw_dags.py
[2026-02-14T18:20:49.724+0000] {logging_mixin.py:188} INFO - [2026-02-14T18:20:49.723+0000] {dag.py:3089} INFO - Sync 5 DAGs
[2026-02-14T18:20:49.806+0000] {processor.py:183} INFO - Processing /opt/airflow/dags/stocks_dwh/raw/stocks_raw_dags.py took 6.614 seconds
[2026-02-14T18:21:20.024+0000] {processor.py:161} INFO - Started process (PID=226) to work on /opt/airflow/dags/stocks_dwh/raw/stocks_raw_dags.py
[2026-02-14T18:21:20.026+0000] {processor.py:830} INFO - Processing file /opt/airflow/dags/stocks_dwh/raw/stocks_raw_dags.py for tasks to queue
[2026-02-14T18:21:20.028+0000] {logging_mixin.py:188} INFO - [2026-02-14T18:21:20.028+0000] {dagbag.py:545} INFO - Filling up the DagBag from /opt/airflow/dags/stocks_dwh/raw/stocks_raw_dags.py
[2026-02-14T18:21:21.125+0000] {processor.py:840} INFO - DAG(s) 'stock_raw_moex_sber', 'stock_raw_nvda', 'stock_raw_aapl', 'stock_raw_tsla', 'stock_raw_msft' retrieved from /opt/airflow/dags/stocks_dwh/raw/stocks_raw_dags.py
[2026-02-14T18:21:21.173+0000] {logging_mixin.py:188} INFO - [2026-02-14T18:21:21.172+0000] {dag.py:3089} INFO - Sync 5 DAGs
[2026-02-14T18:21:21.200+0000] {logging_mixin.py:188} INFO - [2026-02-14T18:21:21.200+0000] {dag.py:3947} INFO - Setting next_dagrun for stock_raw_aapl to 2026-02-14 00:00:00+00:00, run_after=2026-02-15 00:00:00+00:00
[2026-02-14T18:21:21.206+0000] {logging_mixin.py:188} INFO - [2026-02-14T18:21:21.206+0000] {dag.py:3947} INFO - Setting next_dagrun for stock_raw_moex_sber to 2026-02-14 00:00:00+00:00, run_after=2026-02-15 00:00:00+00:00
[2026-02-14T18:21:21.211+0000] {logging_mixin.py:188} INFO - [2026-02-14T18:21:21.210+0000] {dag.py:3947} INFO - Setting next_dagrun for stock_raw_msft to 2026-02-14 00:00:00+00:00, run_after=2026-02-15 00:00:00+00:00
[2026-02-14T18:21:21.214+0000] {logging_mixin.py:188} INFO - [2026-02-14T18:21:21.213+0000] {dag.py:3947} INFO - Setting next_dagrun for stock_raw_nvda to 2026-02-14 00:00:00+00:00, run_after=2026-02-15 00:00:00+00:00
[2026-02-14T18:21:21.217+0000] {logging_mixin.py:188} INFO - [2026-02-14T18:21:21.217+0000] {dag.py:3947} INFO - Setting next_dagrun for stock_raw_tsla to 2026-02-14 00:00:00+00:00, run_after=2026-02-15 00:00:00+00:00
[2026-02-14T18:21:21.240+0000] {processor.py:183} INFO - Processing /opt/airflow/dags/stocks_dwh/raw/stocks_raw_dags.py took 1.223 seconds
[2026-02-14T18:21:51.487+0000] {processor.py:161} INFO - Started process (PID=238) to work on /opt/airflow/dags/stocks_dwh/raw/stocks_raw_dags.py
[2026-02-14T18:21:51.489+0000] {processor.py:830} INFO - Processing file /opt/airflow/dags/stocks_dwh/raw/stocks_raw_dags.py for tasks to queue
[2026-02-14T18:21:51.492+0000] {logging_mixin.py:188} INFO - [2026-02-14T18:21:51.491+0000] {dagbag.py:545} INFO - Filling up the DagBag from /opt/airflow/dags/stocks_dwh/raw/stocks_raw_dags.py
[2026-02-14T18:21:52.667+0000] {processor.py:840} INFO - DAG(s) 'stock_raw_aapl', 'stock_raw_tsla', 'stock_raw_moex_sber', 'stock_raw_msft', 'stock_raw_nvda' retrieved from /opt/airflow/dags/stocks_dwh/raw/stocks_raw_dags.py
[2026-02-14T18:21:52.718+0000] {logging_mixin.py:188} INFO - [2026-02-14T18:21:52.718+0000] {dag.py:3089} INFO - Sync 5 DAGs
[2026-02-14T18:21:52.749+0000] {logging_mixin.py:188} INFO - [2026-02-14T18:21:52.749+0000] {dag.py:3947} INFO - Setting next_dagrun for stock_raw_aapl to 2026-02-14 00:00:00+00:00, run_after=2026-02-15 00:00:00+00:00
[2026-02-14T18:21:52.756+0000] {logging_mixin.py:188} INFO - [2026-02-14T18:21:52.755+0000] {dag.py:3947} INFO - Setting next_dagrun for stock_raw_moex_sber to 2026-02-14 00:00:00+00:00, run_after=2026-02-15 00:00:00+00:00
[2026-02-14T18:21:52.760+0000] {logging_mixin.py:188} INFO - [2026-02-14T18:21:52.760+0000] {dag.py:3947} INFO - Setting next_dagrun for stock_raw_msft to 2026-02-14 00:00:00+00:00, run_after=2026-02-15 00:00:00+00:00
[2026-02-14T18:21:52.763+0000] {logging_mixin.py:188} INFO - [2026-02-14T18:21:52.763+0000] {dag.py:3947} INFO - Setting next_dagrun for stock_raw_nvda to 2026-02-14 00:00:00+00:00, run_after=2026-02-15 00:00:00+00:00
[2026-02-14T18:21:52.767+0000] {logging_mixin.py:188} INFO - [2026-02-14T18:21:52.766+0000] {dag.py:3947} INFO - Setting next_dagrun for stock_raw_tsla to 2026-02-14 00:00:00+00:00, run_after=2026-02-15 00:00:00+00:00
[2026-02-14T18:21:52.795+0000] {processor.py:183} INFO - Processing /opt/airflow/dags/stocks_dwh/raw/stocks_raw_dags.py took 1.317 seconds
[2026-02-14T18:22:23.067+0000] {processor.py:161} INFO - Started process (PID=250) to work on /opt/airflow/dags/stocks_dwh/raw/stocks_raw_dags.py
[2026-02-14T18:22:23.068+0000] {processor.py:830} INFO - Processing file /opt/airflow/dags/stocks_dwh/raw/stocks_raw_dags.py for tasks to queue
[2026-02-14T18:22:23.071+0000] {logging_mixin.py:188} INFO - [2026-02-14T18:22:23.071+0000] {dagbag.py:545} INFO - Filling up the DagBag from /opt/airflow/dags/stocks_dwh/raw/stocks_raw_dags.py
[2026-02-14T18:22:24.323+0000] {processor.py:840} INFO - DAG(s) 'stock_raw_moex_sber', 'stock_raw_tsla', 'stock_raw_msft', 'stock_raw_aapl', 'stock_raw_nvda' retrieved from /opt/airflow/dags/stocks_dwh/raw/stocks_raw_dags.py
[2026-02-14T18:22:24.373+0000] {logging_mixin.py:188} INFO - [2026-02-14T18:22:24.373+0000] {dag.py:3089} INFO - Sync 5 DAGs
[2026-02-14T18:22:24.409+0000] {logging_mixin.py:188} INFO - [2026-02-14T18:22:24.408+0000] {dag.py:3947} INFO - Setting next_dagrun for stock_raw_aapl to 2026-02-14 00:00:00+00:00, run_after=2026-02-15 00:00:00+00:00
[2026-02-14T18:22:24.418+0000] {logging_mixin.py:188} INFO - [2026-02-14T18:22:24.417+0000] {dag.py:3947} INFO - Setting next_dagrun for stock_raw_moex_sber to 2026-02-14 00:00:00+00:00, run_after=2026-02-15 00:00:00+00:00
[2026-02-14T18:22:24.422+0000] {logging_mixin.py:188} INFO - [2026-02-14T18:22:24.422+0000] {dag.py:3947} INFO - Setting next_dagrun for stock_raw_msft to 2026-02-14 00:00:00+00:00, run_after=2026-02-15 00:00:00+00:00
[2026-02-14T18:22:24.427+0000] {logging_mixin.py:188} INFO - [2026-02-14T18:22:24.426+0000] {dag.py:3947} INFO - Setting next_dagrun for stock_raw_nvda to 2026-02-14 00:00:00+00:00, run_after=2026-02-15 00:00:00+00:00
[2026-02-14T18:22:24.431+0000] {logging_mixin.py:188} INFO - [2026-02-14T18:22:24.431+0000] {dag.py:3947} INFO - Setting next_dagrun for stock_raw_tsla to 2026-02-14 00:00:00+00:00, run_after=2026-02-15 00:00:00+00:00
[2026-02-14T18:22:24.463+0000] {processor.py:183} INFO - Processing /opt/airflow/dags/stocks_dwh/raw/stocks_raw_dags.py took 1.406 seconds
[2026-02-14T18:22:54.730+0000] {processor.py:161} INFO - Started process (PID=262) to work on /opt/airflow/dags/stocks_dwh/raw/stocks_raw_dags.py
[2026-02-14T18:22:54.732+0000] {processor.py:830} INFO - Processing file /opt/airflow/dags/stocks_dwh/raw/stocks_raw_dags.py for tasks to queue
[2026-02-14T18:22:54.734+0000] {logging_mixin.py:188} INFO - [2026-02-14T18:22:54.734+0000] {dagbag.py:545} INFO - Filling up the DagBag from /opt/airflow/dags/stocks_dwh/raw/stocks_raw_dags.py
[2026-02-14T18:22:55.831+0000] {processor.py:840} INFO - DAG(s) 'stock_raw_nvda', 'stock_raw_moex_sber', 'stock_raw_tsla', 'stock_raw_msft', 'stock_raw_aapl' retrieved from /opt/airflow/dags/stocks_dwh/raw/stocks_raw_dags.py
[2026-02-14T18:22:55.875+0000] {logging_mixin.py:188} INFO - [2026-02-14T18:22:55.875+0000] {dag.py:3089} INFO - Sync 5 DAGs
[2026-02-14T18:22:55.910+0000] {logging_mixin.py:188} INFO - [2026-02-14T18:22:55.910+0000] {dag.py:3947} INFO - Setting next_dagrun for stock_raw_aapl to 2026-02-14 00:00:00+00:00, run_after=2026-02-15 00:00:00+00:00
[2026-02-14T18:22:55.917+0000] {logging_mixin.py:188} INFO - [2026-02-14T18:22:55.916+0000] {dag.py:3947} INFO - Setting next_dagrun for stock_raw_moex_sber to 2026-02-14 00:00:00+00:00, run_after=2026-02-15 00:00:00+00:00
[2026-02-14T18:22:55.920+0000] {logging_mixin.py:188} INFO - [2026-02-14T18:22:55.920+0000] {dag.py:3947} INFO - Setting next_dagrun for stock_raw_msft to 2026-02-14 00:00:00+00:00, run_after=2026-02-15 00:00:00+00:00
[2026-02-14T18:22:55.923+0000] {logging_mixin.py:188} INFO - [2026-02-14T18:22:55.923+0000] {dag.py:3947} INFO - Setting next_dagrun for stock_raw_nvda to 2026-02-14 00:00:00+00:00, run_after=2026-02-15 00:00:00+00:00
[2026-02-14T18:22:55.927+0000] {logging_mixin.py:188} INFO - [2026-02-14T18:22:55.927+0000] {dag.py:3947} INFO - Setting next_dagrun for stock_raw_tsla to 2026-02-14 00:00:00+00:00, run_after=2026-02-15 00:00:00+00:00
[2026-02-14T18:22:55.950+0000] {processor.py:183} INFO - Processing /opt/airflow/dags/stocks_dwh/raw/stocks_raw_dags.py took 1.230 seconds
[2026-02-14T18:23:26.197+0000] {processor.py:161} INFO - Started process (PID=274) to work on /opt/airflow/dags/stocks_dwh/raw/stocks_raw_dags.py
[2026-02-14T18:23:26.199+0000] {processor.py:830} INFO - Processing file /opt/airflow/dags/stocks_dwh/raw/stocks_raw_dags.py for tasks to queue
[2026-02-14T18:23:26.202+0000] {logging_mixin.py:188} INFO - [2026-02-14T18:23:26.201+0000] {dagbag.py:545} INFO - Filling up the DagBag from /opt/airflow/dags/stocks_dwh/raw/stocks_raw_dags.py
[2026-02-14T18:23:27.375+0000] {processor.py:840} INFO - DAG(s) 'stock_raw_moex_sber', 'stock_raw_tsla', 'stock_raw_nvda', 'stock_raw_aapl', 'stock_raw_msft' retrieved from /opt/airflow/dags/stocks_dwh/raw/stocks_raw_dags.py
[2026-02-14T18:23:27.428+0000] {logging_mixin.py:188} INFO - [2026-02-14T18:23:27.427+0000] {dag.py:3089} INFO - Sync 5 DAGs
[2026-02-14T18:23:27.461+0000] {logging_mixin.py:188} INFO - [2026-02-14T18:23:27.461+0000] {dag.py:3947} INFO - Setting next_dagrun for stock_raw_aapl to 2026-02-14 00:00:00+00:00, run_after=2026-02-15 00:00:00+00:00
[2026-02-14T18:23:27.468+0000] {logging_mixin.py:188} INFO - [2026-02-14T18:23:27.467+0000] {dag.py:3947} INFO - Setting next_dagrun for stock_raw_moex_sber to 2026-02-14 00:00:00+00:00, run_after=2026-02-15 00:00:00+00:00
[2026-02-14T18:23:27.473+0000] {logging_mixin.py:188} INFO - [2026-02-14T18:23:27.472+0000] {dag.py:3947} INFO - Setting next_dagrun for stock_raw_msft to 2026-02-14 00:00:00+00:00, run_after=2026-02-15 00:00:00+00:00
[2026-02-14T18:23:27.477+0000] {logging_mixin.py:188} INFO - [2026-02-14T18:23:27.477+0000] {dag.py:3947} INFO - Setting next_dagrun for stock_raw_nvda to 2026-02-14 00:00:00+00:00, run_after=2026-02-15 00:00:00+00:00
[2026-02-14T18:23:27.480+0000] {logging_mixin.py:188} INFO - [2026-02-14T18:23:27.479+0000] {dag.py:3947} INFO - Setting next_dagrun for stock_raw_tsla to 2026-02-14 00:00:00+00:00, run_after=2026-02-15 00:00:00+00:00
[2026-02-14T18:23:27.506+0000] {processor.py:183} INFO - Processing /opt/airflow/dags/stocks_dwh/raw/stocks_raw_dags.py took 1.319 seconds
[2026-02-14T18:23:57.741+0000] {processor.py:161} INFO - Started process (PID=286) to work on /opt/airflow/dags/stocks_dwh/raw/stocks_raw_dags.py
[2026-02-14T18:23:57.742+0000] {processor.py:830} INFO - Processing file /opt/airflow/dags/stocks_dwh/raw/stocks_raw_dags.py for tasks to queue
[2026-02-14T18:23:57.745+0000] {logging_mixin.py:188} INFO - [2026-02-14T18:23:57.744+0000] {dagbag.py:545} INFO - Filling up the DagBag from /opt/airflow/dags/stocks_dwh/raw/stocks_raw_dags.py
[2026-02-14T18:23:58.673+0000] {processor.py:840} INFO - DAG(s) 'stock_raw_aapl', 'stock_raw_nvda', 'stock_raw_moex_sber', 'stock_raw_msft', 'stock_raw_tsla' retrieved from /opt/airflow/dags/stocks_dwh/raw/stocks_raw_dags.py
[2026-02-14T18:23:58.704+0000] {logging_mixin.py:188} INFO - [2026-02-14T18:23:58.703+0000] {dag.py:3089} INFO - Sync 5 DAGs
[2026-02-14T18:23:58.726+0000] {logging_mixin.py:188} INFO - [2026-02-14T18:23:58.725+0000] {dag.py:3947} INFO - Setting next_dagrun for stock_raw_aapl to 2026-02-14 00:00:00+00:00, run_after=2026-02-15 00:00:00+00:00
[2026-02-14T18:23:58.730+0000] {logging_mixin.py:188} INFO - [2026-02-14T18:23:58.730+0000] {dag.py:3947} INFO - Setting next_dagrun for stock_raw_moex_sber to 2026-02-14 00:00:00+00:00, run_after=2026-02-15 00:00:00+00:00
[2026-02-14T18:23:58.733+0000] {logging_mixin.py:188} INFO - [2026-02-14T18:23:58.733+0000] {dag.py:3947} INFO - Setting next_dagrun for stock_raw_msft to 2026-02-14 00:00:00+00:00, run_after=2026-02-15 00:00:00+00:00
[2026-02-14T18:23:58.736+0000] {logging_mixin.py:188} INFO - [2026-02-14T18:23:58.735+0000] {dag.py:3947} INFO - Setting next_dagrun for stock_raw_nvda to 2026-02-14 00:00:00+00:00, run_after=2026-02-15 00:00:00+00:00
[2026-02-14T18:23:58.738+0000] {logging_mixin.py:188} INFO - [2026-02-14T18:23:58.737+0000] {dag.py:3947} INFO - Setting next_dagrun for stock_raw_tsla to 2026-02-14 00:00:00+00:00, run_after=2026-02-15 00:00:00+00:00
[2026-02-14T18:23:58.755+0000] {processor.py:183} INFO - Processing /opt/airflow/dags/stocks_dwh/raw/stocks_raw_dags.py took 1.020 seconds
