[2026-02-09T10:13:20.962+0000] {local_task_job_runner.py:120} INFO - ::group::Pre task execution logs
[2026-02-09T10:13:20.990+0000] {taskinstance.py:2076} INFO - Dependencies all met for dep_context=non-requeueable deps ti=<TaskInstance: stock_raw_aapl.download_and_load_raw scheduled__2024-05-12T00:00:00+00:00 [queued]>
[2026-02-09T10:13:20.999+0000] {taskinstance.py:2076} INFO - Dependencies all met for dep_context=requeueable deps ti=<TaskInstance: stock_raw_aapl.download_and_load_raw scheduled__2024-05-12T00:00:00+00:00 [queued]>
[2026-02-09T10:13:21.000+0000] {taskinstance.py:2306} INFO - Starting attempt 1 of 1
[2026-02-09T10:13:21.013+0000] {taskinstance.py:2330} INFO - Executing <Task(PythonOperator): download_and_load_raw> on 2024-05-12 00:00:00+00:00
[2026-02-09T10:13:21.025+0000] {logging_mixin.py:188} WARNING - /home/***/.local/lib/python3.12/site-packages/***/task/task_runner/standard_task_runner.py:62 DeprecationWarning: This process (pid=3775) is multi-threaded, use of fork() may lead to deadlocks in the child.
[2026-02-09T10:13:21.025+0000] {standard_task_runner.py:90} INFO - Running: ['***', 'tasks', 'run', 'stock_raw_aapl', 'download_and_load_raw', 'scheduled__2024-05-12T00:00:00+00:00', '--job-id', '3482', '--raw', '--subdir', 'DAGS_FOLDER/stocks_dwh/raw/stocks_raw_dags.py', '--cfg-path', '/tmp/tmpw3fjmn0q']
[2026-02-09T10:13:21.029+0000] {standard_task_runner.py:64} INFO - Started process 3784 to run task
[2026-02-09T10:13:21.029+0000] {standard_task_runner.py:91} INFO - Job 3482: Subtask download_and_load_raw
[2026-02-09T10:13:21.091+0000] {task_command.py:426} INFO - Running <TaskInstance: stock_raw_aapl.download_and_load_raw scheduled__2024-05-12T00:00:00+00:00 [running]> on host b6b9e92e7d61
[2026-02-09T10:13:21.180+0000] {taskinstance.py:2648} INFO - Exporting env vars: AIRFLOW_CTX_DAG_OWNER='***' AIRFLOW_CTX_DAG_ID='stock_raw_aapl' AIRFLOW_CTX_TASK_ID='download_and_load_raw' AIRFLOW_CTX_EXECUTION_DATE='2024-05-12T00:00:00+00:00' AIRFLOW_CTX_TRY_NUMBER='1' AIRFLOW_CTX_DAG_RUN_ID='scheduled__2024-05-12T00:00:00+00:00'
[2026-02-09T10:13:21.181+0000] {taskinstance.py:430} INFO - ::endgroup::
[2026-02-09T10:13:21.193+0000] {logging_mixin.py:188} INFO - [RAW] Download AAPL [1d] 2024-05-12..2024-05-13
[2026-02-09T10:13:21.195+0000] {logging_mixin.py:188} WARNING - /opt/***/dags/stocks_dwh/raw/stocks_raw_dags.py:38 FutureWarning: YF.download() has changed argument auto_adjust default to True
[2026-02-09T10:13:21.203+0000] {logging_mixin.py:188} WARNING - /home/***/.local/lib/python3.12/site-packages/yfinance/scrapers/history.py:204 Pandas4Warning: Timestamp.utcnow is deprecated and will be removed in a future version. Use Timestamp.now('UTC') instead.
[2026-02-09T10:13:21.683+0000] {multi.py:185} ERROR - 
1 Failed download:
[2026-02-09T10:13:21.684+0000] {multi.py:198} ERROR - ['AAPL']: YFPricesMissingError('possibly delisted; no price data found  (1d 2024-05-12 -> 2024-05-13)')
[2026-02-09T10:13:21.699+0000] {logging_mixin.py:188} INFO - [RAW] No data from yfinance
[2026-02-09T10:13:21.699+0000] {python.py:237} INFO - Done. Returned value was: None
[2026-02-09T10:13:21.700+0000] {taskinstance.py:441} INFO - ::group::Post task execution logs
[2026-02-09T10:13:21.709+0000] {taskinstance.py:1206} INFO - Marking task as SUCCESS. dag_id=stock_raw_aapl, task_id=download_and_load_raw, run_id=scheduled__2024-05-12T00:00:00+00:00, execution_date=20240512T000000, start_date=20260209T101320, end_date=20260209T101321
[2026-02-09T10:13:21.765+0000] {local_task_job_runner.py:243} INFO - Task exited with return code 0
[2026-02-09T10:13:21.785+0000] {taskinstance.py:3503} INFO - 0 downstream tasks scheduled from follow-on schedule check
[2026-02-09T10:13:21.787+0000] {local_task_job_runner.py:222} INFO - ::endgroup::
[2026-02-09T12:17:06.964+0000] {local_task_job_runner.py:120} INFO - ::group::Pre task execution logs
[2026-02-09T12:17:06.994+0000] {taskinstance.py:2076} INFO - Dependencies all met for dep_context=non-requeueable deps ti=<TaskInstance: stock_raw_aapl.download_and_load_raw scheduled__2024-05-12T00:00:00+00:00 [queued]>
[2026-02-09T12:17:07.002+0000] {taskinstance.py:2076} INFO - Dependencies all met for dep_context=requeueable deps ti=<TaskInstance: stock_raw_aapl.download_and_load_raw scheduled__2024-05-12T00:00:00+00:00 [queued]>
[2026-02-09T12:17:07.002+0000] {taskinstance.py:2306} INFO - Starting attempt 1 of 1
[2026-02-09T12:17:07.016+0000] {taskinstance.py:2330} INFO - Executing <Task(PythonOperator): download_and_load_raw> on 2024-05-12 00:00:00+00:00
[2026-02-09T12:17:07.027+0000] {logging_mixin.py:188} WARNING - /home/***/.local/lib/python3.12/site-packages/***/task/task_runner/standard_task_runner.py:62 DeprecationWarning: This process (pid=14602) is multi-threaded, use of fork() may lead to deadlocks in the child.
[2026-02-09T12:17:07.029+0000] {standard_task_runner.py:64} INFO - Started process 14605 to run task
[2026-02-09T12:17:07.027+0000] {standard_task_runner.py:90} INFO - Running: ['***', 'tasks', 'run', 'stock_raw_aapl', 'download_and_load_raw', 'scheduled__2024-05-12T00:00:00+00:00', '--job-id', '7016', '--raw', '--subdir', 'DAGS_FOLDER/stocks_dwh/raw/stocks_raw_dags.py', '--cfg-path', '/tmp/tmpin8__qvn']
[2026-02-09T12:17:07.030+0000] {standard_task_runner.py:91} INFO - Job 7016: Subtask download_and_load_raw
[2026-02-09T12:17:07.091+0000] {task_command.py:426} INFO - Running <TaskInstance: stock_raw_aapl.download_and_load_raw scheduled__2024-05-12T00:00:00+00:00 [running]> on host 4886d37bc122
[2026-02-09T12:17:07.178+0000] {taskinstance.py:2648} INFO - Exporting env vars: AIRFLOW_CTX_DAG_OWNER='***' AIRFLOW_CTX_DAG_ID='stock_raw_aapl' AIRFLOW_CTX_TASK_ID='download_and_load_raw' AIRFLOW_CTX_EXECUTION_DATE='2024-05-12T00:00:00+00:00' AIRFLOW_CTX_TRY_NUMBER='1' AIRFLOW_CTX_DAG_RUN_ID='scheduled__2024-05-12T00:00:00+00:00'
[2026-02-09T12:17:07.179+0000] {taskinstance.py:430} INFO - ::endgroup::
[2026-02-09T12:17:07.190+0000] {stocks_raw_dags.py:37} INFO - 2024-05-12 00:00:00+00:00, 2024-05-13 00:00:00+00:00
[2026-02-09T12:17:07.191+0000] {logging_mixin.py:188} INFO - [RAW] Download AAPL [1d] 2024-05-11..2024-05-13
[2026-02-09T12:17:07.193+0000] {logging_mixin.py:188} WARNING - /opt/***/dags/stocks_dwh/raw/stocks_raw_dags.py:42 FutureWarning: YF.download() has changed argument auto_adjust default to True
[2026-02-09T12:17:07.202+0000] {logging_mixin.py:188} WARNING - /home/***/.local/lib/python3.12/site-packages/yfinance/scrapers/history.py:204 Pandas4Warning: Timestamp.utcnow is deprecated and will be removed in a future version. Use Timestamp.now('UTC') instead.
[2026-02-09T12:17:07.714+0000] {logging_mixin.py:188} WARNING - [*********************100%***********************]  1 of 1 completed
[2026-02-09T12:17:07.714+0000] {multi.py:185} ERROR - 
1 Failed download:
[2026-02-09T12:17:07.715+0000] {multi.py:198} ERROR - ['AAPL']: YFPricesMissingError('possibly delisted; no price data found  (1d 2024-05-11 -> 2024-05-13)')
[2026-02-09T12:17:07.731+0000] {logging_mixin.py:188} INFO - [RAW] No data from yfinance
[2026-02-09T12:17:07.732+0000] {python.py:237} INFO - Done. Returned value was: None
[2026-02-09T12:17:07.732+0000] {taskinstance.py:441} INFO - ::group::Post task execution logs
[2026-02-09T12:17:07.743+0000] {taskinstance.py:1206} INFO - Marking task as SUCCESS. dag_id=stock_raw_aapl, task_id=download_and_load_raw, run_id=scheduled__2024-05-12T00:00:00+00:00, execution_date=20240512T000000, start_date=20260209T121706, end_date=20260209T121707
[2026-02-09T12:17:07.805+0000] {local_task_job_runner.py:243} INFO - Task exited with return code 0
[2026-02-09T12:17:07.828+0000] {taskinstance.py:3503} INFO - 0 downstream tasks scheduled from follow-on schedule check
[2026-02-09T12:17:07.830+0000] {local_task_job_runner.py:222} INFO - ::endgroup::
