[2026-02-06T14:12:13.994+0000] {local_task_job_runner.py:120} INFO - ::group::Pre task execution logs
[2026-02-06T14:12:14.043+0000] {taskinstance.py:2076} INFO - Dependencies all met for dep_context=non-requeueable deps ti=<TaskInstance: my_dag.task_1 scheduled__2026-01-01T00:00:00+00:00 [queued]>
[2026-02-06T14:12:14.054+0000] {taskinstance.py:2076} INFO - Dependencies all met for dep_context=requeueable deps ti=<TaskInstance: my_dag.task_1 scheduled__2026-01-01T00:00:00+00:00 [queued]>
[2026-02-06T14:12:14.056+0000] {taskinstance.py:2306} INFO - Starting attempt 1 of 1
[2026-02-06T14:12:14.070+0000] {taskinstance.py:2330} INFO - Executing <Task(PythonOperator): task_1> on 2026-01-01 00:00:00+00:00
[2026-02-06T14:12:14.083+0000] {logging_mixin.py:188} WARNING - /home/***/.local/lib/python3.12/site-packages/***/task/task_runner/standard_task_runner.py:62 DeprecationWarning: This process (pid=987) is multi-threaded, use of fork() may lead to deadlocks in the child.
[2026-02-06T14:12:14.083+0000] {standard_task_runner.py:90} INFO - Running: ['***', 'tasks', 'run', 'my_dag', 'task_1', 'scheduled__2026-01-01T00:00:00+00:00', '--job-id', '3', '--raw', '--subdir', 'DAGS_FOLDER/dag.py', '--cfg-path', '/tmp/tmpxm2jtmj0']
[2026-02-06T14:12:14.086+0000] {standard_task_runner.py:64} INFO - Started process 992 to run task
[2026-02-06T14:12:14.086+0000] {standard_task_runner.py:91} INFO - Job 3: Subtask task_1
[2026-02-06T14:12:14.209+0000] {task_command.py:426} INFO - Running <TaskInstance: my_dag.task_1 scheduled__2026-01-01T00:00:00+00:00 [running]> on host 6f0f650196f7
[2026-02-06T14:12:14.413+0000] {taskinstance.py:2648} INFO - Exporting env vars: AIRFLOW_CTX_DAG_OWNER='***' AIRFLOW_CTX_DAG_ID='my_dag' AIRFLOW_CTX_TASK_ID='task_1' AIRFLOW_CTX_EXECUTION_DATE='2026-01-01T00:00:00+00:00' AIRFLOW_CTX_TRY_NUMBER='1' AIRFLOW_CTX_DAG_RUN_ID='scheduled__2026-01-01T00:00:00+00:00'
[2026-02-06T14:12:14.415+0000] {taskinstance.py:430} INFO - ::endgroup::
[2026-02-06T14:12:14.483+0000] {taskinstance.py:441} INFO - ::group::Post task execution logs
[2026-02-06T14:12:14.484+0000] {taskinstance.py:2905} ERROR - Task failed with exception
Traceback (most recent call last):
  File "/home/airflow/.local/lib/python3.12/site-packages/airflow/models/taskinstance.py", line 465, in _execute_task
    result = _execute_callable(context=context, **execute_callable_kwargs)
             ^^^^^^^^^^^^^^^^^^^^^^^^^^^^^^^^^^^^^^^^^^^^^^^^^^^^^^^^^^^^^
  File "/home/airflow/.local/lib/python3.12/site-packages/airflow/models/taskinstance.py", line 432, in _execute_callable
    return execute_callable(context=context, **execute_callable_kwargs)
           ^^^^^^^^^^^^^^^^^^^^^^^^^^^^^^^^^^^^^^^^^^^^^^^^^^^^^^^^^^^^
  File "/home/airflow/.local/lib/python3.12/site-packages/airflow/models/baseoperator.py", line 401, in wrapper
    return func(self, *args, **kwargs)
           ^^^^^^^^^^^^^^^^^^^^^^^^^^^
  File "/home/airflow/.local/lib/python3.12/site-packages/airflow/operators/python.py", line 235, in execute
    return_value = self.execute_callable()
                   ^^^^^^^^^^^^^^^^^^^^^^^
  File "/home/airflow/.local/lib/python3.12/site-packages/airflow/operators/python.py", line 252, in execute_callable
    return self.python_callable(*self.op_args, **self.op_kwargs)
           ^^^^^^^^^^^^^^^^^^^^^^^^^^^^^^^^^^^^^^^^^^^^^^^^^^^^^
  File "/opt/airflow/dags/dag.py", line 10, in get_data
    data = yf.download("AAPL", start="2026-01-01", end="2026-01-31")
           ^^
NameError: name 'yf' is not defined
[2026-02-06T14:12:14.517+0000] {taskinstance.py:1206} INFO - Marking task as FAILED. dag_id=my_dag, task_id=task_1, run_id=scheduled__2026-01-01T00:00:00+00:00, execution_date=20260101T000000, start_date=20260206T141214, end_date=20260206T141214
[2026-02-06T14:12:14.575+0000] {standard_task_runner.py:110} ERROR - Failed to execute job 3 for task task_1 (name 'yf' is not defined; 992)
[2026-02-06T14:12:14.624+0000] {local_task_job_runner.py:243} INFO - Task exited with return code 1
[2026-02-06T14:12:14.650+0000] {local_task_job_runner.py:222} INFO - ::endgroup::
[2026-02-07T14:16:33.109+0000] {local_task_job_runner.py:120} INFO - ::group::Pre task execution logs
[2026-02-07T14:16:33.156+0000] {taskinstance.py:2076} INFO - Dependencies all met for dep_context=non-requeueable deps ti=<TaskInstance: my_dag.task_1 scheduled__2026-01-01T00:00:00+00:00 [queued]>
[2026-02-07T14:16:33.169+0000] {taskinstance.py:2076} INFO - Dependencies all met for dep_context=requeueable deps ti=<TaskInstance: my_dag.task_1 scheduled__2026-01-01T00:00:00+00:00 [queued]>
[2026-02-07T14:16:33.169+0000] {taskinstance.py:2306} INFO - Starting attempt 1 of 1
[2026-02-07T14:16:33.194+0000] {taskinstance.py:2330} INFO - Executing <Task(PythonOperator): task_1> on 2026-01-01 00:00:00+00:00
[2026-02-07T14:16:33.214+0000] {logging_mixin.py:188} WARNING - /home/***/.local/lib/python3.12/site-packages/***/task/task_runner/standard_task_runner.py:62 DeprecationWarning: This process (pid=260) is multi-threaded, use of fork() may lead to deadlocks in the child.
[2026-02-07T14:16:33.214+0000] {standard_task_runner.py:90} INFO - Running: ['***', 'tasks', 'run', 'my_dag', 'task_1', 'scheduled__2026-01-01T00:00:00+00:00', '--job-id', '3', '--raw', '--subdir', 'DAGS_FOLDER/dag.py', '--cfg-path', '/tmp/tmpozya_yzr']
[2026-02-07T14:16:33.218+0000] {standard_task_runner.py:91} INFO - Job 3: Subtask task_1
[2026-02-07T14:16:33.218+0000] {standard_task_runner.py:64} INFO - Started process 282 to run task
[2026-02-07T14:16:33.335+0000] {task_command.py:426} INFO - Running <TaskInstance: my_dag.task_1 scheduled__2026-01-01T00:00:00+00:00 [running]> on host 5adf8c44a70f
[2026-02-07T14:16:33.491+0000] {taskinstance.py:2648} INFO - Exporting env vars: AIRFLOW_CTX_DAG_OWNER='***' AIRFLOW_CTX_DAG_ID='my_dag' AIRFLOW_CTX_TASK_ID='task_1' AIRFLOW_CTX_EXECUTION_DATE='2026-01-01T00:00:00+00:00' AIRFLOW_CTX_TRY_NUMBER='1' AIRFLOW_CTX_DAG_RUN_ID='scheduled__2026-01-01T00:00:00+00:00'
[2026-02-07T14:16:33.494+0000] {taskinstance.py:430} INFO - ::endgroup::
[2026-02-07T14:16:33.561+0000] {logging_mixin.py:188} WARNING - /opt/***/dags/dag.py:11 FutureWarning: YF.download() has changed argument auto_adjust default to True
[2026-02-07T14:16:34.535+0000] {logging_mixin.py:188} WARNING - /home/***/.local/lib/python3.12/site-packages/yfinance/scrapers/history.py:204 Pandas4Warning: Timestamp.utcnow is deprecated and will be removed in a future version. Use Timestamp.now('UTC') instead.
[2026-02-07T14:16:34.700+0000] {logging_mixin.py:188} WARNING - [*********************100%***********************]  1 of 1 completed
[2026-02-07T14:16:34.724+0000] {python.py:237} INFO - Done. Returned value was: None
[2026-02-07T14:16:34.727+0000] {taskinstance.py:441} INFO - ::group::Post task execution logs
[2026-02-07T14:16:34.751+0000] {taskinstance.py:1206} INFO - Marking task as SUCCESS. dag_id=my_dag, task_id=task_1, run_id=scheduled__2026-01-01T00:00:00+00:00, execution_date=20260101T000000, start_date=20260207T141633, end_date=20260207T141634
[2026-02-07T14:16:34.825+0000] {local_task_job_runner.py:243} INFO - Task exited with return code 0
[2026-02-07T14:16:34.853+0000] {taskinstance.py:3503} INFO - 0 downstream tasks scheduled from follow-on schedule check
[2026-02-07T14:16:34.864+0000] {local_task_job_runner.py:222} INFO - ::endgroup::
