[2026-02-09T10:30:23.213+0000] {local_task_job_runner.py:120} INFO - ::group::Pre task execution logs
[2026-02-09T10:30:23.245+0000] {taskinstance.py:2076} INFO - Dependencies all met for dep_context=non-requeueable deps ti=<TaskInstance: stock_raw_aapl.download_and_load_raw scheduled__2025-02-16T00:00:00+00:00 [queued]>
[2026-02-09T10:30:23.254+0000] {taskinstance.py:2076} INFO - Dependencies all met for dep_context=requeueable deps ti=<TaskInstance: stock_raw_aapl.download_and_load_raw scheduled__2025-02-16T00:00:00+00:00 [queued]>
[2026-02-09T10:30:23.255+0000] {taskinstance.py:2306} INFO - Starting attempt 1 of 1
[2026-02-09T10:30:23.269+0000] {taskinstance.py:2330} INFO - Executing <Task(PythonOperator): download_and_load_raw> on 2025-02-16 00:00:00+00:00
[2026-02-09T10:30:23.283+0000] {logging_mixin.py:188} WARNING - /home/***/.local/lib/python3.12/site-packages/***/task/task_runner/standard_task_runner.py:62 DeprecationWarning: This process (pid=3459) is multi-threaded, use of fork() may lead to deadlocks in the child.
[2026-02-09T10:30:23.285+0000] {standard_task_runner.py:64} INFO - Started process 3469 to run task
[2026-02-09T10:30:23.283+0000] {standard_task_runner.py:90} INFO - Running: ['***', 'tasks', 'run', 'stock_raw_aapl', 'download_and_load_raw', 'scheduled__2025-02-16T00:00:00+00:00', '--job-id', '4874', '--raw', '--subdir', 'DAGS_FOLDER/stocks_dwh/raw/stocks_raw_dags.py', '--cfg-path', '/tmp/tmpky4jlay1']
[2026-02-09T10:30:23.287+0000] {standard_task_runner.py:91} INFO - Job 4874: Subtask download_and_load_raw
[2026-02-09T10:30:23.354+0000] {task_command.py:426} INFO - Running <TaskInstance: stock_raw_aapl.download_and_load_raw scheduled__2025-02-16T00:00:00+00:00 [running]> on host 4886d37bc122
[2026-02-09T10:30:23.458+0000] {taskinstance.py:2648} INFO - Exporting env vars: AIRFLOW_CTX_DAG_OWNER='***' AIRFLOW_CTX_DAG_ID='stock_raw_aapl' AIRFLOW_CTX_TASK_ID='download_and_load_raw' AIRFLOW_CTX_EXECUTION_DATE='2025-02-16T00:00:00+00:00' AIRFLOW_CTX_TRY_NUMBER='1' AIRFLOW_CTX_DAG_RUN_ID='scheduled__2025-02-16T00:00:00+00:00'
[2026-02-09T10:30:23.460+0000] {taskinstance.py:430} INFO - ::endgroup::
[2026-02-09T10:30:23.473+0000] {logging_mixin.py:188} INFO - [RAW] Download AAPL [1d] 2025-02-16..2025-02-17
[2026-02-09T10:30:23.478+0000] {logging_mixin.py:188} WARNING - /opt/***/dags/stocks_dwh/raw/stocks_raw_dags.py:38 FutureWarning: YF.download() has changed argument auto_adjust default to True
[2026-02-09T10:30:23.489+0000] {logging_mixin.py:188} WARNING - /home/***/.local/lib/python3.12/site-packages/yfinance/scrapers/history.py:204 Pandas4Warning: Timestamp.utcnow is deprecated and will be removed in a future version. Use Timestamp.now('UTC') instead.
[2026-02-09T10:30:23.990+0000] {multi.py:185} ERROR - 
1 Failed download:
[2026-02-09T10:30:23.992+0000] {multi.py:198} ERROR - ['AAPL']: YFPricesMissingError('possibly delisted; no price data found  (1d 2025-02-16 -> 2025-02-17)')
[2026-02-09T10:30:24.011+0000] {logging_mixin.py:188} INFO - [RAW] No data from yfinance
[2026-02-09T10:30:24.012+0000] {python.py:237} INFO - Done. Returned value was: None
[2026-02-09T10:30:24.013+0000] {taskinstance.py:441} INFO - ::group::Post task execution logs
[2026-02-09T10:30:24.028+0000] {taskinstance.py:1206} INFO - Marking task as SUCCESS. dag_id=stock_raw_aapl, task_id=download_and_load_raw, run_id=scheduled__2025-02-16T00:00:00+00:00, execution_date=20250216T000000, start_date=20260209T103023, end_date=20260209T103024
[2026-02-09T10:30:24.101+0000] {local_task_job_runner.py:243} INFO - Task exited with return code 0
[2026-02-09T10:30:24.126+0000] {taskinstance.py:3503} INFO - 0 downstream tasks scheduled from follow-on schedule check
[2026-02-09T10:30:24.128+0000] {local_task_job_runner.py:222} INFO - ::endgroup::
[2026-02-09T12:32:13.635+0000] {local_task_job_runner.py:120} INFO - ::group::Pre task execution logs
[2026-02-09T12:32:13.667+0000] {taskinstance.py:2076} INFO - Dependencies all met for dep_context=non-requeueable deps ti=<TaskInstance: stock_raw_aapl.download_and_load_raw scheduled__2025-02-16T00:00:00+00:00 [queued]>
[2026-02-09T12:32:13.676+0000] {taskinstance.py:2076} INFO - Dependencies all met for dep_context=requeueable deps ti=<TaskInstance: stock_raw_aapl.download_and_load_raw scheduled__2025-02-16T00:00:00+00:00 [queued]>
[2026-02-09T12:32:13.677+0000] {taskinstance.py:2306} INFO - Starting attempt 1 of 1
[2026-02-09T12:32:13.689+0000] {taskinstance.py:2330} INFO - Executing <Task(PythonOperator): download_and_load_raw> on 2025-02-16 00:00:00+00:00
[2026-02-09T12:32:13.704+0000] {logging_mixin.py:188} WARNING - /home/***/.local/lib/python3.12/site-packages/***/task/task_runner/standard_task_runner.py:62 DeprecationWarning: This process (pid=17202) is multi-threaded, use of fork() may lead to deadlocks in the child.
[2026-02-09T12:32:13.706+0000] {standard_task_runner.py:64} INFO - Started process 17206 to run task
[2026-02-09T12:32:13.704+0000] {standard_task_runner.py:90} INFO - Running: ['***', 'tasks', 'run', 'stock_raw_aapl', 'download_and_load_raw', 'scheduled__2025-02-16T00:00:00+00:00', '--job-id', '7576', '--raw', '--subdir', 'DAGS_FOLDER/stocks_dwh/raw/stocks_raw_dags.py', '--cfg-path', '/tmp/tmpe4vg0mrk']
[2026-02-09T12:32:13.707+0000] {standard_task_runner.py:91} INFO - Job 7576: Subtask download_and_load_raw
[2026-02-09T12:32:13.771+0000] {task_command.py:426} INFO - Running <TaskInstance: stock_raw_aapl.download_and_load_raw scheduled__2025-02-16T00:00:00+00:00 [running]> on host 4886d37bc122
[2026-02-09T12:32:13.858+0000] {taskinstance.py:2648} INFO - Exporting env vars: AIRFLOW_CTX_DAG_OWNER='***' AIRFLOW_CTX_DAG_ID='stock_raw_aapl' AIRFLOW_CTX_TASK_ID='download_and_load_raw' AIRFLOW_CTX_EXECUTION_DATE='2025-02-16T00:00:00+00:00' AIRFLOW_CTX_TRY_NUMBER='1' AIRFLOW_CTX_DAG_RUN_ID='scheduled__2025-02-16T00:00:00+00:00'
[2026-02-09T12:32:13.860+0000] {taskinstance.py:430} INFO - ::endgroup::
[2026-02-09T12:32:13.870+0000] {stocks_raw_dags.py:37} INFO - 2025-02-16 00:00:00+00:00, 2025-02-17 00:00:00+00:00
[2026-02-09T12:32:13.871+0000] {logging_mixin.py:188} INFO - [RAW] Download AAPL [1d] 2025-02-15..2025-02-17
[2026-02-09T12:32:13.873+0000] {logging_mixin.py:188} WARNING - /opt/***/dags/stocks_dwh/raw/stocks_raw_dags.py:42 FutureWarning: YF.download() has changed argument auto_adjust default to True
[2026-02-09T12:32:13.883+0000] {logging_mixin.py:188} WARNING - /home/***/.local/lib/python3.12/site-packages/yfinance/scrapers/history.py:204 Pandas4Warning: Timestamp.utcnow is deprecated and will be removed in a future version. Use Timestamp.now('UTC') instead.
[2026-02-09T12:32:15.718+0000] {logging_mixin.py:188} WARNING - [*********************100%***********************]  1 of 1 completed
[2026-02-09T12:32:15.719+0000] {multi.py:185} ERROR - 
1 Failed download:
[2026-02-09T12:32:15.720+0000] {multi.py:198} ERROR - ['AAPL']: YFPricesMissingError('possibly delisted; no price data found  (1d 2025-02-15 -> 2025-02-17)')
[2026-02-09T12:32:15.736+0000] {logging_mixin.py:188} INFO - [RAW] No data from yfinance
[2026-02-09T12:32:15.737+0000] {python.py:237} INFO - Done. Returned value was: None
[2026-02-09T12:32:15.738+0000] {taskinstance.py:441} INFO - ::group::Post task execution logs
[2026-02-09T12:32:15.750+0000] {taskinstance.py:1206} INFO - Marking task as SUCCESS. dag_id=stock_raw_aapl, task_id=download_and_load_raw, run_id=scheduled__2025-02-16T00:00:00+00:00, execution_date=20250216T000000, start_date=20260209T123213, end_date=20260209T123215
[2026-02-09T12:32:15.806+0000] {local_task_job_runner.py:243} INFO - Task exited with return code 0
[2026-02-09T12:32:15.827+0000] {taskinstance.py:3503} INFO - 0 downstream tasks scheduled from follow-on schedule check
[2026-02-09T12:32:15.829+0000] {local_task_job_runner.py:222} INFO - ::endgroup::
