[2026-02-09T10:09:45.816+0000] {local_task_job_runner.py:120} INFO - ::group::Pre task execution logs
[2026-02-09T10:09:45.847+0000] {taskinstance.py:2076} INFO - Dependencies all met for dep_context=non-requeueable deps ti=<TaskInstance: stock_raw_aapl.download_and_load_raw scheduled__2024-03-10T00:00:00+00:00 [queued]>
[2026-02-09T10:09:45.856+0000] {taskinstance.py:2076} INFO - Dependencies all met for dep_context=requeueable deps ti=<TaskInstance: stock_raw_aapl.download_and_load_raw scheduled__2024-03-10T00:00:00+00:00 [queued]>
[2026-02-09T10:09:45.857+0000] {taskinstance.py:2306} INFO - Starting attempt 1 of 1
[2026-02-09T10:09:45.871+0000] {taskinstance.py:2330} INFO - Executing <Task(PythonOperator): download_and_load_raw> on 2024-03-10 00:00:00+00:00
[2026-02-09T10:09:45.888+0000] {logging_mixin.py:188} WARNING - /home/***/.local/lib/python3.12/site-packages/***/task/task_runner/standard_task_runner.py:62 DeprecationWarning: This process (pid=2448) is multi-threaded, use of fork() may lead to deadlocks in the child.
[2026-02-09T10:09:45.890+0000] {standard_task_runner.py:64} INFO - Started process 2457 to run task
[2026-02-09T10:09:45.888+0000] {standard_task_runner.py:90} INFO - Running: ['***', 'tasks', 'run', 'stock_raw_aapl', 'download_and_load_raw', 'scheduled__2024-03-10T00:00:00+00:00', '--job-id', '3173', '--raw', '--subdir', 'DAGS_FOLDER/stocks_dwh/raw/stocks_raw_dags.py', '--cfg-path', '/tmp/tmp5stxs8_z']
[2026-02-09T10:09:45.891+0000] {standard_task_runner.py:91} INFO - Job 3173: Subtask download_and_load_raw
[2026-02-09T10:09:45.969+0000] {task_command.py:426} INFO - Running <TaskInstance: stock_raw_aapl.download_and_load_raw scheduled__2024-03-10T00:00:00+00:00 [running]> on host b6b9e92e7d61
[2026-02-09T10:09:46.092+0000] {taskinstance.py:2648} INFO - Exporting env vars: AIRFLOW_CTX_DAG_OWNER='***' AIRFLOW_CTX_DAG_ID='stock_raw_aapl' AIRFLOW_CTX_TASK_ID='download_and_load_raw' AIRFLOW_CTX_EXECUTION_DATE='2024-03-10T00:00:00+00:00' AIRFLOW_CTX_TRY_NUMBER='1' AIRFLOW_CTX_DAG_RUN_ID='scheduled__2024-03-10T00:00:00+00:00'
[2026-02-09T10:09:46.094+0000] {taskinstance.py:430} INFO - ::endgroup::
[2026-02-09T10:09:46.109+0000] {logging_mixin.py:188} INFO - [RAW] Download AAPL [1d] 2024-03-10..2024-03-11
[2026-02-09T10:09:46.112+0000] {logging_mixin.py:188} WARNING - /opt/***/dags/stocks_dwh/raw/stocks_raw_dags.py:38 FutureWarning: YF.download() has changed argument auto_adjust default to True
[2026-02-09T10:09:46.124+0000] {logging_mixin.py:188} WARNING - /home/***/.local/lib/python3.12/site-packages/yfinance/scrapers/history.py:204 Pandas4Warning: Timestamp.utcnow is deprecated and will be removed in a future version. Use Timestamp.now('UTC') instead.
[2026-02-09T10:09:46.612+0000] {multi.py:185} ERROR - 
1 Failed download:
[2026-02-09T10:09:46.613+0000] {multi.py:198} ERROR - ['AAPL']: YFPricesMissingError('possibly delisted; no price data found  (1d 2024-03-10 -> 2024-03-11)')
[2026-02-09T10:09:46.626+0000] {logging_mixin.py:188} INFO - [RAW] No data from yfinance
[2026-02-09T10:09:46.626+0000] {python.py:237} INFO - Done. Returned value was: None
[2026-02-09T10:09:46.628+0000] {taskinstance.py:441} INFO - ::group::Post task execution logs
[2026-02-09T10:09:46.639+0000] {taskinstance.py:1206} INFO - Marking task as SUCCESS. dag_id=stock_raw_aapl, task_id=download_and_load_raw, run_id=scheduled__2024-03-10T00:00:00+00:00, execution_date=20240310T000000, start_date=20260209T100945, end_date=20260209T100946
[2026-02-09T10:09:46.706+0000] {local_task_job_runner.py:243} INFO - Task exited with return code 0
[2026-02-09T10:09:46.725+0000] {taskinstance.py:3503} INFO - 0 downstream tasks scheduled from follow-on schedule check
[2026-02-09T10:09:46.727+0000] {local_task_job_runner.py:222} INFO - ::endgroup::
[2026-02-09T12:13:47.100+0000] {local_task_job_runner.py:120} INFO - ::group::Pre task execution logs
[2026-02-09T12:13:47.130+0000] {taskinstance.py:2076} INFO - Dependencies all met for dep_context=non-requeueable deps ti=<TaskInstance: stock_raw_aapl.download_and_load_raw scheduled__2024-03-10T00:00:00+00:00 [queued]>
[2026-02-09T12:13:47.136+0000] {taskinstance.py:2076} INFO - Dependencies all met for dep_context=requeueable deps ti=<TaskInstance: stock_raw_aapl.download_and_load_raw scheduled__2024-03-10T00:00:00+00:00 [queued]>
[2026-02-09T12:13:47.137+0000] {taskinstance.py:2306} INFO - Starting attempt 1 of 1
[2026-02-09T12:13:47.148+0000] {taskinstance.py:2330} INFO - Executing <Task(PythonOperator): download_and_load_raw> on 2024-03-10 00:00:00+00:00
[2026-02-09T12:13:47.160+0000] {logging_mixin.py:188} WARNING - /home/***/.local/lib/python3.12/site-packages/***/task/task_runner/standard_task_runner.py:62 DeprecationWarning: This process (pid=14015) is multi-threaded, use of fork() may lead to deadlocks in the child.
[2026-02-09T12:13:47.161+0000] {standard_task_runner.py:64} INFO - Started process 14019 to run task
[2026-02-09T12:13:47.160+0000] {standard_task_runner.py:90} INFO - Running: ['***', 'tasks', 'run', 'stock_raw_aapl', 'download_and_load_raw', 'scheduled__2024-03-10T00:00:00+00:00', '--job-id', '6889', '--raw', '--subdir', 'DAGS_FOLDER/stocks_dwh/raw/stocks_raw_dags.py', '--cfg-path', '/tmp/tmpjnnjgwu4']
[2026-02-09T12:13:47.162+0000] {standard_task_runner.py:91} INFO - Job 6889: Subtask download_and_load_raw
[2026-02-09T12:13:47.224+0000] {task_command.py:426} INFO - Running <TaskInstance: stock_raw_aapl.download_and_load_raw scheduled__2024-03-10T00:00:00+00:00 [running]> on host 4886d37bc122
[2026-02-09T12:13:47.306+0000] {taskinstance.py:2648} INFO - Exporting env vars: AIRFLOW_CTX_DAG_OWNER='***' AIRFLOW_CTX_DAG_ID='stock_raw_aapl' AIRFLOW_CTX_TASK_ID='download_and_load_raw' AIRFLOW_CTX_EXECUTION_DATE='2024-03-10T00:00:00+00:00' AIRFLOW_CTX_TRY_NUMBER='1' AIRFLOW_CTX_DAG_RUN_ID='scheduled__2024-03-10T00:00:00+00:00'
[2026-02-09T12:13:47.307+0000] {taskinstance.py:430} INFO - ::endgroup::
[2026-02-09T12:13:47.318+0000] {stocks_raw_dags.py:37} INFO - 2024-03-10 00:00:00+00:00, 2024-03-11 00:00:00+00:00
[2026-02-09T12:13:47.319+0000] {logging_mixin.py:188} INFO - [RAW] Download AAPL [1d] 2024-03-09..2024-03-11
[2026-02-09T12:13:47.321+0000] {logging_mixin.py:188} WARNING - /opt/***/dags/stocks_dwh/raw/stocks_raw_dags.py:42 FutureWarning: YF.download() has changed argument auto_adjust default to True
[2026-02-09T12:13:47.329+0000] {logging_mixin.py:188} WARNING - /home/***/.local/lib/python3.12/site-packages/yfinance/scrapers/history.py:204 Pandas4Warning: Timestamp.utcnow is deprecated and will be removed in a future version. Use Timestamp.now('UTC') instead.
[2026-02-09T12:13:47.850+0000] {logging_mixin.py:188} WARNING - [*********************100%***********************]  1 of 1 completed
[2026-02-09T12:13:47.851+0000] {multi.py:185} ERROR - 
1 Failed download:
[2026-02-09T12:13:47.851+0000] {multi.py:198} ERROR - ['AAPL']: YFPricesMissingError('possibly delisted; no price data found  (1d 2024-03-09 -> 2024-03-11)')
[2026-02-09T12:13:47.863+0000] {logging_mixin.py:188} INFO - [RAW] No data from yfinance
[2026-02-09T12:13:47.864+0000] {python.py:237} INFO - Done. Returned value was: None
[2026-02-09T12:13:47.865+0000] {taskinstance.py:441} INFO - ::group::Post task execution logs
[2026-02-09T12:13:47.875+0000] {taskinstance.py:1206} INFO - Marking task as SUCCESS. dag_id=stock_raw_aapl, task_id=download_and_load_raw, run_id=scheduled__2024-03-10T00:00:00+00:00, execution_date=20240310T000000, start_date=20260209T121347, end_date=20260209T121347
[2026-02-09T12:13:47.937+0000] {local_task_job_runner.py:243} INFO - Task exited with return code 0
[2026-02-09T12:13:47.958+0000] {taskinstance.py:3503} INFO - 0 downstream tasks scheduled from follow-on schedule check
[2026-02-09T12:13:47.960+0000] {local_task_job_runner.py:222} INFO - ::endgroup::
