[2026-02-09T10:06:00.390+0000] {local_task_job_runner.py:120} INFO - ::group::Pre task execution logs
[2026-02-09T10:06:00.431+0000] {taskinstance.py:2076} INFO - Dependencies all met for dep_context=non-requeueable deps ti=<TaskInstance: stock_raw_nvda.download scheduled__2024-01-09T00:00:00+00:00 [queued]>
[2026-02-09T10:06:00.444+0000] {taskinstance.py:2076} INFO - Dependencies all met for dep_context=requeueable deps ti=<TaskInstance: stock_raw_nvda.download scheduled__2024-01-09T00:00:00+00:00 [queued]>
[2026-02-09T10:06:00.445+0000] {taskinstance.py:2306} INFO - Starting attempt 1 of 1
[2026-02-09T10:06:00.461+0000] {taskinstance.py:2330} INFO - Executing <Task(PythonOperator): download> on 2024-01-09 00:00:00+00:00
[2026-02-09T10:06:00.476+0000] {logging_mixin.py:188} WARNING - /home/***/.local/lib/python3.12/site-packages/***/task/task_runner/standard_task_runner.py:62 DeprecationWarning: This process (pid=1164) is multi-threaded, use of fork() may lead to deadlocks in the child.
[2026-02-09T10:06:00.476+0000] {standard_task_runner.py:90} INFO - Running: ['***', 'tasks', 'run', 'stock_raw_nvda', 'download', 'scheduled__2024-01-09T00:00:00+00:00', '--job-id', '2875', '--raw', '--subdir', 'DAGS_FOLDER/stocks_dwh/raw/stocks_raw_dags.py', '--cfg-path', '/tmp/tmpaymg1s_x']
[2026-02-09T10:06:00.483+0000] {standard_task_runner.py:64} INFO - Started process 1173 to run task
[2026-02-09T10:06:00.483+0000] {standard_task_runner.py:91} INFO - Job 2875: Subtask download
[2026-02-09T10:06:00.563+0000] {task_command.py:426} INFO - Running <TaskInstance: stock_raw_nvda.download scheduled__2024-01-09T00:00:00+00:00 [running]> on host b6b9e92e7d61
[2026-02-09T10:06:00.695+0000] {taskinstance.py:2648} INFO - Exporting env vars: AIRFLOW_CTX_DAG_OWNER='***' AIRFLOW_CTX_DAG_ID='stock_raw_nvda' AIRFLOW_CTX_TASK_ID='download' AIRFLOW_CTX_EXECUTION_DATE='2024-01-09T00:00:00+00:00' AIRFLOW_CTX_TRY_NUMBER='1' AIRFLOW_CTX_DAG_RUN_ID='scheduled__2024-01-09T00:00:00+00:00'
[2026-02-09T10:06:00.697+0000] {taskinstance.py:430} INFO - ::endgroup::
[2026-02-09T10:06:00.716+0000] {logging_mixin.py:188} INFO - Downloading NVDA [1d] from 2024-01-09 to 2024-01-10
[2026-02-09T10:06:00.719+0000] {logging_mixin.py:188} WARNING - /opt/***/dags/stocks_dwh/raw/stocks_raw_dags.py:25 FutureWarning: YF.download() has changed argument auto_adjust default to True
[2026-02-09T10:06:00.736+0000] {logging_mixin.py:188} WARNING - /home/***/.local/lib/python3.12/site-packages/yfinance/scrapers/history.py:204 Pandas4Warning: Timestamp.utcnow is deprecated and will be removed in a future version. Use Timestamp.now('UTC') instead.
[2026-02-09T10:06:01.251+0000] {logging_mixin.py:188} INFO - Saved -> /opt/***/data/nvda__2024-01-09__2024-01-10__1d.parquet
[2026-02-09T10:06:01.252+0000] {python.py:237} INFO - Done. Returned value was: None
[2026-02-09T10:06:01.252+0000] {taskinstance.py:441} INFO - ::group::Post task execution logs
[2026-02-09T10:06:01.266+0000] {taskinstance.py:1206} INFO - Marking task as SUCCESS. dag_id=stock_raw_nvda, task_id=download, run_id=scheduled__2024-01-09T00:00:00+00:00, execution_date=20240109T000000, start_date=20260209T100600, end_date=20260209T100601
[2026-02-09T10:06:01.300+0000] {local_task_job_runner.py:243} INFO - Task exited with return code 0
[2026-02-09T10:06:01.319+0000] {taskinstance.py:3503} INFO - 0 downstream tasks scheduled from follow-on schedule check
[2026-02-09T10:06:01.321+0000] {local_task_job_runner.py:222} INFO - ::endgroup::
