[2026-02-07T14:35:04.629+0000] {local_task_job_runner.py:120} INFO - ::group::Pre task execution logs
[2026-02-07T14:35:04.672+0000] {taskinstance.py:2076} INFO - Dependencies all met for dep_context=non-requeueable deps ti=<TaskInstance: stock_msft.download scheduled__2024-11-02T00:00:00+00:00 [queued]>
[2026-02-07T14:35:04.685+0000] {taskinstance.py:2076} INFO - Dependencies all met for dep_context=requeueable deps ti=<TaskInstance: stock_msft.download scheduled__2024-11-02T00:00:00+00:00 [queued]>
[2026-02-07T14:35:04.686+0000] {taskinstance.py:2306} INFO - Starting attempt 1 of 1
[2026-02-07T14:35:04.706+0000] {taskinstance.py:2330} INFO - Executing <Task(PythonOperator): download> on 2024-11-02 00:00:00+00:00
[2026-02-07T14:35:04.723+0000] {logging_mixin.py:188} WARNING - /home/***/.local/lib/python3.12/site-packages/***/task/task_runner/standard_task_runner.py:62 DeprecationWarning: This process (pid=5948) is multi-threaded, use of fork() may lead to deadlocks in the child.
[2026-02-07T14:35:04.722+0000] {standard_task_runner.py:90} INFO - Running: ['***', 'tasks', 'run', 'stock_msft', 'download', 'scheduled__2024-11-02T00:00:00+00:00', '--job-id', '1263', '--raw', '--subdir', 'DAGS_FOLDER/stocks_dags.py', '--cfg-path', '/tmp/tmpzgw1w_zp']
[2026-02-07T14:35:04.725+0000] {standard_task_runner.py:64} INFO - Started process 5956 to run task
[2026-02-07T14:35:04.725+0000] {standard_task_runner.py:91} INFO - Job 1263: Subtask download
[2026-02-07T14:35:04.822+0000] {task_command.py:426} INFO - Running <TaskInstance: stock_msft.download scheduled__2024-11-02T00:00:00+00:00 [running]> on host 5adf8c44a70f
[2026-02-07T14:35:04.966+0000] {taskinstance.py:2648} INFO - Exporting env vars: AIRFLOW_CTX_DAG_OWNER='***' AIRFLOW_CTX_DAG_ID='stock_msft' AIRFLOW_CTX_TASK_ID='download' AIRFLOW_CTX_EXECUTION_DATE='2024-11-02T00:00:00+00:00' AIRFLOW_CTX_TRY_NUMBER='1' AIRFLOW_CTX_DAG_RUN_ID='scheduled__2024-11-02T00:00:00+00:00'
[2026-02-07T14:35:04.967+0000] {taskinstance.py:430} INFO - ::endgroup::
[2026-02-07T14:35:04.985+0000] {logging_mixin.py:188} INFO - Downloading MSFT from 2024-11-02 to 2024-11-03
[2026-02-07T14:35:04.990+0000] {logging_mixin.py:188} WARNING - /opt/***/dags/stocks_dags.py:22 FutureWarning: YF.download() has changed argument auto_adjust default to True
[2026-02-07T14:35:05.010+0000] {logging_mixin.py:188} WARNING - /home/***/.local/lib/python3.12/site-packages/yfinance/scrapers/history.py:204 Pandas4Warning: Timestamp.utcnow is deprecated and will be removed in a future version. Use Timestamp.now('UTC') instead.
[2026-02-07T14:35:05.519+0000] {multi.py:185} ERROR - 
1 Failed download:
[2026-02-07T14:35:05.520+0000] {multi.py:198} ERROR - ['MSFT']: YFPricesMissingError('possibly delisted; no price data found  (1d 2024-11-02 -> 2024-11-03)')
[2026-02-07T14:35:05.543+0000] {logging_mixin.py:188} INFO - No data
[2026-02-07T14:35:05.543+0000] {python.py:237} INFO - Done. Returned value was: None
[2026-02-07T14:35:05.544+0000] {taskinstance.py:441} INFO - ::group::Post task execution logs
[2026-02-07T14:35:05.562+0000] {taskinstance.py:1206} INFO - Marking task as SUCCESS. dag_id=stock_msft, task_id=download, run_id=scheduled__2024-11-02T00:00:00+00:00, execution_date=20241102T000000, start_date=20260207T143504, end_date=20260207T143505
[2026-02-07T14:35:05.622+0000] {local_task_job_runner.py:243} INFO - Task exited with return code 0
[2026-02-07T14:35:05.639+0000] {local_task_job_runner.py:222} INFO - ::endgroup::
