[2026-02-09T10:33:21.699+0000] {local_task_job_runner.py:120} INFO - ::group::Pre task execution logs
[2026-02-09T10:33:21.733+0000] {taskinstance.py:2076} INFO - Dependencies all met for dep_context=non-requeueable deps ti=<TaskInstance: stock_raw_aapl.download_and_load_raw scheduled__2025-04-12T00:00:00+00:00 [queued]>
[2026-02-09T10:33:21.741+0000] {taskinstance.py:2076} INFO - Dependencies all met for dep_context=requeueable deps ti=<TaskInstance: stock_raw_aapl.download_and_load_raw scheduled__2025-04-12T00:00:00+00:00 [queued]>
[2026-02-09T10:33:21.742+0000] {taskinstance.py:2306} INFO - Starting attempt 1 of 1
[2026-02-09T10:33:21.757+0000] {taskinstance.py:2330} INFO - Executing <Task(PythonOperator): download_and_load_raw> on 2025-04-12 00:00:00+00:00
[2026-02-09T10:33:21.771+0000] {logging_mixin.py:188} WARNING - /home/***/.local/lib/python3.12/site-packages/***/task/task_runner/standard_task_runner.py:62 DeprecationWarning: This process (pid=4620) is multi-threaded, use of fork() may lead to deadlocks in the child.
[2026-02-09T10:33:21.773+0000] {standard_task_runner.py:64} INFO - Started process 4630 to run task
[2026-02-09T10:33:21.772+0000] {standard_task_runner.py:90} INFO - Running: ['***', 'tasks', 'run', 'stock_raw_aapl', 'download_and_load_raw', 'scheduled__2025-04-12T00:00:00+00:00', '--job-id', '5146', '--raw', '--subdir', 'DAGS_FOLDER/stocks_dwh/raw/stocks_raw_dags.py', '--cfg-path', '/tmp/tmpw7221k_l']
[2026-02-09T10:33:21.774+0000] {standard_task_runner.py:91} INFO - Job 5146: Subtask download_and_load_raw
[2026-02-09T10:33:21.845+0000] {task_command.py:426} INFO - Running <TaskInstance: stock_raw_aapl.download_and_load_raw scheduled__2025-04-12T00:00:00+00:00 [running]> on host 4886d37bc122
[2026-02-09T10:33:21.947+0000] {taskinstance.py:2648} INFO - Exporting env vars: AIRFLOW_CTX_DAG_OWNER='***' AIRFLOW_CTX_DAG_ID='stock_raw_aapl' AIRFLOW_CTX_TASK_ID='download_and_load_raw' AIRFLOW_CTX_EXECUTION_DATE='2025-04-12T00:00:00+00:00' AIRFLOW_CTX_TRY_NUMBER='1' AIRFLOW_CTX_DAG_RUN_ID='scheduled__2025-04-12T00:00:00+00:00'
[2026-02-09T10:33:21.948+0000] {taskinstance.py:430} INFO - ::endgroup::
[2026-02-09T10:33:21.961+0000] {logging_mixin.py:188} INFO - [RAW] Download AAPL [1d] 2025-04-12..2025-04-13
[2026-02-09T10:33:21.964+0000] {logging_mixin.py:188} WARNING - /opt/***/dags/stocks_dwh/raw/stocks_raw_dags.py:38 FutureWarning: YF.download() has changed argument auto_adjust default to True
[2026-02-09T10:33:21.973+0000] {logging_mixin.py:188} WARNING - /home/***/.local/lib/python3.12/site-packages/yfinance/scrapers/history.py:204 Pandas4Warning: Timestamp.utcnow is deprecated and will be removed in a future version. Use Timestamp.now('UTC') instead.
[2026-02-09T10:33:22.494+0000] {multi.py:185} ERROR - 
1 Failed download:
[2026-02-09T10:33:22.495+0000] {multi.py:198} ERROR - ['AAPL']: YFPricesMissingError('possibly delisted; no price data found  (1d 2025-04-12 -> 2025-04-13)')
[2026-02-09T10:33:22.512+0000] {logging_mixin.py:188} INFO - [RAW] No data from yfinance
[2026-02-09T10:33:22.513+0000] {python.py:237} INFO - Done. Returned value was: None
[2026-02-09T10:33:22.513+0000] {taskinstance.py:441} INFO - ::group::Post task execution logs
[2026-02-09T10:33:22.529+0000] {taskinstance.py:1206} INFO - Marking task as SUCCESS. dag_id=stock_raw_aapl, task_id=download_and_load_raw, run_id=scheduled__2025-04-12T00:00:00+00:00, execution_date=20250412T000000, start_date=20260209T103321, end_date=20260209T103322
[2026-02-09T10:33:22.589+0000] {local_task_job_runner.py:243} INFO - Task exited with return code 0
[2026-02-09T10:33:22.616+0000] {taskinstance.py:3503} INFO - 0 downstream tasks scheduled from follow-on schedule check
[2026-02-09T10:33:22.619+0000] {local_task_job_runner.py:222} INFO - ::endgroup::
[2026-02-09T12:35:32.606+0000] {local_task_job_runner.py:120} INFO - ::group::Pre task execution logs
[2026-02-09T12:35:32.642+0000] {taskinstance.py:2076} INFO - Dependencies all met for dep_context=non-requeueable deps ti=<TaskInstance: stock_raw_aapl.download_and_load_raw scheduled__2025-04-12T00:00:00+00:00 [queued]>
[2026-02-09T12:35:32.652+0000] {taskinstance.py:2076} INFO - Dependencies all met for dep_context=requeueable deps ti=<TaskInstance: stock_raw_aapl.download_and_load_raw scheduled__2025-04-12T00:00:00+00:00 [queued]>
[2026-02-09T12:35:32.653+0000] {taskinstance.py:2306} INFO - Starting attempt 1 of 1
[2026-02-09T12:35:32.670+0000] {taskinstance.py:2330} INFO - Executing <Task(PythonOperator): download_and_load_raw> on 2025-04-12 00:00:00+00:00
[2026-02-09T12:35:32.683+0000] {logging_mixin.py:188} WARNING - /home/***/.local/lib/python3.12/site-packages/***/task/task_runner/standard_task_runner.py:62 DeprecationWarning: This process (pid=17606) is multi-threaded, use of fork() may lead to deadlocks in the child.
[2026-02-09T12:35:32.684+0000] {standard_task_runner.py:64} INFO - Started process 17608 to run task
[2026-02-09T12:35:32.683+0000] {standard_task_runner.py:90} INFO - Running: ['***', 'tasks', 'run', 'stock_raw_aapl', 'download_and_load_raw', 'scheduled__2025-04-12T00:00:00+00:00', '--job-id', '7659', '--raw', '--subdir', 'DAGS_FOLDER/stocks_dwh/raw/stocks_raw_dags.py', '--cfg-path', '/tmp/tmpt4rmqgmo']
[2026-02-09T12:35:32.685+0000] {standard_task_runner.py:91} INFO - Job 7659: Subtask download_and_load_raw
[2026-02-09T12:35:32.755+0000] {task_command.py:426} INFO - Running <TaskInstance: stock_raw_aapl.download_and_load_raw scheduled__2025-04-12T00:00:00+00:00 [running]> on host 4886d37bc122
[2026-02-09T12:35:32.862+0000] {taskinstance.py:2648} INFO - Exporting env vars: AIRFLOW_CTX_DAG_OWNER='***' AIRFLOW_CTX_DAG_ID='stock_raw_aapl' AIRFLOW_CTX_TASK_ID='download_and_load_raw' AIRFLOW_CTX_EXECUTION_DATE='2025-04-12T00:00:00+00:00' AIRFLOW_CTX_TRY_NUMBER='1' AIRFLOW_CTX_DAG_RUN_ID='scheduled__2025-04-12T00:00:00+00:00'
[2026-02-09T12:35:32.863+0000] {taskinstance.py:430} INFO - ::endgroup::
[2026-02-09T12:35:32.876+0000] {stocks_raw_dags.py:37} INFO - 2025-04-12 00:00:00+00:00, 2025-04-13 00:00:00+00:00
[2026-02-09T12:35:32.877+0000] {logging_mixin.py:188} INFO - [RAW] Download AAPL [1d] 2025-04-11..2025-04-13
[2026-02-09T12:35:32.879+0000] {logging_mixin.py:188} WARNING - /opt/***/dags/stocks_dwh/raw/stocks_raw_dags.py:42 FutureWarning: YF.download() has changed argument auto_adjust default to True
[2026-02-09T12:35:32.888+0000] {logging_mixin.py:188} WARNING - /home/***/.local/lib/python3.12/site-packages/yfinance/scrapers/history.py:204 Pandas4Warning: Timestamp.utcnow is deprecated and will be removed in a future version. Use Timestamp.now('UTC') instead.
[2026-02-09T12:35:33.792+0000] {logging_mixin.py:188} WARNING - [*********************100%***********************]  1 of 1 completed
[2026-02-09T12:35:33.835+0000] {base.py:84} INFO - Using connection ID 'dwh_clickhouse' for task execution.
[2026-02-09T12:35:33.874+0000] {logging_mixin.py:188} INFO - [RAW] Deleted existing rows for AAPL in 2025-04-11..2025-04-13
[2026-02-09T12:35:33.886+0000] {logging_mixin.py:188} INFO - [RAW] Inserted 1 rows into dwh.raw_stock_prices
[2026-02-09T12:35:33.886+0000] {python.py:237} INFO - Done. Returned value was: None
[2026-02-09T12:35:33.891+0000] {taskinstance.py:441} INFO - ::group::Post task execution logs
[2026-02-09T12:35:33.903+0000] {taskinstance.py:1206} INFO - Marking task as SUCCESS. dag_id=stock_raw_aapl, task_id=download_and_load_raw, run_id=scheduled__2025-04-12T00:00:00+00:00, execution_date=20250412T000000, start_date=20260209T123532, end_date=20260209T123533
[2026-02-09T12:35:33.983+0000] {local_task_job_runner.py:243} INFO - Task exited with return code 0
[2026-02-09T12:35:34.008+0000] {taskinstance.py:3503} INFO - 0 downstream tasks scheduled from follow-on schedule check
[2026-02-09T12:35:34.012+0000] {local_task_job_runner.py:222} INFO - ::endgroup::
