[2026-02-09T10:19:19.375+0000] {local_task_job_runner.py:120} INFO - ::group::Pre task execution logs
[2026-02-09T10:19:19.415+0000] {taskinstance.py:2076} INFO - Dependencies all met for dep_context=non-requeueable deps ti=<TaskInstance: stock_raw_aapl.download_and_load_raw scheduled__2024-09-01T00:00:00+00:00 [queued]>
[2026-02-09T10:19:19.425+0000] {taskinstance.py:2076} INFO - Dependencies all met for dep_context=requeueable deps ti=<TaskInstance: stock_raw_aapl.download_and_load_raw scheduled__2024-09-01T00:00:00+00:00 [queued]>
[2026-02-09T10:19:19.426+0000] {taskinstance.py:2306} INFO - Starting attempt 1 of 1
[2026-02-09T10:19:19.437+0000] {taskinstance.py:2330} INFO - Executing <Task(PythonOperator): download_and_load_raw> on 2024-09-01 00:00:00+00:00
[2026-02-09T10:19:19.450+0000] {logging_mixin.py:188} WARNING - /home/***/.local/lib/python3.12/site-packages/***/task/task_runner/standard_task_runner.py:62 DeprecationWarning: This process (pid=6138) is multi-threaded, use of fork() may lead to deadlocks in the child.
[2026-02-09T10:19:19.451+0000] {standard_task_runner.py:64} INFO - Started process 6148 to run task
[2026-02-09T10:19:19.450+0000] {standard_task_runner.py:90} INFO - Running: ['***', 'tasks', 'run', 'stock_raw_aapl', 'download_and_load_raw', 'scheduled__2024-09-01T00:00:00+00:00', '--job-id', '4038', '--raw', '--subdir', 'DAGS_FOLDER/stocks_dwh/raw/stocks_raw_dags.py', '--cfg-path', '/tmp/tmpt8r6xihh']
[2026-02-09T10:19:19.454+0000] {standard_task_runner.py:91} INFO - Job 4038: Subtask download_and_load_raw
[2026-02-09T10:19:19.524+0000] {task_command.py:426} INFO - Running <TaskInstance: stock_raw_aapl.download_and_load_raw scheduled__2024-09-01T00:00:00+00:00 [running]> on host b6b9e92e7d61
[2026-02-09T10:19:19.619+0000] {taskinstance.py:2648} INFO - Exporting env vars: AIRFLOW_CTX_DAG_OWNER='***' AIRFLOW_CTX_DAG_ID='stock_raw_aapl' AIRFLOW_CTX_TASK_ID='download_and_load_raw' AIRFLOW_CTX_EXECUTION_DATE='2024-09-01T00:00:00+00:00' AIRFLOW_CTX_TRY_NUMBER='1' AIRFLOW_CTX_DAG_RUN_ID='scheduled__2024-09-01T00:00:00+00:00'
[2026-02-09T10:19:19.621+0000] {taskinstance.py:430} INFO - ::endgroup::
[2026-02-09T10:19:19.632+0000] {logging_mixin.py:188} INFO - [RAW] Download AAPL [1d] 2024-09-01..2024-09-02
[2026-02-09T10:19:19.635+0000] {logging_mixin.py:188} WARNING - /opt/***/dags/stocks_dwh/raw/stocks_raw_dags.py:38 FutureWarning: YF.download() has changed argument auto_adjust default to True
[2026-02-09T10:19:19.645+0000] {logging_mixin.py:188} WARNING - /home/***/.local/lib/python3.12/site-packages/yfinance/scrapers/history.py:204 Pandas4Warning: Timestamp.utcnow is deprecated and will be removed in a future version. Use Timestamp.now('UTC') instead.
[2026-02-09T10:19:20.163+0000] {multi.py:185} ERROR - 
1 Failed download:
[2026-02-09T10:19:20.164+0000] {multi.py:198} ERROR - ['AAPL']: YFPricesMissingError('possibly delisted; no price data found  (1d 2024-09-01 -> 2024-09-02)')
[2026-02-09T10:19:20.177+0000] {logging_mixin.py:188} INFO - [RAW] No data from yfinance
[2026-02-09T10:19:20.177+0000] {python.py:237} INFO - Done. Returned value was: None
[2026-02-09T10:19:20.178+0000] {taskinstance.py:441} INFO - ::group::Post task execution logs
[2026-02-09T10:19:20.188+0000] {taskinstance.py:1206} INFO - Marking task as SUCCESS. dag_id=stock_raw_aapl, task_id=download_and_load_raw, run_id=scheduled__2024-09-01T00:00:00+00:00, execution_date=20240901T000000, start_date=20260209T101919, end_date=20260209T101920
[2026-02-09T10:19:20.229+0000] {local_task_job_runner.py:243} INFO - Task exited with return code 0
[2026-02-09T10:19:20.245+0000] {taskinstance.py:3503} INFO - 0 downstream tasks scheduled from follow-on schedule check
[2026-02-09T10:19:20.248+0000] {local_task_job_runner.py:222} INFO - ::endgroup::
[2026-02-09T12:23:15.177+0000] {local_task_job_runner.py:120} INFO - ::group::Pre task execution logs
[2026-02-09T12:23:15.205+0000] {taskinstance.py:2076} INFO - Dependencies all met for dep_context=non-requeueable deps ti=<TaskInstance: stock_raw_aapl.download_and_load_raw scheduled__2024-09-01T00:00:00+00:00 [queued]>
[2026-02-09T12:23:15.212+0000] {taskinstance.py:2076} INFO - Dependencies all met for dep_context=requeueable deps ti=<TaskInstance: stock_raw_aapl.download_and_load_raw scheduled__2024-09-01T00:00:00+00:00 [queued]>
[2026-02-09T12:23:15.212+0000] {taskinstance.py:2306} INFO - Starting attempt 1 of 1
[2026-02-09T12:23:15.224+0000] {taskinstance.py:2330} INFO - Executing <Task(PythonOperator): download_and_load_raw> on 2024-09-01 00:00:00+00:00
[2026-02-09T12:23:15.235+0000] {logging_mixin.py:188} WARNING - /home/***/.local/lib/python3.12/site-packages/***/task/task_runner/standard_task_runner.py:62 DeprecationWarning: This process (pid=15641) is multi-threaded, use of fork() may lead to deadlocks in the child.
[2026-02-09T12:23:15.236+0000] {standard_task_runner.py:64} INFO - Started process 15646 to run task
[2026-02-09T12:23:15.235+0000] {standard_task_runner.py:90} INFO - Running: ['***', 'tasks', 'run', 'stock_raw_aapl', 'download_and_load_raw', 'scheduled__2024-09-01T00:00:00+00:00', '--job-id', '7240', '--raw', '--subdir', 'DAGS_FOLDER/stocks_dwh/raw/stocks_raw_dags.py', '--cfg-path', '/tmp/tmpq3t75u9m']
[2026-02-09T12:23:15.237+0000] {standard_task_runner.py:91} INFO - Job 7240: Subtask download_and_load_raw
[2026-02-09T12:23:15.300+0000] {task_command.py:426} INFO - Running <TaskInstance: stock_raw_aapl.download_and_load_raw scheduled__2024-09-01T00:00:00+00:00 [running]> on host 4886d37bc122
[2026-02-09T12:23:15.386+0000] {taskinstance.py:2648} INFO - Exporting env vars: AIRFLOW_CTX_DAG_OWNER='***' AIRFLOW_CTX_DAG_ID='stock_raw_aapl' AIRFLOW_CTX_TASK_ID='download_and_load_raw' AIRFLOW_CTX_EXECUTION_DATE='2024-09-01T00:00:00+00:00' AIRFLOW_CTX_TRY_NUMBER='1' AIRFLOW_CTX_DAG_RUN_ID='scheduled__2024-09-01T00:00:00+00:00'
[2026-02-09T12:23:15.387+0000] {taskinstance.py:430} INFO - ::endgroup::
[2026-02-09T12:23:15.397+0000] {stocks_raw_dags.py:37} INFO - 2024-09-01 00:00:00+00:00, 2024-09-02 00:00:00+00:00
[2026-02-09T12:23:15.398+0000] {logging_mixin.py:188} INFO - [RAW] Download AAPL [1d] 2024-08-31..2024-09-02
[2026-02-09T12:23:15.400+0000] {logging_mixin.py:188} WARNING - /opt/***/dags/stocks_dwh/raw/stocks_raw_dags.py:42 FutureWarning: YF.download() has changed argument auto_adjust default to True
[2026-02-09T12:23:15.408+0000] {logging_mixin.py:188} WARNING - /home/***/.local/lib/python3.12/site-packages/yfinance/scrapers/history.py:204 Pandas4Warning: Timestamp.utcnow is deprecated and will be removed in a future version. Use Timestamp.now('UTC') instead.
[2026-02-09T12:23:15.888+0000] {logging_mixin.py:188} WARNING - [*********************100%***********************]  1 of 1 completed
[2026-02-09T12:23:15.889+0000] {multi.py:185} ERROR - 
1 Failed download:
[2026-02-09T12:23:15.889+0000] {multi.py:198} ERROR - ['AAPL']: YFPricesMissingError('possibly delisted; no price data found  (1d 2024-08-31 -> 2024-09-02)')
[2026-02-09T12:23:15.902+0000] {logging_mixin.py:188} INFO - [RAW] No data from yfinance
[2026-02-09T12:23:15.903+0000] {python.py:237} INFO - Done. Returned value was: None
[2026-02-09T12:23:15.903+0000] {taskinstance.py:441} INFO - ::group::Post task execution logs
[2026-02-09T12:23:15.912+0000] {taskinstance.py:1206} INFO - Marking task as SUCCESS. dag_id=stock_raw_aapl, task_id=download_and_load_raw, run_id=scheduled__2024-09-01T00:00:00+00:00, execution_date=20240901T000000, start_date=20260209T122315, end_date=20260209T122315
[2026-02-09T12:23:15.971+0000] {local_task_job_runner.py:243} INFO - Task exited with return code 0
[2026-02-09T12:23:15.990+0000] {taskinstance.py:3503} INFO - 0 downstream tasks scheduled from follow-on schedule check
[2026-02-09T12:23:15.992+0000] {local_task_job_runner.py:222} INFO - ::endgroup::
