[2026-02-09T10:42:15.442+0000] {local_task_job_runner.py:120} INFO - ::group::Pre task execution logs
[2026-02-09T10:42:15.476+0000] {taskinstance.py:2076} INFO - Dependencies all met for dep_context=non-requeueable deps ti=<TaskInstance: stock_raw_aapl.download_and_load_raw scheduled__2025-09-20T00:00:00+00:00 [queued]>
[2026-02-09T10:42:15.485+0000] {taskinstance.py:2076} INFO - Dependencies all met for dep_context=requeueable deps ti=<TaskInstance: stock_raw_aapl.download_and_load_raw scheduled__2025-09-20T00:00:00+00:00 [queued]>
[2026-02-09T10:42:15.486+0000] {taskinstance.py:2306} INFO - Starting attempt 1 of 1
[2026-02-09T10:42:15.501+0000] {taskinstance.py:2330} INFO - Executing <Task(PythonOperator): download_and_load_raw> on 2025-09-20 00:00:00+00:00
[2026-02-09T10:42:15.517+0000] {logging_mixin.py:188} WARNING - /home/***/.local/lib/python3.12/site-packages/***/task/task_runner/standard_task_runner.py:62 DeprecationWarning: This process (pid=7983) is multi-threaded, use of fork() may lead to deadlocks in the child.
[2026-02-09T10:42:15.518+0000] {standard_task_runner.py:64} INFO - Started process 7993 to run task
[2026-02-09T10:42:15.516+0000] {standard_task_runner.py:90} INFO - Running: ['***', 'tasks', 'run', 'stock_raw_aapl', 'download_and_load_raw', 'scheduled__2025-09-20T00:00:00+00:00', '--job-id', '5935', '--raw', '--subdir', 'DAGS_FOLDER/stocks_dwh/raw/stocks_raw_dags.py', '--cfg-path', '/tmp/tmpveqw421k']
[2026-02-09T10:42:15.519+0000] {standard_task_runner.py:91} INFO - Job 5935: Subtask download_and_load_raw
[2026-02-09T10:42:15.592+0000] {task_command.py:426} INFO - Running <TaskInstance: stock_raw_aapl.download_and_load_raw scheduled__2025-09-20T00:00:00+00:00 [running]> on host 4886d37bc122
[2026-02-09T10:42:15.705+0000] {taskinstance.py:2648} INFO - Exporting env vars: AIRFLOW_CTX_DAG_OWNER='***' AIRFLOW_CTX_DAG_ID='stock_raw_aapl' AIRFLOW_CTX_TASK_ID='download_and_load_raw' AIRFLOW_CTX_EXECUTION_DATE='2025-09-20T00:00:00+00:00' AIRFLOW_CTX_TRY_NUMBER='1' AIRFLOW_CTX_DAG_RUN_ID='scheduled__2025-09-20T00:00:00+00:00'
[2026-02-09T10:42:15.707+0000] {taskinstance.py:430} INFO - ::endgroup::
[2026-02-09T10:42:15.719+0000] {logging_mixin.py:188} INFO - [RAW] Download AAPL [1d] 2025-09-20..2025-09-21
[2026-02-09T10:42:15.722+0000] {logging_mixin.py:188} WARNING - /opt/***/dags/stocks_dwh/raw/stocks_raw_dags.py:38 FutureWarning: YF.download() has changed argument auto_adjust default to True
[2026-02-09T10:42:15.731+0000] {logging_mixin.py:188} WARNING - /home/***/.local/lib/python3.12/site-packages/yfinance/scrapers/history.py:204 Pandas4Warning: Timestamp.utcnow is deprecated and will be removed in a future version. Use Timestamp.now('UTC') instead.
[2026-02-09T10:42:16.235+0000] {multi.py:185} ERROR - 
1 Failed download:
[2026-02-09T10:42:16.236+0000] {multi.py:198} ERROR - ['AAPL']: YFPricesMissingError('possibly delisted; no price data found  (1d 2025-09-20 -> 2025-09-21)')
[2026-02-09T10:42:16.253+0000] {logging_mixin.py:188} INFO - [RAW] No data from yfinance
[2026-02-09T10:42:16.254+0000] {python.py:237} INFO - Done. Returned value was: None
[2026-02-09T10:42:16.255+0000] {taskinstance.py:441} INFO - ::group::Post task execution logs
[2026-02-09T10:42:16.266+0000] {taskinstance.py:1206} INFO - Marking task as SUCCESS. dag_id=stock_raw_aapl, task_id=download_and_load_raw, run_id=scheduled__2025-09-20T00:00:00+00:00, execution_date=20250920T000000, start_date=20260209T104215, end_date=20260209T104216
[2026-02-09T10:42:16.335+0000] {local_task_job_runner.py:243} INFO - Task exited with return code 0
[2026-02-09T10:42:16.352+0000] {taskinstance.py:3503} INFO - 0 downstream tasks scheduled from follow-on schedule check
[2026-02-09T10:42:16.354+0000] {local_task_job_runner.py:222} INFO - ::endgroup::
[2026-02-09T12:43:51.439+0000] {local_task_job_runner.py:120} INFO - ::group::Pre task execution logs
[2026-02-09T12:43:51.469+0000] {taskinstance.py:2076} INFO - Dependencies all met for dep_context=non-requeueable deps ti=<TaskInstance: stock_raw_aapl.download_and_load_raw scheduled__2025-09-20T00:00:00+00:00 [queued]>
[2026-02-09T12:43:51.478+0000] {taskinstance.py:2076} INFO - Dependencies all met for dep_context=requeueable deps ti=<TaskInstance: stock_raw_aapl.download_and_load_raw scheduled__2025-09-20T00:00:00+00:00 [queued]>
[2026-02-09T12:43:51.479+0000] {taskinstance.py:2306} INFO - Starting attempt 1 of 1
[2026-02-09T12:43:51.492+0000] {taskinstance.py:2330} INFO - Executing <Task(PythonOperator): download_and_load_raw> on 2025-09-20 00:00:00+00:00
[2026-02-09T12:43:51.504+0000] {logging_mixin.py:188} WARNING - /home/***/.local/lib/python3.12/site-packages/***/task/task_runner/standard_task_runner.py:62 DeprecationWarning: This process (pid=18449) is multi-threaded, use of fork() may lead to deadlocks in the child.
[2026-02-09T12:43:51.505+0000] {standard_task_runner.py:64} INFO - Started process 18451 to run task
[2026-02-09T12:43:51.504+0000] {standard_task_runner.py:90} INFO - Running: ['***', 'tasks', 'run', 'stock_raw_aapl', 'download_and_load_raw', 'scheduled__2025-09-20T00:00:00+00:00', '--job-id', '7820', '--raw', '--subdir', 'DAGS_FOLDER/stocks_dwh/raw/stocks_raw_dags.py', '--cfg-path', '/tmp/tmp3xknqrs6']
[2026-02-09T12:43:51.506+0000] {standard_task_runner.py:91} INFO - Job 7820: Subtask download_and_load_raw
[2026-02-09T12:43:51.580+0000] {task_command.py:426} INFO - Running <TaskInstance: stock_raw_aapl.download_and_load_raw scheduled__2025-09-20T00:00:00+00:00 [running]> on host 4886d37bc122
[2026-02-09T12:43:51.713+0000] {taskinstance.py:2648} INFO - Exporting env vars: AIRFLOW_CTX_DAG_OWNER='***' AIRFLOW_CTX_DAG_ID='stock_raw_aapl' AIRFLOW_CTX_TASK_ID='download_and_load_raw' AIRFLOW_CTX_EXECUTION_DATE='2025-09-20T00:00:00+00:00' AIRFLOW_CTX_TRY_NUMBER='1' AIRFLOW_CTX_DAG_RUN_ID='scheduled__2025-09-20T00:00:00+00:00'
[2026-02-09T12:43:51.715+0000] {taskinstance.py:430} INFO - ::endgroup::
[2026-02-09T12:43:51.726+0000] {stocks_raw_dags.py:37} INFO - 2025-09-20 00:00:00+00:00, 2025-09-21 00:00:00+00:00
[2026-02-09T12:43:51.726+0000] {logging_mixin.py:188} INFO - [RAW] Download AAPL [1d] 2025-09-19..2025-09-21
[2026-02-09T12:43:51.729+0000] {logging_mixin.py:188} WARNING - /opt/***/dags/stocks_dwh/raw/stocks_raw_dags.py:42 FutureWarning: YF.download() has changed argument auto_adjust default to True
[2026-02-09T12:43:51.739+0000] {logging_mixin.py:188} WARNING - /home/***/.local/lib/python3.12/site-packages/yfinance/scrapers/history.py:204 Pandas4Warning: Timestamp.utcnow is deprecated and will be removed in a future version. Use Timestamp.now('UTC') instead.
[2026-02-09T12:43:52.285+0000] {logging_mixin.py:188} WARNING - [*********************100%***********************]  1 of 1 completed
[2026-02-09T12:43:52.318+0000] {base.py:84} INFO - Using connection ID 'dwh_clickhouse' for task execution.
[2026-02-09T12:43:52.345+0000] {logging_mixin.py:188} INFO - [RAW] Deleted existing rows for AAPL in 2025-09-19..2025-09-21
[2026-02-09T12:43:52.357+0000] {logging_mixin.py:188} INFO - [RAW] Inserted 1 rows into dwh.raw_stock_prices
[2026-02-09T12:43:52.357+0000] {python.py:237} INFO - Done. Returned value was: None
[2026-02-09T12:43:52.358+0000] {taskinstance.py:441} INFO - ::group::Post task execution logs
[2026-02-09T12:43:52.370+0000] {taskinstance.py:1206} INFO - Marking task as SUCCESS. dag_id=stock_raw_aapl, task_id=download_and_load_raw, run_id=scheduled__2025-09-20T00:00:00+00:00, execution_date=20250920T000000, start_date=20260209T124351, end_date=20260209T124352
[2026-02-09T12:43:52.442+0000] {local_task_job_runner.py:243} INFO - Task exited with return code 0
[2026-02-09T12:43:52.463+0000] {taskinstance.py:3503} INFO - 0 downstream tasks scheduled from follow-on schedule check
[2026-02-09T12:43:52.466+0000] {local_task_job_runner.py:222} INFO - ::endgroup::
