[2026-02-09T10:48:43.883+0000] {local_task_job_runner.py:120} INFO - ::group::Pre task execution logs
[2026-02-09T10:48:43.914+0000] {taskinstance.py:2076} INFO - Dependencies all met for dep_context=non-requeueable deps ti=<TaskInstance: stock_raw_aapl.download_and_load_raw scheduled__2026-01-22T00:00:00+00:00 [queued]>
[2026-02-09T10:48:43.923+0000] {taskinstance.py:2076} INFO - Dependencies all met for dep_context=requeueable deps ti=<TaskInstance: stock_raw_aapl.download_and_load_raw scheduled__2026-01-22T00:00:00+00:00 [queued]>
[2026-02-09T10:48:43.924+0000] {taskinstance.py:2306} INFO - Starting attempt 1 of 1
[2026-02-09T10:48:43.937+0000] {taskinstance.py:2330} INFO - Executing <Task(PythonOperator): download_and_load_raw> on 2026-01-22 00:00:00+00:00
[2026-02-09T10:48:43.951+0000] {logging_mixin.py:188} WARNING - /home/***/.local/lib/python3.12/site-packages/***/task/task_runner/standard_task_runner.py:62 DeprecationWarning: This process (pid=10582) is multi-threaded, use of fork() may lead to deadlocks in the child.
[2026-02-09T10:48:43.953+0000] {standard_task_runner.py:64} INFO - Started process 10593 to run task
[2026-02-09T10:48:43.951+0000] {standard_task_runner.py:90} INFO - Running: ['***', 'tasks', 'run', 'stock_raw_aapl', 'download_and_load_raw', 'scheduled__2026-01-22T00:00:00+00:00', '--job-id', '6548', '--raw', '--subdir', 'DAGS_FOLDER/stocks_dwh/raw/stocks_raw_dags.py', '--cfg-path', '/tmp/tmp1cs52ka6']
[2026-02-09T10:48:43.954+0000] {standard_task_runner.py:91} INFO - Job 6548: Subtask download_and_load_raw
[2026-02-09T10:48:44.019+0000] {task_command.py:426} INFO - Running <TaskInstance: stock_raw_aapl.download_and_load_raw scheduled__2026-01-22T00:00:00+00:00 [running]> on host 4886d37bc122
[2026-02-09T10:48:44.114+0000] {taskinstance.py:2648} INFO - Exporting env vars: AIRFLOW_CTX_DAG_OWNER='***' AIRFLOW_CTX_DAG_ID='stock_raw_aapl' AIRFLOW_CTX_TASK_ID='download_and_load_raw' AIRFLOW_CTX_EXECUTION_DATE='2026-01-22T00:00:00+00:00' AIRFLOW_CTX_TRY_NUMBER='1' AIRFLOW_CTX_DAG_RUN_ID='scheduled__2026-01-22T00:00:00+00:00'
[2026-02-09T10:48:44.118+0000] {taskinstance.py:430} INFO - ::endgroup::
[2026-02-09T10:48:44.129+0000] {logging_mixin.py:188} INFO - [RAW] Download AAPL [1d] 2026-01-22..2026-01-23
[2026-02-09T10:48:44.137+0000] {logging_mixin.py:188} WARNING - /opt/***/dags/stocks_dwh/raw/stocks_raw_dags.py:38 FutureWarning: YF.download() has changed argument auto_adjust default to True
[2026-02-09T10:48:44.150+0000] {logging_mixin.py:188} WARNING - /home/***/.local/lib/python3.12/site-packages/yfinance/scrapers/history.py:204 Pandas4Warning: Timestamp.utcnow is deprecated and will be removed in a future version. Use Timestamp.now('UTC') instead.
[2026-02-09T10:48:44.714+0000] {taskinstance.py:441} INFO - ::group::Post task execution logs
[2026-02-09T10:48:44.715+0000] {taskinstance.py:2905} ERROR - Task failed with exception
Traceback (most recent call last):
  File "/home/airflow/.local/lib/python3.12/site-packages/airflow/models/taskinstance.py", line 465, in _execute_task
    result = _execute_callable(context=context, **execute_callable_kwargs)
             ^^^^^^^^^^^^^^^^^^^^^^^^^^^^^^^^^^^^^^^^^^^^^^^^^^^^^^^^^^^^^
  File "/home/airflow/.local/lib/python3.12/site-packages/airflow/models/taskinstance.py", line 432, in _execute_callable
    return execute_callable(context=context, **execute_callable_kwargs)
           ^^^^^^^^^^^^^^^^^^^^^^^^^^^^^^^^^^^^^^^^^^^^^^^^^^^^^^^^^^^^
  File "/home/airflow/.local/lib/python3.12/site-packages/airflow/models/baseoperator.py", line 401, in wrapper
    return func(self, *args, **kwargs)
           ^^^^^^^^^^^^^^^^^^^^^^^^^^^
  File "/home/airflow/.local/lib/python3.12/site-packages/airflow/operators/python.py", line 235, in execute
    return_value = self.execute_callable()
                   ^^^^^^^^^^^^^^^^^^^^^^^
  File "/home/airflow/.local/lib/python3.12/site-packages/airflow/operators/python.py", line 252, in execute_callable
    return self.python_callable(*self.op_args, **self.op_kwargs)
           ^^^^^^^^^^^^^^^^^^^^^^^^^^^^^^^^^^^^^^^^^^^^^^^^^^^^^
  File "/opt/airflow/dags/stocks_dwh/raw/stocks_raw_dags.py", line 86, in download_and_load_raw
    df["volume"] = pd.to_numeric(df["volume"], errors="coerce").fillna(0).astype("int64")
                   ^^^^^^^^^^^^^^^^^^^^^^^^^^^^^^^^^^^^^^^^^^^^
  File "/home/airflow/.local/lib/python3.12/site-packages/pandas/core/tools/numeric.py", line 212, in to_numeric
    raise TypeError("arg must be a list, tuple, 1-d array, or Series")
TypeError: arg must be a list, tuple, 1-d array, or Series
[2026-02-09T10:48:44.735+0000] {taskinstance.py:1206} INFO - Marking task as FAILED. dag_id=stock_raw_aapl, task_id=download_and_load_raw, run_id=scheduled__2026-01-22T00:00:00+00:00, execution_date=20260122T000000, start_date=20260209T104843, end_date=20260209T104844
[2026-02-09T10:48:44.748+0000] {standard_task_runner.py:110} ERROR - Failed to execute job 6548 for task download_and_load_raw (arg must be a list, tuple, 1-d array, or Series; 10593)
[2026-02-09T10:48:44.809+0000] {local_task_job_runner.py:243} INFO - Task exited with return code 1
[2026-02-09T10:48:44.825+0000] {taskinstance.py:3503} INFO - 0 downstream tasks scheduled from follow-on schedule check
[2026-02-09T10:48:44.826+0000] {local_task_job_runner.py:222} INFO - ::endgroup::
[2026-02-09T12:50:46.399+0000] {local_task_job_runner.py:120} INFO - ::group::Pre task execution logs
[2026-02-09T12:50:46.429+0000] {taskinstance.py:2076} INFO - Dependencies all met for dep_context=non-requeueable deps ti=<TaskInstance: stock_raw_aapl.download_and_load_raw scheduled__2026-01-22T00:00:00+00:00 [queued]>
[2026-02-09T12:50:46.436+0000] {taskinstance.py:2076} INFO - Dependencies all met for dep_context=requeueable deps ti=<TaskInstance: stock_raw_aapl.download_and_load_raw scheduled__2026-01-22T00:00:00+00:00 [queued]>
[2026-02-09T12:50:46.437+0000] {taskinstance.py:2306} INFO - Starting attempt 1 of 1
[2026-02-09T12:50:46.450+0000] {taskinstance.py:2330} INFO - Executing <Task(PythonOperator): download_and_load_raw> on 2026-01-22 00:00:00+00:00
[2026-02-09T12:50:46.462+0000] {logging_mixin.py:188} WARNING - /home/***/.local/lib/python3.12/site-packages/***/task/task_runner/standard_task_runner.py:62 DeprecationWarning: This process (pid=19113) is multi-threaded, use of fork() may lead to deadlocks in the child.
[2026-02-09T12:50:46.464+0000] {standard_task_runner.py:64} INFO - Started process 19115 to run task
[2026-02-09T12:50:46.462+0000] {standard_task_runner.py:90} INFO - Running: ['***', 'tasks', 'run', 'stock_raw_aapl', 'download_and_load_raw', 'scheduled__2026-01-22T00:00:00+00:00', '--job-id', '7944', '--raw', '--subdir', 'DAGS_FOLDER/stocks_dwh/raw/stocks_raw_dags.py', '--cfg-path', '/tmp/tmp__bns9i6']
[2026-02-09T12:50:46.465+0000] {standard_task_runner.py:91} INFO - Job 7944: Subtask download_and_load_raw
[2026-02-09T12:50:46.535+0000] {task_command.py:426} INFO - Running <TaskInstance: stock_raw_aapl.download_and_load_raw scheduled__2026-01-22T00:00:00+00:00 [running]> on host 4886d37bc122
[2026-02-09T12:50:46.634+0000] {taskinstance.py:2648} INFO - Exporting env vars: AIRFLOW_CTX_DAG_OWNER='***' AIRFLOW_CTX_DAG_ID='stock_raw_aapl' AIRFLOW_CTX_TASK_ID='download_and_load_raw' AIRFLOW_CTX_EXECUTION_DATE='2026-01-22T00:00:00+00:00' AIRFLOW_CTX_TRY_NUMBER='1' AIRFLOW_CTX_DAG_RUN_ID='scheduled__2026-01-22T00:00:00+00:00'
[2026-02-09T12:50:46.637+0000] {taskinstance.py:430} INFO - ::endgroup::
[2026-02-09T12:50:46.647+0000] {stocks_raw_dags.py:37} INFO - 2026-01-22 00:00:00+00:00, 2026-01-23 00:00:00+00:00
[2026-02-09T12:50:46.648+0000] {logging_mixin.py:188} INFO - [RAW] Download AAPL [1d] 2026-01-21..2026-01-23
[2026-02-09T12:50:46.651+0000] {logging_mixin.py:188} WARNING - /opt/***/dags/stocks_dwh/raw/stocks_raw_dags.py:42 FutureWarning: YF.download() has changed argument auto_adjust default to True
[2026-02-09T12:50:46.661+0000] {logging_mixin.py:188} WARNING - /home/***/.local/lib/python3.12/site-packages/yfinance/scrapers/history.py:204 Pandas4Warning: Timestamp.utcnow is deprecated and will be removed in a future version. Use Timestamp.now('UTC') instead.
[2026-02-09T12:50:47.229+0000] {logging_mixin.py:188} WARNING - [*********************100%***********************]  1 of 1 completed
[2026-02-09T12:50:47.267+0000] {base.py:84} INFO - Using connection ID 'dwh_clickhouse' for task execution.
[2026-02-09T12:50:47.304+0000] {logging_mixin.py:188} INFO - [RAW] Deleted existing rows for AAPL in 2026-01-21..2026-01-23
[2026-02-09T12:50:47.315+0000] {logging_mixin.py:188} INFO - [RAW] Inserted 2 rows into dwh.raw_stock_prices
[2026-02-09T12:50:47.318+0000] {python.py:237} INFO - Done. Returned value was: None
[2026-02-09T12:50:47.319+0000] {taskinstance.py:441} INFO - ::group::Post task execution logs
[2026-02-09T12:50:47.331+0000] {taskinstance.py:1206} INFO - Marking task as SUCCESS. dag_id=stock_raw_aapl, task_id=download_and_load_raw, run_id=scheduled__2026-01-22T00:00:00+00:00, execution_date=20260122T000000, start_date=20260209T125046, end_date=20260209T125047
[2026-02-09T12:50:47.401+0000] {local_task_job_runner.py:243} INFO - Task exited with return code 0
[2026-02-09T12:50:47.424+0000] {taskinstance.py:3503} INFO - 0 downstream tasks scheduled from follow-on schedule check
[2026-02-09T12:50:47.431+0000] {local_task_job_runner.py:222} INFO - ::endgroup::
