[2026-02-09T10:41:00.397+0000] {local_task_job_runner.py:120} INFO - ::group::Pre task execution logs
[2026-02-09T10:41:00.425+0000] {taskinstance.py:2076} INFO - Dependencies all met for dep_context=non-requeueable deps ti=<TaskInstance: stock_raw_aapl.download_and_load_raw scheduled__2025-09-01T00:00:00+00:00 [queued]>
[2026-02-09T10:41:00.432+0000] {taskinstance.py:2076} INFO - Dependencies all met for dep_context=requeueable deps ti=<TaskInstance: stock_raw_aapl.download_and_load_raw scheduled__2025-09-01T00:00:00+00:00 [queued]>
[2026-02-09T10:41:00.432+0000] {taskinstance.py:2306} INFO - Starting attempt 1 of 1
[2026-02-09T10:41:00.445+0000] {taskinstance.py:2330} INFO - Executing <Task(PythonOperator): download_and_load_raw> on 2025-09-01 00:00:00+00:00
[2026-02-09T10:41:00.456+0000] {logging_mixin.py:188} WARNING - /home/***/.local/lib/python3.12/site-packages/***/task/task_runner/standard_task_runner.py:62 DeprecationWarning: This process (pid=7611) is multi-threaded, use of fork() may lead to deadlocks in the child.
[2026-02-09T10:41:00.455+0000] {standard_task_runner.py:90} INFO - Running: ['***', 'tasks', 'run', 'stock_raw_aapl', 'download_and_load_raw', 'scheduled__2025-09-01T00:00:00+00:00', '--job-id', '5848', '--raw', '--subdir', 'DAGS_FOLDER/stocks_dwh/raw/stocks_raw_dags.py', '--cfg-path', '/tmp/tmp48aldq_j']
[2026-02-09T10:41:00.457+0000] {standard_task_runner.py:64} INFO - Started process 7617 to run task
[2026-02-09T10:41:00.457+0000] {standard_task_runner.py:91} INFO - Job 5848: Subtask download_and_load_raw
[2026-02-09T10:41:00.517+0000] {task_command.py:426} INFO - Running <TaskInstance: stock_raw_aapl.download_and_load_raw scheduled__2025-09-01T00:00:00+00:00 [running]> on host 4886d37bc122
[2026-02-09T10:41:00.605+0000] {taskinstance.py:2648} INFO - Exporting env vars: AIRFLOW_CTX_DAG_OWNER='***' AIRFLOW_CTX_DAG_ID='stock_raw_aapl' AIRFLOW_CTX_TASK_ID='download_and_load_raw' AIRFLOW_CTX_EXECUTION_DATE='2025-09-01T00:00:00+00:00' AIRFLOW_CTX_TRY_NUMBER='1' AIRFLOW_CTX_DAG_RUN_ID='scheduled__2025-09-01T00:00:00+00:00'
[2026-02-09T10:41:00.607+0000] {taskinstance.py:430} INFO - ::endgroup::
[2026-02-09T10:41:00.616+0000] {logging_mixin.py:188} INFO - [RAW] Download AAPL [1d] 2025-09-01..2025-09-02
[2026-02-09T10:41:00.618+0000] {logging_mixin.py:188} WARNING - /opt/***/dags/stocks_dwh/raw/stocks_raw_dags.py:38 FutureWarning: YF.download() has changed argument auto_adjust default to True
[2026-02-09T10:41:00.626+0000] {logging_mixin.py:188} WARNING - /home/***/.local/lib/python3.12/site-packages/yfinance/scrapers/history.py:204 Pandas4Warning: Timestamp.utcnow is deprecated and will be removed in a future version. Use Timestamp.now('UTC') instead.
[2026-02-09T10:41:02.686+0000] {multi.py:185} ERROR - 
1 Failed download:
[2026-02-09T10:41:02.687+0000] {multi.py:198} ERROR - ['AAPL']: YFPricesMissingError('possibly delisted; no price data found  (1d 2025-09-01 -> 2025-09-02)')
[2026-02-09T10:41:02.700+0000] {logging_mixin.py:188} INFO - [RAW] No data from yfinance
[2026-02-09T10:41:02.701+0000] {python.py:237} INFO - Done. Returned value was: None
[2026-02-09T10:41:02.702+0000] {taskinstance.py:441} INFO - ::group::Post task execution logs
[2026-02-09T10:41:02.711+0000] {taskinstance.py:1206} INFO - Marking task as SUCCESS. dag_id=stock_raw_aapl, task_id=download_and_load_raw, run_id=scheduled__2025-09-01T00:00:00+00:00, execution_date=20250901T000000, start_date=20260209T104100, end_date=20260209T104102
[2026-02-09T10:41:02.758+0000] {local_task_job_runner.py:243} INFO - Task exited with return code 0
[2026-02-09T10:41:02.775+0000] {taskinstance.py:3503} INFO - 0 downstream tasks scheduled from follow-on schedule check
[2026-02-09T10:41:02.777+0000] {local_task_job_runner.py:222} INFO - ::endgroup::
[2026-02-09T12:42:52.654+0000] {local_task_job_runner.py:120} INFO - ::group::Pre task execution logs
[2026-02-09T12:42:52.685+0000] {taskinstance.py:2076} INFO - Dependencies all met for dep_context=non-requeueable deps ti=<TaskInstance: stock_raw_aapl.download_and_load_raw scheduled__2025-09-01T00:00:00+00:00 [queued]>
[2026-02-09T12:42:52.693+0000] {taskinstance.py:2076} INFO - Dependencies all met for dep_context=requeueable deps ti=<TaskInstance: stock_raw_aapl.download_and_load_raw scheduled__2025-09-01T00:00:00+00:00 [queued]>
[2026-02-09T12:42:52.694+0000] {taskinstance.py:2306} INFO - Starting attempt 1 of 1
[2026-02-09T12:42:52.708+0000] {taskinstance.py:2330} INFO - Executing <Task(PythonOperator): download_and_load_raw> on 2025-09-01 00:00:00+00:00
[2026-02-09T12:42:52.722+0000] {logging_mixin.py:188} WARNING - /home/***/.local/lib/python3.12/site-packages/***/task/task_runner/standard_task_runner.py:62 DeprecationWarning: This process (pid=18349) is multi-threaded, use of fork() may lead to deadlocks in the child.
[2026-02-09T12:42:52.724+0000] {standard_task_runner.py:64} INFO - Started process 18351 to run task
[2026-02-09T12:42:52.722+0000] {standard_task_runner.py:90} INFO - Running: ['***', 'tasks', 'run', 'stock_raw_aapl', 'download_and_load_raw', 'scheduled__2025-09-01T00:00:00+00:00', '--job-id', '7801', '--raw', '--subdir', 'DAGS_FOLDER/stocks_dwh/raw/stocks_raw_dags.py', '--cfg-path', '/tmp/tmp5ifufu_y']
[2026-02-09T12:42:52.725+0000] {standard_task_runner.py:91} INFO - Job 7801: Subtask download_and_load_raw
[2026-02-09T12:42:52.790+0000] {task_command.py:426} INFO - Running <TaskInstance: stock_raw_aapl.download_and_load_raw scheduled__2025-09-01T00:00:00+00:00 [running]> on host 4886d37bc122
[2026-02-09T12:42:52.890+0000] {taskinstance.py:2648} INFO - Exporting env vars: AIRFLOW_CTX_DAG_OWNER='***' AIRFLOW_CTX_DAG_ID='stock_raw_aapl' AIRFLOW_CTX_TASK_ID='download_and_load_raw' AIRFLOW_CTX_EXECUTION_DATE='2025-09-01T00:00:00+00:00' AIRFLOW_CTX_TRY_NUMBER='1' AIRFLOW_CTX_DAG_RUN_ID='scheduled__2025-09-01T00:00:00+00:00'
[2026-02-09T12:42:52.891+0000] {taskinstance.py:430} INFO - ::endgroup::
[2026-02-09T12:42:52.903+0000] {stocks_raw_dags.py:37} INFO - 2025-09-01 00:00:00+00:00, 2025-09-02 00:00:00+00:00
[2026-02-09T12:42:52.904+0000] {logging_mixin.py:188} INFO - [RAW] Download AAPL [1d] 2025-08-31..2025-09-02
[2026-02-09T12:42:52.906+0000] {logging_mixin.py:188} WARNING - /opt/***/dags/stocks_dwh/raw/stocks_raw_dags.py:42 FutureWarning: YF.download() has changed argument auto_adjust default to True
[2026-02-09T12:42:52.915+0000] {logging_mixin.py:188} WARNING - /home/***/.local/lib/python3.12/site-packages/yfinance/scrapers/history.py:204 Pandas4Warning: Timestamp.utcnow is deprecated and will be removed in a future version. Use Timestamp.now('UTC') instead.
[2026-02-09T12:42:53.415+0000] {logging_mixin.py:188} WARNING - [*********************100%***********************]  1 of 1 completed
[2026-02-09T12:42:53.416+0000] {multi.py:185} ERROR - 
1 Failed download:
[2026-02-09T12:42:53.416+0000] {multi.py:198} ERROR - ['AAPL']: YFPricesMissingError('possibly delisted; no price data found  (1d 2025-08-31 -> 2025-09-02)')
[2026-02-09T12:42:53.429+0000] {logging_mixin.py:188} INFO - [RAW] No data from yfinance
[2026-02-09T12:42:53.429+0000] {python.py:237} INFO - Done. Returned value was: None
[2026-02-09T12:42:53.430+0000] {taskinstance.py:441} INFO - ::group::Post task execution logs
[2026-02-09T12:42:53.441+0000] {taskinstance.py:1206} INFO - Marking task as SUCCESS. dag_id=stock_raw_aapl, task_id=download_and_load_raw, run_id=scheduled__2025-09-01T00:00:00+00:00, execution_date=20250901T000000, start_date=20260209T124252, end_date=20260209T124253
[2026-02-09T12:42:53.500+0000] {local_task_job_runner.py:243} INFO - Task exited with return code 0
[2026-02-09T12:42:53.518+0000] {taskinstance.py:3503} INFO - 0 downstream tasks scheduled from follow-on schedule check
[2026-02-09T12:42:53.522+0000] {local_task_job_runner.py:222} INFO - ::endgroup::
