[2026-02-09T10:44:51.934+0000] {local_task_job_runner.py:120} INFO - ::group::Pre task execution logs
[2026-02-09T10:44:51.962+0000] {taskinstance.py:2076} INFO - Dependencies all met for dep_context=non-requeueable deps ti=<TaskInstance: stock_raw_aapl.download_and_load_raw scheduled__2025-11-08T00:00:00+00:00 [queued]>
[2026-02-09T10:44:51.970+0000] {taskinstance.py:2076} INFO - Dependencies all met for dep_context=requeueable deps ti=<TaskInstance: stock_raw_aapl.download_and_load_raw scheduled__2025-11-08T00:00:00+00:00 [queued]>
[2026-02-09T10:44:51.971+0000] {taskinstance.py:2306} INFO - Starting attempt 1 of 1
[2026-02-09T10:44:51.982+0000] {taskinstance.py:2330} INFO - Executing <Task(PythonOperator): download_and_load_raw> on 2025-11-08 00:00:00+00:00
[2026-02-09T10:44:51.995+0000] {logging_mixin.py:188} WARNING - /home/***/.local/lib/python3.12/site-packages/***/task/task_runner/standard_task_runner.py:62 DeprecationWarning: This process (pid=9017) is multi-threaded, use of fork() may lead to deadlocks in the child.
[2026-02-09T10:44:51.997+0000] {standard_task_runner.py:64} INFO - Started process 9026 to run task
[2026-02-09T10:44:51.996+0000] {standard_task_runner.py:90} INFO - Running: ['***', 'tasks', 'run', 'stock_raw_aapl', 'download_and_load_raw', 'scheduled__2025-11-08T00:00:00+00:00', '--job-id', '6176', '--raw', '--subdir', 'DAGS_FOLDER/stocks_dwh/raw/stocks_raw_dags.py', '--cfg-path', '/tmp/tmp9zc8u9n2']
[2026-02-09T10:44:51.998+0000] {standard_task_runner.py:91} INFO - Job 6176: Subtask download_and_load_raw
[2026-02-09T10:44:52.065+0000] {task_command.py:426} INFO - Running <TaskInstance: stock_raw_aapl.download_and_load_raw scheduled__2025-11-08T00:00:00+00:00 [running]> on host 4886d37bc122
[2026-02-09T10:44:52.164+0000] {taskinstance.py:2648} INFO - Exporting env vars: AIRFLOW_CTX_DAG_OWNER='***' AIRFLOW_CTX_DAG_ID='stock_raw_aapl' AIRFLOW_CTX_TASK_ID='download_and_load_raw' AIRFLOW_CTX_EXECUTION_DATE='2025-11-08T00:00:00+00:00' AIRFLOW_CTX_TRY_NUMBER='1' AIRFLOW_CTX_DAG_RUN_ID='scheduled__2025-11-08T00:00:00+00:00'
[2026-02-09T10:44:52.166+0000] {taskinstance.py:430} INFO - ::endgroup::
[2026-02-09T10:44:52.177+0000] {logging_mixin.py:188} INFO - [RAW] Download AAPL [1d] 2025-11-08..2025-11-09
[2026-02-09T10:44:52.180+0000] {logging_mixin.py:188} WARNING - /opt/***/dags/stocks_dwh/raw/stocks_raw_dags.py:38 FutureWarning: YF.download() has changed argument auto_adjust default to True
[2026-02-09T10:44:52.189+0000] {logging_mixin.py:188} WARNING - /home/***/.local/lib/python3.12/site-packages/yfinance/scrapers/history.py:204 Pandas4Warning: Timestamp.utcnow is deprecated and will be removed in a future version. Use Timestamp.now('UTC') instead.
[2026-02-09T10:44:52.679+0000] {multi.py:185} ERROR - 
1 Failed download:
[2026-02-09T10:44:52.679+0000] {multi.py:198} ERROR - ['AAPL']: YFPricesMissingError('possibly delisted; no price data found  (1d 2025-11-08 -> 2025-11-09)')
[2026-02-09T10:44:52.696+0000] {logging_mixin.py:188} INFO - [RAW] No data from yfinance
[2026-02-09T10:44:52.697+0000] {python.py:237} INFO - Done. Returned value was: None
[2026-02-09T10:44:52.697+0000] {taskinstance.py:441} INFO - ::group::Post task execution logs
[2026-02-09T10:44:52.706+0000] {taskinstance.py:1206} INFO - Marking task as SUCCESS. dag_id=stock_raw_aapl, task_id=download_and_load_raw, run_id=scheduled__2025-11-08T00:00:00+00:00, execution_date=20251108T000000, start_date=20260209T104451, end_date=20260209T104452
[2026-02-09T10:44:52.772+0000] {local_task_job_runner.py:243} INFO - Task exited with return code 0
[2026-02-09T10:44:52.790+0000] {taskinstance.py:3503} INFO - 0 downstream tasks scheduled from follow-on schedule check
[2026-02-09T10:44:52.791+0000] {local_task_job_runner.py:222} INFO - ::endgroup::
[2026-02-09T12:46:32.494+0000] {local_task_job_runner.py:120} INFO - ::group::Pre task execution logs
[2026-02-09T12:46:32.527+0000] {taskinstance.py:2076} INFO - Dependencies all met for dep_context=non-requeueable deps ti=<TaskInstance: stock_raw_aapl.download_and_load_raw scheduled__2025-11-08T00:00:00+00:00 [queued]>
[2026-02-09T12:46:32.535+0000] {taskinstance.py:2076} INFO - Dependencies all met for dep_context=requeueable deps ti=<TaskInstance: stock_raw_aapl.download_and_load_raw scheduled__2025-11-08T00:00:00+00:00 [queued]>
[2026-02-09T12:46:32.536+0000] {taskinstance.py:2306} INFO - Starting attempt 1 of 1
[2026-02-09T12:46:32.550+0000] {taskinstance.py:2330} INFO - Executing <Task(PythonOperator): download_and_load_raw> on 2025-11-08 00:00:00+00:00
[2026-02-09T12:46:32.562+0000] {logging_mixin.py:188} WARNING - /home/***/.local/lib/python3.12/site-packages/***/task/task_runner/standard_task_runner.py:62 DeprecationWarning: This process (pid=18705) is multi-threaded, use of fork() may lead to deadlocks in the child.
[2026-02-09T12:46:32.564+0000] {standard_task_runner.py:64} INFO - Started process 18707 to run task
[2026-02-09T12:46:32.562+0000] {standard_task_runner.py:90} INFO - Running: ['***', 'tasks', 'run', 'stock_raw_aapl', 'download_and_load_raw', 'scheduled__2025-11-08T00:00:00+00:00', '--job-id', '7869', '--raw', '--subdir', 'DAGS_FOLDER/stocks_dwh/raw/stocks_raw_dags.py', '--cfg-path', '/tmp/tmp_rs1zd65']
[2026-02-09T12:46:32.565+0000] {standard_task_runner.py:91} INFO - Job 7869: Subtask download_and_load_raw
[2026-02-09T12:46:32.630+0000] {task_command.py:426} INFO - Running <TaskInstance: stock_raw_aapl.download_and_load_raw scheduled__2025-11-08T00:00:00+00:00 [running]> on host 4886d37bc122
[2026-02-09T12:46:32.732+0000] {taskinstance.py:2648} INFO - Exporting env vars: AIRFLOW_CTX_DAG_OWNER='***' AIRFLOW_CTX_DAG_ID='stock_raw_aapl' AIRFLOW_CTX_TASK_ID='download_and_load_raw' AIRFLOW_CTX_EXECUTION_DATE='2025-11-08T00:00:00+00:00' AIRFLOW_CTX_TRY_NUMBER='1' AIRFLOW_CTX_DAG_RUN_ID='scheduled__2025-11-08T00:00:00+00:00'
[2026-02-09T12:46:32.733+0000] {taskinstance.py:430} INFO - ::endgroup::
[2026-02-09T12:46:32.745+0000] {stocks_raw_dags.py:37} INFO - 2025-11-08 00:00:00+00:00, 2025-11-09 00:00:00+00:00
[2026-02-09T12:46:32.746+0000] {logging_mixin.py:188} INFO - [RAW] Download AAPL [1d] 2025-11-07..2025-11-09
[2026-02-09T12:46:32.748+0000] {logging_mixin.py:188} WARNING - /opt/***/dags/stocks_dwh/raw/stocks_raw_dags.py:42 FutureWarning: YF.download() has changed argument auto_adjust default to True
[2026-02-09T12:46:32.756+0000] {logging_mixin.py:188} WARNING - /home/***/.local/lib/python3.12/site-packages/yfinance/scrapers/history.py:204 Pandas4Warning: Timestamp.utcnow is deprecated and will be removed in a future version. Use Timestamp.now('UTC') instead.
[2026-02-09T12:46:33.289+0000] {logging_mixin.py:188} WARNING - [*********************100%***********************]  1 of 1 completed
[2026-02-09T12:46:33.326+0000] {base.py:84} INFO - Using connection ID 'dwh_clickhouse' for task execution.
[2026-02-09T12:46:33.361+0000] {logging_mixin.py:188} INFO - [RAW] Deleted existing rows for AAPL in 2025-11-07..2025-11-09
[2026-02-09T12:46:33.370+0000] {logging_mixin.py:188} INFO - [RAW] Inserted 1 rows into dwh.raw_stock_prices
[2026-02-09T12:46:33.371+0000] {python.py:237} INFO - Done. Returned value was: None
[2026-02-09T12:46:33.372+0000] {taskinstance.py:441} INFO - ::group::Post task execution logs
[2026-02-09T12:46:33.386+0000] {taskinstance.py:1206} INFO - Marking task as SUCCESS. dag_id=stock_raw_aapl, task_id=download_and_load_raw, run_id=scheduled__2025-11-08T00:00:00+00:00, execution_date=20251108T000000, start_date=20260209T124632, end_date=20260209T124633
[2026-02-09T12:46:33.460+0000] {local_task_job_runner.py:243} INFO - Task exited with return code 0
[2026-02-09T12:46:33.485+0000] {taskinstance.py:3503} INFO - 0 downstream tasks scheduled from follow-on schedule check
[2026-02-09T12:46:33.488+0000] {local_task_job_runner.py:222} INFO - ::endgroup::
