[2026-02-09T10:40:07.815+0000] {local_task_job_runner.py:120} INFO - ::group::Pre task execution logs
[2026-02-09T10:40:07.851+0000] {taskinstance.py:2076} INFO - Dependencies all met for dep_context=non-requeueable deps ti=<TaskInstance: stock_raw_aapl.download_and_load_raw scheduled__2025-08-15T00:00:00+00:00 [queued]>
[2026-02-09T10:40:07.861+0000] {taskinstance.py:2076} INFO - Dependencies all met for dep_context=requeueable deps ti=<TaskInstance: stock_raw_aapl.download_and_load_raw scheduled__2025-08-15T00:00:00+00:00 [queued]>
[2026-02-09T10:40:07.862+0000] {taskinstance.py:2306} INFO - Starting attempt 1 of 1
[2026-02-09T10:40:07.873+0000] {taskinstance.py:2330} INFO - Executing <Task(PythonOperator): download_and_load_raw> on 2025-08-15 00:00:00+00:00
[2026-02-09T10:40:07.885+0000] {logging_mixin.py:188} WARNING - /home/***/.local/lib/python3.12/site-packages/***/task/task_runner/standard_task_runner.py:62 DeprecationWarning: This process (pid=7246) is multi-threaded, use of fork() may lead to deadlocks in the child.
[2026-02-09T10:40:07.887+0000] {standard_task_runner.py:64} INFO - Started process 7258 to run task
[2026-02-09T10:40:07.886+0000] {standard_task_runner.py:90} INFO - Running: ['***', 'tasks', 'run', 'stock_raw_aapl', 'download_and_load_raw', 'scheduled__2025-08-15T00:00:00+00:00', '--job-id', '5764', '--raw', '--subdir', 'DAGS_FOLDER/stocks_dwh/raw/stocks_raw_dags.py', '--cfg-path', '/tmp/tmppefva7mj']
[2026-02-09T10:40:07.890+0000] {standard_task_runner.py:91} INFO - Job 5764: Subtask download_and_load_raw
[2026-02-09T10:40:07.952+0000] {task_command.py:426} INFO - Running <TaskInstance: stock_raw_aapl.download_and_load_raw scheduled__2025-08-15T00:00:00+00:00 [running]> on host 4886d37bc122
[2026-02-09T10:40:08.042+0000] {taskinstance.py:2648} INFO - Exporting env vars: AIRFLOW_CTX_DAG_OWNER='***' AIRFLOW_CTX_DAG_ID='stock_raw_aapl' AIRFLOW_CTX_TASK_ID='download_and_load_raw' AIRFLOW_CTX_EXECUTION_DATE='2025-08-15T00:00:00+00:00' AIRFLOW_CTX_TRY_NUMBER='1' AIRFLOW_CTX_DAG_RUN_ID='scheduled__2025-08-15T00:00:00+00:00'
[2026-02-09T10:40:08.043+0000] {taskinstance.py:430} INFO - ::endgroup::
[2026-02-09T10:40:08.055+0000] {logging_mixin.py:188} INFO - [RAW] Download AAPL [1d] 2025-08-15..2025-08-16
[2026-02-09T10:40:08.058+0000] {logging_mixin.py:188} WARNING - /opt/***/dags/stocks_dwh/raw/stocks_raw_dags.py:38 FutureWarning: YF.download() has changed argument auto_adjust default to True
[2026-02-09T10:40:08.068+0000] {logging_mixin.py:188} WARNING - /home/***/.local/lib/python3.12/site-packages/yfinance/scrapers/history.py:204 Pandas4Warning: Timestamp.utcnow is deprecated and will be removed in a future version. Use Timestamp.now('UTC') instead.
[2026-02-09T10:40:08.595+0000] {taskinstance.py:441} INFO - ::group::Post task execution logs
[2026-02-09T10:40:08.596+0000] {taskinstance.py:2905} ERROR - Task failed with exception
Traceback (most recent call last):
  File "/home/airflow/.local/lib/python3.12/site-packages/airflow/models/taskinstance.py", line 465, in _execute_task
    result = _execute_callable(context=context, **execute_callable_kwargs)
             ^^^^^^^^^^^^^^^^^^^^^^^^^^^^^^^^^^^^^^^^^^^^^^^^^^^^^^^^^^^^^
  File "/home/airflow/.local/lib/python3.12/site-packages/airflow/models/taskinstance.py", line 432, in _execute_callable
    return execute_callable(context=context, **execute_callable_kwargs)
           ^^^^^^^^^^^^^^^^^^^^^^^^^^^^^^^^^^^^^^^^^^^^^^^^^^^^^^^^^^^^
  File "/home/airflow/.local/lib/python3.12/site-packages/airflow/models/baseoperator.py", line 401, in wrapper
    return func(self, *args, **kwargs)
           ^^^^^^^^^^^^^^^^^^^^^^^^^^^
  File "/home/airflow/.local/lib/python3.12/site-packages/airflow/operators/python.py", line 235, in execute
    return_value = self.execute_callable()
                   ^^^^^^^^^^^^^^^^^^^^^^^
  File "/home/airflow/.local/lib/python3.12/site-packages/airflow/operators/python.py", line 252, in execute_callable
    return self.python_callable(*self.op_args, **self.op_kwargs)
           ^^^^^^^^^^^^^^^^^^^^^^^^^^^^^^^^^^^^^^^^^^^^^^^^^^^^^
  File "/opt/airflow/dags/stocks_dwh/raw/stocks_raw_dags.py", line 86, in download_and_load_raw
    df["volume"] = pd.to_numeric(df["volume"], errors="coerce").fillna(0).astype("int64")
                   ^^^^^^^^^^^^^^^^^^^^^^^^^^^^^^^^^^^^^^^^^^^^
  File "/home/airflow/.local/lib/python3.12/site-packages/pandas/core/tools/numeric.py", line 212, in to_numeric
    raise TypeError("arg must be a list, tuple, 1-d array, or Series")
TypeError: arg must be a list, tuple, 1-d array, or Series
[2026-02-09T10:40:08.615+0000] {taskinstance.py:1206} INFO - Marking task as FAILED. dag_id=stock_raw_aapl, task_id=download_and_load_raw, run_id=scheduled__2025-08-15T00:00:00+00:00, execution_date=20250815T000000, start_date=20260209T104007, end_date=20260209T104008
[2026-02-09T10:40:08.628+0000] {standard_task_runner.py:110} ERROR - Failed to execute job 5764 for task download_and_load_raw (arg must be a list, tuple, 1-d array, or Series; 7258)
[2026-02-09T10:40:08.664+0000] {local_task_job_runner.py:243} INFO - Task exited with return code 1
[2026-02-09T10:40:08.680+0000] {taskinstance.py:3503} INFO - 0 downstream tasks scheduled from follow-on schedule check
[2026-02-09T10:40:08.681+0000] {local_task_job_runner.py:222} INFO - ::endgroup::
[2026-02-09T12:42:02.087+0000] {local_task_job_runner.py:120} INFO - ::group::Pre task execution logs
[2026-02-09T12:42:02.117+0000] {taskinstance.py:2076} INFO - Dependencies all met for dep_context=non-requeueable deps ti=<TaskInstance: stock_raw_aapl.download_and_load_raw scheduled__2025-08-15T00:00:00+00:00 [queued]>
[2026-02-09T12:42:02.125+0000] {taskinstance.py:2076} INFO - Dependencies all met for dep_context=requeueable deps ti=<TaskInstance: stock_raw_aapl.download_and_load_raw scheduled__2025-08-15T00:00:00+00:00 [queued]>
[2026-02-09T12:42:02.125+0000] {taskinstance.py:2306} INFO - Starting attempt 1 of 1
[2026-02-09T12:42:02.139+0000] {taskinstance.py:2330} INFO - Executing <Task(PythonOperator): download_and_load_raw> on 2025-08-15 00:00:00+00:00
[2026-02-09T12:42:02.151+0000] {logging_mixin.py:188} WARNING - /home/***/.local/lib/python3.12/site-packages/***/task/task_runner/standard_task_runner.py:62 DeprecationWarning: This process (pid=18263) is multi-threaded, use of fork() may lead to deadlocks in the child.
[2026-02-09T12:42:02.152+0000] {standard_task_runner.py:64} INFO - Started process 18265 to run task
[2026-02-09T12:42:02.151+0000] {standard_task_runner.py:90} INFO - Running: ['***', 'tasks', 'run', 'stock_raw_aapl', 'download_and_load_raw', 'scheduled__2025-08-15T00:00:00+00:00', '--job-id', '7784', '--raw', '--subdir', 'DAGS_FOLDER/stocks_dwh/raw/stocks_raw_dags.py', '--cfg-path', '/tmp/tmpw26psnj4']
[2026-02-09T12:42:02.153+0000] {standard_task_runner.py:91} INFO - Job 7784: Subtask download_and_load_raw
[2026-02-09T12:42:02.224+0000] {task_command.py:426} INFO - Running <TaskInstance: stock_raw_aapl.download_and_load_raw scheduled__2025-08-15T00:00:00+00:00 [running]> on host 4886d37bc122
[2026-02-09T12:42:02.321+0000] {taskinstance.py:2648} INFO - Exporting env vars: AIRFLOW_CTX_DAG_OWNER='***' AIRFLOW_CTX_DAG_ID='stock_raw_aapl' AIRFLOW_CTX_TASK_ID='download_and_load_raw' AIRFLOW_CTX_EXECUTION_DATE='2025-08-15T00:00:00+00:00' AIRFLOW_CTX_TRY_NUMBER='1' AIRFLOW_CTX_DAG_RUN_ID='scheduled__2025-08-15T00:00:00+00:00'
[2026-02-09T12:42:02.323+0000] {taskinstance.py:430} INFO - ::endgroup::
[2026-02-09T12:42:02.333+0000] {stocks_raw_dags.py:37} INFO - 2025-08-15 00:00:00+00:00, 2025-08-16 00:00:00+00:00
[2026-02-09T12:42:02.333+0000] {logging_mixin.py:188} INFO - [RAW] Download AAPL [1d] 2025-08-14..2025-08-16
[2026-02-09T12:42:02.336+0000] {logging_mixin.py:188} WARNING - /opt/***/dags/stocks_dwh/raw/stocks_raw_dags.py:42 FutureWarning: YF.download() has changed argument auto_adjust default to True
[2026-02-09T12:42:02.345+0000] {logging_mixin.py:188} WARNING - /home/***/.local/lib/python3.12/site-packages/yfinance/scrapers/history.py:204 Pandas4Warning: Timestamp.utcnow is deprecated and will be removed in a future version. Use Timestamp.now('UTC') instead.
[2026-02-09T12:42:02.859+0000] {logging_mixin.py:188} WARNING - [*********************100%***********************]  1 of 1 completed
[2026-02-09T12:42:02.895+0000] {base.py:84} INFO - Using connection ID 'dwh_clickhouse' for task execution.
[2026-02-09T12:42:02.927+0000] {logging_mixin.py:188} INFO - [RAW] Deleted existing rows for AAPL in 2025-08-14..2025-08-16
[2026-02-09T12:42:02.937+0000] {logging_mixin.py:188} INFO - [RAW] Inserted 2 rows into dwh.raw_stock_prices
[2026-02-09T12:42:02.938+0000] {python.py:237} INFO - Done. Returned value was: None
[2026-02-09T12:42:02.940+0000] {taskinstance.py:441} INFO - ::group::Post task execution logs
[2026-02-09T12:42:02.952+0000] {taskinstance.py:1206} INFO - Marking task as SUCCESS. dag_id=stock_raw_aapl, task_id=download_and_load_raw, run_id=scheduled__2025-08-15T00:00:00+00:00, execution_date=20250815T000000, start_date=20260209T124202, end_date=20260209T124202
[2026-02-09T12:42:03.010+0000] {local_task_job_runner.py:243} INFO - Task exited with return code 0
[2026-02-09T12:42:03.030+0000] {taskinstance.py:3503} INFO - 0 downstream tasks scheduled from follow-on schedule check
[2026-02-09T12:42:03.034+0000] {local_task_job_runner.py:222} INFO - ::endgroup::
