[2026-02-09T10:10:11.214+0000] {local_task_job_runner.py:120} INFO - ::group::Pre task execution logs
[2026-02-09T10:10:11.247+0000] {taskinstance.py:2076} INFO - Dependencies all met for dep_context=non-requeueable deps ti=<TaskInstance: stock_raw_aapl.download_and_load_raw scheduled__2024-03-17T00:00:00+00:00 [queued]>
[2026-02-09T10:10:11.256+0000] {taskinstance.py:2076} INFO - Dependencies all met for dep_context=requeueable deps ti=<TaskInstance: stock_raw_aapl.download_and_load_raw scheduled__2024-03-17T00:00:00+00:00 [queued]>
[2026-02-09T10:10:11.257+0000] {taskinstance.py:2306} INFO - Starting attempt 1 of 1
[2026-02-09T10:10:11.273+0000] {taskinstance.py:2330} INFO - Executing <Task(PythonOperator): download_and_load_raw> on 2024-03-17 00:00:00+00:00
[2026-02-09T10:10:11.289+0000] {logging_mixin.py:188} WARNING - /home/***/.local/lib/python3.12/site-packages/***/task/task_runner/standard_task_runner.py:62 DeprecationWarning: This process (pid=2600) is multi-threaded, use of fork() may lead to deadlocks in the child.
[2026-02-09T10:10:11.290+0000] {standard_task_runner.py:64} INFO - Started process 2608 to run task
[2026-02-09T10:10:11.290+0000] {standard_task_runner.py:90} INFO - Running: ['***', 'tasks', 'run', 'stock_raw_aapl', 'download_and_load_raw', 'scheduled__2024-03-17T00:00:00+00:00', '--job-id', '3207', '--raw', '--subdir', 'DAGS_FOLDER/stocks_dwh/raw/stocks_raw_dags.py', '--cfg-path', '/tmp/tmpc2i16rn9']
[2026-02-09T10:10:11.293+0000] {standard_task_runner.py:91} INFO - Job 3207: Subtask download_and_load_raw
[2026-02-09T10:10:11.369+0000] {task_command.py:426} INFO - Running <TaskInstance: stock_raw_aapl.download_and_load_raw scheduled__2024-03-17T00:00:00+00:00 [running]> on host b6b9e92e7d61
[2026-02-09T10:10:11.476+0000] {taskinstance.py:2648} INFO - Exporting env vars: AIRFLOW_CTX_DAG_OWNER='***' AIRFLOW_CTX_DAG_ID='stock_raw_aapl' AIRFLOW_CTX_TASK_ID='download_and_load_raw' AIRFLOW_CTX_EXECUTION_DATE='2024-03-17T00:00:00+00:00' AIRFLOW_CTX_TRY_NUMBER='1' AIRFLOW_CTX_DAG_RUN_ID='scheduled__2024-03-17T00:00:00+00:00'
[2026-02-09T10:10:11.478+0000] {taskinstance.py:430} INFO - ::endgroup::
[2026-02-09T10:10:11.494+0000] {logging_mixin.py:188} INFO - [RAW] Download AAPL [1d] 2024-03-17..2024-03-18
[2026-02-09T10:10:11.497+0000] {logging_mixin.py:188} WARNING - /opt/***/dags/stocks_dwh/raw/stocks_raw_dags.py:38 FutureWarning: YF.download() has changed argument auto_adjust default to True
[2026-02-09T10:10:11.506+0000] {logging_mixin.py:188} WARNING - /home/***/.local/lib/python3.12/site-packages/yfinance/scrapers/history.py:204 Pandas4Warning: Timestamp.utcnow is deprecated and will be removed in a future version. Use Timestamp.now('UTC') instead.
[2026-02-09T10:10:11.986+0000] {multi.py:185} ERROR - 
1 Failed download:
[2026-02-09T10:10:11.987+0000] {multi.py:198} ERROR - ['AAPL']: YFPricesMissingError('possibly delisted; no price data found  (1d 2024-03-17 -> 2024-03-18)')
[2026-02-09T10:10:11.997+0000] {logging_mixin.py:188} INFO - [RAW] No data from yfinance
[2026-02-09T10:10:11.998+0000] {python.py:237} INFO - Done. Returned value was: None
[2026-02-09T10:10:11.998+0000] {taskinstance.py:441} INFO - ::group::Post task execution logs
[2026-02-09T10:10:12.008+0000] {taskinstance.py:1206} INFO - Marking task as SUCCESS. dag_id=stock_raw_aapl, task_id=download_and_load_raw, run_id=scheduled__2024-03-17T00:00:00+00:00, execution_date=20240317T000000, start_date=20260209T101011, end_date=20260209T101012
[2026-02-09T10:10:12.068+0000] {local_task_job_runner.py:243} INFO - Task exited with return code 0
[2026-02-09T10:10:12.085+0000] {taskinstance.py:3503} INFO - 0 downstream tasks scheduled from follow-on schedule check
[2026-02-09T10:10:12.087+0000] {local_task_job_runner.py:222} INFO - ::endgroup::
[2026-02-09T12:14:07.431+0000] {local_task_job_runner.py:120} INFO - ::group::Pre task execution logs
[2026-02-09T12:14:07.468+0000] {taskinstance.py:2076} INFO - Dependencies all met for dep_context=non-requeueable deps ti=<TaskInstance: stock_raw_aapl.download_and_load_raw scheduled__2024-03-17T00:00:00+00:00 [queued]>
[2026-02-09T12:14:07.481+0000] {taskinstance.py:2076} INFO - Dependencies all met for dep_context=requeueable deps ti=<TaskInstance: stock_raw_aapl.download_and_load_raw scheduled__2024-03-17T00:00:00+00:00 [queued]>
[2026-02-09T12:14:07.483+0000] {taskinstance.py:2306} INFO - Starting attempt 1 of 1
[2026-02-09T12:14:07.502+0000] {taskinstance.py:2330} INFO - Executing <Task(PythonOperator): download_and_load_raw> on 2024-03-17 00:00:00+00:00
[2026-02-09T12:14:07.514+0000] {logging_mixin.py:188} WARNING - /home/***/.local/lib/python3.12/site-packages/***/task/task_runner/standard_task_runner.py:62 DeprecationWarning: This process (pid=14083) is multi-threaded, use of fork() may lead to deadlocks in the child.
[2026-02-09T12:14:07.514+0000] {standard_task_runner.py:90} INFO - Running: ['***', 'tasks', 'run', 'stock_raw_aapl', 'download_and_load_raw', 'scheduled__2024-03-17T00:00:00+00:00', '--job-id', '6904', '--raw', '--subdir', 'DAGS_FOLDER/stocks_dwh/raw/stocks_raw_dags.py', '--cfg-path', '/tmp/tmphs6nvq_e']
[2026-02-09T12:14:07.517+0000] {standard_task_runner.py:64} INFO - Started process 14088 to run task
[2026-02-09T12:14:07.517+0000] {standard_task_runner.py:91} INFO - Job 6904: Subtask download_and_load_raw
[2026-02-09T12:14:07.585+0000] {task_command.py:426} INFO - Running <TaskInstance: stock_raw_aapl.download_and_load_raw scheduled__2024-03-17T00:00:00+00:00 [running]> on host 4886d37bc122
[2026-02-09T12:14:07.677+0000] {taskinstance.py:2648} INFO - Exporting env vars: AIRFLOW_CTX_DAG_OWNER='***' AIRFLOW_CTX_DAG_ID='stock_raw_aapl' AIRFLOW_CTX_TASK_ID='download_and_load_raw' AIRFLOW_CTX_EXECUTION_DATE='2024-03-17T00:00:00+00:00' AIRFLOW_CTX_TRY_NUMBER='1' AIRFLOW_CTX_DAG_RUN_ID='scheduled__2024-03-17T00:00:00+00:00'
[2026-02-09T12:14:07.678+0000] {taskinstance.py:430} INFO - ::endgroup::
[2026-02-09T12:14:07.691+0000] {stocks_raw_dags.py:37} INFO - 2024-03-17 00:00:00+00:00, 2024-03-18 00:00:00+00:00
[2026-02-09T12:14:07.692+0000] {logging_mixin.py:188} INFO - [RAW] Download AAPL [1d] 2024-03-16..2024-03-18
[2026-02-09T12:14:07.694+0000] {logging_mixin.py:188} WARNING - /opt/***/dags/stocks_dwh/raw/stocks_raw_dags.py:42 FutureWarning: YF.download() has changed argument auto_adjust default to True
[2026-02-09T12:14:07.702+0000] {logging_mixin.py:188} WARNING - /home/***/.local/lib/python3.12/site-packages/yfinance/scrapers/history.py:204 Pandas4Warning: Timestamp.utcnow is deprecated and will be removed in a future version. Use Timestamp.now('UTC') instead.
[2026-02-09T12:14:08.181+0000] {logging_mixin.py:188} WARNING - [*********************100%***********************]  1 of 1 completed
[2026-02-09T12:14:08.182+0000] {multi.py:185} ERROR - 
1 Failed download:
[2026-02-09T12:14:08.182+0000] {multi.py:198} ERROR - ['AAPL']: YFPricesMissingError('possibly delisted; no price data found  (1d 2024-03-16 -> 2024-03-18)')
[2026-02-09T12:14:08.194+0000] {logging_mixin.py:188} INFO - [RAW] No data from yfinance
[2026-02-09T12:14:08.196+0000] {python.py:237} INFO - Done. Returned value was: None
[2026-02-09T12:14:08.198+0000] {taskinstance.py:441} INFO - ::group::Post task execution logs
[2026-02-09T12:14:08.209+0000] {taskinstance.py:1206} INFO - Marking task as SUCCESS. dag_id=stock_raw_aapl, task_id=download_and_load_raw, run_id=scheduled__2024-03-17T00:00:00+00:00, execution_date=20240317T000000, start_date=20260209T121407, end_date=20260209T121408
[2026-02-09T12:14:08.253+0000] {local_task_job_runner.py:243} INFO - Task exited with return code 0
[2026-02-09T12:14:08.275+0000] {taskinstance.py:3503} INFO - 0 downstream tasks scheduled from follow-on schedule check
[2026-02-09T12:14:08.277+0000] {local_task_job_runner.py:222} INFO - ::endgroup::
