[2026-02-07T14:16:35.927+0000] {local_task_job_runner.py:120} INFO - ::group::Pre task execution logs
[2026-02-07T14:16:35.963+0000] {taskinstance.py:2076} INFO - Dependencies all met for dep_context=non-requeueable deps ti=<TaskInstance: stock_aapl.download scheduled__2024-01-01T00:00:00+00:00 [queued]>
[2026-02-07T14:16:35.972+0000] {taskinstance.py:2076} INFO - Dependencies all met for dep_context=requeueable deps ti=<TaskInstance: stock_aapl.download scheduled__2024-01-01T00:00:00+00:00 [queued]>
[2026-02-07T14:16:35.973+0000] {taskinstance.py:2306} INFO - Starting attempt 1 of 1
[2026-02-07T14:16:35.992+0000] {taskinstance.py:2330} INFO - Executing <Task(PythonOperator): download> on 2024-01-01 00:00:00+00:00
[2026-02-07T14:16:36.006+0000] {logging_mixin.py:188} WARNING - /home/***/.local/lib/python3.12/site-packages/***/task/task_runner/standard_task_runner.py:62 DeprecationWarning: This process (pid=306) is multi-threaded, use of fork() may lead to deadlocks in the child.
[2026-02-07T14:16:36.008+0000] {standard_task_runner.py:64} INFO - Started process 327 to run task
[2026-02-07T14:16:36.006+0000] {standard_task_runner.py:90} INFO - Running: ['***', 'tasks', 'run', 'stock_aapl', 'download', 'scheduled__2024-01-01T00:00:00+00:00', '--job-id', '19', '--raw', '--subdir', 'DAGS_FOLDER/stocks_dags.py', '--cfg-path', '/tmp/tmpxi6c213b']
[2026-02-07T14:16:36.009+0000] {standard_task_runner.py:91} INFO - Job 19: Subtask download
[2026-02-07T14:16:36.075+0000] {task_command.py:426} INFO - Running <TaskInstance: stock_aapl.download scheduled__2024-01-01T00:00:00+00:00 [running]> on host 5adf8c44a70f
[2026-02-07T14:16:36.163+0000] {taskinstance.py:2648} INFO - Exporting env vars: AIRFLOW_CTX_DAG_OWNER='***' AIRFLOW_CTX_DAG_ID='stock_aapl' AIRFLOW_CTX_TASK_ID='download' AIRFLOW_CTX_EXECUTION_DATE='2024-01-01T00:00:00+00:00' AIRFLOW_CTX_TRY_NUMBER='1' AIRFLOW_CTX_DAG_RUN_ID='scheduled__2024-01-01T00:00:00+00:00'
[2026-02-07T14:16:36.166+0000] {taskinstance.py:430} INFO - ::endgroup::
[2026-02-07T14:16:36.180+0000] {logging_mixin.py:188} INFO - Downloading AAPL from 2024-01-01 to 2024-01-02
[2026-02-07T14:16:36.183+0000] {logging_mixin.py:188} WARNING - /opt/***/dags/stocks_dags.py:22 FutureWarning: YF.download() has changed argument auto_adjust default to True
[2026-02-07T14:16:36.192+0000] {logging_mixin.py:188} WARNING - /home/***/.local/lib/python3.12/site-packages/yfinance/scrapers/history.py:204 Pandas4Warning: Timestamp.utcnow is deprecated and will be removed in a future version. Use Timestamp.now('UTC') instead.
[2026-02-07T14:16:37.107+0000] {multi.py:185} ERROR - 
1 Failed download:
[2026-02-07T14:16:37.109+0000] {multi.py:198} ERROR - ['AAPL']: YFPricesMissingError('possibly delisted; no price data found  (1d 2024-01-01 -> 2024-01-02)')
[2026-02-07T14:16:37.120+0000] {logging_mixin.py:188} INFO - No data
[2026-02-07T14:16:37.121+0000] {python.py:237} INFO - Done. Returned value was: None
[2026-02-07T14:16:37.122+0000] {taskinstance.py:441} INFO - ::group::Post task execution logs
[2026-02-07T14:16:37.131+0000] {taskinstance.py:1206} INFO - Marking task as SUCCESS. dag_id=stock_aapl, task_id=download, run_id=scheduled__2024-01-01T00:00:00+00:00, execution_date=20240101T000000, start_date=20260207T141635, end_date=20260207T141637
[2026-02-07T14:16:37.187+0000] {local_task_job_runner.py:243} INFO - Task exited with return code 0
[2026-02-07T14:16:37.203+0000] {taskinstance.py:3503} INFO - 0 downstream tasks scheduled from follow-on schedule check
[2026-02-07T14:16:37.207+0000] {local_task_job_runner.py:222} INFO - ::endgroup::
[2026-02-07T14:50:38.053+0000] {local_task_job_runner.py:120} INFO - ::group::Pre task execution logs
[2026-02-07T14:50:38.084+0000] {taskinstance.py:2076} INFO - Dependencies all met for dep_context=non-requeueable deps ti=<TaskInstance: stock_aapl.download scheduled__2024-01-01T00:00:00+00:00 [queued]>
[2026-02-07T14:50:38.092+0000] {taskinstance.py:2076} INFO - Dependencies all met for dep_context=requeueable deps ti=<TaskInstance: stock_aapl.download scheduled__2024-01-01T00:00:00+00:00 [queued]>
[2026-02-07T14:50:38.093+0000] {taskinstance.py:2306} INFO - Starting attempt 1 of 1
[2026-02-07T14:50:38.104+0000] {taskinstance.py:2330} INFO - Executing <Task(PythonOperator): download> on 2024-01-01 00:00:00+00:00
[2026-02-07T14:50:38.118+0000] {logging_mixin.py:188} WARNING - /home/***/.local/lib/python3.12/site-packages/***/task/task_runner/standard_task_runner.py:62 DeprecationWarning: This process (pid=202) is multi-threaded, use of fork() may lead to deadlocks in the child.
[2026-02-07T14:50:38.118+0000] {standard_task_runner.py:90} INFO - Running: ['***', 'tasks', 'run', 'stock_aapl', 'download', 'scheduled__2024-01-01T00:00:00+00:00', '--job-id', '2038', '--raw', '--subdir', 'DAGS_FOLDER/stocks_dags.py', '--cfg-path', '/tmp/tmpdfyiikii']
[2026-02-07T14:50:38.120+0000] {standard_task_runner.py:64} INFO - Started process 204 to run task
[2026-02-07T14:50:38.120+0000] {standard_task_runner.py:91} INFO - Job 2038: Subtask download
[2026-02-07T14:50:38.200+0000] {task_command.py:426} INFO - Running <TaskInstance: stock_aapl.download scheduled__2024-01-01T00:00:00+00:00 [running]> on host 5adf8c44a70f
[2026-02-07T14:50:38.293+0000] {taskinstance.py:2648} INFO - Exporting env vars: AIRFLOW_CTX_DAG_OWNER='***' AIRFLOW_CTX_DAG_ID='stock_aapl' AIRFLOW_CTX_TASK_ID='download' AIRFLOW_CTX_EXECUTION_DATE='2024-01-01T00:00:00+00:00' AIRFLOW_CTX_TRY_NUMBER='1' AIRFLOW_CTX_DAG_RUN_ID='scheduled__2024-01-01T00:00:00+00:00'
[2026-02-07T14:50:38.294+0000] {taskinstance.py:430} INFO - ::endgroup::
[2026-02-07T14:50:38.309+0000] {logging_mixin.py:188} INFO - Downloading AAPL from 2024-01-01 to 2024-01-02
[2026-02-07T14:50:38.311+0000] {logging_mixin.py:188} WARNING - /opt/***/dags/stocks_dags.py:22 FutureWarning: YF.download() has changed argument auto_adjust default to True
[2026-02-07T14:50:38.321+0000] {logging_mixin.py:188} WARNING - /home/***/.local/lib/python3.12/site-packages/yfinance/scrapers/history.py:204 Pandas4Warning: Timestamp.utcnow is deprecated and will be removed in a future version. Use Timestamp.now('UTC') instead.
[2026-02-07T14:50:38.893+0000] {multi.py:185} ERROR - 
1 Failed download:
[2026-02-07T14:50:38.894+0000] {multi.py:198} ERROR - ['AAPL']: YFPricesMissingError('possibly delisted; no price data found  (1d 2024-01-01 -> 2024-01-02)')
[2026-02-07T14:50:38.912+0000] {logging_mixin.py:188} INFO - No data
[2026-02-07T14:50:38.912+0000] {python.py:237} INFO - Done. Returned value was: None
[2026-02-07T14:50:38.913+0000] {taskinstance.py:441} INFO - ::group::Post task execution logs
[2026-02-07T14:50:38.924+0000] {taskinstance.py:1206} INFO - Marking task as SUCCESS. dag_id=stock_aapl, task_id=download, run_id=scheduled__2024-01-01T00:00:00+00:00, execution_date=20240101T000000, start_date=20260207T145038, end_date=20260207T145038
[2026-02-07T14:50:38.977+0000] {local_task_job_runner.py:243} INFO - Task exited with return code 0
[2026-02-07T14:50:39.000+0000] {taskinstance.py:3503} INFO - 0 downstream tasks scheduled from follow-on schedule check
[2026-02-07T14:50:39.004+0000] {local_task_job_runner.py:222} INFO - ::endgroup::
