[2026-02-09T10:47:21.409+0000] {local_task_job_runner.py:120} INFO - ::group::Pre task execution logs
[2026-02-09T10:47:21.440+0000] {taskinstance.py:2076} INFO - Dependencies all met for dep_context=non-requeueable deps ti=<TaskInstance: stock_raw_aapl.download_and_load_raw scheduled__2025-12-28T00:00:00+00:00 [queued]>
[2026-02-09T10:47:21.448+0000] {taskinstance.py:2076} INFO - Dependencies all met for dep_context=requeueable deps ti=<TaskInstance: stock_raw_aapl.download_and_load_raw scheduled__2025-12-28T00:00:00+00:00 [queued]>
[2026-02-09T10:47:21.450+0000] {taskinstance.py:2306} INFO - Starting attempt 1 of 1
[2026-02-09T10:47:21.461+0000] {taskinstance.py:2330} INFO - Executing <Task(PythonOperator): download_and_load_raw> on 2025-12-28 00:00:00+00:00
[2026-02-09T10:47:21.476+0000] {logging_mixin.py:188} WARNING - /home/***/.local/lib/python3.12/site-packages/***/task/task_runner/standard_task_runner.py:62 DeprecationWarning: This process (pid=10059) is multi-threaded, use of fork() may lead to deadlocks in the child.
[2026-02-09T10:47:21.477+0000] {standard_task_runner.py:64} INFO - Started process 10067 to run task
[2026-02-09T10:47:21.475+0000] {standard_task_runner.py:90} INFO - Running: ['***', 'tasks', 'run', 'stock_raw_aapl', 'download_and_load_raw', 'scheduled__2025-12-28T00:00:00+00:00', '--job-id', '6422', '--raw', '--subdir', 'DAGS_FOLDER/stocks_dwh/raw/stocks_raw_dags.py', '--cfg-path', '/tmp/tmpwj330295']
[2026-02-09T10:47:21.478+0000] {standard_task_runner.py:91} INFO - Job 6422: Subtask download_and_load_raw
[2026-02-09T10:47:21.540+0000] {task_command.py:426} INFO - Running <TaskInstance: stock_raw_aapl.download_and_load_raw scheduled__2025-12-28T00:00:00+00:00 [running]> on host 4886d37bc122
[2026-02-09T10:47:21.634+0000] {taskinstance.py:2648} INFO - Exporting env vars: AIRFLOW_CTX_DAG_OWNER='***' AIRFLOW_CTX_DAG_ID='stock_raw_aapl' AIRFLOW_CTX_TASK_ID='download_and_load_raw' AIRFLOW_CTX_EXECUTION_DATE='2025-12-28T00:00:00+00:00' AIRFLOW_CTX_TRY_NUMBER='1' AIRFLOW_CTX_DAG_RUN_ID='scheduled__2025-12-28T00:00:00+00:00'
[2026-02-09T10:47:21.635+0000] {taskinstance.py:430} INFO - ::endgroup::
[2026-02-09T10:47:21.649+0000] {logging_mixin.py:188} INFO - [RAW] Download AAPL [1d] 2025-12-28..2025-12-29
[2026-02-09T10:47:21.652+0000] {logging_mixin.py:188} WARNING - /opt/***/dags/stocks_dwh/raw/stocks_raw_dags.py:38 FutureWarning: YF.download() has changed argument auto_adjust default to True
[2026-02-09T10:47:21.660+0000] {logging_mixin.py:188} WARNING - /home/***/.local/lib/python3.12/site-packages/yfinance/scrapers/history.py:204 Pandas4Warning: Timestamp.utcnow is deprecated and will be removed in a future version. Use Timestamp.now('UTC') instead.
[2026-02-09T10:47:22.140+0000] {multi.py:185} ERROR - 
1 Failed download:
[2026-02-09T10:47:22.141+0000] {multi.py:198} ERROR - ['AAPL']: YFPricesMissingError('possibly delisted; no price data found  (1d 2025-12-28 -> 2025-12-29)')
[2026-02-09T10:47:22.158+0000] {logging_mixin.py:188} INFO - [RAW] No data from yfinance
[2026-02-09T10:47:22.158+0000] {python.py:237} INFO - Done. Returned value was: None
[2026-02-09T10:47:22.159+0000] {taskinstance.py:441} INFO - ::group::Post task execution logs
[2026-02-09T10:47:22.168+0000] {taskinstance.py:1206} INFO - Marking task as SUCCESS. dag_id=stock_raw_aapl, task_id=download_and_load_raw, run_id=scheduled__2025-12-28T00:00:00+00:00, execution_date=20251228T000000, start_date=20260209T104721, end_date=20260209T104722
[2026-02-09T10:47:22.214+0000] {local_task_job_runner.py:243} INFO - Task exited with return code 0
[2026-02-09T10:47:22.231+0000] {taskinstance.py:3503} INFO - 0 downstream tasks scheduled from follow-on schedule check
[2026-02-09T10:47:22.233+0000] {local_task_job_runner.py:222} INFO - ::endgroup::
[2026-02-09T12:49:17.117+0000] {local_task_job_runner.py:120} INFO - ::group::Pre task execution logs
[2026-02-09T12:49:17.152+0000] {taskinstance.py:2076} INFO - Dependencies all met for dep_context=non-requeueable deps ti=<TaskInstance: stock_raw_aapl.download_and_load_raw scheduled__2025-12-28T00:00:00+00:00 [queued]>
[2026-02-09T12:49:17.160+0000] {taskinstance.py:2076} INFO - Dependencies all met for dep_context=requeueable deps ti=<TaskInstance: stock_raw_aapl.download_and_load_raw scheduled__2025-12-28T00:00:00+00:00 [queued]>
[2026-02-09T12:49:17.161+0000] {taskinstance.py:2306} INFO - Starting attempt 1 of 1
[2026-02-09T12:49:17.176+0000] {taskinstance.py:2330} INFO - Executing <Task(PythonOperator): download_and_load_raw> on 2025-12-28 00:00:00+00:00
[2026-02-09T12:49:17.188+0000] {logging_mixin.py:188} WARNING - /home/***/.local/lib/python3.12/site-packages/***/task/task_runner/standard_task_runner.py:62 DeprecationWarning: This process (pid=18977) is multi-threaded, use of fork() may lead to deadlocks in the child.
[2026-02-09T12:49:17.189+0000] {standard_task_runner.py:64} INFO - Started process 18979 to run task
[2026-02-09T12:49:17.188+0000] {standard_task_runner.py:90} INFO - Running: ['***', 'tasks', 'run', 'stock_raw_aapl', 'download_and_load_raw', 'scheduled__2025-12-28T00:00:00+00:00', '--job-id', '7919', '--raw', '--subdir', 'DAGS_FOLDER/stocks_dwh/raw/stocks_raw_dags.py', '--cfg-path', '/tmp/tmpkj72mdd4']
[2026-02-09T12:49:17.191+0000] {standard_task_runner.py:91} INFO - Job 7919: Subtask download_and_load_raw
[2026-02-09T12:49:17.256+0000] {task_command.py:426} INFO - Running <TaskInstance: stock_raw_aapl.download_and_load_raw scheduled__2025-12-28T00:00:00+00:00 [running]> on host 4886d37bc122
[2026-02-09T12:49:17.355+0000] {taskinstance.py:2648} INFO - Exporting env vars: AIRFLOW_CTX_DAG_OWNER='***' AIRFLOW_CTX_DAG_ID='stock_raw_aapl' AIRFLOW_CTX_TASK_ID='download_and_load_raw' AIRFLOW_CTX_EXECUTION_DATE='2025-12-28T00:00:00+00:00' AIRFLOW_CTX_TRY_NUMBER='1' AIRFLOW_CTX_DAG_RUN_ID='scheduled__2025-12-28T00:00:00+00:00'
[2026-02-09T12:49:17.356+0000] {taskinstance.py:430} INFO - ::endgroup::
[2026-02-09T12:49:17.367+0000] {stocks_raw_dags.py:37} INFO - 2025-12-28 00:00:00+00:00, 2025-12-29 00:00:00+00:00
[2026-02-09T12:49:17.368+0000] {logging_mixin.py:188} INFO - [RAW] Download AAPL [1d] 2025-12-27..2025-12-29
[2026-02-09T12:49:17.370+0000] {logging_mixin.py:188} WARNING - /opt/***/dags/stocks_dwh/raw/stocks_raw_dags.py:42 FutureWarning: YF.download() has changed argument auto_adjust default to True
[2026-02-09T12:49:17.379+0000] {logging_mixin.py:188} WARNING - /home/***/.local/lib/python3.12/site-packages/yfinance/scrapers/history.py:204 Pandas4Warning: Timestamp.utcnow is deprecated and will be removed in a future version. Use Timestamp.now('UTC') instead.
[2026-02-09T12:49:17.877+0000] {logging_mixin.py:188} WARNING - [*********************100%***********************]  1 of 1 completed
[2026-02-09T12:49:17.878+0000] {multi.py:185} ERROR - 
1 Failed download:
[2026-02-09T12:49:17.879+0000] {multi.py:198} ERROR - ['AAPL']: YFPricesMissingError('possibly delisted; no price data found  (1d 2025-12-27 -> 2025-12-29)')
[2026-02-09T12:49:17.892+0000] {logging_mixin.py:188} INFO - [RAW] No data from yfinance
[2026-02-09T12:49:17.893+0000] {python.py:237} INFO - Done. Returned value was: None
[2026-02-09T12:49:17.894+0000] {taskinstance.py:441} INFO - ::group::Post task execution logs
[2026-02-09T12:49:17.903+0000] {taskinstance.py:1206} INFO - Marking task as SUCCESS. dag_id=stock_raw_aapl, task_id=download_and_load_raw, run_id=scheduled__2025-12-28T00:00:00+00:00, execution_date=20251228T000000, start_date=20260209T124917, end_date=20260209T124917
[2026-02-09T12:49:17.966+0000] {local_task_job_runner.py:243} INFO - Task exited with return code 0
[2026-02-09T12:49:17.985+0000] {taskinstance.py:3503} INFO - 0 downstream tasks scheduled from follow-on schedule check
[2026-02-09T12:49:17.989+0000] {local_task_job_runner.py:222} INFO - ::endgroup::
