[2026-02-09T10:31:29.621+0000] {local_task_job_runner.py:120} INFO - ::group::Pre task execution logs
[2026-02-09T10:31:29.652+0000] {taskinstance.py:2076} INFO - Dependencies all met for dep_context=non-requeueable deps ti=<TaskInstance: stock_raw_aapl.download_and_load_raw scheduled__2025-03-08T00:00:00+00:00 [queued]>
[2026-02-09T10:31:29.663+0000] {taskinstance.py:2076} INFO - Dependencies all met for dep_context=requeueable deps ti=<TaskInstance: stock_raw_aapl.download_and_load_raw scheduled__2025-03-08T00:00:00+00:00 [queued]>
[2026-02-09T10:31:29.664+0000] {taskinstance.py:2306} INFO - Starting attempt 1 of 1
[2026-02-09T10:31:29.677+0000] {taskinstance.py:2330} INFO - Executing <Task(PythonOperator): download_and_load_raw> on 2025-03-08 00:00:00+00:00
[2026-02-09T10:31:29.689+0000] {logging_mixin.py:188} WARNING - /home/***/.local/lib/python3.12/site-packages/***/task/task_runner/standard_task_runner.py:62 DeprecationWarning: This process (pid=3880) is multi-threaded, use of fork() may lead to deadlocks in the child.
[2026-02-09T10:31:29.689+0000] {standard_task_runner.py:90} INFO - Running: ['***', 'tasks', 'run', 'stock_raw_aapl', 'download_and_load_raw', 'scheduled__2025-03-08T00:00:00+00:00', '--job-id', '4972', '--raw', '--subdir', 'DAGS_FOLDER/stocks_dwh/raw/stocks_raw_dags.py', '--cfg-path', '/tmp/tmp5ywk2ys1']
[2026-02-09T10:31:29.691+0000] {standard_task_runner.py:64} INFO - Started process 3891 to run task
[2026-02-09T10:31:29.691+0000] {standard_task_runner.py:91} INFO - Job 4972: Subtask download_and_load_raw
[2026-02-09T10:31:29.761+0000] {task_command.py:426} INFO - Running <TaskInstance: stock_raw_aapl.download_and_load_raw scheduled__2025-03-08T00:00:00+00:00 [running]> on host 4886d37bc122
[2026-02-09T10:31:29.867+0000] {taskinstance.py:2648} INFO - Exporting env vars: AIRFLOW_CTX_DAG_OWNER='***' AIRFLOW_CTX_DAG_ID='stock_raw_aapl' AIRFLOW_CTX_TASK_ID='download_and_load_raw' AIRFLOW_CTX_EXECUTION_DATE='2025-03-08T00:00:00+00:00' AIRFLOW_CTX_TRY_NUMBER='1' AIRFLOW_CTX_DAG_RUN_ID='scheduled__2025-03-08T00:00:00+00:00'
[2026-02-09T10:31:29.869+0000] {taskinstance.py:430} INFO - ::endgroup::
[2026-02-09T10:31:29.881+0000] {logging_mixin.py:188} INFO - [RAW] Download AAPL [1d] 2025-03-08..2025-03-09
[2026-02-09T10:31:29.884+0000] {logging_mixin.py:188} WARNING - /opt/***/dags/stocks_dwh/raw/stocks_raw_dags.py:38 FutureWarning: YF.download() has changed argument auto_adjust default to True
[2026-02-09T10:31:29.893+0000] {logging_mixin.py:188} WARNING - /home/***/.local/lib/python3.12/site-packages/yfinance/scrapers/history.py:204 Pandas4Warning: Timestamp.utcnow is deprecated and will be removed in a future version. Use Timestamp.now('UTC') instead.
[2026-02-09T10:31:30.386+0000] {multi.py:185} ERROR - 
1 Failed download:
[2026-02-09T10:31:30.388+0000] {multi.py:198} ERROR - ['AAPL']: YFPricesMissingError('possibly delisted; no price data found  (1d 2025-03-08 -> 2025-03-09)')
[2026-02-09T10:31:30.403+0000] {logging_mixin.py:188} INFO - [RAW] No data from yfinance
[2026-02-09T10:31:30.404+0000] {python.py:237} INFO - Done. Returned value was: None
[2026-02-09T10:31:30.405+0000] {taskinstance.py:441} INFO - ::group::Post task execution logs
[2026-02-09T10:31:30.415+0000] {taskinstance.py:1206} INFO - Marking task as SUCCESS. dag_id=stock_raw_aapl, task_id=download_and_load_raw, run_id=scheduled__2025-03-08T00:00:00+00:00, execution_date=20250308T000000, start_date=20260209T103129, end_date=20260209T103130
[2026-02-09T10:31:30.467+0000] {local_task_job_runner.py:243} INFO - Task exited with return code 0
[2026-02-09T10:31:30.487+0000] {taskinstance.py:3503} INFO - 0 downstream tasks scheduled from follow-on schedule check
[2026-02-09T10:31:30.489+0000] {local_task_job_runner.py:222} INFO - ::endgroup::
[2026-02-09T12:33:35.010+0000] {local_task_job_runner.py:120} INFO - ::group::Pre task execution logs
[2026-02-09T12:33:35.040+0000] {taskinstance.py:2076} INFO - Dependencies all met for dep_context=non-requeueable deps ti=<TaskInstance: stock_raw_aapl.download_and_load_raw scheduled__2025-03-08T00:00:00+00:00 [queued]>
[2026-02-09T12:33:35.048+0000] {taskinstance.py:2076} INFO - Dependencies all met for dep_context=requeueable deps ti=<TaskInstance: stock_raw_aapl.download_and_load_raw scheduled__2025-03-08T00:00:00+00:00 [queued]>
[2026-02-09T12:33:35.048+0000] {taskinstance.py:2306} INFO - Starting attempt 1 of 1
[2026-02-09T12:33:35.062+0000] {taskinstance.py:2330} INFO - Executing <Task(PythonOperator): download_and_load_raw> on 2025-03-08 00:00:00+00:00
[2026-02-09T12:33:35.074+0000] {logging_mixin.py:188} WARNING - /home/***/.local/lib/python3.12/site-packages/***/task/task_runner/standard_task_runner.py:62 DeprecationWarning: This process (pid=17393) is multi-threaded, use of fork() may lead to deadlocks in the child.
[2026-02-09T12:33:35.075+0000] {standard_task_runner.py:64} INFO - Started process 17397 to run task
[2026-02-09T12:33:35.074+0000] {standard_task_runner.py:90} INFO - Running: ['***', 'tasks', 'run', 'stock_raw_aapl', 'download_and_load_raw', 'scheduled__2025-03-08T00:00:00+00:00', '--job-id', '7617', '--raw', '--subdir', 'DAGS_FOLDER/stocks_dwh/raw/stocks_raw_dags.py', '--cfg-path', '/tmp/tmp99s449l4']
[2026-02-09T12:33:35.076+0000] {standard_task_runner.py:91} INFO - Job 7617: Subtask download_and_load_raw
[2026-02-09T12:33:35.138+0000] {task_command.py:426} INFO - Running <TaskInstance: stock_raw_aapl.download_and_load_raw scheduled__2025-03-08T00:00:00+00:00 [running]> on host 4886d37bc122
[2026-02-09T12:33:35.231+0000] {taskinstance.py:2648} INFO - Exporting env vars: AIRFLOW_CTX_DAG_OWNER='***' AIRFLOW_CTX_DAG_ID='stock_raw_aapl' AIRFLOW_CTX_TASK_ID='download_and_load_raw' AIRFLOW_CTX_EXECUTION_DATE='2025-03-08T00:00:00+00:00' AIRFLOW_CTX_TRY_NUMBER='1' AIRFLOW_CTX_DAG_RUN_ID='scheduled__2025-03-08T00:00:00+00:00'
[2026-02-09T12:33:35.232+0000] {taskinstance.py:430} INFO - ::endgroup::
[2026-02-09T12:33:35.246+0000] {stocks_raw_dags.py:37} INFO - 2025-03-08 00:00:00+00:00, 2025-03-09 00:00:00+00:00
[2026-02-09T12:33:35.247+0000] {logging_mixin.py:188} INFO - [RAW] Download AAPL [1d] 2025-03-07..2025-03-09
[2026-02-09T12:33:35.249+0000] {logging_mixin.py:188} WARNING - /opt/***/dags/stocks_dwh/raw/stocks_raw_dags.py:42 FutureWarning: YF.download() has changed argument auto_adjust default to True
[2026-02-09T12:33:35.258+0000] {logging_mixin.py:188} WARNING - /home/***/.local/lib/python3.12/site-packages/yfinance/scrapers/history.py:204 Pandas4Warning: Timestamp.utcnow is deprecated and will be removed in a future version. Use Timestamp.now('UTC') instead.
[2026-02-09T12:33:36.145+0000] {logging_mixin.py:188} WARNING - [*********************100%***********************]  1 of 1 completed
[2026-02-09T12:33:36.180+0000] {base.py:84} INFO - Using connection ID 'dwh_clickhouse' for task execution.
[2026-02-09T12:33:36.209+0000] {logging_mixin.py:188} INFO - [RAW] Deleted existing rows for AAPL in 2025-03-07..2025-03-09
[2026-02-09T12:33:36.219+0000] {logging_mixin.py:188} INFO - [RAW] Inserted 1 rows into dwh.raw_stock_prices
[2026-02-09T12:33:36.220+0000] {python.py:237} INFO - Done. Returned value was: None
[2026-02-09T12:33:36.221+0000] {taskinstance.py:441} INFO - ::group::Post task execution logs
[2026-02-09T12:33:36.231+0000] {taskinstance.py:1206} INFO - Marking task as SUCCESS. dag_id=stock_raw_aapl, task_id=download_and_load_raw, run_id=scheduled__2025-03-08T00:00:00+00:00, execution_date=20250308T000000, start_date=20260209T123335, end_date=20260209T123336
[2026-02-09T12:33:36.293+0000] {local_task_job_runner.py:243} INFO - Task exited with return code 0
[2026-02-09T12:33:36.312+0000] {taskinstance.py:3503} INFO - 0 downstream tasks scheduled from follow-on schedule check
[2026-02-09T12:33:36.316+0000] {local_task_job_runner.py:222} INFO - ::endgroup::
