[2026-02-09T10:36:56.432+0000] {local_task_job_runner.py:120} INFO - ::group::Pre task execution logs
[2026-02-09T10:36:56.465+0000] {taskinstance.py:2076} INFO - Dependencies all met for dep_context=non-requeueable deps ti=<TaskInstance: stock_raw_aapl.download_and_load_raw scheduled__2025-06-15T00:00:00+00:00 [queued]>
[2026-02-09T10:36:56.473+0000] {taskinstance.py:2076} INFO - Dependencies all met for dep_context=requeueable deps ti=<TaskInstance: stock_raw_aapl.download_and_load_raw scheduled__2025-06-15T00:00:00+00:00 [queued]>
[2026-02-09T10:36:56.474+0000] {taskinstance.py:2306} INFO - Starting attempt 1 of 1
[2026-02-09T10:36:56.485+0000] {taskinstance.py:2330} INFO - Executing <Task(PythonOperator): download_and_load_raw> on 2025-06-15 00:00:00+00:00
[2026-02-09T10:36:56.497+0000] {logging_mixin.py:188} WARNING - /home/***/.local/lib/python3.12/site-packages/***/task/task_runner/standard_task_runner.py:62 DeprecationWarning: This process (pid=5976) is multi-threaded, use of fork() may lead to deadlocks in the child.
[2026-02-09T10:36:56.498+0000] {standard_task_runner.py:64} INFO - Started process 5982 to run task
[2026-02-09T10:36:56.497+0000] {standard_task_runner.py:90} INFO - Running: ['***', 'tasks', 'run', 'stock_raw_aapl', 'download_and_load_raw', 'scheduled__2025-06-15T00:00:00+00:00', '--job-id', '5462', '--raw', '--subdir', 'DAGS_FOLDER/stocks_dwh/raw/stocks_raw_dags.py', '--cfg-path', '/tmp/tmptl69g73s']
[2026-02-09T10:36:56.499+0000] {standard_task_runner.py:91} INFO - Job 5462: Subtask download_and_load_raw
[2026-02-09T10:36:56.561+0000] {task_command.py:426} INFO - Running <TaskInstance: stock_raw_aapl.download_and_load_raw scheduled__2025-06-15T00:00:00+00:00 [running]> on host 4886d37bc122
[2026-02-09T10:36:56.648+0000] {taskinstance.py:2648} INFO - Exporting env vars: AIRFLOW_CTX_DAG_OWNER='***' AIRFLOW_CTX_DAG_ID='stock_raw_aapl' AIRFLOW_CTX_TASK_ID='download_and_load_raw' AIRFLOW_CTX_EXECUTION_DATE='2025-06-15T00:00:00+00:00' AIRFLOW_CTX_TRY_NUMBER='1' AIRFLOW_CTX_DAG_RUN_ID='scheduled__2025-06-15T00:00:00+00:00'
[2026-02-09T10:36:56.649+0000] {taskinstance.py:430} INFO - ::endgroup::
[2026-02-09T10:36:56.660+0000] {logging_mixin.py:188} INFO - [RAW] Download AAPL [1d] 2025-06-15..2025-06-16
[2026-02-09T10:36:56.662+0000] {logging_mixin.py:188} WARNING - /opt/***/dags/stocks_dwh/raw/stocks_raw_dags.py:38 FutureWarning: YF.download() has changed argument auto_adjust default to True
[2026-02-09T10:36:56.670+0000] {logging_mixin.py:188} WARNING - /home/***/.local/lib/python3.12/site-packages/yfinance/scrapers/history.py:204 Pandas4Warning: Timestamp.utcnow is deprecated and will be removed in a future version. Use Timestamp.now('UTC') instead.
[2026-02-09T10:36:58.592+0000] {multi.py:185} ERROR - 
1 Failed download:
[2026-02-09T10:36:58.592+0000] {multi.py:198} ERROR - ['AAPL']: YFPricesMissingError('possibly delisted; no price data found  (1d 2025-06-15 -> 2025-06-16)')
[2026-02-09T10:36:58.603+0000] {logging_mixin.py:188} INFO - [RAW] No data from yfinance
[2026-02-09T10:36:58.603+0000] {python.py:237} INFO - Done. Returned value was: None
[2026-02-09T10:36:58.604+0000] {taskinstance.py:441} INFO - ::group::Post task execution logs
[2026-02-09T10:36:58.613+0000] {taskinstance.py:1206} INFO - Marking task as SUCCESS. dag_id=stock_raw_aapl, task_id=download_and_load_raw, run_id=scheduled__2025-06-15T00:00:00+00:00, execution_date=20250615T000000, start_date=20260209T103656, end_date=20260209T103658
[2026-02-09T10:36:58.678+0000] {local_task_job_runner.py:243} INFO - Task exited with return code 0
[2026-02-09T10:36:58.694+0000] {taskinstance.py:3503} INFO - 0 downstream tasks scheduled from follow-on schedule check
[2026-02-09T10:36:58.696+0000] {local_task_job_runner.py:222} INFO - ::endgroup::
[2026-02-09T12:38:49.771+0000] {local_task_job_runner.py:120} INFO - ::group::Pre task execution logs
[2026-02-09T12:38:49.800+0000] {taskinstance.py:2076} INFO - Dependencies all met for dep_context=non-requeueable deps ti=<TaskInstance: stock_raw_aapl.download_and_load_raw scheduled__2025-06-15T00:00:00+00:00 [queued]>
[2026-02-09T12:38:49.808+0000] {taskinstance.py:2076} INFO - Dependencies all met for dep_context=requeueable deps ti=<TaskInstance: stock_raw_aapl.download_and_load_raw scheduled__2025-06-15T00:00:00+00:00 [queued]>
[2026-02-09T12:38:49.809+0000] {taskinstance.py:2306} INFO - Starting attempt 1 of 1
[2026-02-09T12:38:49.822+0000] {taskinstance.py:2330} INFO - Executing <Task(PythonOperator): download_and_load_raw> on 2025-06-15 00:00:00+00:00
[2026-02-09T12:38:49.833+0000] {logging_mixin.py:188} WARNING - /home/***/.local/lib/python3.12/site-packages/***/task/task_runner/standard_task_runner.py:62 DeprecationWarning: This process (pid=17947) is multi-threaded, use of fork() may lead to deadlocks in the child.
[2026-02-09T12:38:49.835+0000] {standard_task_runner.py:64} INFO - Started process 17949 to run task
[2026-02-09T12:38:49.834+0000] {standard_task_runner.py:90} INFO - Running: ['***', 'tasks', 'run', 'stock_raw_aapl', 'download_and_load_raw', 'scheduled__2025-06-15T00:00:00+00:00', '--job-id', '7723', '--raw', '--subdir', 'DAGS_FOLDER/stocks_dwh/raw/stocks_raw_dags.py', '--cfg-path', '/tmp/tmpg1lam1nq']
[2026-02-09T12:38:49.836+0000] {standard_task_runner.py:91} INFO - Job 7723: Subtask download_and_load_raw
[2026-02-09T12:38:49.898+0000] {task_command.py:426} INFO - Running <TaskInstance: stock_raw_aapl.download_and_load_raw scheduled__2025-06-15T00:00:00+00:00 [running]> on host 4886d37bc122
[2026-02-09T12:38:49.993+0000] {taskinstance.py:2648} INFO - Exporting env vars: AIRFLOW_CTX_DAG_OWNER='***' AIRFLOW_CTX_DAG_ID='stock_raw_aapl' AIRFLOW_CTX_TASK_ID='download_and_load_raw' AIRFLOW_CTX_EXECUTION_DATE='2025-06-15T00:00:00+00:00' AIRFLOW_CTX_TRY_NUMBER='1' AIRFLOW_CTX_DAG_RUN_ID='scheduled__2025-06-15T00:00:00+00:00'
[2026-02-09T12:38:49.996+0000] {taskinstance.py:430} INFO - ::endgroup::
[2026-02-09T12:38:50.007+0000] {stocks_raw_dags.py:37} INFO - 2025-06-15 00:00:00+00:00, 2025-06-16 00:00:00+00:00
[2026-02-09T12:38:50.008+0000] {logging_mixin.py:188} INFO - [RAW] Download AAPL [1d] 2025-06-14..2025-06-16
[2026-02-09T12:38:50.010+0000] {logging_mixin.py:188} WARNING - /opt/***/dags/stocks_dwh/raw/stocks_raw_dags.py:42 FutureWarning: YF.download() has changed argument auto_adjust default to True
[2026-02-09T12:38:50.019+0000] {logging_mixin.py:188} WARNING - /home/***/.local/lib/python3.12/site-packages/yfinance/scrapers/history.py:204 Pandas4Warning: Timestamp.utcnow is deprecated and will be removed in a future version. Use Timestamp.now('UTC') instead.
[2026-02-09T12:38:50.502+0000] {logging_mixin.py:188} WARNING - [*********************100%***********************]  1 of 1 completed
[2026-02-09T12:38:50.503+0000] {multi.py:185} ERROR - 
1 Failed download:
[2026-02-09T12:38:50.504+0000] {multi.py:198} ERROR - ['AAPL']: YFPricesMissingError('possibly delisted; no price data found  (1d 2025-06-14 -> 2025-06-16)')
[2026-02-09T12:38:50.516+0000] {logging_mixin.py:188} INFO - [RAW] No data from yfinance
[2026-02-09T12:38:50.517+0000] {python.py:237} INFO - Done. Returned value was: None
[2026-02-09T12:38:50.518+0000] {taskinstance.py:441} INFO - ::group::Post task execution logs
[2026-02-09T12:38:50.526+0000] {taskinstance.py:1206} INFO - Marking task as SUCCESS. dag_id=stock_raw_aapl, task_id=download_and_load_raw, run_id=scheduled__2025-06-15T00:00:00+00:00, execution_date=20250615T000000, start_date=20260209T123849, end_date=20260209T123850
[2026-02-09T12:38:50.571+0000] {local_task_job_runner.py:243} INFO - Task exited with return code 0
[2026-02-09T12:38:50.587+0000] {taskinstance.py:3503} INFO - 0 downstream tasks scheduled from follow-on schedule check
[2026-02-09T12:38:50.590+0000] {local_task_job_runner.py:222} INFO - ::endgroup::
