[2026-02-09T10:34:32.844+0000] {local_task_job_runner.py:120} INFO - ::group::Pre task execution logs
[2026-02-09T10:34:32.886+0000] {taskinstance.py:2076} INFO - Dependencies all met for dep_context=non-requeueable deps ti=<TaskInstance: stock_raw_aapl.download_and_load_raw scheduled__2025-05-03T00:00:00+00:00 [queued]>
[2026-02-09T10:34:32.896+0000] {taskinstance.py:2076} INFO - Dependencies all met for dep_context=requeueable deps ti=<TaskInstance: stock_raw_aapl.download_and_load_raw scheduled__2025-05-03T00:00:00+00:00 [queued]>
[2026-02-09T10:34:32.897+0000] {taskinstance.py:2306} INFO - Starting attempt 1 of 1
[2026-02-09T10:34:32.911+0000] {taskinstance.py:2330} INFO - Executing <Task(PythonOperator): download_and_load_raw> on 2025-05-03 00:00:00+00:00
[2026-02-09T10:34:32.929+0000] {logging_mixin.py:188} WARNING - /home/***/.local/lib/python3.12/site-packages/***/task/task_runner/standard_task_runner.py:62 DeprecationWarning: This process (pid=5058) is multi-threaded, use of fork() may lead to deadlocks in the child.
[2026-02-09T10:34:32.931+0000] {standard_task_runner.py:64} INFO - Started process 5067 to run task
[2026-02-09T10:34:32.929+0000] {standard_task_runner.py:90} INFO - Running: ['***', 'tasks', 'run', 'stock_raw_aapl', 'download_and_load_raw', 'scheduled__2025-05-03T00:00:00+00:00', '--job-id', '5247', '--raw', '--subdir', 'DAGS_FOLDER/stocks_dwh/raw/stocks_raw_dags.py', '--cfg-path', '/tmp/tmp2z3_0ycp']
[2026-02-09T10:34:32.932+0000] {standard_task_runner.py:91} INFO - Job 5247: Subtask download_and_load_raw
[2026-02-09T10:34:33.015+0000] {task_command.py:426} INFO - Running <TaskInstance: stock_raw_aapl.download_and_load_raw scheduled__2025-05-03T00:00:00+00:00 [running]> on host 4886d37bc122
[2026-02-09T10:34:33.133+0000] {taskinstance.py:2648} INFO - Exporting env vars: AIRFLOW_CTX_DAG_OWNER='***' AIRFLOW_CTX_DAG_ID='stock_raw_aapl' AIRFLOW_CTX_TASK_ID='download_and_load_raw' AIRFLOW_CTX_EXECUTION_DATE='2025-05-03T00:00:00+00:00' AIRFLOW_CTX_TRY_NUMBER='1' AIRFLOW_CTX_DAG_RUN_ID='scheduled__2025-05-03T00:00:00+00:00'
[2026-02-09T10:34:33.135+0000] {taskinstance.py:430} INFO - ::endgroup::
[2026-02-09T10:34:33.150+0000] {logging_mixin.py:188} INFO - [RAW] Download AAPL [1d] 2025-05-03..2025-05-04
[2026-02-09T10:34:33.153+0000] {logging_mixin.py:188} WARNING - /opt/***/dags/stocks_dwh/raw/stocks_raw_dags.py:38 FutureWarning: YF.download() has changed argument auto_adjust default to True
[2026-02-09T10:34:33.161+0000] {logging_mixin.py:188} WARNING - /home/***/.local/lib/python3.12/site-packages/yfinance/scrapers/history.py:204 Pandas4Warning: Timestamp.utcnow is deprecated and will be removed in a future version. Use Timestamp.now('UTC') instead.
[2026-02-09T10:34:33.661+0000] {multi.py:185} ERROR - 
1 Failed download:
[2026-02-09T10:34:33.662+0000] {multi.py:198} ERROR - ['AAPL']: YFPricesMissingError('possibly delisted; no price data found  (1d 2025-05-03 -> 2025-05-04)')
[2026-02-09T10:34:33.677+0000] {logging_mixin.py:188} INFO - [RAW] No data from yfinance
[2026-02-09T10:34:33.678+0000] {python.py:237} INFO - Done. Returned value was: None
[2026-02-09T10:34:33.679+0000] {taskinstance.py:441} INFO - ::group::Post task execution logs
[2026-02-09T10:34:33.689+0000] {taskinstance.py:1206} INFO - Marking task as SUCCESS. dag_id=stock_raw_aapl, task_id=download_and_load_raw, run_id=scheduled__2025-05-03T00:00:00+00:00, execution_date=20250503T000000, start_date=20260209T103432, end_date=20260209T103433
[2026-02-09T10:34:33.747+0000] {local_task_job_runner.py:243} INFO - Task exited with return code 0
[2026-02-09T10:34:33.767+0000] {taskinstance.py:3503} INFO - 0 downstream tasks scheduled from follow-on schedule check
[2026-02-09T10:34:33.769+0000] {local_task_job_runner.py:222} INFO - ::endgroup::
[2026-02-09T12:36:39.296+0000] {local_task_job_runner.py:120} INFO - ::group::Pre task execution logs
[2026-02-09T12:36:39.326+0000] {taskinstance.py:2076} INFO - Dependencies all met for dep_context=non-requeueable deps ti=<TaskInstance: stock_raw_aapl.download_and_load_raw scheduled__2025-05-03T00:00:00+00:00 [queued]>
[2026-02-09T12:36:39.335+0000] {taskinstance.py:2076} INFO - Dependencies all met for dep_context=requeueable deps ti=<TaskInstance: stock_raw_aapl.download_and_load_raw scheduled__2025-05-03T00:00:00+00:00 [queued]>
[2026-02-09T12:36:39.335+0000] {taskinstance.py:2306} INFO - Starting attempt 1 of 1
[2026-02-09T12:36:39.349+0000] {taskinstance.py:2330} INFO - Executing <Task(PythonOperator): download_and_load_raw> on 2025-05-03 00:00:00+00:00
[2026-02-09T12:36:39.361+0000] {logging_mixin.py:188} WARNING - /home/***/.local/lib/python3.12/site-packages/***/task/task_runner/standard_task_runner.py:62 DeprecationWarning: This process (pid=17715) is multi-threaded, use of fork() may lead to deadlocks in the child.
[2026-02-09T12:36:39.362+0000] {standard_task_runner.py:64} INFO - Started process 17727 to run task
[2026-02-09T12:36:39.361+0000] {standard_task_runner.py:90} INFO - Running: ['***', 'tasks', 'run', 'stock_raw_aapl', 'download_and_load_raw', 'scheduled__2025-05-03T00:00:00+00:00', '--job-id', '7680', '--raw', '--subdir', 'DAGS_FOLDER/stocks_dwh/raw/stocks_raw_dags.py', '--cfg-path', '/tmp/tmpxoyo1m6v']
[2026-02-09T12:36:39.364+0000] {standard_task_runner.py:91} INFO - Job 7680: Subtask download_and_load_raw
[2026-02-09T12:36:39.427+0000] {task_command.py:426} INFO - Running <TaskInstance: stock_raw_aapl.download_and_load_raw scheduled__2025-05-03T00:00:00+00:00 [running]> on host 4886d37bc122
[2026-02-09T12:36:39.524+0000] {taskinstance.py:2648} INFO - Exporting env vars: AIRFLOW_CTX_DAG_OWNER='***' AIRFLOW_CTX_DAG_ID='stock_raw_aapl' AIRFLOW_CTX_TASK_ID='download_and_load_raw' AIRFLOW_CTX_EXECUTION_DATE='2025-05-03T00:00:00+00:00' AIRFLOW_CTX_TRY_NUMBER='1' AIRFLOW_CTX_DAG_RUN_ID='scheduled__2025-05-03T00:00:00+00:00'
[2026-02-09T12:36:39.525+0000] {taskinstance.py:430} INFO - ::endgroup::
[2026-02-09T12:36:39.536+0000] {stocks_raw_dags.py:37} INFO - 2025-05-03 00:00:00+00:00, 2025-05-04 00:00:00+00:00
[2026-02-09T12:36:39.536+0000] {logging_mixin.py:188} INFO - [RAW] Download AAPL [1d] 2025-05-02..2025-05-04
[2026-02-09T12:36:39.538+0000] {logging_mixin.py:188} WARNING - /opt/***/dags/stocks_dwh/raw/stocks_raw_dags.py:42 FutureWarning: YF.download() has changed argument auto_adjust default to True
[2026-02-09T12:36:39.546+0000] {logging_mixin.py:188} WARNING - /home/***/.local/lib/python3.12/site-packages/yfinance/scrapers/history.py:204 Pandas4Warning: Timestamp.utcnow is deprecated and will be removed in a future version. Use Timestamp.now('UTC') instead.
[2026-02-09T12:36:40.073+0000] {logging_mixin.py:188} WARNING - [*********************100%***********************]  1 of 1 completed
[2026-02-09T12:36:40.109+0000] {base.py:84} INFO - Using connection ID 'dwh_clickhouse' for task execution.
[2026-02-09T12:36:40.139+0000] {logging_mixin.py:188} INFO - [RAW] Deleted existing rows for AAPL in 2025-05-02..2025-05-04
[2026-02-09T12:36:40.148+0000] {logging_mixin.py:188} INFO - [RAW] Inserted 1 rows into dwh.raw_stock_prices
[2026-02-09T12:36:40.150+0000] {python.py:237} INFO - Done. Returned value was: None
[2026-02-09T12:36:40.151+0000] {taskinstance.py:441} INFO - ::group::Post task execution logs
[2026-02-09T12:36:40.162+0000] {taskinstance.py:1206} INFO - Marking task as SUCCESS. dag_id=stock_raw_aapl, task_id=download_and_load_raw, run_id=scheduled__2025-05-03T00:00:00+00:00, execution_date=20250503T000000, start_date=20260209T123639, end_date=20260209T123640
[2026-02-09T12:36:40.218+0000] {local_task_job_runner.py:243} INFO - Task exited with return code 0
[2026-02-09T12:36:40.239+0000] {taskinstance.py:3503} INFO - 0 downstream tasks scheduled from follow-on schedule check
[2026-02-09T12:36:40.243+0000] {local_task_job_runner.py:222} INFO - ::endgroup::
