[2026-02-09T10:18:11.059+0000] {local_task_job_runner.py:120} INFO - ::group::Pre task execution logs
[2026-02-09T10:18:11.091+0000] {taskinstance.py:2076} INFO - Dependencies all met for dep_context=non-requeueable deps ti=<TaskInstance: stock_raw_aapl.download_and_load_raw scheduled__2024-08-11T00:00:00+00:00 [queued]>
[2026-02-09T10:18:11.098+0000] {taskinstance.py:2076} INFO - Dependencies all met for dep_context=requeueable deps ti=<TaskInstance: stock_raw_aapl.download_and_load_raw scheduled__2024-08-11T00:00:00+00:00 [queued]>
[2026-02-09T10:18:11.099+0000] {taskinstance.py:2306} INFO - Starting attempt 1 of 1
[2026-02-09T10:18:11.111+0000] {taskinstance.py:2330} INFO - Executing <Task(PythonOperator): download_and_load_raw> on 2024-08-11 00:00:00+00:00
[2026-02-09T10:18:11.124+0000] {logging_mixin.py:188} WARNING - /home/***/.local/lib/python3.12/site-packages/***/task/task_runner/standard_task_runner.py:62 DeprecationWarning: This process (pid=5693) is multi-threaded, use of fork() may lead to deadlocks in the child.
[2026-02-09T10:18:11.126+0000] {standard_task_runner.py:64} INFO - Started process 5702 to run task
[2026-02-09T10:18:11.124+0000] {standard_task_runner.py:90} INFO - Running: ['***', 'tasks', 'run', 'stock_raw_aapl', 'download_and_load_raw', 'scheduled__2024-08-11T00:00:00+00:00', '--job-id', '3933', '--raw', '--subdir', 'DAGS_FOLDER/stocks_dwh/raw/stocks_raw_dags.py', '--cfg-path', '/tmp/tmpgp8vnxv7']
[2026-02-09T10:18:11.127+0000] {standard_task_runner.py:91} INFO - Job 3933: Subtask download_and_load_raw
[2026-02-09T10:18:11.201+0000] {task_command.py:426} INFO - Running <TaskInstance: stock_raw_aapl.download_and_load_raw scheduled__2024-08-11T00:00:00+00:00 [running]> on host b6b9e92e7d61
[2026-02-09T10:18:11.300+0000] {taskinstance.py:2648} INFO - Exporting env vars: AIRFLOW_CTX_DAG_OWNER='***' AIRFLOW_CTX_DAG_ID='stock_raw_aapl' AIRFLOW_CTX_TASK_ID='download_and_load_raw' AIRFLOW_CTX_EXECUTION_DATE='2024-08-11T00:00:00+00:00' AIRFLOW_CTX_TRY_NUMBER='1' AIRFLOW_CTX_DAG_RUN_ID='scheduled__2024-08-11T00:00:00+00:00'
[2026-02-09T10:18:11.302+0000] {taskinstance.py:430} INFO - ::endgroup::
[2026-02-09T10:18:11.321+0000] {logging_mixin.py:188} INFO - [RAW] Download AAPL [1d] 2024-08-11..2024-08-12
[2026-02-09T10:18:11.324+0000] {logging_mixin.py:188} WARNING - /opt/***/dags/stocks_dwh/raw/stocks_raw_dags.py:38 FutureWarning: YF.download() has changed argument auto_adjust default to True
[2026-02-09T10:18:11.335+0000] {logging_mixin.py:188} WARNING - /home/***/.local/lib/python3.12/site-packages/yfinance/scrapers/history.py:204 Pandas4Warning: Timestamp.utcnow is deprecated and will be removed in a future version. Use Timestamp.now('UTC') instead.
[2026-02-09T10:18:11.823+0000] {multi.py:185} ERROR - 
1 Failed download:
[2026-02-09T10:18:11.825+0000] {multi.py:198} ERROR - ['AAPL']: YFPricesMissingError('possibly delisted; no price data found  (1d 2024-08-11 -> 2024-08-12)')
[2026-02-09T10:18:11.842+0000] {logging_mixin.py:188} INFO - [RAW] No data from yfinance
[2026-02-09T10:18:11.842+0000] {python.py:237} INFO - Done. Returned value was: None
[2026-02-09T10:18:11.843+0000] {taskinstance.py:441} INFO - ::group::Post task execution logs
[2026-02-09T10:18:11.852+0000] {taskinstance.py:1206} INFO - Marking task as SUCCESS. dag_id=stock_raw_aapl, task_id=download_and_load_raw, run_id=scheduled__2024-08-11T00:00:00+00:00, execution_date=20240811T000000, start_date=20260209T101811, end_date=20260209T101811
[2026-02-09T10:18:11.901+0000] {local_task_job_runner.py:243} INFO - Task exited with return code 0
[2026-02-09T10:18:11.917+0000] {taskinstance.py:3503} INFO - 0 downstream tasks scheduled from follow-on schedule check
[2026-02-09T10:18:11.919+0000] {local_task_job_runner.py:222} INFO - ::endgroup::
[2026-02-09T12:21:59.359+0000] {local_task_job_runner.py:120} INFO - ::group::Pre task execution logs
[2026-02-09T12:21:59.389+0000] {taskinstance.py:2076} INFO - Dependencies all met for dep_context=non-requeueable deps ti=<TaskInstance: stock_raw_aapl.download_and_load_raw scheduled__2024-08-11T00:00:00+00:00 [queued]>
[2026-02-09T12:21:59.397+0000] {taskinstance.py:2076} INFO - Dependencies all met for dep_context=requeueable deps ti=<TaskInstance: stock_raw_aapl.download_and_load_raw scheduled__2024-08-11T00:00:00+00:00 [queued]>
[2026-02-09T12:21:59.397+0000] {taskinstance.py:2306} INFO - Starting attempt 1 of 1
[2026-02-09T12:21:59.408+0000] {taskinstance.py:2330} INFO - Executing <Task(PythonOperator): download_and_load_raw> on 2024-08-11 00:00:00+00:00
[2026-02-09T12:21:59.420+0000] {logging_mixin.py:188} WARNING - /home/***/.local/lib/python3.12/site-packages/***/task/task_runner/standard_task_runner.py:62 DeprecationWarning: This process (pid=15443) is multi-threaded, use of fork() may lead to deadlocks in the child.
[2026-02-09T12:21:59.421+0000] {standard_task_runner.py:64} INFO - Started process 15447 to run task
[2026-02-09T12:21:59.420+0000] {standard_task_runner.py:90} INFO - Running: ['***', 'tasks', 'run', 'stock_raw_aapl', 'download_and_load_raw', 'scheduled__2024-08-11T00:00:00+00:00', '--job-id', '7198', '--raw', '--subdir', 'DAGS_FOLDER/stocks_dwh/raw/stocks_raw_dags.py', '--cfg-path', '/tmp/tmpbj7dtnkf']
[2026-02-09T12:21:59.422+0000] {standard_task_runner.py:91} INFO - Job 7198: Subtask download_and_load_raw
[2026-02-09T12:21:59.478+0000] {task_command.py:426} INFO - Running <TaskInstance: stock_raw_aapl.download_and_load_raw scheduled__2024-08-11T00:00:00+00:00 [running]> on host 4886d37bc122
[2026-02-09T12:21:59.570+0000] {taskinstance.py:2648} INFO - Exporting env vars: AIRFLOW_CTX_DAG_OWNER='***' AIRFLOW_CTX_DAG_ID='stock_raw_aapl' AIRFLOW_CTX_TASK_ID='download_and_load_raw' AIRFLOW_CTX_EXECUTION_DATE='2024-08-11T00:00:00+00:00' AIRFLOW_CTX_TRY_NUMBER='1' AIRFLOW_CTX_DAG_RUN_ID='scheduled__2024-08-11T00:00:00+00:00'
[2026-02-09T12:21:59.571+0000] {taskinstance.py:430} INFO - ::endgroup::
[2026-02-09T12:21:59.581+0000] {stocks_raw_dags.py:37} INFO - 2024-08-11 00:00:00+00:00, 2024-08-12 00:00:00+00:00
[2026-02-09T12:21:59.581+0000] {logging_mixin.py:188} INFO - [RAW] Download AAPL [1d] 2024-08-10..2024-08-12
[2026-02-09T12:21:59.583+0000] {logging_mixin.py:188} WARNING - /opt/***/dags/stocks_dwh/raw/stocks_raw_dags.py:42 FutureWarning: YF.download() has changed argument auto_adjust default to True
[2026-02-09T12:21:59.590+0000] {logging_mixin.py:188} WARNING - /home/***/.local/lib/python3.12/site-packages/yfinance/scrapers/history.py:204 Pandas4Warning: Timestamp.utcnow is deprecated and will be removed in a future version. Use Timestamp.now('UTC') instead.
[2026-02-09T12:22:01.457+0000] {logging_mixin.py:188} WARNING - [*********************100%***********************]  1 of 1 completed
[2026-02-09T12:22:01.457+0000] {multi.py:185} ERROR - 
1 Failed download:
[2026-02-09T12:22:01.458+0000] {multi.py:198} ERROR - ['AAPL']: YFPricesMissingError('possibly delisted; no price data found  (1d 2024-08-10 -> 2024-08-12)')
[2026-02-09T12:22:01.471+0000] {logging_mixin.py:188} INFO - [RAW] No data from yfinance
[2026-02-09T12:22:01.472+0000] {python.py:237} INFO - Done. Returned value was: None
[2026-02-09T12:22:01.472+0000] {taskinstance.py:441} INFO - ::group::Post task execution logs
[2026-02-09T12:22:01.481+0000] {taskinstance.py:1206} INFO - Marking task as SUCCESS. dag_id=stock_raw_aapl, task_id=download_and_load_raw, run_id=scheduled__2024-08-11T00:00:00+00:00, execution_date=20240811T000000, start_date=20260209T122159, end_date=20260209T122201
[2026-02-09T12:22:01.521+0000] {local_task_job_runner.py:243} INFO - Task exited with return code 0
[2026-02-09T12:22:01.538+0000] {taskinstance.py:3503} INFO - 0 downstream tasks scheduled from follow-on schedule check
[2026-02-09T12:22:01.540+0000] {local_task_job_runner.py:222} INFO - ::endgroup::
