[2026-02-07T14:27:59.701+0000] {local_task_job_runner.py:120} INFO - ::group::Pre task execution logs
[2026-02-07T14:27:59.730+0000] {taskinstance.py:2076} INFO - Dependencies all met for dep_context=non-requeueable deps ti=<TaskInstance: stock_tsla.download scheduled__2024-06-30T00:00:00+00:00 [queued]>
[2026-02-07T14:27:59.739+0000] {taskinstance.py:2076} INFO - Dependencies all met for dep_context=requeueable deps ti=<TaskInstance: stock_tsla.download scheduled__2024-06-30T00:00:00+00:00 [queued]>
[2026-02-07T14:27:59.740+0000] {taskinstance.py:2306} INFO - Starting attempt 1 of 1
[2026-02-07T14:27:59.756+0000] {taskinstance.py:2330} INFO - Executing <Task(PythonOperator): download> on 2024-06-30 00:00:00+00:00
[2026-02-07T14:27:59.767+0000] {logging_mixin.py:188} WARNING - /home/***/.local/lib/python3.12/site-packages/***/task/task_runner/standard_task_runner.py:62 DeprecationWarning: This process (pid=3703) is multi-threaded, use of fork() may lead to deadlocks in the child.
[2026-02-07T14:27:59.766+0000] {standard_task_runner.py:90} INFO - Running: ['***', 'tasks', 'run', 'stock_tsla', 'download', 'scheduled__2024-06-30T00:00:00+00:00', '--job-id', '763', '--raw', '--subdir', 'DAGS_FOLDER/stocks_dags.py', '--cfg-path', '/tmp/tmph2bkdcrq']
[2026-02-07T14:27:59.768+0000] {standard_task_runner.py:64} INFO - Started process 3710 to run task
[2026-02-07T14:27:59.768+0000] {standard_task_runner.py:91} INFO - Job 763: Subtask download
[2026-02-07T14:27:59.837+0000] {task_command.py:426} INFO - Running <TaskInstance: stock_tsla.download scheduled__2024-06-30T00:00:00+00:00 [running]> on host 5adf8c44a70f
[2026-02-07T14:27:59.929+0000] {taskinstance.py:2648} INFO - Exporting env vars: AIRFLOW_CTX_DAG_OWNER='***' AIRFLOW_CTX_DAG_ID='stock_tsla' AIRFLOW_CTX_TASK_ID='download' AIRFLOW_CTX_EXECUTION_DATE='2024-06-30T00:00:00+00:00' AIRFLOW_CTX_TRY_NUMBER='1' AIRFLOW_CTX_DAG_RUN_ID='scheduled__2024-06-30T00:00:00+00:00'
[2026-02-07T14:27:59.931+0000] {taskinstance.py:430} INFO - ::endgroup::
[2026-02-07T14:27:59.944+0000] {logging_mixin.py:188} INFO - Downloading TSLA from 2024-06-30 to 2024-07-01
[2026-02-07T14:27:59.947+0000] {logging_mixin.py:188} WARNING - /opt/***/dags/stocks_dags.py:22 FutureWarning: YF.download() has changed argument auto_adjust default to True
[2026-02-07T14:27:59.956+0000] {logging_mixin.py:188} WARNING - /home/***/.local/lib/python3.12/site-packages/yfinance/scrapers/history.py:204 Pandas4Warning: Timestamp.utcnow is deprecated and will be removed in a future version. Use Timestamp.now('UTC') instead.
[2026-02-07T14:28:00.425+0000] {multi.py:185} ERROR - 
1 Failed download:
[2026-02-07T14:28:00.426+0000] {multi.py:198} ERROR - ['TSLA']: YFPricesMissingError('possibly delisted; no price data found  (1d 2024-06-30 -> 2024-07-01)')
[2026-02-07T14:28:00.438+0000] {logging_mixin.py:188} INFO - No data
[2026-02-07T14:28:00.438+0000] {python.py:237} INFO - Done. Returned value was: None
[2026-02-07T14:28:00.439+0000] {taskinstance.py:441} INFO - ::group::Post task execution logs
[2026-02-07T14:28:00.448+0000] {taskinstance.py:1206} INFO - Marking task as SUCCESS. dag_id=stock_tsla, task_id=download, run_id=scheduled__2024-06-30T00:00:00+00:00, execution_date=20240630T000000, start_date=20260207T142759, end_date=20260207T142800
[2026-02-07T14:28:00.504+0000] {local_task_job_runner.py:243} INFO - Task exited with return code 0
[2026-02-07T14:28:00.519+0000] {taskinstance.py:3503} INFO - 0 downstream tasks scheduled from follow-on schedule check
[2026-02-07T14:28:00.523+0000] {local_task_job_runner.py:222} INFO - ::endgroup::
