[2026-02-09T10:31:49.852+0000] {local_task_job_runner.py:120} INFO - ::group::Pre task execution logs
[2026-02-09T10:31:49.884+0000] {taskinstance.py:2076} INFO - Dependencies all met for dep_context=non-requeueable deps ti=<TaskInstance: stock_raw_aapl.download_and_load_raw scheduled__2025-03-15T00:00:00+00:00 [queued]>
[2026-02-09T10:31:49.894+0000] {taskinstance.py:2076} INFO - Dependencies all met for dep_context=requeueable deps ti=<TaskInstance: stock_raw_aapl.download_and_load_raw scheduled__2025-03-15T00:00:00+00:00 [queued]>
[2026-02-09T10:31:49.895+0000] {taskinstance.py:2306} INFO - Starting attempt 1 of 1
[2026-02-09T10:31:49.908+0000] {taskinstance.py:2330} INFO - Executing <Task(PythonOperator): download_and_load_raw> on 2025-03-15 00:00:00+00:00
[2026-02-09T10:31:49.922+0000] {logging_mixin.py:188} WARNING - /home/***/.local/lib/python3.12/site-packages/***/task/task_runner/standard_task_runner.py:62 DeprecationWarning: This process (pid=4028) is multi-threaded, use of fork() may lead to deadlocks in the child.
[2026-02-09T10:31:49.922+0000] {standard_task_runner.py:90} INFO - Running: ['***', 'tasks', 'run', 'stock_raw_aapl', 'download_and_load_raw', 'scheduled__2025-03-15T00:00:00+00:00', '--job-id', '5008', '--raw', '--subdir', 'DAGS_FOLDER/stocks_dwh/raw/stocks_raw_dags.py', '--cfg-path', '/tmp/tmpsdqf93w8']
[2026-02-09T10:31:49.924+0000] {standard_task_runner.py:64} INFO - Started process 4041 to run task
[2026-02-09T10:31:49.924+0000] {standard_task_runner.py:91} INFO - Job 5008: Subtask download_and_load_raw
[2026-02-09T10:31:49.987+0000] {task_command.py:426} INFO - Running <TaskInstance: stock_raw_aapl.download_and_load_raw scheduled__2025-03-15T00:00:00+00:00 [running]> on host 4886d37bc122
[2026-02-09T10:31:50.081+0000] {taskinstance.py:2648} INFO - Exporting env vars: AIRFLOW_CTX_DAG_OWNER='***' AIRFLOW_CTX_DAG_ID='stock_raw_aapl' AIRFLOW_CTX_TASK_ID='download_and_load_raw' AIRFLOW_CTX_EXECUTION_DATE='2025-03-15T00:00:00+00:00' AIRFLOW_CTX_TRY_NUMBER='1' AIRFLOW_CTX_DAG_RUN_ID='scheduled__2025-03-15T00:00:00+00:00'
[2026-02-09T10:31:50.082+0000] {taskinstance.py:430} INFO - ::endgroup::
[2026-02-09T10:31:50.092+0000] {logging_mixin.py:188} INFO - [RAW] Download AAPL [1d] 2025-03-15..2025-03-16
[2026-02-09T10:31:50.096+0000] {logging_mixin.py:188} WARNING - /opt/***/dags/stocks_dwh/raw/stocks_raw_dags.py:38 FutureWarning: YF.download() has changed argument auto_adjust default to True
[2026-02-09T10:31:50.104+0000] {logging_mixin.py:188} WARNING - /home/***/.local/lib/python3.12/site-packages/yfinance/scrapers/history.py:204 Pandas4Warning: Timestamp.utcnow is deprecated and will be removed in a future version. Use Timestamp.now('UTC') instead.
[2026-02-09T10:31:50.606+0000] {multi.py:185} ERROR - 
1 Failed download:
[2026-02-09T10:31:50.608+0000] {multi.py:198} ERROR - ['AAPL']: YFPricesMissingError('possibly delisted; no price data found  (1d 2025-03-15 -> 2025-03-16)')
[2026-02-09T10:31:50.621+0000] {logging_mixin.py:188} INFO - [RAW] No data from yfinance
[2026-02-09T10:31:50.621+0000] {python.py:237} INFO - Done. Returned value was: None
[2026-02-09T10:31:50.622+0000] {taskinstance.py:441} INFO - ::group::Post task execution logs
[2026-02-09T10:31:50.632+0000] {taskinstance.py:1206} INFO - Marking task as SUCCESS. dag_id=stock_raw_aapl, task_id=download_and_load_raw, run_id=scheduled__2025-03-15T00:00:00+00:00, execution_date=20250315T000000, start_date=20260209T103149, end_date=20260209T103150
[2026-02-09T10:31:50.700+0000] {local_task_job_runner.py:243} INFO - Task exited with return code 0
[2026-02-09T10:31:50.717+0000] {taskinstance.py:3503} INFO - 0 downstream tasks scheduled from follow-on schedule check
[2026-02-09T10:31:50.719+0000] {local_task_job_runner.py:222} INFO - ::endgroup::
[2026-02-09T12:33:58.024+0000] {local_task_job_runner.py:120} INFO - ::group::Pre task execution logs
[2026-02-09T12:33:58.055+0000] {taskinstance.py:2076} INFO - Dependencies all met for dep_context=non-requeueable deps ti=<TaskInstance: stock_raw_aapl.download_and_load_raw scheduled__2025-03-15T00:00:00+00:00 [queued]>
[2026-02-09T12:33:58.062+0000] {taskinstance.py:2076} INFO - Dependencies all met for dep_context=requeueable deps ti=<TaskInstance: stock_raw_aapl.download_and_load_raw scheduled__2025-03-15T00:00:00+00:00 [queued]>
[2026-02-09T12:33:58.063+0000] {taskinstance.py:2306} INFO - Starting attempt 1 of 1
[2026-02-09T12:33:58.076+0000] {taskinstance.py:2330} INFO - Executing <Task(PythonOperator): download_and_load_raw> on 2025-03-15 00:00:00+00:00
[2026-02-09T12:33:58.088+0000] {logging_mixin.py:188} WARNING - /home/***/.local/lib/python3.12/site-packages/***/task/task_runner/standard_task_runner.py:62 DeprecationWarning: This process (pid=17455) is multi-threaded, use of fork() may lead to deadlocks in the child.
[2026-02-09T12:33:58.089+0000] {standard_task_runner.py:64} INFO - Started process 17458 to run task
[2026-02-09T12:33:58.088+0000] {standard_task_runner.py:90} INFO - Running: ['***', 'tasks', 'run', 'stock_raw_aapl', 'download_and_load_raw', 'scheduled__2025-03-15T00:00:00+00:00', '--job-id', '7630', '--raw', '--subdir', 'DAGS_FOLDER/stocks_dwh/raw/stocks_raw_dags.py', '--cfg-path', '/tmp/tmpy4khs7p2']
[2026-02-09T12:33:58.090+0000] {standard_task_runner.py:91} INFO - Job 7630: Subtask download_and_load_raw
[2026-02-09T12:33:58.152+0000] {task_command.py:426} INFO - Running <TaskInstance: stock_raw_aapl.download_and_load_raw scheduled__2025-03-15T00:00:00+00:00 [running]> on host 4886d37bc122
[2026-02-09T12:33:58.244+0000] {taskinstance.py:2648} INFO - Exporting env vars: AIRFLOW_CTX_DAG_OWNER='***' AIRFLOW_CTX_DAG_ID='stock_raw_aapl' AIRFLOW_CTX_TASK_ID='download_and_load_raw' AIRFLOW_CTX_EXECUTION_DATE='2025-03-15T00:00:00+00:00' AIRFLOW_CTX_TRY_NUMBER='1' AIRFLOW_CTX_DAG_RUN_ID='scheduled__2025-03-15T00:00:00+00:00'
[2026-02-09T12:33:58.245+0000] {taskinstance.py:430} INFO - ::endgroup::
[2026-02-09T12:33:58.255+0000] {stocks_raw_dags.py:37} INFO - 2025-03-15 00:00:00+00:00, 2025-03-16 00:00:00+00:00
[2026-02-09T12:33:58.256+0000] {logging_mixin.py:188} INFO - [RAW] Download AAPL [1d] 2025-03-14..2025-03-16
[2026-02-09T12:33:58.258+0000] {logging_mixin.py:188} WARNING - /opt/***/dags/stocks_dwh/raw/stocks_raw_dags.py:42 FutureWarning: YF.download() has changed argument auto_adjust default to True
[2026-02-09T12:33:58.267+0000] {logging_mixin.py:188} WARNING - /home/***/.local/lib/python3.12/site-packages/yfinance/scrapers/history.py:204 Pandas4Warning: Timestamp.utcnow is deprecated and will be removed in a future version. Use Timestamp.now('UTC') instead.
[2026-02-09T12:33:58.805+0000] {logging_mixin.py:188} WARNING - [*********************100%***********************]  1 of 1 completed
[2026-02-09T12:33:58.844+0000] {base.py:84} INFO - Using connection ID 'dwh_clickhouse' for task execution.
[2026-02-09T12:33:58.871+0000] {logging_mixin.py:188} INFO - [RAW] Deleted existing rows for AAPL in 2025-03-14..2025-03-16
[2026-02-09T12:33:58.883+0000] {logging_mixin.py:188} INFO - [RAW] Inserted 1 rows into dwh.raw_stock_prices
[2026-02-09T12:33:58.884+0000] {python.py:237} INFO - Done. Returned value was: None
[2026-02-09T12:33:58.884+0000] {taskinstance.py:441} INFO - ::group::Post task execution logs
[2026-02-09T12:33:58.896+0000] {taskinstance.py:1206} INFO - Marking task as SUCCESS. dag_id=stock_raw_aapl, task_id=download_and_load_raw, run_id=scheduled__2025-03-15T00:00:00+00:00, execution_date=20250315T000000, start_date=20260209T123358, end_date=20260209T123358
[2026-02-09T12:33:58.946+0000] {local_task_job_runner.py:243} INFO - Task exited with return code 0
[2026-02-09T12:33:58.966+0000] {taskinstance.py:3503} INFO - 0 downstream tasks scheduled from follow-on schedule check
[2026-02-09T12:33:58.970+0000] {local_task_job_runner.py:222} INFO - ::endgroup::
