[2026-02-09T12:15:11.349+0000] {local_task_job_runner.py:120} INFO - ::group::Pre task execution logs
[2026-02-09T12:15:11.384+0000] {taskinstance.py:2076} INFO - Dependencies all met for dep_context=non-requeueable deps ti=<TaskInstance: stock_raw_msft.download_and_load_raw scheduled__2024-09-24T00:00:00+00:00 [queued]>
[2026-02-09T12:15:11.394+0000] {taskinstance.py:2076} INFO - Dependencies all met for dep_context=requeueable deps ti=<TaskInstance: stock_raw_msft.download_and_load_raw scheduled__2024-09-24T00:00:00+00:00 [queued]>
[2026-02-09T12:15:11.395+0000] {taskinstance.py:2306} INFO - Starting attempt 2 of 2
[2026-02-09T12:15:11.406+0000] {taskinstance.py:2330} INFO - Executing <Task(PythonOperator): download_and_load_raw> on 2024-09-24 00:00:00+00:00
[2026-02-09T12:15:11.417+0000] {logging_mixin.py:188} WARNING - /home/***/.local/lib/python3.12/site-packages/***/task/task_runner/standard_task_runner.py:62 DeprecationWarning: This process (pid=14263) is multi-threaded, use of fork() may lead to deadlocks in the child.
[2026-02-09T12:15:11.419+0000] {standard_task_runner.py:64} INFO - Started process 14267 to run task
[2026-02-09T12:15:11.417+0000] {standard_task_runner.py:90} INFO - Running: ['***', 'tasks', 'run', 'stock_raw_msft', 'download_and_load_raw', 'scheduled__2024-09-24T00:00:00+00:00', '--job-id', '6942', '--raw', '--subdir', 'DAGS_FOLDER/stocks_dwh/raw/stocks_raw_dags.py', '--cfg-path', '/tmp/tmp00_h0ewg']
[2026-02-09T12:15:11.420+0000] {standard_task_runner.py:91} INFO - Job 6942: Subtask download_and_load_raw
[2026-02-09T12:15:11.476+0000] {task_command.py:426} INFO - Running <TaskInstance: stock_raw_msft.download_and_load_raw scheduled__2024-09-24T00:00:00+00:00 [running]> on host 4886d37bc122
[2026-02-09T12:15:11.563+0000] {taskinstance.py:2648} INFO - Exporting env vars: AIRFLOW_CTX_DAG_OWNER='***' AIRFLOW_CTX_DAG_ID='stock_raw_msft' AIRFLOW_CTX_TASK_ID='download_and_load_raw' AIRFLOW_CTX_EXECUTION_DATE='2024-09-24T00:00:00+00:00' AIRFLOW_CTX_TRY_NUMBER='2' AIRFLOW_CTX_DAG_RUN_ID='scheduled__2024-09-24T00:00:00+00:00'
[2026-02-09T12:15:11.564+0000] {taskinstance.py:430} INFO - ::endgroup::
[2026-02-09T12:15:11.575+0000] {stocks_raw_dags.py:37} INFO - 2024-09-24 00:00:00+00:00, 2024-09-25 00:00:00+00:00
[2026-02-09T12:15:11.575+0000] {logging_mixin.py:188} INFO - [RAW] Download MSFT [1d] 2024-09-23..2024-09-25
[2026-02-09T12:15:11.577+0000] {logging_mixin.py:188} WARNING - /opt/***/dags/stocks_dwh/raw/stocks_raw_dags.py:42 FutureWarning: YF.download() has changed argument auto_adjust default to True
[2026-02-09T12:15:11.585+0000] {logging_mixin.py:188} WARNING - /home/***/.local/lib/python3.12/site-packages/yfinance/scrapers/history.py:204 Pandas4Warning: Timestamp.utcnow is deprecated and will be removed in a future version. Use Timestamp.now('UTC') instead.
[2026-02-09T12:15:12.108+0000] {logging_mixin.py:188} WARNING - [*********************100%***********************]  1 of 1 completed
[2026-02-09T12:15:12.144+0000] {base.py:84} INFO - Using connection ID 'dwh_clickhouse' for task execution.
[2026-02-09T12:15:12.168+0000] {logging_mixin.py:188} INFO - [RAW] Deleted existing rows for MSFT in 2024-09-23..2024-09-25
[2026-02-09T12:15:12.180+0000] {logging_mixin.py:188} INFO - [RAW] Inserted 2 rows into dwh.raw_stock_prices
[2026-02-09T12:15:12.181+0000] {python.py:237} INFO - Done. Returned value was: None
[2026-02-09T12:15:12.182+0000] {taskinstance.py:441} INFO - ::group::Post task execution logs
[2026-02-09T12:15:12.195+0000] {taskinstance.py:1206} INFO - Marking task as SUCCESS. dag_id=stock_raw_msft, task_id=download_and_load_raw, run_id=scheduled__2024-09-24T00:00:00+00:00, execution_date=20240924T000000, start_date=20260209T121511, end_date=20260209T121512
[2026-02-09T12:15:12.235+0000] {local_task_job_runner.py:243} INFO - Task exited with return code 0
[2026-02-09T12:15:12.257+0000] {taskinstance.py:3503} INFO - 0 downstream tasks scheduled from follow-on schedule check
[2026-02-09T12:15:12.259+0000] {local_task_job_runner.py:222} INFO - ::endgroup::
