[2026-02-09T10:38:26.980+0000] {local_task_job_runner.py:120} INFO - ::group::Pre task execution logs
[2026-02-09T10:38:27.011+0000] {taskinstance.py:2076} INFO - Dependencies all met for dep_context=non-requeueable deps ti=<TaskInstance: stock_raw_aapl.download_and_load_raw scheduled__2025-07-13T00:00:00+00:00 [queued]>
[2026-02-09T10:38:27.018+0000] {taskinstance.py:2076} INFO - Dependencies all met for dep_context=requeueable deps ti=<TaskInstance: stock_raw_aapl.download_and_load_raw scheduled__2025-07-13T00:00:00+00:00 [queued]>
[2026-02-09T10:38:27.018+0000] {taskinstance.py:2306} INFO - Starting attempt 1 of 1
[2026-02-09T10:38:27.030+0000] {taskinstance.py:2330} INFO - Executing <Task(PythonOperator): download_and_load_raw> on 2025-07-13 00:00:00+00:00
[2026-02-09T10:38:27.042+0000] {logging_mixin.py:188} WARNING - /home/***/.local/lib/python3.12/site-packages/***/task/task_runner/standard_task_runner.py:62 DeprecationWarning: This process (pid=6560) is multi-threaded, use of fork() may lead to deadlocks in the child.
[2026-02-09T10:38:27.044+0000] {standard_task_runner.py:64} INFO - Started process 6567 to run task
[2026-02-09T10:38:27.043+0000] {standard_task_runner.py:90} INFO - Running: ['***', 'tasks', 'run', 'stock_raw_aapl', 'download_and_load_raw', 'scheduled__2025-07-13T00:00:00+00:00', '--job-id', '5600', '--raw', '--subdir', 'DAGS_FOLDER/stocks_dwh/raw/stocks_raw_dags.py', '--cfg-path', '/tmp/tmp87ac7swo']
[2026-02-09T10:38:27.045+0000] {standard_task_runner.py:91} INFO - Job 5600: Subtask download_and_load_raw
[2026-02-09T10:38:27.105+0000] {task_command.py:426} INFO - Running <TaskInstance: stock_raw_aapl.download_and_load_raw scheduled__2025-07-13T00:00:00+00:00 [running]> on host 4886d37bc122
[2026-02-09T10:38:27.191+0000] {taskinstance.py:2648} INFO - Exporting env vars: AIRFLOW_CTX_DAG_OWNER='***' AIRFLOW_CTX_DAG_ID='stock_raw_aapl' AIRFLOW_CTX_TASK_ID='download_and_load_raw' AIRFLOW_CTX_EXECUTION_DATE='2025-07-13T00:00:00+00:00' AIRFLOW_CTX_TRY_NUMBER='1' AIRFLOW_CTX_DAG_RUN_ID='scheduled__2025-07-13T00:00:00+00:00'
[2026-02-09T10:38:27.193+0000] {taskinstance.py:430} INFO - ::endgroup::
[2026-02-09T10:38:27.203+0000] {logging_mixin.py:188} INFO - [RAW] Download AAPL [1d] 2025-07-13..2025-07-14
[2026-02-09T10:38:27.205+0000] {logging_mixin.py:188} WARNING - /opt/***/dags/stocks_dwh/raw/stocks_raw_dags.py:38 FutureWarning: YF.download() has changed argument auto_adjust default to True
[2026-02-09T10:38:27.214+0000] {logging_mixin.py:188} WARNING - /home/***/.local/lib/python3.12/site-packages/yfinance/scrapers/history.py:204 Pandas4Warning: Timestamp.utcnow is deprecated and will be removed in a future version. Use Timestamp.now('UTC') instead.
[2026-02-09T10:38:27.714+0000] {multi.py:185} ERROR - 
1 Failed download:
[2026-02-09T10:38:27.715+0000] {multi.py:198} ERROR - ['AAPL']: YFPricesMissingError('possibly delisted; no price data found  (1d 2025-07-13 -> 2025-07-14)')
[2026-02-09T10:38:27.729+0000] {logging_mixin.py:188} INFO - [RAW] No data from yfinance
[2026-02-09T10:38:27.729+0000] {python.py:237} INFO - Done. Returned value was: None
[2026-02-09T10:38:27.730+0000] {taskinstance.py:441} INFO - ::group::Post task execution logs
[2026-02-09T10:38:27.741+0000] {taskinstance.py:1206} INFO - Marking task as SUCCESS. dag_id=stock_raw_aapl, task_id=download_and_load_raw, run_id=scheduled__2025-07-13T00:00:00+00:00, execution_date=20250713T000000, start_date=20260209T103827, end_date=20260209T103827
[2026-02-09T10:38:27.780+0000] {local_task_job_runner.py:243} INFO - Task exited with return code 0
[2026-02-09T10:38:27.797+0000] {taskinstance.py:3503} INFO - 0 downstream tasks scheduled from follow-on schedule check
[2026-02-09T10:38:27.799+0000] {local_task_job_runner.py:222} INFO - ::endgroup::
[2026-02-09T12:40:15.730+0000] {local_task_job_runner.py:120} INFO - ::group::Pre task execution logs
[2026-02-09T12:40:15.758+0000] {taskinstance.py:2076} INFO - Dependencies all met for dep_context=non-requeueable deps ti=<TaskInstance: stock_raw_aapl.download_and_load_raw scheduled__2025-07-13T00:00:00+00:00 [queued]>
[2026-02-09T12:40:15.766+0000] {taskinstance.py:2076} INFO - Dependencies all met for dep_context=requeueable deps ti=<TaskInstance: stock_raw_aapl.download_and_load_raw scheduled__2025-07-13T00:00:00+00:00 [queued]>
[2026-02-09T12:40:15.766+0000] {taskinstance.py:2306} INFO - Starting attempt 1 of 1
[2026-02-09T12:40:15.779+0000] {taskinstance.py:2330} INFO - Executing <Task(PythonOperator): download_and_load_raw> on 2025-07-13 00:00:00+00:00
[2026-02-09T12:40:15.791+0000] {logging_mixin.py:188} WARNING - /home/***/.local/lib/python3.12/site-packages/***/task/task_runner/standard_task_runner.py:62 DeprecationWarning: This process (pid=18089) is multi-threaded, use of fork() may lead to deadlocks in the child.
[2026-02-09T12:40:15.792+0000] {standard_task_runner.py:64} INFO - Started process 18091 to run task
[2026-02-09T12:40:15.791+0000] {standard_task_runner.py:90} INFO - Running: ['***', 'tasks', 'run', 'stock_raw_aapl', 'download_and_load_raw', 'scheduled__2025-07-13T00:00:00+00:00', '--job-id', '7751', '--raw', '--subdir', 'DAGS_FOLDER/stocks_dwh/raw/stocks_raw_dags.py', '--cfg-path', '/tmp/tmp8e06r10c']
[2026-02-09T12:40:15.793+0000] {standard_task_runner.py:91} INFO - Job 7751: Subtask download_and_load_raw
[2026-02-09T12:40:15.852+0000] {task_command.py:426} INFO - Running <TaskInstance: stock_raw_aapl.download_and_load_raw scheduled__2025-07-13T00:00:00+00:00 [running]> on host 4886d37bc122
[2026-02-09T12:40:15.944+0000] {taskinstance.py:2648} INFO - Exporting env vars: AIRFLOW_CTX_DAG_OWNER='***' AIRFLOW_CTX_DAG_ID='stock_raw_aapl' AIRFLOW_CTX_TASK_ID='download_and_load_raw' AIRFLOW_CTX_EXECUTION_DATE='2025-07-13T00:00:00+00:00' AIRFLOW_CTX_TRY_NUMBER='1' AIRFLOW_CTX_DAG_RUN_ID='scheduled__2025-07-13T00:00:00+00:00'
[2026-02-09T12:40:15.945+0000] {taskinstance.py:430} INFO - ::endgroup::
[2026-02-09T12:40:15.955+0000] {stocks_raw_dags.py:37} INFO - 2025-07-13 00:00:00+00:00, 2025-07-14 00:00:00+00:00
[2026-02-09T12:40:15.955+0000] {logging_mixin.py:188} INFO - [RAW] Download AAPL [1d] 2025-07-12..2025-07-14
[2026-02-09T12:40:15.957+0000] {logging_mixin.py:188} WARNING - /opt/***/dags/stocks_dwh/raw/stocks_raw_dags.py:42 FutureWarning: YF.download() has changed argument auto_adjust default to True
[2026-02-09T12:40:15.965+0000] {logging_mixin.py:188} WARNING - /home/***/.local/lib/python3.12/site-packages/yfinance/scrapers/history.py:204 Pandas4Warning: Timestamp.utcnow is deprecated and will be removed in a future version. Use Timestamp.now('UTC') instead.
[2026-02-09T12:40:16.496+0000] {logging_mixin.py:188} WARNING - [*********************100%***********************]  1 of 1 completed
[2026-02-09T12:40:16.497+0000] {multi.py:185} ERROR - 
1 Failed download:
[2026-02-09T12:40:16.498+0000] {multi.py:198} ERROR - ['AAPL']: YFPricesMissingError('possibly delisted; no price data found  (1d 2025-07-12 -> 2025-07-14)')
[2026-02-09T12:40:16.509+0000] {logging_mixin.py:188} INFO - [RAW] No data from yfinance
[2026-02-09T12:40:16.509+0000] {python.py:237} INFO - Done. Returned value was: None
[2026-02-09T12:40:16.510+0000] {taskinstance.py:441} INFO - ::group::Post task execution logs
[2026-02-09T12:40:16.519+0000] {taskinstance.py:1206} INFO - Marking task as SUCCESS. dag_id=stock_raw_aapl, task_id=download_and_load_raw, run_id=scheduled__2025-07-13T00:00:00+00:00, execution_date=20250713T000000, start_date=20260209T124015, end_date=20260209T124016
[2026-02-09T12:40:16.568+0000] {local_task_job_runner.py:243} INFO - Task exited with return code 0
[2026-02-09T12:40:16.584+0000] {taskinstance.py:3503} INFO - 0 downstream tasks scheduled from follow-on schedule check
[2026-02-09T12:40:16.587+0000] {local_task_job_runner.py:222} INFO - ::endgroup::
