[2026-02-09T10:25:22.728+0000] {local_task_job_runner.py:120} INFO - ::group::Pre task execution logs
[2026-02-09T10:25:22.760+0000] {taskinstance.py:2076} INFO - Dependencies all met for dep_context=non-requeueable deps ti=<TaskInstance: stock_raw_aapl.download_and_load_raw scheduled__2024-11-16T00:00:00+00:00 [queued]>
[2026-02-09T10:25:22.768+0000] {taskinstance.py:2076} INFO - Dependencies all met for dep_context=requeueable deps ti=<TaskInstance: stock_raw_aapl.download_and_load_raw scheduled__2024-11-16T00:00:00+00:00 [queued]>
[2026-02-09T10:25:22.768+0000] {taskinstance.py:2306} INFO - Starting attempt 1 of 1
[2026-02-09T10:25:22.781+0000] {taskinstance.py:2330} INFO - Executing <Task(PythonOperator): download_and_load_raw> on 2024-11-16 00:00:00+00:00
[2026-02-09T10:25:22.797+0000] {logging_mixin.py:188} WARNING - /home/***/.local/lib/python3.12/site-packages/***/task/task_runner/standard_task_runner.py:62 DeprecationWarning: This process (pid=1509) is multi-threaded, use of fork() may lead to deadlocks in the child.
[2026-02-09T10:25:22.799+0000] {standard_task_runner.py:64} INFO - Started process 1516 to run task
[2026-02-09T10:25:22.797+0000] {standard_task_runner.py:90} INFO - Running: ['***', 'tasks', 'run', 'stock_raw_aapl', 'download_and_load_raw', 'scheduled__2024-11-16T00:00:00+00:00', '--job-id', '4414', '--raw', '--subdir', 'DAGS_FOLDER/stocks_dwh/raw/stocks_raw_dags.py', '--cfg-path', '/tmp/tmppvo75bko']
[2026-02-09T10:25:22.801+0000] {standard_task_runner.py:91} INFO - Job 4414: Subtask download_and_load_raw
[2026-02-09T10:25:22.871+0000] {task_command.py:426} INFO - Running <TaskInstance: stock_raw_aapl.download_and_load_raw scheduled__2024-11-16T00:00:00+00:00 [running]> on host 4886d37bc122
[2026-02-09T10:25:22.968+0000] {taskinstance.py:2648} INFO - Exporting env vars: AIRFLOW_CTX_DAG_OWNER='***' AIRFLOW_CTX_DAG_ID='stock_raw_aapl' AIRFLOW_CTX_TASK_ID='download_and_load_raw' AIRFLOW_CTX_EXECUTION_DATE='2024-11-16T00:00:00+00:00' AIRFLOW_CTX_TRY_NUMBER='1' AIRFLOW_CTX_DAG_RUN_ID='scheduled__2024-11-16T00:00:00+00:00'
[2026-02-09T10:25:22.969+0000] {taskinstance.py:430} INFO - ::endgroup::
[2026-02-09T10:25:22.981+0000] {logging_mixin.py:188} INFO - [RAW] Download AAPL [1d] 2024-11-16..2024-11-17
[2026-02-09T10:25:22.983+0000] {logging_mixin.py:188} WARNING - /opt/***/dags/stocks_dwh/raw/stocks_raw_dags.py:38 FutureWarning: YF.download() has changed argument auto_adjust default to True
[2026-02-09T10:25:22.991+0000] {logging_mixin.py:188} WARNING - /home/***/.local/lib/python3.12/site-packages/yfinance/scrapers/history.py:204 Pandas4Warning: Timestamp.utcnow is deprecated and will be removed in a future version. Use Timestamp.now('UTC') instead.
[2026-02-09T10:25:23.471+0000] {multi.py:185} ERROR - 
1 Failed download:
[2026-02-09T10:25:23.472+0000] {multi.py:198} ERROR - ['AAPL']: YFPricesMissingError('possibly delisted; no price data found  (1d 2024-11-16 -> 2024-11-17)')
[2026-02-09T10:25:23.484+0000] {logging_mixin.py:188} INFO - [RAW] No data from yfinance
[2026-02-09T10:25:23.484+0000] {python.py:237} INFO - Done. Returned value was: None
[2026-02-09T10:25:23.485+0000] {taskinstance.py:441} INFO - ::group::Post task execution logs
[2026-02-09T10:25:23.493+0000] {taskinstance.py:1206} INFO - Marking task as SUCCESS. dag_id=stock_raw_aapl, task_id=download_and_load_raw, run_id=scheduled__2024-11-16T00:00:00+00:00, execution_date=20241116T000000, start_date=20260209T102522, end_date=20260209T102523
[2026-02-09T10:25:23.535+0000] {local_task_job_runner.py:243} INFO - Task exited with return code 0
[2026-02-09T10:25:23.551+0000] {taskinstance.py:3503} INFO - 0 downstream tasks scheduled from follow-on schedule check
[2026-02-09T10:25:23.553+0000] {local_task_job_runner.py:222} INFO - ::endgroup::
[2026-02-09T12:27:05.913+0000] {local_task_job_runner.py:120} INFO - ::group::Pre task execution logs
[2026-02-09T12:27:05.948+0000] {taskinstance.py:2076} INFO - Dependencies all met for dep_context=non-requeueable deps ti=<TaskInstance: stock_raw_aapl.download_and_load_raw scheduled__2024-11-16T00:00:00+00:00 [queued]>
[2026-02-09T12:27:05.957+0000] {taskinstance.py:2076} INFO - Dependencies all met for dep_context=requeueable deps ti=<TaskInstance: stock_raw_aapl.download_and_load_raw scheduled__2024-11-16T00:00:00+00:00 [queued]>
[2026-02-09T12:27:05.958+0000] {taskinstance.py:2306} INFO - Starting attempt 1 of 1
[2026-02-09T12:27:05.969+0000] {taskinstance.py:2330} INFO - Executing <Task(PythonOperator): download_and_load_raw> on 2024-11-16 00:00:00+00:00
[2026-02-09T12:27:05.981+0000] {logging_mixin.py:188} WARNING - /home/***/.local/lib/python3.12/site-packages/***/task/task_runner/standard_task_runner.py:62 DeprecationWarning: This process (pid=16339) is multi-threaded, use of fork() may lead to deadlocks in the child.
[2026-02-09T12:27:05.981+0000] {standard_task_runner.py:90} INFO - Running: ['***', 'tasks', 'run', 'stock_raw_aapl', 'download_and_load_raw', 'scheduled__2024-11-16T00:00:00+00:00', '--job-id', '7392', '--raw', '--subdir', 'DAGS_FOLDER/stocks_dwh/raw/stocks_raw_dags.py', '--cfg-path', '/tmp/tmpandabez0']
[2026-02-09T12:27:05.983+0000] {standard_task_runner.py:64} INFO - Started process 16343 to run task
[2026-02-09T12:27:05.984+0000] {standard_task_runner.py:91} INFO - Job 7392: Subtask download_and_load_raw
[2026-02-09T12:27:06.051+0000] {task_command.py:426} INFO - Running <TaskInstance: stock_raw_aapl.download_and_load_raw scheduled__2024-11-16T00:00:00+00:00 [running]> on host 4886d37bc122
[2026-02-09T12:27:06.138+0000] {taskinstance.py:2648} INFO - Exporting env vars: AIRFLOW_CTX_DAG_OWNER='***' AIRFLOW_CTX_DAG_ID='stock_raw_aapl' AIRFLOW_CTX_TASK_ID='download_and_load_raw' AIRFLOW_CTX_EXECUTION_DATE='2024-11-16T00:00:00+00:00' AIRFLOW_CTX_TRY_NUMBER='1' AIRFLOW_CTX_DAG_RUN_ID='scheduled__2024-11-16T00:00:00+00:00'
[2026-02-09T12:27:06.140+0000] {taskinstance.py:430} INFO - ::endgroup::
[2026-02-09T12:27:06.151+0000] {stocks_raw_dags.py:37} INFO - 2024-11-16 00:00:00+00:00, 2024-11-17 00:00:00+00:00
[2026-02-09T12:27:06.152+0000] {logging_mixin.py:188} INFO - [RAW] Download AAPL [1d] 2024-11-15..2024-11-17
[2026-02-09T12:27:06.154+0000] {logging_mixin.py:188} WARNING - /opt/***/dags/stocks_dwh/raw/stocks_raw_dags.py:42 FutureWarning: YF.download() has changed argument auto_adjust default to True
[2026-02-09T12:27:06.163+0000] {logging_mixin.py:188} WARNING - /home/***/.local/lib/python3.12/site-packages/yfinance/scrapers/history.py:204 Pandas4Warning: Timestamp.utcnow is deprecated and will be removed in a future version. Use Timestamp.now('UTC') instead.
[2026-02-09T12:27:06.681+0000] {logging_mixin.py:188} WARNING - [*********************100%***********************]  1 of 1 completed
[2026-02-09T12:27:06.719+0000] {base.py:84} INFO - Using connection ID 'dwh_clickhouse' for task execution.
[2026-02-09T12:27:06.748+0000] {logging_mixin.py:188} INFO - [RAW] Deleted existing rows for AAPL in 2024-11-15..2024-11-17
[2026-02-09T12:27:06.759+0000] {logging_mixin.py:188} INFO - [RAW] Inserted 1 rows into dwh.raw_stock_prices
[2026-02-09T12:27:06.760+0000] {python.py:237} INFO - Done. Returned value was: None
[2026-02-09T12:27:06.761+0000] {taskinstance.py:441} INFO - ::group::Post task execution logs
[2026-02-09T12:27:06.771+0000] {taskinstance.py:1206} INFO - Marking task as SUCCESS. dag_id=stock_raw_aapl, task_id=download_and_load_raw, run_id=scheduled__2024-11-16T00:00:00+00:00, execution_date=20241116T000000, start_date=20260209T122705, end_date=20260209T122706
[2026-02-09T12:27:06.841+0000] {local_task_job_runner.py:243} INFO - Task exited with return code 0
[2026-02-09T12:27:06.862+0000] {taskinstance.py:3503} INFO - 0 downstream tasks scheduled from follow-on schedule check
[2026-02-09T12:27:06.864+0000] {local_task_job_runner.py:222} INFO - ::endgroup::
