[2026-02-09T10:35:52.940+0000] {local_task_job_runner.py:120} INFO - ::group::Pre task execution logs
[2026-02-09T10:35:52.979+0000] {taskinstance.py:2076} INFO - Dependencies all met for dep_context=non-requeueable deps ti=<TaskInstance: stock_raw_moex_sber.download_and_load_raw scheduled__2025-04-29T00:00:00+00:00 [queued]>
[2026-02-09T10:35:52.989+0000] {taskinstance.py:2076} INFO - Dependencies all met for dep_context=requeueable deps ti=<TaskInstance: stock_raw_moex_sber.download_and_load_raw scheduled__2025-04-29T00:00:00+00:00 [queued]>
[2026-02-09T10:35:52.990+0000] {taskinstance.py:2306} INFO - Starting attempt 1 of 1
[2026-02-09T10:35:53.007+0000] {taskinstance.py:2330} INFO - Executing <Task(PythonOperator): download_and_load_raw> on 2025-04-29 00:00:00+00:00
[2026-02-09T10:35:53.024+0000] {logging_mixin.py:188} WARNING - /home/***/.local/lib/python3.12/site-packages/***/task/task_runner/standard_task_runner.py:62 DeprecationWarning: This process (pid=5597) is multi-threaded, use of fork() may lead to deadlocks in the child.
[2026-02-09T10:35:53.026+0000] {standard_task_runner.py:64} INFO - Started process 5603 to run task
[2026-02-09T10:35:53.024+0000] {standard_task_runner.py:90} INFO - Running: ['***', 'tasks', 'run', 'stock_raw_moex_sber', 'download_and_load_raw', 'scheduled__2025-04-29T00:00:00+00:00', '--job-id', '5375', '--raw', '--subdir', 'DAGS_FOLDER/stocks_dwh/raw/stocks_raw_dags.py', '--cfg-path', '/tmp/tmpgonphjai']
[2026-02-09T10:35:53.027+0000] {standard_task_runner.py:91} INFO - Job 5375: Subtask download_and_load_raw
[2026-02-09T10:35:53.111+0000] {task_command.py:426} INFO - Running <TaskInstance: stock_raw_moex_sber.download_and_load_raw scheduled__2025-04-29T00:00:00+00:00 [running]> on host 4886d37bc122
[2026-02-09T10:35:53.229+0000] {taskinstance.py:2648} INFO - Exporting env vars: AIRFLOW_CTX_DAG_OWNER='***' AIRFLOW_CTX_DAG_ID='stock_raw_moex_sber' AIRFLOW_CTX_TASK_ID='download_and_load_raw' AIRFLOW_CTX_EXECUTION_DATE='2025-04-29T00:00:00+00:00' AIRFLOW_CTX_TRY_NUMBER='1' AIRFLOW_CTX_DAG_RUN_ID='scheduled__2025-04-29T00:00:00+00:00'
[2026-02-09T10:35:53.231+0000] {taskinstance.py:430} INFO - ::endgroup::
[2026-02-09T10:35:53.242+0000] {logging_mixin.py:188} INFO - [RAW] Download MOEX.SBER [1d] 2025-04-29..2025-04-30
[2026-02-09T10:35:53.245+0000] {logging_mixin.py:188} WARNING - /opt/***/dags/stocks_dwh/raw/stocks_raw_dags.py:38 FutureWarning: YF.download() has changed argument auto_adjust default to True
[2026-02-09T10:35:54.351+0000] {quote.py:592} ERROR - HTTP Error 404: {"quoteSummary":{"result":null,"error":{"code":"Not Found","description":"Quote not found for symbol: MOEX.SBER"}}}
[2026-02-09T10:35:54.398+0000] {logging_mixin.py:188} WARNING - /home/***/.local/lib/python3.12/site-packages/yfinance/scrapers/quote.py:700 Pandas4Warning: Timestamp.utcnow is deprecated and will be removed in a future version. Use Timestamp.now('UTC') instead.
[2026-02-09T10:35:54.401+0000] {logging_mixin.py:188} WARNING - /home/***/.local/lib/python3.12/site-packages/yfinance/scrapers/quote.py:702 Pandas4Warning: Timestamp.utcnow is deprecated and will be removed in a future version. Use Timestamp.now('UTC') instead.
[2026-02-09T10:35:54.463+0000] {multi.py:185} ERROR - 
1 Failed download:
[2026-02-09T10:35:54.463+0000] {multi.py:198} ERROR - ['MOEX.SBER']: YFTzMissingError('possibly delisted; no timezone found')
[2026-02-09T10:35:54.477+0000] {logging_mixin.py:188} INFO - [RAW] No data from yfinance
[2026-02-09T10:35:54.478+0000] {python.py:237} INFO - Done. Returned value was: None
[2026-02-09T10:35:54.479+0000] {taskinstance.py:441} INFO - ::group::Post task execution logs
[2026-02-09T10:35:54.489+0000] {taskinstance.py:1206} INFO - Marking task as SUCCESS. dag_id=stock_raw_moex_sber, task_id=download_and_load_raw, run_id=scheduled__2025-04-29T00:00:00+00:00, execution_date=20250429T000000, start_date=20260209T103552, end_date=20260209T103554
[2026-02-09T10:35:54.527+0000] {local_task_job_runner.py:243} INFO - Task exited with return code 0
[2026-02-09T10:35:54.548+0000] {taskinstance.py:3503} INFO - 0 downstream tasks scheduled from follow-on schedule check
[2026-02-09T10:35:54.551+0000] {local_task_job_runner.py:222} INFO - ::endgroup::
