[2026-02-15T15:40:09.572+0000] {local_task_job_runner.py:120} INFO - ::group::Pre task execution logs
[2026-02-15T15:40:09.603+0000] {taskinstance.py:2076} INFO - Dependencies all met for dep_context=non-requeueable deps ti=<TaskInstance: stock_raw_aapl.download_and_load_raw manual__2026-02-15T15:40:08.135349+00:00 [queued]>
[2026-02-15T15:40:09.610+0000] {taskinstance.py:2076} INFO - Dependencies all met for dep_context=requeueable deps ti=<TaskInstance: stock_raw_aapl.download_and_load_raw manual__2026-02-15T15:40:08.135349+00:00 [queued]>
[2026-02-15T15:40:09.610+0000] {taskinstance.py:2306} INFO - Starting attempt 1 of 1
[2026-02-15T15:40:09.621+0000] {taskinstance.py:2330} INFO - Executing <Task(PythonOperator): download_and_load_raw> on 2026-02-15 15:40:08.135349+00:00
[2026-02-15T15:40:09.633+0000] {logging_mixin.py:188} WARNING - /home/***/.local/lib/python3.12/site-packages/***/task/task_runner/standard_task_runner.py:62 DeprecationWarning: This process (pid=743) is multi-threaded, use of fork() may lead to deadlocks in the child.
[2026-02-15T15:40:09.631+0000] {standard_task_runner.py:90} INFO - Running: ['***', 'tasks', 'run', 'stock_raw_aapl', 'download_and_load_raw', 'manual__2026-02-15T15:40:08.135349+00:00', '--job-id', '8051', '--raw', '--subdir', 'DAGS_FOLDER/stocks/dag.py', '--cfg-path', '/tmp/tmppcaeo0g3']
[2026-02-15T15:40:09.635+0000] {standard_task_runner.py:91} INFO - Job 8051: Subtask download_and_load_raw
[2026-02-15T15:40:09.634+0000] {standard_task_runner.py:64} INFO - Started process 745 to run task
[2026-02-15T15:40:09.691+0000] {task_command.py:426} INFO - Running <TaskInstance: stock_raw_aapl.download_and_load_raw manual__2026-02-15T15:40:08.135349+00:00 [running]> on host 45ef9e308ede
[2026-02-15T15:40:09.772+0000] {taskinstance.py:2648} INFO - Exporting env vars: AIRFLOW_CTX_DAG_OWNER='***' AIRFLOW_CTX_DAG_ID='stock_raw_aapl' AIRFLOW_CTX_TASK_ID='download_and_load_raw' AIRFLOW_CTX_EXECUTION_DATE='2026-02-15T15:40:08.135349+00:00' AIRFLOW_CTX_TRY_NUMBER='1' AIRFLOW_CTX_DAG_RUN_ID='manual__2026-02-15T15:40:08.135349+00:00'
[2026-02-15T15:40:09.773+0000] {taskinstance.py:430} INFO - ::endgroup::
[2026-02-15T15:40:09.800+0000] {manager.py:49} INFO - Download AAPL [2026-02-13..2026-02-15]
[2026-02-15T15:40:09.803+0000] {logging_mixin.py:188} WARNING - /opt/***/dags/stocks/scripts/api.py:18 FutureWarning: YF.download() has changed argument auto_adjust default to True
[2026-02-15T15:40:10.571+0000] {logging_mixin.py:188} WARNING - /home/***/.local/lib/python3.12/site-packages/yfinance/scrapers/history.py:204 Pandas4Warning: Timestamp.utcnow is deprecated and will be removed in a future version. Use Timestamp.now('UTC') instead.
[2026-02-15T15:40:10.726+0000] {logging_mixin.py:188} WARNING - [*********************100%***********************]  1 of 1 completed
[2026-02-15T15:40:10.762+0000] {base.py:84} INFO - Using connection ID 'dwh_clickhouse' for task execution.
[2026-02-15T15:40:10.786+0000] {manager.py:68} INFO - Deleted existing rows for AAPL in 2026-02-13..2026-02-15
[2026-02-15T15:40:10.797+0000] {manager.py:72} INFO - Inserted 1 rows into dwh.raw_stock_prices
[2026-02-15T15:40:10.798+0000] {python.py:237} INFO - Done. Returned value was: None
[2026-02-15T15:40:10.798+0000] {taskinstance.py:441} INFO - ::group::Post task execution logs
[2026-02-15T15:40:10.807+0000] {taskinstance.py:1206} INFO - Marking task as SUCCESS. dag_id=stock_raw_aapl, task_id=download_and_load_raw, run_id=manual__2026-02-15T15:40:08.135349+00:00, execution_date=20260215T154008, start_date=20260215T154009, end_date=20260215T154010
[2026-02-15T15:40:10.853+0000] {local_task_job_runner.py:243} INFO - Task exited with return code 0
[2026-02-15T15:40:10.871+0000] {taskinstance.py:3503} INFO - 1 downstream tasks scheduled from follow-on schedule check
[2026-02-15T15:40:10.873+0000] {local_task_job_runner.py:222} INFO - ::endgroup::
