[2026-02-09T10:49:04.222+0000] {local_task_job_runner.py:120} INFO - ::group::Pre task execution logs
[2026-02-09T10:49:04.253+0000] {taskinstance.py:2076} INFO - Dependencies all met for dep_context=non-requeueable deps ti=<TaskInstance: stock_raw_aapl.download_and_load_raw scheduled__2026-01-28T00:00:00+00:00 [queued]>
[2026-02-09T10:49:04.262+0000] {taskinstance.py:2076} INFO - Dependencies all met for dep_context=requeueable deps ti=<TaskInstance: stock_raw_aapl.download_and_load_raw scheduled__2026-01-28T00:00:00+00:00 [queued]>
[2026-02-09T10:49:04.264+0000] {taskinstance.py:2306} INFO - Starting attempt 1 of 1
[2026-02-09T10:49:04.279+0000] {taskinstance.py:2330} INFO - Executing <Task(PythonOperator): download_and_load_raw> on 2026-01-28 00:00:00+00:00
[2026-02-09T10:49:04.291+0000] {logging_mixin.py:188} WARNING - /home/***/.local/lib/python3.12/site-packages/***/task/task_runner/standard_task_runner.py:62 DeprecationWarning: This process (pid=10714) is multi-threaded, use of fork() may lead to deadlocks in the child.
[2026-02-09T10:49:04.292+0000] {standard_task_runner.py:64} INFO - Started process 10724 to run task
[2026-02-09T10:49:04.291+0000] {standard_task_runner.py:90} INFO - Running: ['***', 'tasks', 'run', 'stock_raw_aapl', 'download_and_load_raw', 'scheduled__2026-01-28T00:00:00+00:00', '--job-id', '6577', '--raw', '--subdir', 'DAGS_FOLDER/stocks_dwh/raw/stocks_raw_dags.py', '--cfg-path', '/tmp/tmpsqiwednq']
[2026-02-09T10:49:04.293+0000] {standard_task_runner.py:91} INFO - Job 6577: Subtask download_and_load_raw
[2026-02-09T10:49:04.356+0000] {task_command.py:426} INFO - Running <TaskInstance: stock_raw_aapl.download_and_load_raw scheduled__2026-01-28T00:00:00+00:00 [running]> on host 4886d37bc122
[2026-02-09T10:49:04.449+0000] {taskinstance.py:2648} INFO - Exporting env vars: AIRFLOW_CTX_DAG_OWNER='***' AIRFLOW_CTX_DAG_ID='stock_raw_aapl' AIRFLOW_CTX_TASK_ID='download_and_load_raw' AIRFLOW_CTX_EXECUTION_DATE='2026-01-28T00:00:00+00:00' AIRFLOW_CTX_TRY_NUMBER='1' AIRFLOW_CTX_DAG_RUN_ID='scheduled__2026-01-28T00:00:00+00:00'
[2026-02-09T10:49:04.450+0000] {taskinstance.py:430} INFO - ::endgroup::
[2026-02-09T10:49:04.463+0000] {logging_mixin.py:188} INFO - [RAW] Download AAPL [1d] 2026-01-28..2026-01-29
[2026-02-09T10:49:04.466+0000] {logging_mixin.py:188} WARNING - /opt/***/dags/stocks_dwh/raw/stocks_raw_dags.py:38 FutureWarning: YF.download() has changed argument auto_adjust default to True
[2026-02-09T10:49:04.475+0000] {logging_mixin.py:188} WARNING - /home/***/.local/lib/python3.12/site-packages/yfinance/scrapers/history.py:204 Pandas4Warning: Timestamp.utcnow is deprecated and will be removed in a future version. Use Timestamp.now('UTC') instead.
[2026-02-09T10:49:05.006+0000] {taskinstance.py:441} INFO - ::group::Post task execution logs
[2026-02-09T10:49:05.007+0000] {taskinstance.py:2905} ERROR - Task failed with exception
Traceback (most recent call last):
  File "/home/airflow/.local/lib/python3.12/site-packages/airflow/models/taskinstance.py", line 465, in _execute_task
    result = _execute_callable(context=context, **execute_callable_kwargs)
             ^^^^^^^^^^^^^^^^^^^^^^^^^^^^^^^^^^^^^^^^^^^^^^^^^^^^^^^^^^^^^
  File "/home/airflow/.local/lib/python3.12/site-packages/airflow/models/taskinstance.py", line 432, in _execute_callable
    return execute_callable(context=context, **execute_callable_kwargs)
           ^^^^^^^^^^^^^^^^^^^^^^^^^^^^^^^^^^^^^^^^^^^^^^^^^^^^^^^^^^^^
  File "/home/airflow/.local/lib/python3.12/site-packages/airflow/models/baseoperator.py", line 401, in wrapper
    return func(self, *args, **kwargs)
           ^^^^^^^^^^^^^^^^^^^^^^^^^^^
  File "/home/airflow/.local/lib/python3.12/site-packages/airflow/operators/python.py", line 235, in execute
    return_value = self.execute_callable()
                   ^^^^^^^^^^^^^^^^^^^^^^^
  File "/home/airflow/.local/lib/python3.12/site-packages/airflow/operators/python.py", line 252, in execute_callable
    return self.python_callable(*self.op_args, **self.op_kwargs)
           ^^^^^^^^^^^^^^^^^^^^^^^^^^^^^^^^^^^^^^^^^^^^^^^^^^^^^
  File "/opt/airflow/dags/stocks_dwh/raw/stocks_raw_dags.py", line 86, in download_and_load_raw
    df["volume"] = pd.to_numeric(df["volume"], errors="coerce").fillna(0).astype("int64")
                   ^^^^^^^^^^^^^^^^^^^^^^^^^^^^^^^^^^^^^^^^^^^^
  File "/home/airflow/.local/lib/python3.12/site-packages/pandas/core/tools/numeric.py", line 212, in to_numeric
    raise TypeError("arg must be a list, tuple, 1-d array, or Series")
TypeError: arg must be a list, tuple, 1-d array, or Series
[2026-02-09T10:49:05.025+0000] {taskinstance.py:1206} INFO - Marking task as FAILED. dag_id=stock_raw_aapl, task_id=download_and_load_raw, run_id=scheduled__2026-01-28T00:00:00+00:00, execution_date=20260128T000000, start_date=20260209T104904, end_date=20260209T104905
[2026-02-09T10:49:05.038+0000] {standard_task_runner.py:110} ERROR - Failed to execute job 6577 for task download_and_load_raw (arg must be a list, tuple, 1-d array, or Series; 10724)
[2026-02-09T10:49:05.068+0000] {local_task_job_runner.py:243} INFO - Task exited with return code 1
[2026-02-09T10:49:05.087+0000] {taskinstance.py:3503} INFO - 0 downstream tasks scheduled from follow-on schedule check
[2026-02-09T10:49:05.088+0000] {local_task_job_runner.py:222} INFO - ::endgroup::
[2026-02-09T12:51:06.830+0000] {local_task_job_runner.py:120} INFO - ::group::Pre task execution logs
[2026-02-09T12:51:06.860+0000] {taskinstance.py:2076} INFO - Dependencies all met for dep_context=non-requeueable deps ti=<TaskInstance: stock_raw_aapl.download_and_load_raw scheduled__2026-01-28T00:00:00+00:00 [queued]>
[2026-02-09T12:51:06.869+0000] {taskinstance.py:2076} INFO - Dependencies all met for dep_context=requeueable deps ti=<TaskInstance: stock_raw_aapl.download_and_load_raw scheduled__2026-01-28T00:00:00+00:00 [queued]>
[2026-02-09T12:51:06.870+0000] {taskinstance.py:2306} INFO - Starting attempt 1 of 1
[2026-02-09T12:51:06.885+0000] {taskinstance.py:2330} INFO - Executing <Task(PythonOperator): download_and_load_raw> on 2026-01-28 00:00:00+00:00
[2026-02-09T12:51:06.897+0000] {logging_mixin.py:188} WARNING - /home/***/.local/lib/python3.12/site-packages/***/task/task_runner/standard_task_runner.py:62 DeprecationWarning: This process (pid=19137) is multi-threaded, use of fork() may lead to deadlocks in the child.
[2026-02-09T12:51:06.898+0000] {standard_task_runner.py:64} INFO - Started process 19139 to run task
[2026-02-09T12:51:06.898+0000] {standard_task_runner.py:90} INFO - Running: ['***', 'tasks', 'run', 'stock_raw_aapl', 'download_and_load_raw', 'scheduled__2026-01-28T00:00:00+00:00', '--job-id', '7950', '--raw', '--subdir', 'DAGS_FOLDER/stocks_dwh/raw/stocks_raw_dags.py', '--cfg-path', '/tmp/tmp_rp6ja52']
[2026-02-09T12:51:06.900+0000] {standard_task_runner.py:91} INFO - Job 7950: Subtask download_and_load_raw
[2026-02-09T12:51:06.969+0000] {task_command.py:426} INFO - Running <TaskInstance: stock_raw_aapl.download_and_load_raw scheduled__2026-01-28T00:00:00+00:00 [running]> on host 4886d37bc122
[2026-02-09T12:51:07.073+0000] {taskinstance.py:2648} INFO - Exporting env vars: AIRFLOW_CTX_DAG_OWNER='***' AIRFLOW_CTX_DAG_ID='stock_raw_aapl' AIRFLOW_CTX_TASK_ID='download_and_load_raw' AIRFLOW_CTX_EXECUTION_DATE='2026-01-28T00:00:00+00:00' AIRFLOW_CTX_TRY_NUMBER='1' AIRFLOW_CTX_DAG_RUN_ID='scheduled__2026-01-28T00:00:00+00:00'
[2026-02-09T12:51:07.076+0000] {taskinstance.py:430} INFO - ::endgroup::
[2026-02-09T12:51:07.087+0000] {stocks_raw_dags.py:37} INFO - 2026-01-28 00:00:00+00:00, 2026-01-29 00:00:00+00:00
[2026-02-09T12:51:07.088+0000] {logging_mixin.py:188} INFO - [RAW] Download AAPL [1d] 2026-01-27..2026-01-29
[2026-02-09T12:51:07.090+0000] {logging_mixin.py:188} WARNING - /opt/***/dags/stocks_dwh/raw/stocks_raw_dags.py:42 FutureWarning: YF.download() has changed argument auto_adjust default to True
[2026-02-09T12:51:07.100+0000] {logging_mixin.py:188} WARNING - /home/***/.local/lib/python3.12/site-packages/yfinance/scrapers/history.py:204 Pandas4Warning: Timestamp.utcnow is deprecated and will be removed in a future version. Use Timestamp.now('UTC') instead.
[2026-02-09T12:51:07.632+0000] {logging_mixin.py:188} WARNING - [*********************100%***********************]  1 of 1 completed
[2026-02-09T12:51:07.668+0000] {base.py:84} INFO - Using connection ID 'dwh_clickhouse' for task execution.
[2026-02-09T12:51:07.693+0000] {logging_mixin.py:188} INFO - [RAW] Deleted existing rows for AAPL in 2026-01-27..2026-01-29
[2026-02-09T12:51:07.705+0000] {logging_mixin.py:188} INFO - [RAW] Inserted 2 rows into dwh.raw_stock_prices
[2026-02-09T12:51:07.707+0000] {python.py:237} INFO - Done. Returned value was: None
[2026-02-09T12:51:07.708+0000] {taskinstance.py:441} INFO - ::group::Post task execution logs
[2026-02-09T12:51:07.720+0000] {taskinstance.py:1206} INFO - Marking task as SUCCESS. dag_id=stock_raw_aapl, task_id=download_and_load_raw, run_id=scheduled__2026-01-28T00:00:00+00:00, execution_date=20260128T000000, start_date=20260209T125106, end_date=20260209T125107
[2026-02-09T12:51:07.795+0000] {local_task_job_runner.py:243} INFO - Task exited with return code 0
[2026-02-09T12:51:07.809+0000] {local_task_job_runner.py:222} INFO - ::endgroup::
