[2026-02-09T10:18:54.514+0000] {local_task_job_runner.py:120} INFO - ::group::Pre task execution logs
[2026-02-09T10:18:54.545+0000] {taskinstance.py:2076} INFO - Dependencies all met for dep_context=non-requeueable deps ti=<TaskInstance: stock_raw_aapl.download_and_load_raw scheduled__2024-08-24T00:00:00+00:00 [queued]>
[2026-02-09T10:18:54.553+0000] {taskinstance.py:2076} INFO - Dependencies all met for dep_context=requeueable deps ti=<TaskInstance: stock_raw_aapl.download_and_load_raw scheduled__2024-08-24T00:00:00+00:00 [queued]>
[2026-02-09T10:18:54.554+0000] {taskinstance.py:2306} INFO - Starting attempt 1 of 1
[2026-02-09T10:18:54.574+0000] {taskinstance.py:2330} INFO - Executing <Task(PythonOperator): download_and_load_raw> on 2024-08-24 00:00:00+00:00
[2026-02-09T10:18:54.589+0000] {logging_mixin.py:188} WARNING - /home/***/.local/lib/python3.12/site-packages/***/task/task_runner/standard_task_runner.py:62 DeprecationWarning: This process (pid=5974) is multi-threaded, use of fork() may lead to deadlocks in the child.
[2026-02-09T10:18:54.590+0000] {standard_task_runner.py:64} INFO - Started process 5984 to run task
[2026-02-09T10:18:54.589+0000] {standard_task_runner.py:90} INFO - Running: ['***', 'tasks', 'run', 'stock_raw_aapl', 'download_and_load_raw', 'scheduled__2024-08-24T00:00:00+00:00', '--job-id', '4002', '--raw', '--subdir', 'DAGS_FOLDER/stocks_dwh/raw/stocks_raw_dags.py', '--cfg-path', '/tmp/tmpah8n9x53']
[2026-02-09T10:18:54.591+0000] {standard_task_runner.py:91} INFO - Job 4002: Subtask download_and_load_raw
[2026-02-09T10:18:54.656+0000] {task_command.py:426} INFO - Running <TaskInstance: stock_raw_aapl.download_and_load_raw scheduled__2024-08-24T00:00:00+00:00 [running]> on host b6b9e92e7d61
[2026-02-09T10:18:54.758+0000] {taskinstance.py:2648} INFO - Exporting env vars: AIRFLOW_CTX_DAG_OWNER='***' AIRFLOW_CTX_DAG_ID='stock_raw_aapl' AIRFLOW_CTX_TASK_ID='download_and_load_raw' AIRFLOW_CTX_EXECUTION_DATE='2024-08-24T00:00:00+00:00' AIRFLOW_CTX_TRY_NUMBER='1' AIRFLOW_CTX_DAG_RUN_ID='scheduled__2024-08-24T00:00:00+00:00'
[2026-02-09T10:18:54.761+0000] {taskinstance.py:430} INFO - ::endgroup::
[2026-02-09T10:18:54.772+0000] {logging_mixin.py:188} INFO - [RAW] Download AAPL [1d] 2024-08-24..2024-08-25
[2026-02-09T10:18:54.775+0000] {logging_mixin.py:188} WARNING - /opt/***/dags/stocks_dwh/raw/stocks_raw_dags.py:38 FutureWarning: YF.download() has changed argument auto_adjust default to True
[2026-02-09T10:18:54.787+0000] {logging_mixin.py:188} WARNING - /home/***/.local/lib/python3.12/site-packages/yfinance/scrapers/history.py:204 Pandas4Warning: Timestamp.utcnow is deprecated and will be removed in a future version. Use Timestamp.now('UTC') instead.
[2026-02-09T10:18:55.275+0000] {multi.py:185} ERROR - 
1 Failed download:
[2026-02-09T10:18:55.277+0000] {multi.py:198} ERROR - ['AAPL']: YFPricesMissingError('possibly delisted; no price data found  (1d 2024-08-24 -> 2024-08-25)')
[2026-02-09T10:18:55.290+0000] {logging_mixin.py:188} INFO - [RAW] No data from yfinance
[2026-02-09T10:18:55.291+0000] {python.py:237} INFO - Done. Returned value was: None
[2026-02-09T10:18:55.291+0000] {taskinstance.py:441} INFO - ::group::Post task execution logs
[2026-02-09T10:18:55.300+0000] {taskinstance.py:1206} INFO - Marking task as SUCCESS. dag_id=stock_raw_aapl, task_id=download_and_load_raw, run_id=scheduled__2024-08-24T00:00:00+00:00, execution_date=20240824T000000, start_date=20260209T101854, end_date=20260209T101855
[2026-02-09T10:18:55.366+0000] {local_task_job_runner.py:243} INFO - Task exited with return code 0
[2026-02-09T10:18:55.382+0000] {taskinstance.py:3503} INFO - 0 downstream tasks scheduled from follow-on schedule check
[2026-02-09T10:18:55.384+0000] {local_task_job_runner.py:222} INFO - ::endgroup::
[2026-02-09T12:22:51.081+0000] {local_task_job_runner.py:120} INFO - ::group::Pre task execution logs
[2026-02-09T12:22:51.110+0000] {taskinstance.py:2076} INFO - Dependencies all met for dep_context=non-requeueable deps ti=<TaskInstance: stock_raw_aapl.download_and_load_raw scheduled__2024-08-24T00:00:00+00:00 [queued]>
[2026-02-09T12:22:51.117+0000] {taskinstance.py:2076} INFO - Dependencies all met for dep_context=requeueable deps ti=<TaskInstance: stock_raw_aapl.download_and_load_raw scheduled__2024-08-24T00:00:00+00:00 [queued]>
[2026-02-09T12:22:51.118+0000] {taskinstance.py:2306} INFO - Starting attempt 1 of 1
[2026-02-09T12:22:51.130+0000] {taskinstance.py:2330} INFO - Executing <Task(PythonOperator): download_and_load_raw> on 2024-08-24 00:00:00+00:00
[2026-02-09T12:22:51.143+0000] {logging_mixin.py:188} WARNING - /home/***/.local/lib/python3.12/site-packages/***/task/task_runner/standard_task_runner.py:62 DeprecationWarning: This process (pid=15566) is multi-threaded, use of fork() may lead to deadlocks in the child.
[2026-02-09T12:22:51.144+0000] {standard_task_runner.py:64} INFO - Started process 15570 to run task
[2026-02-09T12:22:51.143+0000] {standard_task_runner.py:90} INFO - Running: ['***', 'tasks', 'run', 'stock_raw_aapl', 'download_and_load_raw', 'scheduled__2024-08-24T00:00:00+00:00', '--job-id', '7225', '--raw', '--subdir', 'DAGS_FOLDER/stocks_dwh/raw/stocks_raw_dags.py', '--cfg-path', '/tmp/tmpc_ul_mu2']
[2026-02-09T12:22:51.145+0000] {standard_task_runner.py:91} INFO - Job 7225: Subtask download_and_load_raw
[2026-02-09T12:22:51.207+0000] {task_command.py:426} INFO - Running <TaskInstance: stock_raw_aapl.download_and_load_raw scheduled__2024-08-24T00:00:00+00:00 [running]> on host 4886d37bc122
[2026-02-09T12:22:51.297+0000] {taskinstance.py:2648} INFO - Exporting env vars: AIRFLOW_CTX_DAG_OWNER='***' AIRFLOW_CTX_DAG_ID='stock_raw_aapl' AIRFLOW_CTX_TASK_ID='download_and_load_raw' AIRFLOW_CTX_EXECUTION_DATE='2024-08-24T00:00:00+00:00' AIRFLOW_CTX_TRY_NUMBER='1' AIRFLOW_CTX_DAG_RUN_ID='scheduled__2024-08-24T00:00:00+00:00'
[2026-02-09T12:22:51.299+0000] {taskinstance.py:430} INFO - ::endgroup::
[2026-02-09T12:22:51.310+0000] {stocks_raw_dags.py:37} INFO - 2024-08-24 00:00:00+00:00, 2024-08-25 00:00:00+00:00
[2026-02-09T12:22:51.311+0000] {logging_mixin.py:188} INFO - [RAW] Download AAPL [1d] 2024-08-23..2024-08-25
[2026-02-09T12:22:51.314+0000] {logging_mixin.py:188} WARNING - /opt/***/dags/stocks_dwh/raw/stocks_raw_dags.py:42 FutureWarning: YF.download() has changed argument auto_adjust default to True
[2026-02-09T12:22:51.322+0000] {logging_mixin.py:188} WARNING - /home/***/.local/lib/python3.12/site-packages/yfinance/scrapers/history.py:204 Pandas4Warning: Timestamp.utcnow is deprecated and will be removed in a future version. Use Timestamp.now('UTC') instead.
[2026-02-09T12:22:51.825+0000] {logging_mixin.py:188} WARNING - [*********************100%***********************]  1 of 1 completed
[2026-02-09T12:22:51.861+0000] {base.py:84} INFO - Using connection ID 'dwh_clickhouse' for task execution.
[2026-02-09T12:22:51.885+0000] {logging_mixin.py:188} INFO - [RAW] Deleted existing rows for AAPL in 2024-08-23..2024-08-25
[2026-02-09T12:22:51.896+0000] {logging_mixin.py:188} INFO - [RAW] Inserted 1 rows into dwh.raw_stock_prices
[2026-02-09T12:22:51.897+0000] {python.py:237} INFO - Done. Returned value was: None
[2026-02-09T12:22:51.899+0000] {taskinstance.py:441} INFO - ::group::Post task execution logs
[2026-02-09T12:22:51.911+0000] {taskinstance.py:1206} INFO - Marking task as SUCCESS. dag_id=stock_raw_aapl, task_id=download_and_load_raw, run_id=scheduled__2024-08-24T00:00:00+00:00, execution_date=20240824T000000, start_date=20260209T122251, end_date=20260209T122251
[2026-02-09T12:22:51.960+0000] {local_task_job_runner.py:243} INFO - Task exited with return code 0
[2026-02-09T12:22:51.984+0000] {taskinstance.py:3503} INFO - 0 downstream tasks scheduled from follow-on schedule check
[2026-02-09T12:22:51.987+0000] {local_task_job_runner.py:222} INFO - ::endgroup::
