[2026-02-09T10:14:11.889+0000] {local_task_job_runner.py:120} INFO - ::group::Pre task execution logs
[2026-02-09T10:14:11.922+0000] {taskinstance.py:2076} INFO - Dependencies all met for dep_context=non-requeueable deps ti=<TaskInstance: stock_raw_aapl.download_and_load_raw scheduled__2024-05-29T00:00:00+00:00 [queued]>
[2026-02-09T10:14:11.930+0000] {taskinstance.py:2076} INFO - Dependencies all met for dep_context=requeueable deps ti=<TaskInstance: stock_raw_aapl.download_and_load_raw scheduled__2024-05-29T00:00:00+00:00 [queued]>
[2026-02-09T10:14:11.931+0000] {taskinstance.py:2306} INFO - Starting attempt 1 of 1
[2026-02-09T10:14:11.945+0000] {taskinstance.py:2330} INFO - Executing <Task(PythonOperator): download_and_load_raw> on 2024-05-29 00:00:00+00:00
[2026-02-09T10:14:11.957+0000] {logging_mixin.py:188} WARNING - /home/***/.local/lib/python3.12/site-packages/***/task/task_runner/standard_task_runner.py:62 DeprecationWarning: This process (pid=4137) is multi-threaded, use of fork() may lead to deadlocks in the child.
[2026-02-09T10:14:11.959+0000] {standard_task_runner.py:64} INFO - Started process 4145 to run task
[2026-02-09T10:14:11.957+0000] {standard_task_runner.py:90} INFO - Running: ['***', 'tasks', 'run', 'stock_raw_aapl', 'download_and_load_raw', 'scheduled__2024-05-29T00:00:00+00:00', '--job-id', '3569', '--raw', '--subdir', 'DAGS_FOLDER/stocks_dwh/raw/stocks_raw_dags.py', '--cfg-path', '/tmp/tmpz9cfi72g']
[2026-02-09T10:14:11.960+0000] {standard_task_runner.py:91} INFO - Job 3569: Subtask download_and_load_raw
[2026-02-09T10:14:12.022+0000] {task_command.py:426} INFO - Running <TaskInstance: stock_raw_aapl.download_and_load_raw scheduled__2024-05-29T00:00:00+00:00 [running]> on host b6b9e92e7d61
[2026-02-09T10:14:12.115+0000] {taskinstance.py:2648} INFO - Exporting env vars: AIRFLOW_CTX_DAG_OWNER='***' AIRFLOW_CTX_DAG_ID='stock_raw_aapl' AIRFLOW_CTX_TASK_ID='download_and_load_raw' AIRFLOW_CTX_EXECUTION_DATE='2024-05-29T00:00:00+00:00' AIRFLOW_CTX_TRY_NUMBER='1' AIRFLOW_CTX_DAG_RUN_ID='scheduled__2024-05-29T00:00:00+00:00'
[2026-02-09T10:14:12.117+0000] {taskinstance.py:430} INFO - ::endgroup::
[2026-02-09T10:14:12.127+0000] {logging_mixin.py:188} INFO - [RAW] Download AAPL [1d] 2024-05-29..2024-05-30
[2026-02-09T10:14:12.130+0000] {logging_mixin.py:188} WARNING - /opt/***/dags/stocks_dwh/raw/stocks_raw_dags.py:38 FutureWarning: YF.download() has changed argument auto_adjust default to True
[2026-02-09T10:14:12.138+0000] {logging_mixin.py:188} WARNING - /home/***/.local/lib/python3.12/site-packages/yfinance/scrapers/history.py:204 Pandas4Warning: Timestamp.utcnow is deprecated and will be removed in a future version. Use Timestamp.now('UTC') instead.
[2026-02-09T10:14:12.680+0000] {taskinstance.py:441} INFO - ::group::Post task execution logs
[2026-02-09T10:14:12.681+0000] {taskinstance.py:2905} ERROR - Task failed with exception
Traceback (most recent call last):
  File "/home/airflow/.local/lib/python3.12/site-packages/airflow/models/taskinstance.py", line 465, in _execute_task
    result = _execute_callable(context=context, **execute_callable_kwargs)
             ^^^^^^^^^^^^^^^^^^^^^^^^^^^^^^^^^^^^^^^^^^^^^^^^^^^^^^^^^^^^^
  File "/home/airflow/.local/lib/python3.12/site-packages/airflow/models/taskinstance.py", line 432, in _execute_callable
    return execute_callable(context=context, **execute_callable_kwargs)
           ^^^^^^^^^^^^^^^^^^^^^^^^^^^^^^^^^^^^^^^^^^^^^^^^^^^^^^^^^^^^
  File "/home/airflow/.local/lib/python3.12/site-packages/airflow/models/baseoperator.py", line 401, in wrapper
    return func(self, *args, **kwargs)
           ^^^^^^^^^^^^^^^^^^^^^^^^^^^
  File "/home/airflow/.local/lib/python3.12/site-packages/airflow/operators/python.py", line 235, in execute
    return_value = self.execute_callable()
                   ^^^^^^^^^^^^^^^^^^^^^^^
  File "/home/airflow/.local/lib/python3.12/site-packages/airflow/operators/python.py", line 252, in execute_callable
    return self.python_callable(*self.op_args, **self.op_kwargs)
           ^^^^^^^^^^^^^^^^^^^^^^^^^^^^^^^^^^^^^^^^^^^^^^^^^^^^^
  File "/opt/airflow/dags/stocks_dwh/raw/stocks_raw_dags.py", line 86, in download_and_load_raw
    df["volume"] = pd.to_numeric(df["volume"], errors="coerce").fillna(0).astype("int64")
                   ^^^^^^^^^^^^^^^^^^^^^^^^^^^^^^^^^^^^^^^^^^^^
  File "/home/airflow/.local/lib/python3.12/site-packages/pandas/core/tools/numeric.py", line 212, in to_numeric
    raise TypeError("arg must be a list, tuple, 1-d array, or Series")
TypeError: arg must be a list, tuple, 1-d array, or Series
[2026-02-09T10:14:12.698+0000] {taskinstance.py:1206} INFO - Marking task as FAILED. dag_id=stock_raw_aapl, task_id=download_and_load_raw, run_id=scheduled__2024-05-29T00:00:00+00:00, execution_date=20240529T000000, start_date=20260209T101411, end_date=20260209T101412
[2026-02-09T10:14:12.710+0000] {standard_task_runner.py:110} ERROR - Failed to execute job 3569 for task download_and_load_raw (arg must be a list, tuple, 1-d array, or Series; 4145)
[2026-02-09T10:14:12.735+0000] {local_task_job_runner.py:243} INFO - Task exited with return code 1
[2026-02-09T10:14:12.755+0000] {taskinstance.py:3503} INFO - 0 downstream tasks scheduled from follow-on schedule check
[2026-02-09T10:14:12.757+0000] {local_task_job_runner.py:222} INFO - ::endgroup::
[2026-02-09T12:17:57.496+0000] {local_task_job_runner.py:120} INFO - ::group::Pre task execution logs
[2026-02-09T12:17:57.524+0000] {taskinstance.py:2076} INFO - Dependencies all met for dep_context=non-requeueable deps ti=<TaskInstance: stock_raw_aapl.download_and_load_raw scheduled__2024-05-29T00:00:00+00:00 [queued]>
[2026-02-09T12:17:57.533+0000] {taskinstance.py:2076} INFO - Dependencies all met for dep_context=requeueable deps ti=<TaskInstance: stock_raw_aapl.download_and_load_raw scheduled__2024-05-29T00:00:00+00:00 [queued]>
[2026-02-09T12:17:57.534+0000] {taskinstance.py:2306} INFO - Starting attempt 1 of 1
[2026-02-09T12:17:57.547+0000] {taskinstance.py:2330} INFO - Executing <Task(PythonOperator): download_and_load_raw> on 2024-05-29 00:00:00+00:00
[2026-02-09T12:17:57.559+0000] {logging_mixin.py:188} WARNING - /home/***/.local/lib/python3.12/site-packages/***/task/task_runner/standard_task_runner.py:62 DeprecationWarning: This process (pid=14755) is multi-threaded, use of fork() may lead to deadlocks in the child.
[2026-02-09T12:17:57.561+0000] {standard_task_runner.py:64} INFO - Started process 14759 to run task
[2026-02-09T12:17:57.559+0000] {standard_task_runner.py:90} INFO - Running: ['***', 'tasks', 'run', 'stock_raw_aapl', 'download_and_load_raw', 'scheduled__2024-05-29T00:00:00+00:00', '--job-id', '7050', '--raw', '--subdir', 'DAGS_FOLDER/stocks_dwh/raw/stocks_raw_dags.py', '--cfg-path', '/tmp/tmpxkle8_uh']
[2026-02-09T12:17:57.562+0000] {standard_task_runner.py:91} INFO - Job 7050: Subtask download_and_load_raw
[2026-02-09T12:17:57.636+0000] {task_command.py:426} INFO - Running <TaskInstance: stock_raw_aapl.download_and_load_raw scheduled__2024-05-29T00:00:00+00:00 [running]> on host 4886d37bc122
[2026-02-09T12:17:57.736+0000] {taskinstance.py:2648} INFO - Exporting env vars: AIRFLOW_CTX_DAG_OWNER='***' AIRFLOW_CTX_DAG_ID='stock_raw_aapl' AIRFLOW_CTX_TASK_ID='download_and_load_raw' AIRFLOW_CTX_EXECUTION_DATE='2024-05-29T00:00:00+00:00' AIRFLOW_CTX_TRY_NUMBER='1' AIRFLOW_CTX_DAG_RUN_ID='scheduled__2024-05-29T00:00:00+00:00'
[2026-02-09T12:17:57.738+0000] {taskinstance.py:430} INFO - ::endgroup::
[2026-02-09T12:17:57.748+0000] {stocks_raw_dags.py:37} INFO - 2024-05-29 00:00:00+00:00, 2024-05-30 00:00:00+00:00
[2026-02-09T12:17:57.749+0000] {logging_mixin.py:188} INFO - [RAW] Download AAPL [1d] 2024-05-28..2024-05-30
[2026-02-09T12:17:57.751+0000] {logging_mixin.py:188} WARNING - /opt/***/dags/stocks_dwh/raw/stocks_raw_dags.py:42 FutureWarning: YF.download() has changed argument auto_adjust default to True
[2026-02-09T12:17:57.761+0000] {logging_mixin.py:188} WARNING - /home/***/.local/lib/python3.12/site-packages/yfinance/scrapers/history.py:204 Pandas4Warning: Timestamp.utcnow is deprecated and will be removed in a future version. Use Timestamp.now('UTC') instead.
[2026-02-09T12:17:58.285+0000] {logging_mixin.py:188} WARNING - [*********************100%***********************]  1 of 1 completed
[2026-02-09T12:17:58.326+0000] {base.py:84} INFO - Using connection ID 'dwh_clickhouse' for task execution.
[2026-02-09T12:17:58.352+0000] {logging_mixin.py:188} INFO - [RAW] Deleted existing rows for AAPL in 2024-05-28..2024-05-30
[2026-02-09T12:17:58.363+0000] {logging_mixin.py:188} INFO - [RAW] Inserted 2 rows into dwh.raw_stock_prices
[2026-02-09T12:17:58.364+0000] {python.py:237} INFO - Done. Returned value was: None
[2026-02-09T12:17:58.365+0000] {taskinstance.py:441} INFO - ::group::Post task execution logs
[2026-02-09T12:17:58.378+0000] {taskinstance.py:1206} INFO - Marking task as SUCCESS. dag_id=stock_raw_aapl, task_id=download_and_load_raw, run_id=scheduled__2024-05-29T00:00:00+00:00, execution_date=20240529T000000, start_date=20260209T121757, end_date=20260209T121758
[2026-02-09T12:17:58.417+0000] {local_task_job_runner.py:243} INFO - Task exited with return code 0
[2026-02-09T12:17:58.440+0000] {taskinstance.py:3503} INFO - 0 downstream tasks scheduled from follow-on schedule check
[2026-02-09T12:17:58.444+0000] {local_task_job_runner.py:222} INFO - ::endgroup::
