[2026-02-09T10:38:04.725+0000] {local_task_job_runner.py:120} INFO - ::group::Pre task execution logs
[2026-02-09T10:38:04.753+0000] {taskinstance.py:2076} INFO - Dependencies all met for dep_context=non-requeueable deps ti=<TaskInstance: stock_raw_aapl.download_and_load_raw scheduled__2025-07-06T00:00:00+00:00 [queued]>
[2026-02-09T10:38:04.761+0000] {taskinstance.py:2076} INFO - Dependencies all met for dep_context=requeueable deps ti=<TaskInstance: stock_raw_aapl.download_and_load_raw scheduled__2025-07-06T00:00:00+00:00 [queued]>
[2026-02-09T10:38:04.762+0000] {taskinstance.py:2306} INFO - Starting attempt 1 of 1
[2026-02-09T10:38:04.774+0000] {taskinstance.py:2330} INFO - Executing <Task(PythonOperator): download_and_load_raw> on 2025-07-06 00:00:00+00:00
[2026-02-09T10:38:04.786+0000] {logging_mixin.py:188} WARNING - /home/***/.local/lib/python3.12/site-packages/***/task/task_runner/standard_task_runner.py:62 DeprecationWarning: This process (pid=6406) is multi-threaded, use of fork() may lead to deadlocks in the child.
[2026-02-09T10:38:04.788+0000] {standard_task_runner.py:64} INFO - Started process 6419 to run task
[2026-02-09T10:38:04.786+0000] {standard_task_runner.py:90} INFO - Running: ['***', 'tasks', 'run', 'stock_raw_aapl', 'download_and_load_raw', 'scheduled__2025-07-06T00:00:00+00:00', '--job-id', '5567', '--raw', '--subdir', 'DAGS_FOLDER/stocks_dwh/raw/stocks_raw_dags.py', '--cfg-path', '/tmp/tmpv90ubiwe']
[2026-02-09T10:38:04.790+0000] {standard_task_runner.py:91} INFO - Job 5567: Subtask download_and_load_raw
[2026-02-09T10:38:04.855+0000] {task_command.py:426} INFO - Running <TaskInstance: stock_raw_aapl.download_and_load_raw scheduled__2025-07-06T00:00:00+00:00 [running]> on host 4886d37bc122
[2026-02-09T10:38:04.948+0000] {taskinstance.py:2648} INFO - Exporting env vars: AIRFLOW_CTX_DAG_OWNER='***' AIRFLOW_CTX_DAG_ID='stock_raw_aapl' AIRFLOW_CTX_TASK_ID='download_and_load_raw' AIRFLOW_CTX_EXECUTION_DATE='2025-07-06T00:00:00+00:00' AIRFLOW_CTX_TRY_NUMBER='1' AIRFLOW_CTX_DAG_RUN_ID='scheduled__2025-07-06T00:00:00+00:00'
[2026-02-09T10:38:04.949+0000] {taskinstance.py:430} INFO - ::endgroup::
[2026-02-09T10:38:04.959+0000] {logging_mixin.py:188} INFO - [RAW] Download AAPL [1d] 2025-07-06..2025-07-07
[2026-02-09T10:38:04.962+0000] {logging_mixin.py:188} WARNING - /opt/***/dags/stocks_dwh/raw/stocks_raw_dags.py:38 FutureWarning: YF.download() has changed argument auto_adjust default to True
[2026-02-09T10:38:04.970+0000] {logging_mixin.py:188} WARNING - /home/***/.local/lib/python3.12/site-packages/yfinance/scrapers/history.py:204 Pandas4Warning: Timestamp.utcnow is deprecated and will be removed in a future version. Use Timestamp.now('UTC') instead.
[2026-02-09T10:38:05.470+0000] {multi.py:185} ERROR - 
1 Failed download:
[2026-02-09T10:38:05.471+0000] {multi.py:198} ERROR - ['AAPL']: YFPricesMissingError('possibly delisted; no price data found  (1d 2025-07-06 -> 2025-07-07)')
[2026-02-09T10:38:05.484+0000] {logging_mixin.py:188} INFO - [RAW] No data from yfinance
[2026-02-09T10:38:05.485+0000] {python.py:237} INFO - Done. Returned value was: None
[2026-02-09T10:38:05.485+0000] {taskinstance.py:441} INFO - ::group::Post task execution logs
[2026-02-09T10:38:05.494+0000] {taskinstance.py:1206} INFO - Marking task as SUCCESS. dag_id=stock_raw_aapl, task_id=download_and_load_raw, run_id=scheduled__2025-07-06T00:00:00+00:00, execution_date=20250706T000000, start_date=20260209T103804, end_date=20260209T103805
[2026-02-09T10:38:05.523+0000] {local_task_job_runner.py:243} INFO - Task exited with return code 0
[2026-02-09T10:38:05.540+0000] {taskinstance.py:3503} INFO - 0 downstream tasks scheduled from follow-on schedule check
[2026-02-09T10:38:05.542+0000] {local_task_job_runner.py:222} INFO - ::endgroup::
[2026-02-09T12:39:52.487+0000] {local_task_job_runner.py:120} INFO - ::group::Pre task execution logs
[2026-02-09T12:39:52.515+0000] {taskinstance.py:2076} INFO - Dependencies all met for dep_context=non-requeueable deps ti=<TaskInstance: stock_raw_aapl.download_and_load_raw scheduled__2025-07-06T00:00:00+00:00 [queued]>
[2026-02-09T12:39:52.522+0000] {taskinstance.py:2076} INFO - Dependencies all met for dep_context=requeueable deps ti=<TaskInstance: stock_raw_aapl.download_and_load_raw scheduled__2025-07-06T00:00:00+00:00 [queued]>
[2026-02-09T12:39:52.522+0000] {taskinstance.py:2306} INFO - Starting attempt 1 of 1
[2026-02-09T12:39:52.533+0000] {taskinstance.py:2330} INFO - Executing <Task(PythonOperator): download_and_load_raw> on 2025-07-06 00:00:00+00:00
[2026-02-09T12:39:52.545+0000] {logging_mixin.py:188} WARNING - /home/***/.local/lib/python3.12/site-packages/***/task/task_runner/standard_task_runner.py:62 DeprecationWarning: This process (pid=18055) is multi-threaded, use of fork() may lead to deadlocks in the child.
[2026-02-09T12:39:52.546+0000] {standard_task_runner.py:64} INFO - Started process 18057 to run task
[2026-02-09T12:39:52.544+0000] {standard_task_runner.py:90} INFO - Running: ['***', 'tasks', 'run', 'stock_raw_aapl', 'download_and_load_raw', 'scheduled__2025-07-06T00:00:00+00:00', '--job-id', '7744', '--raw', '--subdir', 'DAGS_FOLDER/stocks_dwh/raw/stocks_raw_dags.py', '--cfg-path', '/tmp/tmpxasvyoyl']
[2026-02-09T12:39:52.547+0000] {standard_task_runner.py:91} INFO - Job 7744: Subtask download_and_load_raw
[2026-02-09T12:39:52.604+0000] {task_command.py:426} INFO - Running <TaskInstance: stock_raw_aapl.download_and_load_raw scheduled__2025-07-06T00:00:00+00:00 [running]> on host 4886d37bc122
[2026-02-09T12:39:52.693+0000] {taskinstance.py:2648} INFO - Exporting env vars: AIRFLOW_CTX_DAG_OWNER='***' AIRFLOW_CTX_DAG_ID='stock_raw_aapl' AIRFLOW_CTX_TASK_ID='download_and_load_raw' AIRFLOW_CTX_EXECUTION_DATE='2025-07-06T00:00:00+00:00' AIRFLOW_CTX_TRY_NUMBER='1' AIRFLOW_CTX_DAG_RUN_ID='scheduled__2025-07-06T00:00:00+00:00'
[2026-02-09T12:39:52.694+0000] {taskinstance.py:430} INFO - ::endgroup::
[2026-02-09T12:39:52.704+0000] {stocks_raw_dags.py:37} INFO - 2025-07-06 00:00:00+00:00, 2025-07-07 00:00:00+00:00
[2026-02-09T12:39:52.705+0000] {logging_mixin.py:188} INFO - [RAW] Download AAPL [1d] 2025-07-05..2025-07-07
[2026-02-09T12:39:52.706+0000] {logging_mixin.py:188} WARNING - /opt/***/dags/stocks_dwh/raw/stocks_raw_dags.py:42 FutureWarning: YF.download() has changed argument auto_adjust default to True
[2026-02-09T12:39:52.715+0000] {logging_mixin.py:188} WARNING - /home/***/.local/lib/python3.12/site-packages/yfinance/scrapers/history.py:204 Pandas4Warning: Timestamp.utcnow is deprecated and will be removed in a future version. Use Timestamp.now('UTC') instead.
[2026-02-09T12:39:53.204+0000] {logging_mixin.py:188} WARNING - [*********************100%***********************]  1 of 1 completed
[2026-02-09T12:39:53.205+0000] {multi.py:185} ERROR - 
1 Failed download:
[2026-02-09T12:39:53.205+0000] {multi.py:198} ERROR - ['AAPL']: YFPricesMissingError('possibly delisted; no price data found  (1d 2025-07-05 -> 2025-07-07)')
[2026-02-09T12:39:53.219+0000] {logging_mixin.py:188} INFO - [RAW] No data from yfinance
[2026-02-09T12:39:53.219+0000] {python.py:237} INFO - Done. Returned value was: None
[2026-02-09T12:39:53.220+0000] {taskinstance.py:441} INFO - ::group::Post task execution logs
[2026-02-09T12:39:53.229+0000] {taskinstance.py:1206} INFO - Marking task as SUCCESS. dag_id=stock_raw_aapl, task_id=download_and_load_raw, run_id=scheduled__2025-07-06T00:00:00+00:00, execution_date=20250706T000000, start_date=20260209T123952, end_date=20260209T123953
[2026-02-09T12:39:53.281+0000] {local_task_job_runner.py:243} INFO - Task exited with return code 0
[2026-02-09T12:39:53.299+0000] {taskinstance.py:3503} INFO - 0 downstream tasks scheduled from follow-on schedule check
[2026-02-09T12:39:53.302+0000] {local_task_job_runner.py:222} INFO - ::endgroup::
