[2026-02-09T10:48:57.800+0000] {local_task_job_runner.py:120} INFO - ::group::Pre task execution logs
[2026-02-09T10:48:57.829+0000] {taskinstance.py:2076} INFO - Dependencies all met for dep_context=non-requeueable deps ti=<TaskInstance: stock_raw_moex_sber.download_and_load_raw scheduled__2025-12-08T00:00:00+00:00 [queued]>
[2026-02-09T10:48:57.838+0000] {taskinstance.py:2076} INFO - Dependencies all met for dep_context=requeueable deps ti=<TaskInstance: stock_raw_moex_sber.download_and_load_raw scheduled__2025-12-08T00:00:00+00:00 [queued]>
[2026-02-09T10:48:57.839+0000] {taskinstance.py:2306} INFO - Starting attempt 1 of 1
[2026-02-09T10:48:57.852+0000] {taskinstance.py:2330} INFO - Executing <Task(PythonOperator): download_and_load_raw> on 2025-12-08 00:00:00+00:00
[2026-02-09T10:48:57.866+0000] {logging_mixin.py:188} WARNING - /home/***/.local/lib/python3.12/site-packages/***/task/task_runner/standard_task_runner.py:62 DeprecationWarning: This process (pid=10673) is multi-threaded, use of fork() may lead to deadlocks in the child.
[2026-02-09T10:48:57.866+0000] {standard_task_runner.py:90} INFO - Running: ['***', 'tasks', 'run', 'stock_raw_moex_sber', 'download_and_load_raw', 'scheduled__2025-12-08T00:00:00+00:00', '--job-id', '6569', '--raw', '--subdir', 'DAGS_FOLDER/stocks_dwh/raw/stocks_raw_dags.py', '--cfg-path', '/tmp/tmpkkebv7ya']
[2026-02-09T10:48:57.869+0000] {standard_task_runner.py:64} INFO - Started process 10684 to run task
[2026-02-09T10:48:57.870+0000] {standard_task_runner.py:91} INFO - Job 6569: Subtask download_and_load_raw
[2026-02-09T10:48:57.937+0000] {task_command.py:426} INFO - Running <TaskInstance: stock_raw_moex_sber.download_and_load_raw scheduled__2025-12-08T00:00:00+00:00 [running]> on host 4886d37bc122
[2026-02-09T10:48:58.038+0000] {taskinstance.py:2648} INFO - Exporting env vars: AIRFLOW_CTX_DAG_OWNER='***' AIRFLOW_CTX_DAG_ID='stock_raw_moex_sber' AIRFLOW_CTX_TASK_ID='download_and_load_raw' AIRFLOW_CTX_EXECUTION_DATE='2025-12-08T00:00:00+00:00' AIRFLOW_CTX_TRY_NUMBER='1' AIRFLOW_CTX_DAG_RUN_ID='scheduled__2025-12-08T00:00:00+00:00'
[2026-02-09T10:48:58.040+0000] {taskinstance.py:430} INFO - ::endgroup::
[2026-02-09T10:48:58.052+0000] {logging_mixin.py:188} INFO - [RAW] Download MOEX.SBER [1d] 2025-12-08..2025-12-09
[2026-02-09T10:48:58.055+0000] {logging_mixin.py:188} WARNING - /opt/***/dags/stocks_dwh/raw/stocks_raw_dags.py:38 FutureWarning: YF.download() has changed argument auto_adjust default to True
[2026-02-09T10:48:59.065+0000] {quote.py:592} ERROR - HTTP Error 404: {"quoteSummary":{"result":null,"error":{"code":"Not Found","description":"Quote not found for symbol: MOEX.SBER"}}}
[2026-02-09T10:48:59.110+0000] {logging_mixin.py:188} WARNING - /home/***/.local/lib/python3.12/site-packages/yfinance/scrapers/quote.py:700 Pandas4Warning: Timestamp.utcnow is deprecated and will be removed in a future version. Use Timestamp.now('UTC') instead.
[2026-02-09T10:48:59.113+0000] {logging_mixin.py:188} WARNING - /home/***/.local/lib/python3.12/site-packages/yfinance/scrapers/quote.py:702 Pandas4Warning: Timestamp.utcnow is deprecated and will be removed in a future version. Use Timestamp.now('UTC') instead.
[2026-02-09T10:48:59.171+0000] {multi.py:185} ERROR - 
1 Failed download:
[2026-02-09T10:48:59.172+0000] {multi.py:198} ERROR - ['MOEX.SBER']: YFTzMissingError('possibly delisted; no timezone found')
[2026-02-09T10:48:59.182+0000] {logging_mixin.py:188} INFO - [RAW] No data from yfinance
[2026-02-09T10:48:59.183+0000] {python.py:237} INFO - Done. Returned value was: None
[2026-02-09T10:48:59.183+0000] {taskinstance.py:441} INFO - ::group::Post task execution logs
[2026-02-09T10:48:59.193+0000] {taskinstance.py:1206} INFO - Marking task as SUCCESS. dag_id=stock_raw_moex_sber, task_id=download_and_load_raw, run_id=scheduled__2025-12-08T00:00:00+00:00, execution_date=20251208T000000, start_date=20260209T104857, end_date=20260209T104859
[2026-02-09T10:48:59.248+0000] {local_task_job_runner.py:243} INFO - Task exited with return code 0
[2026-02-09T10:48:59.265+0000] {taskinstance.py:3503} INFO - 0 downstream tasks scheduled from follow-on schedule check
[2026-02-09T10:48:59.267+0000] {local_task_job_runner.py:222} INFO - ::endgroup::
