[2026-02-09T10:22:19.658+0000] {local_task_job_runner.py:120} INFO - ::group::Pre task execution logs
[2026-02-09T10:22:19.687+0000] {taskinstance.py:2076} INFO - Dependencies all met for dep_context=non-requeueable deps ti=<TaskInstance: stock_raw_aapl.download_and_load_raw scheduled__2024-09-27T00:00:00+00:00 [queued]>
[2026-02-09T10:22:19.696+0000] {taskinstance.py:2076} INFO - Dependencies all met for dep_context=requeueable deps ti=<TaskInstance: stock_raw_aapl.download_and_load_raw scheduled__2024-09-27T00:00:00+00:00 [queued]>
[2026-02-09T10:22:19.697+0000] {taskinstance.py:2306} INFO - Starting attempt 1 of 1
[2026-02-09T10:22:19.708+0000] {taskinstance.py:2330} INFO - Executing <Task(PythonOperator): download_and_load_raw> on 2024-09-27 00:00:00+00:00
[2026-02-09T10:22:19.720+0000] {logging_mixin.py:188} WARNING - /home/***/.local/lib/python3.12/site-packages/***/task/task_runner/standard_task_runner.py:62 DeprecationWarning: This process (pid=460) is multi-threaded, use of fork() may lead to deadlocks in the child.
[2026-02-09T10:22:19.721+0000] {standard_task_runner.py:64} INFO - Started process 468 to run task
[2026-02-09T10:22:19.720+0000] {standard_task_runner.py:90} INFO - Running: ['***', 'tasks', 'run', 'stock_raw_aapl', 'download_and_load_raw', 'scheduled__2024-09-27T00:00:00+00:00', '--job-id', '4168', '--raw', '--subdir', 'DAGS_FOLDER/stocks_dwh/raw/stocks_raw_dags.py', '--cfg-path', '/tmp/tmpeu000sm5']
[2026-02-09T10:22:19.722+0000] {standard_task_runner.py:91} INFO - Job 4168: Subtask download_and_load_raw
[2026-02-09T10:22:19.787+0000] {task_command.py:426} INFO - Running <TaskInstance: stock_raw_aapl.download_and_load_raw scheduled__2024-09-27T00:00:00+00:00 [running]> on host 4886d37bc122
[2026-02-09T10:22:19.880+0000] {taskinstance.py:2648} INFO - Exporting env vars: AIRFLOW_CTX_DAG_OWNER='***' AIRFLOW_CTX_DAG_ID='stock_raw_aapl' AIRFLOW_CTX_TASK_ID='download_and_load_raw' AIRFLOW_CTX_EXECUTION_DATE='2024-09-27T00:00:00+00:00' AIRFLOW_CTX_TRY_NUMBER='1' AIRFLOW_CTX_DAG_RUN_ID='scheduled__2024-09-27T00:00:00+00:00'
[2026-02-09T10:22:19.882+0000] {taskinstance.py:430} INFO - ::endgroup::
[2026-02-09T10:22:19.893+0000] {logging_mixin.py:188} INFO - [RAW] Download AAPL [1d] 2024-09-27..2024-09-28
[2026-02-09T10:22:19.896+0000] {logging_mixin.py:188} WARNING - /opt/***/dags/stocks_dwh/raw/stocks_raw_dags.py:38 FutureWarning: YF.download() has changed argument auto_adjust default to True
[2026-02-09T10:22:19.905+0000] {logging_mixin.py:188} WARNING - /home/***/.local/lib/python3.12/site-packages/yfinance/scrapers/history.py:204 Pandas4Warning: Timestamp.utcnow is deprecated and will be removed in a future version. Use Timestamp.now('UTC') instead.
[2026-02-09T10:22:20.417+0000] {taskinstance.py:441} INFO - ::group::Post task execution logs
[2026-02-09T10:22:20.418+0000] {taskinstance.py:2905} ERROR - Task failed with exception
Traceback (most recent call last):
  File "/home/airflow/.local/lib/python3.12/site-packages/airflow/models/taskinstance.py", line 465, in _execute_task
    result = _execute_callable(context=context, **execute_callable_kwargs)
             ^^^^^^^^^^^^^^^^^^^^^^^^^^^^^^^^^^^^^^^^^^^^^^^^^^^^^^^^^^^^^
  File "/home/airflow/.local/lib/python3.12/site-packages/airflow/models/taskinstance.py", line 432, in _execute_callable
    return execute_callable(context=context, **execute_callable_kwargs)
           ^^^^^^^^^^^^^^^^^^^^^^^^^^^^^^^^^^^^^^^^^^^^^^^^^^^^^^^^^^^^
  File "/home/airflow/.local/lib/python3.12/site-packages/airflow/models/baseoperator.py", line 401, in wrapper
    return func(self, *args, **kwargs)
           ^^^^^^^^^^^^^^^^^^^^^^^^^^^
  File "/home/airflow/.local/lib/python3.12/site-packages/airflow/operators/python.py", line 235, in execute
    return_value = self.execute_callable()
                   ^^^^^^^^^^^^^^^^^^^^^^^
  File "/home/airflow/.local/lib/python3.12/site-packages/airflow/operators/python.py", line 252, in execute_callable
    return self.python_callable(*self.op_args, **self.op_kwargs)
           ^^^^^^^^^^^^^^^^^^^^^^^^^^^^^^^^^^^^^^^^^^^^^^^^^^^^^
  File "/opt/airflow/dags/stocks_dwh/raw/stocks_raw_dags.py", line 86, in download_and_load_raw
    df["volume"] = pd.to_numeric(df["volume"], errors="coerce").fillna(0).astype("int64")
                   ^^^^^^^^^^^^^^^^^^^^^^^^^^^^^^^^^^^^^^^^^^^^
  File "/home/airflow/.local/lib/python3.12/site-packages/pandas/core/tools/numeric.py", line 212, in to_numeric
    raise TypeError("arg must be a list, tuple, 1-d array, or Series")
TypeError: arg must be a list, tuple, 1-d array, or Series
[2026-02-09T10:22:20.432+0000] {taskinstance.py:1206} INFO - Marking task as FAILED. dag_id=stock_raw_aapl, task_id=download_and_load_raw, run_id=scheduled__2024-09-27T00:00:00+00:00, execution_date=20240927T000000, start_date=20260209T102219, end_date=20260209T102220
[2026-02-09T10:22:20.444+0000] {standard_task_runner.py:110} ERROR - Failed to execute job 4168 for task download_and_load_raw (arg must be a list, tuple, 1-d array, or Series; 468)
[2026-02-09T10:22:20.497+0000] {local_task_job_runner.py:243} INFO - Task exited with return code 1
[2026-02-09T10:22:20.513+0000] {taskinstance.py:3503} INFO - 0 downstream tasks scheduled from follow-on schedule check
[2026-02-09T10:22:20.514+0000] {local_task_job_runner.py:222} INFO - ::endgroup::
[2026-02-09T12:24:34.191+0000] {local_task_job_runner.py:120} INFO - ::group::Pre task execution logs
[2026-02-09T12:24:34.224+0000] {taskinstance.py:2076} INFO - Dependencies all met for dep_context=non-requeueable deps ti=<TaskInstance: stock_raw_aapl.download_and_load_raw scheduled__2024-09-27T00:00:00+00:00 [queued]>
[2026-02-09T12:24:34.231+0000] {taskinstance.py:2076} INFO - Dependencies all met for dep_context=requeueable deps ti=<TaskInstance: stock_raw_aapl.download_and_load_raw scheduled__2024-09-27T00:00:00+00:00 [queued]>
[2026-02-09T12:24:34.232+0000] {taskinstance.py:2306} INFO - Starting attempt 1 of 1
[2026-02-09T12:24:34.243+0000] {taskinstance.py:2330} INFO - Executing <Task(PythonOperator): download_and_load_raw> on 2024-09-27 00:00:00+00:00
[2026-02-09T12:24:34.254+0000] {logging_mixin.py:188} WARNING - /home/***/.local/lib/python3.12/site-packages/***/task/task_runner/standard_task_runner.py:62 DeprecationWarning: This process (pid=15880) is multi-threaded, use of fork() may lead to deadlocks in the child.
[2026-02-09T12:24:34.256+0000] {standard_task_runner.py:64} INFO - Started process 15884 to run task
[2026-02-09T12:24:34.255+0000] {standard_task_runner.py:90} INFO - Running: ['***', 'tasks', 'run', 'stock_raw_aapl', 'download_and_load_raw', 'scheduled__2024-09-27T00:00:00+00:00', '--job-id', '7293', '--raw', '--subdir', 'DAGS_FOLDER/stocks_dwh/raw/stocks_raw_dags.py', '--cfg-path', '/tmp/tmpdo9_cqrv']
[2026-02-09T12:24:34.257+0000] {standard_task_runner.py:91} INFO - Job 7293: Subtask download_and_load_raw
[2026-02-09T12:24:34.315+0000] {task_command.py:426} INFO - Running <TaskInstance: stock_raw_aapl.download_and_load_raw scheduled__2024-09-27T00:00:00+00:00 [running]> on host 4886d37bc122
[2026-02-09T12:24:34.400+0000] {taskinstance.py:2648} INFO - Exporting env vars: AIRFLOW_CTX_DAG_OWNER='***' AIRFLOW_CTX_DAG_ID='stock_raw_aapl' AIRFLOW_CTX_TASK_ID='download_and_load_raw' AIRFLOW_CTX_EXECUTION_DATE='2024-09-27T00:00:00+00:00' AIRFLOW_CTX_TRY_NUMBER='1' AIRFLOW_CTX_DAG_RUN_ID='scheduled__2024-09-27T00:00:00+00:00'
[2026-02-09T12:24:34.401+0000] {taskinstance.py:430} INFO - ::endgroup::
[2026-02-09T12:24:34.411+0000] {stocks_raw_dags.py:37} INFO - 2024-09-27 00:00:00+00:00, 2024-09-28 00:00:00+00:00
[2026-02-09T12:24:34.412+0000] {logging_mixin.py:188} INFO - [RAW] Download AAPL [1d] 2024-09-26..2024-09-28
[2026-02-09T12:24:34.414+0000] {logging_mixin.py:188} WARNING - /opt/***/dags/stocks_dwh/raw/stocks_raw_dags.py:42 FutureWarning: YF.download() has changed argument auto_adjust default to True
[2026-02-09T12:24:34.421+0000] {logging_mixin.py:188} WARNING - /home/***/.local/lib/python3.12/site-packages/yfinance/scrapers/history.py:204 Pandas4Warning: Timestamp.utcnow is deprecated and will be removed in a future version. Use Timestamp.now('UTC') instead.
[2026-02-09T12:24:34.979+0000] {logging_mixin.py:188} WARNING - [*********************100%***********************]  1 of 1 completed
[2026-02-09T12:24:35.017+0000] {base.py:84} INFO - Using connection ID 'dwh_clickhouse' for task execution.
[2026-02-09T12:24:35.040+0000] {logging_mixin.py:188} INFO - [RAW] Deleted existing rows for AAPL in 2024-09-26..2024-09-28
[2026-02-09T12:24:35.048+0000] {logging_mixin.py:188} INFO - [RAW] Inserted 2 rows into dwh.raw_stock_prices
[2026-02-09T12:24:35.049+0000] {python.py:237} INFO - Done. Returned value was: None
[2026-02-09T12:24:35.050+0000] {taskinstance.py:441} INFO - ::group::Post task execution logs
[2026-02-09T12:24:35.060+0000] {taskinstance.py:1206} INFO - Marking task as SUCCESS. dag_id=stock_raw_aapl, task_id=download_and_load_raw, run_id=scheduled__2024-09-27T00:00:00+00:00, execution_date=20240927T000000, start_date=20260209T122434, end_date=20260209T122435
[2026-02-09T12:24:35.112+0000] {local_task_job_runner.py:243} INFO - Task exited with return code 0
[2026-02-09T12:24:35.130+0000] {taskinstance.py:3503} INFO - 0 downstream tasks scheduled from follow-on schedule check
[2026-02-09T12:24:35.133+0000] {local_task_job_runner.py:222} INFO - ::endgroup::
