[2026-02-09T12:30:55.418+0000] {local_task_job_runner.py:120} INFO - ::group::Pre task execution logs
[2026-02-09T12:30:55.445+0000] {taskinstance.py:2076} INFO - Dependencies all met for dep_context=non-requeueable deps ti=<TaskInstance: stock_raw_msft.download_and_load_raw scheduled__2025-12-03T00:00:00+00:00 [queued]>
[2026-02-09T12:30:55.452+0000] {taskinstance.py:2076} INFO - Dependencies all met for dep_context=requeueable deps ti=<TaskInstance: stock_raw_msft.download_and_load_raw scheduled__2025-12-03T00:00:00+00:00 [queued]>
[2026-02-09T12:30:55.453+0000] {taskinstance.py:2306} INFO - Starting attempt 2 of 2
[2026-02-09T12:30:55.464+0000] {taskinstance.py:2330} INFO - Executing <Task(PythonOperator): download_and_load_raw> on 2025-12-03 00:00:00+00:00
[2026-02-09T12:30:55.476+0000] {logging_mixin.py:188} WARNING - /home/***/.local/lib/python3.12/site-packages/***/task/task_runner/standard_task_runner.py:62 DeprecationWarning: This process (pid=17023) is multi-threaded, use of fork() may lead to deadlocks in the child.
[2026-02-09T12:30:55.476+0000] {standard_task_runner.py:90} INFO - Running: ['***', 'tasks', 'run', 'stock_raw_msft', 'download_and_load_raw', 'scheduled__2025-12-03T00:00:00+00:00', '--job-id', '7541', '--raw', '--subdir', 'DAGS_FOLDER/stocks_dwh/raw/stocks_raw_dags.py', '--cfg-path', '/tmp/tmpleyqkf59']
[2026-02-09T12:30:55.478+0000] {standard_task_runner.py:64} INFO - Started process 17031 to run task
[2026-02-09T12:30:55.478+0000] {standard_task_runner.py:91} INFO - Job 7541: Subtask download_and_load_raw
[2026-02-09T12:30:55.543+0000] {task_command.py:426} INFO - Running <TaskInstance: stock_raw_msft.download_and_load_raw scheduled__2025-12-03T00:00:00+00:00 [running]> on host 4886d37bc122
[2026-02-09T12:30:55.635+0000] {taskinstance.py:2648} INFO - Exporting env vars: AIRFLOW_CTX_DAG_OWNER='***' AIRFLOW_CTX_DAG_ID='stock_raw_msft' AIRFLOW_CTX_TASK_ID='download_and_load_raw' AIRFLOW_CTX_EXECUTION_DATE='2025-12-03T00:00:00+00:00' AIRFLOW_CTX_TRY_NUMBER='2' AIRFLOW_CTX_DAG_RUN_ID='scheduled__2025-12-03T00:00:00+00:00'
[2026-02-09T12:30:55.636+0000] {taskinstance.py:430} INFO - ::endgroup::
[2026-02-09T12:30:55.647+0000] {stocks_raw_dags.py:37} INFO - 2025-12-03 00:00:00+00:00, 2025-12-04 00:00:00+00:00
[2026-02-09T12:30:55.647+0000] {logging_mixin.py:188} INFO - [RAW] Download MSFT [1d] 2025-12-02..2025-12-04
[2026-02-09T12:30:55.649+0000] {logging_mixin.py:188} WARNING - /opt/***/dags/stocks_dwh/raw/stocks_raw_dags.py:42 FutureWarning: YF.download() has changed argument auto_adjust default to True
[2026-02-09T12:30:55.658+0000] {logging_mixin.py:188} WARNING - /home/***/.local/lib/python3.12/site-packages/yfinance/scrapers/history.py:204 Pandas4Warning: Timestamp.utcnow is deprecated and will be removed in a future version. Use Timestamp.now('UTC') instead.
[2026-02-09T12:30:57.587+0000] {logging_mixin.py:188} WARNING - [*********************100%***********************]  1 of 1 completed
[2026-02-09T12:30:57.623+0000] {base.py:84} INFO - Using connection ID 'dwh_clickhouse' for task execution.
[2026-02-09T12:30:57.646+0000] {logging_mixin.py:188} INFO - [RAW] Deleted existing rows for MSFT in 2025-12-02..2025-12-04
[2026-02-09T12:30:57.660+0000] {logging_mixin.py:188} INFO - [RAW] Inserted 2 rows into dwh.raw_stock_prices
[2026-02-09T12:30:57.661+0000] {python.py:237} INFO - Done. Returned value was: None
[2026-02-09T12:30:57.661+0000] {taskinstance.py:441} INFO - ::group::Post task execution logs
[2026-02-09T12:30:57.672+0000] {taskinstance.py:1206} INFO - Marking task as SUCCESS. dag_id=stock_raw_msft, task_id=download_and_load_raw, run_id=scheduled__2025-12-03T00:00:00+00:00, execution_date=20251203T000000, start_date=20260209T123055, end_date=20260209T123057
[2026-02-09T12:30:57.738+0000] {local_task_job_runner.py:243} INFO - Task exited with return code 0
[2026-02-09T12:30:57.759+0000] {taskinstance.py:3503} INFO - 0 downstream tasks scheduled from follow-on schedule check
[2026-02-09T12:30:57.762+0000] {local_task_job_runner.py:222} INFO - ::endgroup::
