[2026-02-13T15:11:32.282+0000] {local_task_job_runner.py:120} INFO - ::group::Pre task execution logs
[2026-02-13T15:11:32.314+0000] {taskinstance.py:2076} INFO - Dependencies all met for dep_context=non-requeueable deps ti=<TaskInstance: stock_raw_aapl.download_and_load_raw manual__2026-02-13T15:11:30.352224+00:00 [queued]>
[2026-02-13T15:11:32.321+0000] {taskinstance.py:2076} INFO - Dependencies all met for dep_context=requeueable deps ti=<TaskInstance: stock_raw_aapl.download_and_load_raw manual__2026-02-13T15:11:30.352224+00:00 [queued]>
[2026-02-13T15:11:32.322+0000] {taskinstance.py:2306} INFO - Starting attempt 1 of 1
[2026-02-13T15:11:32.334+0000] {taskinstance.py:2330} INFO - Executing <Task(PythonOperator): download_and_load_raw> on 2026-02-13 15:11:30.352224+00:00
[2026-02-13T15:11:32.344+0000] {logging_mixin.py:188} WARNING - /home/***/.local/lib/python3.12/site-packages/***/task/task_runner/standard_task_runner.py:62 DeprecationWarning: This process (pid=478) is multi-threaded, use of fork() may lead to deadlocks in the child.
[2026-02-13T15:11:32.344+0000] {standard_task_runner.py:90} INFO - Running: ['***', 'tasks', 'run', 'stock_raw_aapl', 'download_and_load_raw', 'manual__2026-02-13T15:11:30.352224+00:00', '--job-id', '8016', '--raw', '--subdir', 'DAGS_FOLDER/stocks_dwh/raw/stocks_raw_dags.py', '--cfg-path', '/tmp/tmpxpc3mlfo']
[2026-02-13T15:11:32.345+0000] {standard_task_runner.py:64} INFO - Started process 482 to run task
[2026-02-13T15:11:32.346+0000] {standard_task_runner.py:91} INFO - Job 8016: Subtask download_and_load_raw
[2026-02-13T15:11:32.401+0000] {task_command.py:426} INFO - Running <TaskInstance: stock_raw_aapl.download_and_load_raw manual__2026-02-13T15:11:30.352224+00:00 [running]> on host 4886d37bc122
[2026-02-13T15:11:32.481+0000] {taskinstance.py:2648} INFO - Exporting env vars: AIRFLOW_CTX_DAG_OWNER='***' AIRFLOW_CTX_DAG_ID='stock_raw_aapl' AIRFLOW_CTX_TASK_ID='download_and_load_raw' AIRFLOW_CTX_EXECUTION_DATE='2026-02-13T15:11:30.352224+00:00' AIRFLOW_CTX_TRY_NUMBER='1' AIRFLOW_CTX_DAG_RUN_ID='manual__2026-02-13T15:11:30.352224+00:00'
[2026-02-13T15:11:32.482+0000] {taskinstance.py:430} INFO - ::endgroup::
[2026-02-13T15:11:32.492+0000] {stocks_raw_dags.py:37} INFO - 2026-02-12 00:00:00+00:00, 2026-02-13 00:00:00+00:00
[2026-02-13T15:11:32.492+0000] {logging_mixin.py:188} INFO - [RAW] Download AAPL [1d] 2026-02-11..2026-02-13
[2026-02-13T15:11:32.494+0000] {logging_mixin.py:188} WARNING - /opt/***/dags/stocks_dwh/raw/stocks_raw_dags.py:42 FutureWarning: YF.download() has changed argument auto_adjust default to True
[2026-02-13T15:11:32.503+0000] {logging_mixin.py:188} WARNING - /home/***/.local/lib/python3.12/site-packages/yfinance/scrapers/history.py:204 Pandas4Warning: Timestamp.utcnow is deprecated and will be removed in a future version. Use Timestamp.now('UTC') instead.
[2026-02-13T15:11:33.041+0000] {logging_mixin.py:188} WARNING - [*********************100%***********************]  1 of 1 completed
[2026-02-13T15:11:33.071+0000] {base.py:84} INFO - Using connection ID 'dwh_clickhouse' for task execution.
[2026-02-13T15:11:33.091+0000] {logging_mixin.py:188} INFO - [RAW] Deleted existing rows for AAPL in 2026-02-11..2026-02-13
[2026-02-13T15:11:33.108+0000] {logging_mixin.py:188} INFO - [RAW] Inserted 2 rows into dwh.raw_stock_prices
[2026-02-13T15:11:33.109+0000] {python.py:237} INFO - Done. Returned value was: None
[2026-02-13T15:11:33.112+0000] {taskinstance.py:441} INFO - ::group::Post task execution logs
[2026-02-13T15:11:33.123+0000] {taskinstance.py:1206} INFO - Marking task as SUCCESS. dag_id=stock_raw_aapl, task_id=download_and_load_raw, run_id=manual__2026-02-13T15:11:30.352224+00:00, execution_date=20260213T151130, start_date=20260213T151132, end_date=20260213T151133
[2026-02-13T15:11:33.162+0000] {local_task_job_runner.py:243} INFO - Task exited with return code 0
[2026-02-13T15:11:33.178+0000] {taskinstance.py:3503} INFO - 0 downstream tasks scheduled from follow-on schedule check
[2026-02-13T15:11:33.179+0000] {local_task_job_runner.py:222} INFO - ::endgroup::
