[2026-02-09T10:17:47.784+0000] {local_task_job_runner.py:120} INFO - ::group::Pre task execution logs
[2026-02-09T10:17:47.814+0000] {taskinstance.py:2076} INFO - Dependencies all met for dep_context=non-requeueable deps ti=<TaskInstance: stock_raw_aapl.download_and_load_raw scheduled__2024-08-04T00:00:00+00:00 [queued]>
[2026-02-09T10:17:47.824+0000] {taskinstance.py:2076} INFO - Dependencies all met for dep_context=requeueable deps ti=<TaskInstance: stock_raw_aapl.download_and_load_raw scheduled__2024-08-04T00:00:00+00:00 [queued]>
[2026-02-09T10:17:47.825+0000] {taskinstance.py:2306} INFO - Starting attempt 1 of 1
[2026-02-09T10:17:47.838+0000] {taskinstance.py:2330} INFO - Executing <Task(PythonOperator): download_and_load_raw> on 2024-08-04 00:00:00+00:00
[2026-02-09T10:17:47.850+0000] {logging_mixin.py:188} WARNING - /home/***/.local/lib/python3.12/site-packages/***/task/task_runner/standard_task_runner.py:62 DeprecationWarning: This process (pid=5549) is multi-threaded, use of fork() may lead to deadlocks in the child.
[2026-02-09T10:17:47.851+0000] {standard_task_runner.py:64} INFO - Started process 5560 to run task
[2026-02-09T10:17:47.850+0000] {standard_task_runner.py:90} INFO - Running: ['***', 'tasks', 'run', 'stock_raw_aapl', 'download_and_load_raw', 'scheduled__2024-08-04T00:00:00+00:00', '--job-id', '3902', '--raw', '--subdir', 'DAGS_FOLDER/stocks_dwh/raw/stocks_raw_dags.py', '--cfg-path', '/tmp/tmp7qzj8531']
[2026-02-09T10:17:47.853+0000] {standard_task_runner.py:91} INFO - Job 3902: Subtask download_and_load_raw
[2026-02-09T10:17:47.915+0000] {task_command.py:426} INFO - Running <TaskInstance: stock_raw_aapl.download_and_load_raw scheduled__2024-08-04T00:00:00+00:00 [running]> on host b6b9e92e7d61
[2026-02-09T10:17:48.012+0000] {taskinstance.py:2648} INFO - Exporting env vars: AIRFLOW_CTX_DAG_OWNER='***' AIRFLOW_CTX_DAG_ID='stock_raw_aapl' AIRFLOW_CTX_TASK_ID='download_and_load_raw' AIRFLOW_CTX_EXECUTION_DATE='2024-08-04T00:00:00+00:00' AIRFLOW_CTX_TRY_NUMBER='1' AIRFLOW_CTX_DAG_RUN_ID='scheduled__2024-08-04T00:00:00+00:00'
[2026-02-09T10:17:48.013+0000] {taskinstance.py:430} INFO - ::endgroup::
[2026-02-09T10:17:48.025+0000] {logging_mixin.py:188} INFO - [RAW] Download AAPL [1d] 2024-08-04..2024-08-05
[2026-02-09T10:17:48.027+0000] {logging_mixin.py:188} WARNING - /opt/***/dags/stocks_dwh/raw/stocks_raw_dags.py:38 FutureWarning: YF.download() has changed argument auto_adjust default to True
[2026-02-09T10:17:48.036+0000] {logging_mixin.py:188} WARNING - /home/***/.local/lib/python3.12/site-packages/yfinance/scrapers/history.py:204 Pandas4Warning: Timestamp.utcnow is deprecated and will be removed in a future version. Use Timestamp.now('UTC') instead.
[2026-02-09T10:17:48.515+0000] {multi.py:185} ERROR - 
1 Failed download:
[2026-02-09T10:17:48.515+0000] {multi.py:198} ERROR - ['AAPL']: YFPricesMissingError('possibly delisted; no price data found  (1d 2024-08-04 -> 2024-08-05)')
[2026-02-09T10:17:48.529+0000] {logging_mixin.py:188} INFO - [RAW] No data from yfinance
[2026-02-09T10:17:48.529+0000] {python.py:237} INFO - Done. Returned value was: None
[2026-02-09T10:17:48.530+0000] {taskinstance.py:441} INFO - ::group::Post task execution logs
[2026-02-09T10:17:48.538+0000] {taskinstance.py:1206} INFO - Marking task as SUCCESS. dag_id=stock_raw_aapl, task_id=download_and_load_raw, run_id=scheduled__2024-08-04T00:00:00+00:00, execution_date=20240804T000000, start_date=20260209T101747, end_date=20260209T101748
[2026-02-09T10:17:48.588+0000] {local_task_job_runner.py:243} INFO - Task exited with return code 0
[2026-02-09T10:17:48.604+0000] {taskinstance.py:3503} INFO - 0 downstream tasks scheduled from follow-on schedule check
[2026-02-09T10:17:48.606+0000] {local_task_job_runner.py:222} INFO - ::endgroup::
[2026-02-09T12:21:30.127+0000] {local_task_job_runner.py:120} INFO - ::group::Pre task execution logs
[2026-02-09T12:21:30.154+0000] {taskinstance.py:2076} INFO - Dependencies all met for dep_context=non-requeueable deps ti=<TaskInstance: stock_raw_aapl.download_and_load_raw scheduled__2024-08-04T00:00:00+00:00 [queued]>
[2026-02-09T12:21:30.162+0000] {taskinstance.py:2076} INFO - Dependencies all met for dep_context=requeueable deps ti=<TaskInstance: stock_raw_aapl.download_and_load_raw scheduled__2024-08-04T00:00:00+00:00 [queued]>
[2026-02-09T12:21:30.163+0000] {taskinstance.py:2306} INFO - Starting attempt 1 of 1
[2026-02-09T12:21:30.174+0000] {taskinstance.py:2330} INFO - Executing <Task(PythonOperator): download_and_load_raw> on 2024-08-04 00:00:00+00:00
[2026-02-09T12:21:30.185+0000] {logging_mixin.py:188} WARNING - /home/***/.local/lib/python3.12/site-packages/***/task/task_runner/standard_task_runner.py:62 DeprecationWarning: This process (pid=15376) is multi-threaded, use of fork() may lead to deadlocks in the child.
[2026-02-09T12:21:30.187+0000] {standard_task_runner.py:64} INFO - Started process 15379 to run task
[2026-02-09T12:21:30.186+0000] {standard_task_runner.py:90} INFO - Running: ['***', 'tasks', 'run', 'stock_raw_aapl', 'download_and_load_raw', 'scheduled__2024-08-04T00:00:00+00:00', '--job-id', '7184', '--raw', '--subdir', 'DAGS_FOLDER/stocks_dwh/raw/stocks_raw_dags.py', '--cfg-path', '/tmp/tmp1vewqn4a']
[2026-02-09T12:21:30.188+0000] {standard_task_runner.py:91} INFO - Job 7184: Subtask download_and_load_raw
[2026-02-09T12:21:30.252+0000] {task_command.py:426} INFO - Running <TaskInstance: stock_raw_aapl.download_and_load_raw scheduled__2024-08-04T00:00:00+00:00 [running]> on host 4886d37bc122
[2026-02-09T12:21:30.337+0000] {taskinstance.py:2648} INFO - Exporting env vars: AIRFLOW_CTX_DAG_OWNER='***' AIRFLOW_CTX_DAG_ID='stock_raw_aapl' AIRFLOW_CTX_TASK_ID='download_and_load_raw' AIRFLOW_CTX_EXECUTION_DATE='2024-08-04T00:00:00+00:00' AIRFLOW_CTX_TRY_NUMBER='1' AIRFLOW_CTX_DAG_RUN_ID='scheduled__2024-08-04T00:00:00+00:00'
[2026-02-09T12:21:30.338+0000] {taskinstance.py:430} INFO - ::endgroup::
[2026-02-09T12:21:30.348+0000] {stocks_raw_dags.py:37} INFO - 2024-08-04 00:00:00+00:00, 2024-08-05 00:00:00+00:00
[2026-02-09T12:21:30.349+0000] {logging_mixin.py:188} INFO - [RAW] Download AAPL [1d] 2024-08-03..2024-08-05
[2026-02-09T12:21:30.351+0000] {logging_mixin.py:188} WARNING - /opt/***/dags/stocks_dwh/raw/stocks_raw_dags.py:42 FutureWarning: YF.download() has changed argument auto_adjust default to True
[2026-02-09T12:21:30.359+0000] {logging_mixin.py:188} WARNING - /home/***/.local/lib/python3.12/site-packages/yfinance/scrapers/history.py:204 Pandas4Warning: Timestamp.utcnow is deprecated and will be removed in a future version. Use Timestamp.now('UTC') instead.
[2026-02-09T12:21:30.861+0000] {logging_mixin.py:188} WARNING - [*********************100%***********************]  1 of 1 completed
[2026-02-09T12:21:30.862+0000] {multi.py:185} ERROR - 
1 Failed download:
[2026-02-09T12:21:30.862+0000] {multi.py:198} ERROR - ['AAPL']: YFPricesMissingError('possibly delisted; no price data found  (1d 2024-08-03 -> 2024-08-05)')
[2026-02-09T12:21:30.875+0000] {logging_mixin.py:188} INFO - [RAW] No data from yfinance
[2026-02-09T12:21:30.876+0000] {python.py:237} INFO - Done. Returned value was: None
[2026-02-09T12:21:30.877+0000] {taskinstance.py:441} INFO - ::group::Post task execution logs
[2026-02-09T12:21:30.886+0000] {taskinstance.py:1206} INFO - Marking task as SUCCESS. dag_id=stock_raw_aapl, task_id=download_and_load_raw, run_id=scheduled__2024-08-04T00:00:00+00:00, execution_date=20240804T000000, start_date=20260209T122130, end_date=20260209T122130
[2026-02-09T12:21:30.923+0000] {local_task_job_runner.py:243} INFO - Task exited with return code 0
[2026-02-09T12:21:30.941+0000] {taskinstance.py:3503} INFO - 0 downstream tasks scheduled from follow-on schedule check
[2026-02-09T12:21:30.943+0000] {local_task_job_runner.py:222} INFO - ::endgroup::
