[2026-02-09T10:43:47.026+0000] {local_task_job_runner.py:120} INFO - ::group::Pre task execution logs
[2026-02-09T10:43:47.059+0000] {taskinstance.py:2076} INFO - Dependencies all met for dep_context=non-requeueable deps ti=<TaskInstance: stock_raw_aapl.download_and_load_raw scheduled__2025-10-19T00:00:00+00:00 [queued]>
[2026-02-09T10:43:47.068+0000] {taskinstance.py:2076} INFO - Dependencies all met for dep_context=requeueable deps ti=<TaskInstance: stock_raw_aapl.download_and_load_raw scheduled__2025-10-19T00:00:00+00:00 [queued]>
[2026-02-09T10:43:47.070+0000] {taskinstance.py:2306} INFO - Starting attempt 1 of 1
[2026-02-09T10:43:47.083+0000] {taskinstance.py:2330} INFO - Executing <Task(PythonOperator): download_and_load_raw> on 2025-10-19 00:00:00+00:00
[2026-02-09T10:43:47.097+0000] {logging_mixin.py:188} WARNING - /home/***/.local/lib/python3.12/site-packages/***/task/task_runner/standard_task_runner.py:62 DeprecationWarning: This process (pid=8585) is multi-threaded, use of fork() may lead to deadlocks in the child.
[2026-02-09T10:43:47.098+0000] {standard_task_runner.py:64} INFO - Started process 8596 to run task
[2026-02-09T10:43:47.097+0000] {standard_task_runner.py:90} INFO - Running: ['***', 'tasks', 'run', 'stock_raw_aapl', 'download_and_load_raw', 'scheduled__2025-10-19T00:00:00+00:00', '--job-id', '6076', '--raw', '--subdir', 'DAGS_FOLDER/stocks_dwh/raw/stocks_raw_dags.py', '--cfg-path', '/tmp/tmpbzk3msxd']
[2026-02-09T10:43:47.100+0000] {standard_task_runner.py:91} INFO - Job 6076: Subtask download_and_load_raw
[2026-02-09T10:43:47.169+0000] {task_command.py:426} INFO - Running <TaskInstance: stock_raw_aapl.download_and_load_raw scheduled__2025-10-19T00:00:00+00:00 [running]> on host 4886d37bc122
[2026-02-09T10:43:47.274+0000] {taskinstance.py:2648} INFO - Exporting env vars: AIRFLOW_CTX_DAG_OWNER='***' AIRFLOW_CTX_DAG_ID='stock_raw_aapl' AIRFLOW_CTX_TASK_ID='download_and_load_raw' AIRFLOW_CTX_EXECUTION_DATE='2025-10-19T00:00:00+00:00' AIRFLOW_CTX_TRY_NUMBER='1' AIRFLOW_CTX_DAG_RUN_ID='scheduled__2025-10-19T00:00:00+00:00'
[2026-02-09T10:43:47.277+0000] {taskinstance.py:430} INFO - ::endgroup::
[2026-02-09T10:43:47.289+0000] {logging_mixin.py:188} INFO - [RAW] Download AAPL [1d] 2025-10-19..2025-10-20
[2026-02-09T10:43:47.292+0000] {logging_mixin.py:188} WARNING - /opt/***/dags/stocks_dwh/raw/stocks_raw_dags.py:38 FutureWarning: YF.download() has changed argument auto_adjust default to True
[2026-02-09T10:43:47.302+0000] {logging_mixin.py:188} WARNING - /home/***/.local/lib/python3.12/site-packages/yfinance/scrapers/history.py:204 Pandas4Warning: Timestamp.utcnow is deprecated and will be removed in a future version. Use Timestamp.now('UTC') instead.
[2026-02-09T10:43:47.790+0000] {multi.py:185} ERROR - 
1 Failed download:
[2026-02-09T10:43:47.791+0000] {multi.py:198} ERROR - ['AAPL']: YFPricesMissingError('possibly delisted; no price data found  (1d 2025-10-19 -> 2025-10-20)')
[2026-02-09T10:43:47.802+0000] {logging_mixin.py:188} INFO - [RAW] No data from yfinance
[2026-02-09T10:43:47.803+0000] {python.py:237} INFO - Done. Returned value was: None
[2026-02-09T10:43:47.804+0000] {taskinstance.py:441} INFO - ::group::Post task execution logs
[2026-02-09T10:43:47.814+0000] {taskinstance.py:1206} INFO - Marking task as SUCCESS. dag_id=stock_raw_aapl, task_id=download_and_load_raw, run_id=scheduled__2025-10-19T00:00:00+00:00, execution_date=20251019T000000, start_date=20260209T104347, end_date=20260209T104347
[2026-02-09T10:43:47.874+0000] {local_task_job_runner.py:243} INFO - Task exited with return code 0
[2026-02-09T10:43:47.895+0000] {taskinstance.py:3503} INFO - 0 downstream tasks scheduled from follow-on schedule check
[2026-02-09T10:43:47.898+0000] {local_task_job_runner.py:222} INFO - ::endgroup::
[2026-02-09T12:45:23.046+0000] {local_task_job_runner.py:120} INFO - ::group::Pre task execution logs
[2026-02-09T12:45:23.076+0000] {taskinstance.py:2076} INFO - Dependencies all met for dep_context=non-requeueable deps ti=<TaskInstance: stock_raw_aapl.download_and_load_raw scheduled__2025-10-19T00:00:00+00:00 [queued]>
[2026-02-09T12:45:23.085+0000] {taskinstance.py:2076} INFO - Dependencies all met for dep_context=requeueable deps ti=<TaskInstance: stock_raw_aapl.download_and_load_raw scheduled__2025-10-19T00:00:00+00:00 [queued]>
[2026-02-09T12:45:23.085+0000] {taskinstance.py:2306} INFO - Starting attempt 1 of 1
[2026-02-09T12:45:23.099+0000] {taskinstance.py:2330} INFO - Executing <Task(PythonOperator): download_and_load_raw> on 2025-10-19 00:00:00+00:00
[2026-02-09T12:45:23.111+0000] {logging_mixin.py:188} WARNING - /home/***/.local/lib/python3.12/site-packages/***/task/task_runner/standard_task_runner.py:62 DeprecationWarning: This process (pid=18601) is multi-threaded, use of fork() may lead to deadlocks in the child.
[2026-02-09T12:45:23.112+0000] {standard_task_runner.py:64} INFO - Started process 18603 to run task
[2026-02-09T12:45:23.111+0000] {standard_task_runner.py:90} INFO - Running: ['***', 'tasks', 'run', 'stock_raw_aapl', 'download_and_load_raw', 'scheduled__2025-10-19T00:00:00+00:00', '--job-id', '7849', '--raw', '--subdir', 'DAGS_FOLDER/stocks_dwh/raw/stocks_raw_dags.py', '--cfg-path', '/tmp/tmp97uzf0_h']
[2026-02-09T12:45:23.113+0000] {standard_task_runner.py:91} INFO - Job 7849: Subtask download_and_load_raw
[2026-02-09T12:45:23.179+0000] {task_command.py:426} INFO - Running <TaskInstance: stock_raw_aapl.download_and_load_raw scheduled__2025-10-19T00:00:00+00:00 [running]> on host 4886d37bc122
[2026-02-09T12:45:23.277+0000] {taskinstance.py:2648} INFO - Exporting env vars: AIRFLOW_CTX_DAG_OWNER='***' AIRFLOW_CTX_DAG_ID='stock_raw_aapl' AIRFLOW_CTX_TASK_ID='download_and_load_raw' AIRFLOW_CTX_EXECUTION_DATE='2025-10-19T00:00:00+00:00' AIRFLOW_CTX_TRY_NUMBER='1' AIRFLOW_CTX_DAG_RUN_ID='scheduled__2025-10-19T00:00:00+00:00'
[2026-02-09T12:45:23.278+0000] {taskinstance.py:430} INFO - ::endgroup::
[2026-02-09T12:45:23.289+0000] {stocks_raw_dags.py:37} INFO - 2025-10-19 00:00:00+00:00, 2025-10-20 00:00:00+00:00
[2026-02-09T12:45:23.290+0000] {logging_mixin.py:188} INFO - [RAW] Download AAPL [1d] 2025-10-18..2025-10-20
[2026-02-09T12:45:23.292+0000] {logging_mixin.py:188} WARNING - /opt/***/dags/stocks_dwh/raw/stocks_raw_dags.py:42 FutureWarning: YF.download() has changed argument auto_adjust default to True
[2026-02-09T12:45:23.300+0000] {logging_mixin.py:188} WARNING - /home/***/.local/lib/python3.12/site-packages/yfinance/scrapers/history.py:204 Pandas4Warning: Timestamp.utcnow is deprecated and will be removed in a future version. Use Timestamp.now('UTC') instead.
[2026-02-09T12:45:23.882+0000] {logging_mixin.py:188} WARNING - [*********************100%***********************]  1 of 1 completed
[2026-02-09T12:45:23.883+0000] {multi.py:185} ERROR - 
1 Failed download:
[2026-02-09T12:45:23.883+0000] {multi.py:198} ERROR - ['AAPL']: YFPricesMissingError('possibly delisted; no price data found  (1d 2025-10-18 -> 2025-10-20)')
[2026-02-09T12:45:23.898+0000] {logging_mixin.py:188} INFO - [RAW] No data from yfinance
[2026-02-09T12:45:23.899+0000] {python.py:237} INFO - Done. Returned value was: None
[2026-02-09T12:45:23.899+0000] {taskinstance.py:441} INFO - ::group::Post task execution logs
[2026-02-09T12:45:23.910+0000] {taskinstance.py:1206} INFO - Marking task as SUCCESS. dag_id=stock_raw_aapl, task_id=download_and_load_raw, run_id=scheduled__2025-10-19T00:00:00+00:00, execution_date=20251019T000000, start_date=20260209T124523, end_date=20260209T124523
[2026-02-09T12:45:23.969+0000] {local_task_job_runner.py:243} INFO - Task exited with return code 0
[2026-02-09T12:45:23.988+0000] {taskinstance.py:3503} INFO - 0 downstream tasks scheduled from follow-on schedule check
[2026-02-09T12:45:23.991+0000] {local_task_job_runner.py:222} INFO - ::endgroup::
