[2026-02-09T12:11:04.056+0000] {local_task_job_runner.py:120} INFO - ::group::Pre task execution logs
[2026-02-09T12:11:04.084+0000] {taskinstance.py:2076} INFO - Dependencies all met for dep_context=non-requeueable deps ti=<TaskInstance: stock_raw_aapl.download_and_load_raw scheduled__2024-01-16T00:00:00+00:00 [queued]>
[2026-02-09T12:11:04.091+0000] {taskinstance.py:2076} INFO - Dependencies all met for dep_context=requeueable deps ti=<TaskInstance: stock_raw_aapl.download_and_load_raw scheduled__2024-01-16T00:00:00+00:00 [queued]>
[2026-02-09T12:11:04.092+0000] {taskinstance.py:2306} INFO - Starting attempt 1 of 1
[2026-02-09T12:11:04.102+0000] {taskinstance.py:2330} INFO - Executing <Task(PythonOperator): download_and_load_raw> on 2024-01-16 00:00:00+00:00
[2026-02-09T12:11:04.114+0000] {logging_mixin.py:188} WARNING - /home/***/.local/lib/python3.12/site-packages/***/task/task_runner/standard_task_runner.py:62 DeprecationWarning: This process (pid=13517) is multi-threaded, use of fork() may lead to deadlocks in the child.
[2026-02-09T12:11:04.116+0000] {standard_task_runner.py:64} INFO - Started process 13522 to run task
[2026-02-09T12:11:04.115+0000] {standard_task_runner.py:90} INFO - Running: ['***', 'tasks', 'run', 'stock_raw_aapl', 'download_and_load_raw', 'scheduled__2024-01-16T00:00:00+00:00', '--job-id', '6782', '--raw', '--subdir', 'DAGS_FOLDER/stocks_dwh/raw/stocks_raw_dags.py', '--cfg-path', '/tmp/tmppoi2kpyr']
[2026-02-09T12:11:04.117+0000] {standard_task_runner.py:91} INFO - Job 6782: Subtask download_and_load_raw
[2026-02-09T12:11:04.177+0000] {task_command.py:426} INFO - Running <TaskInstance: stock_raw_aapl.download_and_load_raw scheduled__2024-01-16T00:00:00+00:00 [running]> on host 4886d37bc122
[2026-02-09T12:11:04.267+0000] {taskinstance.py:2648} INFO - Exporting env vars: AIRFLOW_CTX_DAG_OWNER='***' AIRFLOW_CTX_DAG_ID='stock_raw_aapl' AIRFLOW_CTX_TASK_ID='download_and_load_raw' AIRFLOW_CTX_EXECUTION_DATE='2024-01-16T00:00:00+00:00' AIRFLOW_CTX_TRY_NUMBER='1' AIRFLOW_CTX_DAG_RUN_ID='scheduled__2024-01-16T00:00:00+00:00'
[2026-02-09T12:11:04.268+0000] {taskinstance.py:430} INFO - ::endgroup::
[2026-02-09T12:11:04.279+0000] {stocks_raw_dags.py:37} INFO - 2024-01-16 00:00:00+00:00, 2024-01-17 00:00:00+00:00
[2026-02-09T12:11:04.279+0000] {logging_mixin.py:188} INFO - [RAW] Download AAPL [1d] 2024-01-15..2024-01-17
[2026-02-09T12:11:04.281+0000] {logging_mixin.py:188} WARNING - /opt/***/dags/stocks_dwh/raw/stocks_raw_dags.py:42 FutureWarning: YF.download() has changed argument auto_adjust default to True
[2026-02-09T12:11:04.289+0000] {logging_mixin.py:188} WARNING - /home/***/.local/lib/python3.12/site-packages/yfinance/scrapers/history.py:204 Pandas4Warning: Timestamp.utcnow is deprecated and will be removed in a future version. Use Timestamp.now('UTC') instead.
[2026-02-09T12:11:04.826+0000] {logging_mixin.py:188} WARNING - [*********************100%***********************]  1 of 1 completed
[2026-02-09T12:11:04.861+0000] {base.py:84} INFO - Using connection ID 'dwh_clickhouse' for task execution.
[2026-02-09T12:11:04.884+0000] {logging_mixin.py:188} INFO - [RAW] Deleted existing rows for AAPL in 2024-01-15..2024-01-17
[2026-02-09T12:11:04.898+0000] {logging_mixin.py:188} INFO - [RAW] Inserted 1 rows into dwh.raw_stock_prices
[2026-02-09T12:11:04.899+0000] {python.py:237} INFO - Done. Returned value was: None
[2026-02-09T12:11:04.900+0000] {taskinstance.py:441} INFO - ::group::Post task execution logs
[2026-02-09T12:11:04.910+0000] {taskinstance.py:1206} INFO - Marking task as SUCCESS. dag_id=stock_raw_aapl, task_id=download_and_load_raw, run_id=scheduled__2024-01-16T00:00:00+00:00, execution_date=20240116T000000, start_date=20260209T121104, end_date=20260209T121104
[2026-02-09T12:11:04.973+0000] {local_task_job_runner.py:243} INFO - Task exited with return code 0
[2026-02-09T12:11:04.989+0000] {taskinstance.py:3503} INFO - 0 downstream tasks scheduled from follow-on schedule check
[2026-02-09T12:11:04.991+0000] {local_task_job_runner.py:222} INFO - ::endgroup::
