[2026-02-09T10:33:02.573+0000] {local_task_job_runner.py:120} INFO - ::group::Pre task execution logs
[2026-02-09T10:33:02.608+0000] {taskinstance.py:2076} INFO - Dependencies all met for dep_context=non-requeueable deps ti=<TaskInstance: stock_raw_aapl.download_and_load_raw scheduled__2025-04-06T00:00:00+00:00 [queued]>
[2026-02-09T10:33:02.616+0000] {taskinstance.py:2076} INFO - Dependencies all met for dep_context=requeueable deps ti=<TaskInstance: stock_raw_aapl.download_and_load_raw scheduled__2025-04-06T00:00:00+00:00 [queued]>
[2026-02-09T10:33:02.618+0000] {taskinstance.py:2306} INFO - Starting attempt 1 of 1
[2026-02-09T10:33:02.631+0000] {taskinstance.py:2330} INFO - Executing <Task(PythonOperator): download_and_load_raw> on 2025-04-06 00:00:00+00:00
[2026-02-09T10:33:02.646+0000] {logging_mixin.py:188} WARNING - /home/***/.local/lib/python3.12/site-packages/***/task/task_runner/standard_task_runner.py:62 DeprecationWarning: This process (pid=4494) is multi-threaded, use of fork() may lead to deadlocks in the child.
[2026-02-09T10:33:02.646+0000] {standard_task_runner.py:90} INFO - Running: ['***', 'tasks', 'run', 'stock_raw_aapl', 'download_and_load_raw', 'scheduled__2025-04-06T00:00:00+00:00', '--job-id', '5116', '--raw', '--subdir', 'DAGS_FOLDER/stocks_dwh/raw/stocks_raw_dags.py', '--cfg-path', '/tmp/tmpd7ix9kpx']
[2026-02-09T10:33:02.648+0000] {standard_task_runner.py:64} INFO - Started process 4500 to run task
[2026-02-09T10:33:02.648+0000] {standard_task_runner.py:91} INFO - Job 5116: Subtask download_and_load_raw
[2026-02-09T10:33:02.725+0000] {task_command.py:426} INFO - Running <TaskInstance: stock_raw_aapl.download_and_load_raw scheduled__2025-04-06T00:00:00+00:00 [running]> on host 4886d37bc122
[2026-02-09T10:33:02.834+0000] {taskinstance.py:2648} INFO - Exporting env vars: AIRFLOW_CTX_DAG_OWNER='***' AIRFLOW_CTX_DAG_ID='stock_raw_aapl' AIRFLOW_CTX_TASK_ID='download_and_load_raw' AIRFLOW_CTX_EXECUTION_DATE='2025-04-06T00:00:00+00:00' AIRFLOW_CTX_TRY_NUMBER='1' AIRFLOW_CTX_DAG_RUN_ID='scheduled__2025-04-06T00:00:00+00:00'
[2026-02-09T10:33:02.836+0000] {taskinstance.py:430} INFO - ::endgroup::
[2026-02-09T10:33:02.850+0000] {logging_mixin.py:188} INFO - [RAW] Download AAPL [1d] 2025-04-06..2025-04-07
[2026-02-09T10:33:02.852+0000] {logging_mixin.py:188} WARNING - /opt/***/dags/stocks_dwh/raw/stocks_raw_dags.py:38 FutureWarning: YF.download() has changed argument auto_adjust default to True
[2026-02-09T10:33:02.861+0000] {logging_mixin.py:188} WARNING - /home/***/.local/lib/python3.12/site-packages/yfinance/scrapers/history.py:204 Pandas4Warning: Timestamp.utcnow is deprecated and will be removed in a future version. Use Timestamp.now('UTC') instead.
[2026-02-09T10:33:03.381+0000] {multi.py:185} ERROR - 
1 Failed download:
[2026-02-09T10:33:03.382+0000] {multi.py:198} ERROR - ['AAPL']: YFPricesMissingError('possibly delisted; no price data found  (1d 2025-04-06 -> 2025-04-07)')
[2026-02-09T10:33:03.403+0000] {logging_mixin.py:188} INFO - [RAW] No data from yfinance
[2026-02-09T10:33:03.404+0000] {python.py:237} INFO - Done. Returned value was: None
[2026-02-09T10:33:03.405+0000] {taskinstance.py:441} INFO - ::group::Post task execution logs
[2026-02-09T10:33:03.417+0000] {taskinstance.py:1206} INFO - Marking task as SUCCESS. dag_id=stock_raw_aapl, task_id=download_and_load_raw, run_id=scheduled__2025-04-06T00:00:00+00:00, execution_date=20250406T000000, start_date=20260209T103302, end_date=20260209T103303
[2026-02-09T10:33:03.464+0000] {local_task_job_runner.py:243} INFO - Task exited with return code 0
[2026-02-09T10:33:03.485+0000] {taskinstance.py:3503} INFO - 0 downstream tasks scheduled from follow-on schedule check
[2026-02-09T10:33:03.488+0000] {local_task_job_runner.py:222} INFO - ::endgroup::
[2026-02-09T12:35:12.407+0000] {local_task_job_runner.py:120} INFO - ::group::Pre task execution logs
[2026-02-09T12:35:12.442+0000] {taskinstance.py:2076} INFO - Dependencies all met for dep_context=non-requeueable deps ti=<TaskInstance: stock_raw_aapl.download_and_load_raw scheduled__2025-04-06T00:00:00+00:00 [queued]>
[2026-02-09T12:35:12.451+0000] {taskinstance.py:2076} INFO - Dependencies all met for dep_context=requeueable deps ti=<TaskInstance: stock_raw_aapl.download_and_load_raw scheduled__2025-04-06T00:00:00+00:00 [queued]>
[2026-02-09T12:35:12.452+0000] {taskinstance.py:2306} INFO - Starting attempt 1 of 1
[2026-02-09T12:35:12.471+0000] {taskinstance.py:2330} INFO - Executing <Task(PythonOperator): download_and_load_raw> on 2025-04-06 00:00:00+00:00
[2026-02-09T12:35:12.485+0000] {logging_mixin.py:188} WARNING - /home/***/.local/lib/python3.12/site-packages/***/task/task_runner/standard_task_runner.py:62 DeprecationWarning: This process (pid=17582) is multi-threaded, use of fork() may lead to deadlocks in the child.
[2026-02-09T12:35:12.487+0000] {standard_task_runner.py:64} INFO - Started process 17584 to run task
[2026-02-09T12:35:12.485+0000] {standard_task_runner.py:90} INFO - Running: ['***', 'tasks', 'run', 'stock_raw_aapl', 'download_and_load_raw', 'scheduled__2025-04-06T00:00:00+00:00', '--job-id', '7653', '--raw', '--subdir', 'DAGS_FOLDER/stocks_dwh/raw/stocks_raw_dags.py', '--cfg-path', '/tmp/tmp_eayog91']
[2026-02-09T12:35:12.488+0000] {standard_task_runner.py:91} INFO - Job 7653: Subtask download_and_load_raw
[2026-02-09T12:35:12.561+0000] {task_command.py:426} INFO - Running <TaskInstance: stock_raw_aapl.download_and_load_raw scheduled__2025-04-06T00:00:00+00:00 [running]> on host 4886d37bc122
[2026-02-09T12:35:12.674+0000] {taskinstance.py:2648} INFO - Exporting env vars: AIRFLOW_CTX_DAG_OWNER='***' AIRFLOW_CTX_DAG_ID='stock_raw_aapl' AIRFLOW_CTX_TASK_ID='download_and_load_raw' AIRFLOW_CTX_EXECUTION_DATE='2025-04-06T00:00:00+00:00' AIRFLOW_CTX_TRY_NUMBER='1' AIRFLOW_CTX_DAG_RUN_ID='scheduled__2025-04-06T00:00:00+00:00'
[2026-02-09T12:35:12.676+0000] {taskinstance.py:430} INFO - ::endgroup::
[2026-02-09T12:35:12.688+0000] {stocks_raw_dags.py:37} INFO - 2025-04-06 00:00:00+00:00, 2025-04-07 00:00:00+00:00
[2026-02-09T12:35:12.689+0000] {logging_mixin.py:188} INFO - [RAW] Download AAPL [1d] 2025-04-05..2025-04-07
[2026-02-09T12:35:12.692+0000] {logging_mixin.py:188} WARNING - /opt/***/dags/stocks_dwh/raw/stocks_raw_dags.py:42 FutureWarning: YF.download() has changed argument auto_adjust default to True
[2026-02-09T12:35:12.704+0000] {logging_mixin.py:188} WARNING - /home/***/.local/lib/python3.12/site-packages/yfinance/scrapers/history.py:204 Pandas4Warning: Timestamp.utcnow is deprecated and will be removed in a future version. Use Timestamp.now('UTC') instead.
[2026-02-09T12:35:13.213+0000] {logging_mixin.py:188} WARNING - [*********************100%***********************]  1 of 1 completed
[2026-02-09T12:35:13.214+0000] {multi.py:185} ERROR - 
1 Failed download:
[2026-02-09T12:35:13.215+0000] {multi.py:198} ERROR - ['AAPL']: YFPricesMissingError('possibly delisted; no price data found  (1d 2025-04-05 -> 2025-04-07)')
[2026-02-09T12:35:13.232+0000] {logging_mixin.py:188} INFO - [RAW] No data from yfinance
[2026-02-09T12:35:13.233+0000] {python.py:237} INFO - Done. Returned value was: None
[2026-02-09T12:35:13.233+0000] {taskinstance.py:441} INFO - ::group::Post task execution logs
[2026-02-09T12:35:13.246+0000] {taskinstance.py:1206} INFO - Marking task as SUCCESS. dag_id=stock_raw_aapl, task_id=download_and_load_raw, run_id=scheduled__2025-04-06T00:00:00+00:00, execution_date=20250406T000000, start_date=20260209T123512, end_date=20260209T123513
[2026-02-09T12:35:13.305+0000] {local_task_job_runner.py:243} INFO - Task exited with return code 0
[2026-02-09T12:35:13.328+0000] {taskinstance.py:3503} INFO - 0 downstream tasks scheduled from follow-on schedule check
[2026-02-09T12:35:13.333+0000] {local_task_job_runner.py:222} INFO - ::endgroup::
