[2026-02-09T10:35:45.688+0000] {local_task_job_runner.py:120} INFO - ::group::Pre task execution logs
[2026-02-09T10:35:45.715+0000] {taskinstance.py:2076} INFO - Dependencies all met for dep_context=non-requeueable deps ti=<TaskInstance: stock_raw_aapl.download_and_load_raw scheduled__2025-05-26T00:00:00+00:00 [queued]>
[2026-02-09T10:35:45.724+0000] {taskinstance.py:2076} INFO - Dependencies all met for dep_context=requeueable deps ti=<TaskInstance: stock_raw_aapl.download_and_load_raw scheduled__2025-05-26T00:00:00+00:00 [queued]>
[2026-02-09T10:35:45.729+0000] {taskinstance.py:2306} INFO - Starting attempt 1 of 1
[2026-02-09T10:35:45.741+0000] {taskinstance.py:2330} INFO - Executing <Task(PythonOperator): download_and_load_raw> on 2025-05-26 00:00:00+00:00
[2026-02-09T10:35:45.753+0000] {logging_mixin.py:188} WARNING - /home/***/.local/lib/python3.12/site-packages/***/task/task_runner/standard_task_runner.py:62 DeprecationWarning: This process (pid=5537) is multi-threaded, use of fork() may lead to deadlocks in the child.
[2026-02-09T10:35:45.753+0000] {standard_task_runner.py:90} INFO - Running: ['***', 'tasks', 'run', 'stock_raw_aapl', 'download_and_load_raw', 'scheduled__2025-05-26T00:00:00+00:00', '--job-id', '5362', '--raw', '--subdir', 'DAGS_FOLDER/stocks_dwh/raw/stocks_raw_dags.py', '--cfg-path', '/tmp/tmp3173_teg']
[2026-02-09T10:35:45.755+0000] {standard_task_runner.py:64} INFO - Started process 5547 to run task
[2026-02-09T10:35:45.755+0000] {standard_task_runner.py:91} INFO - Job 5362: Subtask download_and_load_raw
[2026-02-09T10:35:45.828+0000] {task_command.py:426} INFO - Running <TaskInstance: stock_raw_aapl.download_and_load_raw scheduled__2025-05-26T00:00:00+00:00 [running]> on host 4886d37bc122
[2026-02-09T10:35:45.964+0000] {taskinstance.py:2648} INFO - Exporting env vars: AIRFLOW_CTX_DAG_OWNER='***' AIRFLOW_CTX_DAG_ID='stock_raw_aapl' AIRFLOW_CTX_TASK_ID='download_and_load_raw' AIRFLOW_CTX_EXECUTION_DATE='2025-05-26T00:00:00+00:00' AIRFLOW_CTX_TRY_NUMBER='1' AIRFLOW_CTX_DAG_RUN_ID='scheduled__2025-05-26T00:00:00+00:00'
[2026-02-09T10:35:45.966+0000] {taskinstance.py:430} INFO - ::endgroup::
[2026-02-09T10:35:45.979+0000] {logging_mixin.py:188} INFO - [RAW] Download AAPL [1d] 2025-05-26..2025-05-27
[2026-02-09T10:35:45.981+0000] {logging_mixin.py:188} WARNING - /opt/***/dags/stocks_dwh/raw/stocks_raw_dags.py:38 FutureWarning: YF.download() has changed argument auto_adjust default to True
[2026-02-09T10:35:45.990+0000] {logging_mixin.py:188} WARNING - /home/***/.local/lib/python3.12/site-packages/yfinance/scrapers/history.py:204 Pandas4Warning: Timestamp.utcnow is deprecated and will be removed in a future version. Use Timestamp.now('UTC') instead.
[2026-02-09T10:35:46.523+0000] {multi.py:185} ERROR - 
1 Failed download:
[2026-02-09T10:35:46.524+0000] {multi.py:198} ERROR - ['AAPL']: YFPricesMissingError('possibly delisted; no price data found  (1d 2025-05-26 -> 2025-05-27)')
[2026-02-09T10:35:46.539+0000] {logging_mixin.py:188} INFO - [RAW] No data from yfinance
[2026-02-09T10:35:46.540+0000] {python.py:237} INFO - Done. Returned value was: None
[2026-02-09T10:35:46.540+0000] {taskinstance.py:441} INFO - ::group::Post task execution logs
[2026-02-09T10:35:46.550+0000] {taskinstance.py:1206} INFO - Marking task as SUCCESS. dag_id=stock_raw_aapl, task_id=download_and_load_raw, run_id=scheduled__2025-05-26T00:00:00+00:00, execution_date=20250526T000000, start_date=20260209T103545, end_date=20260209T103546
[2026-02-09T10:35:46.611+0000] {local_task_job_runner.py:243} INFO - Task exited with return code 0
[2026-02-09T10:35:46.627+0000] {taskinstance.py:3503} INFO - 0 downstream tasks scheduled from follow-on schedule check
[2026-02-09T10:35:46.629+0000] {local_task_job_runner.py:222} INFO - ::endgroup::
[2026-02-09T12:37:48.596+0000] {local_task_job_runner.py:120} INFO - ::group::Pre task execution logs
[2026-02-09T12:37:48.623+0000] {taskinstance.py:2076} INFO - Dependencies all met for dep_context=non-requeueable deps ti=<TaskInstance: stock_raw_aapl.download_and_load_raw scheduled__2025-05-26T00:00:00+00:00 [queued]>
[2026-02-09T12:37:48.630+0000] {taskinstance.py:2076} INFO - Dependencies all met for dep_context=requeueable deps ti=<TaskInstance: stock_raw_aapl.download_and_load_raw scheduled__2025-05-26T00:00:00+00:00 [queued]>
[2026-02-09T12:37:48.631+0000] {taskinstance.py:2306} INFO - Starting attempt 1 of 1
[2026-02-09T12:37:48.644+0000] {taskinstance.py:2330} INFO - Executing <Task(PythonOperator): download_and_load_raw> on 2025-05-26 00:00:00+00:00
[2026-02-09T12:37:48.656+0000] {logging_mixin.py:188} WARNING - /home/***/.local/lib/python3.12/site-packages/***/task/task_runner/standard_task_runner.py:62 DeprecationWarning: This process (pid=17843) is multi-threaded, use of fork() may lead to deadlocks in the child.
[2026-02-09T12:37:48.657+0000] {standard_task_runner.py:64} INFO - Started process 17845 to run task
[2026-02-09T12:37:48.655+0000] {standard_task_runner.py:90} INFO - Running: ['***', 'tasks', 'run', 'stock_raw_aapl', 'download_and_load_raw', 'scheduled__2025-05-26T00:00:00+00:00', '--job-id', '7703', '--raw', '--subdir', 'DAGS_FOLDER/stocks_dwh/raw/stocks_raw_dags.py', '--cfg-path', '/tmp/tmpiu833oz8']
[2026-02-09T12:37:48.658+0000] {standard_task_runner.py:91} INFO - Job 7703: Subtask download_and_load_raw
[2026-02-09T12:37:48.717+0000] {task_command.py:426} INFO - Running <TaskInstance: stock_raw_aapl.download_and_load_raw scheduled__2025-05-26T00:00:00+00:00 [running]> on host 4886d37bc122
[2026-02-09T12:37:48.810+0000] {taskinstance.py:2648} INFO - Exporting env vars: AIRFLOW_CTX_DAG_OWNER='***' AIRFLOW_CTX_DAG_ID='stock_raw_aapl' AIRFLOW_CTX_TASK_ID='download_and_load_raw' AIRFLOW_CTX_EXECUTION_DATE='2025-05-26T00:00:00+00:00' AIRFLOW_CTX_TRY_NUMBER='1' AIRFLOW_CTX_DAG_RUN_ID='scheduled__2025-05-26T00:00:00+00:00'
[2026-02-09T12:37:48.811+0000] {taskinstance.py:430} INFO - ::endgroup::
[2026-02-09T12:37:48.822+0000] {stocks_raw_dags.py:37} INFO - 2025-05-26 00:00:00+00:00, 2025-05-27 00:00:00+00:00
[2026-02-09T12:37:48.822+0000] {logging_mixin.py:188} INFO - [RAW] Download AAPL [1d] 2025-05-25..2025-05-27
[2026-02-09T12:37:48.824+0000] {logging_mixin.py:188} WARNING - /opt/***/dags/stocks_dwh/raw/stocks_raw_dags.py:42 FutureWarning: YF.download() has changed argument auto_adjust default to True
[2026-02-09T12:37:48.832+0000] {logging_mixin.py:188} WARNING - /home/***/.local/lib/python3.12/site-packages/yfinance/scrapers/history.py:204 Pandas4Warning: Timestamp.utcnow is deprecated and will be removed in a future version. Use Timestamp.now('UTC') instead.
[2026-02-09T12:37:49.352+0000] {logging_mixin.py:188} WARNING - [*********************100%***********************]  1 of 1 completed
[2026-02-09T12:37:49.353+0000] {multi.py:185} ERROR - 
1 Failed download:
[2026-02-09T12:37:49.353+0000] {multi.py:198} ERROR - ['AAPL']: YFPricesMissingError('possibly delisted; no price data found  (1d 2025-05-25 -> 2025-05-27)')
[2026-02-09T12:37:49.364+0000] {logging_mixin.py:188} INFO - [RAW] No data from yfinance
[2026-02-09T12:37:49.364+0000] {python.py:237} INFO - Done. Returned value was: None
[2026-02-09T12:37:49.365+0000] {taskinstance.py:441} INFO - ::group::Post task execution logs
[2026-02-09T12:37:49.374+0000] {taskinstance.py:1206} INFO - Marking task as SUCCESS. dag_id=stock_raw_aapl, task_id=download_and_load_raw, run_id=scheduled__2025-05-26T00:00:00+00:00, execution_date=20250526T000000, start_date=20260209T123748, end_date=20260209T123749
[2026-02-09T12:37:49.433+0000] {local_task_job_runner.py:243} INFO - Task exited with return code 0
[2026-02-09T12:37:49.449+0000] {taskinstance.py:3503} INFO - 0 downstream tasks scheduled from follow-on schedule check
[2026-02-09T12:37:49.452+0000] {local_task_job_runner.py:222} INFO - ::endgroup::
