[2026-02-09T10:39:50.816+0000] {local_task_job_runner.py:120} INFO - ::group::Pre task execution logs
[2026-02-09T10:39:50.844+0000] {taskinstance.py:2076} INFO - Dependencies all met for dep_context=non-requeueable deps ti=<TaskInstance: stock_raw_aapl.download_and_load_raw scheduled__2025-08-09T00:00:00+00:00 [queued]>
[2026-02-09T10:39:50.852+0000] {taskinstance.py:2076} INFO - Dependencies all met for dep_context=requeueable deps ti=<TaskInstance: stock_raw_aapl.download_and_load_raw scheduled__2025-08-09T00:00:00+00:00 [queued]>
[2026-02-09T10:39:50.853+0000] {taskinstance.py:2306} INFO - Starting attempt 1 of 1
[2026-02-09T10:39:50.864+0000] {taskinstance.py:2330} INFO - Executing <Task(PythonOperator): download_and_load_raw> on 2025-08-09 00:00:00+00:00
[2026-02-09T10:39:50.876+0000] {logging_mixin.py:188} WARNING - /home/***/.local/lib/python3.12/site-packages/***/task/task_runner/standard_task_runner.py:62 DeprecationWarning: This process (pid=7126) is multi-threaded, use of fork() may lead to deadlocks in the child.
[2026-02-09T10:39:50.877+0000] {standard_task_runner.py:90} INFO - Running: ['***', 'tasks', 'run', 'stock_raw_aapl', 'download_and_load_raw', 'scheduled__2025-08-09T00:00:00+00:00', '--job-id', '5733', '--raw', '--subdir', 'DAGS_FOLDER/stocks_dwh/raw/stocks_raw_dags.py', '--cfg-path', '/tmp/tmpiimdnqso']
[2026-02-09T10:39:50.880+0000] {standard_task_runner.py:64} INFO - Started process 7135 to run task
[2026-02-09T10:39:50.880+0000] {standard_task_runner.py:91} INFO - Job 5733: Subtask download_and_load_raw
[2026-02-09T10:39:50.941+0000] {task_command.py:426} INFO - Running <TaskInstance: stock_raw_aapl.download_and_load_raw scheduled__2025-08-09T00:00:00+00:00 [running]> on host 4886d37bc122
[2026-02-09T10:39:51.032+0000] {taskinstance.py:2648} INFO - Exporting env vars: AIRFLOW_CTX_DAG_OWNER='***' AIRFLOW_CTX_DAG_ID='stock_raw_aapl' AIRFLOW_CTX_TASK_ID='download_and_load_raw' AIRFLOW_CTX_EXECUTION_DATE='2025-08-09T00:00:00+00:00' AIRFLOW_CTX_TRY_NUMBER='1' AIRFLOW_CTX_DAG_RUN_ID='scheduled__2025-08-09T00:00:00+00:00'
[2026-02-09T10:39:51.034+0000] {taskinstance.py:430} INFO - ::endgroup::
[2026-02-09T10:39:51.044+0000] {logging_mixin.py:188} INFO - [RAW] Download AAPL [1d] 2025-08-09..2025-08-10
[2026-02-09T10:39:51.046+0000] {logging_mixin.py:188} WARNING - /opt/***/dags/stocks_dwh/raw/stocks_raw_dags.py:38 FutureWarning: YF.download() has changed argument auto_adjust default to True
[2026-02-09T10:39:51.055+0000] {logging_mixin.py:188} WARNING - /home/***/.local/lib/python3.12/site-packages/yfinance/scrapers/history.py:204 Pandas4Warning: Timestamp.utcnow is deprecated and will be removed in a future version. Use Timestamp.now('UTC') instead.
[2026-02-09T10:39:51.907+0000] {multi.py:185} ERROR - 
1 Failed download:
[2026-02-09T10:39:51.908+0000] {multi.py:198} ERROR - ['AAPL']: YFPricesMissingError('possibly delisted; no price data found  (1d 2025-08-09 -> 2025-08-10)')
[2026-02-09T10:39:51.920+0000] {logging_mixin.py:188} INFO - [RAW] No data from yfinance
[2026-02-09T10:39:51.920+0000] {python.py:237} INFO - Done. Returned value was: None
[2026-02-09T10:39:51.921+0000] {taskinstance.py:441} INFO - ::group::Post task execution logs
[2026-02-09T10:39:51.929+0000] {taskinstance.py:1206} INFO - Marking task as SUCCESS. dag_id=stock_raw_aapl, task_id=download_and_load_raw, run_id=scheduled__2025-08-09T00:00:00+00:00, execution_date=20250809T000000, start_date=20260209T103950, end_date=20260209T103951
[2026-02-09T10:39:51.979+0000] {local_task_job_runner.py:243} INFO - Task exited with return code 0
[2026-02-09T10:39:51.994+0000] {taskinstance.py:3503} INFO - 0 downstream tasks scheduled from follow-on schedule check
[2026-02-09T10:39:51.996+0000] {local_task_job_runner.py:222} INFO - ::endgroup::
[2026-02-09T12:41:42.779+0000] {local_task_job_runner.py:120} INFO - ::group::Pre task execution logs
[2026-02-09T12:41:42.806+0000] {taskinstance.py:2076} INFO - Dependencies all met for dep_context=non-requeueable deps ti=<TaskInstance: stock_raw_aapl.download_and_load_raw scheduled__2025-08-09T00:00:00+00:00 [queued]>
[2026-02-09T12:41:42.814+0000] {taskinstance.py:2076} INFO - Dependencies all met for dep_context=requeueable deps ti=<TaskInstance: stock_raw_aapl.download_and_load_raw scheduled__2025-08-09T00:00:00+00:00 [queued]>
[2026-02-09T12:41:42.814+0000] {taskinstance.py:2306} INFO - Starting attempt 1 of 1
[2026-02-09T12:41:42.826+0000] {taskinstance.py:2330} INFO - Executing <Task(PythonOperator): download_and_load_raw> on 2025-08-09 00:00:00+00:00
[2026-02-09T12:41:42.837+0000] {logging_mixin.py:188} WARNING - /home/***/.local/lib/python3.12/site-packages/***/task/task_runner/standard_task_runner.py:62 DeprecationWarning: This process (pid=18233) is multi-threaded, use of fork() may lead to deadlocks in the child.
[2026-02-09T12:41:42.838+0000] {standard_task_runner.py:64} INFO - Started process 18235 to run task
[2026-02-09T12:41:42.837+0000] {standard_task_runner.py:90} INFO - Running: ['***', 'tasks', 'run', 'stock_raw_aapl', 'download_and_load_raw', 'scheduled__2025-08-09T00:00:00+00:00', '--job-id', '7778', '--raw', '--subdir', 'DAGS_FOLDER/stocks_dwh/raw/stocks_raw_dags.py', '--cfg-path', '/tmp/tmppuoo1jb8']
[2026-02-09T12:41:42.839+0000] {standard_task_runner.py:91} INFO - Job 7778: Subtask download_and_load_raw
[2026-02-09T12:41:42.896+0000] {task_command.py:426} INFO - Running <TaskInstance: stock_raw_aapl.download_and_load_raw scheduled__2025-08-09T00:00:00+00:00 [running]> on host 4886d37bc122
[2026-02-09T12:41:42.984+0000] {taskinstance.py:2648} INFO - Exporting env vars: AIRFLOW_CTX_DAG_OWNER='***' AIRFLOW_CTX_DAG_ID='stock_raw_aapl' AIRFLOW_CTX_TASK_ID='download_and_load_raw' AIRFLOW_CTX_EXECUTION_DATE='2025-08-09T00:00:00+00:00' AIRFLOW_CTX_TRY_NUMBER='1' AIRFLOW_CTX_DAG_RUN_ID='scheduled__2025-08-09T00:00:00+00:00'
[2026-02-09T12:41:42.986+0000] {taskinstance.py:430} INFO - ::endgroup::
[2026-02-09T12:41:42.995+0000] {stocks_raw_dags.py:37} INFO - 2025-08-09 00:00:00+00:00, 2025-08-10 00:00:00+00:00
[2026-02-09T12:41:42.996+0000] {logging_mixin.py:188} INFO - [RAW] Download AAPL [1d] 2025-08-08..2025-08-10
[2026-02-09T12:41:42.998+0000] {logging_mixin.py:188} WARNING - /opt/***/dags/stocks_dwh/raw/stocks_raw_dags.py:42 FutureWarning: YF.download() has changed argument auto_adjust default to True
[2026-02-09T12:41:43.039+0000] {logging_mixin.py:188} WARNING - /home/***/.local/lib/python3.12/site-packages/yfinance/scrapers/history.py:204 Pandas4Warning: Timestamp.utcnow is deprecated and will be removed in a future version. Use Timestamp.now('UTC') instead.
[2026-02-09T12:41:43.539+0000] {logging_mixin.py:188} WARNING - [*********************100%***********************]  1 of 1 completed
[2026-02-09T12:41:43.573+0000] {base.py:84} INFO - Using connection ID 'dwh_clickhouse' for task execution.
[2026-02-09T12:41:43.602+0000] {logging_mixin.py:188} INFO - [RAW] Deleted existing rows for AAPL in 2025-08-08..2025-08-10
[2026-02-09T12:41:43.614+0000] {logging_mixin.py:188} INFO - [RAW] Inserted 1 rows into dwh.raw_stock_prices
[2026-02-09T12:41:43.615+0000] {python.py:237} INFO - Done. Returned value was: None
[2026-02-09T12:41:43.615+0000] {taskinstance.py:441} INFO - ::group::Post task execution logs
[2026-02-09T12:41:43.627+0000] {taskinstance.py:1206} INFO - Marking task as SUCCESS. dag_id=stock_raw_aapl, task_id=download_and_load_raw, run_id=scheduled__2025-08-09T00:00:00+00:00, execution_date=20250809T000000, start_date=20260209T124142, end_date=20260209T124143
[2026-02-09T12:41:43.694+0000] {local_task_job_runner.py:243} INFO - Task exited with return code 0
[2026-02-09T12:41:43.714+0000] {taskinstance.py:3503} INFO - 0 downstream tasks scheduled from follow-on schedule check
[2026-02-09T12:41:43.718+0000] {local_task_job_runner.py:222} INFO - ::endgroup::
