[2026-02-09T10:13:00.667+0000] {local_task_job_runner.py:120} INFO - ::group::Pre task execution logs
[2026-02-09T10:13:00.701+0000] {taskinstance.py:2076} INFO - Dependencies all met for dep_context=non-requeueable deps ti=<TaskInstance: stock_raw_aapl.download_and_load_raw scheduled__2024-05-06T00:00:00+00:00 [queued]>
[2026-02-09T10:13:00.710+0000] {taskinstance.py:2076} INFO - Dependencies all met for dep_context=requeueable deps ti=<TaskInstance: stock_raw_aapl.download_and_load_raw scheduled__2024-05-06T00:00:00+00:00 [queued]>
[2026-02-09T10:13:00.711+0000] {taskinstance.py:2306} INFO - Starting attempt 1 of 1
[2026-02-09T10:13:00.724+0000] {taskinstance.py:2330} INFO - Executing <Task(PythonOperator): download_and_load_raw> on 2024-05-06 00:00:00+00:00
[2026-02-09T10:13:00.741+0000] {logging_mixin.py:188} WARNING - /home/***/.local/lib/python3.12/site-packages/***/task/task_runner/standard_task_runner.py:62 DeprecationWarning: This process (pid=3648) is multi-threaded, use of fork() may lead to deadlocks in the child.
[2026-02-09T10:13:00.741+0000] {standard_task_runner.py:90} INFO - Running: ['***', 'tasks', 'run', 'stock_raw_aapl', 'download_and_load_raw', 'scheduled__2024-05-06T00:00:00+00:00', '--job-id', '3453', '--raw', '--subdir', 'DAGS_FOLDER/stocks_dwh/raw/stocks_raw_dags.py', '--cfg-path', '/tmp/tmptb2ug5yq']
[2026-02-09T10:13:00.746+0000] {standard_task_runner.py:64} INFO - Started process 3664 to run task
[2026-02-09T10:13:00.746+0000] {standard_task_runner.py:91} INFO - Job 3453: Subtask download_and_load_raw
[2026-02-09T10:13:00.822+0000] {task_command.py:426} INFO - Running <TaskInstance: stock_raw_aapl.download_and_load_raw scheduled__2024-05-06T00:00:00+00:00 [running]> on host b6b9e92e7d61
[2026-02-09T10:13:00.922+0000] {taskinstance.py:2648} INFO - Exporting env vars: AIRFLOW_CTX_DAG_OWNER='***' AIRFLOW_CTX_DAG_ID='stock_raw_aapl' AIRFLOW_CTX_TASK_ID='download_and_load_raw' AIRFLOW_CTX_EXECUTION_DATE='2024-05-06T00:00:00+00:00' AIRFLOW_CTX_TRY_NUMBER='1' AIRFLOW_CTX_DAG_RUN_ID='scheduled__2024-05-06T00:00:00+00:00'
[2026-02-09T10:13:00.927+0000] {taskinstance.py:430} INFO - ::endgroup::
[2026-02-09T10:13:00.940+0000] {logging_mixin.py:188} INFO - [RAW] Download AAPL [1d] 2024-05-06..2024-05-07
[2026-02-09T10:13:00.944+0000] {logging_mixin.py:188} WARNING - /opt/***/dags/stocks_dwh/raw/stocks_raw_dags.py:38 FutureWarning: YF.download() has changed argument auto_adjust default to True
[2026-02-09T10:13:00.955+0000] {logging_mixin.py:188} WARNING - /home/***/.local/lib/python3.12/site-packages/yfinance/scrapers/history.py:204 Pandas4Warning: Timestamp.utcnow is deprecated and will be removed in a future version. Use Timestamp.now('UTC') instead.
[2026-02-09T10:13:01.476+0000] {taskinstance.py:441} INFO - ::group::Post task execution logs
[2026-02-09T10:13:01.476+0000] {taskinstance.py:2905} ERROR - Task failed with exception
Traceback (most recent call last):
  File "/home/airflow/.local/lib/python3.12/site-packages/airflow/models/taskinstance.py", line 465, in _execute_task
    result = _execute_callable(context=context, **execute_callable_kwargs)
             ^^^^^^^^^^^^^^^^^^^^^^^^^^^^^^^^^^^^^^^^^^^^^^^^^^^^^^^^^^^^^
  File "/home/airflow/.local/lib/python3.12/site-packages/airflow/models/taskinstance.py", line 432, in _execute_callable
    return execute_callable(context=context, **execute_callable_kwargs)
           ^^^^^^^^^^^^^^^^^^^^^^^^^^^^^^^^^^^^^^^^^^^^^^^^^^^^^^^^^^^^
  File "/home/airflow/.local/lib/python3.12/site-packages/airflow/models/baseoperator.py", line 401, in wrapper
    return func(self, *args, **kwargs)
           ^^^^^^^^^^^^^^^^^^^^^^^^^^^
  File "/home/airflow/.local/lib/python3.12/site-packages/airflow/operators/python.py", line 235, in execute
    return_value = self.execute_callable()
                   ^^^^^^^^^^^^^^^^^^^^^^^
  File "/home/airflow/.local/lib/python3.12/site-packages/airflow/operators/python.py", line 252, in execute_callable
    return self.python_callable(*self.op_args, **self.op_kwargs)
           ^^^^^^^^^^^^^^^^^^^^^^^^^^^^^^^^^^^^^^^^^^^^^^^^^^^^^
  File "/opt/airflow/dags/stocks_dwh/raw/stocks_raw_dags.py", line 86, in download_and_load_raw
    df["volume"] = pd.to_numeric(df["volume"], errors="coerce").fillna(0).astype("int64")
                   ^^^^^^^^^^^^^^^^^^^^^^^^^^^^^^^^^^^^^^^^^^^^
  File "/home/airflow/.local/lib/python3.12/site-packages/pandas/core/tools/numeric.py", line 212, in to_numeric
    raise TypeError("arg must be a list, tuple, 1-d array, or Series")
TypeError: arg must be a list, tuple, 1-d array, or Series
[2026-02-09T10:13:01.491+0000] {taskinstance.py:1206} INFO - Marking task as FAILED. dag_id=stock_raw_aapl, task_id=download_and_load_raw, run_id=scheduled__2024-05-06T00:00:00+00:00, execution_date=20240506T000000, start_date=20260209T101300, end_date=20260209T101301
[2026-02-09T10:13:01.502+0000] {standard_task_runner.py:110} ERROR - Failed to execute job 3453 for task download_and_load_raw (arg must be a list, tuple, 1-d array, or Series; 3664)
[2026-02-09T10:13:01.523+0000] {local_task_job_runner.py:243} INFO - Task exited with return code 1
[2026-02-09T10:13:01.539+0000] {taskinstance.py:3503} INFO - 0 downstream tasks scheduled from follow-on schedule check
[2026-02-09T10:13:01.541+0000] {local_task_job_runner.py:222} INFO - ::endgroup::
[2026-02-09T12:16:48.516+0000] {local_task_job_runner.py:120} INFO - ::group::Pre task execution logs
[2026-02-09T12:16:48.545+0000] {taskinstance.py:2076} INFO - Dependencies all met for dep_context=non-requeueable deps ti=<TaskInstance: stock_raw_aapl.download_and_load_raw scheduled__2024-05-06T00:00:00+00:00 [queued]>
[2026-02-09T12:16:48.552+0000] {taskinstance.py:2076} INFO - Dependencies all met for dep_context=requeueable deps ti=<TaskInstance: stock_raw_aapl.download_and_load_raw scheduled__2024-05-06T00:00:00+00:00 [queued]>
[2026-02-09T12:16:48.553+0000] {taskinstance.py:2306} INFO - Starting attempt 1 of 1
[2026-02-09T12:16:48.564+0000] {taskinstance.py:2330} INFO - Executing <Task(PythonOperator): download_and_load_raw> on 2024-05-06 00:00:00+00:00
[2026-02-09T12:16:48.575+0000] {logging_mixin.py:188} WARNING - /home/***/.local/lib/python3.12/site-packages/***/task/task_runner/standard_task_runner.py:62 DeprecationWarning: This process (pid=14548) is multi-threaded, use of fork() may lead to deadlocks in the child.
[2026-02-09T12:16:48.576+0000] {standard_task_runner.py:64} INFO - Started process 14551 to run task
[2026-02-09T12:16:48.575+0000] {standard_task_runner.py:90} INFO - Running: ['***', 'tasks', 'run', 'stock_raw_aapl', 'download_and_load_raw', 'scheduled__2024-05-06T00:00:00+00:00', '--job-id', '7004', '--raw', '--subdir', 'DAGS_FOLDER/stocks_dwh/raw/stocks_raw_dags.py', '--cfg-path', '/tmp/tmptx6qg1ll']
[2026-02-09T12:16:48.577+0000] {standard_task_runner.py:91} INFO - Job 7004: Subtask download_and_load_raw
[2026-02-09T12:16:48.634+0000] {task_command.py:426} INFO - Running <TaskInstance: stock_raw_aapl.download_and_load_raw scheduled__2024-05-06T00:00:00+00:00 [running]> on host 4886d37bc122
[2026-02-09T12:16:48.718+0000] {taskinstance.py:2648} INFO - Exporting env vars: AIRFLOW_CTX_DAG_OWNER='***' AIRFLOW_CTX_DAG_ID='stock_raw_aapl' AIRFLOW_CTX_TASK_ID='download_and_load_raw' AIRFLOW_CTX_EXECUTION_DATE='2024-05-06T00:00:00+00:00' AIRFLOW_CTX_TRY_NUMBER='1' AIRFLOW_CTX_DAG_RUN_ID='scheduled__2024-05-06T00:00:00+00:00'
[2026-02-09T12:16:48.719+0000] {taskinstance.py:430} INFO - ::endgroup::
[2026-02-09T12:16:48.729+0000] {stocks_raw_dags.py:37} INFO - 2024-05-06 00:00:00+00:00, 2024-05-07 00:00:00+00:00
[2026-02-09T12:16:48.731+0000] {logging_mixin.py:188} INFO - [RAW] Download AAPL [1d] 2024-05-05..2024-05-07
[2026-02-09T12:16:48.733+0000] {logging_mixin.py:188} WARNING - /opt/***/dags/stocks_dwh/raw/stocks_raw_dags.py:42 FutureWarning: YF.download() has changed argument auto_adjust default to True
[2026-02-09T12:16:48.741+0000] {logging_mixin.py:188} WARNING - /home/***/.local/lib/python3.12/site-packages/yfinance/scrapers/history.py:204 Pandas4Warning: Timestamp.utcnow is deprecated and will be removed in a future version. Use Timestamp.now('UTC') instead.
[2026-02-09T12:16:49.295+0000] {logging_mixin.py:188} WARNING - [*********************100%***********************]  1 of 1 completed
[2026-02-09T12:16:49.335+0000] {base.py:84} INFO - Using connection ID 'dwh_clickhouse' for task execution.
[2026-02-09T12:16:49.358+0000] {logging_mixin.py:188} INFO - [RAW] Deleted existing rows for AAPL in 2024-05-05..2024-05-07
[2026-02-09T12:16:49.368+0000] {logging_mixin.py:188} INFO - [RAW] Inserted 1 rows into dwh.raw_stock_prices
[2026-02-09T12:16:49.369+0000] {python.py:237} INFO - Done. Returned value was: None
[2026-02-09T12:16:49.370+0000] {taskinstance.py:441} INFO - ::group::Post task execution logs
[2026-02-09T12:16:49.382+0000] {taskinstance.py:1206} INFO - Marking task as SUCCESS. dag_id=stock_raw_aapl, task_id=download_and_load_raw, run_id=scheduled__2024-05-06T00:00:00+00:00, execution_date=20240506T000000, start_date=20260209T121648, end_date=20260209T121649
[2026-02-09T12:16:49.431+0000] {local_task_job_runner.py:243} INFO - Task exited with return code 0
[2026-02-09T12:16:49.450+0000] {taskinstance.py:3503} INFO - 0 downstream tasks scheduled from follow-on schedule check
[2026-02-09T12:16:49.452+0000] {local_task_job_runner.py:222} INFO - ::endgroup::
