[2026-02-07T14:38:24.662+0000] {local_task_job_runner.py:120} INFO - ::group::Pre task execution logs
[2026-02-07T14:38:24.694+0000] {taskinstance.py:2076} INFO - Dependencies all met for dep_context=non-requeueable deps ti=<TaskInstance: stock_tsla.download scheduled__2024-12-28T00:00:00+00:00 [queued]>
[2026-02-07T14:38:24.706+0000] {taskinstance.py:2076} INFO - Dependencies all met for dep_context=requeueable deps ti=<TaskInstance: stock_tsla.download scheduled__2024-12-28T00:00:00+00:00 [queued]>
[2026-02-07T14:38:24.707+0000] {taskinstance.py:2306} INFO - Starting attempt 1 of 1
[2026-02-07T14:38:24.722+0000] {taskinstance.py:2330} INFO - Executing <Task(PythonOperator): download> on 2024-12-28 00:00:00+00:00
[2026-02-07T14:38:24.734+0000] {logging_mixin.py:188} WARNING - /home/***/.local/lib/python3.12/site-packages/***/task/task_runner/standard_task_runner.py:62 DeprecationWarning: This process (pid=6959) is multi-threaded, use of fork() may lead to deadlocks in the child.
[2026-02-07T14:38:24.735+0000] {standard_task_runner.py:64} INFO - Started process 6970 to run task
[2026-02-07T14:38:24.734+0000] {standard_task_runner.py:90} INFO - Running: ['***', 'tasks', 'run', 'stock_tsla', 'download', 'scheduled__2024-12-28T00:00:00+00:00', '--job-id', '1488', '--raw', '--subdir', 'DAGS_FOLDER/stocks_dags.py', '--cfg-path', '/tmp/tmpxzz0_rie']
[2026-02-07T14:38:24.736+0000] {standard_task_runner.py:91} INFO - Job 1488: Subtask download
[2026-02-07T14:38:24.806+0000] {task_command.py:426} INFO - Running <TaskInstance: stock_tsla.download scheduled__2024-12-28T00:00:00+00:00 [running]> on host 5adf8c44a70f
[2026-02-07T14:38:24.906+0000] {taskinstance.py:2648} INFO - Exporting env vars: AIRFLOW_CTX_DAG_OWNER='***' AIRFLOW_CTX_DAG_ID='stock_tsla' AIRFLOW_CTX_TASK_ID='download' AIRFLOW_CTX_EXECUTION_DATE='2024-12-28T00:00:00+00:00' AIRFLOW_CTX_TRY_NUMBER='1' AIRFLOW_CTX_DAG_RUN_ID='scheduled__2024-12-28T00:00:00+00:00'
[2026-02-07T14:38:24.907+0000] {taskinstance.py:430} INFO - ::endgroup::
[2026-02-07T14:38:24.918+0000] {logging_mixin.py:188} INFO - Downloading TSLA from 2024-12-28 to 2024-12-29
[2026-02-07T14:38:24.920+0000] {logging_mixin.py:188} WARNING - /opt/***/dags/stocks_dags.py:22 FutureWarning: YF.download() has changed argument auto_adjust default to True
[2026-02-07T14:38:24.929+0000] {logging_mixin.py:188} WARNING - /home/***/.local/lib/python3.12/site-packages/yfinance/scrapers/history.py:204 Pandas4Warning: Timestamp.utcnow is deprecated and will be removed in a future version. Use Timestamp.now('UTC') instead.
[2026-02-07T14:38:25.383+0000] {multi.py:185} ERROR - 
1 Failed download:
[2026-02-07T14:38:25.384+0000] {multi.py:198} ERROR - ['TSLA']: YFPricesMissingError('possibly delisted; no price data found  (1d 2024-12-28 -> 2024-12-29)')
[2026-02-07T14:38:25.406+0000] {logging_mixin.py:188} INFO - No data
[2026-02-07T14:38:25.407+0000] {python.py:237} INFO - Done. Returned value was: None
[2026-02-07T14:38:25.408+0000] {taskinstance.py:441} INFO - ::group::Post task execution logs
[2026-02-07T14:38:25.418+0000] {taskinstance.py:1206} INFO - Marking task as SUCCESS. dag_id=stock_tsla, task_id=download, run_id=scheduled__2024-12-28T00:00:00+00:00, execution_date=20241228T000000, start_date=20260207T143824, end_date=20260207T143825
[2026-02-07T14:38:25.471+0000] {local_task_job_runner.py:243} INFO - Task exited with return code 0
[2026-02-07T14:38:25.489+0000] {taskinstance.py:3503} INFO - 0 downstream tasks scheduled from follow-on schedule check
[2026-02-07T14:38:25.491+0000] {local_task_job_runner.py:222} INFO - ::endgroup::
