[2026-02-09T10:08:14.168+0000] {local_task_job_runner.py:120} INFO - ::group::Pre task execution logs
[2026-02-09T10:08:14.207+0000] {taskinstance.py:2076} INFO - Dependencies all met for dep_context=non-requeueable deps ti=<TaskInstance: stock_raw_aapl.download_and_load_raw scheduled__2024-02-18T00:00:00+00:00 [queued]>
[2026-02-09T10:08:14.218+0000] {taskinstance.py:2076} INFO - Dependencies all met for dep_context=requeueable deps ti=<TaskInstance: stock_raw_aapl.download_and_load_raw scheduled__2024-02-18T00:00:00+00:00 [queued]>
[2026-02-09T10:08:14.219+0000] {taskinstance.py:2306} INFO - Starting attempt 1 of 1
[2026-02-09T10:08:14.238+0000] {taskinstance.py:2330} INFO - Executing <Task(PythonOperator): download_and_load_raw> on 2024-02-18 00:00:00+00:00
[2026-02-09T10:08:14.255+0000] {logging_mixin.py:188} WARNING - /home/***/.local/lib/python3.12/site-packages/***/task/task_runner/standard_task_runner.py:62 DeprecationWarning: This process (pid=2009) is multi-threaded, use of fork() may lead to deadlocks in the child.
[2026-02-09T10:08:14.257+0000] {standard_task_runner.py:64} INFO - Started process 2017 to run task
[2026-02-09T10:08:14.255+0000] {standard_task_runner.py:90} INFO - Running: ['***', 'tasks', 'run', 'stock_raw_aapl', 'download_and_load_raw', 'scheduled__2024-02-18T00:00:00+00:00', '--job-id', '3072', '--raw', '--subdir', 'DAGS_FOLDER/stocks_dwh/raw/stocks_raw_dags.py', '--cfg-path', '/tmp/tmp44p27g8q']
[2026-02-09T10:08:14.258+0000] {standard_task_runner.py:91} INFO - Job 3072: Subtask download_and_load_raw
[2026-02-09T10:08:14.369+0000] {task_command.py:426} INFO - Running <TaskInstance: stock_raw_aapl.download_and_load_raw scheduled__2024-02-18T00:00:00+00:00 [running]> on host b6b9e92e7d61
[2026-02-09T10:08:14.485+0000] {taskinstance.py:2648} INFO - Exporting env vars: AIRFLOW_CTX_DAG_OWNER='***' AIRFLOW_CTX_DAG_ID='stock_raw_aapl' AIRFLOW_CTX_TASK_ID='download_and_load_raw' AIRFLOW_CTX_EXECUTION_DATE='2024-02-18T00:00:00+00:00' AIRFLOW_CTX_TRY_NUMBER='1' AIRFLOW_CTX_DAG_RUN_ID='scheduled__2024-02-18T00:00:00+00:00'
[2026-02-09T10:08:14.486+0000] {taskinstance.py:430} INFO - ::endgroup::
[2026-02-09T10:08:14.502+0000] {logging_mixin.py:188} INFO - [RAW] Download AAPL [1d] 2024-02-18..2024-02-19
[2026-02-09T10:08:14.504+0000] {logging_mixin.py:188} WARNING - /opt/***/dags/stocks_dwh/raw/stocks_raw_dags.py:38 FutureWarning: YF.download() has changed argument auto_adjust default to True
[2026-02-09T10:08:14.515+0000] {logging_mixin.py:188} WARNING - /home/***/.local/lib/python3.12/site-packages/yfinance/scrapers/history.py:204 Pandas4Warning: Timestamp.utcnow is deprecated and will be removed in a future version. Use Timestamp.now('UTC') instead.
[2026-02-09T10:08:15.254+0000] {multi.py:185} ERROR - 
1 Failed download:
[2026-02-09T10:08:15.255+0000] {multi.py:198} ERROR - ['AAPL']: YFPricesMissingError('possibly delisted; no price data found  (1d 2024-02-18 -> 2024-02-19)')
[2026-02-09T10:08:15.266+0000] {logging_mixin.py:188} INFO - [RAW] No data from yfinance
[2026-02-09T10:08:15.267+0000] {python.py:237} INFO - Done. Returned value was: None
[2026-02-09T10:08:15.268+0000] {taskinstance.py:441} INFO - ::group::Post task execution logs
[2026-02-09T10:08:15.277+0000] {taskinstance.py:1206} INFO - Marking task as SUCCESS. dag_id=stock_raw_aapl, task_id=download_and_load_raw, run_id=scheduled__2024-02-18T00:00:00+00:00, execution_date=20240218T000000, start_date=20260209T100814, end_date=20260209T100815
[2026-02-09T10:08:15.315+0000] {local_task_job_runner.py:243} INFO - Task exited with return code 0
[2026-02-09T10:08:15.332+0000] {taskinstance.py:3503} INFO - 0 downstream tasks scheduled from follow-on schedule check
[2026-02-09T10:08:15.336+0000] {local_task_job_runner.py:222} INFO - ::endgroup::
[2026-02-09T12:12:43.573+0000] {local_task_job_runner.py:120} INFO - ::group::Pre task execution logs
[2026-02-09T12:12:43.604+0000] {taskinstance.py:2076} INFO - Dependencies all met for dep_context=non-requeueable deps ti=<TaskInstance: stock_raw_aapl.download_and_load_raw scheduled__2024-02-18T00:00:00+00:00 [queued]>
[2026-02-09T12:12:43.613+0000] {taskinstance.py:2076} INFO - Dependencies all met for dep_context=requeueable deps ti=<TaskInstance: stock_raw_aapl.download_and_load_raw scheduled__2024-02-18T00:00:00+00:00 [queued]>
[2026-02-09T12:12:43.613+0000] {taskinstance.py:2306} INFO - Starting attempt 1 of 1
[2026-02-09T12:12:43.626+0000] {taskinstance.py:2330} INFO - Executing <Task(PythonOperator): download_and_load_raw> on 2024-02-18 00:00:00+00:00
[2026-02-09T12:12:43.638+0000] {logging_mixin.py:188} WARNING - /home/***/.local/lib/python3.12/site-packages/***/task/task_runner/standard_task_runner.py:62 DeprecationWarning: This process (pid=13823) is multi-threaded, use of fork() may lead to deadlocks in the child.
[2026-02-09T12:12:43.639+0000] {standard_task_runner.py:64} INFO - Started process 13828 to run task
[2026-02-09T12:12:43.638+0000] {standard_task_runner.py:90} INFO - Running: ['***', 'tasks', 'run', 'stock_raw_aapl', 'download_and_load_raw', 'scheduled__2024-02-18T00:00:00+00:00', '--job-id', '6848', '--raw', '--subdir', 'DAGS_FOLDER/stocks_dwh/raw/stocks_raw_dags.py', '--cfg-path', '/tmp/tmp7ylgdyqr']
[2026-02-09T12:12:43.640+0000] {standard_task_runner.py:91} INFO - Job 6848: Subtask download_and_load_raw
[2026-02-09T12:12:43.704+0000] {task_command.py:426} INFO - Running <TaskInstance: stock_raw_aapl.download_and_load_raw scheduled__2024-02-18T00:00:00+00:00 [running]> on host 4886d37bc122
[2026-02-09T12:12:43.799+0000] {taskinstance.py:2648} INFO - Exporting env vars: AIRFLOW_CTX_DAG_OWNER='***' AIRFLOW_CTX_DAG_ID='stock_raw_aapl' AIRFLOW_CTX_TASK_ID='download_and_load_raw' AIRFLOW_CTX_EXECUTION_DATE='2024-02-18T00:00:00+00:00' AIRFLOW_CTX_TRY_NUMBER='1' AIRFLOW_CTX_DAG_RUN_ID='scheduled__2024-02-18T00:00:00+00:00'
[2026-02-09T12:12:43.800+0000] {taskinstance.py:430} INFO - ::endgroup::
[2026-02-09T12:12:43.811+0000] {stocks_raw_dags.py:37} INFO - 2024-02-18 00:00:00+00:00, 2024-02-19 00:00:00+00:00
[2026-02-09T12:12:43.811+0000] {logging_mixin.py:188} INFO - [RAW] Download AAPL [1d] 2024-02-17..2024-02-19
[2026-02-09T12:12:43.814+0000] {logging_mixin.py:188} WARNING - /opt/***/dags/stocks_dwh/raw/stocks_raw_dags.py:42 FutureWarning: YF.download() has changed argument auto_adjust default to True
[2026-02-09T12:12:43.821+0000] {logging_mixin.py:188} WARNING - /home/***/.local/lib/python3.12/site-packages/yfinance/scrapers/history.py:204 Pandas4Warning: Timestamp.utcnow is deprecated and will be removed in a future version. Use Timestamp.now('UTC') instead.
[2026-02-09T12:12:44.314+0000] {logging_mixin.py:188} WARNING - [*********************100%***********************]  1 of 1 completed
[2026-02-09T12:12:44.315+0000] {multi.py:185} ERROR - 
1 Failed download:
[2026-02-09T12:12:44.316+0000] {multi.py:198} ERROR - ['AAPL']: YFPricesMissingError('possibly delisted; no price data found  (1d 2024-02-17 -> 2024-02-19)')
[2026-02-09T12:12:44.331+0000] {logging_mixin.py:188} INFO - [RAW] No data from yfinance
[2026-02-09T12:12:44.331+0000] {python.py:237} INFO - Done. Returned value was: None
[2026-02-09T12:12:44.332+0000] {taskinstance.py:441} INFO - ::group::Post task execution logs
[2026-02-09T12:12:44.344+0000] {taskinstance.py:1206} INFO - Marking task as SUCCESS. dag_id=stock_raw_aapl, task_id=download_and_load_raw, run_id=scheduled__2024-02-18T00:00:00+00:00, execution_date=20240218T000000, start_date=20260209T121243, end_date=20260209T121244
[2026-02-09T12:12:44.416+0000] {local_task_job_runner.py:243} INFO - Task exited with return code 0
[2026-02-09T12:12:44.436+0000] {taskinstance.py:3503} INFO - 0 downstream tasks scheduled from follow-on schedule check
[2026-02-09T12:12:44.438+0000] {local_task_job_runner.py:222} INFO - ::endgroup::
