[2026-02-09T12:08:39.543+0000] {local_task_job_runner.py:120} INFO - ::group::Pre task execution logs
[2026-02-09T12:08:39.572+0000] {taskinstance.py:2076} INFO - Dependencies all met for dep_context=non-requeueable deps ti=<TaskInstance: stock_raw_msft.download_and_load_raw scheduled__2024-03-21T00:00:00+00:00 [queued]>
[2026-02-09T12:08:39.580+0000] {taskinstance.py:2076} INFO - Dependencies all met for dep_context=requeueable deps ti=<TaskInstance: stock_raw_msft.download_and_load_raw scheduled__2024-03-21T00:00:00+00:00 [queued]>
[2026-02-09T12:08:39.581+0000] {taskinstance.py:2306} INFO - Starting attempt 2 of 2
[2026-02-09T12:08:39.591+0000] {taskinstance.py:2330} INFO - Executing <Task(PythonOperator): download_and_load_raw> on 2024-03-21 00:00:00+00:00
[2026-02-09T12:08:39.602+0000] {logging_mixin.py:188} WARNING - /home/***/.local/lib/python3.12/site-packages/***/task/task_runner/standard_task_runner.py:62 DeprecationWarning: This process (pid=13211) is multi-threaded, use of fork() may lead to deadlocks in the child.
[2026-02-09T12:08:39.603+0000] {standard_task_runner.py:64} INFO - Started process 13213 to run task
[2026-02-09T12:08:39.602+0000] {standard_task_runner.py:90} INFO - Running: ['***', 'tasks', 'run', 'stock_raw_msft', 'download_and_load_raw', 'scheduled__2024-03-21T00:00:00+00:00', '--job-id', '6718', '--raw', '--subdir', 'DAGS_FOLDER/stocks_dwh/raw/stocks_raw_dags.py', '--cfg-path', '/tmp/tmp6gnp95gp']
[2026-02-09T12:08:39.604+0000] {standard_task_runner.py:91} INFO - Job 6718: Subtask download_and_load_raw
[2026-02-09T12:08:39.661+0000] {task_command.py:426} INFO - Running <TaskInstance: stock_raw_msft.download_and_load_raw scheduled__2024-03-21T00:00:00+00:00 [running]> on host 4886d37bc122
[2026-02-09T12:08:39.749+0000] {taskinstance.py:2648} INFO - Exporting env vars: AIRFLOW_CTX_DAG_OWNER='***' AIRFLOW_CTX_DAG_ID='stock_raw_msft' AIRFLOW_CTX_TASK_ID='download_and_load_raw' AIRFLOW_CTX_EXECUTION_DATE='2024-03-21T00:00:00+00:00' AIRFLOW_CTX_TRY_NUMBER='2' AIRFLOW_CTX_DAG_RUN_ID='scheduled__2024-03-21T00:00:00+00:00'
[2026-02-09T12:08:39.751+0000] {taskinstance.py:430} INFO - ::endgroup::
[2026-02-09T12:08:39.762+0000] {stocks_raw_dags.py:37} INFO - 2024-03-21 00:00:00+00:00, 2024-03-22 00:00:00+00:00
[2026-02-09T12:08:39.762+0000] {logging_mixin.py:188} INFO - [RAW] Download MSFT [1d] 2024-03-20..2024-03-22
[2026-02-09T12:08:39.764+0000] {logging_mixin.py:188} WARNING - /opt/***/dags/stocks_dwh/raw/stocks_raw_dags.py:42 FutureWarning: YF.download() has changed argument auto_adjust default to True
[2026-02-09T12:08:39.772+0000] {logging_mixin.py:188} WARNING - /home/***/.local/lib/python3.12/site-packages/yfinance/scrapers/history.py:204 Pandas4Warning: Timestamp.utcnow is deprecated and will be removed in a future version. Use Timestamp.now('UTC') instead.
[2026-02-09T12:08:40.315+0000] {logging_mixin.py:188} WARNING - [*********************100%***********************]  1 of 1 completed
[2026-02-09T12:08:40.352+0000] {base.py:84} INFO - Using connection ID 'dwh_clickhouse' for task execution.
[2026-02-09T12:08:40.371+0000] {logging_mixin.py:188} INFO - [RAW] Deleted existing rows for MSFT in 2024-03-20..2024-03-22
[2026-02-09T12:08:40.382+0000] {logging_mixin.py:188} INFO - [RAW] Inserted 2 rows into dwh.raw_stock_prices
[2026-02-09T12:08:40.383+0000] {python.py:237} INFO - Done. Returned value was: None
[2026-02-09T12:08:40.384+0000] {taskinstance.py:441} INFO - ::group::Post task execution logs
[2026-02-09T12:08:40.394+0000] {taskinstance.py:1206} INFO - Marking task as SUCCESS. dag_id=stock_raw_msft, task_id=download_and_load_raw, run_id=scheduled__2024-03-21T00:00:00+00:00, execution_date=20240321T000000, start_date=20260209T120839, end_date=20260209T120840
[2026-02-09T12:08:40.419+0000] {local_task_job_runner.py:243} INFO - Task exited with return code 0
[2026-02-09T12:08:40.436+0000] {taskinstance.py:3503} INFO - 0 downstream tasks scheduled from follow-on schedule check
[2026-02-09T12:08:40.437+0000] {local_task_job_runner.py:222} INFO - ::endgroup::
