[2026-02-09T10:22:22.564+0000] {local_task_job_runner.py:120} INFO - ::group::Pre task execution logs
[2026-02-09T10:22:22.593+0000] {taskinstance.py:2076} INFO - Dependencies all met for dep_context=non-requeueable deps ti=<TaskInstance: stock_raw_aapl.download_and_load_raw scheduled__2024-09-28T00:00:00+00:00 [queued]>
[2026-02-09T10:22:22.601+0000] {taskinstance.py:2076} INFO - Dependencies all met for dep_context=requeueable deps ti=<TaskInstance: stock_raw_aapl.download_and_load_raw scheduled__2024-09-28T00:00:00+00:00 [queued]>
[2026-02-09T10:22:22.604+0000] {taskinstance.py:2306} INFO - Starting attempt 1 of 1
[2026-02-09T10:22:22.617+0000] {taskinstance.py:2330} INFO - Executing <Task(PythonOperator): download_and_load_raw> on 2024-09-28 00:00:00+00:00
[2026-02-09T10:22:22.630+0000] {logging_mixin.py:188} WARNING - /home/***/.local/lib/python3.12/site-packages/***/task/task_runner/standard_task_runner.py:62 DeprecationWarning: This process (pid=481) is multi-threaded, use of fork() may lead to deadlocks in the child.
[2026-02-09T10:22:22.632+0000] {standard_task_runner.py:64} INFO - Started process 488 to run task
[2026-02-09T10:22:22.631+0000] {standard_task_runner.py:90} INFO - Running: ['***', 'tasks', 'run', 'stock_raw_aapl', 'download_and_load_raw', 'scheduled__2024-09-28T00:00:00+00:00', '--job-id', '4173', '--raw', '--subdir', 'DAGS_FOLDER/stocks_dwh/raw/stocks_raw_dags.py', '--cfg-path', '/tmp/tmp38yhdy9d']
[2026-02-09T10:22:22.633+0000] {standard_task_runner.py:91} INFO - Job 4173: Subtask download_and_load_raw
[2026-02-09T10:22:22.694+0000] {task_command.py:426} INFO - Running <TaskInstance: stock_raw_aapl.download_and_load_raw scheduled__2024-09-28T00:00:00+00:00 [running]> on host 4886d37bc122
[2026-02-09T10:22:22.785+0000] {taskinstance.py:2648} INFO - Exporting env vars: AIRFLOW_CTX_DAG_OWNER='***' AIRFLOW_CTX_DAG_ID='stock_raw_aapl' AIRFLOW_CTX_TASK_ID='download_and_load_raw' AIRFLOW_CTX_EXECUTION_DATE='2024-09-28T00:00:00+00:00' AIRFLOW_CTX_TRY_NUMBER='1' AIRFLOW_CTX_DAG_RUN_ID='scheduled__2024-09-28T00:00:00+00:00'
[2026-02-09T10:22:22.787+0000] {taskinstance.py:430} INFO - ::endgroup::
[2026-02-09T10:22:22.799+0000] {logging_mixin.py:188} INFO - [RAW] Download AAPL [1d] 2024-09-28..2024-09-29
[2026-02-09T10:22:22.802+0000] {logging_mixin.py:188} WARNING - /opt/***/dags/stocks_dwh/raw/stocks_raw_dags.py:38 FutureWarning: YF.download() has changed argument auto_adjust default to True
[2026-02-09T10:22:22.810+0000] {logging_mixin.py:188} WARNING - /home/***/.local/lib/python3.12/site-packages/yfinance/scrapers/history.py:204 Pandas4Warning: Timestamp.utcnow is deprecated and will be removed in a future version. Use Timestamp.now('UTC') instead.
[2026-02-09T10:22:24.807+0000] {multi.py:185} ERROR - 
1 Failed download:
[2026-02-09T10:22:24.808+0000] {multi.py:198} ERROR - ['AAPL']: YFPricesMissingError('possibly delisted; no price data found  (1d 2024-09-28 -> 2024-09-29)')
[2026-02-09T10:22:24.823+0000] {logging_mixin.py:188} INFO - [RAW] No data from yfinance
[2026-02-09T10:22:24.824+0000] {python.py:237} INFO - Done. Returned value was: None
[2026-02-09T10:22:24.824+0000] {taskinstance.py:441} INFO - ::group::Post task execution logs
[2026-02-09T10:22:24.836+0000] {taskinstance.py:1206} INFO - Marking task as SUCCESS. dag_id=stock_raw_aapl, task_id=download_and_load_raw, run_id=scheduled__2024-09-28T00:00:00+00:00, execution_date=20240928T000000, start_date=20260209T102222, end_date=20260209T102224
[2026-02-09T10:22:24.892+0000] {local_task_job_runner.py:243} INFO - Task exited with return code 0
[2026-02-09T10:22:24.909+0000] {taskinstance.py:3503} INFO - 0 downstream tasks scheduled from follow-on schedule check
[2026-02-09T10:22:24.911+0000] {local_task_job_runner.py:222} INFO - ::endgroup::
[2026-02-09T12:24:37.432+0000] {local_task_job_runner.py:120} INFO - ::group::Pre task execution logs
[2026-02-09T12:24:37.460+0000] {taskinstance.py:2076} INFO - Dependencies all met for dep_context=non-requeueable deps ti=<TaskInstance: stock_raw_aapl.download_and_load_raw scheduled__2024-09-28T00:00:00+00:00 [queued]>
[2026-02-09T12:24:37.468+0000] {taskinstance.py:2076} INFO - Dependencies all met for dep_context=requeueable deps ti=<TaskInstance: stock_raw_aapl.download_and_load_raw scheduled__2024-09-28T00:00:00+00:00 [queued]>
[2026-02-09T12:24:37.469+0000] {taskinstance.py:2306} INFO - Starting attempt 1 of 1
[2026-02-09T12:24:37.481+0000] {taskinstance.py:2330} INFO - Executing <Task(PythonOperator): download_and_load_raw> on 2024-09-28 00:00:00+00:00
[2026-02-09T12:24:37.493+0000] {logging_mixin.py:188} WARNING - /home/***/.local/lib/python3.12/site-packages/***/task/task_runner/standard_task_runner.py:62 DeprecationWarning: This process (pid=15893) is multi-threaded, use of fork() may lead to deadlocks in the child.
[2026-02-09T12:24:37.496+0000] {standard_task_runner.py:64} INFO - Started process 15898 to run task
[2026-02-09T12:24:37.493+0000] {standard_task_runner.py:90} INFO - Running: ['***', 'tasks', 'run', 'stock_raw_aapl', 'download_and_load_raw', 'scheduled__2024-09-28T00:00:00+00:00', '--job-id', '7295', '--raw', '--subdir', 'DAGS_FOLDER/stocks_dwh/raw/stocks_raw_dags.py', '--cfg-path', '/tmp/tmpizvwnb7_']
[2026-02-09T12:24:37.497+0000] {standard_task_runner.py:91} INFO - Job 7295: Subtask download_and_load_raw
[2026-02-09T12:24:37.569+0000] {task_command.py:426} INFO - Running <TaskInstance: stock_raw_aapl.download_and_load_raw scheduled__2024-09-28T00:00:00+00:00 [running]> on host 4886d37bc122
[2026-02-09T12:24:37.671+0000] {taskinstance.py:2648} INFO - Exporting env vars: AIRFLOW_CTX_DAG_OWNER='***' AIRFLOW_CTX_DAG_ID='stock_raw_aapl' AIRFLOW_CTX_TASK_ID='download_and_load_raw' AIRFLOW_CTX_EXECUTION_DATE='2024-09-28T00:00:00+00:00' AIRFLOW_CTX_TRY_NUMBER='1' AIRFLOW_CTX_DAG_RUN_ID='scheduled__2024-09-28T00:00:00+00:00'
[2026-02-09T12:24:37.673+0000] {taskinstance.py:430} INFO - ::endgroup::
[2026-02-09T12:24:37.685+0000] {stocks_raw_dags.py:37} INFO - 2024-09-28 00:00:00+00:00, 2024-09-29 00:00:00+00:00
[2026-02-09T12:24:37.685+0000] {logging_mixin.py:188} INFO - [RAW] Download AAPL [1d] 2024-09-27..2024-09-29
[2026-02-09T12:24:37.688+0000] {logging_mixin.py:188} WARNING - /opt/***/dags/stocks_dwh/raw/stocks_raw_dags.py:42 FutureWarning: YF.download() has changed argument auto_adjust default to True
[2026-02-09T12:24:37.697+0000] {logging_mixin.py:188} WARNING - /home/***/.local/lib/python3.12/site-packages/yfinance/scrapers/history.py:204 Pandas4Warning: Timestamp.utcnow is deprecated and will be removed in a future version. Use Timestamp.now('UTC') instead.
[2026-02-09T12:24:38.600+0000] {logging_mixin.py:188} WARNING - [*********************100%***********************]  1 of 1 completed
[2026-02-09T12:24:38.636+0000] {base.py:84} INFO - Using connection ID 'dwh_clickhouse' for task execution.
[2026-02-09T12:24:38.657+0000] {logging_mixin.py:188} INFO - [RAW] Deleted existing rows for AAPL in 2024-09-27..2024-09-29
[2026-02-09T12:24:38.667+0000] {logging_mixin.py:188} INFO - [RAW] Inserted 1 rows into dwh.raw_stock_prices
[2026-02-09T12:24:38.667+0000] {python.py:237} INFO - Done. Returned value was: None
[2026-02-09T12:24:38.668+0000] {taskinstance.py:441} INFO - ::group::Post task execution logs
[2026-02-09T12:24:38.679+0000] {taskinstance.py:1206} INFO - Marking task as SUCCESS. dag_id=stock_raw_aapl, task_id=download_and_load_raw, run_id=scheduled__2024-09-28T00:00:00+00:00, execution_date=20240928T000000, start_date=20260209T122437, end_date=20260209T122438
[2026-02-09T12:24:38.714+0000] {local_task_job_runner.py:243} INFO - Task exited with return code 0
[2026-02-09T12:24:38.736+0000] {taskinstance.py:3503} INFO - 0 downstream tasks scheduled from follow-on schedule check
[2026-02-09T12:24:38.738+0000] {local_task_job_runner.py:222} INFO - ::endgroup::
