[2026-02-09T10:19:42.679+0000] {local_task_job_runner.py:120} INFO - ::group::Pre task execution logs
[2026-02-09T10:19:42.709+0000] {taskinstance.py:2076} INFO - Dependencies all met for dep_context=non-requeueable deps ti=<TaskInstance: stock_raw_aapl.download_and_load_raw scheduled__2024-09-08T00:00:00+00:00 [queued]>
[2026-02-09T10:19:42.719+0000] {taskinstance.py:2076} INFO - Dependencies all met for dep_context=requeueable deps ti=<TaskInstance: stock_raw_aapl.download_and_load_raw scheduled__2024-09-08T00:00:00+00:00 [queued]>
[2026-02-09T10:19:42.719+0000] {taskinstance.py:2306} INFO - Starting attempt 1 of 1
[2026-02-09T10:19:42.733+0000] {taskinstance.py:2330} INFO - Executing <Task(PythonOperator): download_and_load_raw> on 2024-09-08 00:00:00+00:00
[2026-02-09T10:19:42.746+0000] {logging_mixin.py:188} WARNING - /home/***/.local/lib/python3.12/site-packages/***/task/task_runner/standard_task_runner.py:62 DeprecationWarning: This process (pid=6287) is multi-threaded, use of fork() may lead to deadlocks in the child.
[2026-02-09T10:19:42.747+0000] {standard_task_runner.py:64} INFO - Started process 6297 to run task
[2026-02-09T10:19:42.746+0000] {standard_task_runner.py:90} INFO - Running: ['***', 'tasks', 'run', 'stock_raw_aapl', 'download_and_load_raw', 'scheduled__2024-09-08T00:00:00+00:00', '--job-id', '4075', '--raw', '--subdir', 'DAGS_FOLDER/stocks_dwh/raw/stocks_raw_dags.py', '--cfg-path', '/tmp/tmpqqeipyia']
[2026-02-09T10:19:42.748+0000] {standard_task_runner.py:91} INFO - Job 4075: Subtask download_and_load_raw
[2026-02-09T10:19:42.818+0000] {task_command.py:426} INFO - Running <TaskInstance: stock_raw_aapl.download_and_load_raw scheduled__2024-09-08T00:00:00+00:00 [running]> on host b6b9e92e7d61
[2026-02-09T10:19:42.934+0000] {taskinstance.py:2648} INFO - Exporting env vars: AIRFLOW_CTX_DAG_OWNER='***' AIRFLOW_CTX_DAG_ID='stock_raw_aapl' AIRFLOW_CTX_TASK_ID='download_and_load_raw' AIRFLOW_CTX_EXECUTION_DATE='2024-09-08T00:00:00+00:00' AIRFLOW_CTX_TRY_NUMBER='1' AIRFLOW_CTX_DAG_RUN_ID='scheduled__2024-09-08T00:00:00+00:00'
[2026-02-09T10:19:42.935+0000] {taskinstance.py:430} INFO - ::endgroup::
[2026-02-09T10:19:42.955+0000] {logging_mixin.py:188} INFO - [RAW] Download AAPL [1d] 2024-09-08..2024-09-09
[2026-02-09T10:19:42.958+0000] {logging_mixin.py:188} WARNING - /opt/***/dags/stocks_dwh/raw/stocks_raw_dags.py:38 FutureWarning: YF.download() has changed argument auto_adjust default to True
[2026-02-09T10:19:42.969+0000] {logging_mixin.py:188} WARNING - /home/***/.local/lib/python3.12/site-packages/yfinance/scrapers/history.py:204 Pandas4Warning: Timestamp.utcnow is deprecated and will be removed in a future version. Use Timestamp.now('UTC') instead.
[2026-02-09T10:19:43.473+0000] {multi.py:185} ERROR - 
1 Failed download:
[2026-02-09T10:19:43.475+0000] {multi.py:198} ERROR - ['AAPL']: YFPricesMissingError('possibly delisted; no price data found  (1d 2024-09-08 -> 2024-09-09)')
[2026-02-09T10:19:43.491+0000] {logging_mixin.py:188} INFO - [RAW] No data from yfinance
[2026-02-09T10:19:43.492+0000] {python.py:237} INFO - Done. Returned value was: None
[2026-02-09T10:19:43.493+0000] {taskinstance.py:441} INFO - ::group::Post task execution logs
[2026-02-09T10:19:43.504+0000] {taskinstance.py:1206} INFO - Marking task as SUCCESS. dag_id=stock_raw_aapl, task_id=download_and_load_raw, run_id=scheduled__2024-09-08T00:00:00+00:00, execution_date=20240908T000000, start_date=20260209T101942, end_date=20260209T101943
[2026-02-09T10:19:43.563+0000] {local_task_job_runner.py:243} INFO - Task exited with return code 0
[2026-02-09T10:19:43.585+0000] {taskinstance.py:3503} INFO - 0 downstream tasks scheduled from follow-on schedule check
[2026-02-09T10:19:43.587+0000] {local_task_job_runner.py:222} INFO - ::endgroup::
[2026-02-09T12:23:37.712+0000] {local_task_job_runner.py:120} INFO - ::group::Pre task execution logs
[2026-02-09T12:23:37.742+0000] {taskinstance.py:2076} INFO - Dependencies all met for dep_context=non-requeueable deps ti=<TaskInstance: stock_raw_aapl.download_and_load_raw scheduled__2024-09-08T00:00:00+00:00 [queued]>
[2026-02-09T12:23:37.756+0000] {taskinstance.py:2076} INFO - Dependencies all met for dep_context=requeueable deps ti=<TaskInstance: stock_raw_aapl.download_and_load_raw scheduled__2024-09-08T00:00:00+00:00 [queued]>
[2026-02-09T12:23:37.757+0000] {taskinstance.py:2306} INFO - Starting attempt 1 of 1
[2026-02-09T12:23:37.771+0000] {taskinstance.py:2330} INFO - Executing <Task(PythonOperator): download_and_load_raw> on 2024-09-08 00:00:00+00:00
[2026-02-09T12:23:37.783+0000] {logging_mixin.py:188} WARNING - /home/***/.local/lib/python3.12/site-packages/***/task/task_runner/standard_task_runner.py:62 DeprecationWarning: This process (pid=15710) is multi-threaded, use of fork() may lead to deadlocks in the child.
[2026-02-09T12:23:37.785+0000] {standard_task_runner.py:64} INFO - Started process 15714 to run task
[2026-02-09T12:23:37.783+0000] {standard_task_runner.py:90} INFO - Running: ['***', 'tasks', 'run', 'stock_raw_aapl', 'download_and_load_raw', 'scheduled__2024-09-08T00:00:00+00:00', '--job-id', '7255', '--raw', '--subdir', 'DAGS_FOLDER/stocks_dwh/raw/stocks_raw_dags.py', '--cfg-path', '/tmp/tmpgh1p7sc8']
[2026-02-09T12:23:37.786+0000] {standard_task_runner.py:91} INFO - Job 7255: Subtask download_and_load_raw
[2026-02-09T12:23:37.852+0000] {task_command.py:426} INFO - Running <TaskInstance: stock_raw_aapl.download_and_load_raw scheduled__2024-09-08T00:00:00+00:00 [running]> on host 4886d37bc122
[2026-02-09T12:23:37.950+0000] {taskinstance.py:2648} INFO - Exporting env vars: AIRFLOW_CTX_DAG_OWNER='***' AIRFLOW_CTX_DAG_ID='stock_raw_aapl' AIRFLOW_CTX_TASK_ID='download_and_load_raw' AIRFLOW_CTX_EXECUTION_DATE='2024-09-08T00:00:00+00:00' AIRFLOW_CTX_TRY_NUMBER='1' AIRFLOW_CTX_DAG_RUN_ID='scheduled__2024-09-08T00:00:00+00:00'
[2026-02-09T12:23:37.951+0000] {taskinstance.py:430} INFO - ::endgroup::
[2026-02-09T12:23:37.963+0000] {stocks_raw_dags.py:37} INFO - 2024-09-08 00:00:00+00:00, 2024-09-09 00:00:00+00:00
[2026-02-09T12:23:37.964+0000] {logging_mixin.py:188} INFO - [RAW] Download AAPL [1d] 2024-09-07..2024-09-09
[2026-02-09T12:23:37.966+0000] {logging_mixin.py:188} WARNING - /opt/***/dags/stocks_dwh/raw/stocks_raw_dags.py:42 FutureWarning: YF.download() has changed argument auto_adjust default to True
[2026-02-09T12:23:37.975+0000] {logging_mixin.py:188} WARNING - /home/***/.local/lib/python3.12/site-packages/yfinance/scrapers/history.py:204 Pandas4Warning: Timestamp.utcnow is deprecated and will be removed in a future version. Use Timestamp.now('UTC') instead.
[2026-02-09T12:23:38.450+0000] {logging_mixin.py:188} WARNING - [*********************100%***********************]  1 of 1 completed
[2026-02-09T12:23:38.450+0000] {multi.py:185} ERROR - 
1 Failed download:
[2026-02-09T12:23:38.451+0000] {multi.py:198} ERROR - ['AAPL']: YFPricesMissingError('possibly delisted; no price data found  (1d 2024-09-07 -> 2024-09-09)')
[2026-02-09T12:23:38.463+0000] {logging_mixin.py:188} INFO - [RAW] No data from yfinance
[2026-02-09T12:23:38.463+0000] {python.py:237} INFO - Done. Returned value was: None
[2026-02-09T12:23:38.464+0000] {taskinstance.py:441} INFO - ::group::Post task execution logs
[2026-02-09T12:23:38.473+0000] {taskinstance.py:1206} INFO - Marking task as SUCCESS. dag_id=stock_raw_aapl, task_id=download_and_load_raw, run_id=scheduled__2024-09-08T00:00:00+00:00, execution_date=20240908T000000, start_date=20260209T122337, end_date=20260209T122338
[2026-02-09T12:23:38.520+0000] {local_task_job_runner.py:243} INFO - Task exited with return code 0
[2026-02-09T12:23:38.539+0000] {taskinstance.py:3503} INFO - 0 downstream tasks scheduled from follow-on schedule check
[2026-02-09T12:23:38.543+0000] {local_task_job_runner.py:222} INFO - ::endgroup::
