[2026-02-09T10:11:41.298+0000] {local_task_job_runner.py:120} INFO - ::group::Pre task execution logs
[2026-02-09T10:11:41.342+0000] {taskinstance.py:2076} INFO - Dependencies all met for dep_context=non-requeueable deps ti=<TaskInstance: stock_raw_aapl.download_and_load_raw scheduled__2024-04-14T00:00:00+00:00 [queued]>
[2026-02-09T10:11:41.353+0000] {taskinstance.py:2076} INFO - Dependencies all met for dep_context=requeueable deps ti=<TaskInstance: stock_raw_aapl.download_and_load_raw scheduled__2024-04-14T00:00:00+00:00 [queued]>
[2026-02-09T10:11:41.354+0000] {taskinstance.py:2306} INFO - Starting attempt 1 of 1
[2026-02-09T10:11:41.372+0000] {taskinstance.py:2330} INFO - Executing <Task(PythonOperator): download_and_load_raw> on 2024-04-14 00:00:00+00:00
[2026-02-09T10:11:41.387+0000] {logging_mixin.py:188} WARNING - /home/***/.local/lib/python3.12/site-packages/***/task/task_runner/standard_task_runner.py:62 DeprecationWarning: This process (pid=3180) is multi-threaded, use of fork() may lead to deadlocks in the child.
[2026-02-09T10:11:41.389+0000] {standard_task_runner.py:64} INFO - Started process 3189 to run task
[2026-02-09T10:11:41.387+0000] {standard_task_runner.py:90} INFO - Running: ['***', 'tasks', 'run', 'stock_raw_aapl', 'download_and_load_raw', 'scheduled__2024-04-14T00:00:00+00:00', '--job-id', '3344', '--raw', '--subdir', 'DAGS_FOLDER/stocks_dwh/raw/stocks_raw_dags.py', '--cfg-path', '/tmp/tmp0sh5n03x']
[2026-02-09T10:11:41.391+0000] {standard_task_runner.py:91} INFO - Job 3344: Subtask download_and_load_raw
[2026-02-09T10:11:41.460+0000] {task_command.py:426} INFO - Running <TaskInstance: stock_raw_aapl.download_and_load_raw scheduled__2024-04-14T00:00:00+00:00 [running]> on host b6b9e92e7d61
[2026-02-09T10:11:41.571+0000] {taskinstance.py:2648} INFO - Exporting env vars: AIRFLOW_CTX_DAG_OWNER='***' AIRFLOW_CTX_DAG_ID='stock_raw_aapl' AIRFLOW_CTX_TASK_ID='download_and_load_raw' AIRFLOW_CTX_EXECUTION_DATE='2024-04-14T00:00:00+00:00' AIRFLOW_CTX_TRY_NUMBER='1' AIRFLOW_CTX_DAG_RUN_ID='scheduled__2024-04-14T00:00:00+00:00'
[2026-02-09T10:11:41.572+0000] {taskinstance.py:430} INFO - ::endgroup::
[2026-02-09T10:11:41.585+0000] {logging_mixin.py:188} INFO - [RAW] Download AAPL [1d] 2024-04-14..2024-04-15
[2026-02-09T10:11:41.588+0000] {logging_mixin.py:188} WARNING - /opt/***/dags/stocks_dwh/raw/stocks_raw_dags.py:38 FutureWarning: YF.download() has changed argument auto_adjust default to True
[2026-02-09T10:11:41.599+0000] {logging_mixin.py:188} WARNING - /home/***/.local/lib/python3.12/site-packages/yfinance/scrapers/history.py:204 Pandas4Warning: Timestamp.utcnow is deprecated and will be removed in a future version. Use Timestamp.now('UTC') instead.
[2026-02-09T10:11:42.087+0000] {multi.py:185} ERROR - 
1 Failed download:
[2026-02-09T10:11:42.087+0000] {multi.py:198} ERROR - ['AAPL']: YFPricesMissingError('possibly delisted; no price data found  (1d 2024-04-14 -> 2024-04-15)')
[2026-02-09T10:11:42.099+0000] {logging_mixin.py:188} INFO - [RAW] No data from yfinance
[2026-02-09T10:11:42.099+0000] {python.py:237} INFO - Done. Returned value was: None
[2026-02-09T10:11:42.100+0000] {taskinstance.py:441} INFO - ::group::Post task execution logs
[2026-02-09T10:11:42.108+0000] {taskinstance.py:1206} INFO - Marking task as SUCCESS. dag_id=stock_raw_aapl, task_id=download_and_load_raw, run_id=scheduled__2024-04-14T00:00:00+00:00, execution_date=20240414T000000, start_date=20260209T101141, end_date=20260209T101142
[2026-02-09T10:11:42.166+0000] {local_task_job_runner.py:243} INFO - Task exited with return code 0
[2026-02-09T10:11:42.184+0000] {taskinstance.py:3503} INFO - 0 downstream tasks scheduled from follow-on schedule check
[2026-02-09T10:11:42.186+0000] {local_task_job_runner.py:222} INFO - ::endgroup::
[2026-02-09T12:15:38.097+0000] {local_task_job_runner.py:120} INFO - ::group::Pre task execution logs
[2026-02-09T12:15:38.124+0000] {taskinstance.py:2076} INFO - Dependencies all met for dep_context=non-requeueable deps ti=<TaskInstance: stock_raw_aapl.download_and_load_raw scheduled__2024-04-14T00:00:00+00:00 [queued]>
[2026-02-09T12:15:38.131+0000] {taskinstance.py:2076} INFO - Dependencies all met for dep_context=requeueable deps ti=<TaskInstance: stock_raw_aapl.download_and_load_raw scheduled__2024-04-14T00:00:00+00:00 [queued]>
[2026-02-09T12:15:38.132+0000] {taskinstance.py:2306} INFO - Starting attempt 1 of 1
[2026-02-09T12:15:38.143+0000] {taskinstance.py:2330} INFO - Executing <Task(PythonOperator): download_and_load_raw> on 2024-04-14 00:00:00+00:00
[2026-02-09T12:15:38.154+0000] {logging_mixin.py:188} WARNING - /home/***/.local/lib/python3.12/site-packages/***/task/task_runner/standard_task_runner.py:62 DeprecationWarning: This process (pid=14347) is multi-threaded, use of fork() may lead to deadlocks in the child.
[2026-02-09T12:15:38.155+0000] {standard_task_runner.py:64} INFO - Started process 14352 to run task
[2026-02-09T12:15:38.154+0000] {standard_task_runner.py:90} INFO - Running: ['***', 'tasks', 'run', 'stock_raw_aapl', 'download_and_load_raw', 'scheduled__2024-04-14T00:00:00+00:00', '--job-id', '6961', '--raw', '--subdir', 'DAGS_FOLDER/stocks_dwh/raw/stocks_raw_dags.py', '--cfg-path', '/tmp/tmpz4780h08']
[2026-02-09T12:15:38.156+0000] {standard_task_runner.py:91} INFO - Job 6961: Subtask download_and_load_raw
[2026-02-09T12:15:38.214+0000] {task_command.py:426} INFO - Running <TaskInstance: stock_raw_aapl.download_and_load_raw scheduled__2024-04-14T00:00:00+00:00 [running]> on host 4886d37bc122
[2026-02-09T12:15:38.297+0000] {taskinstance.py:2648} INFO - Exporting env vars: AIRFLOW_CTX_DAG_OWNER='***' AIRFLOW_CTX_DAG_ID='stock_raw_aapl' AIRFLOW_CTX_TASK_ID='download_and_load_raw' AIRFLOW_CTX_EXECUTION_DATE='2024-04-14T00:00:00+00:00' AIRFLOW_CTX_TRY_NUMBER='1' AIRFLOW_CTX_DAG_RUN_ID='scheduled__2024-04-14T00:00:00+00:00'
[2026-02-09T12:15:38.298+0000] {taskinstance.py:430} INFO - ::endgroup::
[2026-02-09T12:15:38.307+0000] {stocks_raw_dags.py:37} INFO - 2024-04-14 00:00:00+00:00, 2024-04-15 00:00:00+00:00
[2026-02-09T12:15:38.308+0000] {logging_mixin.py:188} INFO - [RAW] Download AAPL [1d] 2024-04-13..2024-04-15
[2026-02-09T12:15:38.310+0000] {logging_mixin.py:188} WARNING - /opt/***/dags/stocks_dwh/raw/stocks_raw_dags.py:42 FutureWarning: YF.download() has changed argument auto_adjust default to True
[2026-02-09T12:15:38.318+0000] {logging_mixin.py:188} WARNING - /home/***/.local/lib/python3.12/site-packages/yfinance/scrapers/history.py:204 Pandas4Warning: Timestamp.utcnow is deprecated and will be removed in a future version. Use Timestamp.now('UTC') instead.
[2026-02-09T12:15:38.838+0000] {logging_mixin.py:188} WARNING - [*********************100%***********************]  1 of 1 completed
[2026-02-09T12:15:38.839+0000] {multi.py:185} ERROR - 
1 Failed download:
[2026-02-09T12:15:38.839+0000] {multi.py:198} ERROR - ['AAPL']: YFPricesMissingError('possibly delisted; no price data found  (1d 2024-04-13 -> 2024-04-15)')
[2026-02-09T12:15:38.852+0000] {logging_mixin.py:188} INFO - [RAW] No data from yfinance
[2026-02-09T12:15:38.852+0000] {python.py:237} INFO - Done. Returned value was: None
[2026-02-09T12:15:38.853+0000] {taskinstance.py:441} INFO - ::group::Post task execution logs
[2026-02-09T12:15:38.863+0000] {taskinstance.py:1206} INFO - Marking task as SUCCESS. dag_id=stock_raw_aapl, task_id=download_and_load_raw, run_id=scheduled__2024-04-14T00:00:00+00:00, execution_date=20240414T000000, start_date=20260209T121538, end_date=20260209T121538
[2026-02-09T12:15:38.931+0000] {local_task_job_runner.py:243} INFO - Task exited with return code 0
[2026-02-09T12:15:38.946+0000] {taskinstance.py:3503} INFO - 0 downstream tasks scheduled from follow-on schedule check
[2026-02-09T12:15:38.948+0000] {local_task_job_runner.py:222} INFO - ::endgroup::
