[2026-02-09T10:29:13.765+0000] {local_task_job_runner.py:120} INFO - ::group::Pre task execution logs
[2026-02-09T10:29:13.798+0000] {taskinstance.py:2076} INFO - Dependencies all met for dep_context=non-requeueable deps ti=<TaskInstance: stock_raw_aapl.download_and_load_raw scheduled__2025-01-26T00:00:00+00:00 [queued]>
[2026-02-09T10:29:13.805+0000] {taskinstance.py:2076} INFO - Dependencies all met for dep_context=requeueable deps ti=<TaskInstance: stock_raw_aapl.download_and_load_raw scheduled__2025-01-26T00:00:00+00:00 [queued]>
[2026-02-09T10:29:13.806+0000] {taskinstance.py:2306} INFO - Starting attempt 1 of 1
[2026-02-09T10:29:13.822+0000] {taskinstance.py:2330} INFO - Executing <Task(PythonOperator): download_and_load_raw> on 2025-01-26 00:00:00+00:00
[2026-02-09T10:29:13.838+0000] {logging_mixin.py:188} WARNING - /home/***/.local/lib/python3.12/site-packages/***/task/task_runner/standard_task_runner.py:62 DeprecationWarning: This process (pid=3006) is multi-threaded, use of fork() may lead to deadlocks in the child.
[2026-02-09T10:29:13.837+0000] {standard_task_runner.py:90} INFO - Running: ['***', 'tasks', 'run', 'stock_raw_aapl', 'download_and_load_raw', 'scheduled__2025-01-26T00:00:00+00:00', '--job-id', '4767', '--raw', '--subdir', 'DAGS_FOLDER/stocks_dwh/raw/stocks_raw_dags.py', '--cfg-path', '/tmp/tmpf5ahf3sh']
[2026-02-09T10:29:13.839+0000] {standard_task_runner.py:64} INFO - Started process 3017 to run task
[2026-02-09T10:29:13.839+0000] {standard_task_runner.py:91} INFO - Job 4767: Subtask download_and_load_raw
[2026-02-09T10:29:13.910+0000] {task_command.py:426} INFO - Running <TaskInstance: stock_raw_aapl.download_and_load_raw scheduled__2025-01-26T00:00:00+00:00 [running]> on host 4886d37bc122
[2026-02-09T10:29:14.012+0000] {taskinstance.py:2648} INFO - Exporting env vars: AIRFLOW_CTX_DAG_OWNER='***' AIRFLOW_CTX_DAG_ID='stock_raw_aapl' AIRFLOW_CTX_TASK_ID='download_and_load_raw' AIRFLOW_CTX_EXECUTION_DATE='2025-01-26T00:00:00+00:00' AIRFLOW_CTX_TRY_NUMBER='1' AIRFLOW_CTX_DAG_RUN_ID='scheduled__2025-01-26T00:00:00+00:00'
[2026-02-09T10:29:14.013+0000] {taskinstance.py:430} INFO - ::endgroup::
[2026-02-09T10:29:14.028+0000] {logging_mixin.py:188} INFO - [RAW] Download AAPL [1d] 2025-01-26..2025-01-27
[2026-02-09T10:29:14.031+0000] {logging_mixin.py:188} WARNING - /opt/***/dags/stocks_dwh/raw/stocks_raw_dags.py:38 FutureWarning: YF.download() has changed argument auto_adjust default to True
[2026-02-09T10:29:14.039+0000] {logging_mixin.py:188} WARNING - /home/***/.local/lib/python3.12/site-packages/yfinance/scrapers/history.py:204 Pandas4Warning: Timestamp.utcnow is deprecated and will be removed in a future version. Use Timestamp.now('UTC') instead.
[2026-02-09T10:29:14.531+0000] {multi.py:185} ERROR - 
1 Failed download:
[2026-02-09T10:29:14.532+0000] {multi.py:198} ERROR - ['AAPL']: YFPricesMissingError('possibly delisted; no price data found  (1d 2025-01-26 -> 2025-01-27)')
[2026-02-09T10:29:14.548+0000] {logging_mixin.py:188} INFO - [RAW] No data from yfinance
[2026-02-09T10:29:14.549+0000] {python.py:237} INFO - Done. Returned value was: None
[2026-02-09T10:29:14.550+0000] {taskinstance.py:441} INFO - ::group::Post task execution logs
[2026-02-09T10:29:14.559+0000] {taskinstance.py:1206} INFO - Marking task as SUCCESS. dag_id=stock_raw_aapl, task_id=download_and_load_raw, run_id=scheduled__2025-01-26T00:00:00+00:00, execution_date=20250126T000000, start_date=20260209T102913, end_date=20260209T102914
[2026-02-09T10:29:14.615+0000] {local_task_job_runner.py:243} INFO - Task exited with return code 0
[2026-02-09T10:29:14.632+0000] {taskinstance.py:3503} INFO - 0 downstream tasks scheduled from follow-on schedule check
[2026-02-09T10:29:14.634+0000] {local_task_job_runner.py:222} INFO - ::endgroup::
[2026-02-09T12:30:43.539+0000] {local_task_job_runner.py:120} INFO - ::group::Pre task execution logs
[2026-02-09T12:30:43.568+0000] {taskinstance.py:2076} INFO - Dependencies all met for dep_context=non-requeueable deps ti=<TaskInstance: stock_raw_aapl.download_and_load_raw scheduled__2025-01-26T00:00:00+00:00 [queued]>
[2026-02-09T12:30:43.576+0000] {taskinstance.py:2076} INFO - Dependencies all met for dep_context=requeueable deps ti=<TaskInstance: stock_raw_aapl.download_and_load_raw scheduled__2025-01-26T00:00:00+00:00 [queued]>
[2026-02-09T12:30:43.577+0000] {taskinstance.py:2306} INFO - Starting attempt 1 of 1
[2026-02-09T12:30:43.589+0000] {taskinstance.py:2330} INFO - Executing <Task(PythonOperator): download_and_load_raw> on 2025-01-26 00:00:00+00:00
[2026-02-09T12:30:43.600+0000] {logging_mixin.py:188} WARNING - /home/***/.local/lib/python3.12/site-packages/***/task/task_runner/standard_task_runner.py:62 DeprecationWarning: This process (pid=16998) is multi-threaded, use of fork() may lead to deadlocks in the child.
[2026-02-09T12:30:43.602+0000] {standard_task_runner.py:64} INFO - Started process 17002 to run task
[2026-02-09T12:30:43.600+0000] {standard_task_runner.py:90} INFO - Running: ['***', 'tasks', 'run', 'stock_raw_aapl', 'download_and_load_raw', 'scheduled__2025-01-26T00:00:00+00:00', '--job-id', '7534', '--raw', '--subdir', 'DAGS_FOLDER/stocks_dwh/raw/stocks_raw_dags.py', '--cfg-path', '/tmp/tmpx3ip6lbw']
[2026-02-09T12:30:43.603+0000] {standard_task_runner.py:91} INFO - Job 7534: Subtask download_and_load_raw
[2026-02-09T12:30:43.665+0000] {task_command.py:426} INFO - Running <TaskInstance: stock_raw_aapl.download_and_load_raw scheduled__2025-01-26T00:00:00+00:00 [running]> on host 4886d37bc122
[2026-02-09T12:30:43.756+0000] {taskinstance.py:2648} INFO - Exporting env vars: AIRFLOW_CTX_DAG_OWNER='***' AIRFLOW_CTX_DAG_ID='stock_raw_aapl' AIRFLOW_CTX_TASK_ID='download_and_load_raw' AIRFLOW_CTX_EXECUTION_DATE='2025-01-26T00:00:00+00:00' AIRFLOW_CTX_TRY_NUMBER='1' AIRFLOW_CTX_DAG_RUN_ID='scheduled__2025-01-26T00:00:00+00:00'
[2026-02-09T12:30:43.757+0000] {taskinstance.py:430} INFO - ::endgroup::
[2026-02-09T12:30:43.767+0000] {stocks_raw_dags.py:37} INFO - 2025-01-26 00:00:00+00:00, 2025-01-27 00:00:00+00:00
[2026-02-09T12:30:43.768+0000] {logging_mixin.py:188} INFO - [RAW] Download AAPL [1d] 2025-01-25..2025-01-27
[2026-02-09T12:30:43.770+0000] {logging_mixin.py:188} WARNING - /opt/***/dags/stocks_dwh/raw/stocks_raw_dags.py:42 FutureWarning: YF.download() has changed argument auto_adjust default to True
[2026-02-09T12:30:43.779+0000] {logging_mixin.py:188} WARNING - /home/***/.local/lib/python3.12/site-packages/yfinance/scrapers/history.py:204 Pandas4Warning: Timestamp.utcnow is deprecated and will be removed in a future version. Use Timestamp.now('UTC') instead.
[2026-02-09T12:30:44.279+0000] {logging_mixin.py:188} WARNING - [*********************100%***********************]  1 of 1 completed
[2026-02-09T12:30:44.280+0000] {multi.py:185} ERROR - 
1 Failed download:
[2026-02-09T12:30:44.280+0000] {multi.py:198} ERROR - ['AAPL']: YFPricesMissingError('possibly delisted; no price data found  (1d 2025-01-25 -> 2025-01-27)')
[2026-02-09T12:30:44.292+0000] {logging_mixin.py:188} INFO - [RAW] No data from yfinance
[2026-02-09T12:30:44.293+0000] {python.py:237} INFO - Done. Returned value was: None
[2026-02-09T12:30:44.293+0000] {taskinstance.py:441} INFO - ::group::Post task execution logs
[2026-02-09T12:30:44.302+0000] {taskinstance.py:1206} INFO - Marking task as SUCCESS. dag_id=stock_raw_aapl, task_id=download_and_load_raw, run_id=scheduled__2025-01-26T00:00:00+00:00, execution_date=20250126T000000, start_date=20260209T123043, end_date=20260209T123044
[2026-02-09T12:30:44.337+0000] {local_task_job_runner.py:243} INFO - Task exited with return code 0
[2026-02-09T12:30:44.354+0000] {taskinstance.py:3503} INFO - 0 downstream tasks scheduled from follow-on schedule check
[2026-02-09T12:30:44.355+0000] {local_task_job_runner.py:222} INFO - ::endgroup::
