[2026-02-15T16:24:03.701+0000] {local_task_job_runner.py:120} INFO - ::group::Pre task execution logs
[2026-02-15T16:24:03.730+0000] {taskinstance.py:2076} INFO - Dependencies all met for dep_context=non-requeueable deps ti=<TaskInstance: stock_raw_aapl.download_and_load_raw manual__2026-02-15T10:03:01.474582+00:00 [queued]>
[2026-02-15T16:24:03.737+0000] {taskinstance.py:2076} INFO - Dependencies all met for dep_context=requeueable deps ti=<TaskInstance: stock_raw_aapl.download_and_load_raw manual__2026-02-15T10:03:01.474582+00:00 [queued]>
[2026-02-15T16:24:03.738+0000] {taskinstance.py:2306} INFO - Starting attempt 2 of 2
[2026-02-15T16:24:03.748+0000] {taskinstance.py:2330} INFO - Executing <Task(PythonOperator): download_and_load_raw> on 2026-02-15 10:03:01.474582+00:00
[2026-02-15T16:24:03.759+0000] {logging_mixin.py:188} WARNING - /home/***/.local/lib/python3.12/site-packages/***/task/task_runner/standard_task_runner.py:62 DeprecationWarning: This process (pid=1812) is multi-threaded, use of fork() may lead to deadlocks in the child.
[2026-02-15T16:24:03.761+0000] {standard_task_runner.py:64} INFO - Started process 1814 to run task
[2026-02-15T16:24:03.759+0000] {standard_task_runner.py:90} INFO - Running: ['***', 'tasks', 'run', 'stock_raw_aapl', 'download_and_load_raw', 'manual__2026-02-15T10:03:01.474582+00:00', '--job-id', '8057', '--raw', '--subdir', 'DAGS_FOLDER/stocks/dag.py', '--cfg-path', '/tmp/tmpp_17h22z']
[2026-02-15T16:24:03.761+0000] {standard_task_runner.py:91} INFO - Job 8057: Subtask download_and_load_raw
[2026-02-15T16:24:03.817+0000] {task_command.py:426} INFO - Running <TaskInstance: stock_raw_aapl.download_and_load_raw manual__2026-02-15T10:03:01.474582+00:00 [running]> on host 45ef9e308ede
[2026-02-15T16:24:03.897+0000] {taskinstance.py:2648} INFO - Exporting env vars: AIRFLOW_CTX_DAG_OWNER='***' AIRFLOW_CTX_DAG_ID='stock_raw_aapl' AIRFLOW_CTX_TASK_ID='download_and_load_raw' AIRFLOW_CTX_EXECUTION_DATE='2026-02-15T10:03:01.474582+00:00' AIRFLOW_CTX_TRY_NUMBER='2' AIRFLOW_CTX_DAG_RUN_ID='manual__2026-02-15T10:03:01.474582+00:00'
[2026-02-15T16:24:03.899+0000] {taskinstance.py:430} INFO - ::endgroup::
[2026-02-15T16:24:03.908+0000] {manager.py:30} INFO - Download AAPL [2026-02-13..2026-02-15]
[2026-02-15T16:24:03.919+0000] {logging_mixin.py:188} WARNING - /home/***/.local/lib/python3.12/site-packages/yfinance/scrapers/history.py:204 Pandas4Warning: Timestamp.utcnow is deprecated and will be removed in a future version. Use Timestamp.now('UTC') instead.
[2026-02-15T16:24:04.480+0000] {logging_mixin.py:188} WARNING - [*********************100%***********************]  1 of 1 completed
[2026-02-15T16:24:04.518+0000] {base.py:84} INFO - Using connection ID 'dwh_clickhouse' for task execution.
[2026-02-15T16:24:04.543+0000] {manager.py:48} INFO - Deleted existing RAW rows for AAPL in 2026-02-13..2026-02-15
[2026-02-15T16:24:04.555+0000] {manager.py:52} INFO - Inserted 1 rows into dwh.raw_stock_prices
[2026-02-15T16:24:04.556+0000] {python.py:237} INFO - Done. Returned value was: None
[2026-02-15T16:24:04.557+0000] {taskinstance.py:441} INFO - ::group::Post task execution logs
[2026-02-15T16:24:04.566+0000] {taskinstance.py:1206} INFO - Marking task as SUCCESS. dag_id=stock_raw_aapl, task_id=download_and_load_raw, run_id=manual__2026-02-15T10:03:01.474582+00:00, execution_date=20260215T100301, start_date=20260215T162403, end_date=20260215T162404
[2026-02-15T16:24:04.618+0000] {local_task_job_runner.py:243} INFO - Task exited with return code 0
[2026-02-15T16:24:04.638+0000] {taskinstance.py:3503} INFO - 1 downstream tasks scheduled from follow-on schedule check
[2026-02-15T16:24:04.641+0000] {local_task_job_runner.py:222} INFO - ::endgroup::
