[2026-02-09T10:06:06.451+0000] {local_task_job_runner.py:120} INFO - ::group::Pre task execution logs
[2026-02-09T10:06:06.484+0000] {taskinstance.py:2076} INFO - Dependencies all met for dep_context=non-requeueable deps ti=<TaskInstance: stock_raw_aapl.download scheduled__2024-01-12T00:00:00+00:00 [queued]>
[2026-02-09T10:06:06.494+0000] {taskinstance.py:2076} INFO - Dependencies all met for dep_context=requeueable deps ti=<TaskInstance: stock_raw_aapl.download scheduled__2024-01-12T00:00:00+00:00 [queued]>
[2026-02-09T10:06:06.495+0000] {taskinstance.py:2306} INFO - Starting attempt 1 of 1
[2026-02-09T10:06:06.506+0000] {taskinstance.py:2330} INFO - Executing <Task(PythonOperator): download> on 2024-01-12 00:00:00+00:00
[2026-02-09T10:06:06.518+0000] {logging_mixin.py:188} WARNING - /home/***/.local/lib/python3.12/site-packages/***/task/task_runner/standard_task_runner.py:62 DeprecationWarning: This process (pid=1206) is multi-threaded, use of fork() may lead to deadlocks in the child.
[2026-02-09T10:06:06.519+0000] {standard_task_runner.py:64} INFO - Started process 1211 to run task
[2026-02-09T10:06:06.518+0000] {standard_task_runner.py:90} INFO - Running: ['***', 'tasks', 'run', 'stock_raw_aapl', 'download', 'scheduled__2024-01-12T00:00:00+00:00', '--job-id', '2884', '--raw', '--subdir', 'DAGS_FOLDER/stocks_dwh/raw/stocks_raw_dags.py', '--cfg-path', '/tmp/tmpb1o5o5w5']
[2026-02-09T10:06:06.520+0000] {standard_task_runner.py:91} INFO - Job 2884: Subtask download
[2026-02-09T10:06:06.585+0000] {task_command.py:426} INFO - Running <TaskInstance: stock_raw_aapl.download scheduled__2024-01-12T00:00:00+00:00 [running]> on host b6b9e92e7d61
[2026-02-09T10:06:06.680+0000] {taskinstance.py:2648} INFO - Exporting env vars: AIRFLOW_CTX_DAG_OWNER='***' AIRFLOW_CTX_DAG_ID='stock_raw_aapl' AIRFLOW_CTX_TASK_ID='download' AIRFLOW_CTX_EXECUTION_DATE='2024-01-12T00:00:00+00:00' AIRFLOW_CTX_TRY_NUMBER='1' AIRFLOW_CTX_DAG_RUN_ID='scheduled__2024-01-12T00:00:00+00:00'
[2026-02-09T10:06:06.683+0000] {taskinstance.py:430} INFO - ::endgroup::
[2026-02-09T10:06:06.696+0000] {logging_mixin.py:188} INFO - Downloading AAPL [1d] from 2024-01-12 to 2024-01-13
[2026-02-09T10:06:06.699+0000] {logging_mixin.py:188} WARNING - /opt/***/dags/stocks_dwh/raw/stocks_raw_dags.py:25 FutureWarning: YF.download() has changed argument auto_adjust default to True
[2026-02-09T10:06:06.708+0000] {logging_mixin.py:188} WARNING - /home/***/.local/lib/python3.12/site-packages/yfinance/scrapers/history.py:204 Pandas4Warning: Timestamp.utcnow is deprecated and will be removed in a future version. Use Timestamp.now('UTC') instead.
[2026-02-09T10:06:07.254+0000] {logging_mixin.py:188} INFO - Saved -> /opt/***/data/aapl__2024-01-12__2024-01-13__1d.parquet
[2026-02-09T10:06:07.255+0000] {python.py:237} INFO - Done. Returned value was: None
[2026-02-09T10:06:07.256+0000] {taskinstance.py:441} INFO - ::group::Post task execution logs
[2026-02-09T10:06:07.265+0000] {taskinstance.py:1206} INFO - Marking task as SUCCESS. dag_id=stock_raw_aapl, task_id=download, run_id=scheduled__2024-01-12T00:00:00+00:00, execution_date=20240112T000000, start_date=20260209T100606, end_date=20260209T100607
[2026-02-09T10:06:07.335+0000] {local_task_job_runner.py:243} INFO - Task exited with return code 0
[2026-02-09T10:06:07.356+0000] {taskinstance.py:3503} INFO - 0 downstream tasks scheduled from follow-on schedule check
[2026-02-09T10:06:07.359+0000] {local_task_job_runner.py:222} INFO - ::endgroup::
