[2026-02-09T10:48:54.023+0000] {local_task_job_runner.py:120} INFO - ::group::Pre task execution logs
[2026-02-09T10:48:54.053+0000] {taskinstance.py:2076} INFO - Dependencies all met for dep_context=non-requeueable deps ti=<TaskInstance: stock_raw_aapl.download_and_load_raw scheduled__2026-01-25T00:00:00+00:00 [queued]>
[2026-02-09T10:48:54.061+0000] {taskinstance.py:2076} INFO - Dependencies all met for dep_context=requeueable deps ti=<TaskInstance: stock_raw_aapl.download_and_load_raw scheduled__2026-01-25T00:00:00+00:00 [queued]>
[2026-02-09T10:48:54.062+0000] {taskinstance.py:2306} INFO - Starting attempt 1 of 1
[2026-02-09T10:48:54.075+0000] {taskinstance.py:2330} INFO - Executing <Task(PythonOperator): download_and_load_raw> on 2026-01-25 00:00:00+00:00
[2026-02-09T10:48:54.087+0000] {logging_mixin.py:188} WARNING - /home/***/.local/lib/python3.12/site-packages/***/task/task_runner/standard_task_runner.py:62 DeprecationWarning: This process (pid=10653) is multi-threaded, use of fork() may lead to deadlocks in the child.
[2026-02-09T10:48:54.087+0000] {standard_task_runner.py:90} INFO - Running: ['***', 'tasks', 'run', 'stock_raw_aapl', 'download_and_load_raw', 'scheduled__2026-01-25T00:00:00+00:00', '--job-id', '6560', '--raw', '--subdir', 'DAGS_FOLDER/stocks_dwh/raw/stocks_raw_dags.py', '--cfg-path', '/tmp/tmptd62zvfe']
[2026-02-09T10:48:54.090+0000] {standard_task_runner.py:64} INFO - Started process 10662 to run task
[2026-02-09T10:48:54.090+0000] {standard_task_runner.py:91} INFO - Job 6560: Subtask download_and_load_raw
[2026-02-09T10:48:54.155+0000] {task_command.py:426} INFO - Running <TaskInstance: stock_raw_aapl.download_and_load_raw scheduled__2026-01-25T00:00:00+00:00 [running]> on host 4886d37bc122
[2026-02-09T10:48:54.249+0000] {taskinstance.py:2648} INFO - Exporting env vars: AIRFLOW_CTX_DAG_OWNER='***' AIRFLOW_CTX_DAG_ID='stock_raw_aapl' AIRFLOW_CTX_TASK_ID='download_and_load_raw' AIRFLOW_CTX_EXECUTION_DATE='2026-01-25T00:00:00+00:00' AIRFLOW_CTX_TRY_NUMBER='1' AIRFLOW_CTX_DAG_RUN_ID='scheduled__2026-01-25T00:00:00+00:00'
[2026-02-09T10:48:54.251+0000] {taskinstance.py:430} INFO - ::endgroup::
[2026-02-09T10:48:54.263+0000] {logging_mixin.py:188} INFO - [RAW] Download AAPL [1d] 2026-01-25..2026-01-26
[2026-02-09T10:48:54.265+0000] {logging_mixin.py:188} WARNING - /opt/***/dags/stocks_dwh/raw/stocks_raw_dags.py:38 FutureWarning: YF.download() has changed argument auto_adjust default to True
[2026-02-09T10:48:54.273+0000] {logging_mixin.py:188} WARNING - /home/***/.local/lib/python3.12/site-packages/yfinance/scrapers/history.py:204 Pandas4Warning: Timestamp.utcnow is deprecated and will be removed in a future version. Use Timestamp.now('UTC') instead.
[2026-02-09T10:48:54.764+0000] {multi.py:185} ERROR - 
1 Failed download:
[2026-02-09T10:48:54.766+0000] {multi.py:198} ERROR - ['AAPL']: YFPricesMissingError('possibly delisted; no price data found  (1d 2026-01-25 -> 2026-01-26)')
[2026-02-09T10:48:54.784+0000] {logging_mixin.py:188} INFO - [RAW] No data from yfinance
[2026-02-09T10:48:54.785+0000] {python.py:237} INFO - Done. Returned value was: None
[2026-02-09T10:48:54.785+0000] {taskinstance.py:441} INFO - ::group::Post task execution logs
[2026-02-09T10:48:54.797+0000] {taskinstance.py:1206} INFO - Marking task as SUCCESS. dag_id=stock_raw_aapl, task_id=download_and_load_raw, run_id=scheduled__2026-01-25T00:00:00+00:00, execution_date=20260125T000000, start_date=20260209T104854, end_date=20260209T104854
[2026-02-09T10:48:54.865+0000] {local_task_job_runner.py:243} INFO - Task exited with return code 0
[2026-02-09T10:48:54.882+0000] {taskinstance.py:3503} INFO - 0 downstream tasks scheduled from follow-on schedule check
[2026-02-09T10:48:54.884+0000] {local_task_job_runner.py:222} INFO - ::endgroup::
[2026-02-09T12:50:55.650+0000] {local_task_job_runner.py:120} INFO - ::group::Pre task execution logs
[2026-02-09T12:50:55.681+0000] {taskinstance.py:2076} INFO - Dependencies all met for dep_context=non-requeueable deps ti=<TaskInstance: stock_raw_aapl.download_and_load_raw scheduled__2026-01-25T00:00:00+00:00 [queued]>
[2026-02-09T12:50:55.689+0000] {taskinstance.py:2076} INFO - Dependencies all met for dep_context=requeueable deps ti=<TaskInstance: stock_raw_aapl.download_and_load_raw scheduled__2026-01-25T00:00:00+00:00 [queued]>
[2026-02-09T12:50:55.690+0000] {taskinstance.py:2306} INFO - Starting attempt 1 of 1
[2026-02-09T12:50:55.703+0000] {taskinstance.py:2330} INFO - Executing <Task(PythonOperator): download_and_load_raw> on 2026-01-25 00:00:00+00:00
[2026-02-09T12:50:55.715+0000] {logging_mixin.py:188} WARNING - /home/***/.local/lib/python3.12/site-packages/***/task/task_runner/standard_task_runner.py:62 DeprecationWarning: This process (pid=19125) is multi-threaded, use of fork() may lead to deadlocks in the child.
[2026-02-09T12:50:55.717+0000] {standard_task_runner.py:64} INFO - Started process 19127 to run task
[2026-02-09T12:50:55.716+0000] {standard_task_runner.py:90} INFO - Running: ['***', 'tasks', 'run', 'stock_raw_aapl', 'download_and_load_raw', 'scheduled__2026-01-25T00:00:00+00:00', '--job-id', '7947', '--raw', '--subdir', 'DAGS_FOLDER/stocks_dwh/raw/stocks_raw_dags.py', '--cfg-path', '/tmp/tmp1n79qqwu']
[2026-02-09T12:50:55.718+0000] {standard_task_runner.py:91} INFO - Job 7947: Subtask download_and_load_raw
[2026-02-09T12:50:55.786+0000] {task_command.py:426} INFO - Running <TaskInstance: stock_raw_aapl.download_and_load_raw scheduled__2026-01-25T00:00:00+00:00 [running]> on host 4886d37bc122
[2026-02-09T12:50:55.881+0000] {taskinstance.py:2648} INFO - Exporting env vars: AIRFLOW_CTX_DAG_OWNER='***' AIRFLOW_CTX_DAG_ID='stock_raw_aapl' AIRFLOW_CTX_TASK_ID='download_and_load_raw' AIRFLOW_CTX_EXECUTION_DATE='2026-01-25T00:00:00+00:00' AIRFLOW_CTX_TRY_NUMBER='1' AIRFLOW_CTX_DAG_RUN_ID='scheduled__2026-01-25T00:00:00+00:00'
[2026-02-09T12:50:55.883+0000] {taskinstance.py:430} INFO - ::endgroup::
[2026-02-09T12:50:55.893+0000] {stocks_raw_dags.py:37} INFO - 2026-01-25 00:00:00+00:00, 2026-01-26 00:00:00+00:00
[2026-02-09T12:50:55.894+0000] {logging_mixin.py:188} INFO - [RAW] Download AAPL [1d] 2026-01-24..2026-01-26
[2026-02-09T12:50:55.897+0000] {logging_mixin.py:188} WARNING - /opt/***/dags/stocks_dwh/raw/stocks_raw_dags.py:42 FutureWarning: YF.download() has changed argument auto_adjust default to True
[2026-02-09T12:50:55.905+0000] {logging_mixin.py:188} WARNING - /home/***/.local/lib/python3.12/site-packages/yfinance/scrapers/history.py:204 Pandas4Warning: Timestamp.utcnow is deprecated and will be removed in a future version. Use Timestamp.now('UTC') instead.
[2026-02-09T12:50:56.407+0000] {logging_mixin.py:188} WARNING - [*********************100%***********************]  1 of 1 completed
[2026-02-09T12:50:56.408+0000] {multi.py:185} ERROR - 
1 Failed download:
[2026-02-09T12:50:56.409+0000] {multi.py:198} ERROR - ['AAPL']: YFPricesMissingError('possibly delisted; no price data found  (1d 2026-01-24 -> 2026-01-26)')
[2026-02-09T12:50:56.423+0000] {logging_mixin.py:188} INFO - [RAW] No data from yfinance
[2026-02-09T12:50:56.423+0000] {python.py:237} INFO - Done. Returned value was: None
[2026-02-09T12:50:56.424+0000] {taskinstance.py:441} INFO - ::group::Post task execution logs
[2026-02-09T12:50:56.435+0000] {taskinstance.py:1206} INFO - Marking task as SUCCESS. dag_id=stock_raw_aapl, task_id=download_and_load_raw, run_id=scheduled__2026-01-25T00:00:00+00:00, execution_date=20260125T000000, start_date=20260209T125055, end_date=20260209T125056
[2026-02-09T12:50:56.493+0000] {local_task_job_runner.py:243} INFO - Task exited with return code 0
[2026-02-09T12:50:56.515+0000] {taskinstance.py:3503} INFO - 0 downstream tasks scheduled from follow-on schedule check
[2026-02-09T12:50:56.519+0000] {local_task_job_runner.py:222} INFO - ::endgroup::
