[2026-02-09T10:15:33.400+0000] {local_task_job_runner.py:120} INFO - ::group::Pre task execution logs
[2026-02-09T10:15:33.435+0000] {taskinstance.py:2076} INFO - Dependencies all met for dep_context=non-requeueable deps ti=<TaskInstance: stock_raw_aapl.download_and_load_raw scheduled__2024-06-23T00:00:00+00:00 [queued]>
[2026-02-09T10:15:33.445+0000] {taskinstance.py:2076} INFO - Dependencies all met for dep_context=requeueable deps ti=<TaskInstance: stock_raw_aapl.download_and_load_raw scheduled__2024-06-23T00:00:00+00:00 [queued]>
[2026-02-09T10:15:33.446+0000] {taskinstance.py:2306} INFO - Starting attempt 1 of 1
[2026-02-09T10:15:33.462+0000] {taskinstance.py:2330} INFO - Executing <Task(PythonOperator): download_and_load_raw> on 2024-06-23 00:00:00+00:00
[2026-02-09T10:15:33.477+0000] {logging_mixin.py:188} WARNING - /home/***/.local/lib/python3.12/site-packages/***/task/task_runner/standard_task_runner.py:62 DeprecationWarning: This process (pid=4664) is multi-threaded, use of fork() may lead to deadlocks in the child.
[2026-02-09T10:15:33.480+0000] {standard_task_runner.py:64} INFO - Started process 4674 to run task
[2026-02-09T10:15:33.477+0000] {standard_task_runner.py:90} INFO - Running: ['***', 'tasks', 'run', 'stock_raw_aapl', 'download_and_load_raw', 'scheduled__2024-06-23T00:00:00+00:00', '--job-id', '3694', '--raw', '--subdir', 'DAGS_FOLDER/stocks_dwh/raw/stocks_raw_dags.py', '--cfg-path', '/tmp/tmp3vjdo9_9']
[2026-02-09T10:15:33.481+0000] {standard_task_runner.py:91} INFO - Job 3694: Subtask download_and_load_raw
[2026-02-09T10:15:33.558+0000] {task_command.py:426} INFO - Running <TaskInstance: stock_raw_aapl.download_and_load_raw scheduled__2024-06-23T00:00:00+00:00 [running]> on host b6b9e92e7d61
[2026-02-09T10:15:33.671+0000] {taskinstance.py:2648} INFO - Exporting env vars: AIRFLOW_CTX_DAG_OWNER='***' AIRFLOW_CTX_DAG_ID='stock_raw_aapl' AIRFLOW_CTX_TASK_ID='download_and_load_raw' AIRFLOW_CTX_EXECUTION_DATE='2024-06-23T00:00:00+00:00' AIRFLOW_CTX_TRY_NUMBER='1' AIRFLOW_CTX_DAG_RUN_ID='scheduled__2024-06-23T00:00:00+00:00'
[2026-02-09T10:15:33.672+0000] {taskinstance.py:430} INFO - ::endgroup::
[2026-02-09T10:15:33.682+0000] {logging_mixin.py:188} INFO - [RAW] Download AAPL [1d] 2024-06-23..2024-06-24
[2026-02-09T10:15:33.685+0000] {logging_mixin.py:188} WARNING - /opt/***/dags/stocks_dwh/raw/stocks_raw_dags.py:38 FutureWarning: YF.download() has changed argument auto_adjust default to True
[2026-02-09T10:15:33.694+0000] {logging_mixin.py:188} WARNING - /home/***/.local/lib/python3.12/site-packages/yfinance/scrapers/history.py:204 Pandas4Warning: Timestamp.utcnow is deprecated and will be removed in a future version. Use Timestamp.now('UTC') instead.
[2026-02-09T10:15:34.184+0000] {multi.py:185} ERROR - 
1 Failed download:
[2026-02-09T10:15:34.184+0000] {multi.py:198} ERROR - ['AAPL']: YFPricesMissingError('possibly delisted; no price data found  (1d 2024-06-23 -> 2024-06-24)')
[2026-02-09T10:15:34.203+0000] {logging_mixin.py:188} INFO - [RAW] No data from yfinance
[2026-02-09T10:15:34.203+0000] {python.py:237} INFO - Done. Returned value was: None
[2026-02-09T10:15:34.204+0000] {taskinstance.py:441} INFO - ::group::Post task execution logs
[2026-02-09T10:15:34.213+0000] {taskinstance.py:1206} INFO - Marking task as SUCCESS. dag_id=stock_raw_aapl, task_id=download_and_load_raw, run_id=scheduled__2024-06-23T00:00:00+00:00, execution_date=20240623T000000, start_date=20260209T101533, end_date=20260209T101534
[2026-02-09T10:15:34.257+0000] {local_task_job_runner.py:243} INFO - Task exited with return code 0
[2026-02-09T10:15:34.273+0000] {taskinstance.py:3503} INFO - 0 downstream tasks scheduled from follow-on schedule check
[2026-02-09T10:15:34.275+0000] {local_task_job_runner.py:222} INFO - ::endgroup::
[2026-02-09T12:19:17.367+0000] {local_task_job_runner.py:120} INFO - ::group::Pre task execution logs
[2026-02-09T12:19:17.398+0000] {taskinstance.py:2076} INFO - Dependencies all met for dep_context=non-requeueable deps ti=<TaskInstance: stock_raw_aapl.download_and_load_raw scheduled__2024-06-23T00:00:00+00:00 [queued]>
[2026-02-09T12:19:17.408+0000] {taskinstance.py:2076} INFO - Dependencies all met for dep_context=requeueable deps ti=<TaskInstance: stock_raw_aapl.download_and_load_raw scheduled__2024-06-23T00:00:00+00:00 [queued]>
[2026-02-09T12:19:17.409+0000] {taskinstance.py:2306} INFO - Starting attempt 1 of 1
[2026-02-09T12:19:17.421+0000] {taskinstance.py:2330} INFO - Executing <Task(PythonOperator): download_and_load_raw> on 2024-06-23 00:00:00+00:00
[2026-02-09T12:19:17.433+0000] {logging_mixin.py:188} WARNING - /home/***/.local/lib/python3.12/site-packages/***/task/task_runner/standard_task_runner.py:62 DeprecationWarning: This process (pid=14992) is multi-threaded, use of fork() may lead to deadlocks in the child.
[2026-02-09T12:19:17.435+0000] {standard_task_runner.py:64} INFO - Started process 14995 to run task
[2026-02-09T12:19:17.433+0000] {standard_task_runner.py:90} INFO - Running: ['***', 'tasks', 'run', 'stock_raw_aapl', 'download_and_load_raw', 'scheduled__2024-06-23T00:00:00+00:00', '--job-id', '7100', '--raw', '--subdir', 'DAGS_FOLDER/stocks_dwh/raw/stocks_raw_dags.py', '--cfg-path', '/tmp/tmp18eedntp']
[2026-02-09T12:19:17.436+0000] {standard_task_runner.py:91} INFO - Job 7100: Subtask download_and_load_raw
[2026-02-09T12:19:17.499+0000] {task_command.py:426} INFO - Running <TaskInstance: stock_raw_aapl.download_and_load_raw scheduled__2024-06-23T00:00:00+00:00 [running]> on host 4886d37bc122
[2026-02-09T12:19:17.596+0000] {taskinstance.py:2648} INFO - Exporting env vars: AIRFLOW_CTX_DAG_OWNER='***' AIRFLOW_CTX_DAG_ID='stock_raw_aapl' AIRFLOW_CTX_TASK_ID='download_and_load_raw' AIRFLOW_CTX_EXECUTION_DATE='2024-06-23T00:00:00+00:00' AIRFLOW_CTX_TRY_NUMBER='1' AIRFLOW_CTX_DAG_RUN_ID='scheduled__2024-06-23T00:00:00+00:00'
[2026-02-09T12:19:17.597+0000] {taskinstance.py:430} INFO - ::endgroup::
[2026-02-09T12:19:17.609+0000] {stocks_raw_dags.py:37} INFO - 2024-06-23 00:00:00+00:00, 2024-06-24 00:00:00+00:00
[2026-02-09T12:19:17.610+0000] {logging_mixin.py:188} INFO - [RAW] Download AAPL [1d] 2024-06-22..2024-06-24
[2026-02-09T12:19:17.612+0000] {logging_mixin.py:188} WARNING - /opt/***/dags/stocks_dwh/raw/stocks_raw_dags.py:42 FutureWarning: YF.download() has changed argument auto_adjust default to True
[2026-02-09T12:19:17.620+0000] {logging_mixin.py:188} WARNING - /home/***/.local/lib/python3.12/site-packages/yfinance/scrapers/history.py:204 Pandas4Warning: Timestamp.utcnow is deprecated and will be removed in a future version. Use Timestamp.now('UTC') instead.
[2026-02-09T12:19:18.143+0000] {logging_mixin.py:188} WARNING - [*********************100%***********************]  1 of 1 completed
[2026-02-09T12:19:18.145+0000] {multi.py:185} ERROR - 
1 Failed download:
[2026-02-09T12:19:18.146+0000] {multi.py:198} ERROR - ['AAPL']: YFPricesMissingError('possibly delisted; no price data found  (1d 2024-06-22 -> 2024-06-24)')
[2026-02-09T12:19:18.163+0000] {logging_mixin.py:188} INFO - [RAW] No data from yfinance
[2026-02-09T12:19:18.164+0000] {python.py:237} INFO - Done. Returned value was: None
[2026-02-09T12:19:18.164+0000] {taskinstance.py:441} INFO - ::group::Post task execution logs
[2026-02-09T12:19:18.174+0000] {taskinstance.py:1206} INFO - Marking task as SUCCESS. dag_id=stock_raw_aapl, task_id=download_and_load_raw, run_id=scheduled__2024-06-23T00:00:00+00:00, execution_date=20240623T000000, start_date=20260209T121917, end_date=20260209T121918
[2026-02-09T12:19:18.211+0000] {local_task_job_runner.py:243} INFO - Task exited with return code 0
[2026-02-09T12:19:18.232+0000] {taskinstance.py:3503} INFO - 0 downstream tasks scheduled from follow-on schedule check
[2026-02-09T12:19:18.235+0000] {local_task_job_runner.py:222} INFO - ::endgroup::
