[2026-02-09T12:24:22.094+0000] {local_task_job_runner.py:120} INFO - ::group::Pre task execution logs
[2026-02-09T12:24:22.126+0000] {taskinstance.py:2076} INFO - Dependencies all met for dep_context=non-requeueable deps ti=<TaskInstance: stock_raw_msft.download_and_load_raw scheduled__2025-06-02T00:00:00+00:00 [queued]>
[2026-02-09T12:24:22.137+0000] {taskinstance.py:2076} INFO - Dependencies all met for dep_context=requeueable deps ti=<TaskInstance: stock_raw_msft.download_and_load_raw scheduled__2025-06-02T00:00:00+00:00 [queued]>
[2026-02-09T12:24:22.138+0000] {taskinstance.py:2306} INFO - Starting attempt 2 of 2
[2026-02-09T12:24:22.153+0000] {taskinstance.py:2330} INFO - Executing <Task(PythonOperator): download_and_load_raw> on 2025-06-02 00:00:00+00:00
[2026-02-09T12:24:22.168+0000] {logging_mixin.py:188} WARNING - /home/***/.local/lib/python3.12/site-packages/***/task/task_runner/standard_task_runner.py:62 DeprecationWarning: This process (pid=15842) is multi-threaded, use of fork() may lead to deadlocks in the child.
[2026-02-09T12:24:22.167+0000] {standard_task_runner.py:90} INFO - Running: ['***', 'tasks', 'run', 'stock_raw_msft', 'download_and_load_raw', 'scheduled__2025-06-02T00:00:00+00:00', '--job-id', '7285', '--raw', '--subdir', 'DAGS_FOLDER/stocks_dwh/raw/stocks_raw_dags.py', '--cfg-path', '/tmp/tmp_m1guj7s']
[2026-02-09T12:24:22.169+0000] {standard_task_runner.py:64} INFO - Started process 15846 to run task
[2026-02-09T12:24:22.169+0000] {standard_task_runner.py:91} INFO - Job 7285: Subtask download_and_load_raw
[2026-02-09T12:24:22.236+0000] {task_command.py:426} INFO - Running <TaskInstance: stock_raw_msft.download_and_load_raw scheduled__2025-06-02T00:00:00+00:00 [running]> on host 4886d37bc122
[2026-02-09T12:24:22.334+0000] {taskinstance.py:2648} INFO - Exporting env vars: AIRFLOW_CTX_DAG_OWNER='***' AIRFLOW_CTX_DAG_ID='stock_raw_msft' AIRFLOW_CTX_TASK_ID='download_and_load_raw' AIRFLOW_CTX_EXECUTION_DATE='2025-06-02T00:00:00+00:00' AIRFLOW_CTX_TRY_NUMBER='2' AIRFLOW_CTX_DAG_RUN_ID='scheduled__2025-06-02T00:00:00+00:00'
[2026-02-09T12:24:22.335+0000] {taskinstance.py:430} INFO - ::endgroup::
[2026-02-09T12:24:22.347+0000] {stocks_raw_dags.py:37} INFO - 2025-06-02 00:00:00+00:00, 2025-06-03 00:00:00+00:00
[2026-02-09T12:24:22.349+0000] {logging_mixin.py:188} INFO - [RAW] Download MSFT [1d] 2025-06-01..2025-06-03
[2026-02-09T12:24:22.351+0000] {logging_mixin.py:188} WARNING - /opt/***/dags/stocks_dwh/raw/stocks_raw_dags.py:42 FutureWarning: YF.download() has changed argument auto_adjust default to True
[2026-02-09T12:24:22.360+0000] {logging_mixin.py:188} WARNING - /home/***/.local/lib/python3.12/site-packages/yfinance/scrapers/history.py:204 Pandas4Warning: Timestamp.utcnow is deprecated and will be removed in a future version. Use Timestamp.now('UTC') instead.
[2026-02-09T12:24:22.916+0000] {logging_mixin.py:188} WARNING - [*********************100%***********************]  1 of 1 completed
[2026-02-09T12:24:22.965+0000] {base.py:84} INFO - Using connection ID 'dwh_clickhouse' for task execution.
[2026-02-09T12:24:22.994+0000] {logging_mixin.py:188} INFO - [RAW] Deleted existing rows for MSFT in 2025-06-01..2025-06-03
[2026-02-09T12:24:23.007+0000] {logging_mixin.py:188} INFO - [RAW] Inserted 1 rows into dwh.raw_stock_prices
[2026-02-09T12:24:23.010+0000] {python.py:237} INFO - Done. Returned value was: None
[2026-02-09T12:24:23.011+0000] {taskinstance.py:441} INFO - ::group::Post task execution logs
[2026-02-09T12:24:23.026+0000] {taskinstance.py:1206} INFO - Marking task as SUCCESS. dag_id=stock_raw_msft, task_id=download_and_load_raw, run_id=scheduled__2025-06-02T00:00:00+00:00, execution_date=20250602T000000, start_date=20260209T122422, end_date=20260209T122423
[2026-02-09T12:24:23.107+0000] {local_task_job_runner.py:243} INFO - Task exited with return code 0
[2026-02-09T12:24:23.131+0000] {taskinstance.py:3503} INFO - 0 downstream tasks scheduled from follow-on schedule check
[2026-02-09T12:24:23.133+0000] {local_task_job_runner.py:222} INFO - ::endgroup::
