[2026-02-09T10:47:44.946+0000] {local_task_job_runner.py:120} INFO - ::group::Pre task execution logs
[2026-02-09T10:47:44.980+0000] {taskinstance.py:2076} INFO - Dependencies all met for dep_context=non-requeueable deps ti=<TaskInstance: stock_raw_aapl.download_and_load_raw scheduled__2026-01-04T00:00:00+00:00 [queued]>
[2026-02-09T10:47:44.988+0000] {taskinstance.py:2076} INFO - Dependencies all met for dep_context=requeueable deps ti=<TaskInstance: stock_raw_aapl.download_and_load_raw scheduled__2026-01-04T00:00:00+00:00 [queued]>
[2026-02-09T10:47:44.989+0000] {taskinstance.py:2306} INFO - Starting attempt 1 of 1
[2026-02-09T10:47:45.003+0000] {taskinstance.py:2330} INFO - Executing <Task(PythonOperator): download_and_load_raw> on 2026-01-04 00:00:00+00:00
[2026-02-09T10:47:45.022+0000] {logging_mixin.py:188} WARNING - /home/***/.local/lib/python3.12/site-packages/***/task/task_runner/standard_task_runner.py:62 DeprecationWarning: This process (pid=10199) is multi-threaded, use of fork() may lead to deadlocks in the child.
[2026-02-09T10:47:45.024+0000] {standard_task_runner.py:64} INFO - Started process 10207 to run task
[2026-02-09T10:47:45.022+0000] {standard_task_runner.py:90} INFO - Running: ['***', 'tasks', 'run', 'stock_raw_aapl', 'download_and_load_raw', 'scheduled__2026-01-04T00:00:00+00:00', '--job-id', '6455', '--raw', '--subdir', 'DAGS_FOLDER/stocks_dwh/raw/stocks_raw_dags.py', '--cfg-path', '/tmp/tmpg7hssys5']
[2026-02-09T10:47:45.025+0000] {standard_task_runner.py:91} INFO - Job 6455: Subtask download_and_load_raw
[2026-02-09T10:47:45.092+0000] {task_command.py:426} INFO - Running <TaskInstance: stock_raw_aapl.download_and_load_raw scheduled__2026-01-04T00:00:00+00:00 [running]> on host 4886d37bc122
[2026-02-09T10:47:45.199+0000] {taskinstance.py:2648} INFO - Exporting env vars: AIRFLOW_CTX_DAG_OWNER='***' AIRFLOW_CTX_DAG_ID='stock_raw_aapl' AIRFLOW_CTX_TASK_ID='download_and_load_raw' AIRFLOW_CTX_EXECUTION_DATE='2026-01-04T00:00:00+00:00' AIRFLOW_CTX_TRY_NUMBER='1' AIRFLOW_CTX_DAG_RUN_ID='scheduled__2026-01-04T00:00:00+00:00'
[2026-02-09T10:47:45.200+0000] {taskinstance.py:430} INFO - ::endgroup::
[2026-02-09T10:47:45.215+0000] {logging_mixin.py:188} INFO - [RAW] Download AAPL [1d] 2026-01-04..2026-01-05
[2026-02-09T10:47:45.218+0000] {logging_mixin.py:188} WARNING - /opt/***/dags/stocks_dwh/raw/stocks_raw_dags.py:38 FutureWarning: YF.download() has changed argument auto_adjust default to True
[2026-02-09T10:47:45.226+0000] {logging_mixin.py:188} WARNING - /home/***/.local/lib/python3.12/site-packages/yfinance/scrapers/history.py:204 Pandas4Warning: Timestamp.utcnow is deprecated and will be removed in a future version. Use Timestamp.now('UTC') instead.
[2026-02-09T10:47:45.739+0000] {multi.py:185} ERROR - 
1 Failed download:
[2026-02-09T10:47:45.740+0000] {multi.py:198} ERROR - ['AAPL']: YFPricesMissingError('possibly delisted; no price data found  (1d 2026-01-04 -> 2026-01-05)')
[2026-02-09T10:47:45.754+0000] {logging_mixin.py:188} INFO - [RAW] No data from yfinance
[2026-02-09T10:47:45.755+0000] {python.py:237} INFO - Done. Returned value was: None
[2026-02-09T10:47:45.755+0000] {taskinstance.py:441} INFO - ::group::Post task execution logs
[2026-02-09T10:47:45.764+0000] {taskinstance.py:1206} INFO - Marking task as SUCCESS. dag_id=stock_raw_aapl, task_id=download_and_load_raw, run_id=scheduled__2026-01-04T00:00:00+00:00, execution_date=20260104T000000, start_date=20260209T104744, end_date=20260209T104745
[2026-02-09T10:47:45.798+0000] {local_task_job_runner.py:243} INFO - Task exited with return code 0
[2026-02-09T10:47:45.818+0000] {taskinstance.py:3503} INFO - 0 downstream tasks scheduled from follow-on schedule check
[2026-02-09T10:47:45.820+0000] {local_task_job_runner.py:222} INFO - ::endgroup::
[2026-02-09T12:49:39.691+0000] {local_task_job_runner.py:120} INFO - ::group::Pre task execution logs
[2026-02-09T12:49:39.723+0000] {taskinstance.py:2076} INFO - Dependencies all met for dep_context=non-requeueable deps ti=<TaskInstance: stock_raw_aapl.download_and_load_raw scheduled__2026-01-04T00:00:00+00:00 [queued]>
[2026-02-09T12:49:39.730+0000] {taskinstance.py:2076} INFO - Dependencies all met for dep_context=requeueable deps ti=<TaskInstance: stock_raw_aapl.download_and_load_raw scheduled__2026-01-04T00:00:00+00:00 [queued]>
[2026-02-09T12:49:39.731+0000] {taskinstance.py:2306} INFO - Starting attempt 1 of 1
[2026-02-09T12:49:39.745+0000] {taskinstance.py:2330} INFO - Executing <Task(PythonOperator): download_and_load_raw> on 2026-01-04 00:00:00+00:00
[2026-02-09T12:49:39.758+0000] {logging_mixin.py:188} WARNING - /home/***/.local/lib/python3.12/site-packages/***/task/task_runner/standard_task_runner.py:62 DeprecationWarning: This process (pid=19005) is multi-threaded, use of fork() may lead to deadlocks in the child.
[2026-02-09T12:49:39.759+0000] {standard_task_runner.py:64} INFO - Started process 19007 to run task
[2026-02-09T12:49:39.758+0000] {standard_task_runner.py:90} INFO - Running: ['***', 'tasks', 'run', 'stock_raw_aapl', 'download_and_load_raw', 'scheduled__2026-01-04T00:00:00+00:00', '--job-id', '7926', '--raw', '--subdir', 'DAGS_FOLDER/stocks_dwh/raw/stocks_raw_dags.py', '--cfg-path', '/tmp/tmpm55khffm']
[2026-02-09T12:49:39.760+0000] {standard_task_runner.py:91} INFO - Job 7926: Subtask download_and_load_raw
[2026-02-09T12:49:39.824+0000] {task_command.py:426} INFO - Running <TaskInstance: stock_raw_aapl.download_and_load_raw scheduled__2026-01-04T00:00:00+00:00 [running]> on host 4886d37bc122
[2026-02-09T12:49:39.923+0000] {taskinstance.py:2648} INFO - Exporting env vars: AIRFLOW_CTX_DAG_OWNER='***' AIRFLOW_CTX_DAG_ID='stock_raw_aapl' AIRFLOW_CTX_TASK_ID='download_and_load_raw' AIRFLOW_CTX_EXECUTION_DATE='2026-01-04T00:00:00+00:00' AIRFLOW_CTX_TRY_NUMBER='1' AIRFLOW_CTX_DAG_RUN_ID='scheduled__2026-01-04T00:00:00+00:00'
[2026-02-09T12:49:39.924+0000] {taskinstance.py:430} INFO - ::endgroup::
[2026-02-09T12:49:39.935+0000] {stocks_raw_dags.py:37} INFO - 2026-01-04 00:00:00+00:00, 2026-01-05 00:00:00+00:00
[2026-02-09T12:49:39.935+0000] {logging_mixin.py:188} INFO - [RAW] Download AAPL [1d] 2026-01-03..2026-01-05
[2026-02-09T12:49:39.938+0000] {logging_mixin.py:188} WARNING - /opt/***/dags/stocks_dwh/raw/stocks_raw_dags.py:42 FutureWarning: YF.download() has changed argument auto_adjust default to True
[2026-02-09T12:49:39.947+0000] {logging_mixin.py:188} WARNING - /home/***/.local/lib/python3.12/site-packages/yfinance/scrapers/history.py:204 Pandas4Warning: Timestamp.utcnow is deprecated and will be removed in a future version. Use Timestamp.now('UTC') instead.
[2026-02-09T12:49:41.800+0000] {logging_mixin.py:188} WARNING - [*********************100%***********************]  1 of 1 completed
[2026-02-09T12:49:41.800+0000] {multi.py:185} ERROR - 
1 Failed download:
[2026-02-09T12:49:41.801+0000] {multi.py:198} ERROR - ['AAPL']: YFPricesMissingError('possibly delisted; no price data found  (1d 2026-01-03 -> 2026-01-05)')
[2026-02-09T12:49:41.825+0000] {logging_mixin.py:188} INFO - [RAW] No data from yfinance
[2026-02-09T12:49:41.826+0000] {python.py:237} INFO - Done. Returned value was: None
[2026-02-09T12:49:41.827+0000] {taskinstance.py:441} INFO - ::group::Post task execution logs
[2026-02-09T12:49:41.840+0000] {taskinstance.py:1206} INFO - Marking task as SUCCESS. dag_id=stock_raw_aapl, task_id=download_and_load_raw, run_id=scheduled__2026-01-04T00:00:00+00:00, execution_date=20260104T000000, start_date=20260209T124939, end_date=20260209T124941
[2026-02-09T12:49:41.940+0000] {local_task_job_runner.py:243} INFO - Task exited with return code 0
[2026-02-09T12:49:41.971+0000] {taskinstance.py:3503} INFO - 0 downstream tasks scheduled from follow-on schedule check
[2026-02-09T12:49:41.975+0000] {local_task_job_runner.py:222} INFO - ::endgroup::
