[2026-02-06T14:12:14.140+0000] {local_task_job_runner.py:120} INFO - ::group::Pre task execution logs
[2026-02-06T14:12:14.206+0000] {taskinstance.py:2076} INFO - Dependencies all met for dep_context=non-requeueable deps ti=<TaskInstance: my_dag.task_1 scheduled__2026-01-04T00:00:00+00:00 [queued]>
[2026-02-06T14:12:14.219+0000] {taskinstance.py:2076} INFO - Dependencies all met for dep_context=requeueable deps ti=<TaskInstance: my_dag.task_1 scheduled__2026-01-04T00:00:00+00:00 [queued]>
[2026-02-06T14:12:14.224+0000] {taskinstance.py:2306} INFO - Starting attempt 1 of 1
[2026-02-06T14:12:14.272+0000] {taskinstance.py:2330} INFO - Executing <Task(PythonOperator): task_1> on 2026-01-04 00:00:00+00:00
[2026-02-06T14:12:14.294+0000] {logging_mixin.py:188} WARNING - /home/***/.local/lib/python3.12/site-packages/***/task/task_runner/standard_task_runner.py:62 DeprecationWarning: This process (pid=990) is multi-threaded, use of fork() may lead to deadlocks in the child.
[2026-02-06T14:12:14.298+0000] {standard_task_runner.py:64} INFO - Started process 997 to run task
[2026-02-06T14:12:14.295+0000] {standard_task_runner.py:90} INFO - Running: ['***', 'tasks', 'run', 'my_dag', 'task_1', 'scheduled__2026-01-04T00:00:00+00:00', '--job-id', '6', '--raw', '--subdir', 'DAGS_FOLDER/dag.py', '--cfg-path', '/tmp/tmphbgw63b3']
[2026-02-06T14:12:14.302+0000] {standard_task_runner.py:91} INFO - Job 6: Subtask task_1
[2026-02-06T14:12:14.505+0000] {task_command.py:426} INFO - Running <TaskInstance: my_dag.task_1 scheduled__2026-01-04T00:00:00+00:00 [running]> on host 6f0f650196f7
[2026-02-06T14:12:14.677+0000] {taskinstance.py:2648} INFO - Exporting env vars: AIRFLOW_CTX_DAG_OWNER='***' AIRFLOW_CTX_DAG_ID='my_dag' AIRFLOW_CTX_TASK_ID='task_1' AIRFLOW_CTX_EXECUTION_DATE='2026-01-04T00:00:00+00:00' AIRFLOW_CTX_TRY_NUMBER='1' AIRFLOW_CTX_DAG_RUN_ID='scheduled__2026-01-04T00:00:00+00:00'
[2026-02-06T14:12:14.678+0000] {taskinstance.py:430} INFO - ::endgroup::
[2026-02-06T14:12:14.697+0000] {taskinstance.py:441} INFO - ::group::Post task execution logs
[2026-02-06T14:12:14.699+0000] {taskinstance.py:2905} ERROR - Task failed with exception
Traceback (most recent call last):
  File "/home/airflow/.local/lib/python3.12/site-packages/airflow/models/taskinstance.py", line 465, in _execute_task
    result = _execute_callable(context=context, **execute_callable_kwargs)
             ^^^^^^^^^^^^^^^^^^^^^^^^^^^^^^^^^^^^^^^^^^^^^^^^^^^^^^^^^^^^^
  File "/home/airflow/.local/lib/python3.12/site-packages/airflow/models/taskinstance.py", line 432, in _execute_callable
    return execute_callable(context=context, **execute_callable_kwargs)
           ^^^^^^^^^^^^^^^^^^^^^^^^^^^^^^^^^^^^^^^^^^^^^^^^^^^^^^^^^^^^
  File "/home/airflow/.local/lib/python3.12/site-packages/airflow/models/baseoperator.py", line 401, in wrapper
    return func(self, *args, **kwargs)
           ^^^^^^^^^^^^^^^^^^^^^^^^^^^
  File "/home/airflow/.local/lib/python3.12/site-packages/airflow/operators/python.py", line 235, in execute
    return_value = self.execute_callable()
                   ^^^^^^^^^^^^^^^^^^^^^^^
  File "/home/airflow/.local/lib/python3.12/site-packages/airflow/operators/python.py", line 252, in execute_callable
    return self.python_callable(*self.op_args, **self.op_kwargs)
           ^^^^^^^^^^^^^^^^^^^^^^^^^^^^^^^^^^^^^^^^^^^^^^^^^^^^^
  File "/opt/airflow/dags/dag.py", line 10, in get_data
    data = yf.download("AAPL", start="2026-01-01", end="2026-01-31")
           ^^
NameError: name 'yf' is not defined
[2026-02-06T14:12:14.724+0000] {taskinstance.py:1206} INFO - Marking task as FAILED. dag_id=my_dag, task_id=task_1, run_id=scheduled__2026-01-04T00:00:00+00:00, execution_date=20260104T000000, start_date=20260206T141214, end_date=20260206T141214
[2026-02-06T14:12:14.742+0000] {standard_task_runner.py:110} ERROR - Failed to execute job 6 for task task_1 (name 'yf' is not defined; 997)
[2026-02-06T14:12:14.802+0000] {local_task_job_runner.py:243} INFO - Task exited with return code 1
[2026-02-06T14:12:14.820+0000] {local_task_job_runner.py:222} INFO - ::endgroup::
[2026-02-07T14:16:33.368+0000] {local_task_job_runner.py:120} INFO - ::group::Pre task execution logs
[2026-02-07T14:16:33.426+0000] {taskinstance.py:2076} INFO - Dependencies all met for dep_context=non-requeueable deps ti=<TaskInstance: my_dag.task_1 scheduled__2026-01-04T00:00:00+00:00 [queued]>
[2026-02-07T14:16:33.438+0000] {taskinstance.py:2076} INFO - Dependencies all met for dep_context=requeueable deps ti=<TaskInstance: my_dag.task_1 scheduled__2026-01-04T00:00:00+00:00 [queued]>
[2026-02-07T14:16:33.439+0000] {taskinstance.py:2306} INFO - Starting attempt 1 of 1
[2026-02-07T14:16:33.595+0000] {taskinstance.py:2330} INFO - Executing <Task(PythonOperator): task_1> on 2026-01-04 00:00:00+00:00
[2026-02-07T14:16:33.615+0000] {logging_mixin.py:188} WARNING - /home/***/.local/lib/python3.12/site-packages/***/task/task_runner/standard_task_runner.py:62 DeprecationWarning: This process (pid=265) is multi-threaded, use of fork() may lead to deadlocks in the child.
[2026-02-07T14:16:33.614+0000] {standard_task_runner.py:90} INFO - Running: ['***', 'tasks', 'run', 'my_dag', 'task_1', 'scheduled__2026-01-04T00:00:00+00:00', '--job-id', '6', '--raw', '--subdir', 'DAGS_FOLDER/dag.py', '--cfg-path', '/tmp/tmpwehkrmzl']
[2026-02-07T14:16:33.618+0000] {standard_task_runner.py:64} INFO - Started process 290 to run task
[2026-02-07T14:16:33.618+0000] {standard_task_runner.py:91} INFO - Job 6: Subtask task_1
[2026-02-07T14:16:33.757+0000] {task_command.py:426} INFO - Running <TaskInstance: my_dag.task_1 scheduled__2026-01-04T00:00:00+00:00 [running]> on host 5adf8c44a70f
[2026-02-07T14:16:33.938+0000] {taskinstance.py:2648} INFO - Exporting env vars: AIRFLOW_CTX_DAG_OWNER='***' AIRFLOW_CTX_DAG_ID='my_dag' AIRFLOW_CTX_TASK_ID='task_1' AIRFLOW_CTX_EXECUTION_DATE='2026-01-04T00:00:00+00:00' AIRFLOW_CTX_TRY_NUMBER='1' AIRFLOW_CTX_DAG_RUN_ID='scheduled__2026-01-04T00:00:00+00:00'
[2026-02-07T14:16:33.940+0000] {taskinstance.py:430} INFO - ::endgroup::
[2026-02-07T14:16:33.974+0000] {logging_mixin.py:188} WARNING - /opt/***/dags/dag.py:11 FutureWarning: YF.download() has changed argument auto_adjust default to True
[2026-02-07T14:16:34.672+0000] {logging_mixin.py:188} WARNING - /home/***/.local/lib/python3.12/site-packages/yfinance/scrapers/history.py:204 Pandas4Warning: Timestamp.utcnow is deprecated and will be removed in a future version. Use Timestamp.now('UTC') instead.
[2026-02-07T14:16:34.844+0000] {logging_mixin.py:188} WARNING - [*********************100%***********************]  1 of 1 completed
[2026-02-07T14:16:34.871+0000] {python.py:237} INFO - Done. Returned value was: None
[2026-02-07T14:16:34.872+0000] {taskinstance.py:441} INFO - ::group::Post task execution logs
[2026-02-07T14:16:34.888+0000] {taskinstance.py:1206} INFO - Marking task as SUCCESS. dag_id=my_dag, task_id=task_1, run_id=scheduled__2026-01-04T00:00:00+00:00, execution_date=20260104T000000, start_date=20260207T141633, end_date=20260207T141634
[2026-02-07T14:16:34.998+0000] {local_task_job_runner.py:243} INFO - Task exited with return code 0
[2026-02-07T14:16:35.033+0000] {taskinstance.py:3503} INFO - 0 downstream tasks scheduled from follow-on schedule check
[2026-02-07T14:16:35.038+0000] {local_task_job_runner.py:222} INFO - ::endgroup::
