[2026-02-09T10:15:30.442+0000] {local_task_job_runner.py:120} INFO - ::group::Pre task execution logs
[2026-02-09T10:15:30.470+0000] {taskinstance.py:2076} INFO - Dependencies all met for dep_context=non-requeueable deps ti=<TaskInstance: stock_raw_aapl.download_and_load_raw scheduled__2024-06-22T00:00:00+00:00 [queued]>
[2026-02-09T10:15:30.477+0000] {taskinstance.py:2076} INFO - Dependencies all met for dep_context=requeueable deps ti=<TaskInstance: stock_raw_aapl.download_and_load_raw scheduled__2024-06-22T00:00:00+00:00 [queued]>
[2026-02-09T10:15:30.477+0000] {taskinstance.py:2306} INFO - Starting attempt 1 of 1
[2026-02-09T10:15:30.489+0000] {taskinstance.py:2330} INFO - Executing <Task(PythonOperator): download_and_load_raw> on 2024-06-22 00:00:00+00:00
[2026-02-09T10:15:30.504+0000] {logging_mixin.py:188} WARNING - /home/***/.local/lib/python3.12/site-packages/***/task/task_runner/standard_task_runner.py:62 DeprecationWarning: This process (pid=4642) is multi-threaded, use of fork() may lead to deadlocks in the child.
[2026-02-09T10:15:30.502+0000] {standard_task_runner.py:90} INFO - Running: ['***', 'tasks', 'run', 'stock_raw_aapl', 'download_and_load_raw', 'scheduled__2024-06-22T00:00:00+00:00', '--job-id', '3687', '--raw', '--subdir', 'DAGS_FOLDER/stocks_dwh/raw/stocks_raw_dags.py', '--cfg-path', '/tmp/tmp5lk28kb7']
[2026-02-09T10:15:30.505+0000] {standard_task_runner.py:64} INFO - Started process 4652 to run task
[2026-02-09T10:15:30.505+0000] {standard_task_runner.py:91} INFO - Job 3687: Subtask download_and_load_raw
[2026-02-09T10:15:30.567+0000] {task_command.py:426} INFO - Running <TaskInstance: stock_raw_aapl.download_and_load_raw scheduled__2024-06-22T00:00:00+00:00 [running]> on host b6b9e92e7d61
[2026-02-09T10:15:30.661+0000] {taskinstance.py:2648} INFO - Exporting env vars: AIRFLOW_CTX_DAG_OWNER='***' AIRFLOW_CTX_DAG_ID='stock_raw_aapl' AIRFLOW_CTX_TASK_ID='download_and_load_raw' AIRFLOW_CTX_EXECUTION_DATE='2024-06-22T00:00:00+00:00' AIRFLOW_CTX_TRY_NUMBER='1' AIRFLOW_CTX_DAG_RUN_ID='scheduled__2024-06-22T00:00:00+00:00'
[2026-02-09T10:15:30.667+0000] {taskinstance.py:430} INFO - ::endgroup::
[2026-02-09T10:15:30.679+0000] {logging_mixin.py:188} INFO - [RAW] Download AAPL [1d] 2024-06-22..2024-06-23
[2026-02-09T10:15:30.682+0000] {logging_mixin.py:188} WARNING - /opt/***/dags/stocks_dwh/raw/stocks_raw_dags.py:38 FutureWarning: YF.download() has changed argument auto_adjust default to True
[2026-02-09T10:15:30.691+0000] {logging_mixin.py:188} WARNING - /home/***/.local/lib/python3.12/site-packages/yfinance/scrapers/history.py:204 Pandas4Warning: Timestamp.utcnow is deprecated and will be removed in a future version. Use Timestamp.now('UTC') instead.
[2026-02-09T10:15:31.169+0000] {multi.py:185} ERROR - 
1 Failed download:
[2026-02-09T10:15:31.170+0000] {multi.py:198} ERROR - ['AAPL']: YFPricesMissingError('possibly delisted; no price data found  (1d 2024-06-22 -> 2024-06-23)')
[2026-02-09T10:15:31.186+0000] {logging_mixin.py:188} INFO - [RAW] No data from yfinance
[2026-02-09T10:15:31.186+0000] {python.py:237} INFO - Done. Returned value was: None
[2026-02-09T10:15:31.187+0000] {taskinstance.py:441} INFO - ::group::Post task execution logs
[2026-02-09T10:15:31.198+0000] {taskinstance.py:1206} INFO - Marking task as SUCCESS. dag_id=stock_raw_aapl, task_id=download_and_load_raw, run_id=scheduled__2024-06-22T00:00:00+00:00, execution_date=20240622T000000, start_date=20260209T101530, end_date=20260209T101531
[2026-02-09T10:15:31.241+0000] {local_task_job_runner.py:243} INFO - Task exited with return code 0
[2026-02-09T10:15:31.260+0000] {taskinstance.py:3503} INFO - 0 downstream tasks scheduled from follow-on schedule check
[2026-02-09T10:15:31.262+0000] {local_task_job_runner.py:222} INFO - ::endgroup::
[2026-02-09T12:19:13.864+0000] {local_task_job_runner.py:120} INFO - ::group::Pre task execution logs
[2026-02-09T12:19:13.893+0000] {taskinstance.py:2076} INFO - Dependencies all met for dep_context=non-requeueable deps ti=<TaskInstance: stock_raw_aapl.download_and_load_raw scheduled__2024-06-22T00:00:00+00:00 [queued]>
[2026-02-09T12:19:13.902+0000] {taskinstance.py:2076} INFO - Dependencies all met for dep_context=requeueable deps ti=<TaskInstance: stock_raw_aapl.download_and_load_raw scheduled__2024-06-22T00:00:00+00:00 [queued]>
[2026-02-09T12:19:13.903+0000] {taskinstance.py:2306} INFO - Starting attempt 1 of 1
[2026-02-09T12:19:13.916+0000] {taskinstance.py:2330} INFO - Executing <Task(PythonOperator): download_and_load_raw> on 2024-06-22 00:00:00+00:00
[2026-02-09T12:19:13.928+0000] {logging_mixin.py:188} WARNING - /home/***/.local/lib/python3.12/site-packages/***/task/task_runner/standard_task_runner.py:62 DeprecationWarning: This process (pid=14981) is multi-threaded, use of fork() may lead to deadlocks in the child.
[2026-02-09T12:19:13.928+0000] {standard_task_runner.py:90} INFO - Running: ['***', 'tasks', 'run', 'stock_raw_aapl', 'download_and_load_raw', 'scheduled__2024-06-22T00:00:00+00:00', '--job-id', '7098', '--raw', '--subdir', 'DAGS_FOLDER/stocks_dwh/raw/stocks_raw_dags.py', '--cfg-path', '/tmp/tmpi647joh0']
[2026-02-09T12:19:13.930+0000] {standard_task_runner.py:64} INFO - Started process 14987 to run task
[2026-02-09T12:19:13.930+0000] {standard_task_runner.py:91} INFO - Job 7098: Subtask download_and_load_raw
[2026-02-09T12:19:13.995+0000] {task_command.py:426} INFO - Running <TaskInstance: stock_raw_aapl.download_and_load_raw scheduled__2024-06-22T00:00:00+00:00 [running]> on host 4886d37bc122
[2026-02-09T12:19:14.084+0000] {taskinstance.py:2648} INFO - Exporting env vars: AIRFLOW_CTX_DAG_OWNER='***' AIRFLOW_CTX_DAG_ID='stock_raw_aapl' AIRFLOW_CTX_TASK_ID='download_and_load_raw' AIRFLOW_CTX_EXECUTION_DATE='2024-06-22T00:00:00+00:00' AIRFLOW_CTX_TRY_NUMBER='1' AIRFLOW_CTX_DAG_RUN_ID='scheduled__2024-06-22T00:00:00+00:00'
[2026-02-09T12:19:14.085+0000] {taskinstance.py:430} INFO - ::endgroup::
[2026-02-09T12:19:14.095+0000] {stocks_raw_dags.py:37} INFO - 2024-06-22 00:00:00+00:00, 2024-06-23 00:00:00+00:00
[2026-02-09T12:19:14.096+0000] {logging_mixin.py:188} INFO - [RAW] Download AAPL [1d] 2024-06-21..2024-06-23
[2026-02-09T12:19:14.098+0000] {logging_mixin.py:188} WARNING - /opt/***/dags/stocks_dwh/raw/stocks_raw_dags.py:42 FutureWarning: YF.download() has changed argument auto_adjust default to True
[2026-02-09T12:19:14.106+0000] {logging_mixin.py:188} WARNING - /home/***/.local/lib/python3.12/site-packages/yfinance/scrapers/history.py:204 Pandas4Warning: Timestamp.utcnow is deprecated and will be removed in a future version. Use Timestamp.now('UTC') instead.
[2026-02-09T12:19:14.638+0000] {logging_mixin.py:188} WARNING - [*********************100%***********************]  1 of 1 completed
[2026-02-09T12:19:14.680+0000] {base.py:84} INFO - Using connection ID 'dwh_clickhouse' for task execution.
[2026-02-09T12:19:14.706+0000] {logging_mixin.py:188} INFO - [RAW] Deleted existing rows for AAPL in 2024-06-21..2024-06-23
[2026-02-09T12:19:14.717+0000] {logging_mixin.py:188} INFO - [RAW] Inserted 1 rows into dwh.raw_stock_prices
[2026-02-09T12:19:14.718+0000] {python.py:237} INFO - Done. Returned value was: None
[2026-02-09T12:19:14.719+0000] {taskinstance.py:441} INFO - ::group::Post task execution logs
[2026-02-09T12:19:14.733+0000] {taskinstance.py:1206} INFO - Marking task as SUCCESS. dag_id=stock_raw_aapl, task_id=download_and_load_raw, run_id=scheduled__2024-06-22T00:00:00+00:00, execution_date=20240622T000000, start_date=20260209T121913, end_date=20260209T121914
[2026-02-09T12:19:14.786+0000] {local_task_job_runner.py:243} INFO - Task exited with return code 0
[2026-02-09T12:19:14.810+0000] {taskinstance.py:3503} INFO - 0 downstream tasks scheduled from follow-on schedule check
[2026-02-09T12:19:14.813+0000] {local_task_job_runner.py:222} INFO - ::endgroup::
