[2026-02-09T10:17:40.294+0000] {local_task_job_runner.py:120} INFO - ::group::Pre task execution logs
[2026-02-09T10:17:40.322+0000] {taskinstance.py:2076} INFO - Dependencies all met for dep_context=non-requeueable deps ti=<TaskInstance: stock_raw_aapl.download_and_load_raw scheduled__2024-08-02T00:00:00+00:00 [queued]>
[2026-02-09T10:17:40.330+0000] {taskinstance.py:2076} INFO - Dependencies all met for dep_context=requeueable deps ti=<TaskInstance: stock_raw_aapl.download_and_load_raw scheduled__2024-08-02T00:00:00+00:00 [queued]>
[2026-02-09T10:17:40.331+0000] {taskinstance.py:2306} INFO - Starting attempt 1 of 1
[2026-02-09T10:17:40.344+0000] {taskinstance.py:2330} INFO - Executing <Task(PythonOperator): download_and_load_raw> on 2024-08-02 00:00:00+00:00
[2026-02-09T10:17:40.356+0000] {logging_mixin.py:188} WARNING - /home/***/.local/lib/python3.12/site-packages/***/task/task_runner/standard_task_runner.py:62 DeprecationWarning: This process (pid=5500) is multi-threaded, use of fork() may lead to deadlocks in the child.
[2026-02-09T10:17:40.358+0000] {standard_task_runner.py:64} INFO - Started process 5512 to run task
[2026-02-09T10:17:40.356+0000] {standard_task_runner.py:90} INFO - Running: ['***', 'tasks', 'run', 'stock_raw_aapl', 'download_and_load_raw', 'scheduled__2024-08-02T00:00:00+00:00', '--job-id', '3890', '--raw', '--subdir', 'DAGS_FOLDER/stocks_dwh/raw/stocks_raw_dags.py', '--cfg-path', '/tmp/tmpf_l6x33m']
[2026-02-09T10:17:40.359+0000] {standard_task_runner.py:91} INFO - Job 3890: Subtask download_and_load_raw
[2026-02-09T10:17:40.420+0000] {task_command.py:426} INFO - Running <TaskInstance: stock_raw_aapl.download_and_load_raw scheduled__2024-08-02T00:00:00+00:00 [running]> on host b6b9e92e7d61
[2026-02-09T10:17:40.514+0000] {taskinstance.py:2648} INFO - Exporting env vars: AIRFLOW_CTX_DAG_OWNER='***' AIRFLOW_CTX_DAG_ID='stock_raw_aapl' AIRFLOW_CTX_TASK_ID='download_and_load_raw' AIRFLOW_CTX_EXECUTION_DATE='2024-08-02T00:00:00+00:00' AIRFLOW_CTX_TRY_NUMBER='1' AIRFLOW_CTX_DAG_RUN_ID='scheduled__2024-08-02T00:00:00+00:00'
[2026-02-09T10:17:40.515+0000] {taskinstance.py:430} INFO - ::endgroup::
[2026-02-09T10:17:40.528+0000] {logging_mixin.py:188} INFO - [RAW] Download AAPL [1d] 2024-08-02..2024-08-03
[2026-02-09T10:17:40.531+0000] {logging_mixin.py:188} WARNING - /opt/***/dags/stocks_dwh/raw/stocks_raw_dags.py:38 FutureWarning: YF.download() has changed argument auto_adjust default to True
[2026-02-09T10:17:40.582+0000] {logging_mixin.py:188} WARNING - /home/***/.local/lib/python3.12/site-packages/yfinance/scrapers/history.py:204 Pandas4Warning: Timestamp.utcnow is deprecated and will be removed in a future version. Use Timestamp.now('UTC') instead.
[2026-02-09T10:17:41.321+0000] {taskinstance.py:441} INFO - ::group::Post task execution logs
[2026-02-09T10:17:41.322+0000] {taskinstance.py:2905} ERROR - Task failed with exception
Traceback (most recent call last):
  File "/home/airflow/.local/lib/python3.12/site-packages/airflow/models/taskinstance.py", line 465, in _execute_task
    result = _execute_callable(context=context, **execute_callable_kwargs)
             ^^^^^^^^^^^^^^^^^^^^^^^^^^^^^^^^^^^^^^^^^^^^^^^^^^^^^^^^^^^^^
  File "/home/airflow/.local/lib/python3.12/site-packages/airflow/models/taskinstance.py", line 432, in _execute_callable
    return execute_callable(context=context, **execute_callable_kwargs)
           ^^^^^^^^^^^^^^^^^^^^^^^^^^^^^^^^^^^^^^^^^^^^^^^^^^^^^^^^^^^^
  File "/home/airflow/.local/lib/python3.12/site-packages/airflow/models/baseoperator.py", line 401, in wrapper
    return func(self, *args, **kwargs)
           ^^^^^^^^^^^^^^^^^^^^^^^^^^^
  File "/home/airflow/.local/lib/python3.12/site-packages/airflow/operators/python.py", line 235, in execute
    return_value = self.execute_callable()
                   ^^^^^^^^^^^^^^^^^^^^^^^
  File "/home/airflow/.local/lib/python3.12/site-packages/airflow/operators/python.py", line 252, in execute_callable
    return self.python_callable(*self.op_args, **self.op_kwargs)
           ^^^^^^^^^^^^^^^^^^^^^^^^^^^^^^^^^^^^^^^^^^^^^^^^^^^^^
  File "/opt/airflow/dags/stocks_dwh/raw/stocks_raw_dags.py", line 86, in download_and_load_raw
    df["volume"] = pd.to_numeric(df["volume"], errors="coerce").fillna(0).astype("int64")
                   ^^^^^^^^^^^^^^^^^^^^^^^^^^^^^^^^^^^^^^^^^^^^
  File "/home/airflow/.local/lib/python3.12/site-packages/pandas/core/tools/numeric.py", line 212, in to_numeric
    raise TypeError("arg must be a list, tuple, 1-d array, or Series")
TypeError: arg must be a list, tuple, 1-d array, or Series
[2026-02-09T10:17:41.338+0000] {taskinstance.py:1206} INFO - Marking task as FAILED. dag_id=stock_raw_aapl, task_id=download_and_load_raw, run_id=scheduled__2024-08-02T00:00:00+00:00, execution_date=20240802T000000, start_date=20260209T101740, end_date=20260209T101741
[2026-02-09T10:17:41.351+0000] {standard_task_runner.py:110} ERROR - Failed to execute job 3890 for task download_and_load_raw (arg must be a list, tuple, 1-d array, or Series; 5512)
[2026-02-09T10:17:41.374+0000] {local_task_job_runner.py:243} INFO - Task exited with return code 1
[2026-02-09T10:17:41.392+0000] {taskinstance.py:3503} INFO - 0 downstream tasks scheduled from follow-on schedule check
[2026-02-09T10:17:41.394+0000] {local_task_job_runner.py:222} INFO - ::endgroup::
[2026-02-09T12:21:24.296+0000] {local_task_job_runner.py:120} INFO - ::group::Pre task execution logs
[2026-02-09T12:21:24.325+0000] {taskinstance.py:2076} INFO - Dependencies all met for dep_context=non-requeueable deps ti=<TaskInstance: stock_raw_aapl.download_and_load_raw scheduled__2024-08-02T00:00:00+00:00 [queued]>
[2026-02-09T12:21:24.332+0000] {taskinstance.py:2076} INFO - Dependencies all met for dep_context=requeueable deps ti=<TaskInstance: stock_raw_aapl.download_and_load_raw scheduled__2024-08-02T00:00:00+00:00 [queued]>
[2026-02-09T12:21:24.333+0000] {taskinstance.py:2306} INFO - Starting attempt 1 of 1
[2026-02-09T12:21:24.344+0000] {taskinstance.py:2330} INFO - Executing <Task(PythonOperator): download_and_load_raw> on 2024-08-02 00:00:00+00:00
[2026-02-09T12:21:24.355+0000] {logging_mixin.py:188} WARNING - /home/***/.local/lib/python3.12/site-packages/***/task/task_runner/standard_task_runner.py:62 DeprecationWarning: This process (pid=15360) is multi-threaded, use of fork() may lead to deadlocks in the child.
[2026-02-09T12:21:24.357+0000] {standard_task_runner.py:64} INFO - Started process 15363 to run task
[2026-02-09T12:21:24.355+0000] {standard_task_runner.py:90} INFO - Running: ['***', 'tasks', 'run', 'stock_raw_aapl', 'download_and_load_raw', 'scheduled__2024-08-02T00:00:00+00:00', '--job-id', '7180', '--raw', '--subdir', 'DAGS_FOLDER/stocks_dwh/raw/stocks_raw_dags.py', '--cfg-path', '/tmp/tmp55myt83z']
[2026-02-09T12:21:24.358+0000] {standard_task_runner.py:91} INFO - Job 7180: Subtask download_and_load_raw
[2026-02-09T12:21:24.419+0000] {task_command.py:426} INFO - Running <TaskInstance: stock_raw_aapl.download_and_load_raw scheduled__2024-08-02T00:00:00+00:00 [running]> on host 4886d37bc122
[2026-02-09T12:21:24.502+0000] {taskinstance.py:2648} INFO - Exporting env vars: AIRFLOW_CTX_DAG_OWNER='***' AIRFLOW_CTX_DAG_ID='stock_raw_aapl' AIRFLOW_CTX_TASK_ID='download_and_load_raw' AIRFLOW_CTX_EXECUTION_DATE='2024-08-02T00:00:00+00:00' AIRFLOW_CTX_TRY_NUMBER='1' AIRFLOW_CTX_DAG_RUN_ID='scheduled__2024-08-02T00:00:00+00:00'
[2026-02-09T12:21:24.503+0000] {taskinstance.py:430} INFO - ::endgroup::
[2026-02-09T12:21:24.513+0000] {stocks_raw_dags.py:37} INFO - 2024-08-02 00:00:00+00:00, 2024-08-03 00:00:00+00:00
[2026-02-09T12:21:24.514+0000] {logging_mixin.py:188} INFO - [RAW] Download AAPL [1d] 2024-08-01..2024-08-03
[2026-02-09T12:21:24.516+0000] {logging_mixin.py:188} WARNING - /opt/***/dags/stocks_dwh/raw/stocks_raw_dags.py:42 FutureWarning: YF.download() has changed argument auto_adjust default to True
[2026-02-09T12:21:24.526+0000] {logging_mixin.py:188} WARNING - /home/***/.local/lib/python3.12/site-packages/yfinance/scrapers/history.py:204 Pandas4Warning: Timestamp.utcnow is deprecated and will be removed in a future version. Use Timestamp.now('UTC') instead.
[2026-02-09T12:21:25.050+0000] {logging_mixin.py:188} WARNING - [*********************100%***********************]  1 of 1 completed
[2026-02-09T12:21:25.087+0000] {base.py:84} INFO - Using connection ID 'dwh_clickhouse' for task execution.
[2026-02-09T12:21:25.109+0000] {logging_mixin.py:188} INFO - [RAW] Deleted existing rows for AAPL in 2024-08-01..2024-08-03
[2026-02-09T12:21:25.120+0000] {logging_mixin.py:188} INFO - [RAW] Inserted 2 rows into dwh.raw_stock_prices
[2026-02-09T12:21:25.121+0000] {python.py:237} INFO - Done. Returned value was: None
[2026-02-09T12:21:25.122+0000] {taskinstance.py:441} INFO - ::group::Post task execution logs
[2026-02-09T12:21:25.132+0000] {taskinstance.py:1206} INFO - Marking task as SUCCESS. dag_id=stock_raw_aapl, task_id=download_and_load_raw, run_id=scheduled__2024-08-02T00:00:00+00:00, execution_date=20240802T000000, start_date=20260209T122124, end_date=20260209T122125
[2026-02-09T12:21:25.173+0000] {local_task_job_runner.py:243} INFO - Task exited with return code 0
[2026-02-09T12:21:25.192+0000] {taskinstance.py:3503} INFO - 0 downstream tasks scheduled from follow-on schedule check
[2026-02-09T12:21:25.195+0000] {local_task_job_runner.py:222} INFO - ::endgroup::
