[2026-02-09T10:33:48.924+0000] {local_task_job_runner.py:120} INFO - ::group::Pre task execution logs
[2026-02-09T10:33:48.965+0000] {taskinstance.py:2076} INFO - Dependencies all met for dep_context=non-requeueable deps ti=<TaskInstance: stock_raw_msft.download_and_load_raw scheduled__2025-04-19T00:00:00+00:00 [queued]>
[2026-02-09T10:33:48.976+0000] {taskinstance.py:2076} INFO - Dependencies all met for dep_context=requeueable deps ti=<TaskInstance: stock_raw_msft.download_and_load_raw scheduled__2025-04-19T00:00:00+00:00 [queued]>
[2026-02-09T10:33:48.977+0000] {taskinstance.py:2306} INFO - Starting attempt 1 of 1
[2026-02-09T10:33:48.994+0000] {taskinstance.py:2330} INFO - Executing <Task(PythonOperator): download_and_load_raw> on 2025-04-19 00:00:00+00:00
[2026-02-09T10:33:49.011+0000] {logging_mixin.py:188} WARNING - /home/***/.local/lib/python3.12/site-packages/***/task/task_runner/standard_task_runner.py:62 DeprecationWarning: This process (pid=4791) is multi-threaded, use of fork() may lead to deadlocks in the child.
[2026-02-09T10:33:49.011+0000] {standard_task_runner.py:90} INFO - Running: ['***', 'tasks', 'run', 'stock_raw_msft', 'download_and_load_raw', 'scheduled__2025-04-19T00:00:00+00:00', '--job-id', '5183', '--raw', '--subdir', 'DAGS_FOLDER/stocks_dwh/raw/stocks_raw_dags.py', '--cfg-path', '/tmp/tmpb01cif8e']
[2026-02-09T10:33:49.015+0000] {standard_task_runner.py:64} INFO - Started process 4797 to run task
[2026-02-09T10:33:49.016+0000] {standard_task_runner.py:91} INFO - Job 5183: Subtask download_and_load_raw
[2026-02-09T10:33:49.099+0000] {task_command.py:426} INFO - Running <TaskInstance: stock_raw_msft.download_and_load_raw scheduled__2025-04-19T00:00:00+00:00 [running]> on host 4886d37bc122
[2026-02-09T10:33:49.220+0000] {taskinstance.py:2648} INFO - Exporting env vars: AIRFLOW_CTX_DAG_OWNER='***' AIRFLOW_CTX_DAG_ID='stock_raw_msft' AIRFLOW_CTX_TASK_ID='download_and_load_raw' AIRFLOW_CTX_EXECUTION_DATE='2025-04-19T00:00:00+00:00' AIRFLOW_CTX_TRY_NUMBER='1' AIRFLOW_CTX_DAG_RUN_ID='scheduled__2025-04-19T00:00:00+00:00'
[2026-02-09T10:33:49.224+0000] {taskinstance.py:430} INFO - ::endgroup::
[2026-02-09T10:33:49.237+0000] {logging_mixin.py:188} INFO - [RAW] Download MSFT [1d] 2025-04-19..2025-04-20
[2026-02-09T10:33:49.240+0000] {logging_mixin.py:188} WARNING - /opt/***/dags/stocks_dwh/raw/stocks_raw_dags.py:38 FutureWarning: YF.download() has changed argument auto_adjust default to True
[2026-02-09T10:33:49.249+0000] {logging_mixin.py:188} WARNING - /home/***/.local/lib/python3.12/site-packages/yfinance/scrapers/history.py:204 Pandas4Warning: Timestamp.utcnow is deprecated and will be removed in a future version. Use Timestamp.now('UTC') instead.
[2026-02-09T10:33:49.756+0000] {multi.py:185} ERROR - 
1 Failed download:
[2026-02-09T10:33:49.756+0000] {multi.py:198} ERROR - ['MSFT']: YFPricesMissingError('possibly delisted; no price data found  (1d 2025-04-19 -> 2025-04-20)')
[2026-02-09T10:33:49.776+0000] {logging_mixin.py:188} INFO - [RAW] No data from yfinance
[2026-02-09T10:33:49.777+0000] {python.py:237} INFO - Done. Returned value was: None
[2026-02-09T10:33:49.778+0000] {taskinstance.py:441} INFO - ::group::Post task execution logs
[2026-02-09T10:33:49.792+0000] {taskinstance.py:1206} INFO - Marking task as SUCCESS. dag_id=stock_raw_msft, task_id=download_and_load_raw, run_id=scheduled__2025-04-19T00:00:00+00:00, execution_date=20250419T000000, start_date=20260209T103348, end_date=20260209T103349
[2026-02-09T10:33:49.873+0000] {local_task_job_runner.py:243} INFO - Task exited with return code 0
[2026-02-09T10:33:49.900+0000] {taskinstance.py:3503} INFO - 0 downstream tasks scheduled from follow-on schedule check
[2026-02-09T10:33:49.903+0000] {local_task_job_runner.py:222} INFO - ::endgroup::
