[2026-02-09T10:37:30.832+0000] {local_task_job_runner.py:120} INFO - ::group::Pre task execution logs
[2026-02-09T10:37:30.862+0000] {taskinstance.py:2076} INFO - Dependencies all met for dep_context=non-requeueable deps ti=<TaskInstance: stock_raw_aapl.download_and_load_raw scheduled__2025-06-25T00:00:00+00:00 [queued]>
[2026-02-09T10:37:30.869+0000] {taskinstance.py:2076} INFO - Dependencies all met for dep_context=requeueable deps ti=<TaskInstance: stock_raw_aapl.download_and_load_raw scheduled__2025-06-25T00:00:00+00:00 [queued]>
[2026-02-09T10:37:30.871+0000] {taskinstance.py:2306} INFO - Starting attempt 1 of 1
[2026-02-09T10:37:30.883+0000] {taskinstance.py:2330} INFO - Executing <Task(PythonOperator): download_and_load_raw> on 2025-06-25 00:00:00+00:00
[2026-02-09T10:37:30.895+0000] {logging_mixin.py:188} WARNING - /home/***/.local/lib/python3.12/site-packages/***/task/task_runner/standard_task_runner.py:62 DeprecationWarning: This process (pid=6176) is multi-threaded, use of fork() may lead to deadlocks in the child.
[2026-02-09T10:37:30.896+0000] {standard_task_runner.py:64} INFO - Started process 6185 to run task
[2026-02-09T10:37:30.894+0000] {standard_task_runner.py:90} INFO - Running: ['***', 'tasks', 'run', 'stock_raw_aapl', 'download_and_load_raw', 'scheduled__2025-06-25T00:00:00+00:00', '--job-id', '5509', '--raw', '--subdir', 'DAGS_FOLDER/stocks_dwh/raw/stocks_raw_dags.py', '--cfg-path', '/tmp/tmp6fdvmm_3']
[2026-02-09T10:37:30.897+0000] {standard_task_runner.py:91} INFO - Job 5509: Subtask download_and_load_raw
[2026-02-09T10:37:30.958+0000] {task_command.py:426} INFO - Running <TaskInstance: stock_raw_aapl.download_and_load_raw scheduled__2025-06-25T00:00:00+00:00 [running]> on host 4886d37bc122
[2026-02-09T10:37:31.046+0000] {taskinstance.py:2648} INFO - Exporting env vars: AIRFLOW_CTX_DAG_OWNER='***' AIRFLOW_CTX_DAG_ID='stock_raw_aapl' AIRFLOW_CTX_TASK_ID='download_and_load_raw' AIRFLOW_CTX_EXECUTION_DATE='2025-06-25T00:00:00+00:00' AIRFLOW_CTX_TRY_NUMBER='1' AIRFLOW_CTX_DAG_RUN_ID='scheduled__2025-06-25T00:00:00+00:00'
[2026-02-09T10:37:31.048+0000] {taskinstance.py:430} INFO - ::endgroup::
[2026-02-09T10:37:31.058+0000] {logging_mixin.py:188} INFO - [RAW] Download AAPL [1d] 2025-06-25..2025-06-26
[2026-02-09T10:37:31.061+0000] {logging_mixin.py:188} WARNING - /opt/***/dags/stocks_dwh/raw/stocks_raw_dags.py:38 FutureWarning: YF.download() has changed argument auto_adjust default to True
[2026-02-09T10:37:31.068+0000] {logging_mixin.py:188} WARNING - /home/***/.local/lib/python3.12/site-packages/yfinance/scrapers/history.py:204 Pandas4Warning: Timestamp.utcnow is deprecated and will be removed in a future version. Use Timestamp.now('UTC') instead.
[2026-02-09T10:37:31.597+0000] {taskinstance.py:441} INFO - ::group::Post task execution logs
[2026-02-09T10:37:31.598+0000] {taskinstance.py:2905} ERROR - Task failed with exception
Traceback (most recent call last):
  File "/home/airflow/.local/lib/python3.12/site-packages/airflow/models/taskinstance.py", line 465, in _execute_task
    result = _execute_callable(context=context, **execute_callable_kwargs)
             ^^^^^^^^^^^^^^^^^^^^^^^^^^^^^^^^^^^^^^^^^^^^^^^^^^^^^^^^^^^^^
  File "/home/airflow/.local/lib/python3.12/site-packages/airflow/models/taskinstance.py", line 432, in _execute_callable
    return execute_callable(context=context, **execute_callable_kwargs)
           ^^^^^^^^^^^^^^^^^^^^^^^^^^^^^^^^^^^^^^^^^^^^^^^^^^^^^^^^^^^^
  File "/home/airflow/.local/lib/python3.12/site-packages/airflow/models/baseoperator.py", line 401, in wrapper
    return func(self, *args, **kwargs)
           ^^^^^^^^^^^^^^^^^^^^^^^^^^^
  File "/home/airflow/.local/lib/python3.12/site-packages/airflow/operators/python.py", line 235, in execute
    return_value = self.execute_callable()
                   ^^^^^^^^^^^^^^^^^^^^^^^
  File "/home/airflow/.local/lib/python3.12/site-packages/airflow/operators/python.py", line 252, in execute_callable
    return self.python_callable(*self.op_args, **self.op_kwargs)
           ^^^^^^^^^^^^^^^^^^^^^^^^^^^^^^^^^^^^^^^^^^^^^^^^^^^^^
  File "/opt/airflow/dags/stocks_dwh/raw/stocks_raw_dags.py", line 86, in download_and_load_raw
    df["volume"] = pd.to_numeric(df["volume"], errors="coerce").fillna(0).astype("int64")
                   ^^^^^^^^^^^^^^^^^^^^^^^^^^^^^^^^^^^^^^^^^^^^
  File "/home/airflow/.local/lib/python3.12/site-packages/pandas/core/tools/numeric.py", line 212, in to_numeric
    raise TypeError("arg must be a list, tuple, 1-d array, or Series")
TypeError: arg must be a list, tuple, 1-d array, or Series
[2026-02-09T10:37:31.614+0000] {taskinstance.py:1206} INFO - Marking task as FAILED. dag_id=stock_raw_aapl, task_id=download_and_load_raw, run_id=scheduled__2025-06-25T00:00:00+00:00, execution_date=20250625T000000, start_date=20260209T103730, end_date=20260209T103731
[2026-02-09T10:37:31.626+0000] {standard_task_runner.py:110} ERROR - Failed to execute job 5509 for task download_and_load_raw (arg must be a list, tuple, 1-d array, or Series; 6185)
[2026-02-09T10:37:31.671+0000] {local_task_job_runner.py:243} INFO - Task exited with return code 1
[2026-02-09T10:37:31.682+0000] {local_task_job_runner.py:222} INFO - ::endgroup::
[2026-02-09T12:39:19.609+0000] {local_task_job_runner.py:120} INFO - ::group::Pre task execution logs
[2026-02-09T12:39:19.637+0000] {taskinstance.py:2076} INFO - Dependencies all met for dep_context=non-requeueable deps ti=<TaskInstance: stock_raw_aapl.download_and_load_raw scheduled__2025-06-25T00:00:00+00:00 [queued]>
[2026-02-09T12:39:19.644+0000] {taskinstance.py:2076} INFO - Dependencies all met for dep_context=requeueable deps ti=<TaskInstance: stock_raw_aapl.download_and_load_raw scheduled__2025-06-25T00:00:00+00:00 [queued]>
[2026-02-09T12:39:19.645+0000] {taskinstance.py:2306} INFO - Starting attempt 1 of 1
[2026-02-09T12:39:19.658+0000] {taskinstance.py:2330} INFO - Executing <Task(PythonOperator): download_and_load_raw> on 2025-06-25 00:00:00+00:00
[2026-02-09T12:39:19.669+0000] {standard_task_runner.py:90} INFO - Running: ['***', 'tasks', 'run', 'stock_raw_aapl', 'download_and_load_raw', 'scheduled__2025-06-25T00:00:00+00:00', '--job-id', '7733', '--raw', '--subdir', 'DAGS_FOLDER/stocks_dwh/raw/stocks_raw_dags.py', '--cfg-path', '/tmp/tmpy1wld4ch']
[2026-02-09T12:39:19.670+0000] {logging_mixin.py:188} WARNING - /home/***/.local/lib/python3.12/site-packages/***/task/task_runner/standard_task_runner.py:62 DeprecationWarning: This process (pid=17999) is multi-threaded, use of fork() may lead to deadlocks in the child.
[2026-02-09T12:39:19.672+0000] {standard_task_runner.py:91} INFO - Job 7733: Subtask download_and_load_raw
[2026-02-09T12:39:19.672+0000] {standard_task_runner.py:64} INFO - Started process 18001 to run task
[2026-02-09T12:39:19.735+0000] {task_command.py:426} INFO - Running <TaskInstance: stock_raw_aapl.download_and_load_raw scheduled__2025-06-25T00:00:00+00:00 [running]> on host 4886d37bc122
[2026-02-09T12:39:19.829+0000] {taskinstance.py:2648} INFO - Exporting env vars: AIRFLOW_CTX_DAG_OWNER='***' AIRFLOW_CTX_DAG_ID='stock_raw_aapl' AIRFLOW_CTX_TASK_ID='download_and_load_raw' AIRFLOW_CTX_EXECUTION_DATE='2025-06-25T00:00:00+00:00' AIRFLOW_CTX_TRY_NUMBER='1' AIRFLOW_CTX_DAG_RUN_ID='scheduled__2025-06-25T00:00:00+00:00'
[2026-02-09T12:39:19.830+0000] {taskinstance.py:430} INFO - ::endgroup::
[2026-02-09T12:39:19.841+0000] {stocks_raw_dags.py:37} INFO - 2025-06-25 00:00:00+00:00, 2025-06-26 00:00:00+00:00
[2026-02-09T12:39:19.841+0000] {logging_mixin.py:188} INFO - [RAW] Download AAPL [1d] 2025-06-24..2025-06-26
[2026-02-09T12:39:19.843+0000] {logging_mixin.py:188} WARNING - /opt/***/dags/stocks_dwh/raw/stocks_raw_dags.py:42 FutureWarning: YF.download() has changed argument auto_adjust default to True
[2026-02-09T12:39:19.852+0000] {logging_mixin.py:188} WARNING - /home/***/.local/lib/python3.12/site-packages/yfinance/scrapers/history.py:204 Pandas4Warning: Timestamp.utcnow is deprecated and will be removed in a future version. Use Timestamp.now('UTC') instead.
[2026-02-09T12:39:20.381+0000] {logging_mixin.py:188} WARNING - [*********************100%***********************]  1 of 1 completed
[2026-02-09T12:39:20.441+0000] {base.py:84} INFO - Using connection ID 'dwh_clickhouse' for task execution.
[2026-02-09T12:39:20.480+0000] {logging_mixin.py:188} INFO - [RAW] Deleted existing rows for AAPL in 2025-06-24..2025-06-26
[2026-02-09T12:39:20.493+0000] {logging_mixin.py:188} INFO - [RAW] Inserted 2 rows into dwh.raw_stock_prices
[2026-02-09T12:39:20.494+0000] {python.py:237} INFO - Done. Returned value was: None
[2026-02-09T12:39:20.494+0000] {taskinstance.py:441} INFO - ::group::Post task execution logs
[2026-02-09T12:39:20.506+0000] {taskinstance.py:1206} INFO - Marking task as SUCCESS. dag_id=stock_raw_aapl, task_id=download_and_load_raw, run_id=scheduled__2025-06-25T00:00:00+00:00, execution_date=20250625T000000, start_date=20260209T123919, end_date=20260209T123920
[2026-02-09T12:39:20.568+0000] {local_task_job_runner.py:243} INFO - Task exited with return code 0
[2026-02-09T12:39:20.590+0000] {taskinstance.py:3503} INFO - 0 downstream tasks scheduled from follow-on schedule check
[2026-02-09T12:39:20.594+0000] {local_task_job_runner.py:222} INFO - ::endgroup::
