[2026-02-09T10:34:39.294+0000] {local_task_job_runner.py:120} INFO - ::group::Pre task execution logs
[2026-02-09T10:34:39.324+0000] {taskinstance.py:2076} INFO - Dependencies all met for dep_context=non-requeueable deps ti=<TaskInstance: stock_raw_nvda.download_and_load_raw scheduled__2025-05-04T00:00:00+00:00 [queued]>
[2026-02-09T10:34:39.331+0000] {taskinstance.py:2076} INFO - Dependencies all met for dep_context=requeueable deps ti=<TaskInstance: stock_raw_nvda.download_and_load_raw scheduled__2025-05-04T00:00:00+00:00 [queued]>
[2026-02-09T10:34:39.332+0000] {taskinstance.py:2306} INFO - Starting attempt 1 of 1
[2026-02-09T10:34:39.344+0000] {taskinstance.py:2330} INFO - Executing <Task(PythonOperator): download_and_load_raw> on 2025-05-04 00:00:00+00:00
[2026-02-09T10:34:39.357+0000] {logging_mixin.py:188} WARNING - /home/***/.local/lib/python3.12/site-packages/***/task/task_runner/standard_task_runner.py:62 DeprecationWarning: This process (pid=5097) is multi-threaded, use of fork() may lead to deadlocks in the child.
[2026-02-09T10:34:39.359+0000] {standard_task_runner.py:64} INFO - Started process 5108 to run task
[2026-02-09T10:34:39.358+0000] {standard_task_runner.py:90} INFO - Running: ['***', 'tasks', 'run', 'stock_raw_nvda', 'download_and_load_raw', 'scheduled__2025-05-04T00:00:00+00:00', '--job-id', '5258', '--raw', '--subdir', 'DAGS_FOLDER/stocks_dwh/raw/stocks_raw_dags.py', '--cfg-path', '/tmp/tmpo_q4dch3']
[2026-02-09T10:34:39.365+0000] {standard_task_runner.py:91} INFO - Job 5258: Subtask download_and_load_raw
[2026-02-09T10:34:39.426+0000] {task_command.py:426} INFO - Running <TaskInstance: stock_raw_nvda.download_and_load_raw scheduled__2025-05-04T00:00:00+00:00 [running]> on host 4886d37bc122
[2026-02-09T10:34:39.515+0000] {taskinstance.py:2648} INFO - Exporting env vars: AIRFLOW_CTX_DAG_OWNER='***' AIRFLOW_CTX_DAG_ID='stock_raw_nvda' AIRFLOW_CTX_TASK_ID='download_and_load_raw' AIRFLOW_CTX_EXECUTION_DATE='2025-05-04T00:00:00+00:00' AIRFLOW_CTX_TRY_NUMBER='1' AIRFLOW_CTX_DAG_RUN_ID='scheduled__2025-05-04T00:00:00+00:00'
[2026-02-09T10:34:39.516+0000] {taskinstance.py:430} INFO - ::endgroup::
[2026-02-09T10:34:39.528+0000] {logging_mixin.py:188} INFO - [RAW] Download NVDA [1d] 2025-05-04..2025-05-05
[2026-02-09T10:34:39.530+0000] {logging_mixin.py:188} WARNING - /opt/***/dags/stocks_dwh/raw/stocks_raw_dags.py:38 FutureWarning: YF.download() has changed argument auto_adjust default to True
[2026-02-09T10:34:39.538+0000] {logging_mixin.py:188} WARNING - /home/***/.local/lib/python3.12/site-packages/yfinance/scrapers/history.py:204 Pandas4Warning: Timestamp.utcnow is deprecated and will be removed in a future version. Use Timestamp.now('UTC') instead.
[2026-02-09T10:34:40.009+0000] {multi.py:185} ERROR - 
1 Failed download:
[2026-02-09T10:34:40.009+0000] {multi.py:198} ERROR - ['NVDA']: YFPricesMissingError('possibly delisted; no price data found  (1d 2025-05-04 -> 2025-05-05)')
[2026-02-09T10:34:40.021+0000] {logging_mixin.py:188} INFO - [RAW] No data from yfinance
[2026-02-09T10:34:40.022+0000] {python.py:237} INFO - Done. Returned value was: None
[2026-02-09T10:34:40.022+0000] {taskinstance.py:441} INFO - ::group::Post task execution logs
[2026-02-09T10:34:40.034+0000] {taskinstance.py:1206} INFO - Marking task as SUCCESS. dag_id=stock_raw_nvda, task_id=download_and_load_raw, run_id=scheduled__2025-05-04T00:00:00+00:00, execution_date=20250504T000000, start_date=20260209T103439, end_date=20260209T103440
[2026-02-09T10:34:40.099+0000] {local_task_job_runner.py:243} INFO - Task exited with return code 0
[2026-02-09T10:34:40.117+0000] {taskinstance.py:3503} INFO - 0 downstream tasks scheduled from follow-on schedule check
[2026-02-09T10:34:40.120+0000] {local_task_job_runner.py:222} INFO - ::endgroup::
