[2026-02-09T10:42:19.322+0000] {local_task_job_runner.py:120} INFO - ::group::Pre task execution logs
[2026-02-09T10:42:19.353+0000] {taskinstance.py:2076} INFO - Dependencies all met for dep_context=non-requeueable deps ti=<TaskInstance: stock_raw_aapl.download_and_load_raw scheduled__2025-09-21T00:00:00+00:00 [queued]>
[2026-02-09T10:42:19.360+0000] {taskinstance.py:2076} INFO - Dependencies all met for dep_context=requeueable deps ti=<TaskInstance: stock_raw_aapl.download_and_load_raw scheduled__2025-09-21T00:00:00+00:00 [queued]>
[2026-02-09T10:42:19.360+0000] {taskinstance.py:2306} INFO - Starting attempt 1 of 1
[2026-02-09T10:42:19.374+0000] {taskinstance.py:2330} INFO - Executing <Task(PythonOperator): download_and_load_raw> on 2025-09-21 00:00:00+00:00
[2026-02-09T10:42:19.390+0000] {logging_mixin.py:188} WARNING - /home/***/.local/lib/python3.12/site-packages/***/task/task_runner/standard_task_runner.py:62 DeprecationWarning: This process (pid=8001) is multi-threaded, use of fork() may lead to deadlocks in the child.
[2026-02-09T10:42:19.391+0000] {standard_task_runner.py:64} INFO - Started process 8018 to run task
[2026-02-09T10:42:19.391+0000] {standard_task_runner.py:90} INFO - Running: ['***', 'tasks', 'run', 'stock_raw_aapl', 'download_and_load_raw', 'scheduled__2025-09-21T00:00:00+00:00', '--job-id', '5939', '--raw', '--subdir', 'DAGS_FOLDER/stocks_dwh/raw/stocks_raw_dags.py', '--cfg-path', '/tmp/tmpyzq5l6zm']
[2026-02-09T10:42:19.393+0000] {standard_task_runner.py:91} INFO - Job 5939: Subtask download_and_load_raw
[2026-02-09T10:42:19.462+0000] {task_command.py:426} INFO - Running <TaskInstance: stock_raw_aapl.download_and_load_raw scheduled__2025-09-21T00:00:00+00:00 [running]> on host 4886d37bc122
[2026-02-09T10:42:19.607+0000] {taskinstance.py:2648} INFO - Exporting env vars: AIRFLOW_CTX_DAG_OWNER='***' AIRFLOW_CTX_DAG_ID='stock_raw_aapl' AIRFLOW_CTX_TASK_ID='download_and_load_raw' AIRFLOW_CTX_EXECUTION_DATE='2025-09-21T00:00:00+00:00' AIRFLOW_CTX_TRY_NUMBER='1' AIRFLOW_CTX_DAG_RUN_ID='scheduled__2025-09-21T00:00:00+00:00'
[2026-02-09T10:42:19.608+0000] {taskinstance.py:430} INFO - ::endgroup::
[2026-02-09T10:42:19.621+0000] {logging_mixin.py:188} INFO - [RAW] Download AAPL [1d] 2025-09-21..2025-09-22
[2026-02-09T10:42:19.624+0000] {logging_mixin.py:188} WARNING - /opt/***/dags/stocks_dwh/raw/stocks_raw_dags.py:38 FutureWarning: YF.download() has changed argument auto_adjust default to True
[2026-02-09T10:42:19.633+0000] {logging_mixin.py:188} WARNING - /home/***/.local/lib/python3.12/site-packages/yfinance/scrapers/history.py:204 Pandas4Warning: Timestamp.utcnow is deprecated and will be removed in a future version. Use Timestamp.now('UTC') instead.
[2026-02-09T10:42:20.112+0000] {multi.py:185} ERROR - 
1 Failed download:
[2026-02-09T10:42:20.113+0000] {multi.py:198} ERROR - ['AAPL']: YFPricesMissingError('possibly delisted; no price data found  (1d 2025-09-21 -> 2025-09-22)')
[2026-02-09T10:42:20.127+0000] {logging_mixin.py:188} INFO - [RAW] No data from yfinance
[2026-02-09T10:42:20.128+0000] {python.py:237} INFO - Done. Returned value was: None
[2026-02-09T10:42:20.128+0000] {taskinstance.py:441} INFO - ::group::Post task execution logs
[2026-02-09T10:42:20.139+0000] {taskinstance.py:1206} INFO - Marking task as SUCCESS. dag_id=stock_raw_aapl, task_id=download_and_load_raw, run_id=scheduled__2025-09-21T00:00:00+00:00, execution_date=20250921T000000, start_date=20260209T104219, end_date=20260209T104220
[2026-02-09T10:42:20.208+0000] {local_task_job_runner.py:243} INFO - Task exited with return code 0
[2026-02-09T10:42:20.226+0000] {taskinstance.py:3503} INFO - 0 downstream tasks scheduled from follow-on schedule check
[2026-02-09T10:42:20.228+0000] {local_task_job_runner.py:222} INFO - ::endgroup::
[2026-02-09T12:43:54.405+0000] {local_task_job_runner.py:120} INFO - ::group::Pre task execution logs
[2026-02-09T12:43:54.434+0000] {taskinstance.py:2076} INFO - Dependencies all met for dep_context=non-requeueable deps ti=<TaskInstance: stock_raw_aapl.download_and_load_raw scheduled__2025-09-21T00:00:00+00:00 [queued]>
[2026-02-09T12:43:54.441+0000] {taskinstance.py:2076} INFO - Dependencies all met for dep_context=requeueable deps ti=<TaskInstance: stock_raw_aapl.download_and_load_raw scheduled__2025-09-21T00:00:00+00:00 [queued]>
[2026-02-09T12:43:54.441+0000] {taskinstance.py:2306} INFO - Starting attempt 1 of 1
[2026-02-09T12:43:54.454+0000] {taskinstance.py:2330} INFO - Executing <Task(PythonOperator): download_and_load_raw> on 2025-09-21 00:00:00+00:00
[2026-02-09T12:43:54.466+0000] {logging_mixin.py:188} WARNING - /home/***/.local/lib/python3.12/site-packages/***/task/task_runner/standard_task_runner.py:62 DeprecationWarning: This process (pid=18453) is multi-threaded, use of fork() may lead to deadlocks in the child.
[2026-02-09T12:43:54.465+0000] {standard_task_runner.py:90} INFO - Running: ['***', 'tasks', 'run', 'stock_raw_aapl', 'download_and_load_raw', 'scheduled__2025-09-21T00:00:00+00:00', '--job-id', '7821', '--raw', '--subdir', 'DAGS_FOLDER/stocks_dwh/raw/stocks_raw_dags.py', '--cfg-path', '/tmp/tmpzjmlzkev']
[2026-02-09T12:43:54.467+0000] {standard_task_runner.py:64} INFO - Started process 18455 to run task
[2026-02-09T12:43:54.467+0000] {standard_task_runner.py:91} INFO - Job 7821: Subtask download_and_load_raw
[2026-02-09T12:43:54.534+0000] {task_command.py:426} INFO - Running <TaskInstance: stock_raw_aapl.download_and_load_raw scheduled__2025-09-21T00:00:00+00:00 [running]> on host 4886d37bc122
[2026-02-09T12:43:54.621+0000] {taskinstance.py:2648} INFO - Exporting env vars: AIRFLOW_CTX_DAG_OWNER='***' AIRFLOW_CTX_DAG_ID='stock_raw_aapl' AIRFLOW_CTX_TASK_ID='download_and_load_raw' AIRFLOW_CTX_EXECUTION_DATE='2025-09-21T00:00:00+00:00' AIRFLOW_CTX_TRY_NUMBER='1' AIRFLOW_CTX_DAG_RUN_ID='scheduled__2025-09-21T00:00:00+00:00'
[2026-02-09T12:43:54.622+0000] {taskinstance.py:430} INFO - ::endgroup::
[2026-02-09T12:43:54.632+0000] {stocks_raw_dags.py:37} INFO - 2025-09-21 00:00:00+00:00, 2025-09-22 00:00:00+00:00
[2026-02-09T12:43:54.633+0000] {logging_mixin.py:188} INFO - [RAW] Download AAPL [1d] 2025-09-20..2025-09-22
[2026-02-09T12:43:54.635+0000] {logging_mixin.py:188} WARNING - /opt/***/dags/stocks_dwh/raw/stocks_raw_dags.py:42 FutureWarning: YF.download() has changed argument auto_adjust default to True
[2026-02-09T12:43:54.644+0000] {logging_mixin.py:188} WARNING - /home/***/.local/lib/python3.12/site-packages/yfinance/scrapers/history.py:204 Pandas4Warning: Timestamp.utcnow is deprecated and will be removed in a future version. Use Timestamp.now('UTC') instead.
[2026-02-09T12:43:55.185+0000] {logging_mixin.py:188} WARNING - [*********************100%***********************]  1 of 1 completed
[2026-02-09T12:43:55.186+0000] {multi.py:185} ERROR - 
1 Failed download:
[2026-02-09T12:43:55.186+0000] {multi.py:198} ERROR - ['AAPL']: YFPricesMissingError('possibly delisted; no price data found  (1d 2025-09-20 -> 2025-09-22)')
[2026-02-09T12:43:55.200+0000] {logging_mixin.py:188} INFO - [RAW] No data from yfinance
[2026-02-09T12:43:55.201+0000] {python.py:237} INFO - Done. Returned value was: None
[2026-02-09T12:43:55.202+0000] {taskinstance.py:441} INFO - ::group::Post task execution logs
[2026-02-09T12:43:55.211+0000] {taskinstance.py:1206} INFO - Marking task as SUCCESS. dag_id=stock_raw_aapl, task_id=download_and_load_raw, run_id=scheduled__2025-09-21T00:00:00+00:00, execution_date=20250921T000000, start_date=20260209T124354, end_date=20260209T124355
[2026-02-09T12:43:55.283+0000] {local_task_job_runner.py:243} INFO - Task exited with return code 0
[2026-02-09T12:43:55.302+0000] {taskinstance.py:3503} INFO - 0 downstream tasks scheduled from follow-on schedule check
[2026-02-09T12:43:55.307+0000] {local_task_job_runner.py:222} INFO - ::endgroup::
