[2026-02-09T10:22:47.002+0000] {local_task_job_runner.py:120} INFO - ::group::Pre task execution logs
[2026-02-09T10:22:47.031+0000] {taskinstance.py:2076} INFO - Dependencies all met for dep_context=non-requeueable deps ti=<TaskInstance: stock_raw_tsla.download_and_load_raw scheduled__2024-10-02T00:00:00+00:00 [queued]>
[2026-02-09T10:22:47.038+0000] {taskinstance.py:2076} INFO - Dependencies all met for dep_context=requeueable deps ti=<TaskInstance: stock_raw_tsla.download_and_load_raw scheduled__2024-10-02T00:00:00+00:00 [queued]>
[2026-02-09T10:22:47.039+0000] {taskinstance.py:2306} INFO - Starting attempt 1 of 1
[2026-02-09T10:22:47.051+0000] {taskinstance.py:2330} INFO - Executing <Task(PythonOperator): download_and_load_raw> on 2024-10-02 00:00:00+00:00
[2026-02-09T10:22:47.063+0000] {logging_mixin.py:188} WARNING - /home/***/.local/lib/python3.12/site-packages/***/task/task_runner/standard_task_runner.py:62 DeprecationWarning: This process (pid=585) is multi-threaded, use of fork() may lead to deadlocks in the child.
[2026-02-09T10:22:47.064+0000] {standard_task_runner.py:64} INFO - Started process 594 to run task
[2026-02-09T10:22:47.063+0000] {standard_task_runner.py:90} INFO - Running: ['***', 'tasks', 'run', 'stock_raw_tsla', 'download_and_load_raw', 'scheduled__2024-10-02T00:00:00+00:00', '--job-id', '4197', '--raw', '--subdir', 'DAGS_FOLDER/stocks_dwh/raw/stocks_raw_dags.py', '--cfg-path', '/tmp/tmpsgjculh9']
[2026-02-09T10:22:47.066+0000] {standard_task_runner.py:91} INFO - Job 4197: Subtask download_and_load_raw
[2026-02-09T10:22:47.123+0000] {task_command.py:426} INFO - Running <TaskInstance: stock_raw_tsla.download_and_load_raw scheduled__2024-10-02T00:00:00+00:00 [running]> on host 4886d37bc122
[2026-02-09T10:22:47.213+0000] {taskinstance.py:2648} INFO - Exporting env vars: AIRFLOW_CTX_DAG_OWNER='***' AIRFLOW_CTX_DAG_ID='stock_raw_tsla' AIRFLOW_CTX_TASK_ID='download_and_load_raw' AIRFLOW_CTX_EXECUTION_DATE='2024-10-02T00:00:00+00:00' AIRFLOW_CTX_TRY_NUMBER='1' AIRFLOW_CTX_DAG_RUN_ID='scheduled__2024-10-02T00:00:00+00:00'
[2026-02-09T10:22:47.214+0000] {taskinstance.py:430} INFO - ::endgroup::
[2026-02-09T10:22:47.228+0000] {logging_mixin.py:188} INFO - [RAW] Download TSLA [1d] 2024-10-02..2024-10-03
[2026-02-09T10:22:47.230+0000] {logging_mixin.py:188} WARNING - /opt/***/dags/stocks_dwh/raw/stocks_raw_dags.py:38 FutureWarning: YF.download() has changed argument auto_adjust default to True
[2026-02-09T10:22:47.237+0000] {logging_mixin.py:188} WARNING - /home/***/.local/lib/python3.12/site-packages/yfinance/scrapers/history.py:204 Pandas4Warning: Timestamp.utcnow is deprecated and will be removed in a future version. Use Timestamp.now('UTC') instead.
[2026-02-09T10:22:49.198+0000] {taskinstance.py:441} INFO - ::group::Post task execution logs
[2026-02-09T10:22:49.199+0000] {taskinstance.py:2905} ERROR - Task failed with exception
Traceback (most recent call last):
  File "/home/airflow/.local/lib/python3.12/site-packages/airflow/models/taskinstance.py", line 465, in _execute_task
    result = _execute_callable(context=context, **execute_callable_kwargs)
             ^^^^^^^^^^^^^^^^^^^^^^^^^^^^^^^^^^^^^^^^^^^^^^^^^^^^^^^^^^^^^
  File "/home/airflow/.local/lib/python3.12/site-packages/airflow/models/taskinstance.py", line 432, in _execute_callable
    return execute_callable(context=context, **execute_callable_kwargs)
           ^^^^^^^^^^^^^^^^^^^^^^^^^^^^^^^^^^^^^^^^^^^^^^^^^^^^^^^^^^^^
  File "/home/airflow/.local/lib/python3.12/site-packages/airflow/models/baseoperator.py", line 401, in wrapper
    return func(self, *args, **kwargs)
           ^^^^^^^^^^^^^^^^^^^^^^^^^^^
  File "/home/airflow/.local/lib/python3.12/site-packages/airflow/operators/python.py", line 235, in execute
    return_value = self.execute_callable()
                   ^^^^^^^^^^^^^^^^^^^^^^^
  File "/home/airflow/.local/lib/python3.12/site-packages/airflow/operators/python.py", line 252, in execute_callable
    return self.python_callable(*self.op_args, **self.op_kwargs)
           ^^^^^^^^^^^^^^^^^^^^^^^^^^^^^^^^^^^^^^^^^^^^^^^^^^^^^
  File "/opt/airflow/dags/stocks_dwh/raw/stocks_raw_dags.py", line 86, in download_and_load_raw
    df["volume"] = pd.to_numeric(df["volume"], errors="coerce").fillna(0).astype("int64")
                   ^^^^^^^^^^^^^^^^^^^^^^^^^^^^^^^^^^^^^^^^^^^^
  File "/home/airflow/.local/lib/python3.12/site-packages/pandas/core/tools/numeric.py", line 212, in to_numeric
    raise TypeError("arg must be a list, tuple, 1-d array, or Series")
TypeError: arg must be a list, tuple, 1-d array, or Series
[2026-02-09T10:22:49.214+0000] {taskinstance.py:1206} INFO - Marking task as FAILED. dag_id=stock_raw_tsla, task_id=download_and_load_raw, run_id=scheduled__2024-10-02T00:00:00+00:00, execution_date=20241002T000000, start_date=20260209T102247, end_date=20260209T102249
[2026-02-09T10:22:49.224+0000] {standard_task_runner.py:110} ERROR - Failed to execute job 4197 for task download_and_load_raw (arg must be a list, tuple, 1-d array, or Series; 594)
[2026-02-09T10:22:49.244+0000] {local_task_job_runner.py:243} INFO - Task exited with return code 1
[2026-02-09T10:22:49.259+0000] {taskinstance.py:3503} INFO - 0 downstream tasks scheduled from follow-on schedule check
[2026-02-09T10:22:49.261+0000] {local_task_job_runner.py:222} INFO - ::endgroup::
