[2026-02-07T14:37:40.262+0000] {local_task_job_runner.py:120} INFO - ::group::Pre task execution logs
[2026-02-07T14:37:40.295+0000] {taskinstance.py:2076} INFO - Dependencies all met for dep_context=non-requeueable deps ti=<TaskInstance: stock_tsla.download scheduled__2024-12-15T00:00:00+00:00 [queued]>
[2026-02-07T14:37:40.306+0000] {taskinstance.py:2076} INFO - Dependencies all met for dep_context=requeueable deps ti=<TaskInstance: stock_tsla.download scheduled__2024-12-15T00:00:00+00:00 [queued]>
[2026-02-07T14:37:40.308+0000] {taskinstance.py:2306} INFO - Starting attempt 1 of 1
[2026-02-07T14:37:40.322+0000] {taskinstance.py:2330} INFO - Executing <Task(PythonOperator): download> on 2024-12-15 00:00:00+00:00
[2026-02-07T14:37:40.335+0000] {logging_mixin.py:188} WARNING - /home/***/.local/lib/python3.12/site-packages/***/task/task_runner/standard_task_runner.py:62 DeprecationWarning: This process (pid=6723) is multi-threaded, use of fork() may lead to deadlocks in the child.
[2026-02-07T14:37:40.335+0000] {standard_task_runner.py:90} INFO - Running: ['***', 'tasks', 'run', 'stock_tsla', 'download', 'scheduled__2024-12-15T00:00:00+00:00', '--job-id', '1434', '--raw', '--subdir', 'DAGS_FOLDER/stocks_dags.py', '--cfg-path', '/tmp/tmp81j2_4_j']
[2026-02-07T14:37:40.337+0000] {standard_task_runner.py:64} INFO - Started process 6730 to run task
[2026-02-07T14:37:40.337+0000] {standard_task_runner.py:91} INFO - Job 1434: Subtask download
[2026-02-07T14:37:40.408+0000] {task_command.py:426} INFO - Running <TaskInstance: stock_tsla.download scheduled__2024-12-15T00:00:00+00:00 [running]> on host 5adf8c44a70f
[2026-02-07T14:37:40.524+0000] {taskinstance.py:2648} INFO - Exporting env vars: AIRFLOW_CTX_DAG_OWNER='***' AIRFLOW_CTX_DAG_ID='stock_tsla' AIRFLOW_CTX_TASK_ID='download' AIRFLOW_CTX_EXECUTION_DATE='2024-12-15T00:00:00+00:00' AIRFLOW_CTX_TRY_NUMBER='1' AIRFLOW_CTX_DAG_RUN_ID='scheduled__2024-12-15T00:00:00+00:00'
[2026-02-07T14:37:40.525+0000] {taskinstance.py:430} INFO - ::endgroup::
[2026-02-07T14:37:40.539+0000] {logging_mixin.py:188} INFO - Downloading TSLA from 2024-12-15 to 2024-12-16
[2026-02-07T14:37:40.542+0000] {logging_mixin.py:188} WARNING - /opt/***/dags/stocks_dags.py:22 FutureWarning: YF.download() has changed argument auto_adjust default to True
[2026-02-07T14:37:40.553+0000] {logging_mixin.py:188} WARNING - /home/***/.local/lib/python3.12/site-packages/yfinance/scrapers/history.py:204 Pandas4Warning: Timestamp.utcnow is deprecated and will be removed in a future version. Use Timestamp.now('UTC') instead.
[2026-02-07T14:37:41.010+0000] {multi.py:185} ERROR - 
1 Failed download:
[2026-02-07T14:37:41.011+0000] {multi.py:198} ERROR - ['TSLA']: YFPricesMissingError('possibly delisted; no price data found  (1d 2024-12-15 -> 2024-12-16)')
[2026-02-07T14:37:41.025+0000] {logging_mixin.py:188} INFO - No data
[2026-02-07T14:37:41.026+0000] {python.py:237} INFO - Done. Returned value was: None
[2026-02-07T14:37:41.026+0000] {taskinstance.py:441} INFO - ::group::Post task execution logs
[2026-02-07T14:37:41.038+0000] {taskinstance.py:1206} INFO - Marking task as SUCCESS. dag_id=stock_tsla, task_id=download, run_id=scheduled__2024-12-15T00:00:00+00:00, execution_date=20241215T000000, start_date=20260207T143740, end_date=20260207T143741
[2026-02-07T14:37:41.074+0000] {local_task_job_runner.py:243} INFO - Task exited with return code 0
[2026-02-07T14:37:41.097+0000] {taskinstance.py:3503} INFO - 0 downstream tasks scheduled from follow-on schedule check
[2026-02-07T14:37:41.100+0000] {local_task_job_runner.py:222} INFO - ::endgroup::
