[2026-02-09T10:29:33.776+0000] {local_task_job_runner.py:120} INFO - ::group::Pre task execution logs
[2026-02-09T10:29:33.804+0000] {taskinstance.py:2076} INFO - Dependencies all met for dep_context=non-requeueable deps ti=<TaskInstance: stock_raw_aapl.download_and_load_raw scheduled__2025-02-01T00:00:00+00:00 [queued]>
[2026-02-09T10:29:33.813+0000] {taskinstance.py:2076} INFO - Dependencies all met for dep_context=requeueable deps ti=<TaskInstance: stock_raw_aapl.download_and_load_raw scheduled__2025-02-01T00:00:00+00:00 [queued]>
[2026-02-09T10:29:33.814+0000] {taskinstance.py:2306} INFO - Starting attempt 1 of 1
[2026-02-09T10:29:33.826+0000] {taskinstance.py:2330} INFO - Executing <Task(PythonOperator): download_and_load_raw> on 2025-02-01 00:00:00+00:00
[2026-02-09T10:29:33.840+0000] {logging_mixin.py:188} WARNING - /home/***/.local/lib/python3.12/site-packages/***/task/task_runner/standard_task_runner.py:62 DeprecationWarning: This process (pid=3141) is multi-threaded, use of fork() may lead to deadlocks in the child.
[2026-02-09T10:29:33.842+0000] {standard_task_runner.py:64} INFO - Started process 3149 to run task
[2026-02-09T10:29:33.840+0000] {standard_task_runner.py:90} INFO - Running: ['***', 'tasks', 'run', 'stock_raw_aapl', 'download_and_load_raw', 'scheduled__2025-02-01T00:00:00+00:00', '--job-id', '4796', '--raw', '--subdir', 'DAGS_FOLDER/stocks_dwh/raw/stocks_raw_dags.py', '--cfg-path', '/tmp/tmpa_zt9u53']
[2026-02-09T10:29:33.844+0000] {standard_task_runner.py:91} INFO - Job 4796: Subtask download_and_load_raw
[2026-02-09T10:29:33.903+0000] {task_command.py:426} INFO - Running <TaskInstance: stock_raw_aapl.download_and_load_raw scheduled__2025-02-01T00:00:00+00:00 [running]> on host 4886d37bc122
[2026-02-09T10:29:33.992+0000] {taskinstance.py:2648} INFO - Exporting env vars: AIRFLOW_CTX_DAG_OWNER='***' AIRFLOW_CTX_DAG_ID='stock_raw_aapl' AIRFLOW_CTX_TASK_ID='download_and_load_raw' AIRFLOW_CTX_EXECUTION_DATE='2025-02-01T00:00:00+00:00' AIRFLOW_CTX_TRY_NUMBER='1' AIRFLOW_CTX_DAG_RUN_ID='scheduled__2025-02-01T00:00:00+00:00'
[2026-02-09T10:29:33.995+0000] {taskinstance.py:430} INFO - ::endgroup::
[2026-02-09T10:29:34.006+0000] {logging_mixin.py:188} INFO - [RAW] Download AAPL [1d] 2025-02-01..2025-02-02
[2026-02-09T10:29:34.008+0000] {logging_mixin.py:188} WARNING - /opt/***/dags/stocks_dwh/raw/stocks_raw_dags.py:38 FutureWarning: YF.download() has changed argument auto_adjust default to True
[2026-02-09T10:29:34.016+0000] {logging_mixin.py:188} WARNING - /home/***/.local/lib/python3.12/site-packages/yfinance/scrapers/history.py:204 Pandas4Warning: Timestamp.utcnow is deprecated and will be removed in a future version. Use Timestamp.now('UTC') instead.
[2026-02-09T10:29:34.517+0000] {multi.py:185} ERROR - 
1 Failed download:
[2026-02-09T10:29:34.518+0000] {multi.py:198} ERROR - ['AAPL']: YFPricesMissingError('possibly delisted; no price data found  (1d 2025-02-01 -> 2025-02-02)')
[2026-02-09T10:29:34.532+0000] {logging_mixin.py:188} INFO - [RAW] No data from yfinance
[2026-02-09T10:29:34.532+0000] {python.py:237} INFO - Done. Returned value was: None
[2026-02-09T10:29:34.533+0000] {taskinstance.py:441} INFO - ::group::Post task execution logs
[2026-02-09T10:29:34.542+0000] {taskinstance.py:1206} INFO - Marking task as SUCCESS. dag_id=stock_raw_aapl, task_id=download_and_load_raw, run_id=scheduled__2025-02-01T00:00:00+00:00, execution_date=20250201T000000, start_date=20260209T102933, end_date=20260209T102934
[2026-02-09T10:29:34.577+0000] {local_task_job_runner.py:243} INFO - Task exited with return code 0
[2026-02-09T10:29:34.594+0000] {taskinstance.py:3503} INFO - 0 downstream tasks scheduled from follow-on schedule check
[2026-02-09T10:29:34.596+0000] {local_task_job_runner.py:222} INFO - ::endgroup::
[2026-02-09T12:31:08.570+0000] {local_task_job_runner.py:120} INFO - ::group::Pre task execution logs
[2026-02-09T12:31:08.600+0000] {taskinstance.py:2076} INFO - Dependencies all met for dep_context=non-requeueable deps ti=<TaskInstance: stock_raw_aapl.download_and_load_raw scheduled__2025-02-01T00:00:00+00:00 [queued]>
[2026-02-09T12:31:08.607+0000] {taskinstance.py:2076} INFO - Dependencies all met for dep_context=requeueable deps ti=<TaskInstance: stock_raw_aapl.download_and_load_raw scheduled__2025-02-01T00:00:00+00:00 [queued]>
[2026-02-09T12:31:08.607+0000] {taskinstance.py:2306} INFO - Starting attempt 1 of 1
[2026-02-09T12:31:08.618+0000] {taskinstance.py:2330} INFO - Executing <Task(PythonOperator): download_and_load_raw> on 2025-02-01 00:00:00+00:00
[2026-02-09T12:31:08.629+0000] {logging_mixin.py:188} WARNING - /home/***/.local/lib/python3.12/site-packages/***/task/task_runner/standard_task_runner.py:62 DeprecationWarning: This process (pid=17059) is multi-threaded, use of fork() may lead to deadlocks in the child.
[2026-02-09T12:31:08.630+0000] {standard_task_runner.py:64} INFO - Started process 17062 to run task
[2026-02-09T12:31:08.629+0000] {standard_task_runner.py:90} INFO - Running: ['***', 'tasks', 'run', 'stock_raw_aapl', 'download_and_load_raw', 'scheduled__2025-02-01T00:00:00+00:00', '--job-id', '7546', '--raw', '--subdir', 'DAGS_FOLDER/stocks_dwh/raw/stocks_raw_dags.py', '--cfg-path', '/tmp/tmpf8sq_cio']
[2026-02-09T12:31:08.631+0000] {standard_task_runner.py:91} INFO - Job 7546: Subtask download_and_load_raw
[2026-02-09T12:31:08.686+0000] {task_command.py:426} INFO - Running <TaskInstance: stock_raw_aapl.download_and_load_raw scheduled__2025-02-01T00:00:00+00:00 [running]> on host 4886d37bc122
[2026-02-09T12:31:08.769+0000] {taskinstance.py:2648} INFO - Exporting env vars: AIRFLOW_CTX_DAG_OWNER='***' AIRFLOW_CTX_DAG_ID='stock_raw_aapl' AIRFLOW_CTX_TASK_ID='download_and_load_raw' AIRFLOW_CTX_EXECUTION_DATE='2025-02-01T00:00:00+00:00' AIRFLOW_CTX_TRY_NUMBER='1' AIRFLOW_CTX_DAG_RUN_ID='scheduled__2025-02-01T00:00:00+00:00'
[2026-02-09T12:31:08.771+0000] {taskinstance.py:430} INFO - ::endgroup::
[2026-02-09T12:31:08.781+0000] {stocks_raw_dags.py:37} INFO - 2025-02-01 00:00:00+00:00, 2025-02-02 00:00:00+00:00
[2026-02-09T12:31:08.781+0000] {logging_mixin.py:188} INFO - [RAW] Download AAPL [1d] 2025-01-31..2025-02-02
[2026-02-09T12:31:08.783+0000] {logging_mixin.py:188} WARNING - /opt/***/dags/stocks_dwh/raw/stocks_raw_dags.py:42 FutureWarning: YF.download() has changed argument auto_adjust default to True
[2026-02-09T12:31:08.791+0000] {logging_mixin.py:188} WARNING - /home/***/.local/lib/python3.12/site-packages/yfinance/scrapers/history.py:204 Pandas4Warning: Timestamp.utcnow is deprecated and will be removed in a future version. Use Timestamp.now('UTC') instead.
[2026-02-09T12:31:10.742+0000] {logging_mixin.py:188} WARNING - [*********************100%***********************]  1 of 1 completed
[2026-02-09T12:31:10.777+0000] {base.py:84} INFO - Using connection ID 'dwh_clickhouse' for task execution.
[2026-02-09T12:31:10.797+0000] {logging_mixin.py:188} INFO - [RAW] Deleted existing rows for AAPL in 2025-01-31..2025-02-02
[2026-02-09T12:31:10.806+0000] {logging_mixin.py:188} INFO - [RAW] Inserted 1 rows into dwh.raw_stock_prices
[2026-02-09T12:31:10.807+0000] {python.py:237} INFO - Done. Returned value was: None
[2026-02-09T12:31:10.808+0000] {taskinstance.py:441} INFO - ::group::Post task execution logs
[2026-02-09T12:31:10.817+0000] {taskinstance.py:1206} INFO - Marking task as SUCCESS. dag_id=stock_raw_aapl, task_id=download_and_load_raw, run_id=scheduled__2025-02-01T00:00:00+00:00, execution_date=20250201T000000, start_date=20260209T123108, end_date=20260209T123110
[2026-02-09T12:31:10.891+0000] {local_task_job_runner.py:243} INFO - Task exited with return code 0
[2026-02-09T12:31:10.909+0000] {taskinstance.py:3503} INFO - 0 downstream tasks scheduled from follow-on schedule check
[2026-02-09T12:31:10.912+0000] {local_task_job_runner.py:222} INFO - ::endgroup::
