[2026-02-09T10:46:33.721+0000] {local_task_job_runner.py:120} INFO - ::group::Pre task execution logs
[2026-02-09T10:46:33.752+0000] {taskinstance.py:2076} INFO - Dependencies all met for dep_context=non-requeueable deps ti=<TaskInstance: stock_raw_moex_sber.download_and_load_raw scheduled__2025-10-26T00:00:00+00:00 [queued]>
[2026-02-09T10:46:33.760+0000] {taskinstance.py:2076} INFO - Dependencies all met for dep_context=requeueable deps ti=<TaskInstance: stock_raw_moex_sber.download_and_load_raw scheduled__2025-10-26T00:00:00+00:00 [queued]>
[2026-02-09T10:46:33.761+0000] {taskinstance.py:2306} INFO - Starting attempt 1 of 1
[2026-02-09T10:46:33.773+0000] {taskinstance.py:2330} INFO - Executing <Task(PythonOperator): download_and_load_raw> on 2025-10-26 00:00:00+00:00
[2026-02-09T10:46:33.784+0000] {logging_mixin.py:188} WARNING - /home/***/.local/lib/python3.12/site-packages/***/task/task_runner/standard_task_runner.py:62 DeprecationWarning: This process (pid=9725) is multi-threaded, use of fork() may lead to deadlocks in the child.
[2026-02-09T10:46:33.786+0000] {standard_task_runner.py:64} INFO - Started process 9732 to run task
[2026-02-09T10:46:33.785+0000] {standard_task_runner.py:90} INFO - Running: ['***', 'tasks', 'run', 'stock_raw_moex_sber', 'download_and_load_raw', 'scheduled__2025-10-26T00:00:00+00:00', '--job-id', '6345', '--raw', '--subdir', 'DAGS_FOLDER/stocks_dwh/raw/stocks_raw_dags.py', '--cfg-path', '/tmp/tmpq78lx8li']
[2026-02-09T10:46:33.788+0000] {standard_task_runner.py:91} INFO - Job 6345: Subtask download_and_load_raw
[2026-02-09T10:46:33.847+0000] {task_command.py:426} INFO - Running <TaskInstance: stock_raw_moex_sber.download_and_load_raw scheduled__2025-10-26T00:00:00+00:00 [running]> on host 4886d37bc122
[2026-02-09T10:46:33.943+0000] {taskinstance.py:2648} INFO - Exporting env vars: AIRFLOW_CTX_DAG_OWNER='***' AIRFLOW_CTX_DAG_ID='stock_raw_moex_sber' AIRFLOW_CTX_TASK_ID='download_and_load_raw' AIRFLOW_CTX_EXECUTION_DATE='2025-10-26T00:00:00+00:00' AIRFLOW_CTX_TRY_NUMBER='1' AIRFLOW_CTX_DAG_RUN_ID='scheduled__2025-10-26T00:00:00+00:00'
[2026-02-09T10:46:33.945+0000] {taskinstance.py:430} INFO - ::endgroup::
[2026-02-09T10:46:33.957+0000] {logging_mixin.py:188} INFO - [RAW] Download MOEX.SBER [1d] 2025-10-26..2025-10-27
[2026-02-09T10:46:33.959+0000] {logging_mixin.py:188} WARNING - /opt/***/dags/stocks_dwh/raw/stocks_raw_dags.py:38 FutureWarning: YF.download() has changed argument auto_adjust default to True
[2026-02-09T10:46:34.966+0000] {quote.py:592} ERROR - HTTP Error 404: {"quoteSummary":{"result":null,"error":{"code":"Not Found","description":"Quote not found for symbol: MOEX.SBER"}}}
[2026-02-09T10:46:35.013+0000] {logging_mixin.py:188} WARNING - /home/***/.local/lib/python3.12/site-packages/yfinance/scrapers/quote.py:700 Pandas4Warning: Timestamp.utcnow is deprecated and will be removed in a future version. Use Timestamp.now('UTC') instead.
[2026-02-09T10:46:35.016+0000] {logging_mixin.py:188} WARNING - /home/***/.local/lib/python3.12/site-packages/yfinance/scrapers/quote.py:702 Pandas4Warning: Timestamp.utcnow is deprecated and will be removed in a future version. Use Timestamp.now('UTC') instead.
[2026-02-09T10:46:35.075+0000] {multi.py:185} ERROR - 
1 Failed download:
[2026-02-09T10:46:35.075+0000] {multi.py:198} ERROR - ['MOEX.SBER']: YFTzMissingError('possibly delisted; no timezone found')
[2026-02-09T10:46:35.087+0000] {logging_mixin.py:188} INFO - [RAW] No data from yfinance
[2026-02-09T10:46:35.088+0000] {python.py:237} INFO - Done. Returned value was: None
[2026-02-09T10:46:35.089+0000] {taskinstance.py:441} INFO - ::group::Post task execution logs
[2026-02-09T10:46:35.098+0000] {taskinstance.py:1206} INFO - Marking task as SUCCESS. dag_id=stock_raw_moex_sber, task_id=download_and_load_raw, run_id=scheduled__2025-10-26T00:00:00+00:00, execution_date=20251026T000000, start_date=20260209T104633, end_date=20260209T104635
[2026-02-09T10:46:35.163+0000] {local_task_job_runner.py:243} INFO - Task exited with return code 0
[2026-02-09T10:46:35.179+0000] {taskinstance.py:3503} INFO - 0 downstream tasks scheduled from follow-on schedule check
[2026-02-09T10:46:35.180+0000] {local_task_job_runner.py:222} INFO - ::endgroup::
