[2026-02-09T10:30:36.659+0000] {local_task_job_runner.py:120} INFO - ::group::Pre task execution logs
[2026-02-09T10:30:36.694+0000] {taskinstance.py:2076} INFO - Dependencies all met for dep_context=non-requeueable deps ti=<TaskInstance: stock_raw_aapl.download_and_load_raw scheduled__2025-02-20T00:00:00+00:00 [queued]>
[2026-02-09T10:30:36.703+0000] {taskinstance.py:2076} INFO - Dependencies all met for dep_context=requeueable deps ti=<TaskInstance: stock_raw_aapl.download_and_load_raw scheduled__2025-02-20T00:00:00+00:00 [queued]>
[2026-02-09T10:30:36.704+0000] {taskinstance.py:2306} INFO - Starting attempt 1 of 1
[2026-02-09T10:30:36.720+0000] {taskinstance.py:2330} INFO - Executing <Task(PythonOperator): download_and_load_raw> on 2025-02-20 00:00:00+00:00
[2026-02-09T10:30:36.734+0000] {logging_mixin.py:188} WARNING - /home/***/.local/lib/python3.12/site-packages/***/task/task_runner/standard_task_runner.py:62 DeprecationWarning: This process (pid=3543) is multi-threaded, use of fork() may lead to deadlocks in the child.
[2026-02-09T10:30:36.735+0000] {standard_task_runner.py:64} INFO - Started process 3554 to run task
[2026-02-09T10:30:36.734+0000] {standard_task_runner.py:90} INFO - Running: ['***', 'tasks', 'run', 'stock_raw_aapl', 'download_and_load_raw', 'scheduled__2025-02-20T00:00:00+00:00', '--job-id', '4893', '--raw', '--subdir', 'DAGS_FOLDER/stocks_dwh/raw/stocks_raw_dags.py', '--cfg-path', '/tmp/tmpj7aqcrdn']
[2026-02-09T10:30:36.737+0000] {standard_task_runner.py:91} INFO - Job 4893: Subtask download_and_load_raw
[2026-02-09T10:30:36.800+0000] {task_command.py:426} INFO - Running <TaskInstance: stock_raw_aapl.download_and_load_raw scheduled__2025-02-20T00:00:00+00:00 [running]> on host 4886d37bc122
[2026-02-09T10:30:36.896+0000] {taskinstance.py:2648} INFO - Exporting env vars: AIRFLOW_CTX_DAG_OWNER='***' AIRFLOW_CTX_DAG_ID='stock_raw_aapl' AIRFLOW_CTX_TASK_ID='download_and_load_raw' AIRFLOW_CTX_EXECUTION_DATE='2025-02-20T00:00:00+00:00' AIRFLOW_CTX_TRY_NUMBER='1' AIRFLOW_CTX_DAG_RUN_ID='scheduled__2025-02-20T00:00:00+00:00'
[2026-02-09T10:30:36.898+0000] {taskinstance.py:430} INFO - ::endgroup::
[2026-02-09T10:30:36.910+0000] {logging_mixin.py:188} INFO - [RAW] Download AAPL [1d] 2025-02-20..2025-02-21
[2026-02-09T10:30:36.912+0000] {logging_mixin.py:188} WARNING - /opt/***/dags/stocks_dwh/raw/stocks_raw_dags.py:38 FutureWarning: YF.download() has changed argument auto_adjust default to True
[2026-02-09T10:30:36.920+0000] {logging_mixin.py:188} WARNING - /home/***/.local/lib/python3.12/site-packages/yfinance/scrapers/history.py:204 Pandas4Warning: Timestamp.utcnow is deprecated and will be removed in a future version. Use Timestamp.now('UTC') instead.
[2026-02-09T10:30:37.450+0000] {taskinstance.py:441} INFO - ::group::Post task execution logs
[2026-02-09T10:30:37.450+0000] {taskinstance.py:2905} ERROR - Task failed with exception
Traceback (most recent call last):
  File "/home/airflow/.local/lib/python3.12/site-packages/airflow/models/taskinstance.py", line 465, in _execute_task
    result = _execute_callable(context=context, **execute_callable_kwargs)
             ^^^^^^^^^^^^^^^^^^^^^^^^^^^^^^^^^^^^^^^^^^^^^^^^^^^^^^^^^^^^^
  File "/home/airflow/.local/lib/python3.12/site-packages/airflow/models/taskinstance.py", line 432, in _execute_callable
    return execute_callable(context=context, **execute_callable_kwargs)
           ^^^^^^^^^^^^^^^^^^^^^^^^^^^^^^^^^^^^^^^^^^^^^^^^^^^^^^^^^^^^
  File "/home/airflow/.local/lib/python3.12/site-packages/airflow/models/baseoperator.py", line 401, in wrapper
    return func(self, *args, **kwargs)
           ^^^^^^^^^^^^^^^^^^^^^^^^^^^
  File "/home/airflow/.local/lib/python3.12/site-packages/airflow/operators/python.py", line 235, in execute
    return_value = self.execute_callable()
                   ^^^^^^^^^^^^^^^^^^^^^^^
  File "/home/airflow/.local/lib/python3.12/site-packages/airflow/operators/python.py", line 252, in execute_callable
    return self.python_callable(*self.op_args, **self.op_kwargs)
           ^^^^^^^^^^^^^^^^^^^^^^^^^^^^^^^^^^^^^^^^^^^^^^^^^^^^^
  File "/opt/airflow/dags/stocks_dwh/raw/stocks_raw_dags.py", line 86, in download_and_load_raw
    df["volume"] = pd.to_numeric(df["volume"], errors="coerce").fillna(0).astype("int64")
                   ^^^^^^^^^^^^^^^^^^^^^^^^^^^^^^^^^^^^^^^^^^^^
  File "/home/airflow/.local/lib/python3.12/site-packages/pandas/core/tools/numeric.py", line 212, in to_numeric
    raise TypeError("arg must be a list, tuple, 1-d array, or Series")
TypeError: arg must be a list, tuple, 1-d array, or Series
[2026-02-09T10:30:37.467+0000] {taskinstance.py:1206} INFO - Marking task as FAILED. dag_id=stock_raw_aapl, task_id=download_and_load_raw, run_id=scheduled__2025-02-20T00:00:00+00:00, execution_date=20250220T000000, start_date=20260209T103036, end_date=20260209T103037
[2026-02-09T10:30:37.479+0000] {standard_task_runner.py:110} ERROR - Failed to execute job 4893 for task download_and_load_raw (arg must be a list, tuple, 1-d array, or Series; 3554)
[2026-02-09T10:30:37.511+0000] {local_task_job_runner.py:243} INFO - Task exited with return code 1
[2026-02-09T10:30:37.528+0000] {taskinstance.py:3503} INFO - 0 downstream tasks scheduled from follow-on schedule check
[2026-02-09T10:30:37.530+0000] {local_task_job_runner.py:222} INFO - ::endgroup::
[2026-02-09T12:32:31.996+0000] {local_task_job_runner.py:120} INFO - ::group::Pre task execution logs
[2026-02-09T12:32:32.030+0000] {taskinstance.py:2076} INFO - Dependencies all met for dep_context=non-requeueable deps ti=<TaskInstance: stock_raw_aapl.download_and_load_raw scheduled__2025-02-20T00:00:00+00:00 [queued]>
[2026-02-09T12:32:32.039+0000] {taskinstance.py:2076} INFO - Dependencies all met for dep_context=requeueable deps ti=<TaskInstance: stock_raw_aapl.download_and_load_raw scheduled__2025-02-20T00:00:00+00:00 [queued]>
[2026-02-09T12:32:32.039+0000] {taskinstance.py:2306} INFO - Starting attempt 1 of 1
[2026-02-09T12:32:32.054+0000] {taskinstance.py:2330} INFO - Executing <Task(PythonOperator): download_and_load_raw> on 2025-02-20 00:00:00+00:00
[2026-02-09T12:32:32.068+0000] {logging_mixin.py:188} WARNING - /home/***/.local/lib/python3.12/site-packages/***/task/task_runner/standard_task_runner.py:62 DeprecationWarning: This process (pid=17241) is multi-threaded, use of fork() may lead to deadlocks in the child.
[2026-02-09T12:32:32.069+0000] {standard_task_runner.py:64} INFO - Started process 17244 to run task
[2026-02-09T12:32:32.068+0000] {standard_task_runner.py:90} INFO - Running: ['***', 'tasks', 'run', 'stock_raw_aapl', 'download_and_load_raw', 'scheduled__2025-02-20T00:00:00+00:00', '--job-id', '7584', '--raw', '--subdir', 'DAGS_FOLDER/stocks_dwh/raw/stocks_raw_dags.py', '--cfg-path', '/tmp/tmp8ahmsbao']
[2026-02-09T12:32:32.071+0000] {standard_task_runner.py:91} INFO - Job 7584: Subtask download_and_load_raw
[2026-02-09T12:32:32.147+0000] {task_command.py:426} INFO - Running <TaskInstance: stock_raw_aapl.download_and_load_raw scheduled__2025-02-20T00:00:00+00:00 [running]> on host 4886d37bc122
[2026-02-09T12:32:32.249+0000] {taskinstance.py:2648} INFO - Exporting env vars: AIRFLOW_CTX_DAG_OWNER='***' AIRFLOW_CTX_DAG_ID='stock_raw_aapl' AIRFLOW_CTX_TASK_ID='download_and_load_raw' AIRFLOW_CTX_EXECUTION_DATE='2025-02-20T00:00:00+00:00' AIRFLOW_CTX_TRY_NUMBER='1' AIRFLOW_CTX_DAG_RUN_ID='scheduled__2025-02-20T00:00:00+00:00'
[2026-02-09T12:32:32.250+0000] {taskinstance.py:430} INFO - ::endgroup::
[2026-02-09T12:32:32.262+0000] {stocks_raw_dags.py:37} INFO - 2025-02-20 00:00:00+00:00, 2025-02-21 00:00:00+00:00
[2026-02-09T12:32:32.263+0000] {logging_mixin.py:188} INFO - [RAW] Download AAPL [1d] 2025-02-19..2025-02-21
[2026-02-09T12:32:32.265+0000] {logging_mixin.py:188} WARNING - /opt/***/dags/stocks_dwh/raw/stocks_raw_dags.py:42 FutureWarning: YF.download() has changed argument auto_adjust default to True
[2026-02-09T12:32:32.274+0000] {logging_mixin.py:188} WARNING - /home/***/.local/lib/python3.12/site-packages/yfinance/scrapers/history.py:204 Pandas4Warning: Timestamp.utcnow is deprecated and will be removed in a future version. Use Timestamp.now('UTC') instead.
[2026-02-09T12:32:34.313+0000] {logging_mixin.py:188} WARNING - [*********************100%***********************]  1 of 1 completed
[2026-02-09T12:32:34.374+0000] {base.py:84} INFO - Using connection ID 'dwh_clickhouse' for task execution.
[2026-02-09T12:32:34.412+0000] {logging_mixin.py:188} INFO - [RAW] Deleted existing rows for AAPL in 2025-02-19..2025-02-21
[2026-02-09T12:32:34.422+0000] {logging_mixin.py:188} INFO - [RAW] Inserted 2 rows into dwh.raw_stock_prices
[2026-02-09T12:32:34.423+0000] {python.py:237} INFO - Done. Returned value was: None
[2026-02-09T12:32:34.424+0000] {taskinstance.py:441} INFO - ::group::Post task execution logs
[2026-02-09T12:32:34.438+0000] {taskinstance.py:1206} INFO - Marking task as SUCCESS. dag_id=stock_raw_aapl, task_id=download_and_load_raw, run_id=scheduled__2025-02-20T00:00:00+00:00, execution_date=20250220T000000, start_date=20260209T123232, end_date=20260209T123234
[2026-02-09T12:32:34.495+0000] {local_task_job_runner.py:243} INFO - Task exited with return code 0
[2026-02-09T12:32:34.524+0000] {taskinstance.py:3503} INFO - 0 downstream tasks scheduled from follow-on schedule check
[2026-02-09T12:32:34.528+0000] {local_task_job_runner.py:222} INFO - ::endgroup::
