[2026-02-09T10:48:50.733+0000] {local_task_job_runner.py:120} INFO - ::group::Pre task execution logs
[2026-02-09T10:48:50.763+0000] {taskinstance.py:2076} INFO - Dependencies all met for dep_context=non-requeueable deps ti=<TaskInstance: stock_raw_aapl.download_and_load_raw scheduled__2026-01-24T00:00:00+00:00 [queued]>
[2026-02-09T10:48:50.771+0000] {taskinstance.py:2076} INFO - Dependencies all met for dep_context=requeueable deps ti=<TaskInstance: stock_raw_aapl.download_and_load_raw scheduled__2026-01-24T00:00:00+00:00 [queued]>
[2026-02-09T10:48:50.772+0000] {taskinstance.py:2306} INFO - Starting attempt 1 of 1
[2026-02-09T10:48:50.783+0000] {taskinstance.py:2330} INFO - Executing <Task(PythonOperator): download_and_load_raw> on 2026-01-24 00:00:00+00:00
[2026-02-09T10:48:50.796+0000] {logging_mixin.py:188} WARNING - /home/***/.local/lib/python3.12/site-packages/***/task/task_runner/standard_task_runner.py:62 DeprecationWarning: This process (pid=10626) is multi-threaded, use of fork() may lead to deadlocks in the child.
[2026-02-09T10:48:50.797+0000] {standard_task_runner.py:64} INFO - Started process 10642 to run task
[2026-02-09T10:48:50.797+0000] {standard_task_runner.py:90} INFO - Running: ['***', 'tasks', 'run', 'stock_raw_aapl', 'download_and_load_raw', 'scheduled__2026-01-24T00:00:00+00:00', '--job-id', '6555', '--raw', '--subdir', 'DAGS_FOLDER/stocks_dwh/raw/stocks_raw_dags.py', '--cfg-path', '/tmp/tmpcbkt8zb6']
[2026-02-09T10:48:50.799+0000] {standard_task_runner.py:91} INFO - Job 6555: Subtask download_and_load_raw
[2026-02-09T10:48:50.863+0000] {task_command.py:426} INFO - Running <TaskInstance: stock_raw_aapl.download_and_load_raw scheduled__2026-01-24T00:00:00+00:00 [running]> on host 4886d37bc122
[2026-02-09T10:48:50.960+0000] {taskinstance.py:2648} INFO - Exporting env vars: AIRFLOW_CTX_DAG_OWNER='***' AIRFLOW_CTX_DAG_ID='stock_raw_aapl' AIRFLOW_CTX_TASK_ID='download_and_load_raw' AIRFLOW_CTX_EXECUTION_DATE='2026-01-24T00:00:00+00:00' AIRFLOW_CTX_TRY_NUMBER='1' AIRFLOW_CTX_DAG_RUN_ID='scheduled__2026-01-24T00:00:00+00:00'
[2026-02-09T10:48:50.962+0000] {taskinstance.py:430} INFO - ::endgroup::
[2026-02-09T10:48:50.976+0000] {logging_mixin.py:188} INFO - [RAW] Download AAPL [1d] 2026-01-24..2026-01-25
[2026-02-09T10:48:50.979+0000] {logging_mixin.py:188} WARNING - /opt/***/dags/stocks_dwh/raw/stocks_raw_dags.py:38 FutureWarning: YF.download() has changed argument auto_adjust default to True
[2026-02-09T10:48:50.989+0000] {logging_mixin.py:188} WARNING - /home/***/.local/lib/python3.12/site-packages/yfinance/scrapers/history.py:204 Pandas4Warning: Timestamp.utcnow is deprecated and will be removed in a future version. Use Timestamp.now('UTC') instead.
[2026-02-09T10:48:51.488+0000] {multi.py:185} ERROR - 
1 Failed download:
[2026-02-09T10:48:51.488+0000] {multi.py:198} ERROR - ['AAPL']: YFPricesMissingError('possibly delisted; no price data found  (1d 2026-01-24 -> 2026-01-25)')
[2026-02-09T10:48:51.501+0000] {logging_mixin.py:188} INFO - [RAW] No data from yfinance
[2026-02-09T10:48:51.502+0000] {python.py:237} INFO - Done. Returned value was: None
[2026-02-09T10:48:51.502+0000] {taskinstance.py:441} INFO - ::group::Post task execution logs
[2026-02-09T10:48:51.513+0000] {taskinstance.py:1206} INFO - Marking task as SUCCESS. dag_id=stock_raw_aapl, task_id=download_and_load_raw, run_id=scheduled__2026-01-24T00:00:00+00:00, execution_date=20260124T000000, start_date=20260209T104850, end_date=20260209T104851
[2026-02-09T10:48:51.573+0000] {local_task_job_runner.py:243} INFO - Task exited with return code 0
[2026-02-09T10:48:51.590+0000] {taskinstance.py:3503} INFO - 0 downstream tasks scheduled from follow-on schedule check
[2026-02-09T10:48:51.592+0000] {local_task_job_runner.py:222} INFO - ::endgroup::
[2026-02-09T12:50:52.702+0000] {local_task_job_runner.py:120} INFO - ::group::Pre task execution logs
[2026-02-09T12:50:52.733+0000] {taskinstance.py:2076} INFO - Dependencies all met for dep_context=non-requeueable deps ti=<TaskInstance: stock_raw_aapl.download_and_load_raw scheduled__2026-01-24T00:00:00+00:00 [queued]>
[2026-02-09T12:50:52.742+0000] {taskinstance.py:2076} INFO - Dependencies all met for dep_context=requeueable deps ti=<TaskInstance: stock_raw_aapl.download_and_load_raw scheduled__2026-01-24T00:00:00+00:00 [queued]>
[2026-02-09T12:50:52.742+0000] {taskinstance.py:2306} INFO - Starting attempt 1 of 1
[2026-02-09T12:50:52.756+0000] {taskinstance.py:2330} INFO - Executing <Task(PythonOperator): download_and_load_raw> on 2026-01-24 00:00:00+00:00
[2026-02-09T12:50:52.769+0000] {logging_mixin.py:188} WARNING - /home/***/.local/lib/python3.12/site-packages/***/task/task_runner/standard_task_runner.py:62 DeprecationWarning: This process (pid=19121) is multi-threaded, use of fork() may lead to deadlocks in the child.
[2026-02-09T12:50:52.769+0000] {standard_task_runner.py:90} INFO - Running: ['***', 'tasks', 'run', 'stock_raw_aapl', 'download_and_load_raw', 'scheduled__2026-01-24T00:00:00+00:00', '--job-id', '7946', '--raw', '--subdir', 'DAGS_FOLDER/stocks_dwh/raw/stocks_raw_dags.py', '--cfg-path', '/tmp/tmpy9cgfz9q']
[2026-02-09T12:50:52.771+0000] {standard_task_runner.py:64} INFO - Started process 19123 to run task
[2026-02-09T12:50:52.771+0000] {standard_task_runner.py:91} INFO - Job 7946: Subtask download_and_load_raw
[2026-02-09T12:50:52.836+0000] {task_command.py:426} INFO - Running <TaskInstance: stock_raw_aapl.download_and_load_raw scheduled__2026-01-24T00:00:00+00:00 [running]> on host 4886d37bc122
[2026-02-09T12:50:52.935+0000] {taskinstance.py:2648} INFO - Exporting env vars: AIRFLOW_CTX_DAG_OWNER='***' AIRFLOW_CTX_DAG_ID='stock_raw_aapl' AIRFLOW_CTX_TASK_ID='download_and_load_raw' AIRFLOW_CTX_EXECUTION_DATE='2026-01-24T00:00:00+00:00' AIRFLOW_CTX_TRY_NUMBER='1' AIRFLOW_CTX_DAG_RUN_ID='scheduled__2026-01-24T00:00:00+00:00'
[2026-02-09T12:50:52.937+0000] {taskinstance.py:430} INFO - ::endgroup::
[2026-02-09T12:50:52.947+0000] {stocks_raw_dags.py:37} INFO - 2026-01-24 00:00:00+00:00, 2026-01-25 00:00:00+00:00
[2026-02-09T12:50:52.948+0000] {logging_mixin.py:188} INFO - [RAW] Download AAPL [1d] 2026-01-23..2026-01-25
[2026-02-09T12:50:52.950+0000] {logging_mixin.py:188} WARNING - /opt/***/dags/stocks_dwh/raw/stocks_raw_dags.py:42 FutureWarning: YF.download() has changed argument auto_adjust default to True
[2026-02-09T12:50:52.960+0000] {logging_mixin.py:188} WARNING - /home/***/.local/lib/python3.12/site-packages/yfinance/scrapers/history.py:204 Pandas4Warning: Timestamp.utcnow is deprecated and will be removed in a future version. Use Timestamp.now('UTC') instead.
[2026-02-09T12:50:53.502+0000] {logging_mixin.py:188} WARNING - [*********************100%***********************]  1 of 1 completed
[2026-02-09T12:50:53.541+0000] {base.py:84} INFO - Using connection ID 'dwh_clickhouse' for task execution.
[2026-02-09T12:50:53.576+0000] {logging_mixin.py:188} INFO - [RAW] Deleted existing rows for AAPL in 2026-01-23..2026-01-25
[2026-02-09T12:50:53.589+0000] {logging_mixin.py:188} INFO - [RAW] Inserted 1 rows into dwh.raw_stock_prices
[2026-02-09T12:50:53.589+0000] {python.py:237} INFO - Done. Returned value was: None
[2026-02-09T12:50:53.590+0000] {taskinstance.py:441} INFO - ::group::Post task execution logs
[2026-02-09T12:50:53.601+0000] {taskinstance.py:1206} INFO - Marking task as SUCCESS. dag_id=stock_raw_aapl, task_id=download_and_load_raw, run_id=scheduled__2026-01-24T00:00:00+00:00, execution_date=20260124T000000, start_date=20260209T125052, end_date=20260209T125053
[2026-02-09T12:50:53.668+0000] {local_task_job_runner.py:243} INFO - Task exited with return code 0
[2026-02-09T12:50:53.694+0000] {taskinstance.py:3503} INFO - 0 downstream tasks scheduled from follow-on schedule check
[2026-02-09T12:50:53.698+0000] {local_task_job_runner.py:222} INFO - ::endgroup::
