[2026-02-09T10:09:42.368+0000] {local_task_job_runner.py:120} INFO - ::group::Pre task execution logs
[2026-02-09T10:09:42.405+0000] {taskinstance.py:2076} INFO - Dependencies all met for dep_context=non-requeueable deps ti=<TaskInstance: stock_raw_aapl.download_and_load_raw scheduled__2024-03-09T00:00:00+00:00 [queued]>
[2026-02-09T10:09:42.414+0000] {taskinstance.py:2076} INFO - Dependencies all met for dep_context=requeueable deps ti=<TaskInstance: stock_raw_aapl.download_and_load_raw scheduled__2024-03-09T00:00:00+00:00 [queued]>
[2026-02-09T10:09:42.415+0000] {taskinstance.py:2306} INFO - Starting attempt 1 of 1
[2026-02-09T10:09:42.428+0000] {taskinstance.py:2330} INFO - Executing <Task(PythonOperator): download_and_load_raw> on 2024-03-09 00:00:00+00:00
[2026-02-09T10:09:42.441+0000] {logging_mixin.py:188} WARNING - /home/***/.local/lib/python3.12/site-packages/***/task/task_runner/standard_task_runner.py:62 DeprecationWarning: This process (pid=2427) is multi-threaded, use of fork() may lead to deadlocks in the child.
[2026-02-09T10:09:42.443+0000] {standard_task_runner.py:64} INFO - Started process 2436 to run task
[2026-02-09T10:09:42.442+0000] {standard_task_runner.py:90} INFO - Running: ['***', 'tasks', 'run', 'stock_raw_aapl', 'download_and_load_raw', 'scheduled__2024-03-09T00:00:00+00:00', '--job-id', '3168', '--raw', '--subdir', 'DAGS_FOLDER/stocks_dwh/raw/stocks_raw_dags.py', '--cfg-path', '/tmp/tmp9ag2o7my']
[2026-02-09T10:09:42.445+0000] {standard_task_runner.py:91} INFO - Job 3168: Subtask download_and_load_raw
[2026-02-09T10:09:42.506+0000] {task_command.py:426} INFO - Running <TaskInstance: stock_raw_aapl.download_and_load_raw scheduled__2024-03-09T00:00:00+00:00 [running]> on host b6b9e92e7d61
[2026-02-09T10:09:42.622+0000] {taskinstance.py:2648} INFO - Exporting env vars: AIRFLOW_CTX_DAG_OWNER='***' AIRFLOW_CTX_DAG_ID='stock_raw_aapl' AIRFLOW_CTX_TASK_ID='download_and_load_raw' AIRFLOW_CTX_EXECUTION_DATE='2024-03-09T00:00:00+00:00' AIRFLOW_CTX_TRY_NUMBER='1' AIRFLOW_CTX_DAG_RUN_ID='scheduled__2024-03-09T00:00:00+00:00'
[2026-02-09T10:09:42.623+0000] {taskinstance.py:430} INFO - ::endgroup::
[2026-02-09T10:09:42.638+0000] {logging_mixin.py:188} INFO - [RAW] Download AAPL [1d] 2024-03-09..2024-03-10
[2026-02-09T10:09:42.641+0000] {logging_mixin.py:188} WARNING - /opt/***/dags/stocks_dwh/raw/stocks_raw_dags.py:38 FutureWarning: YF.download() has changed argument auto_adjust default to True
[2026-02-09T10:09:42.652+0000] {logging_mixin.py:188} WARNING - /home/***/.local/lib/python3.12/site-packages/yfinance/scrapers/history.py:204 Pandas4Warning: Timestamp.utcnow is deprecated and will be removed in a future version. Use Timestamp.now('UTC') instead.
[2026-02-09T10:09:43.153+0000] {multi.py:185} ERROR - 
1 Failed download:
[2026-02-09T10:09:43.154+0000] {multi.py:198} ERROR - ['AAPL']: YFPricesMissingError('possibly delisted; no price data found  (1d 2024-03-09 -> 2024-03-10)')
[2026-02-09T10:09:43.170+0000] {logging_mixin.py:188} INFO - [RAW] No data from yfinance
[2026-02-09T10:09:43.171+0000] {python.py:237} INFO - Done. Returned value was: None
[2026-02-09T10:09:43.171+0000] {taskinstance.py:441} INFO - ::group::Post task execution logs
[2026-02-09T10:09:43.182+0000] {taskinstance.py:1206} INFO - Marking task as SUCCESS. dag_id=stock_raw_aapl, task_id=download_and_load_raw, run_id=scheduled__2024-03-09T00:00:00+00:00, execution_date=20240309T000000, start_date=20260209T100942, end_date=20260209T100943
[2026-02-09T10:09:43.220+0000] {local_task_job_runner.py:243} INFO - Task exited with return code 0
[2026-02-09T10:09:43.240+0000] {taskinstance.py:3503} INFO - 0 downstream tasks scheduled from follow-on schedule check
[2026-02-09T10:09:43.243+0000] {local_task_job_runner.py:222} INFO - ::endgroup::
[2026-02-09T12:13:44.078+0000] {local_task_job_runner.py:120} INFO - ::group::Pre task execution logs
[2026-02-09T12:13:44.105+0000] {taskinstance.py:2076} INFO - Dependencies all met for dep_context=non-requeueable deps ti=<TaskInstance: stock_raw_aapl.download_and_load_raw scheduled__2024-03-09T00:00:00+00:00 [queued]>
[2026-02-09T12:13:44.113+0000] {taskinstance.py:2076} INFO - Dependencies all met for dep_context=requeueable deps ti=<TaskInstance: stock_raw_aapl.download_and_load_raw scheduled__2024-03-09T00:00:00+00:00 [queued]>
[2026-02-09T12:13:44.113+0000] {taskinstance.py:2306} INFO - Starting attempt 1 of 1
[2026-02-09T12:13:44.124+0000] {taskinstance.py:2330} INFO - Executing <Task(PythonOperator): download_and_load_raw> on 2024-03-09 00:00:00+00:00
[2026-02-09T12:13:44.135+0000] {logging_mixin.py:188} WARNING - /home/***/.local/lib/python3.12/site-packages/***/task/task_runner/standard_task_runner.py:62 DeprecationWarning: This process (pid=14007) is multi-threaded, use of fork() may lead to deadlocks in the child.
[2026-02-09T12:13:44.137+0000] {standard_task_runner.py:64} INFO - Started process 14012 to run task
[2026-02-09T12:13:44.136+0000] {standard_task_runner.py:90} INFO - Running: ['***', 'tasks', 'run', 'stock_raw_aapl', 'download_and_load_raw', 'scheduled__2024-03-09T00:00:00+00:00', '--job-id', '6887', '--raw', '--subdir', 'DAGS_FOLDER/stocks_dwh/raw/stocks_raw_dags.py', '--cfg-path', '/tmp/tmpde3ayzld']
[2026-02-09T12:13:44.138+0000] {standard_task_runner.py:91} INFO - Job 6887: Subtask download_and_load_raw
[2026-02-09T12:13:44.192+0000] {task_command.py:426} INFO - Running <TaskInstance: stock_raw_aapl.download_and_load_raw scheduled__2024-03-09T00:00:00+00:00 [running]> on host 4886d37bc122
[2026-02-09T12:13:44.274+0000] {taskinstance.py:2648} INFO - Exporting env vars: AIRFLOW_CTX_DAG_OWNER='***' AIRFLOW_CTX_DAG_ID='stock_raw_aapl' AIRFLOW_CTX_TASK_ID='download_and_load_raw' AIRFLOW_CTX_EXECUTION_DATE='2024-03-09T00:00:00+00:00' AIRFLOW_CTX_TRY_NUMBER='1' AIRFLOW_CTX_DAG_RUN_ID='scheduled__2024-03-09T00:00:00+00:00'
[2026-02-09T12:13:44.275+0000] {taskinstance.py:430} INFO - ::endgroup::
[2026-02-09T12:13:44.285+0000] {stocks_raw_dags.py:37} INFO - 2024-03-09 00:00:00+00:00, 2024-03-10 00:00:00+00:00
[2026-02-09T12:13:44.285+0000] {logging_mixin.py:188} INFO - [RAW] Download AAPL [1d] 2024-03-08..2024-03-10
[2026-02-09T12:13:44.287+0000] {logging_mixin.py:188} WARNING - /opt/***/dags/stocks_dwh/raw/stocks_raw_dags.py:42 FutureWarning: YF.download() has changed argument auto_adjust default to True
[2026-02-09T12:13:44.295+0000] {logging_mixin.py:188} WARNING - /home/***/.local/lib/python3.12/site-packages/yfinance/scrapers/history.py:204 Pandas4Warning: Timestamp.utcnow is deprecated and will be removed in a future version. Use Timestamp.now('UTC') instead.
[2026-02-09T12:13:44.832+0000] {logging_mixin.py:188} WARNING - [*********************100%***********************]  1 of 1 completed
[2026-02-09T12:13:44.879+0000] {base.py:84} INFO - Using connection ID 'dwh_clickhouse' for task execution.
[2026-02-09T12:13:44.901+0000] {logging_mixin.py:188} INFO - [RAW] Deleted existing rows for AAPL in 2024-03-08..2024-03-10
[2026-02-09T12:13:44.914+0000] {logging_mixin.py:188} INFO - [RAW] Inserted 1 rows into dwh.raw_stock_prices
[2026-02-09T12:13:44.915+0000] {python.py:237} INFO - Done. Returned value was: None
[2026-02-09T12:13:44.916+0000] {taskinstance.py:441} INFO - ::group::Post task execution logs
[2026-02-09T12:13:44.928+0000] {taskinstance.py:1206} INFO - Marking task as SUCCESS. dag_id=stock_raw_aapl, task_id=download_and_load_raw, run_id=scheduled__2024-03-09T00:00:00+00:00, execution_date=20240309T000000, start_date=20260209T121344, end_date=20260209T121344
[2026-02-09T12:13:44.993+0000] {local_task_job_runner.py:243} INFO - Task exited with return code 0
[2026-02-09T12:13:45.012+0000] {taskinstance.py:3503} INFO - 0 downstream tasks scheduled from follow-on schedule check
[2026-02-09T12:13:45.014+0000] {local_task_job_runner.py:222} INFO - ::endgroup::
