[2026-02-09T10:06:43.272+0000] {local_task_job_runner.py:120} INFO - ::group::Pre task execution logs
[2026-02-09T10:06:43.313+0000] {taskinstance.py:2076} INFO - Dependencies all met for dep_context=non-requeueable deps ti=<TaskInstance: stock_raw_nvda.download scheduled__2024-01-22T00:00:00+00:00 [queued]>
[2026-02-09T10:06:43.325+0000] {taskinstance.py:2076} INFO - Dependencies all met for dep_context=requeueable deps ti=<TaskInstance: stock_raw_nvda.download scheduled__2024-01-22T00:00:00+00:00 [queued]>
[2026-02-09T10:06:43.326+0000] {taskinstance.py:2306} INFO - Starting attempt 1 of 1
[2026-02-09T10:06:43.340+0000] {taskinstance.py:2330} INFO - Executing <Task(PythonOperator): download> on 2024-01-22 00:00:00+00:00
[2026-02-09T10:06:43.356+0000] {logging_mixin.py:188} WARNING - /home/***/.local/lib/python3.12/site-packages/***/task/task_runner/standard_task_runner.py:62 DeprecationWarning: This process (pid=1439) is multi-threaded, use of fork() may lead to deadlocks in the child.
[2026-02-09T10:06:43.358+0000] {standard_task_runner.py:64} INFO - Started process 1447 to run task
[2026-02-09T10:06:43.358+0000] {standard_task_runner.py:90} INFO - Running: ['***', 'tasks', 'run', 'stock_raw_nvda', 'download', 'scheduled__2024-01-22T00:00:00+00:00', '--job-id', '2938', '--raw', '--subdir', 'DAGS_FOLDER/stocks_dwh/raw/stocks_raw_dags.py', '--cfg-path', '/tmp/tmpnp00d8bi']
[2026-02-09T10:06:43.361+0000] {standard_task_runner.py:91} INFO - Job 2938: Subtask download
[2026-02-09T10:06:43.437+0000] {task_command.py:426} INFO - Running <TaskInstance: stock_raw_nvda.download scheduled__2024-01-22T00:00:00+00:00 [running]> on host b6b9e92e7d61
[2026-02-09T10:06:43.540+0000] {taskinstance.py:2648} INFO - Exporting env vars: AIRFLOW_CTX_DAG_OWNER='***' AIRFLOW_CTX_DAG_ID='stock_raw_nvda' AIRFLOW_CTX_TASK_ID='download' AIRFLOW_CTX_EXECUTION_DATE='2024-01-22T00:00:00+00:00' AIRFLOW_CTX_TRY_NUMBER='1' AIRFLOW_CTX_DAG_RUN_ID='scheduled__2024-01-22T00:00:00+00:00'
[2026-02-09T10:06:43.541+0000] {taskinstance.py:430} INFO - ::endgroup::
[2026-02-09T10:06:43.557+0000] {logging_mixin.py:188} INFO - Downloading NVDA [1d] from 2024-01-22 to 2024-01-23
[2026-02-09T10:06:43.562+0000] {logging_mixin.py:188} WARNING - /opt/***/dags/stocks_dwh/raw/stocks_raw_dags.py:25 FutureWarning: YF.download() has changed argument auto_adjust default to True
[2026-02-09T10:06:43.574+0000] {logging_mixin.py:188} WARNING - /home/***/.local/lib/python3.12/site-packages/yfinance/scrapers/history.py:204 Pandas4Warning: Timestamp.utcnow is deprecated and will be removed in a future version. Use Timestamp.now('UTC') instead.
[2026-02-09T10:06:44.119+0000] {logging_mixin.py:188} INFO - Saved -> /opt/***/data/nvda__2024-01-22__2024-01-23__1d.parquet
[2026-02-09T10:06:44.120+0000] {python.py:237} INFO - Done. Returned value was: None
[2026-02-09T10:06:44.120+0000] {taskinstance.py:441} INFO - ::group::Post task execution logs
[2026-02-09T10:06:44.130+0000] {taskinstance.py:1206} INFO - Marking task as SUCCESS. dag_id=stock_raw_nvda, task_id=download, run_id=scheduled__2024-01-22T00:00:00+00:00, execution_date=20240122T000000, start_date=20260209T100643, end_date=20260209T100644
[2026-02-09T10:06:44.175+0000] {local_task_job_runner.py:243} INFO - Task exited with return code 0
[2026-02-09T10:06:44.192+0000] {taskinstance.py:3503} INFO - 0 downstream tasks scheduled from follow-on schedule check
[2026-02-09T10:06:44.194+0000] {local_task_job_runner.py:222} INFO - ::endgroup::
