[2026-02-09T10:35:17.280+0000] {local_task_job_runner.py:120} INFO - ::group::Pre task execution logs
[2026-02-09T10:35:17.310+0000] {taskinstance.py:2076} INFO - Dependencies all met for dep_context=non-requeueable deps ti=<TaskInstance: stock_raw_aapl.download_and_load_raw scheduled__2025-05-17T00:00:00+00:00 [queued]>
[2026-02-09T10:35:17.318+0000] {taskinstance.py:2076} INFO - Dependencies all met for dep_context=requeueable deps ti=<TaskInstance: stock_raw_aapl.download_and_load_raw scheduled__2025-05-17T00:00:00+00:00 [queued]>
[2026-02-09T10:35:17.319+0000] {taskinstance.py:2306} INFO - Starting attempt 1 of 1
[2026-02-09T10:35:17.330+0000] {taskinstance.py:2330} INFO - Executing <Task(PythonOperator): download_and_load_raw> on 2025-05-17 00:00:00+00:00
[2026-02-09T10:35:17.341+0000] {logging_mixin.py:188} WARNING - /home/***/.local/lib/python3.12/site-packages/***/task/task_runner/standard_task_runner.py:62 DeprecationWarning: This process (pid=5357) is multi-threaded, use of fork() may lead to deadlocks in the child.
[2026-02-09T10:35:17.341+0000] {standard_task_runner.py:90} INFO - Running: ['***', 'tasks', 'run', 'stock_raw_aapl', 'download_and_load_raw', 'scheduled__2025-05-17T00:00:00+00:00', '--job-id', '5320', '--raw', '--subdir', 'DAGS_FOLDER/stocks_dwh/raw/stocks_raw_dags.py', '--cfg-path', '/tmp/tmppsp3t8du']
[2026-02-09T10:35:17.343+0000] {standard_task_runner.py:64} INFO - Started process 5364 to run task
[2026-02-09T10:35:17.343+0000] {standard_task_runner.py:91} INFO - Job 5320: Subtask download_and_load_raw
[2026-02-09T10:35:17.406+0000] {task_command.py:426} INFO - Running <TaskInstance: stock_raw_aapl.download_and_load_raw scheduled__2025-05-17T00:00:00+00:00 [running]> on host 4886d37bc122
[2026-02-09T10:35:17.491+0000] {taskinstance.py:2648} INFO - Exporting env vars: AIRFLOW_CTX_DAG_OWNER='***' AIRFLOW_CTX_DAG_ID='stock_raw_aapl' AIRFLOW_CTX_TASK_ID='download_and_load_raw' AIRFLOW_CTX_EXECUTION_DATE='2025-05-17T00:00:00+00:00' AIRFLOW_CTX_TRY_NUMBER='1' AIRFLOW_CTX_DAG_RUN_ID='scheduled__2025-05-17T00:00:00+00:00'
[2026-02-09T10:35:17.492+0000] {taskinstance.py:430} INFO - ::endgroup::
[2026-02-09T10:35:17.503+0000] {logging_mixin.py:188} INFO - [RAW] Download AAPL [1d] 2025-05-17..2025-05-18
[2026-02-09T10:35:17.505+0000] {logging_mixin.py:188} WARNING - /opt/***/dags/stocks_dwh/raw/stocks_raw_dags.py:38 FutureWarning: YF.download() has changed argument auto_adjust default to True
[2026-02-09T10:35:17.513+0000] {logging_mixin.py:188} WARNING - /home/***/.local/lib/python3.12/site-packages/yfinance/scrapers/history.py:204 Pandas4Warning: Timestamp.utcnow is deprecated and will be removed in a future version. Use Timestamp.now('UTC') instead.
[2026-02-09T10:35:17.993+0000] {multi.py:185} ERROR - 
1 Failed download:
[2026-02-09T10:35:17.994+0000] {multi.py:198} ERROR - ['AAPL']: YFPricesMissingError('possibly delisted; no price data found  (1d 2025-05-17 -> 2025-05-18)')
[2026-02-09T10:35:18.009+0000] {logging_mixin.py:188} INFO - [RAW] No data from yfinance
[2026-02-09T10:35:18.009+0000] {python.py:237} INFO - Done. Returned value was: None
[2026-02-09T10:35:18.010+0000] {taskinstance.py:441} INFO - ::group::Post task execution logs
[2026-02-09T10:35:18.019+0000] {taskinstance.py:1206} INFO - Marking task as SUCCESS. dag_id=stock_raw_aapl, task_id=download_and_load_raw, run_id=scheduled__2025-05-17T00:00:00+00:00, execution_date=20250517T000000, start_date=20260209T103517, end_date=20260209T103518
[2026-02-09T10:35:18.078+0000] {local_task_job_runner.py:243} INFO - Task exited with return code 0
[2026-02-09T10:35:18.095+0000] {taskinstance.py:3503} INFO - 0 downstream tasks scheduled from follow-on schedule check
[2026-02-09T10:35:18.097+0000] {local_task_job_runner.py:222} INFO - ::endgroup::
[2026-02-09T12:37:21.755+0000] {local_task_job_runner.py:120} INFO - ::group::Pre task execution logs
[2026-02-09T12:37:21.784+0000] {taskinstance.py:2076} INFO - Dependencies all met for dep_context=non-requeueable deps ti=<TaskInstance: stock_raw_aapl.download_and_load_raw scheduled__2025-05-17T00:00:00+00:00 [queued]>
[2026-02-09T12:37:21.792+0000] {taskinstance.py:2076} INFO - Dependencies all met for dep_context=requeueable deps ti=<TaskInstance: stock_raw_aapl.download_and_load_raw scheduled__2025-05-17T00:00:00+00:00 [queued]>
[2026-02-09T12:37:21.792+0000] {taskinstance.py:2306} INFO - Starting attempt 1 of 1
[2026-02-09T12:37:21.804+0000] {taskinstance.py:2330} INFO - Executing <Task(PythonOperator): download_and_load_raw> on 2025-05-17 00:00:00+00:00
[2026-02-09T12:37:21.816+0000] {standard_task_runner.py:90} INFO - Running: ['***', 'tasks', 'run', 'stock_raw_aapl', 'download_and_load_raw', 'scheduled__2025-05-17T00:00:00+00:00', '--job-id', '7694', '--raw', '--subdir', 'DAGS_FOLDER/stocks_dwh/raw/stocks_raw_dags.py', '--cfg-path', '/tmp/tmp7vl58df2']
[2026-02-09T12:37:21.816+0000] {logging_mixin.py:188} WARNING - /home/***/.local/lib/python3.12/site-packages/***/task/task_runner/standard_task_runner.py:62 DeprecationWarning: This process (pid=17795) is multi-threaded, use of fork() may lead to deadlocks in the child.
[2026-02-09T12:37:21.818+0000] {standard_task_runner.py:91} INFO - Job 7694: Subtask download_and_load_raw
[2026-02-09T12:37:21.818+0000] {standard_task_runner.py:64} INFO - Started process 17797 to run task
[2026-02-09T12:37:21.879+0000] {task_command.py:426} INFO - Running <TaskInstance: stock_raw_aapl.download_and_load_raw scheduled__2025-05-17T00:00:00+00:00 [running]> on host 4886d37bc122
[2026-02-09T12:37:21.970+0000] {taskinstance.py:2648} INFO - Exporting env vars: AIRFLOW_CTX_DAG_OWNER='***' AIRFLOW_CTX_DAG_ID='stock_raw_aapl' AIRFLOW_CTX_TASK_ID='download_and_load_raw' AIRFLOW_CTX_EXECUTION_DATE='2025-05-17T00:00:00+00:00' AIRFLOW_CTX_TRY_NUMBER='1' AIRFLOW_CTX_DAG_RUN_ID='scheduled__2025-05-17T00:00:00+00:00'
[2026-02-09T12:37:21.972+0000] {taskinstance.py:430} INFO - ::endgroup::
[2026-02-09T12:37:21.981+0000] {stocks_raw_dags.py:37} INFO - 2025-05-17 00:00:00+00:00, 2025-05-18 00:00:00+00:00
[2026-02-09T12:37:21.982+0000] {logging_mixin.py:188} INFO - [RAW] Download AAPL [1d] 2025-05-16..2025-05-18
[2026-02-09T12:37:21.984+0000] {logging_mixin.py:188} WARNING - /opt/***/dags/stocks_dwh/raw/stocks_raw_dags.py:42 FutureWarning: YF.download() has changed argument auto_adjust default to True
[2026-02-09T12:37:21.993+0000] {logging_mixin.py:188} WARNING - /home/***/.local/lib/python3.12/site-packages/yfinance/scrapers/history.py:204 Pandas4Warning: Timestamp.utcnow is deprecated and will be removed in a future version. Use Timestamp.now('UTC') instead.
[2026-02-09T12:37:22.526+0000] {logging_mixin.py:188} WARNING - [*********************100%***********************]  1 of 1 completed
[2026-02-09T12:37:22.560+0000] {base.py:84} INFO - Using connection ID 'dwh_clickhouse' for task execution.
[2026-02-09T12:37:22.600+0000] {logging_mixin.py:188} INFO - [RAW] Deleted existing rows for AAPL in 2025-05-16..2025-05-18
[2026-02-09T12:37:22.612+0000] {logging_mixin.py:188} INFO - [RAW] Inserted 1 rows into dwh.raw_stock_prices
[2026-02-09T12:37:22.612+0000] {python.py:237} INFO - Done. Returned value was: None
[2026-02-09T12:37:22.614+0000] {taskinstance.py:441} INFO - ::group::Post task execution logs
[2026-02-09T12:37:22.625+0000] {taskinstance.py:1206} INFO - Marking task as SUCCESS. dag_id=stock_raw_aapl, task_id=download_and_load_raw, run_id=scheduled__2025-05-17T00:00:00+00:00, execution_date=20250517T000000, start_date=20260209T123721, end_date=20260209T123722
[2026-02-09T12:37:22.674+0000] {local_task_job_runner.py:243} INFO - Task exited with return code 0
[2026-02-09T12:37:22.694+0000] {taskinstance.py:3503} INFO - 0 downstream tasks scheduled from follow-on schedule check
[2026-02-09T12:37:22.698+0000] {local_task_job_runner.py:222} INFO - ::endgroup::
