[2026-02-09T10:25:58.251+0000] {local_task_job_runner.py:120} INFO - ::group::Pre task execution logs
[2026-02-09T10:25:58.282+0000] {taskinstance.py:2076} INFO - Dependencies all met for dep_context=non-requeueable deps ti=<TaskInstance: stock_raw_aapl.download_and_load_raw scheduled__2024-11-27T00:00:00+00:00 [queued]>
[2026-02-09T10:25:58.291+0000] {taskinstance.py:2076} INFO - Dependencies all met for dep_context=requeueable deps ti=<TaskInstance: stock_raw_aapl.download_and_load_raw scheduled__2024-11-27T00:00:00+00:00 [queued]>
[2026-02-09T10:25:58.292+0000] {taskinstance.py:2306} INFO - Starting attempt 1 of 1
[2026-02-09T10:25:58.307+0000] {taskinstance.py:2330} INFO - Executing <Task(PythonOperator): download_and_load_raw> on 2024-11-27 00:00:00+00:00
[2026-02-09T10:25:58.321+0000] {logging_mixin.py:188} WARNING - /home/***/.local/lib/python3.12/site-packages/***/task/task_runner/standard_task_runner.py:62 DeprecationWarning: This process (pid=1738) is multi-threaded, use of fork() may lead to deadlocks in the child.
[2026-02-09T10:25:58.323+0000] {standard_task_runner.py:64} INFO - Started process 1751 to run task
[2026-02-09T10:25:58.321+0000] {standard_task_runner.py:90} INFO - Running: ['***', 'tasks', 'run', 'stock_raw_aapl', 'download_and_load_raw', 'scheduled__2024-11-27T00:00:00+00:00', '--job-id', '4470', '--raw', '--subdir', 'DAGS_FOLDER/stocks_dwh/raw/stocks_raw_dags.py', '--cfg-path', '/tmp/tmp3jdeyyjv']
[2026-02-09T10:25:58.324+0000] {standard_task_runner.py:91} INFO - Job 4470: Subtask download_and_load_raw
[2026-02-09T10:25:58.390+0000] {task_command.py:426} INFO - Running <TaskInstance: stock_raw_aapl.download_and_load_raw scheduled__2024-11-27T00:00:00+00:00 [running]> on host 4886d37bc122
[2026-02-09T10:25:58.502+0000] {taskinstance.py:2648} INFO - Exporting env vars: AIRFLOW_CTX_DAG_OWNER='***' AIRFLOW_CTX_DAG_ID='stock_raw_aapl' AIRFLOW_CTX_TASK_ID='download_and_load_raw' AIRFLOW_CTX_EXECUTION_DATE='2024-11-27T00:00:00+00:00' AIRFLOW_CTX_TRY_NUMBER='1' AIRFLOW_CTX_DAG_RUN_ID='scheduled__2024-11-27T00:00:00+00:00'
[2026-02-09T10:25:58.504+0000] {taskinstance.py:430} INFO - ::endgroup::
[2026-02-09T10:25:58.519+0000] {logging_mixin.py:188} INFO - [RAW] Download AAPL [1d] 2024-11-27..2024-11-28
[2026-02-09T10:25:58.523+0000] {logging_mixin.py:188} WARNING - /opt/***/dags/stocks_dwh/raw/stocks_raw_dags.py:38 FutureWarning: YF.download() has changed argument auto_adjust default to True
[2026-02-09T10:25:58.533+0000] {logging_mixin.py:188} WARNING - /home/***/.local/lib/python3.12/site-packages/yfinance/scrapers/history.py:204 Pandas4Warning: Timestamp.utcnow is deprecated and will be removed in a future version. Use Timestamp.now('UTC') instead.
[2026-02-09T10:25:59.090+0000] {taskinstance.py:441} INFO - ::group::Post task execution logs
[2026-02-09T10:25:59.091+0000] {taskinstance.py:2905} ERROR - Task failed with exception
Traceback (most recent call last):
  File "/home/airflow/.local/lib/python3.12/site-packages/airflow/models/taskinstance.py", line 465, in _execute_task
    result = _execute_callable(context=context, **execute_callable_kwargs)
             ^^^^^^^^^^^^^^^^^^^^^^^^^^^^^^^^^^^^^^^^^^^^^^^^^^^^^^^^^^^^^
  File "/home/airflow/.local/lib/python3.12/site-packages/airflow/models/taskinstance.py", line 432, in _execute_callable
    return execute_callable(context=context, **execute_callable_kwargs)
           ^^^^^^^^^^^^^^^^^^^^^^^^^^^^^^^^^^^^^^^^^^^^^^^^^^^^^^^^^^^^
  File "/home/airflow/.local/lib/python3.12/site-packages/airflow/models/baseoperator.py", line 401, in wrapper
    return func(self, *args, **kwargs)
           ^^^^^^^^^^^^^^^^^^^^^^^^^^^
  File "/home/airflow/.local/lib/python3.12/site-packages/airflow/operators/python.py", line 235, in execute
    return_value = self.execute_callable()
                   ^^^^^^^^^^^^^^^^^^^^^^^
  File "/home/airflow/.local/lib/python3.12/site-packages/airflow/operators/python.py", line 252, in execute_callable
    return self.python_callable(*self.op_args, **self.op_kwargs)
           ^^^^^^^^^^^^^^^^^^^^^^^^^^^^^^^^^^^^^^^^^^^^^^^^^^^^^
  File "/opt/airflow/dags/stocks_dwh/raw/stocks_raw_dags.py", line 86, in download_and_load_raw
    df["volume"] = pd.to_numeric(df["volume"], errors="coerce").fillna(0).astype("int64")
                   ^^^^^^^^^^^^^^^^^^^^^^^^^^^^^^^^^^^^^^^^^^^^
  File "/home/airflow/.local/lib/python3.12/site-packages/pandas/core/tools/numeric.py", line 212, in to_numeric
    raise TypeError("arg must be a list, tuple, 1-d array, or Series")
TypeError: arg must be a list, tuple, 1-d array, or Series
[2026-02-09T10:25:59.107+0000] {taskinstance.py:1206} INFO - Marking task as FAILED. dag_id=stock_raw_aapl, task_id=download_and_load_raw, run_id=scheduled__2024-11-27T00:00:00+00:00, execution_date=20241127T000000, start_date=20260209T102558, end_date=20260209T102559
[2026-02-09T10:25:59.119+0000] {standard_task_runner.py:110} ERROR - Failed to execute job 4470 for task download_and_load_raw (arg must be a list, tuple, 1-d array, or Series; 1751)
[2026-02-09T10:25:59.139+0000] {local_task_job_runner.py:243} INFO - Task exited with return code 1
[2026-02-09T10:25:59.158+0000] {taskinstance.py:3503} INFO - 0 downstream tasks scheduled from follow-on schedule check
[2026-02-09T10:25:59.160+0000] {local_task_job_runner.py:222} INFO - ::endgroup::
[2026-02-09T12:27:39.498+0000] {local_task_job_runner.py:120} INFO - ::group::Pre task execution logs
[2026-02-09T12:27:39.525+0000] {taskinstance.py:2076} INFO - Dependencies all met for dep_context=non-requeueable deps ti=<TaskInstance: stock_raw_aapl.download_and_load_raw scheduled__2024-11-27T00:00:00+00:00 [queued]>
[2026-02-09T12:27:39.533+0000] {taskinstance.py:2076} INFO - Dependencies all met for dep_context=requeueable deps ti=<TaskInstance: stock_raw_aapl.download_and_load_raw scheduled__2024-11-27T00:00:00+00:00 [queued]>
[2026-02-09T12:27:39.533+0000] {taskinstance.py:2306} INFO - Starting attempt 1 of 1
[2026-02-09T12:27:39.544+0000] {taskinstance.py:2330} INFO - Executing <Task(PythonOperator): download_and_load_raw> on 2024-11-27 00:00:00+00:00
[2026-02-09T12:27:39.555+0000] {logging_mixin.py:188} WARNING - /home/***/.local/lib/python3.12/site-packages/***/task/task_runner/standard_task_runner.py:62 DeprecationWarning: This process (pid=16445) is multi-threaded, use of fork() may lead to deadlocks in the child.
[2026-02-09T12:27:39.556+0000] {standard_task_runner.py:64} INFO - Started process 16449 to run task
[2026-02-09T12:27:39.555+0000] {standard_task_runner.py:90} INFO - Running: ['***', 'tasks', 'run', 'stock_raw_aapl', 'download_and_load_raw', 'scheduled__2024-11-27T00:00:00+00:00', '--job-id', '7414', '--raw', '--subdir', 'DAGS_FOLDER/stocks_dwh/raw/stocks_raw_dags.py', '--cfg-path', '/tmp/tmpams86644']
[2026-02-09T12:27:39.557+0000] {standard_task_runner.py:91} INFO - Job 7414: Subtask download_and_load_raw
[2026-02-09T12:27:39.619+0000] {task_command.py:426} INFO - Running <TaskInstance: stock_raw_aapl.download_and_load_raw scheduled__2024-11-27T00:00:00+00:00 [running]> on host 4886d37bc122
[2026-02-09T12:27:39.705+0000] {taskinstance.py:2648} INFO - Exporting env vars: AIRFLOW_CTX_DAG_OWNER='***' AIRFLOW_CTX_DAG_ID='stock_raw_aapl' AIRFLOW_CTX_TASK_ID='download_and_load_raw' AIRFLOW_CTX_EXECUTION_DATE='2024-11-27T00:00:00+00:00' AIRFLOW_CTX_TRY_NUMBER='1' AIRFLOW_CTX_DAG_RUN_ID='scheduled__2024-11-27T00:00:00+00:00'
[2026-02-09T12:27:39.706+0000] {taskinstance.py:430} INFO - ::endgroup::
[2026-02-09T12:27:39.716+0000] {stocks_raw_dags.py:37} INFO - 2024-11-27 00:00:00+00:00, 2024-11-28 00:00:00+00:00
[2026-02-09T12:27:39.716+0000] {logging_mixin.py:188} INFO - [RAW] Download AAPL [1d] 2024-11-26..2024-11-28
[2026-02-09T12:27:39.719+0000] {logging_mixin.py:188} WARNING - /opt/***/dags/stocks_dwh/raw/stocks_raw_dags.py:42 FutureWarning: YF.download() has changed argument auto_adjust default to True
[2026-02-09T12:27:39.727+0000] {logging_mixin.py:188} WARNING - /home/***/.local/lib/python3.12/site-packages/yfinance/scrapers/history.py:204 Pandas4Warning: Timestamp.utcnow is deprecated and will be removed in a future version. Use Timestamp.now('UTC') instead.
[2026-02-09T12:27:40.237+0000] {logging_mixin.py:188} WARNING - [*********************100%***********************]  1 of 1 completed
[2026-02-09T12:27:40.270+0000] {base.py:84} INFO - Using connection ID 'dwh_clickhouse' for task execution.
[2026-02-09T12:27:40.291+0000] {logging_mixin.py:188} INFO - [RAW] Deleted existing rows for AAPL in 2024-11-26..2024-11-28
[2026-02-09T12:27:40.301+0000] {logging_mixin.py:188} INFO - [RAW] Inserted 2 rows into dwh.raw_stock_prices
[2026-02-09T12:27:40.302+0000] {python.py:237} INFO - Done. Returned value was: None
[2026-02-09T12:27:40.302+0000] {taskinstance.py:441} INFO - ::group::Post task execution logs
[2026-02-09T12:27:40.312+0000] {taskinstance.py:1206} INFO - Marking task as SUCCESS. dag_id=stock_raw_aapl, task_id=download_and_load_raw, run_id=scheduled__2024-11-27T00:00:00+00:00, execution_date=20241127T000000, start_date=20260209T122739, end_date=20260209T122740
[2026-02-09T12:27:40.373+0000] {local_task_job_runner.py:243} INFO - Task exited with return code 0
[2026-02-09T12:27:40.393+0000] {taskinstance.py:3503} INFO - 0 downstream tasks scheduled from follow-on schedule check
[2026-02-09T12:27:40.395+0000] {local_task_job_runner.py:222} INFO - ::endgroup::
