[2026-02-09T10:39:11.289+0000] {local_task_job_runner.py:120} INFO - ::group::Pre task execution logs
[2026-02-09T10:39:11.320+0000] {taskinstance.py:2076} INFO - Dependencies all met for dep_context=non-requeueable deps ti=<TaskInstance: stock_raw_aapl.download_and_load_raw scheduled__2025-07-27T00:00:00+00:00 [queued]>
[2026-02-09T10:39:11.328+0000] {taskinstance.py:2076} INFO - Dependencies all met for dep_context=requeueable deps ti=<TaskInstance: stock_raw_aapl.download_and_load_raw scheduled__2025-07-27T00:00:00+00:00 [queued]>
[2026-02-09T10:39:11.329+0000] {taskinstance.py:2306} INFO - Starting attempt 1 of 1
[2026-02-09T10:39:11.339+0000] {taskinstance.py:2330} INFO - Executing <Task(PythonOperator): download_and_load_raw> on 2025-07-27 00:00:00+00:00
[2026-02-09T10:39:11.351+0000] {logging_mixin.py:188} WARNING - /home/***/.local/lib/python3.12/site-packages/***/task/task_runner/standard_task_runner.py:62 DeprecationWarning: This process (pid=6852) is multi-threaded, use of fork() may lead to deadlocks in the child.
[2026-02-09T10:39:11.352+0000] {standard_task_runner.py:64} INFO - Started process 6857 to run task
[2026-02-09T10:39:11.351+0000] {standard_task_runner.py:90} INFO - Running: ['***', 'tasks', 'run', 'stock_raw_aapl', 'download_and_load_raw', 'scheduled__2025-07-27T00:00:00+00:00', '--job-id', '5668', '--raw', '--subdir', 'DAGS_FOLDER/stocks_dwh/raw/stocks_raw_dags.py', '--cfg-path', '/tmp/tmppvhledo2']
[2026-02-09T10:39:11.353+0000] {standard_task_runner.py:91} INFO - Job 5668: Subtask download_and_load_raw
[2026-02-09T10:39:11.416+0000] {task_command.py:426} INFO - Running <TaskInstance: stock_raw_aapl.download_and_load_raw scheduled__2025-07-27T00:00:00+00:00 [running]> on host 4886d37bc122
[2026-02-09T10:39:11.504+0000] {taskinstance.py:2648} INFO - Exporting env vars: AIRFLOW_CTX_DAG_OWNER='***' AIRFLOW_CTX_DAG_ID='stock_raw_aapl' AIRFLOW_CTX_TASK_ID='download_and_load_raw' AIRFLOW_CTX_EXECUTION_DATE='2025-07-27T00:00:00+00:00' AIRFLOW_CTX_TRY_NUMBER='1' AIRFLOW_CTX_DAG_RUN_ID='scheduled__2025-07-27T00:00:00+00:00'
[2026-02-09T10:39:11.506+0000] {taskinstance.py:430} INFO - ::endgroup::
[2026-02-09T10:39:11.518+0000] {logging_mixin.py:188} INFO - [RAW] Download AAPL [1d] 2025-07-27..2025-07-28
[2026-02-09T10:39:11.521+0000] {logging_mixin.py:188} WARNING - /opt/***/dags/stocks_dwh/raw/stocks_raw_dags.py:38 FutureWarning: YF.download() has changed argument auto_adjust default to True
[2026-02-09T10:39:11.532+0000] {logging_mixin.py:188} WARNING - /home/***/.local/lib/python3.12/site-packages/yfinance/scrapers/history.py:204 Pandas4Warning: Timestamp.utcnow is deprecated and will be removed in a future version. Use Timestamp.now('UTC') instead.
[2026-02-09T10:39:12.021+0000] {multi.py:185} ERROR - 
1 Failed download:
[2026-02-09T10:39:12.022+0000] {multi.py:198} ERROR - ['AAPL']: YFPricesMissingError('possibly delisted; no price data found  (1d 2025-07-27 -> 2025-07-28)')
[2026-02-09T10:39:12.036+0000] {logging_mixin.py:188} INFO - [RAW] No data from yfinance
[2026-02-09T10:39:12.037+0000] {python.py:237} INFO - Done. Returned value was: None
[2026-02-09T10:39:12.038+0000] {taskinstance.py:441} INFO - ::group::Post task execution logs
[2026-02-09T10:39:12.048+0000] {taskinstance.py:1206} INFO - Marking task as SUCCESS. dag_id=stock_raw_aapl, task_id=download_and_load_raw, run_id=scheduled__2025-07-27T00:00:00+00:00, execution_date=20250727T000000, start_date=20260209T103911, end_date=20260209T103912
[2026-02-09T10:39:12.088+0000] {local_task_job_runner.py:243} INFO - Task exited with return code 0
[2026-02-09T10:39:12.104+0000] {taskinstance.py:3503} INFO - 0 downstream tasks scheduled from follow-on schedule check
[2026-02-09T10:39:12.106+0000] {local_task_job_runner.py:222} INFO - ::endgroup::
[2026-02-09T12:41:02.345+0000] {local_task_job_runner.py:120} INFO - ::group::Pre task execution logs
[2026-02-09T12:41:02.372+0000] {taskinstance.py:2076} INFO - Dependencies all met for dep_context=non-requeueable deps ti=<TaskInstance: stock_raw_aapl.download_and_load_raw scheduled__2025-07-27T00:00:00+00:00 [queued]>
[2026-02-09T12:41:02.379+0000] {taskinstance.py:2076} INFO - Dependencies all met for dep_context=requeueable deps ti=<TaskInstance: stock_raw_aapl.download_and_load_raw scheduled__2025-07-27T00:00:00+00:00 [queued]>
[2026-02-09T12:41:02.379+0000] {taskinstance.py:2306} INFO - Starting attempt 1 of 1
[2026-02-09T12:41:02.391+0000] {taskinstance.py:2330} INFO - Executing <Task(PythonOperator): download_and_load_raw> on 2025-07-27 00:00:00+00:00
[2026-02-09T12:41:02.403+0000] {logging_mixin.py:188} WARNING - /home/***/.local/lib/python3.12/site-packages/***/task/task_runner/standard_task_runner.py:62 DeprecationWarning: This process (pid=18163) is multi-threaded, use of fork() may lead to deadlocks in the child.
[2026-02-09T12:41:02.404+0000] {standard_task_runner.py:64} INFO - Started process 18165 to run task
[2026-02-09T12:41:02.403+0000] {standard_task_runner.py:90} INFO - Running: ['***', 'tasks', 'run', 'stock_raw_aapl', 'download_and_load_raw', 'scheduled__2025-07-27T00:00:00+00:00', '--job-id', '7765', '--raw', '--subdir', 'DAGS_FOLDER/stocks_dwh/raw/stocks_raw_dags.py', '--cfg-path', '/tmp/tmpd4t0zqyq']
[2026-02-09T12:41:02.405+0000] {standard_task_runner.py:91} INFO - Job 7765: Subtask download_and_load_raw
[2026-02-09T12:41:02.463+0000] {task_command.py:426} INFO - Running <TaskInstance: stock_raw_aapl.download_and_load_raw scheduled__2025-07-27T00:00:00+00:00 [running]> on host 4886d37bc122
[2026-02-09T12:41:02.549+0000] {taskinstance.py:2648} INFO - Exporting env vars: AIRFLOW_CTX_DAG_OWNER='***' AIRFLOW_CTX_DAG_ID='stock_raw_aapl' AIRFLOW_CTX_TASK_ID='download_and_load_raw' AIRFLOW_CTX_EXECUTION_DATE='2025-07-27T00:00:00+00:00' AIRFLOW_CTX_TRY_NUMBER='1' AIRFLOW_CTX_DAG_RUN_ID='scheduled__2025-07-27T00:00:00+00:00'
[2026-02-09T12:41:02.550+0000] {taskinstance.py:430} INFO - ::endgroup::
[2026-02-09T12:41:02.560+0000] {stocks_raw_dags.py:37} INFO - 2025-07-27 00:00:00+00:00, 2025-07-28 00:00:00+00:00
[2026-02-09T12:41:02.561+0000] {logging_mixin.py:188} INFO - [RAW] Download AAPL [1d] 2025-07-26..2025-07-28
[2026-02-09T12:41:02.563+0000] {logging_mixin.py:188} WARNING - /opt/***/dags/stocks_dwh/raw/stocks_raw_dags.py:42 FutureWarning: YF.download() has changed argument auto_adjust default to True
[2026-02-09T12:41:02.570+0000] {logging_mixin.py:188} WARNING - /home/***/.local/lib/python3.12/site-packages/yfinance/scrapers/history.py:204 Pandas4Warning: Timestamp.utcnow is deprecated and will be removed in a future version. Use Timestamp.now('UTC') instead.
[2026-02-09T12:41:03.061+0000] {logging_mixin.py:188} WARNING - [*********************100%***********************]  1 of 1 completed
[2026-02-09T12:41:03.061+0000] {multi.py:185} ERROR - 
1 Failed download:
[2026-02-09T12:41:03.062+0000] {multi.py:198} ERROR - ['AAPL']: YFPricesMissingError('possibly delisted; no price data found  (1d 2025-07-26 -> 2025-07-28)')
[2026-02-09T12:41:03.073+0000] {logging_mixin.py:188} INFO - [RAW] No data from yfinance
[2026-02-09T12:41:03.074+0000] {python.py:237} INFO - Done. Returned value was: None
[2026-02-09T12:41:03.074+0000] {taskinstance.py:441} INFO - ::group::Post task execution logs
[2026-02-09T12:41:03.083+0000] {taskinstance.py:1206} INFO - Marking task as SUCCESS. dag_id=stock_raw_aapl, task_id=download_and_load_raw, run_id=scheduled__2025-07-27T00:00:00+00:00, execution_date=20250727T000000, start_date=20260209T124102, end_date=20260209T124103
[2026-02-09T12:41:03.140+0000] {local_task_job_runner.py:243} INFO - Task exited with return code 0
[2026-02-09T12:41:03.156+0000] {taskinstance.py:3503} INFO - 0 downstream tasks scheduled from follow-on schedule check
[2026-02-09T12:41:03.159+0000] {local_task_job_runner.py:222} INFO - ::endgroup::
