[2026-02-07T14:35:17.690+0000] {local_task_job_runner.py:120} INFO - ::group::Pre task execution logs
[2026-02-07T14:35:17.737+0000] {taskinstance.py:2076} INFO - Dependencies all met for dep_context=non-requeueable deps ti=<TaskInstance: stock_msft.download scheduled__2024-11-06T00:00:00+00:00 [queued]>
[2026-02-07T14:35:17.753+0000] {taskinstance.py:2076} INFO - Dependencies all met for dep_context=requeueable deps ti=<TaskInstance: stock_msft.download scheduled__2024-11-06T00:00:00+00:00 [queued]>
[2026-02-07T14:35:17.754+0000] {taskinstance.py:2306} INFO - Starting attempt 1 of 1
[2026-02-07T14:35:17.775+0000] {taskinstance.py:2330} INFO - Executing <Task(PythonOperator): download> on 2024-11-06 00:00:00+00:00
[2026-02-07T14:35:17.795+0000] {logging_mixin.py:188} WARNING - /home/***/.local/lib/python3.12/site-packages/***/task/task_runner/standard_task_runner.py:62 DeprecationWarning: This process (pid=6023) is multi-threaded, use of fork() may lead to deadlocks in the child.
[2026-02-07T14:35:17.797+0000] {standard_task_runner.py:64} INFO - Started process 6034 to run task
[2026-02-07T14:35:17.796+0000] {standard_task_runner.py:90} INFO - Running: ['***', 'tasks', 'run', 'stock_msft', 'download', 'scheduled__2024-11-06T00:00:00+00:00', '--job-id', '1281', '--raw', '--subdir', 'DAGS_FOLDER/stocks_dags.py', '--cfg-path', '/tmp/tmphz0d1r3r']
[2026-02-07T14:35:17.799+0000] {standard_task_runner.py:91} INFO - Job 1281: Subtask download
[2026-02-07T14:35:17.899+0000] {task_command.py:426} INFO - Running <TaskInstance: stock_msft.download scheduled__2024-11-06T00:00:00+00:00 [running]> on host 5adf8c44a70f
[2026-02-07T14:35:18.029+0000] {taskinstance.py:2648} INFO - Exporting env vars: AIRFLOW_CTX_DAG_OWNER='***' AIRFLOW_CTX_DAG_ID='stock_msft' AIRFLOW_CTX_TASK_ID='download' AIRFLOW_CTX_EXECUTION_DATE='2024-11-06T00:00:00+00:00' AIRFLOW_CTX_TRY_NUMBER='1' AIRFLOW_CTX_DAG_RUN_ID='scheduled__2024-11-06T00:00:00+00:00'
[2026-02-07T14:35:18.031+0000] {taskinstance.py:430} INFO - ::endgroup::
[2026-02-07T14:35:18.044+0000] {logging_mixin.py:188} INFO - Downloading MSFT from 2024-11-06 to 2024-11-07
[2026-02-07T14:35:18.047+0000] {logging_mixin.py:188} WARNING - /opt/***/dags/stocks_dags.py:22 FutureWarning: YF.download() has changed argument auto_adjust default to True
[2026-02-07T14:35:18.057+0000] {logging_mixin.py:188} WARNING - /home/***/.local/lib/python3.12/site-packages/yfinance/scrapers/history.py:204 Pandas4Warning: Timestamp.utcnow is deprecated and will be removed in a future version. Use Timestamp.now('UTC') instead.
[2026-02-07T14:35:18.610+0000] {taskinstance.py:441} INFO - ::group::Post task execution logs
[2026-02-07T14:35:18.613+0000] {taskinstance.py:2905} ERROR - Task failed with exception
Traceback (most recent call last):
  File "/home/airflow/.local/lib/python3.12/site-packages/airflow/models/taskinstance.py", line 465, in _execute_task
    result = _execute_callable(context=context, **execute_callable_kwargs)
             ^^^^^^^^^^^^^^^^^^^^^^^^^^^^^^^^^^^^^^^^^^^^^^^^^^^^^^^^^^^^^
  File "/home/airflow/.local/lib/python3.12/site-packages/airflow/models/taskinstance.py", line 432, in _execute_callable
    return execute_callable(context=context, **execute_callable_kwargs)
           ^^^^^^^^^^^^^^^^^^^^^^^^^^^^^^^^^^^^^^^^^^^^^^^^^^^^^^^^^^^^
  File "/home/airflow/.local/lib/python3.12/site-packages/airflow/models/baseoperator.py", line 401, in wrapper
    return func(self, *args, **kwargs)
           ^^^^^^^^^^^^^^^^^^^^^^^^^^^
  File "/home/airflow/.local/lib/python3.12/site-packages/airflow/operators/python.py", line 235, in execute
    return_value = self.execute_callable()
                   ^^^^^^^^^^^^^^^^^^^^^^^
  File "/home/airflow/.local/lib/python3.12/site-packages/airflow/operators/python.py", line 252, in execute_callable
    return self.python_callable(*self.op_args, **self.op_kwargs)
           ^^^^^^^^^^^^^^^^^^^^^^^^^^^^^^^^^^^^^^^^^^^^^^^^^^^^^
  File "/opt/airflow/dags/stocks_dags.py", line 35, in download_stock
    df.to_parquet(output_path)
  File "/home/airflow/.local/lib/python3.12/site-packages/pandas/core/frame.py", line 3135, in to_parquet
    return to_parquet(
           ^^^^^^^^^^^
  File "/home/airflow/.local/lib/python3.12/site-packages/pandas/io/parquet.py", line 490, in to_parquet
    impl.write(
  File "/home/airflow/.local/lib/python3.12/site-packages/pandas/io/parquet.py", line 199, in write
    path_or_handle, handles, filesystem = _get_path_or_handle(
                                          ^^^^^^^^^^^^^^^^^^^^
  File "/home/airflow/.local/lib/python3.12/site-packages/pandas/io/parquet.py", line 141, in _get_path_or_handle
    handles = get_handle(
              ^^^^^^^^^^^
  File "/home/airflow/.local/lib/python3.12/site-packages/pandas/io/common.py", line 793, in get_handle
    check_parent_directory(str(handle))
  File "/home/airflow/.local/lib/python3.12/site-packages/pandas/io/common.py", line 652, in check_parent_directory
    raise OSError(rf"Cannot save file into a non-existent directory: '{parent}'")
OSError: Cannot save file into a non-existent directory: '/opt/***/data'
[2026-02-07T14:35:18.635+0000] {taskinstance.py:1206} INFO - Marking task as FAILED. dag_id=stock_msft, task_id=download, run_id=scheduled__2024-11-06T00:00:00+00:00, execution_date=20241106T000000, start_date=20260207T143517, end_date=20260207T143518
[2026-02-07T14:35:18.657+0000] {standard_task_runner.py:110} ERROR - Failed to execute job 1281 for task download (Cannot save file into a non-existent directory: '/opt/***/data'; 6034)
[2026-02-07T14:35:18.695+0000] {local_task_job_runner.py:243} INFO - Task exited with return code 1
[2026-02-07T14:35:18.707+0000] {local_task_job_runner.py:222} INFO - ::endgroup::
