[2026-02-09T10:15:09.635+0000] {local_task_job_runner.py:120} INFO - ::group::Pre task execution logs
[2026-02-09T10:15:09.665+0000] {taskinstance.py:2076} INFO - Dependencies all met for dep_context=non-requeueable deps ti=<TaskInstance: stock_raw_aapl.download_and_load_raw scheduled__2024-06-16T00:00:00+00:00 [queued]>
[2026-02-09T10:15:09.673+0000] {taskinstance.py:2076} INFO - Dependencies all met for dep_context=requeueable deps ti=<TaskInstance: stock_raw_aapl.download_and_load_raw scheduled__2024-06-16T00:00:00+00:00 [queued]>
[2026-02-09T10:15:09.673+0000] {taskinstance.py:2306} INFO - Starting attempt 1 of 1
[2026-02-09T10:15:09.686+0000] {taskinstance.py:2330} INFO - Executing <Task(PythonOperator): download_and_load_raw> on 2024-06-16 00:00:00+00:00
[2026-02-09T10:15:09.698+0000] {logging_mixin.py:188} WARNING - /home/***/.local/lib/python3.12/site-packages/***/task/task_runner/standard_task_runner.py:62 DeprecationWarning: This process (pid=4517) is multi-threaded, use of fork() may lead to deadlocks in the child.
[2026-02-09T10:15:09.699+0000] {standard_task_runner.py:64} INFO - Started process 4525 to run task
[2026-02-09T10:15:09.699+0000] {standard_task_runner.py:90} INFO - Running: ['***', 'tasks', 'run', 'stock_raw_aapl', 'download_and_load_raw', 'scheduled__2024-06-16T00:00:00+00:00', '--job-id', '3656', '--raw', '--subdir', 'DAGS_FOLDER/stocks_dwh/raw/stocks_raw_dags.py', '--cfg-path', '/tmp/tmpkjn_2oip']
[2026-02-09T10:15:09.701+0000] {standard_task_runner.py:91} INFO - Job 3656: Subtask download_and_load_raw
[2026-02-09T10:15:09.767+0000] {task_command.py:426} INFO - Running <TaskInstance: stock_raw_aapl.download_and_load_raw scheduled__2024-06-16T00:00:00+00:00 [running]> on host b6b9e92e7d61
[2026-02-09T10:15:09.868+0000] {taskinstance.py:2648} INFO - Exporting env vars: AIRFLOW_CTX_DAG_OWNER='***' AIRFLOW_CTX_DAG_ID='stock_raw_aapl' AIRFLOW_CTX_TASK_ID='download_and_load_raw' AIRFLOW_CTX_EXECUTION_DATE='2024-06-16T00:00:00+00:00' AIRFLOW_CTX_TRY_NUMBER='1' AIRFLOW_CTX_DAG_RUN_ID='scheduled__2024-06-16T00:00:00+00:00'
[2026-02-09T10:15:09.871+0000] {taskinstance.py:430} INFO - ::endgroup::
[2026-02-09T10:15:09.884+0000] {logging_mixin.py:188} INFO - [RAW] Download AAPL [1d] 2024-06-16..2024-06-17
[2026-02-09T10:15:09.886+0000] {logging_mixin.py:188} WARNING - /opt/***/dags/stocks_dwh/raw/stocks_raw_dags.py:38 FutureWarning: YF.download() has changed argument auto_adjust default to True
[2026-02-09T10:15:09.896+0000] {logging_mixin.py:188} WARNING - /home/***/.local/lib/python3.12/site-packages/yfinance/scrapers/history.py:204 Pandas4Warning: Timestamp.utcnow is deprecated and will be removed in a future version. Use Timestamp.now('UTC') instead.
[2026-02-09T10:15:10.416+0000] {multi.py:185} ERROR - 
1 Failed download:
[2026-02-09T10:15:10.416+0000] {multi.py:198} ERROR - ['AAPL']: YFPricesMissingError('possibly delisted; no price data found  (1d 2024-06-16 -> 2024-06-17)')
[2026-02-09T10:15:10.430+0000] {logging_mixin.py:188} INFO - [RAW] No data from yfinance
[2026-02-09T10:15:10.431+0000] {python.py:237} INFO - Done. Returned value was: None
[2026-02-09T10:15:10.432+0000] {taskinstance.py:441} INFO - ::group::Post task execution logs
[2026-02-09T10:15:10.443+0000] {taskinstance.py:1206} INFO - Marking task as SUCCESS. dag_id=stock_raw_aapl, task_id=download_and_load_raw, run_id=scheduled__2024-06-16T00:00:00+00:00, execution_date=20240616T000000, start_date=20260209T101509, end_date=20260209T101510
[2026-02-09T10:15:10.515+0000] {local_task_job_runner.py:243} INFO - Task exited with return code 0
[2026-02-09T10:15:10.533+0000] {taskinstance.py:3503} INFO - 0 downstream tasks scheduled from follow-on schedule check
[2026-02-09T10:15:10.535+0000] {local_task_job_runner.py:222} INFO - ::endgroup::
[2026-02-09T12:18:53.618+0000] {local_task_job_runner.py:120} INFO - ::group::Pre task execution logs
[2026-02-09T12:18:53.646+0000] {taskinstance.py:2076} INFO - Dependencies all met for dep_context=non-requeueable deps ti=<TaskInstance: stock_raw_aapl.download_and_load_raw scheduled__2024-06-16T00:00:00+00:00 [queued]>
[2026-02-09T12:18:53.654+0000] {taskinstance.py:2076} INFO - Dependencies all met for dep_context=requeueable deps ti=<TaskInstance: stock_raw_aapl.download_and_load_raw scheduled__2024-06-16T00:00:00+00:00 [queued]>
[2026-02-09T12:18:53.655+0000] {taskinstance.py:2306} INFO - Starting attempt 1 of 1
[2026-02-09T12:18:53.666+0000] {taskinstance.py:2330} INFO - Executing <Task(PythonOperator): download_and_load_raw> on 2024-06-16 00:00:00+00:00
[2026-02-09T12:18:53.677+0000] {logging_mixin.py:188} WARNING - /home/***/.local/lib/python3.12/site-packages/***/task/task_runner/standard_task_runner.py:62 DeprecationWarning: This process (pid=14924) is multi-threaded, use of fork() may lead to deadlocks in the child.
[2026-02-09T12:18:53.678+0000] {standard_task_runner.py:64} INFO - Started process 14927 to run task
[2026-02-09T12:18:53.677+0000] {standard_task_runner.py:90} INFO - Running: ['***', 'tasks', 'run', 'stock_raw_aapl', 'download_and_load_raw', 'scheduled__2024-06-16T00:00:00+00:00', '--job-id', '7086', '--raw', '--subdir', 'DAGS_FOLDER/stocks_dwh/raw/stocks_raw_dags.py', '--cfg-path', '/tmp/tmp9efumx82']
[2026-02-09T12:18:53.679+0000] {standard_task_runner.py:91} INFO - Job 7086: Subtask download_and_load_raw
[2026-02-09T12:18:53.740+0000] {task_command.py:426} INFO - Running <TaskInstance: stock_raw_aapl.download_and_load_raw scheduled__2024-06-16T00:00:00+00:00 [running]> on host 4886d37bc122
[2026-02-09T12:18:53.826+0000] {taskinstance.py:2648} INFO - Exporting env vars: AIRFLOW_CTX_DAG_OWNER='***' AIRFLOW_CTX_DAG_ID='stock_raw_aapl' AIRFLOW_CTX_TASK_ID='download_and_load_raw' AIRFLOW_CTX_EXECUTION_DATE='2024-06-16T00:00:00+00:00' AIRFLOW_CTX_TRY_NUMBER='1' AIRFLOW_CTX_DAG_RUN_ID='scheduled__2024-06-16T00:00:00+00:00'
[2026-02-09T12:18:53.827+0000] {taskinstance.py:430} INFO - ::endgroup::
[2026-02-09T12:18:53.838+0000] {stocks_raw_dags.py:37} INFO - 2024-06-16 00:00:00+00:00, 2024-06-17 00:00:00+00:00
[2026-02-09T12:18:53.839+0000] {logging_mixin.py:188} INFO - [RAW] Download AAPL [1d] 2024-06-15..2024-06-17
[2026-02-09T12:18:53.841+0000] {logging_mixin.py:188} WARNING - /opt/***/dags/stocks_dwh/raw/stocks_raw_dags.py:42 FutureWarning: YF.download() has changed argument auto_adjust default to True
[2026-02-09T12:18:53.850+0000] {logging_mixin.py:188} WARNING - /home/***/.local/lib/python3.12/site-packages/yfinance/scrapers/history.py:204 Pandas4Warning: Timestamp.utcnow is deprecated and will be removed in a future version. Use Timestamp.now('UTC') instead.
[2026-02-09T12:18:54.330+0000] {logging_mixin.py:188} WARNING - [*********************100%***********************]  1 of 1 completed
[2026-02-09T12:18:54.330+0000] {multi.py:185} ERROR - 
1 Failed download:
[2026-02-09T12:18:54.330+0000] {multi.py:198} ERROR - ['AAPL']: YFPricesMissingError('possibly delisted; no price data found  (1d 2024-06-15 -> 2024-06-17)')
[2026-02-09T12:18:54.340+0000] {logging_mixin.py:188} INFO - [RAW] No data from yfinance
[2026-02-09T12:18:54.341+0000] {python.py:237} INFO - Done. Returned value was: None
[2026-02-09T12:18:54.342+0000] {taskinstance.py:441} INFO - ::group::Post task execution logs
[2026-02-09T12:18:54.351+0000] {taskinstance.py:1206} INFO - Marking task as SUCCESS. dag_id=stock_raw_aapl, task_id=download_and_load_raw, run_id=scheduled__2024-06-16T00:00:00+00:00, execution_date=20240616T000000, start_date=20260209T121853, end_date=20260209T121854
[2026-02-09T12:18:54.414+0000] {local_task_job_runner.py:243} INFO - Task exited with return code 0
[2026-02-09T12:18:54.433+0000] {taskinstance.py:3503} INFO - 0 downstream tasks scheduled from follow-on schedule check
[2026-02-09T12:18:54.435+0000] {local_task_job_runner.py:222} INFO - ::endgroup::
