[2026-02-09T10:27:36.854+0000] {local_task_job_runner.py:120} INFO - ::group::Pre task execution logs
[2026-02-09T10:27:36.885+0000] {taskinstance.py:2076} INFO - Dependencies all met for dep_context=non-requeueable deps ti=<TaskInstance: stock_raw_aapl.download_and_load_raw scheduled__2024-12-28T00:00:00+00:00 [queued]>
[2026-02-09T10:27:36.895+0000] {taskinstance.py:2076} INFO - Dependencies all met for dep_context=requeueable deps ti=<TaskInstance: stock_raw_aapl.download_and_load_raw scheduled__2024-12-28T00:00:00+00:00 [queued]>
[2026-02-09T10:27:36.895+0000] {taskinstance.py:2306} INFO - Starting attempt 1 of 1
[2026-02-09T10:27:36.907+0000] {taskinstance.py:2330} INFO - Executing <Task(PythonOperator): download_and_load_raw> on 2024-12-28 00:00:00+00:00
[2026-02-09T10:27:36.920+0000] {logging_mixin.py:188} WARNING - /home/***/.local/lib/python3.12/site-packages/***/task/task_runner/standard_task_runner.py:62 DeprecationWarning: This process (pid=2392) is multi-threaded, use of fork() may lead to deadlocks in the child.
[2026-02-09T10:27:36.922+0000] {standard_task_runner.py:64} INFO - Started process 2400 to run task
[2026-02-09T10:27:36.921+0000] {standard_task_runner.py:90} INFO - Running: ['***', 'tasks', 'run', 'stock_raw_aapl', 'download_and_load_raw', 'scheduled__2024-12-28T00:00:00+00:00', '--job-id', '4621', '--raw', '--subdir', 'DAGS_FOLDER/stocks_dwh/raw/stocks_raw_dags.py', '--cfg-path', '/tmp/tmp_lolw6zb']
[2026-02-09T10:27:36.923+0000] {standard_task_runner.py:91} INFO - Job 4621: Subtask download_and_load_raw
[2026-02-09T10:27:36.985+0000] {task_command.py:426} INFO - Running <TaskInstance: stock_raw_aapl.download_and_load_raw scheduled__2024-12-28T00:00:00+00:00 [running]> on host 4886d37bc122
[2026-02-09T10:27:37.077+0000] {taskinstance.py:2648} INFO - Exporting env vars: AIRFLOW_CTX_DAG_OWNER='***' AIRFLOW_CTX_DAG_ID='stock_raw_aapl' AIRFLOW_CTX_TASK_ID='download_and_load_raw' AIRFLOW_CTX_EXECUTION_DATE='2024-12-28T00:00:00+00:00' AIRFLOW_CTX_TRY_NUMBER='1' AIRFLOW_CTX_DAG_RUN_ID='scheduled__2024-12-28T00:00:00+00:00'
[2026-02-09T10:27:37.079+0000] {taskinstance.py:430} INFO - ::endgroup::
[2026-02-09T10:27:37.092+0000] {logging_mixin.py:188} INFO - [RAW] Download AAPL [1d] 2024-12-28..2024-12-29
[2026-02-09T10:27:37.094+0000] {logging_mixin.py:188} WARNING - /opt/***/dags/stocks_dwh/raw/stocks_raw_dags.py:38 FutureWarning: YF.download() has changed argument auto_adjust default to True
[2026-02-09T10:27:37.103+0000] {logging_mixin.py:188} WARNING - /home/***/.local/lib/python3.12/site-packages/yfinance/scrapers/history.py:204 Pandas4Warning: Timestamp.utcnow is deprecated and will be removed in a future version. Use Timestamp.now('UTC') instead.
[2026-02-09T10:27:37.602+0000] {multi.py:185} ERROR - 
1 Failed download:
[2026-02-09T10:27:37.603+0000] {multi.py:198} ERROR - ['AAPL']: YFPricesMissingError('possibly delisted; no price data found  (1d 2024-12-28 -> 2024-12-29)')
[2026-02-09T10:27:37.615+0000] {logging_mixin.py:188} INFO - [RAW] No data from yfinance
[2026-02-09T10:27:37.616+0000] {python.py:237} INFO - Done. Returned value was: None
[2026-02-09T10:27:37.617+0000] {taskinstance.py:441} INFO - ::group::Post task execution logs
[2026-02-09T10:27:37.627+0000] {taskinstance.py:1206} INFO - Marking task as SUCCESS. dag_id=stock_raw_aapl, task_id=download_and_load_raw, run_id=scheduled__2024-12-28T00:00:00+00:00, execution_date=20241228T000000, start_date=20260209T102736, end_date=20260209T102737
[2026-02-09T10:27:37.657+0000] {local_task_job_runner.py:243} INFO - Task exited with return code 0
[2026-02-09T10:27:37.675+0000] {taskinstance.py:3503} INFO - 0 downstream tasks scheduled from follow-on schedule check
[2026-02-09T10:27:37.676+0000] {local_task_job_runner.py:222} INFO - ::endgroup::
[2026-02-09T12:29:16.947+0000] {local_task_job_runner.py:120} INFO - ::group::Pre task execution logs
[2026-02-09T12:29:16.975+0000] {taskinstance.py:2076} INFO - Dependencies all met for dep_context=non-requeueable deps ti=<TaskInstance: stock_raw_aapl.download_and_load_raw scheduled__2024-12-28T00:00:00+00:00 [queued]>
[2026-02-09T12:29:16.982+0000] {taskinstance.py:2076} INFO - Dependencies all met for dep_context=requeueable deps ti=<TaskInstance: stock_raw_aapl.download_and_load_raw scheduled__2024-12-28T00:00:00+00:00 [queued]>
[2026-02-09T12:29:16.982+0000] {taskinstance.py:2306} INFO - Starting attempt 1 of 1
[2026-02-09T12:29:16.993+0000] {taskinstance.py:2330} INFO - Executing <Task(PythonOperator): download_and_load_raw> on 2024-12-28 00:00:00+00:00
[2026-02-09T12:29:17.004+0000] {logging_mixin.py:188} WARNING - /home/***/.local/lib/python3.12/site-packages/***/task/task_runner/standard_task_runner.py:62 DeprecationWarning: This process (pid=16731) is multi-threaded, use of fork() may lead to deadlocks in the child.
[2026-02-09T12:29:17.006+0000] {standard_task_runner.py:64} INFO - Started process 16735 to run task
[2026-02-09T12:29:17.004+0000] {standard_task_runner.py:90} INFO - Running: ['***', 'tasks', 'run', 'stock_raw_aapl', 'download_and_load_raw', 'scheduled__2024-12-28T00:00:00+00:00', '--job-id', '7477', '--raw', '--subdir', 'DAGS_FOLDER/stocks_dwh/raw/stocks_raw_dags.py', '--cfg-path', '/tmp/tmpi04zi3gi']
[2026-02-09T12:29:17.006+0000] {standard_task_runner.py:91} INFO - Job 7477: Subtask download_and_load_raw
[2026-02-09T12:29:17.061+0000] {task_command.py:426} INFO - Running <TaskInstance: stock_raw_aapl.download_and_load_raw scheduled__2024-12-28T00:00:00+00:00 [running]> on host 4886d37bc122
[2026-02-09T12:29:17.144+0000] {taskinstance.py:2648} INFO - Exporting env vars: AIRFLOW_CTX_DAG_OWNER='***' AIRFLOW_CTX_DAG_ID='stock_raw_aapl' AIRFLOW_CTX_TASK_ID='download_and_load_raw' AIRFLOW_CTX_EXECUTION_DATE='2024-12-28T00:00:00+00:00' AIRFLOW_CTX_TRY_NUMBER='1' AIRFLOW_CTX_DAG_RUN_ID='scheduled__2024-12-28T00:00:00+00:00'
[2026-02-09T12:29:17.145+0000] {taskinstance.py:430} INFO - ::endgroup::
[2026-02-09T12:29:17.155+0000] {stocks_raw_dags.py:37} INFO - 2024-12-28 00:00:00+00:00, 2024-12-29 00:00:00+00:00
[2026-02-09T12:29:17.156+0000] {logging_mixin.py:188} INFO - [RAW] Download AAPL [1d] 2024-12-27..2024-12-29
[2026-02-09T12:29:17.158+0000] {logging_mixin.py:188} WARNING - /opt/***/dags/stocks_dwh/raw/stocks_raw_dags.py:42 FutureWarning: YF.download() has changed argument auto_adjust default to True
[2026-02-09T12:29:17.166+0000] {logging_mixin.py:188} WARNING - /home/***/.local/lib/python3.12/site-packages/yfinance/scrapers/history.py:204 Pandas4Warning: Timestamp.utcnow is deprecated and will be removed in a future version. Use Timestamp.now('UTC') instead.
[2026-02-09T12:29:17.703+0000] {logging_mixin.py:188} WARNING - [*********************100%***********************]  1 of 1 completed
[2026-02-09T12:29:17.744+0000] {base.py:84} INFO - Using connection ID 'dwh_clickhouse' for task execution.
[2026-02-09T12:29:17.767+0000] {logging_mixin.py:188} INFO - [RAW] Deleted existing rows for AAPL in 2024-12-27..2024-12-29
[2026-02-09T12:29:17.778+0000] {logging_mixin.py:188} INFO - [RAW] Inserted 1 rows into dwh.raw_stock_prices
[2026-02-09T12:29:17.779+0000] {python.py:237} INFO - Done. Returned value was: None
[2026-02-09T12:29:17.780+0000] {taskinstance.py:441} INFO - ::group::Post task execution logs
[2026-02-09T12:29:17.791+0000] {taskinstance.py:1206} INFO - Marking task as SUCCESS. dag_id=stock_raw_aapl, task_id=download_and_load_raw, run_id=scheduled__2024-12-28T00:00:00+00:00, execution_date=20241228T000000, start_date=20260209T122916, end_date=20260209T122917
[2026-02-09T12:29:17.861+0000] {local_task_job_runner.py:243} INFO - Task exited with return code 0
[2026-02-09T12:29:17.880+0000] {taskinstance.py:3503} INFO - 0 downstream tasks scheduled from follow-on schedule check
[2026-02-09T12:29:17.882+0000] {local_task_job_runner.py:222} INFO - ::endgroup::
