[2026-02-09T10:12:32.340+0000] {local_task_job_runner.py:120} INFO - ::group::Pre task execution logs
[2026-02-09T10:12:32.371+0000] {taskinstance.py:2076} INFO - Dependencies all met for dep_context=non-requeueable deps ti=<TaskInstance: stock_raw_aapl.download_and_load_raw scheduled__2024-04-27T00:00:00+00:00 [queued]>
[2026-02-09T10:12:32.378+0000] {taskinstance.py:2076} INFO - Dependencies all met for dep_context=requeueable deps ti=<TaskInstance: stock_raw_aapl.download_and_load_raw scheduled__2024-04-27T00:00:00+00:00 [queued]>
[2026-02-09T10:12:32.381+0000] {taskinstance.py:2306} INFO - Starting attempt 1 of 1
[2026-02-09T10:12:32.395+0000] {taskinstance.py:2330} INFO - Executing <Task(PythonOperator): download_and_load_raw> on 2024-04-27 00:00:00+00:00
[2026-02-09T10:12:32.407+0000] {logging_mixin.py:188} WARNING - /home/***/.local/lib/python3.12/site-packages/***/task/task_runner/standard_task_runner.py:62 DeprecationWarning: This process (pid=3462) is multi-threaded, use of fork() may lead to deadlocks in the child.
[2026-02-09T10:12:32.409+0000] {standard_task_runner.py:64} INFO - Started process 3474 to run task
[2026-02-09T10:12:32.407+0000] {standard_task_runner.py:90} INFO - Running: ['***', 'tasks', 'run', 'stock_raw_aapl', 'download_and_load_raw', 'scheduled__2024-04-27T00:00:00+00:00', '--job-id', '3409', '--raw', '--subdir', 'DAGS_FOLDER/stocks_dwh/raw/stocks_raw_dags.py', '--cfg-path', '/tmp/tmpz7x0ctlg']
[2026-02-09T10:12:32.413+0000] {standard_task_runner.py:91} INFO - Job 3409: Subtask download_and_load_raw
[2026-02-09T10:12:32.475+0000] {task_command.py:426} INFO - Running <TaskInstance: stock_raw_aapl.download_and_load_raw scheduled__2024-04-27T00:00:00+00:00 [running]> on host b6b9e92e7d61
[2026-02-09T10:12:32.582+0000] {taskinstance.py:2648} INFO - Exporting env vars: AIRFLOW_CTX_DAG_OWNER='***' AIRFLOW_CTX_DAG_ID='stock_raw_aapl' AIRFLOW_CTX_TASK_ID='download_and_load_raw' AIRFLOW_CTX_EXECUTION_DATE='2024-04-27T00:00:00+00:00' AIRFLOW_CTX_TRY_NUMBER='1' AIRFLOW_CTX_DAG_RUN_ID='scheduled__2024-04-27T00:00:00+00:00'
[2026-02-09T10:12:32.583+0000] {taskinstance.py:430} INFO - ::endgroup::
[2026-02-09T10:12:32.596+0000] {logging_mixin.py:188} INFO - [RAW] Download AAPL [1d] 2024-04-27..2024-04-28
[2026-02-09T10:12:32.599+0000] {logging_mixin.py:188} WARNING - /opt/***/dags/stocks_dwh/raw/stocks_raw_dags.py:38 FutureWarning: YF.download() has changed argument auto_adjust default to True
[2026-02-09T10:12:32.608+0000] {logging_mixin.py:188} WARNING - /home/***/.local/lib/python3.12/site-packages/yfinance/scrapers/history.py:204 Pandas4Warning: Timestamp.utcnow is deprecated and will be removed in a future version. Use Timestamp.now('UTC') instead.
[2026-02-09T10:12:33.097+0000] {multi.py:185} ERROR - 
1 Failed download:
[2026-02-09T10:12:33.098+0000] {multi.py:198} ERROR - ['AAPL']: YFPricesMissingError('possibly delisted; no price data found  (1d 2024-04-27 -> 2024-04-28)')
[2026-02-09T10:12:33.111+0000] {logging_mixin.py:188} INFO - [RAW] No data from yfinance
[2026-02-09T10:12:33.111+0000] {python.py:237} INFO - Done. Returned value was: None
[2026-02-09T10:12:33.112+0000] {taskinstance.py:441} INFO - ::group::Post task execution logs
[2026-02-09T10:12:33.121+0000] {taskinstance.py:1206} INFO - Marking task as SUCCESS. dag_id=stock_raw_aapl, task_id=download_and_load_raw, run_id=scheduled__2024-04-27T00:00:00+00:00, execution_date=20240427T000000, start_date=20260209T101232, end_date=20260209T101233
[2026-02-09T10:12:33.184+0000] {local_task_job_runner.py:243} INFO - Task exited with return code 0
[2026-02-09T10:12:33.203+0000] {taskinstance.py:3503} INFO - 0 downstream tasks scheduled from follow-on schedule check
[2026-02-09T10:12:33.205+0000] {local_task_job_runner.py:222} INFO - ::endgroup::
[2026-02-09T12:16:19.704+0000] {local_task_job_runner.py:120} INFO - ::group::Pre task execution logs
[2026-02-09T12:16:19.731+0000] {taskinstance.py:2076} INFO - Dependencies all met for dep_context=non-requeueable deps ti=<TaskInstance: stock_raw_aapl.download_and_load_raw scheduled__2024-04-27T00:00:00+00:00 [queued]>
[2026-02-09T12:16:19.738+0000] {taskinstance.py:2076} INFO - Dependencies all met for dep_context=requeueable deps ti=<TaskInstance: stock_raw_aapl.download_and_load_raw scheduled__2024-04-27T00:00:00+00:00 [queued]>
[2026-02-09T12:16:19.738+0000] {taskinstance.py:2306} INFO - Starting attempt 1 of 1
[2026-02-09T12:16:19.750+0000] {taskinstance.py:2330} INFO - Executing <Task(PythonOperator): download_and_load_raw> on 2024-04-27 00:00:00+00:00
[2026-02-09T12:16:19.761+0000] {logging_mixin.py:188} WARNING - /home/***/.local/lib/python3.12/site-packages/***/task/task_runner/standard_task_runner.py:62 DeprecationWarning: This process (pid=14465) is multi-threaded, use of fork() may lead to deadlocks in the child.
[2026-02-09T12:16:19.762+0000] {standard_task_runner.py:64} INFO - Started process 14468 to run task
[2026-02-09T12:16:19.761+0000] {standard_task_runner.py:90} INFO - Running: ['***', 'tasks', 'run', 'stock_raw_aapl', 'download_and_load_raw', 'scheduled__2024-04-27T00:00:00+00:00', '--job-id', '6987', '--raw', '--subdir', 'DAGS_FOLDER/stocks_dwh/raw/stocks_raw_dags.py', '--cfg-path', '/tmp/tmp64aycc4e']
[2026-02-09T12:16:19.763+0000] {standard_task_runner.py:91} INFO - Job 6987: Subtask download_and_load_raw
[2026-02-09T12:16:19.819+0000] {task_command.py:426} INFO - Running <TaskInstance: stock_raw_aapl.download_and_load_raw scheduled__2024-04-27T00:00:00+00:00 [running]> on host 4886d37bc122
[2026-02-09T12:16:19.901+0000] {taskinstance.py:2648} INFO - Exporting env vars: AIRFLOW_CTX_DAG_OWNER='***' AIRFLOW_CTX_DAG_ID='stock_raw_aapl' AIRFLOW_CTX_TASK_ID='download_and_load_raw' AIRFLOW_CTX_EXECUTION_DATE='2024-04-27T00:00:00+00:00' AIRFLOW_CTX_TRY_NUMBER='1' AIRFLOW_CTX_DAG_RUN_ID='scheduled__2024-04-27T00:00:00+00:00'
[2026-02-09T12:16:19.902+0000] {taskinstance.py:430} INFO - ::endgroup::
[2026-02-09T12:16:19.912+0000] {stocks_raw_dags.py:37} INFO - 2024-04-27 00:00:00+00:00, 2024-04-28 00:00:00+00:00
[2026-02-09T12:16:19.913+0000] {logging_mixin.py:188} INFO - [RAW] Download AAPL [1d] 2024-04-26..2024-04-28
[2026-02-09T12:16:19.915+0000] {logging_mixin.py:188} WARNING - /opt/***/dags/stocks_dwh/raw/stocks_raw_dags.py:42 FutureWarning: YF.download() has changed argument auto_adjust default to True
[2026-02-09T12:16:19.924+0000] {logging_mixin.py:188} WARNING - /home/***/.local/lib/python3.12/site-packages/yfinance/scrapers/history.py:204 Pandas4Warning: Timestamp.utcnow is deprecated and will be removed in a future version. Use Timestamp.now('UTC') instead.
[2026-02-09T12:16:20.441+0000] {logging_mixin.py:188} WARNING - [*********************100%***********************]  1 of 1 completed
[2026-02-09T12:16:20.521+0000] {base.py:84} INFO - Using connection ID 'dwh_clickhouse' for task execution.
[2026-02-09T12:16:20.548+0000] {logging_mixin.py:188} INFO - [RAW] Deleted existing rows for AAPL in 2024-04-26..2024-04-28
[2026-02-09T12:16:20.563+0000] {logging_mixin.py:188} INFO - [RAW] Inserted 1 rows into dwh.raw_stock_prices
[2026-02-09T12:16:20.563+0000] {python.py:237} INFO - Done. Returned value was: None
[2026-02-09T12:16:20.564+0000] {taskinstance.py:441} INFO - ::group::Post task execution logs
[2026-02-09T12:16:20.576+0000] {taskinstance.py:1206} INFO - Marking task as SUCCESS. dag_id=stock_raw_aapl, task_id=download_and_load_raw, run_id=scheduled__2024-04-27T00:00:00+00:00, execution_date=20240427T000000, start_date=20260209T121619, end_date=20260209T121620
[2026-02-09T12:16:20.618+0000] {local_task_job_runner.py:243} INFO - Task exited with return code 0
[2026-02-09T12:16:20.635+0000] {taskinstance.py:3503} INFO - 0 downstream tasks scheduled from follow-on schedule check
[2026-02-09T12:16:20.637+0000] {local_task_job_runner.py:222} INFO - ::endgroup::
