[2026-02-09T12:12:06.969+0000] {local_task_job_runner.py:120} INFO - ::group::Pre task execution logs
[2026-02-09T12:12:06.998+0000] {taskinstance.py:2076} INFO - Dependencies all met for dep_context=non-requeueable deps ti=<TaskInstance: stock_raw_aapl.download_and_load_raw scheduled__2024-02-06T00:00:00+00:00 [queued]>
[2026-02-09T12:12:07.006+0000] {taskinstance.py:2076} INFO - Dependencies all met for dep_context=requeueable deps ti=<TaskInstance: stock_raw_aapl.download_and_load_raw scheduled__2024-02-06T00:00:00+00:00 [queued]>
[2026-02-09T12:12:07.007+0000] {taskinstance.py:2306} INFO - Starting attempt 1 of 1
[2026-02-09T12:12:07.020+0000] {taskinstance.py:2330} INFO - Executing <Task(PythonOperator): download_and_load_raw> on 2024-02-06 00:00:00+00:00
[2026-02-09T12:12:07.031+0000] {logging_mixin.py:188} WARNING - /home/***/.local/lib/python3.12/site-packages/***/task/task_runner/standard_task_runner.py:62 DeprecationWarning: This process (pid=13716) is multi-threaded, use of fork() may lead to deadlocks in the child.
[2026-02-09T12:12:07.032+0000] {standard_task_runner.py:64} INFO - Started process 13720 to run task
[2026-02-09T12:12:07.031+0000] {standard_task_runner.py:90} INFO - Running: ['***', 'tasks', 'run', 'stock_raw_aapl', 'download_and_load_raw', 'scheduled__2024-02-06T00:00:00+00:00', '--job-id', '6824', '--raw', '--subdir', 'DAGS_FOLDER/stocks_dwh/raw/stocks_raw_dags.py', '--cfg-path', '/tmp/tmpfdhndcqp']
[2026-02-09T12:12:07.033+0000] {standard_task_runner.py:91} INFO - Job 6824: Subtask download_and_load_raw
[2026-02-09T12:12:07.087+0000] {task_command.py:426} INFO - Running <TaskInstance: stock_raw_aapl.download_and_load_raw scheduled__2024-02-06T00:00:00+00:00 [running]> on host 4886d37bc122
[2026-02-09T12:12:07.181+0000] {taskinstance.py:2648} INFO - Exporting env vars: AIRFLOW_CTX_DAG_OWNER='***' AIRFLOW_CTX_DAG_ID='stock_raw_aapl' AIRFLOW_CTX_TASK_ID='download_and_load_raw' AIRFLOW_CTX_EXECUTION_DATE='2024-02-06T00:00:00+00:00' AIRFLOW_CTX_TRY_NUMBER='1' AIRFLOW_CTX_DAG_RUN_ID='scheduled__2024-02-06T00:00:00+00:00'
[2026-02-09T12:12:07.182+0000] {taskinstance.py:430} INFO - ::endgroup::
[2026-02-09T12:12:07.193+0000] {stocks_raw_dags.py:37} INFO - 2024-02-06 00:00:00+00:00, 2024-02-07 00:00:00+00:00
[2026-02-09T12:12:07.193+0000] {logging_mixin.py:188} INFO - [RAW] Download AAPL [1d] 2024-02-05..2024-02-07
[2026-02-09T12:12:07.196+0000] {logging_mixin.py:188} WARNING - /opt/***/dags/stocks_dwh/raw/stocks_raw_dags.py:42 FutureWarning: YF.download() has changed argument auto_adjust default to True
[2026-02-09T12:12:07.204+0000] {logging_mixin.py:188} WARNING - /home/***/.local/lib/python3.12/site-packages/yfinance/scrapers/history.py:204 Pandas4Warning: Timestamp.utcnow is deprecated and will be removed in a future version. Use Timestamp.now('UTC') instead.
[2026-02-09T12:12:07.738+0000] {logging_mixin.py:188} WARNING - [*********************100%***********************]  1 of 1 completed
[2026-02-09T12:12:07.776+0000] {base.py:84} INFO - Using connection ID 'dwh_clickhouse' for task execution.
[2026-02-09T12:12:07.802+0000] {logging_mixin.py:188} INFO - [RAW] Deleted existing rows for AAPL in 2024-02-05..2024-02-07
[2026-02-09T12:12:07.820+0000] {logging_mixin.py:188} INFO - [RAW] Inserted 2 rows into dwh.raw_stock_prices
[2026-02-09T12:12:07.821+0000] {python.py:237} INFO - Done. Returned value was: None
[2026-02-09T12:12:07.823+0000] {taskinstance.py:441} INFO - ::group::Post task execution logs
[2026-02-09T12:12:07.835+0000] {taskinstance.py:1206} INFO - Marking task as SUCCESS. dag_id=stock_raw_aapl, task_id=download_and_load_raw, run_id=scheduled__2024-02-06T00:00:00+00:00, execution_date=20240206T000000, start_date=20260209T121206, end_date=20260209T121207
[2026-02-09T12:12:07.888+0000] {local_task_job_runner.py:243} INFO - Task exited with return code 0
[2026-02-09T12:12:07.904+0000] {taskinstance.py:3503} INFO - 0 downstream tasks scheduled from follow-on schedule check
[2026-02-09T12:12:07.907+0000] {local_task_job_runner.py:222} INFO - ::endgroup::
