[2026-02-09T10:45:14.606+0000] {local_task_job_runner.py:120} INFO - ::group::Pre task execution logs
[2026-02-09T10:45:14.635+0000] {taskinstance.py:2076} INFO - Dependencies all met for dep_context=non-requeueable deps ti=<TaskInstance: stock_raw_aapl.download_and_load_raw scheduled__2025-11-15T00:00:00+00:00 [queued]>
[2026-02-09T10:45:14.643+0000] {taskinstance.py:2076} INFO - Dependencies all met for dep_context=requeueable deps ti=<TaskInstance: stock_raw_aapl.download_and_load_raw scheduled__2025-11-15T00:00:00+00:00 [queued]>
[2026-02-09T10:45:14.644+0000] {taskinstance.py:2306} INFO - Starting attempt 1 of 1
[2026-02-09T10:45:14.657+0000] {taskinstance.py:2330} INFO - Executing <Task(PythonOperator): download_and_load_raw> on 2025-11-15 00:00:00+00:00
[2026-02-09T10:45:14.669+0000] {logging_mixin.py:188} WARNING - /home/***/.local/lib/python3.12/site-packages/***/task/task_runner/standard_task_runner.py:62 DeprecationWarning: This process (pid=9164) is multi-threaded, use of fork() may lead to deadlocks in the child.
[2026-02-09T10:45:14.669+0000] {standard_task_runner.py:90} INFO - Running: ['***', 'tasks', 'run', 'stock_raw_aapl', 'download_and_load_raw', 'scheduled__2025-11-15T00:00:00+00:00', '--job-id', '6213', '--raw', '--subdir', 'DAGS_FOLDER/stocks_dwh/raw/stocks_raw_dags.py', '--cfg-path', '/tmp/tmp1g456ku9']
[2026-02-09T10:45:14.672+0000] {standard_task_runner.py:64} INFO - Started process 9174 to run task
[2026-02-09T10:45:14.672+0000] {standard_task_runner.py:91} INFO - Job 6213: Subtask download_and_load_raw
[2026-02-09T10:45:14.732+0000] {task_command.py:426} INFO - Running <TaskInstance: stock_raw_aapl.download_and_load_raw scheduled__2025-11-15T00:00:00+00:00 [running]> on host 4886d37bc122
[2026-02-09T10:45:14.825+0000] {taskinstance.py:2648} INFO - Exporting env vars: AIRFLOW_CTX_DAG_OWNER='***' AIRFLOW_CTX_DAG_ID='stock_raw_aapl' AIRFLOW_CTX_TASK_ID='download_and_load_raw' AIRFLOW_CTX_EXECUTION_DATE='2025-11-15T00:00:00+00:00' AIRFLOW_CTX_TRY_NUMBER='1' AIRFLOW_CTX_DAG_RUN_ID='scheduled__2025-11-15T00:00:00+00:00'
[2026-02-09T10:45:14.827+0000] {taskinstance.py:430} INFO - ::endgroup::
[2026-02-09T10:45:14.837+0000] {logging_mixin.py:188} INFO - [RAW] Download AAPL [1d] 2025-11-15..2025-11-16
[2026-02-09T10:45:14.840+0000] {logging_mixin.py:188} WARNING - /opt/***/dags/stocks_dwh/raw/stocks_raw_dags.py:38 FutureWarning: YF.download() has changed argument auto_adjust default to True
[2026-02-09T10:45:14.847+0000] {logging_mixin.py:188} WARNING - /home/***/.local/lib/python3.12/site-packages/yfinance/scrapers/history.py:204 Pandas4Warning: Timestamp.utcnow is deprecated and will be removed in a future version. Use Timestamp.now('UTC') instead.
[2026-02-09T10:45:15.378+0000] {multi.py:185} ERROR - 
1 Failed download:
[2026-02-09T10:45:15.378+0000] {multi.py:198} ERROR - ['AAPL']: YFPricesMissingError('possibly delisted; no price data found  (1d 2025-11-15 -> 2025-11-16)')
[2026-02-09T10:45:15.392+0000] {logging_mixin.py:188} INFO - [RAW] No data from yfinance
[2026-02-09T10:45:15.393+0000] {python.py:237} INFO - Done. Returned value was: None
[2026-02-09T10:45:15.393+0000] {taskinstance.py:441} INFO - ::group::Post task execution logs
[2026-02-09T10:45:15.405+0000] {taskinstance.py:1206} INFO - Marking task as SUCCESS. dag_id=stock_raw_aapl, task_id=download_and_load_raw, run_id=scheduled__2025-11-15T00:00:00+00:00, execution_date=20251115T000000, start_date=20260209T104514, end_date=20260209T104515
[2026-02-09T10:45:15.447+0000] {local_task_job_runner.py:243} INFO - Task exited with return code 0
[2026-02-09T10:45:15.463+0000] {taskinstance.py:3503} INFO - 0 downstream tasks scheduled from follow-on schedule check
[2026-02-09T10:45:15.465+0000] {local_task_job_runner.py:222} INFO - ::endgroup::
[2026-02-09T12:46:55.592+0000] {local_task_job_runner.py:120} INFO - ::group::Pre task execution logs
[2026-02-09T12:46:55.625+0000] {taskinstance.py:2076} INFO - Dependencies all met for dep_context=non-requeueable deps ti=<TaskInstance: stock_raw_aapl.download_and_load_raw scheduled__2025-11-15T00:00:00+00:00 [queued]>
[2026-02-09T12:46:55.634+0000] {taskinstance.py:2076} INFO - Dependencies all met for dep_context=requeueable deps ti=<TaskInstance: stock_raw_aapl.download_and_load_raw scheduled__2025-11-15T00:00:00+00:00 [queued]>
[2026-02-09T12:46:55.635+0000] {taskinstance.py:2306} INFO - Starting attempt 1 of 1
[2026-02-09T12:46:55.651+0000] {taskinstance.py:2330} INFO - Executing <Task(PythonOperator): download_and_load_raw> on 2025-11-15 00:00:00+00:00
[2026-02-09T12:46:55.663+0000] {logging_mixin.py:188} WARNING - /home/***/.local/lib/python3.12/site-packages/***/task/task_runner/standard_task_runner.py:62 DeprecationWarning: This process (pid=18745) is multi-threaded, use of fork() may lead to deadlocks in the child.
[2026-02-09T12:46:55.665+0000] {standard_task_runner.py:64} INFO - Started process 18747 to run task
[2026-02-09T12:46:55.663+0000] {standard_task_runner.py:90} INFO - Running: ['***', 'tasks', 'run', 'stock_raw_aapl', 'download_and_load_raw', 'scheduled__2025-11-15T00:00:00+00:00', '--job-id', '7876', '--raw', '--subdir', 'DAGS_FOLDER/stocks_dwh/raw/stocks_raw_dags.py', '--cfg-path', '/tmp/tmpkx1h63_8']
[2026-02-09T12:46:55.666+0000] {standard_task_runner.py:91} INFO - Job 7876: Subtask download_and_load_raw
[2026-02-09T12:46:55.737+0000] {task_command.py:426} INFO - Running <TaskInstance: stock_raw_aapl.download_and_load_raw scheduled__2025-11-15T00:00:00+00:00 [running]> on host 4886d37bc122
[2026-02-09T12:46:55.843+0000] {taskinstance.py:2648} INFO - Exporting env vars: AIRFLOW_CTX_DAG_OWNER='***' AIRFLOW_CTX_DAG_ID='stock_raw_aapl' AIRFLOW_CTX_TASK_ID='download_and_load_raw' AIRFLOW_CTX_EXECUTION_DATE='2025-11-15T00:00:00+00:00' AIRFLOW_CTX_TRY_NUMBER='1' AIRFLOW_CTX_DAG_RUN_ID='scheduled__2025-11-15T00:00:00+00:00'
[2026-02-09T12:46:55.844+0000] {taskinstance.py:430} INFO - ::endgroup::
[2026-02-09T12:46:55.858+0000] {stocks_raw_dags.py:37} INFO - 2025-11-15 00:00:00+00:00, 2025-11-16 00:00:00+00:00
[2026-02-09T12:46:55.858+0000] {logging_mixin.py:188} INFO - [RAW] Download AAPL [1d] 2025-11-14..2025-11-16
[2026-02-09T12:46:55.861+0000] {logging_mixin.py:188} WARNING - /opt/***/dags/stocks_dwh/raw/stocks_raw_dags.py:42 FutureWarning: YF.download() has changed argument auto_adjust default to True
[2026-02-09T12:46:55.871+0000] {logging_mixin.py:188} WARNING - /home/***/.local/lib/python3.12/site-packages/yfinance/scrapers/history.py:204 Pandas4Warning: Timestamp.utcnow is deprecated and will be removed in a future version. Use Timestamp.now('UTC') instead.
[2026-02-09T12:46:56.418+0000] {logging_mixin.py:188} WARNING - [*********************100%***********************]  1 of 1 completed
[2026-02-09T12:46:56.456+0000] {base.py:84} INFO - Using connection ID 'dwh_clickhouse' for task execution.
[2026-02-09T12:46:56.496+0000] {logging_mixin.py:188} INFO - [RAW] Deleted existing rows for AAPL in 2025-11-14..2025-11-16
[2026-02-09T12:46:56.506+0000] {logging_mixin.py:188} INFO - [RAW] Inserted 1 rows into dwh.raw_stock_prices
[2026-02-09T12:46:56.507+0000] {python.py:237} INFO - Done. Returned value was: None
[2026-02-09T12:46:56.508+0000] {taskinstance.py:441} INFO - ::group::Post task execution logs
[2026-02-09T12:46:56.520+0000] {taskinstance.py:1206} INFO - Marking task as SUCCESS. dag_id=stock_raw_aapl, task_id=download_and_load_raw, run_id=scheduled__2025-11-15T00:00:00+00:00, execution_date=20251115T000000, start_date=20260209T124655, end_date=20260209T124656
[2026-02-09T12:46:56.562+0000] {local_task_job_runner.py:243} INFO - Task exited with return code 0
[2026-02-09T12:46:56.584+0000] {taskinstance.py:3503} INFO - 0 downstream tasks scheduled from follow-on schedule check
[2026-02-09T12:46:56.593+0000] {local_task_job_runner.py:222} INFO - ::endgroup::
