[2026-02-09T10:46:36.634+0000] {local_task_job_runner.py:120} INFO - ::group::Pre task execution logs
[2026-02-09T10:46:36.665+0000] {taskinstance.py:2076} INFO - Dependencies all met for dep_context=non-requeueable deps ti=<TaskInstance: stock_raw_aapl.download_and_load_raw scheduled__2025-12-13T00:00:00+00:00 [queued]>
[2026-02-09T10:46:36.675+0000] {taskinstance.py:2076} INFO - Dependencies all met for dep_context=requeueable deps ti=<TaskInstance: stock_raw_aapl.download_and_load_raw scheduled__2025-12-13T00:00:00+00:00 [queued]>
[2026-02-09T10:46:36.676+0000] {taskinstance.py:2306} INFO - Starting attempt 1 of 1
[2026-02-09T10:46:36.687+0000] {taskinstance.py:2330} INFO - Executing <Task(PythonOperator): download_and_load_raw> on 2025-12-13 00:00:00+00:00
[2026-02-09T10:46:36.699+0000] {logging_mixin.py:188} WARNING - /home/***/.local/lib/python3.12/site-packages/***/task/task_runner/standard_task_runner.py:62 DeprecationWarning: This process (pid=9739) is multi-threaded, use of fork() may lead to deadlocks in the child.
[2026-02-09T10:46:36.700+0000] {standard_task_runner.py:64} INFO - Started process 9752 to run task
[2026-02-09T10:46:36.699+0000] {standard_task_runner.py:90} INFO - Running: ['***', 'tasks', 'run', 'stock_raw_aapl', 'download_and_load_raw', 'scheduled__2025-12-13T00:00:00+00:00', '--job-id', '6350', '--raw', '--subdir', 'DAGS_FOLDER/stocks_dwh/raw/stocks_raw_dags.py', '--cfg-path', '/tmp/tmp8xw3o7j0']
[2026-02-09T10:46:36.702+0000] {standard_task_runner.py:91} INFO - Job 6350: Subtask download_and_load_raw
[2026-02-09T10:46:36.767+0000] {task_command.py:426} INFO - Running <TaskInstance: stock_raw_aapl.download_and_load_raw scheduled__2025-12-13T00:00:00+00:00 [running]> on host 4886d37bc122
[2026-02-09T10:46:36.856+0000] {taskinstance.py:2648} INFO - Exporting env vars: AIRFLOW_CTX_DAG_OWNER='***' AIRFLOW_CTX_DAG_ID='stock_raw_aapl' AIRFLOW_CTX_TASK_ID='download_and_load_raw' AIRFLOW_CTX_EXECUTION_DATE='2025-12-13T00:00:00+00:00' AIRFLOW_CTX_TRY_NUMBER='1' AIRFLOW_CTX_DAG_RUN_ID='scheduled__2025-12-13T00:00:00+00:00'
[2026-02-09T10:46:36.858+0000] {taskinstance.py:430} INFO - ::endgroup::
[2026-02-09T10:46:36.869+0000] {logging_mixin.py:188} INFO - [RAW] Download AAPL [1d] 2025-12-13..2025-12-14
[2026-02-09T10:46:36.871+0000] {logging_mixin.py:188} WARNING - /opt/***/dags/stocks_dwh/raw/stocks_raw_dags.py:38 FutureWarning: YF.download() has changed argument auto_adjust default to True
[2026-02-09T10:46:36.878+0000] {logging_mixin.py:188} WARNING - /home/***/.local/lib/python3.12/site-packages/yfinance/scrapers/history.py:204 Pandas4Warning: Timestamp.utcnow is deprecated and will be removed in a future version. Use Timestamp.now('UTC') instead.
[2026-02-09T10:46:37.369+0000] {multi.py:185} ERROR - 
1 Failed download:
[2026-02-09T10:46:37.369+0000] {multi.py:198} ERROR - ['AAPL']: YFPricesMissingError('possibly delisted; no price data found  (1d 2025-12-13 -> 2025-12-14)')
[2026-02-09T10:46:37.383+0000] {logging_mixin.py:188} INFO - [RAW] No data from yfinance
[2026-02-09T10:46:37.384+0000] {python.py:237} INFO - Done. Returned value was: None
[2026-02-09T10:46:37.385+0000] {taskinstance.py:441} INFO - ::group::Post task execution logs
[2026-02-09T10:46:37.395+0000] {taskinstance.py:1206} INFO - Marking task as SUCCESS. dag_id=stock_raw_aapl, task_id=download_and_load_raw, run_id=scheduled__2025-12-13T00:00:00+00:00, execution_date=20251213T000000, start_date=20260209T104636, end_date=20260209T104637
[2026-02-09T10:46:37.436+0000] {local_task_job_runner.py:243} INFO - Task exited with return code 0
[2026-02-09T10:46:37.457+0000] {taskinstance.py:3503} INFO - 0 downstream tasks scheduled from follow-on schedule check
[2026-02-09T10:46:37.459+0000] {local_task_job_runner.py:222} INFO - ::endgroup::
[2026-02-09T12:48:28.873+0000] {local_task_job_runner.py:120} INFO - ::group::Pre task execution logs
[2026-02-09T12:48:28.905+0000] {taskinstance.py:2076} INFO - Dependencies all met for dep_context=non-requeueable deps ti=<TaskInstance: stock_raw_aapl.download_and_load_raw scheduled__2025-12-13T00:00:00+00:00 [queued]>
[2026-02-09T12:48:28.914+0000] {taskinstance.py:2076} INFO - Dependencies all met for dep_context=requeueable deps ti=<TaskInstance: stock_raw_aapl.download_and_load_raw scheduled__2025-12-13T00:00:00+00:00 [queued]>
[2026-02-09T12:48:28.915+0000] {taskinstance.py:2306} INFO - Starting attempt 1 of 1
[2026-02-09T12:48:28.930+0000] {taskinstance.py:2330} INFO - Executing <Task(PythonOperator): download_and_load_raw> on 2025-12-13 00:00:00+00:00
[2026-02-09T12:48:28.944+0000] {logging_mixin.py:188} WARNING - /home/***/.local/lib/python3.12/site-packages/***/task/task_runner/standard_task_runner.py:62 DeprecationWarning: This process (pid=18893) is multi-threaded, use of fork() may lead to deadlocks in the child.
[2026-02-09T12:48:28.945+0000] {standard_task_runner.py:64} INFO - Started process 18895 to run task
[2026-02-09T12:48:28.944+0000] {standard_task_runner.py:90} INFO - Running: ['***', 'tasks', 'run', 'stock_raw_aapl', 'download_and_load_raw', 'scheduled__2025-12-13T00:00:00+00:00', '--job-id', '7904', '--raw', '--subdir', 'DAGS_FOLDER/stocks_dwh/raw/stocks_raw_dags.py', '--cfg-path', '/tmp/tmp61rw6dj_']
[2026-02-09T12:48:28.946+0000] {standard_task_runner.py:91} INFO - Job 7904: Subtask download_and_load_raw
[2026-02-09T12:48:29.017+0000] {task_command.py:426} INFO - Running <TaskInstance: stock_raw_aapl.download_and_load_raw scheduled__2025-12-13T00:00:00+00:00 [running]> on host 4886d37bc122
[2026-02-09T12:48:29.124+0000] {taskinstance.py:2648} INFO - Exporting env vars: AIRFLOW_CTX_DAG_OWNER='***' AIRFLOW_CTX_DAG_ID='stock_raw_aapl' AIRFLOW_CTX_TASK_ID='download_and_load_raw' AIRFLOW_CTX_EXECUTION_DATE='2025-12-13T00:00:00+00:00' AIRFLOW_CTX_TRY_NUMBER='1' AIRFLOW_CTX_DAG_RUN_ID='scheduled__2025-12-13T00:00:00+00:00'
[2026-02-09T12:48:29.125+0000] {taskinstance.py:430} INFO - ::endgroup::
[2026-02-09T12:48:29.140+0000] {stocks_raw_dags.py:37} INFO - 2025-12-13 00:00:00+00:00, 2025-12-14 00:00:00+00:00
[2026-02-09T12:48:29.140+0000] {logging_mixin.py:188} INFO - [RAW] Download AAPL [1d] 2025-12-12..2025-12-14
[2026-02-09T12:48:29.143+0000] {logging_mixin.py:188} WARNING - /opt/***/dags/stocks_dwh/raw/stocks_raw_dags.py:42 FutureWarning: YF.download() has changed argument auto_adjust default to True
[2026-02-09T12:48:29.152+0000] {logging_mixin.py:188} WARNING - /home/***/.local/lib/python3.12/site-packages/yfinance/scrapers/history.py:204 Pandas4Warning: Timestamp.utcnow is deprecated and will be removed in a future version. Use Timestamp.now('UTC') instead.
[2026-02-09T12:48:29.676+0000] {logging_mixin.py:188} WARNING - [*********************100%***********************]  1 of 1 completed
[2026-02-09T12:48:29.713+0000] {base.py:84} INFO - Using connection ID 'dwh_clickhouse' for task execution.
[2026-02-09T12:48:29.748+0000] {logging_mixin.py:188} INFO - [RAW] Deleted existing rows for AAPL in 2025-12-12..2025-12-14
[2026-02-09T12:48:29.761+0000] {logging_mixin.py:188} INFO - [RAW] Inserted 1 rows into dwh.raw_stock_prices
[2026-02-09T12:48:29.762+0000] {python.py:237} INFO - Done. Returned value was: None
[2026-02-09T12:48:29.763+0000] {taskinstance.py:441} INFO - ::group::Post task execution logs
[2026-02-09T12:48:29.774+0000] {taskinstance.py:1206} INFO - Marking task as SUCCESS. dag_id=stock_raw_aapl, task_id=download_and_load_raw, run_id=scheduled__2025-12-13T00:00:00+00:00, execution_date=20251213T000000, start_date=20260209T124828, end_date=20260209T124829
[2026-02-09T12:48:29.842+0000] {local_task_job_runner.py:243} INFO - Task exited with return code 0
[2026-02-09T12:48:29.865+0000] {taskinstance.py:3503} INFO - 0 downstream tasks scheduled from follow-on schedule check
[2026-02-09T12:48:29.869+0000] {local_task_job_runner.py:222} INFO - ::endgroup::
