[2026-02-09T10:13:59.889+0000] {local_task_job_runner.py:120} INFO - ::group::Pre task execution logs
[2026-02-09T10:13:59.921+0000] {taskinstance.py:2076} INFO - Dependencies all met for dep_context=non-requeueable deps ti=<TaskInstance: stock_raw_aapl.download_and_load_raw scheduled__2024-05-25T00:00:00+00:00 [queued]>
[2026-02-09T10:13:59.928+0000] {taskinstance.py:2076} INFO - Dependencies all met for dep_context=requeueable deps ti=<TaskInstance: stock_raw_aapl.download_and_load_raw scheduled__2024-05-25T00:00:00+00:00 [queued]>
[2026-02-09T10:13:59.929+0000] {taskinstance.py:2306} INFO - Starting attempt 1 of 1
[2026-02-09T10:13:59.940+0000] {taskinstance.py:2330} INFO - Executing <Task(PythonOperator): download_and_load_raw> on 2024-05-25 00:00:00+00:00
[2026-02-09T10:13:59.954+0000] {logging_mixin.py:188} WARNING - /home/***/.local/lib/python3.12/site-packages/***/task/task_runner/standard_task_runner.py:62 DeprecationWarning: This process (pid=4049) is multi-threaded, use of fork() may lead to deadlocks in the child.
[2026-02-09T10:13:59.956+0000] {standard_task_runner.py:64} INFO - Started process 4059 to run task
[2026-02-09T10:13:59.954+0000] {standard_task_runner.py:90} INFO - Running: ['***', 'tasks', 'run', 'stock_raw_aapl', 'download_and_load_raw', 'scheduled__2024-05-25T00:00:00+00:00', '--job-id', '3547', '--raw', '--subdir', 'DAGS_FOLDER/stocks_dwh/raw/stocks_raw_dags.py', '--cfg-path', '/tmp/tmpue98mj43']
[2026-02-09T10:13:59.957+0000] {standard_task_runner.py:91} INFO - Job 3547: Subtask download_and_load_raw
[2026-02-09T10:14:00.022+0000] {task_command.py:426} INFO - Running <TaskInstance: stock_raw_aapl.download_and_load_raw scheduled__2024-05-25T00:00:00+00:00 [running]> on host b6b9e92e7d61
[2026-02-09T10:14:00.119+0000] {taskinstance.py:2648} INFO - Exporting env vars: AIRFLOW_CTX_DAG_OWNER='***' AIRFLOW_CTX_DAG_ID='stock_raw_aapl' AIRFLOW_CTX_TASK_ID='download_and_load_raw' AIRFLOW_CTX_EXECUTION_DATE='2024-05-25T00:00:00+00:00' AIRFLOW_CTX_TRY_NUMBER='1' AIRFLOW_CTX_DAG_RUN_ID='scheduled__2024-05-25T00:00:00+00:00'
[2026-02-09T10:14:00.120+0000] {taskinstance.py:430} INFO - ::endgroup::
[2026-02-09T10:14:00.132+0000] {logging_mixin.py:188} INFO - [RAW] Download AAPL [1d] 2024-05-25..2024-05-26
[2026-02-09T10:14:00.134+0000] {logging_mixin.py:188} WARNING - /opt/***/dags/stocks_dwh/raw/stocks_raw_dags.py:38 FutureWarning: YF.download() has changed argument auto_adjust default to True
[2026-02-09T10:14:00.143+0000] {logging_mixin.py:188} WARNING - /home/***/.local/lib/python3.12/site-packages/yfinance/scrapers/history.py:204 Pandas4Warning: Timestamp.utcnow is deprecated and will be removed in a future version. Use Timestamp.now('UTC') instead.
[2026-02-09T10:14:00.660+0000] {multi.py:185} ERROR - 
1 Failed download:
[2026-02-09T10:14:00.661+0000] {multi.py:198} ERROR - ['AAPL']: YFPricesMissingError('possibly delisted; no price data found  (1d 2024-05-25 -> 2024-05-26)')
[2026-02-09T10:14:00.680+0000] {logging_mixin.py:188} INFO - [RAW] No data from yfinance
[2026-02-09T10:14:00.680+0000] {python.py:237} INFO - Done. Returned value was: None
[2026-02-09T10:14:00.681+0000] {taskinstance.py:441} INFO - ::group::Post task execution logs
[2026-02-09T10:14:00.691+0000] {taskinstance.py:1206} INFO - Marking task as SUCCESS. dag_id=stock_raw_aapl, task_id=download_and_load_raw, run_id=scheduled__2024-05-25T00:00:00+00:00, execution_date=20240525T000000, start_date=20260209T101359, end_date=20260209T101400
[2026-02-09T10:14:00.732+0000] {local_task_job_runner.py:243} INFO - Task exited with return code 0
[2026-02-09T10:14:00.745+0000] {local_task_job_runner.py:222} INFO - ::endgroup::
[2026-02-09T12:17:45.242+0000] {local_task_job_runner.py:120} INFO - ::group::Pre task execution logs
[2026-02-09T12:17:45.270+0000] {taskinstance.py:2076} INFO - Dependencies all met for dep_context=non-requeueable deps ti=<TaskInstance: stock_raw_aapl.download_and_load_raw scheduled__2024-05-25T00:00:00+00:00 [queued]>
[2026-02-09T12:17:45.277+0000] {taskinstance.py:2076} INFO - Dependencies all met for dep_context=requeueable deps ti=<TaskInstance: stock_raw_aapl.download_and_load_raw scheduled__2024-05-25T00:00:00+00:00 [queued]>
[2026-02-09T12:17:45.278+0000] {taskinstance.py:2306} INFO - Starting attempt 1 of 1
[2026-02-09T12:17:45.288+0000] {taskinstance.py:2330} INFO - Executing <Task(PythonOperator): download_and_load_raw> on 2024-05-25 00:00:00+00:00
[2026-02-09T12:17:45.300+0000] {logging_mixin.py:188} WARNING - /home/***/.local/lib/python3.12/site-packages/***/task/task_runner/standard_task_runner.py:62 DeprecationWarning: This process (pid=14724) is multi-threaded, use of fork() may lead to deadlocks in the child.
[2026-02-09T12:17:45.301+0000] {standard_task_runner.py:64} INFO - Started process 14727 to run task
[2026-02-09T12:17:45.300+0000] {standard_task_runner.py:90} INFO - Running: ['***', 'tasks', 'run', 'stock_raw_aapl', 'download_and_load_raw', 'scheduled__2024-05-25T00:00:00+00:00', '--job-id', '7042', '--raw', '--subdir', 'DAGS_FOLDER/stocks_dwh/raw/stocks_raw_dags.py', '--cfg-path', '/tmp/tmpyl2sibtk']
[2026-02-09T12:17:45.302+0000] {standard_task_runner.py:91} INFO - Job 7042: Subtask download_and_load_raw
[2026-02-09T12:17:45.363+0000] {task_command.py:426} INFO - Running <TaskInstance: stock_raw_aapl.download_and_load_raw scheduled__2024-05-25T00:00:00+00:00 [running]> on host 4886d37bc122
[2026-02-09T12:17:45.446+0000] {taskinstance.py:2648} INFO - Exporting env vars: AIRFLOW_CTX_DAG_OWNER='***' AIRFLOW_CTX_DAG_ID='stock_raw_aapl' AIRFLOW_CTX_TASK_ID='download_and_load_raw' AIRFLOW_CTX_EXECUTION_DATE='2024-05-25T00:00:00+00:00' AIRFLOW_CTX_TRY_NUMBER='1' AIRFLOW_CTX_DAG_RUN_ID='scheduled__2024-05-25T00:00:00+00:00'
[2026-02-09T12:17:45.447+0000] {taskinstance.py:430} INFO - ::endgroup::
[2026-02-09T12:17:45.458+0000] {stocks_raw_dags.py:37} INFO - 2024-05-25 00:00:00+00:00, 2024-05-26 00:00:00+00:00
[2026-02-09T12:17:45.458+0000] {logging_mixin.py:188} INFO - [RAW] Download AAPL [1d] 2024-05-24..2024-05-26
[2026-02-09T12:17:45.460+0000] {logging_mixin.py:188} WARNING - /opt/***/dags/stocks_dwh/raw/stocks_raw_dags.py:42 FutureWarning: YF.download() has changed argument auto_adjust default to True
[2026-02-09T12:17:45.468+0000] {logging_mixin.py:188} WARNING - /home/***/.local/lib/python3.12/site-packages/yfinance/scrapers/history.py:204 Pandas4Warning: Timestamp.utcnow is deprecated and will be removed in a future version. Use Timestamp.now('UTC') instead.
[2026-02-09T12:17:45.977+0000] {logging_mixin.py:188} WARNING - [*********************100%***********************]  1 of 1 completed
[2026-02-09T12:17:46.011+0000] {base.py:84} INFO - Using connection ID 'dwh_clickhouse' for task execution.
[2026-02-09T12:17:46.033+0000] {logging_mixin.py:188} INFO - [RAW] Deleted existing rows for AAPL in 2024-05-24..2024-05-26
[2026-02-09T12:17:46.042+0000] {logging_mixin.py:188} INFO - [RAW] Inserted 1 rows into dwh.raw_stock_prices
[2026-02-09T12:17:46.043+0000] {python.py:237} INFO - Done. Returned value was: None
[2026-02-09T12:17:46.044+0000] {taskinstance.py:441} INFO - ::group::Post task execution logs
[2026-02-09T12:17:46.059+0000] {taskinstance.py:1206} INFO - Marking task as SUCCESS. dag_id=stock_raw_aapl, task_id=download_and_load_raw, run_id=scheduled__2024-05-25T00:00:00+00:00, execution_date=20240525T000000, start_date=20260209T121745, end_date=20260209T121746
[2026-02-09T12:17:46.116+0000] {local_task_job_runner.py:243} INFO - Task exited with return code 0
[2026-02-09T12:17:46.137+0000] {taskinstance.py:3503} INFO - 0 downstream tasks scheduled from follow-on schedule check
[2026-02-09T12:17:46.140+0000] {local_task_job_runner.py:222} INFO - ::endgroup::
