[2026-02-09T10:38:01.423+0000] {local_task_job_runner.py:120} INFO - ::group::Pre task execution logs
[2026-02-09T10:38:01.460+0000] {taskinstance.py:2076} INFO - Dependencies all met for dep_context=non-requeueable deps ti=<TaskInstance: stock_raw_aapl.download_and_load_raw scheduled__2025-07-05T00:00:00+00:00 [queued]>
[2026-02-09T10:38:01.469+0000] {taskinstance.py:2076} INFO - Dependencies all met for dep_context=requeueable deps ti=<TaskInstance: stock_raw_aapl.download_and_load_raw scheduled__2025-07-05T00:00:00+00:00 [queued]>
[2026-02-09T10:38:01.470+0000] {taskinstance.py:2306} INFO - Starting attempt 1 of 1
[2026-02-09T10:38:01.483+0000] {taskinstance.py:2330} INFO - Executing <Task(PythonOperator): download_and_load_raw> on 2025-07-05 00:00:00+00:00
[2026-02-09T10:38:01.498+0000] {logging_mixin.py:188} WARNING - /home/***/.local/lib/python3.12/site-packages/***/task/task_runner/standard_task_runner.py:62 DeprecationWarning: This process (pid=6385) is multi-threaded, use of fork() may lead to deadlocks in the child.
[2026-02-09T10:38:01.500+0000] {standard_task_runner.py:64} INFO - Started process 6395 to run task
[2026-02-09T10:38:01.498+0000] {standard_task_runner.py:90} INFO - Running: ['***', 'tasks', 'run', 'stock_raw_aapl', 'download_and_load_raw', 'scheduled__2025-07-05T00:00:00+00:00', '--job-id', '5559', '--raw', '--subdir', 'DAGS_FOLDER/stocks_dwh/raw/stocks_raw_dags.py', '--cfg-path', '/tmp/tmpli5dr19b']
[2026-02-09T10:38:01.501+0000] {standard_task_runner.py:91} INFO - Job 5559: Subtask download_and_load_raw
[2026-02-09T10:38:01.575+0000] {task_command.py:426} INFO - Running <TaskInstance: stock_raw_aapl.download_and_load_raw scheduled__2025-07-05T00:00:00+00:00 [running]> on host 4886d37bc122
[2026-02-09T10:38:01.688+0000] {taskinstance.py:2648} INFO - Exporting env vars: AIRFLOW_CTX_DAG_OWNER='***' AIRFLOW_CTX_DAG_ID='stock_raw_aapl' AIRFLOW_CTX_TASK_ID='download_and_load_raw' AIRFLOW_CTX_EXECUTION_DATE='2025-07-05T00:00:00+00:00' AIRFLOW_CTX_TRY_NUMBER='1' AIRFLOW_CTX_DAG_RUN_ID='scheduled__2025-07-05T00:00:00+00:00'
[2026-02-09T10:38:01.692+0000] {taskinstance.py:430} INFO - ::endgroup::
[2026-02-09T10:38:01.707+0000] {logging_mixin.py:188} INFO - [RAW] Download AAPL [1d] 2025-07-05..2025-07-06
[2026-02-09T10:38:01.709+0000] {logging_mixin.py:188} WARNING - /opt/***/dags/stocks_dwh/raw/stocks_raw_dags.py:38 FutureWarning: YF.download() has changed argument auto_adjust default to True
[2026-02-09T10:38:01.718+0000] {logging_mixin.py:188} WARNING - /home/***/.local/lib/python3.12/site-packages/yfinance/scrapers/history.py:204 Pandas4Warning: Timestamp.utcnow is deprecated and will be removed in a future version. Use Timestamp.now('UTC') instead.
[2026-02-09T10:38:02.340+0000] {multi.py:185} ERROR - 
1 Failed download:
[2026-02-09T10:38:02.341+0000] {multi.py:198} ERROR - ['AAPL']: YFPricesMissingError('possibly delisted; no price data found  (1d 2025-07-05 -> 2025-07-06)')
[2026-02-09T10:38:02.355+0000] {logging_mixin.py:188} INFO - [RAW] No data from yfinance
[2026-02-09T10:38:02.356+0000] {python.py:237} INFO - Done. Returned value was: None
[2026-02-09T10:38:02.356+0000] {taskinstance.py:441} INFO - ::group::Post task execution logs
[2026-02-09T10:38:02.366+0000] {taskinstance.py:1206} INFO - Marking task as SUCCESS. dag_id=stock_raw_aapl, task_id=download_and_load_raw, run_id=scheduled__2025-07-05T00:00:00+00:00, execution_date=20250705T000000, start_date=20260209T103801, end_date=20260209T103802
[2026-02-09T10:38:02.396+0000] {local_task_job_runner.py:243} INFO - Task exited with return code 0
[2026-02-09T10:38:02.412+0000] {taskinstance.py:3503} INFO - 0 downstream tasks scheduled from follow-on schedule check
[2026-02-09T10:38:02.413+0000] {local_task_job_runner.py:222} INFO - ::endgroup::
[2026-02-09T12:39:49.246+0000] {local_task_job_runner.py:120} INFO - ::group::Pre task execution logs
[2026-02-09T12:39:49.273+0000] {taskinstance.py:2076} INFO - Dependencies all met for dep_context=non-requeueable deps ti=<TaskInstance: stock_raw_aapl.download_and_load_raw scheduled__2025-07-05T00:00:00+00:00 [queued]>
[2026-02-09T12:39:49.280+0000] {taskinstance.py:2076} INFO - Dependencies all met for dep_context=requeueable deps ti=<TaskInstance: stock_raw_aapl.download_and_load_raw scheduled__2025-07-05T00:00:00+00:00 [queued]>
[2026-02-09T12:39:49.280+0000] {taskinstance.py:2306} INFO - Starting attempt 1 of 1
[2026-02-09T12:39:49.292+0000] {taskinstance.py:2330} INFO - Executing <Task(PythonOperator): download_and_load_raw> on 2025-07-05 00:00:00+00:00
[2026-02-09T12:39:49.304+0000] {logging_mixin.py:188} WARNING - /home/***/.local/lib/python3.12/site-packages/***/task/task_runner/standard_task_runner.py:62 DeprecationWarning: This process (pid=18051) is multi-threaded, use of fork() may lead to deadlocks in the child.
[2026-02-09T12:39:49.306+0000] {standard_task_runner.py:64} INFO - Started process 18053 to run task
[2026-02-09T12:39:49.305+0000] {standard_task_runner.py:90} INFO - Running: ['***', 'tasks', 'run', 'stock_raw_aapl', 'download_and_load_raw', 'scheduled__2025-07-05T00:00:00+00:00', '--job-id', '7743', '--raw', '--subdir', 'DAGS_FOLDER/stocks_dwh/raw/stocks_raw_dags.py', '--cfg-path', '/tmp/tmp5cm_y7hh']
[2026-02-09T12:39:49.308+0000] {standard_task_runner.py:91} INFO - Job 7743: Subtask download_and_load_raw
[2026-02-09T12:39:49.367+0000] {task_command.py:426} INFO - Running <TaskInstance: stock_raw_aapl.download_and_load_raw scheduled__2025-07-05T00:00:00+00:00 [running]> on host 4886d37bc122
[2026-02-09T12:39:49.454+0000] {taskinstance.py:2648} INFO - Exporting env vars: AIRFLOW_CTX_DAG_OWNER='***' AIRFLOW_CTX_DAG_ID='stock_raw_aapl' AIRFLOW_CTX_TASK_ID='download_and_load_raw' AIRFLOW_CTX_EXECUTION_DATE='2025-07-05T00:00:00+00:00' AIRFLOW_CTX_TRY_NUMBER='1' AIRFLOW_CTX_DAG_RUN_ID='scheduled__2025-07-05T00:00:00+00:00'
[2026-02-09T12:39:49.456+0000] {taskinstance.py:430} INFO - ::endgroup::
[2026-02-09T12:39:49.465+0000] {stocks_raw_dags.py:37} INFO - 2025-07-05 00:00:00+00:00, 2025-07-06 00:00:00+00:00
[2026-02-09T12:39:49.466+0000] {logging_mixin.py:188} INFO - [RAW] Download AAPL [1d] 2025-07-04..2025-07-06
[2026-02-09T12:39:49.468+0000] {logging_mixin.py:188} WARNING - /opt/***/dags/stocks_dwh/raw/stocks_raw_dags.py:42 FutureWarning: YF.download() has changed argument auto_adjust default to True
[2026-02-09T12:39:49.476+0000] {logging_mixin.py:188} WARNING - /home/***/.local/lib/python3.12/site-packages/yfinance/scrapers/history.py:204 Pandas4Warning: Timestamp.utcnow is deprecated and will be removed in a future version. Use Timestamp.now('UTC') instead.
[2026-02-09T12:39:50.018+0000] {logging_mixin.py:188} WARNING - [*********************100%***********************]  1 of 1 completed
[2026-02-09T12:39:50.019+0000] {multi.py:185} ERROR - 
1 Failed download:
[2026-02-09T12:39:50.020+0000] {multi.py:198} ERROR - ['AAPL']: YFPricesMissingError('possibly delisted; no price data found  (1d 2025-07-04 -> 2025-07-06)')
[2026-02-09T12:39:50.033+0000] {logging_mixin.py:188} INFO - [RAW] No data from yfinance
[2026-02-09T12:39:50.033+0000] {python.py:237} INFO - Done. Returned value was: None
[2026-02-09T12:39:50.034+0000] {taskinstance.py:441} INFO - ::group::Post task execution logs
[2026-02-09T12:39:50.043+0000] {taskinstance.py:1206} INFO - Marking task as SUCCESS. dag_id=stock_raw_aapl, task_id=download_and_load_raw, run_id=scheduled__2025-07-05T00:00:00+00:00, execution_date=20250705T000000, start_date=20260209T123949, end_date=20260209T123950
[2026-02-09T12:39:50.082+0000] {local_task_job_runner.py:243} INFO - Task exited with return code 0
[2026-02-09T12:39:50.098+0000] {taskinstance.py:3503} INFO - 0 downstream tasks scheduled from follow-on schedule check
[2026-02-09T12:39:50.101+0000] {local_task_job_runner.py:222} INFO - ::endgroup::
