[2026-02-09T10:48:27.714+0000] {local_task_job_runner.py:120} INFO - ::group::Pre task execution logs
[2026-02-09T10:48:27.745+0000] {taskinstance.py:2076} INFO - Dependencies all met for dep_context=non-requeueable deps ti=<TaskInstance: stock_raw_msft.download_and_load_raw scheduled__2026-01-16T00:00:00+00:00 [queued]>
[2026-02-09T10:48:27.757+0000] {taskinstance.py:2076} INFO - Dependencies all met for dep_context=requeueable deps ti=<TaskInstance: stock_raw_msft.download_and_load_raw scheduled__2026-01-16T00:00:00+00:00 [queued]>
[2026-02-09T10:48:27.762+0000] {taskinstance.py:2306} INFO - Starting attempt 1 of 1
[2026-02-09T10:48:27.777+0000] {taskinstance.py:2330} INFO - Executing <Task(PythonOperator): download_and_load_raw> on 2026-01-16 00:00:00+00:00
[2026-02-09T10:48:27.790+0000] {logging_mixin.py:188} WARNING - /home/***/.local/lib/python3.12/site-packages/***/task/task_runner/standard_task_runner.py:62 DeprecationWarning: This process (pid=10482) is multi-threaded, use of fork() may lead to deadlocks in the child.
[2026-02-09T10:48:27.793+0000] {standard_task_runner.py:64} INFO - Started process 10490 to run task
[2026-02-09T10:48:27.791+0000] {standard_task_runner.py:90} INFO - Running: ['***', 'tasks', 'run', 'stock_raw_msft', 'download_and_load_raw', 'scheduled__2026-01-16T00:00:00+00:00', '--job-id', '6520', '--raw', '--subdir', 'DAGS_FOLDER/stocks_dwh/raw/stocks_raw_dags.py', '--cfg-path', '/tmp/tmpfof61q8x']
[2026-02-09T10:48:27.794+0000] {standard_task_runner.py:91} INFO - Job 6520: Subtask download_and_load_raw
[2026-02-09T10:48:27.861+0000] {task_command.py:426} INFO - Running <TaskInstance: stock_raw_msft.download_and_load_raw scheduled__2026-01-16T00:00:00+00:00 [running]> on host 4886d37bc122
[2026-02-09T10:48:27.962+0000] {taskinstance.py:2648} INFO - Exporting env vars: AIRFLOW_CTX_DAG_OWNER='***' AIRFLOW_CTX_DAG_ID='stock_raw_msft' AIRFLOW_CTX_TASK_ID='download_and_load_raw' AIRFLOW_CTX_EXECUTION_DATE='2026-01-16T00:00:00+00:00' AIRFLOW_CTX_TRY_NUMBER='1' AIRFLOW_CTX_DAG_RUN_ID='scheduled__2026-01-16T00:00:00+00:00'
[2026-02-09T10:48:27.966+0000] {taskinstance.py:430} INFO - ::endgroup::
[2026-02-09T10:48:27.978+0000] {logging_mixin.py:188} INFO - [RAW] Download MSFT [1d] 2026-01-16..2026-01-17
[2026-02-09T10:48:27.981+0000] {logging_mixin.py:188} WARNING - /opt/***/dags/stocks_dwh/raw/stocks_raw_dags.py:38 FutureWarning: YF.download() has changed argument auto_adjust default to True
[2026-02-09T10:48:27.993+0000] {logging_mixin.py:188} WARNING - /home/***/.local/lib/python3.12/site-packages/yfinance/scrapers/history.py:204 Pandas4Warning: Timestamp.utcnow is deprecated and will be removed in a future version. Use Timestamp.now('UTC') instead.
[2026-02-09T10:48:28.568+0000] {taskinstance.py:441} INFO - ::group::Post task execution logs
[2026-02-09T10:48:28.569+0000] {taskinstance.py:2905} ERROR - Task failed with exception
Traceback (most recent call last):
  File "/home/airflow/.local/lib/python3.12/site-packages/airflow/models/taskinstance.py", line 465, in _execute_task
    result = _execute_callable(context=context, **execute_callable_kwargs)
             ^^^^^^^^^^^^^^^^^^^^^^^^^^^^^^^^^^^^^^^^^^^^^^^^^^^^^^^^^^^^^
  File "/home/airflow/.local/lib/python3.12/site-packages/airflow/models/taskinstance.py", line 432, in _execute_callable
    return execute_callable(context=context, **execute_callable_kwargs)
           ^^^^^^^^^^^^^^^^^^^^^^^^^^^^^^^^^^^^^^^^^^^^^^^^^^^^^^^^^^^^
  File "/home/airflow/.local/lib/python3.12/site-packages/airflow/models/baseoperator.py", line 401, in wrapper
    return func(self, *args, **kwargs)
           ^^^^^^^^^^^^^^^^^^^^^^^^^^^
  File "/home/airflow/.local/lib/python3.12/site-packages/airflow/operators/python.py", line 235, in execute
    return_value = self.execute_callable()
                   ^^^^^^^^^^^^^^^^^^^^^^^
  File "/home/airflow/.local/lib/python3.12/site-packages/airflow/operators/python.py", line 252, in execute_callable
    return self.python_callable(*self.op_args, **self.op_kwargs)
           ^^^^^^^^^^^^^^^^^^^^^^^^^^^^^^^^^^^^^^^^^^^^^^^^^^^^^
  File "/opt/airflow/dags/stocks_dwh/raw/stocks_raw_dags.py", line 86, in download_and_load_raw
    df["volume"] = pd.to_numeric(df["volume"], errors="coerce").fillna(0).astype("int64")
                   ^^^^^^^^^^^^^^^^^^^^^^^^^^^^^^^^^^^^^^^^^^^^
  File "/home/airflow/.local/lib/python3.12/site-packages/pandas/core/tools/numeric.py", line 212, in to_numeric
    raise TypeError("arg must be a list, tuple, 1-d array, or Series")
TypeError: arg must be a list, tuple, 1-d array, or Series
[2026-02-09T10:48:28.586+0000] {taskinstance.py:1206} INFO - Marking task as FAILED. dag_id=stock_raw_msft, task_id=download_and_load_raw, run_id=scheduled__2026-01-16T00:00:00+00:00, execution_date=20260116T000000, start_date=20260209T104827, end_date=20260209T104828
[2026-02-09T10:48:28.599+0000] {standard_task_runner.py:110} ERROR - Failed to execute job 6520 for task download_and_load_raw (arg must be a list, tuple, 1-d array, or Series; 10490)
[2026-02-09T10:48:28.649+0000] {local_task_job_runner.py:243} INFO - Task exited with return code 1
[2026-02-09T10:48:28.668+0000] {taskinstance.py:3503} INFO - 0 downstream tasks scheduled from follow-on schedule check
[2026-02-09T10:48:28.670+0000] {local_task_job_runner.py:222} INFO - ::endgroup::
