[2026-02-09T10:12:01.946+0000] {local_task_job_runner.py:120} INFO - ::group::Pre task execution logs
[2026-02-09T10:12:01.974+0000] {taskinstance.py:2076} INFO - Dependencies all met for dep_context=non-requeueable deps ti=<TaskInstance: stock_raw_aapl.download_and_load_raw scheduled__2024-04-18T00:00:00+00:00 [queued]>
[2026-02-09T10:12:01.981+0000] {taskinstance.py:2076} INFO - Dependencies all met for dep_context=requeueable deps ti=<TaskInstance: stock_raw_aapl.download_and_load_raw scheduled__2024-04-18T00:00:00+00:00 [queued]>
[2026-02-09T10:12:01.982+0000] {taskinstance.py:2306} INFO - Starting attempt 1 of 1
[2026-02-09T10:12:01.995+0000] {taskinstance.py:2330} INFO - Executing <Task(PythonOperator): download_and_load_raw> on 2024-04-18 00:00:00+00:00
[2026-02-09T10:12:02.009+0000] {logging_mixin.py:188} WARNING - /home/***/.local/lib/python3.12/site-packages/***/task/task_runner/standard_task_runner.py:62 DeprecationWarning: This process (pid=3274) is multi-threaded, use of fork() may lead to deadlocks in the child.
[2026-02-09T10:12:02.011+0000] {standard_task_runner.py:64} INFO - Started process 3282 to run task
[2026-02-09T10:12:02.011+0000] {standard_task_runner.py:90} INFO - Running: ['***', 'tasks', 'run', 'stock_raw_aapl', 'download_and_load_raw', 'scheduled__2024-04-18T00:00:00+00:00', '--job-id', '3365', '--raw', '--subdir', 'DAGS_FOLDER/stocks_dwh/raw/stocks_raw_dags.py', '--cfg-path', '/tmp/tmp0nf2ecj5']
[2026-02-09T10:12:02.014+0000] {standard_task_runner.py:91} INFO - Job 3365: Subtask download_and_load_raw
[2026-02-09T10:12:02.078+0000] {task_command.py:426} INFO - Running <TaskInstance: stock_raw_aapl.download_and_load_raw scheduled__2024-04-18T00:00:00+00:00 [running]> on host b6b9e92e7d61
[2026-02-09T10:12:02.185+0000] {taskinstance.py:2648} INFO - Exporting env vars: AIRFLOW_CTX_DAG_OWNER='***' AIRFLOW_CTX_DAG_ID='stock_raw_aapl' AIRFLOW_CTX_TASK_ID='download_and_load_raw' AIRFLOW_CTX_EXECUTION_DATE='2024-04-18T00:00:00+00:00' AIRFLOW_CTX_TRY_NUMBER='1' AIRFLOW_CTX_DAG_RUN_ID='scheduled__2024-04-18T00:00:00+00:00'
[2026-02-09T10:12:02.187+0000] {taskinstance.py:430} INFO - ::endgroup::
[2026-02-09T10:12:02.201+0000] {logging_mixin.py:188} INFO - [RAW] Download AAPL [1d] 2024-04-18..2024-04-19
[2026-02-09T10:12:02.203+0000] {logging_mixin.py:188} WARNING - /opt/***/dags/stocks_dwh/raw/stocks_raw_dags.py:38 FutureWarning: YF.download() has changed argument auto_adjust default to True
[2026-02-09T10:12:02.255+0000] {logging_mixin.py:188} WARNING - /home/***/.local/lib/python3.12/site-packages/yfinance/scrapers/history.py:204 Pandas4Warning: Timestamp.utcnow is deprecated and will be removed in a future version. Use Timestamp.now('UTC') instead.
[2026-02-09T10:12:02.795+0000] {taskinstance.py:441} INFO - ::group::Post task execution logs
[2026-02-09T10:12:02.795+0000] {taskinstance.py:2905} ERROR - Task failed with exception
Traceback (most recent call last):
  File "/home/airflow/.local/lib/python3.12/site-packages/airflow/models/taskinstance.py", line 465, in _execute_task
    result = _execute_callable(context=context, **execute_callable_kwargs)
             ^^^^^^^^^^^^^^^^^^^^^^^^^^^^^^^^^^^^^^^^^^^^^^^^^^^^^^^^^^^^^
  File "/home/airflow/.local/lib/python3.12/site-packages/airflow/models/taskinstance.py", line 432, in _execute_callable
    return execute_callable(context=context, **execute_callable_kwargs)
           ^^^^^^^^^^^^^^^^^^^^^^^^^^^^^^^^^^^^^^^^^^^^^^^^^^^^^^^^^^^^
  File "/home/airflow/.local/lib/python3.12/site-packages/airflow/models/baseoperator.py", line 401, in wrapper
    return func(self, *args, **kwargs)
           ^^^^^^^^^^^^^^^^^^^^^^^^^^^
  File "/home/airflow/.local/lib/python3.12/site-packages/airflow/operators/python.py", line 235, in execute
    return_value = self.execute_callable()
                   ^^^^^^^^^^^^^^^^^^^^^^^
  File "/home/airflow/.local/lib/python3.12/site-packages/airflow/operators/python.py", line 252, in execute_callable
    return self.python_callable(*self.op_args, **self.op_kwargs)
           ^^^^^^^^^^^^^^^^^^^^^^^^^^^^^^^^^^^^^^^^^^^^^^^^^^^^^
  File "/opt/airflow/dags/stocks_dwh/raw/stocks_raw_dags.py", line 86, in download_and_load_raw
    df["volume"] = pd.to_numeric(df["volume"], errors="coerce").fillna(0).astype("int64")
                   ^^^^^^^^^^^^^^^^^^^^^^^^^^^^^^^^^^^^^^^^^^^^
  File "/home/airflow/.local/lib/python3.12/site-packages/pandas/core/tools/numeric.py", line 212, in to_numeric
    raise TypeError("arg must be a list, tuple, 1-d array, or Series")
TypeError: arg must be a list, tuple, 1-d array, or Series
[2026-02-09T10:12:02.818+0000] {taskinstance.py:1206} INFO - Marking task as FAILED. dag_id=stock_raw_aapl, task_id=download_and_load_raw, run_id=scheduled__2024-04-18T00:00:00+00:00, execution_date=20240418T000000, start_date=20260209T101201, end_date=20260209T101202
[2026-02-09T10:12:02.831+0000] {standard_task_runner.py:110} ERROR - Failed to execute job 3365 for task download_and_load_raw (arg must be a list, tuple, 1-d array, or Series; 3282)
[2026-02-09T10:12:02.867+0000] {local_task_job_runner.py:243} INFO - Task exited with return code 1
[2026-02-09T10:12:02.884+0000] {taskinstance.py:3503} INFO - 0 downstream tasks scheduled from follow-on schedule check
[2026-02-09T10:12:02.886+0000] {local_task_job_runner.py:222} INFO - ::endgroup::
[2026-02-09T12:15:51.610+0000] {local_task_job_runner.py:120} INFO - ::group::Pre task execution logs
[2026-02-09T12:15:51.640+0000] {taskinstance.py:2076} INFO - Dependencies all met for dep_context=non-requeueable deps ti=<TaskInstance: stock_raw_aapl.download_and_load_raw scheduled__2024-04-18T00:00:00+00:00 [queued]>
[2026-02-09T12:15:51.649+0000] {taskinstance.py:2076} INFO - Dependencies all met for dep_context=requeueable deps ti=<TaskInstance: stock_raw_aapl.download_and_load_raw scheduled__2024-04-18T00:00:00+00:00 [queued]>
[2026-02-09T12:15:51.650+0000] {taskinstance.py:2306} INFO - Starting attempt 1 of 1
[2026-02-09T12:15:51.661+0000] {taskinstance.py:2330} INFO - Executing <Task(PythonOperator): download_and_load_raw> on 2024-04-18 00:00:00+00:00
[2026-02-09T12:15:51.672+0000] {logging_mixin.py:188} WARNING - /home/***/.local/lib/python3.12/site-packages/***/task/task_runner/standard_task_runner.py:62 DeprecationWarning: This process (pid=14380) is multi-threaded, use of fork() may lead to deadlocks in the child.
[2026-02-09T12:15:51.674+0000] {standard_task_runner.py:64} INFO - Started process 14383 to run task
[2026-02-09T12:15:51.673+0000] {standard_task_runner.py:90} INFO - Running: ['***', 'tasks', 'run', 'stock_raw_aapl', 'download_and_load_raw', 'scheduled__2024-04-18T00:00:00+00:00', '--job-id', '6968', '--raw', '--subdir', 'DAGS_FOLDER/stocks_dwh/raw/stocks_raw_dags.py', '--cfg-path', '/tmp/tmpefzztjeh']
[2026-02-09T12:15:51.675+0000] {standard_task_runner.py:91} INFO - Job 6968: Subtask download_and_load_raw
[2026-02-09T12:15:51.744+0000] {task_command.py:426} INFO - Running <TaskInstance: stock_raw_aapl.download_and_load_raw scheduled__2024-04-18T00:00:00+00:00 [running]> on host 4886d37bc122
[2026-02-09T12:15:51.833+0000] {taskinstance.py:2648} INFO - Exporting env vars: AIRFLOW_CTX_DAG_OWNER='***' AIRFLOW_CTX_DAG_ID='stock_raw_aapl' AIRFLOW_CTX_TASK_ID='download_and_load_raw' AIRFLOW_CTX_EXECUTION_DATE='2024-04-18T00:00:00+00:00' AIRFLOW_CTX_TRY_NUMBER='1' AIRFLOW_CTX_DAG_RUN_ID='scheduled__2024-04-18T00:00:00+00:00'
[2026-02-09T12:15:51.834+0000] {taskinstance.py:430} INFO - ::endgroup::
[2026-02-09T12:15:51.847+0000] {stocks_raw_dags.py:37} INFO - 2024-04-18 00:00:00+00:00, 2024-04-19 00:00:00+00:00
[2026-02-09T12:15:51.848+0000] {logging_mixin.py:188} INFO - [RAW] Download AAPL [1d] 2024-04-17..2024-04-19
[2026-02-09T12:15:51.851+0000] {logging_mixin.py:188} WARNING - /opt/***/dags/stocks_dwh/raw/stocks_raw_dags.py:42 FutureWarning: YF.download() has changed argument auto_adjust default to True
[2026-02-09T12:15:51.861+0000] {logging_mixin.py:188} WARNING - /home/***/.local/lib/python3.12/site-packages/yfinance/scrapers/history.py:204 Pandas4Warning: Timestamp.utcnow is deprecated and will be removed in a future version. Use Timestamp.now('UTC') instead.
[2026-02-09T12:15:52.394+0000] {logging_mixin.py:188} WARNING - [*********************100%***********************]  1 of 1 completed
[2026-02-09T12:15:52.462+0000] {base.py:84} INFO - Using connection ID 'dwh_clickhouse' for task execution.
[2026-02-09T12:15:52.492+0000] {logging_mixin.py:188} INFO - [RAW] Deleted existing rows for AAPL in 2024-04-17..2024-04-19
[2026-02-09T12:15:52.510+0000] {logging_mixin.py:188} INFO - [RAW] Inserted 2 rows into dwh.raw_stock_prices
[2026-02-09T12:15:52.511+0000] {python.py:237} INFO - Done. Returned value was: None
[2026-02-09T12:15:52.513+0000] {taskinstance.py:441} INFO - ::group::Post task execution logs
[2026-02-09T12:15:52.528+0000] {taskinstance.py:1206} INFO - Marking task as SUCCESS. dag_id=stock_raw_aapl, task_id=download_and_load_raw, run_id=scheduled__2024-04-18T00:00:00+00:00, execution_date=20240418T000000, start_date=20260209T121551, end_date=20260209T121552
[2026-02-09T12:15:52.611+0000] {local_task_job_runner.py:243} INFO - Task exited with return code 0
[2026-02-09T12:15:52.634+0000] {taskinstance.py:3503} INFO - 0 downstream tasks scheduled from follow-on schedule check
[2026-02-09T12:15:52.636+0000] {local_task_job_runner.py:222} INFO - ::endgroup::
