[2026-02-07T14:28:19.544+0000] {local_task_job_runner.py:120} INFO - ::group::Pre task execution logs
[2026-02-07T14:28:19.591+0000] {taskinstance.py:2076} INFO - Dependencies all met for dep_context=non-requeueable deps ti=<TaskInstance: stock_nvda.download scheduled__2024-07-06T00:00:00+00:00 [queued]>
[2026-02-07T14:28:19.605+0000] {taskinstance.py:2076} INFO - Dependencies all met for dep_context=requeueable deps ti=<TaskInstance: stock_nvda.download scheduled__2024-07-06T00:00:00+00:00 [queued]>
[2026-02-07T14:28:19.606+0000] {taskinstance.py:2306} INFO - Starting attempt 1 of 1
[2026-02-07T14:28:19.626+0000] {taskinstance.py:2330} INFO - Executing <Task(PythonOperator): download> on 2024-07-06 00:00:00+00:00
[2026-02-07T14:28:19.647+0000] {standard_task_runner.py:90} INFO - Running: ['***', 'tasks', 'run', 'stock_nvda', 'download', 'scheduled__2024-07-06T00:00:00+00:00', '--job-id', '786', '--raw', '--subdir', 'DAGS_FOLDER/stocks_dags.py', '--cfg-path', '/tmp/tmp435v2x3m']
[2026-02-07T14:28:19.648+0000] {logging_mixin.py:188} WARNING - /home/***/.local/lib/python3.12/site-packages/***/task/task_runner/standard_task_runner.py:62 DeprecationWarning: This process (pid=3814) is multi-threaded, use of fork() may lead to deadlocks in the child.
[2026-02-07T14:28:19.650+0000] {standard_task_runner.py:91} INFO - Job 786: Subtask download
[2026-02-07T14:28:19.651+0000] {standard_task_runner.py:64} INFO - Started process 3823 to run task
[2026-02-07T14:28:19.735+0000] {task_command.py:426} INFO - Running <TaskInstance: stock_nvda.download scheduled__2024-07-06T00:00:00+00:00 [running]> on host 5adf8c44a70f
[2026-02-07T14:28:19.849+0000] {taskinstance.py:2648} INFO - Exporting env vars: AIRFLOW_CTX_DAG_OWNER='***' AIRFLOW_CTX_DAG_ID='stock_nvda' AIRFLOW_CTX_TASK_ID='download' AIRFLOW_CTX_EXECUTION_DATE='2024-07-06T00:00:00+00:00' AIRFLOW_CTX_TRY_NUMBER='1' AIRFLOW_CTX_DAG_RUN_ID='scheduled__2024-07-06T00:00:00+00:00'
[2026-02-07T14:28:19.850+0000] {taskinstance.py:430} INFO - ::endgroup::
[2026-02-07T14:28:19.867+0000] {logging_mixin.py:188} INFO - Downloading NVDA from 2024-07-06 to 2024-07-07
[2026-02-07T14:28:19.870+0000] {logging_mixin.py:188} WARNING - /opt/***/dags/stocks_dags.py:22 FutureWarning: YF.download() has changed argument auto_adjust default to True
[2026-02-07T14:28:19.881+0000] {logging_mixin.py:188} WARNING - /home/***/.local/lib/python3.12/site-packages/yfinance/scrapers/history.py:204 Pandas4Warning: Timestamp.utcnow is deprecated and will be removed in a future version. Use Timestamp.now('UTC') instead.
[2026-02-07T14:28:20.552+0000] {multi.py:185} ERROR - 
1 Failed download:
[2026-02-07T14:28:20.554+0000] {multi.py:198} ERROR - ['NVDA']: YFPricesMissingError('possibly delisted; no price data found  (1d 2024-07-06 -> 2024-07-07)')
[2026-02-07T14:28:20.573+0000] {logging_mixin.py:188} INFO - No data
[2026-02-07T14:28:20.574+0000] {python.py:237} INFO - Done. Returned value was: None
[2026-02-07T14:28:20.574+0000] {taskinstance.py:441} INFO - ::group::Post task execution logs
[2026-02-07T14:28:20.586+0000] {taskinstance.py:1206} INFO - Marking task as SUCCESS. dag_id=stock_nvda, task_id=download, run_id=scheduled__2024-07-06T00:00:00+00:00, execution_date=20240706T000000, start_date=20260207T142819, end_date=20260207T142820
[2026-02-07T14:28:20.629+0000] {local_task_job_runner.py:243} INFO - Task exited with return code 0
[2026-02-07T14:28:20.649+0000] {taskinstance.py:3503} INFO - 0 downstream tasks scheduled from follow-on schedule check
[2026-02-07T14:28:20.653+0000] {local_task_job_runner.py:222} INFO - ::endgroup::
