[2026-02-07T15:01:51.310+0000] {local_task_job_runner.py:120} INFO - ::group::Pre task execution logs
[2026-02-07T15:01:51.338+0000] {taskinstance.py:2076} INFO - Dependencies all met for dep_context=non-requeueable deps ti=<TaskInstance: stock_moex.sber.download scheduled__2024-04-27T00:00:00+00:00 [queued]>
[2026-02-07T15:01:51.346+0000] {taskinstance.py:2076} INFO - Dependencies all met for dep_context=requeueable deps ti=<TaskInstance: stock_moex.sber.download scheduled__2024-04-27T00:00:00+00:00 [queued]>
[2026-02-07T15:01:51.347+0000] {taskinstance.py:2306} INFO - Starting attempt 1 of 1
[2026-02-07T15:01:51.359+0000] {taskinstance.py:2330} INFO - Executing <Task(PythonOperator): download> on 2024-04-27 00:00:00+00:00
[2026-02-07T15:01:51.371+0000] {logging_mixin.py:188} WARNING - /home/***/.local/lib/python3.12/site-packages/***/task/task_runner/standard_task_runner.py:62 DeprecationWarning: This process (pid=1081) is multi-threaded, use of fork() may lead to deadlocks in the child.
[2026-02-07T15:01:51.370+0000] {standard_task_runner.py:90} INFO - Running: ['***', 'tasks', 'run', 'stock_moex.sber', 'download', 'scheduled__2024-04-27T00:00:00+00:00', '--job-id', '2157', '--raw', '--subdir', 'DAGS_FOLDER/downlad_tickers/stocks_dags.py', '--cfg-path', '/tmp/tmpnkl8kz83']
[2026-02-07T15:01:51.372+0000] {standard_task_runner.py:64} INFO - Started process 1083 to run task
[2026-02-07T15:01:51.372+0000] {standard_task_runner.py:91} INFO - Job 2157: Subtask download
[2026-02-07T15:01:51.434+0000] {task_command.py:426} INFO - Running <TaskInstance: stock_moex.sber.download scheduled__2024-04-27T00:00:00+00:00 [running]> on host 5adf8c44a70f
[2026-02-07T15:01:51.522+0000] {taskinstance.py:2648} INFO - Exporting env vars: AIRFLOW_CTX_DAG_OWNER='***' AIRFLOW_CTX_DAG_ID='stock_moex.sber' AIRFLOW_CTX_TASK_ID='download' AIRFLOW_CTX_EXECUTION_DATE='2024-04-27T00:00:00+00:00' AIRFLOW_CTX_TRY_NUMBER='1' AIRFLOW_CTX_DAG_RUN_ID='scheduled__2024-04-27T00:00:00+00:00'
[2026-02-07T15:01:51.524+0000] {taskinstance.py:430} INFO - ::endgroup::
[2026-02-07T15:01:51.536+0000] {logging_mixin.py:188} INFO - Downloading MOEX.SBER from 2024-04-27 to 2024-04-28
[2026-02-07T15:01:51.539+0000] {logging_mixin.py:188} WARNING - /opt/***/dags/downlad_tickers/stocks_dags.py:22 FutureWarning: YF.download() has changed argument auto_adjust default to True
[2026-02-07T15:01:52.652+0000] {quote.py:592} ERROR - HTTP Error 404: {"quoteSummary":{"result":null,"error":{"code":"Not Found","description":"Quote not found for symbol: MOEX.SBER"}}}
[2026-02-07T15:01:52.704+0000] {logging_mixin.py:188} WARNING - /home/***/.local/lib/python3.12/site-packages/yfinance/scrapers/quote.py:700 Pandas4Warning: Timestamp.utcnow is deprecated and will be removed in a future version. Use Timestamp.now('UTC') instead.
[2026-02-07T15:01:52.707+0000] {logging_mixin.py:188} WARNING - /home/***/.local/lib/python3.12/site-packages/yfinance/scrapers/quote.py:702 Pandas4Warning: Timestamp.utcnow is deprecated and will be removed in a future version. Use Timestamp.now('UTC') instead.
[2026-02-07T15:01:52.769+0000] {multi.py:185} ERROR - 
1 Failed download:
[2026-02-07T15:01:52.770+0000] {multi.py:198} ERROR - ['MOEX.SBER']: YFTzMissingError('possibly delisted; no timezone found')
[2026-02-07T15:01:52.784+0000] {logging_mixin.py:188} INFO - No data
[2026-02-07T15:01:52.785+0000] {python.py:237} INFO - Done. Returned value was: None
[2026-02-07T15:01:52.785+0000] {taskinstance.py:441} INFO - ::group::Post task execution logs
[2026-02-07T15:01:52.796+0000] {taskinstance.py:1206} INFO - Marking task as SUCCESS. dag_id=stock_moex.sber, task_id=download, run_id=scheduled__2024-04-27T00:00:00+00:00, execution_date=20240427T000000, start_date=20260207T150151, end_date=20260207T150152
[2026-02-07T15:01:52.831+0000] {local_task_job_runner.py:243} INFO - Task exited with return code 0
[2026-02-07T15:01:52.851+0000] {taskinstance.py:3503} INFO - 0 downstream tasks scheduled from follow-on schedule check
[2026-02-07T15:01:52.852+0000] {local_task_job_runner.py:222} INFO - ::endgroup::
