[2026-02-07T14:35:04.688+0000] {local_task_job_runner.py:120} INFO - ::group::Pre task execution logs
[2026-02-07T14:35:04.730+0000] {taskinstance.py:2076} INFO - Dependencies all met for dep_context=non-requeueable deps ti=<TaskInstance: stock_aapl.download scheduled__2024-11-02T00:00:00+00:00 [queued]>
[2026-02-07T14:35:04.746+0000] {taskinstance.py:2076} INFO - Dependencies all met for dep_context=requeueable deps ti=<TaskInstance: stock_aapl.download scheduled__2024-11-02T00:00:00+00:00 [queued]>
[2026-02-07T14:35:04.747+0000] {taskinstance.py:2306} INFO - Starting attempt 1 of 1
[2026-02-07T14:35:04.769+0000] {taskinstance.py:2330} INFO - Executing <Task(PythonOperator): download> on 2024-11-02 00:00:00+00:00
[2026-02-07T14:35:04.786+0000] {logging_mixin.py:188} WARNING - /home/***/.local/lib/python3.12/site-packages/***/task/task_runner/standard_task_runner.py:62 DeprecationWarning: This process (pid=5947) is multi-threaded, use of fork() may lead to deadlocks in the child.
[2026-02-07T14:35:04.790+0000] {standard_task_runner.py:64} INFO - Started process 5958 to run task
[2026-02-07T14:35:04.786+0000] {standard_task_runner.py:90} INFO - Running: ['***', 'tasks', 'run', 'stock_aapl', 'download', 'scheduled__2024-11-02T00:00:00+00:00', '--job-id', '1265', '--raw', '--subdir', 'DAGS_FOLDER/stocks_dags.py', '--cfg-path', '/tmp/tmp2v8y9b2g']
[2026-02-07T14:35:04.791+0000] {standard_task_runner.py:91} INFO - Job 1265: Subtask download
[2026-02-07T14:35:04.885+0000] {task_command.py:426} INFO - Running <TaskInstance: stock_aapl.download scheduled__2024-11-02T00:00:00+00:00 [running]> on host 5adf8c44a70f
[2026-02-07T14:35:05.026+0000] {taskinstance.py:2648} INFO - Exporting env vars: AIRFLOW_CTX_DAG_OWNER='***' AIRFLOW_CTX_DAG_ID='stock_aapl' AIRFLOW_CTX_TASK_ID='download' AIRFLOW_CTX_EXECUTION_DATE='2024-11-02T00:00:00+00:00' AIRFLOW_CTX_TRY_NUMBER='1' AIRFLOW_CTX_DAG_RUN_ID='scheduled__2024-11-02T00:00:00+00:00'
[2026-02-07T14:35:05.029+0000] {taskinstance.py:430} INFO - ::endgroup::
[2026-02-07T14:35:05.043+0000] {logging_mixin.py:188} INFO - Downloading AAPL from 2024-11-02 to 2024-11-03
[2026-02-07T14:35:05.046+0000] {logging_mixin.py:188} WARNING - /opt/***/dags/stocks_dags.py:22 FutureWarning: YF.download() has changed argument auto_adjust default to True
[2026-02-07T14:35:05.059+0000] {logging_mixin.py:188} WARNING - /home/***/.local/lib/python3.12/site-packages/yfinance/scrapers/history.py:204 Pandas4Warning: Timestamp.utcnow is deprecated and will be removed in a future version. Use Timestamp.now('UTC') instead.
[2026-02-07T14:35:05.560+0000] {multi.py:185} ERROR - 
1 Failed download:
[2026-02-07T14:35:05.562+0000] {multi.py:198} ERROR - ['AAPL']: YFPricesMissingError('possibly delisted; no price data found  (1d 2024-11-02 -> 2024-11-03)')
[2026-02-07T14:35:05.586+0000] {logging_mixin.py:188} INFO - No data
[2026-02-07T14:35:05.587+0000] {python.py:237} INFO - Done. Returned value was: None
[2026-02-07T14:35:05.588+0000] {taskinstance.py:441} INFO - ::group::Post task execution logs
[2026-02-07T14:35:05.603+0000] {taskinstance.py:1206} INFO - Marking task as SUCCESS. dag_id=stock_aapl, task_id=download, run_id=scheduled__2024-11-02T00:00:00+00:00, execution_date=20241102T000000, start_date=20260207T143504, end_date=20260207T143505
[2026-02-07T14:35:05.647+0000] {local_task_job_runner.py:243} INFO - Task exited with return code 0
[2026-02-07T14:35:05.662+0000] {local_task_job_runner.py:222} INFO - ::endgroup::
