[2026-02-09T10:19:22.349+0000] {local_task_job_runner.py:120} INFO - ::group::Pre task execution logs
[2026-02-09T10:19:22.381+0000] {taskinstance.py:2076} INFO - Dependencies all met for dep_context=non-requeueable deps ti=<TaskInstance: stock_raw_moex_sber.download_and_load_raw scheduled__2024-08-17T00:00:00+00:00 [queued]>
[2026-02-09T10:19:22.389+0000] {taskinstance.py:2076} INFO - Dependencies all met for dep_context=requeueable deps ti=<TaskInstance: stock_raw_moex_sber.download_and_load_raw scheduled__2024-08-17T00:00:00+00:00 [queued]>
[2026-02-09T10:19:22.390+0000] {taskinstance.py:2306} INFO - Starting attempt 1 of 1
[2026-02-09T10:19:22.403+0000] {taskinstance.py:2330} INFO - Executing <Task(PythonOperator): download_and_load_raw> on 2024-08-17 00:00:00+00:00
[2026-02-09T10:19:22.415+0000] {logging_mixin.py:188} WARNING - /home/***/.local/lib/python3.12/site-packages/***/task/task_runner/standard_task_runner.py:62 DeprecationWarning: This process (pid=6166) is multi-threaded, use of fork() may lead to deadlocks in the child.
[2026-02-09T10:19:22.416+0000] {standard_task_runner.py:64} INFO - Started process 6172 to run task
[2026-02-09T10:19:22.415+0000] {standard_task_runner.py:90} INFO - Running: ['***', 'tasks', 'run', 'stock_raw_moex_sber', 'download_and_load_raw', 'scheduled__2024-08-17T00:00:00+00:00', '--job-id', '4046', '--raw', '--subdir', 'DAGS_FOLDER/stocks_dwh/raw/stocks_raw_dags.py', '--cfg-path', '/tmp/tmp045uo336']
[2026-02-09T10:19:22.419+0000] {standard_task_runner.py:91} INFO - Job 4046: Subtask download_and_load_raw
[2026-02-09T10:19:22.485+0000] {task_command.py:426} INFO - Running <TaskInstance: stock_raw_moex_sber.download_and_load_raw scheduled__2024-08-17T00:00:00+00:00 [running]> on host b6b9e92e7d61
[2026-02-09T10:19:22.579+0000] {taskinstance.py:2648} INFO - Exporting env vars: AIRFLOW_CTX_DAG_OWNER='***' AIRFLOW_CTX_DAG_ID='stock_raw_moex_sber' AIRFLOW_CTX_TASK_ID='download_and_load_raw' AIRFLOW_CTX_EXECUTION_DATE='2024-08-17T00:00:00+00:00' AIRFLOW_CTX_TRY_NUMBER='1' AIRFLOW_CTX_DAG_RUN_ID='scheduled__2024-08-17T00:00:00+00:00'
[2026-02-09T10:19:22.580+0000] {taskinstance.py:430} INFO - ::endgroup::
[2026-02-09T10:19:22.592+0000] {logging_mixin.py:188} INFO - [RAW] Download MOEX.SBER [1d] 2024-08-17..2024-08-18
[2026-02-09T10:19:22.594+0000] {logging_mixin.py:188} WARNING - /opt/***/dags/stocks_dwh/raw/stocks_raw_dags.py:38 FutureWarning: YF.download() has changed argument auto_adjust default to True
[2026-02-09T10:19:23.600+0000] {quote.py:592} ERROR - HTTP Error 404: {"quoteSummary":{"result":null,"error":{"code":"Not Found","description":"Quote not found for symbol: MOEX.SBER"}}}
[2026-02-09T10:19:23.650+0000] {logging_mixin.py:188} WARNING - /home/***/.local/lib/python3.12/site-packages/yfinance/scrapers/quote.py:700 Pandas4Warning: Timestamp.utcnow is deprecated and will be removed in a future version. Use Timestamp.now('UTC') instead.
[2026-02-09T10:19:23.652+0000] {logging_mixin.py:188} WARNING - /home/***/.local/lib/python3.12/site-packages/yfinance/scrapers/quote.py:702 Pandas4Warning: Timestamp.utcnow is deprecated and will be removed in a future version. Use Timestamp.now('UTC') instead.
[2026-02-09T10:19:23.700+0000] {multi.py:185} ERROR - 
1 Failed download:
[2026-02-09T10:19:23.700+0000] {multi.py:198} ERROR - ['MOEX.SBER']: YFTzMissingError('possibly delisted; no timezone found')
[2026-02-09T10:19:23.715+0000] {logging_mixin.py:188} INFO - [RAW] No data from yfinance
[2026-02-09T10:19:23.716+0000] {python.py:237} INFO - Done. Returned value was: None
[2026-02-09T10:19:23.716+0000] {taskinstance.py:441} INFO - ::group::Post task execution logs
[2026-02-09T10:19:23.726+0000] {taskinstance.py:1206} INFO - Marking task as SUCCESS. dag_id=stock_raw_moex_sber, task_id=download_and_load_raw, run_id=scheduled__2024-08-17T00:00:00+00:00, execution_date=20240817T000000, start_date=20260209T101922, end_date=20260209T101923
[2026-02-09T10:19:23.797+0000] {local_task_job_runner.py:243} INFO - Task exited with return code 0
[2026-02-09T10:19:23.808+0000] {local_task_job_runner.py:222} INFO - ::endgroup::
