[2026-02-09T10:44:07.551+0000] {local_task_job_runner.py:120} INFO - ::group::Pre task execution logs
[2026-02-09T10:44:07.596+0000] {taskinstance.py:2076} INFO - Dependencies all met for dep_context=non-requeueable deps ti=<TaskInstance: stock_raw_aapl.download_and_load_raw scheduled__2025-10-25T00:00:00+00:00 [queued]>
[2026-02-09T10:44:07.608+0000] {taskinstance.py:2076} INFO - Dependencies all met for dep_context=requeueable deps ti=<TaskInstance: stock_raw_aapl.download_and_load_raw scheduled__2025-10-25T00:00:00+00:00 [queued]>
[2026-02-09T10:44:07.609+0000] {taskinstance.py:2306} INFO - Starting attempt 1 of 1
[2026-02-09T10:44:07.625+0000] {taskinstance.py:2330} INFO - Executing <Task(PythonOperator): download_and_load_raw> on 2025-10-25 00:00:00+00:00
[2026-02-09T10:44:07.644+0000] {logging_mixin.py:188} WARNING - /home/***/.local/lib/python3.12/site-packages/***/task/task_runner/standard_task_runner.py:62 DeprecationWarning: This process (pid=8713) is multi-threaded, use of fork() may lead to deadlocks in the child.
[2026-02-09T10:44:07.643+0000] {standard_task_runner.py:90} INFO - Running: ['***', 'tasks', 'run', 'stock_raw_aapl', 'download_and_load_raw', 'scheduled__2025-10-25T00:00:00+00:00', '--job-id', '6106', '--raw', '--subdir', 'DAGS_FOLDER/stocks_dwh/raw/stocks_raw_dags.py', '--cfg-path', '/tmp/tmp6apihlpc']
[2026-02-09T10:44:07.646+0000] {standard_task_runner.py:64} INFO - Started process 8727 to run task
[2026-02-09T10:44:07.646+0000] {standard_task_runner.py:91} INFO - Job 6106: Subtask download_and_load_raw
[2026-02-09T10:44:07.739+0000] {task_command.py:426} INFO - Running <TaskInstance: stock_raw_aapl.download_and_load_raw scheduled__2025-10-25T00:00:00+00:00 [running]> on host 4886d37bc122
[2026-02-09T10:44:07.863+0000] {taskinstance.py:2648} INFO - Exporting env vars: AIRFLOW_CTX_DAG_OWNER='***' AIRFLOW_CTX_DAG_ID='stock_raw_aapl' AIRFLOW_CTX_TASK_ID='download_and_load_raw' AIRFLOW_CTX_EXECUTION_DATE='2025-10-25T00:00:00+00:00' AIRFLOW_CTX_TRY_NUMBER='1' AIRFLOW_CTX_DAG_RUN_ID='scheduled__2025-10-25T00:00:00+00:00'
[2026-02-09T10:44:07.865+0000] {taskinstance.py:430} INFO - ::endgroup::
[2026-02-09T10:44:07.881+0000] {logging_mixin.py:188} INFO - [RAW] Download AAPL [1d] 2025-10-25..2025-10-26
[2026-02-09T10:44:07.886+0000] {logging_mixin.py:188} WARNING - /opt/***/dags/stocks_dwh/raw/stocks_raw_dags.py:38 FutureWarning: YF.download() has changed argument auto_adjust default to True
[2026-02-09T10:44:07.898+0000] {logging_mixin.py:188} WARNING - /home/***/.local/lib/python3.12/site-packages/yfinance/scrapers/history.py:204 Pandas4Warning: Timestamp.utcnow is deprecated and will be removed in a future version. Use Timestamp.now('UTC') instead.
[2026-02-09T10:44:08.396+0000] {multi.py:185} ERROR - 
1 Failed download:
[2026-02-09T10:44:08.398+0000] {multi.py:198} ERROR - ['AAPL']: YFPricesMissingError('possibly delisted; no price data found  (1d 2025-10-25 -> 2025-10-26)')
[2026-02-09T10:44:08.427+0000] {logging_mixin.py:188} INFO - [RAW] No data from yfinance
[2026-02-09T10:44:08.428+0000] {python.py:237} INFO - Done. Returned value was: None
[2026-02-09T10:44:08.429+0000] {taskinstance.py:441} INFO - ::group::Post task execution logs
[2026-02-09T10:44:08.442+0000] {taskinstance.py:1206} INFO - Marking task as SUCCESS. dag_id=stock_raw_aapl, task_id=download_and_load_raw, run_id=scheduled__2025-10-25T00:00:00+00:00, execution_date=20251025T000000, start_date=20260209T104407, end_date=20260209T104408
[2026-02-09T10:44:08.502+0000] {local_task_job_runner.py:243} INFO - Task exited with return code 0
[2026-02-09T10:44:08.521+0000] {taskinstance.py:3503} INFO - 0 downstream tasks scheduled from follow-on schedule check
[2026-02-09T10:44:08.523+0000] {local_task_job_runner.py:222} INFO - ::endgroup::
[2026-02-09T12:45:42.883+0000] {local_task_job_runner.py:120} INFO - ::group::Pre task execution logs
[2026-02-09T12:45:42.914+0000] {taskinstance.py:2076} INFO - Dependencies all met for dep_context=non-requeueable deps ti=<TaskInstance: stock_raw_aapl.download_and_load_raw scheduled__2025-10-25T00:00:00+00:00 [queued]>
[2026-02-09T12:45:42.923+0000] {taskinstance.py:2076} INFO - Dependencies all met for dep_context=requeueable deps ti=<TaskInstance: stock_raw_aapl.download_and_load_raw scheduled__2025-10-25T00:00:00+00:00 [queued]>
[2026-02-09T12:45:42.924+0000] {taskinstance.py:2306} INFO - Starting attempt 1 of 1
[2026-02-09T12:45:42.940+0000] {taskinstance.py:2330} INFO - Executing <Task(PythonOperator): download_and_load_raw> on 2025-10-25 00:00:00+00:00
[2026-02-09T12:45:42.953+0000] {logging_mixin.py:188} WARNING - /home/***/.local/lib/python3.12/site-packages/***/task/task_runner/standard_task_runner.py:62 DeprecationWarning: This process (pid=18637) is multi-threaded, use of fork() may lead to deadlocks in the child.
[2026-02-09T12:45:42.954+0000] {standard_task_runner.py:64} INFO - Started process 18639 to run task
[2026-02-09T12:45:42.953+0000] {standard_task_runner.py:90} INFO - Running: ['***', 'tasks', 'run', 'stock_raw_aapl', 'download_and_load_raw', 'scheduled__2025-10-25T00:00:00+00:00', '--job-id', '7855', '--raw', '--subdir', 'DAGS_FOLDER/stocks_dwh/raw/stocks_raw_dags.py', '--cfg-path', '/tmp/tmpn62_gzyg']
[2026-02-09T12:45:42.955+0000] {standard_task_runner.py:91} INFO - Job 7855: Subtask download_and_load_raw
[2026-02-09T12:45:43.021+0000] {task_command.py:426} INFO - Running <TaskInstance: stock_raw_aapl.download_and_load_raw scheduled__2025-10-25T00:00:00+00:00 [running]> on host 4886d37bc122
[2026-02-09T12:45:43.119+0000] {taskinstance.py:2648} INFO - Exporting env vars: AIRFLOW_CTX_DAG_OWNER='***' AIRFLOW_CTX_DAG_ID='stock_raw_aapl' AIRFLOW_CTX_TASK_ID='download_and_load_raw' AIRFLOW_CTX_EXECUTION_DATE='2025-10-25T00:00:00+00:00' AIRFLOW_CTX_TRY_NUMBER='1' AIRFLOW_CTX_DAG_RUN_ID='scheduled__2025-10-25T00:00:00+00:00'
[2026-02-09T12:45:43.120+0000] {taskinstance.py:430} INFO - ::endgroup::
[2026-02-09T12:45:43.131+0000] {stocks_raw_dags.py:37} INFO - 2025-10-25 00:00:00+00:00, 2025-10-26 00:00:00+00:00
[2026-02-09T12:45:43.131+0000] {logging_mixin.py:188} INFO - [RAW] Download AAPL [1d] 2025-10-24..2025-10-26
[2026-02-09T12:45:43.134+0000] {logging_mixin.py:188} WARNING - /opt/***/dags/stocks_dwh/raw/stocks_raw_dags.py:42 FutureWarning: YF.download() has changed argument auto_adjust default to True
[2026-02-09T12:45:43.142+0000] {logging_mixin.py:188} WARNING - /home/***/.local/lib/python3.12/site-packages/yfinance/scrapers/history.py:204 Pandas4Warning: Timestamp.utcnow is deprecated and will be removed in a future version. Use Timestamp.now('UTC') instead.
[2026-02-09T12:45:43.711+0000] {logging_mixin.py:188} WARNING - [*********************100%***********************]  1 of 1 completed
[2026-02-09T12:45:43.748+0000] {base.py:84} INFO - Using connection ID 'dwh_clickhouse' for task execution.
[2026-02-09T12:45:43.785+0000] {logging_mixin.py:188} INFO - [RAW] Deleted existing rows for AAPL in 2025-10-24..2025-10-26
[2026-02-09T12:45:43.796+0000] {logging_mixin.py:188} INFO - [RAW] Inserted 1 rows into dwh.raw_stock_prices
[2026-02-09T12:45:43.797+0000] {python.py:237} INFO - Done. Returned value was: None
[2026-02-09T12:45:43.798+0000] {taskinstance.py:441} INFO - ::group::Post task execution logs
[2026-02-09T12:45:43.810+0000] {taskinstance.py:1206} INFO - Marking task as SUCCESS. dag_id=stock_raw_aapl, task_id=download_and_load_raw, run_id=scheduled__2025-10-25T00:00:00+00:00, execution_date=20251025T000000, start_date=20260209T124542, end_date=20260209T124543
[2026-02-09T12:45:43.891+0000] {local_task_job_runner.py:243} INFO - Task exited with return code 0
[2026-02-09T12:45:43.918+0000] {taskinstance.py:3503} INFO - 0 downstream tasks scheduled from follow-on schedule check
[2026-02-09T12:45:43.923+0000] {local_task_job_runner.py:222} INFO - ::endgroup::
