[2026-02-09T10:21:56.871+0000] {local_task_job_runner.py:120} INFO - ::group::Pre task execution logs
[2026-02-09T10:21:56.899+0000] {taskinstance.py:2076} INFO - Dependencies all met for dep_context=non-requeueable deps ti=<TaskInstance: stock_raw_aapl.download_and_load_raw scheduled__2024-09-20T00:00:00+00:00 [queued]>
[2026-02-09T10:21:56.907+0000] {taskinstance.py:2076} INFO - Dependencies all met for dep_context=requeueable deps ti=<TaskInstance: stock_raw_aapl.download_and_load_raw scheduled__2024-09-20T00:00:00+00:00 [queued]>
[2026-02-09T10:21:56.908+0000] {taskinstance.py:2306} INFO - Starting attempt 1 of 1
[2026-02-09T10:21:56.919+0000] {taskinstance.py:2330} INFO - Executing <Task(PythonOperator): download_and_load_raw> on 2024-09-20 00:00:00+00:00
[2026-02-09T10:21:56.931+0000] {logging_mixin.py:188} WARNING - /home/***/.local/lib/python3.12/site-packages/***/task/task_runner/standard_task_runner.py:62 DeprecationWarning: This process (pid=308) is multi-threaded, use of fork() may lead to deadlocks in the child.
[2026-02-09T10:21:56.932+0000] {standard_task_runner.py:64} INFO - Started process 317 to run task
[2026-02-09T10:21:56.930+0000] {standard_task_runner.py:90} INFO - Running: ['***', 'tasks', 'run', 'stock_raw_aapl', 'download_and_load_raw', 'scheduled__2024-09-20T00:00:00+00:00', '--job-id', '4135', '--raw', '--subdir', 'DAGS_FOLDER/stocks_dwh/raw/stocks_raw_dags.py', '--cfg-path', '/tmp/tmpv5xv0h00']
[2026-02-09T10:21:56.933+0000] {standard_task_runner.py:91} INFO - Job 4135: Subtask download_and_load_raw
[2026-02-09T10:21:56.995+0000] {task_command.py:426} INFO - Running <TaskInstance: stock_raw_aapl.download_and_load_raw scheduled__2024-09-20T00:00:00+00:00 [running]> on host 4886d37bc122
[2026-02-09T10:21:57.082+0000] {taskinstance.py:2648} INFO - Exporting env vars: AIRFLOW_CTX_DAG_OWNER='***' AIRFLOW_CTX_DAG_ID='stock_raw_aapl' AIRFLOW_CTX_TASK_ID='download_and_load_raw' AIRFLOW_CTX_EXECUTION_DATE='2024-09-20T00:00:00+00:00' AIRFLOW_CTX_TRY_NUMBER='1' AIRFLOW_CTX_DAG_RUN_ID='scheduled__2024-09-20T00:00:00+00:00'
[2026-02-09T10:21:57.084+0000] {taskinstance.py:430} INFO - ::endgroup::
[2026-02-09T10:21:57.094+0000] {logging_mixin.py:188} INFO - [RAW] Download AAPL [1d] 2024-09-20..2024-09-21
[2026-02-09T10:21:57.097+0000] {logging_mixin.py:188} WARNING - /opt/***/dags/stocks_dwh/raw/stocks_raw_dags.py:38 FutureWarning: YF.download() has changed argument auto_adjust default to True
[2026-02-09T10:21:57.104+0000] {logging_mixin.py:188} WARNING - /home/***/.local/lib/python3.12/site-packages/yfinance/scrapers/history.py:204 Pandas4Warning: Timestamp.utcnow is deprecated and will be removed in a future version. Use Timestamp.now('UTC') instead.
[2026-02-09T10:21:58.028+0000] {taskinstance.py:441} INFO - ::group::Post task execution logs
[2026-02-09T10:21:58.029+0000] {taskinstance.py:2905} ERROR - Task failed with exception
Traceback (most recent call last):
  File "/home/airflow/.local/lib/python3.12/site-packages/airflow/models/taskinstance.py", line 465, in _execute_task
    result = _execute_callable(context=context, **execute_callable_kwargs)
             ^^^^^^^^^^^^^^^^^^^^^^^^^^^^^^^^^^^^^^^^^^^^^^^^^^^^^^^^^^^^^
  File "/home/airflow/.local/lib/python3.12/site-packages/airflow/models/taskinstance.py", line 432, in _execute_callable
    return execute_callable(context=context, **execute_callable_kwargs)
           ^^^^^^^^^^^^^^^^^^^^^^^^^^^^^^^^^^^^^^^^^^^^^^^^^^^^^^^^^^^^
  File "/home/airflow/.local/lib/python3.12/site-packages/airflow/models/baseoperator.py", line 401, in wrapper
    return func(self, *args, **kwargs)
           ^^^^^^^^^^^^^^^^^^^^^^^^^^^
  File "/home/airflow/.local/lib/python3.12/site-packages/airflow/operators/python.py", line 235, in execute
    return_value = self.execute_callable()
                   ^^^^^^^^^^^^^^^^^^^^^^^
  File "/home/airflow/.local/lib/python3.12/site-packages/airflow/operators/python.py", line 252, in execute_callable
    return self.python_callable(*self.op_args, **self.op_kwargs)
           ^^^^^^^^^^^^^^^^^^^^^^^^^^^^^^^^^^^^^^^^^^^^^^^^^^^^^
  File "/opt/airflow/dags/stocks_dwh/raw/stocks_raw_dags.py", line 86, in download_and_load_raw
    df["volume"] = pd.to_numeric(df["volume"], errors="coerce").fillna(0).astype("int64")
                   ^^^^^^^^^^^^^^^^^^^^^^^^^^^^^^^^^^^^^^^^^^^^
  File "/home/airflow/.local/lib/python3.12/site-packages/pandas/core/tools/numeric.py", line 212, in to_numeric
    raise TypeError("arg must be a list, tuple, 1-d array, or Series")
TypeError: arg must be a list, tuple, 1-d array, or Series
[2026-02-09T10:21:58.044+0000] {taskinstance.py:1206} INFO - Marking task as FAILED. dag_id=stock_raw_aapl, task_id=download_and_load_raw, run_id=scheduled__2024-09-20T00:00:00+00:00, execution_date=20240920T000000, start_date=20260209T102156, end_date=20260209T102158
[2026-02-09T10:21:58.054+0000] {standard_task_runner.py:110} ERROR - Failed to execute job 4135 for task download_and_load_raw (arg must be a list, tuple, 1-d array, or Series; 317)
[2026-02-09T10:21:58.110+0000] {local_task_job_runner.py:243} INFO - Task exited with return code 1
[2026-02-09T10:21:58.125+0000] {taskinstance.py:3503} INFO - 0 downstream tasks scheduled from follow-on schedule check
[2026-02-09T10:21:58.127+0000] {local_task_job_runner.py:222} INFO - ::endgroup::
[2026-02-09T12:24:12.282+0000] {local_task_job_runner.py:120} INFO - ::group::Pre task execution logs
[2026-02-09T12:24:12.313+0000] {taskinstance.py:2076} INFO - Dependencies all met for dep_context=non-requeueable deps ti=<TaskInstance: stock_raw_aapl.download_and_load_raw scheduled__2024-09-20T00:00:00+00:00 [queued]>
[2026-02-09T12:24:12.322+0000] {taskinstance.py:2076} INFO - Dependencies all met for dep_context=requeueable deps ti=<TaskInstance: stock_raw_aapl.download_and_load_raw scheduled__2024-09-20T00:00:00+00:00 [queued]>
[2026-02-09T12:24:12.323+0000] {taskinstance.py:2306} INFO - Starting attempt 1 of 1
[2026-02-09T12:24:12.337+0000] {taskinstance.py:2330} INFO - Executing <Task(PythonOperator): download_and_load_raw> on 2024-09-20 00:00:00+00:00
[2026-02-09T12:24:12.350+0000] {logging_mixin.py:188} WARNING - /home/***/.local/lib/python3.12/site-packages/***/task/task_runner/standard_task_runner.py:62 DeprecationWarning: This process (pid=15817) is multi-threaded, use of fork() may lead to deadlocks in the child.
[2026-02-09T12:24:12.352+0000] {standard_task_runner.py:64} INFO - Started process 15821 to run task
[2026-02-09T12:24:12.350+0000] {standard_task_runner.py:90} INFO - Running: ['***', 'tasks', 'run', 'stock_raw_aapl', 'download_and_load_raw', 'scheduled__2024-09-20T00:00:00+00:00', '--job-id', '7278', '--raw', '--subdir', 'DAGS_FOLDER/stocks_dwh/raw/stocks_raw_dags.py', '--cfg-path', '/tmp/tmpcgdl9190']
[2026-02-09T12:24:12.352+0000] {standard_task_runner.py:91} INFO - Job 7278: Subtask download_and_load_raw
[2026-02-09T12:24:12.416+0000] {task_command.py:426} INFO - Running <TaskInstance: stock_raw_aapl.download_and_load_raw scheduled__2024-09-20T00:00:00+00:00 [running]> on host 4886d37bc122
[2026-02-09T12:24:12.515+0000] {taskinstance.py:2648} INFO - Exporting env vars: AIRFLOW_CTX_DAG_OWNER='***' AIRFLOW_CTX_DAG_ID='stock_raw_aapl' AIRFLOW_CTX_TASK_ID='download_and_load_raw' AIRFLOW_CTX_EXECUTION_DATE='2024-09-20T00:00:00+00:00' AIRFLOW_CTX_TRY_NUMBER='1' AIRFLOW_CTX_DAG_RUN_ID='scheduled__2024-09-20T00:00:00+00:00'
[2026-02-09T12:24:12.516+0000] {taskinstance.py:430} INFO - ::endgroup::
[2026-02-09T12:24:12.526+0000] {stocks_raw_dags.py:37} INFO - 2024-09-20 00:00:00+00:00, 2024-09-21 00:00:00+00:00
[2026-02-09T12:24:12.528+0000] {logging_mixin.py:188} INFO - [RAW] Download AAPL [1d] 2024-09-19..2024-09-21
[2026-02-09T12:24:12.530+0000] {logging_mixin.py:188} WARNING - /opt/***/dags/stocks_dwh/raw/stocks_raw_dags.py:42 FutureWarning: YF.download() has changed argument auto_adjust default to True
[2026-02-09T12:24:12.541+0000] {logging_mixin.py:188} WARNING - /home/***/.local/lib/python3.12/site-packages/yfinance/scrapers/history.py:204 Pandas4Warning: Timestamp.utcnow is deprecated and will be removed in a future version. Use Timestamp.now('UTC') instead.
[2026-02-09T12:24:13.072+0000] {logging_mixin.py:188} WARNING - [*********************100%***********************]  1 of 1 completed
[2026-02-09T12:24:13.109+0000] {base.py:84} INFO - Using connection ID 'dwh_clickhouse' for task execution.
[2026-02-09T12:24:13.133+0000] {logging_mixin.py:188} INFO - [RAW] Deleted existing rows for AAPL in 2024-09-19..2024-09-21
[2026-02-09T12:24:13.147+0000] {logging_mixin.py:188} INFO - [RAW] Inserted 2 rows into dwh.raw_stock_prices
[2026-02-09T12:24:13.147+0000] {python.py:237} INFO - Done. Returned value was: None
[2026-02-09T12:24:13.148+0000] {taskinstance.py:441} INFO - ::group::Post task execution logs
[2026-02-09T12:24:13.159+0000] {taskinstance.py:1206} INFO - Marking task as SUCCESS. dag_id=stock_raw_aapl, task_id=download_and_load_raw, run_id=scheduled__2024-09-20T00:00:00+00:00, execution_date=20240920T000000, start_date=20260209T122412, end_date=20260209T122413
[2026-02-09T12:24:13.208+0000] {local_task_job_runner.py:243} INFO - Task exited with return code 0
[2026-02-09T12:24:13.230+0000] {taskinstance.py:3503} INFO - 0 downstream tasks scheduled from follow-on schedule check
[2026-02-09T12:24:13.235+0000] {local_task_job_runner.py:222} INFO - ::endgroup::
