[2026-02-09T10:15:02.874+0000] {local_task_job_runner.py:120} INFO - ::group::Pre task execution logs
[2026-02-09T10:15:02.905+0000] {taskinstance.py:2076} INFO - Dependencies all met for dep_context=non-requeueable deps ti=<TaskInstance: stock_raw_aapl.download_and_load_raw scheduled__2024-06-14T00:00:00+00:00 [queued]>
[2026-02-09T10:15:02.914+0000] {taskinstance.py:2076} INFO - Dependencies all met for dep_context=requeueable deps ti=<TaskInstance: stock_raw_aapl.download_and_load_raw scheduled__2024-06-14T00:00:00+00:00 [queued]>
[2026-02-09T10:15:02.915+0000] {taskinstance.py:2306} INFO - Starting attempt 1 of 1
[2026-02-09T10:15:02.928+0000] {taskinstance.py:2330} INFO - Executing <Task(PythonOperator): download_and_load_raw> on 2024-06-14 00:00:00+00:00
[2026-02-09T10:15:02.941+0000] {logging_mixin.py:188} WARNING - /home/***/.local/lib/python3.12/site-packages/***/task/task_runner/standard_task_runner.py:62 DeprecationWarning: This process (pid=4470) is multi-threaded, use of fork() may lead to deadlocks in the child.
[2026-02-09T10:15:02.942+0000] {standard_task_runner.py:64} INFO - Started process 4480 to run task
[2026-02-09T10:15:02.941+0000] {standard_task_runner.py:90} INFO - Running: ['***', 'tasks', 'run', 'stock_raw_aapl', 'download_and_load_raw', 'scheduled__2024-06-14T00:00:00+00:00', '--job-id', '3647', '--raw', '--subdir', 'DAGS_FOLDER/stocks_dwh/raw/stocks_raw_dags.py', '--cfg-path', '/tmp/tmpglma45th']
[2026-02-09T10:15:02.943+0000] {standard_task_runner.py:91} INFO - Job 3647: Subtask download_and_load_raw
[2026-02-09T10:15:03.008+0000] {task_command.py:426} INFO - Running <TaskInstance: stock_raw_aapl.download_and_load_raw scheduled__2024-06-14T00:00:00+00:00 [running]> on host b6b9e92e7d61
[2026-02-09T10:15:03.103+0000] {taskinstance.py:2648} INFO - Exporting env vars: AIRFLOW_CTX_DAG_OWNER='***' AIRFLOW_CTX_DAG_ID='stock_raw_aapl' AIRFLOW_CTX_TASK_ID='download_and_load_raw' AIRFLOW_CTX_EXECUTION_DATE='2024-06-14T00:00:00+00:00' AIRFLOW_CTX_TRY_NUMBER='1' AIRFLOW_CTX_DAG_RUN_ID='scheduled__2024-06-14T00:00:00+00:00'
[2026-02-09T10:15:03.105+0000] {taskinstance.py:430} INFO - ::endgroup::
[2026-02-09T10:15:03.116+0000] {logging_mixin.py:188} INFO - [RAW] Download AAPL [1d] 2024-06-14..2024-06-15
[2026-02-09T10:15:03.118+0000] {logging_mixin.py:188} WARNING - /opt/***/dags/stocks_dwh/raw/stocks_raw_dags.py:38 FutureWarning: YF.download() has changed argument auto_adjust default to True
[2026-02-09T10:15:03.126+0000] {logging_mixin.py:188} WARNING - /home/***/.local/lib/python3.12/site-packages/yfinance/scrapers/history.py:204 Pandas4Warning: Timestamp.utcnow is deprecated and will be removed in a future version. Use Timestamp.now('UTC') instead.
[2026-02-09T10:15:03.658+0000] {taskinstance.py:441} INFO - ::group::Post task execution logs
[2026-02-09T10:15:03.660+0000] {taskinstance.py:2905} ERROR - Task failed with exception
Traceback (most recent call last):
  File "/home/airflow/.local/lib/python3.12/site-packages/airflow/models/taskinstance.py", line 465, in _execute_task
    result = _execute_callable(context=context, **execute_callable_kwargs)
             ^^^^^^^^^^^^^^^^^^^^^^^^^^^^^^^^^^^^^^^^^^^^^^^^^^^^^^^^^^^^^
  File "/home/airflow/.local/lib/python3.12/site-packages/airflow/models/taskinstance.py", line 432, in _execute_callable
    return execute_callable(context=context, **execute_callable_kwargs)
           ^^^^^^^^^^^^^^^^^^^^^^^^^^^^^^^^^^^^^^^^^^^^^^^^^^^^^^^^^^^^
  File "/home/airflow/.local/lib/python3.12/site-packages/airflow/models/baseoperator.py", line 401, in wrapper
    return func(self, *args, **kwargs)
           ^^^^^^^^^^^^^^^^^^^^^^^^^^^
  File "/home/airflow/.local/lib/python3.12/site-packages/airflow/operators/python.py", line 235, in execute
    return_value = self.execute_callable()
                   ^^^^^^^^^^^^^^^^^^^^^^^
  File "/home/airflow/.local/lib/python3.12/site-packages/airflow/operators/python.py", line 252, in execute_callable
    return self.python_callable(*self.op_args, **self.op_kwargs)
           ^^^^^^^^^^^^^^^^^^^^^^^^^^^^^^^^^^^^^^^^^^^^^^^^^^^^^
  File "/opt/airflow/dags/stocks_dwh/raw/stocks_raw_dags.py", line 86, in download_and_load_raw
    df["volume"] = pd.to_numeric(df["volume"], errors="coerce").fillna(0).astype("int64")
                   ^^^^^^^^^^^^^^^^^^^^^^^^^^^^^^^^^^^^^^^^^^^^
  File "/home/airflow/.local/lib/python3.12/site-packages/pandas/core/tools/numeric.py", line 212, in to_numeric
    raise TypeError("arg must be a list, tuple, 1-d array, or Series")
TypeError: arg must be a list, tuple, 1-d array, or Series
[2026-02-09T10:15:03.677+0000] {taskinstance.py:1206} INFO - Marking task as FAILED. dag_id=stock_raw_aapl, task_id=download_and_load_raw, run_id=scheduled__2024-06-14T00:00:00+00:00, execution_date=20240614T000000, start_date=20260209T101502, end_date=20260209T101503
[2026-02-09T10:15:03.693+0000] {standard_task_runner.py:110} ERROR - Failed to execute job 3647 for task download_and_load_raw (arg must be a list, tuple, 1-d array, or Series; 4480)
[2026-02-09T10:15:03.718+0000] {local_task_job_runner.py:243} INFO - Task exited with return code 1
[2026-02-09T10:15:03.738+0000] {taskinstance.py:3503} INFO - 0 downstream tasks scheduled from follow-on schedule check
[2026-02-09T10:15:03.740+0000] {local_task_job_runner.py:222} INFO - ::endgroup::
[2026-02-09T12:18:47.010+0000] {local_task_job_runner.py:120} INFO - ::group::Pre task execution logs
[2026-02-09T12:18:47.040+0000] {taskinstance.py:2076} INFO - Dependencies all met for dep_context=non-requeueable deps ti=<TaskInstance: stock_raw_aapl.download_and_load_raw scheduled__2024-06-14T00:00:00+00:00 [queued]>
[2026-02-09T12:18:47.048+0000] {taskinstance.py:2076} INFO - Dependencies all met for dep_context=requeueable deps ti=<TaskInstance: stock_raw_aapl.download_and_load_raw scheduled__2024-06-14T00:00:00+00:00 [queued]>
[2026-02-09T12:18:47.049+0000] {taskinstance.py:2306} INFO - Starting attempt 1 of 1
[2026-02-09T12:18:47.061+0000] {taskinstance.py:2330} INFO - Executing <Task(PythonOperator): download_and_load_raw> on 2024-06-14 00:00:00+00:00
[2026-02-09T12:18:47.075+0000] {logging_mixin.py:188} WARNING - /home/***/.local/lib/python3.12/site-packages/***/task/task_runner/standard_task_runner.py:62 DeprecationWarning: This process (pid=14908) is multi-threaded, use of fork() may lead to deadlocks in the child.
[2026-02-09T12:18:47.077+0000] {standard_task_runner.py:64} INFO - Started process 14912 to run task
[2026-02-09T12:18:47.075+0000] {standard_task_runner.py:90} INFO - Running: ['***', 'tasks', 'run', 'stock_raw_aapl', 'download_and_load_raw', 'scheduled__2024-06-14T00:00:00+00:00', '--job-id', '7083', '--raw', '--subdir', 'DAGS_FOLDER/stocks_dwh/raw/stocks_raw_dags.py', '--cfg-path', '/tmp/tmp6t4m3q0w']
[2026-02-09T12:18:47.078+0000] {standard_task_runner.py:91} INFO - Job 7083: Subtask download_and_load_raw
[2026-02-09T12:18:47.140+0000] {task_command.py:426} INFO - Running <TaskInstance: stock_raw_aapl.download_and_load_raw scheduled__2024-06-14T00:00:00+00:00 [running]> on host 4886d37bc122
[2026-02-09T12:18:47.233+0000] {taskinstance.py:2648} INFO - Exporting env vars: AIRFLOW_CTX_DAG_OWNER='***' AIRFLOW_CTX_DAG_ID='stock_raw_aapl' AIRFLOW_CTX_TASK_ID='download_and_load_raw' AIRFLOW_CTX_EXECUTION_DATE='2024-06-14T00:00:00+00:00' AIRFLOW_CTX_TRY_NUMBER='1' AIRFLOW_CTX_DAG_RUN_ID='scheduled__2024-06-14T00:00:00+00:00'
[2026-02-09T12:18:47.234+0000] {taskinstance.py:430} INFO - ::endgroup::
[2026-02-09T12:18:47.246+0000] {stocks_raw_dags.py:37} INFO - 2024-06-14 00:00:00+00:00, 2024-06-15 00:00:00+00:00
[2026-02-09T12:18:47.246+0000] {logging_mixin.py:188} INFO - [RAW] Download AAPL [1d] 2024-06-13..2024-06-15
[2026-02-09T12:18:47.249+0000] {logging_mixin.py:188} WARNING - /opt/***/dags/stocks_dwh/raw/stocks_raw_dags.py:42 FutureWarning: YF.download() has changed argument auto_adjust default to True
[2026-02-09T12:18:47.257+0000] {logging_mixin.py:188} WARNING - /home/***/.local/lib/python3.12/site-packages/yfinance/scrapers/history.py:204 Pandas4Warning: Timestamp.utcnow is deprecated and will be removed in a future version. Use Timestamp.now('UTC') instead.
[2026-02-09T12:18:47.758+0000] {logging_mixin.py:188} WARNING - [*********************100%***********************]  1 of 1 completed
[2026-02-09T12:18:47.798+0000] {base.py:84} INFO - Using connection ID 'dwh_clickhouse' for task execution.
[2026-02-09T12:18:47.824+0000] {logging_mixin.py:188} INFO - [RAW] Deleted existing rows for AAPL in 2024-06-13..2024-06-15
[2026-02-09T12:18:47.836+0000] {logging_mixin.py:188} INFO - [RAW] Inserted 2 rows into dwh.raw_stock_prices
[2026-02-09T12:18:47.837+0000] {python.py:237} INFO - Done. Returned value was: None
[2026-02-09T12:18:47.839+0000] {taskinstance.py:441} INFO - ::group::Post task execution logs
[2026-02-09T12:18:47.852+0000] {taskinstance.py:1206} INFO - Marking task as SUCCESS. dag_id=stock_raw_aapl, task_id=download_and_load_raw, run_id=scheduled__2024-06-14T00:00:00+00:00, execution_date=20240614T000000, start_date=20260209T121847, end_date=20260209T121847
[2026-02-09T12:18:47.893+0000] {local_task_job_runner.py:243} INFO - Task exited with return code 0
[2026-02-09T12:18:47.914+0000] {taskinstance.py:3503} INFO - 0 downstream tasks scheduled from follow-on schedule check
[2026-02-09T12:18:47.916+0000] {local_task_job_runner.py:222} INFO - ::endgroup::
