[2026-02-09T10:24:19.225+0000] {local_task_job_runner.py:120} INFO - ::group::Pre task execution logs
[2026-02-09T10:24:19.252+0000] {taskinstance.py:2076} INFO - Dependencies all met for dep_context=non-requeueable deps ti=<TaskInstance: stock_raw_aapl.download_and_load_raw scheduled__2024-10-26T00:00:00+00:00 [queued]>
[2026-02-09T10:24:19.259+0000] {taskinstance.py:2076} INFO - Dependencies all met for dep_context=requeueable deps ti=<TaskInstance: stock_raw_aapl.download_and_load_raw scheduled__2024-10-26T00:00:00+00:00 [queued]>
[2026-02-09T10:24:19.260+0000] {taskinstance.py:2306} INFO - Starting attempt 1 of 1
[2026-02-09T10:24:19.271+0000] {taskinstance.py:2330} INFO - Executing <Task(PythonOperator): download_and_load_raw> on 2024-10-26 00:00:00+00:00
[2026-02-09T10:24:19.286+0000] {logging_mixin.py:188} WARNING - /home/***/.local/lib/python3.12/site-packages/***/task/task_runner/standard_task_runner.py:62 DeprecationWarning: This process (pid=1065) is multi-threaded, use of fork() may lead to deadlocks in the child.
[2026-02-09T10:24:19.287+0000] {standard_task_runner.py:64} INFO - Started process 1076 to run task
[2026-02-09T10:24:19.288+0000] {standard_task_runner.py:90} INFO - Running: ['***', 'tasks', 'run', 'stock_raw_aapl', 'download_and_load_raw', 'scheduled__2024-10-26T00:00:00+00:00', '--job-id', '4310', '--raw', '--subdir', 'DAGS_FOLDER/stocks_dwh/raw/stocks_raw_dags.py', '--cfg-path', '/tmp/tmpkrjqv921']
[2026-02-09T10:24:19.290+0000] {standard_task_runner.py:91} INFO - Job 4310: Subtask download_and_load_raw
[2026-02-09T10:24:19.360+0000] {task_command.py:426} INFO - Running <TaskInstance: stock_raw_aapl.download_and_load_raw scheduled__2024-10-26T00:00:00+00:00 [running]> on host 4886d37bc122
[2026-02-09T10:24:19.488+0000] {taskinstance.py:2648} INFO - Exporting env vars: AIRFLOW_CTX_DAG_OWNER='***' AIRFLOW_CTX_DAG_ID='stock_raw_aapl' AIRFLOW_CTX_TASK_ID='download_and_load_raw' AIRFLOW_CTX_EXECUTION_DATE='2024-10-26T00:00:00+00:00' AIRFLOW_CTX_TRY_NUMBER='1' AIRFLOW_CTX_DAG_RUN_ID='scheduled__2024-10-26T00:00:00+00:00'
[2026-02-09T10:24:19.490+0000] {taskinstance.py:430} INFO - ::endgroup::
[2026-02-09T10:24:19.502+0000] {logging_mixin.py:188} INFO - [RAW] Download AAPL [1d] 2024-10-26..2024-10-27
[2026-02-09T10:24:19.504+0000] {logging_mixin.py:188} WARNING - /opt/***/dags/stocks_dwh/raw/stocks_raw_dags.py:38 FutureWarning: YF.download() has changed argument auto_adjust default to True
[2026-02-09T10:24:19.512+0000] {logging_mixin.py:188} WARNING - /home/***/.local/lib/python3.12/site-packages/yfinance/scrapers/history.py:204 Pandas4Warning: Timestamp.utcnow is deprecated and will be removed in a future version. Use Timestamp.now('UTC') instead.
[2026-02-09T10:24:20.063+0000] {multi.py:185} ERROR - 
1 Failed download:
[2026-02-09T10:24:20.063+0000] {multi.py:198} ERROR - ['AAPL']: YFPricesMissingError('possibly delisted; no price data found  (1d 2024-10-26 -> 2024-10-27)')
[2026-02-09T10:24:20.076+0000] {logging_mixin.py:188} INFO - [RAW] No data from yfinance
[2026-02-09T10:24:20.077+0000] {python.py:237} INFO - Done. Returned value was: None
[2026-02-09T10:24:20.077+0000] {taskinstance.py:441} INFO - ::group::Post task execution logs
[2026-02-09T10:24:20.088+0000] {taskinstance.py:1206} INFO - Marking task as SUCCESS. dag_id=stock_raw_aapl, task_id=download_and_load_raw, run_id=scheduled__2024-10-26T00:00:00+00:00, execution_date=20241026T000000, start_date=20260209T102419, end_date=20260209T102420
[2026-02-09T10:24:20.143+0000] {local_task_job_runner.py:243} INFO - Task exited with return code 0
[2026-02-09T10:24:20.165+0000] {taskinstance.py:3503} INFO - 0 downstream tasks scheduled from follow-on schedule check
[2026-02-09T10:24:20.167+0000] {local_task_job_runner.py:222} INFO - ::endgroup::
[2026-02-09T12:26:01.593+0000] {local_task_job_runner.py:120} INFO - ::group::Pre task execution logs
[2026-02-09T12:26:01.623+0000] {taskinstance.py:2076} INFO - Dependencies all met for dep_context=non-requeueable deps ti=<TaskInstance: stock_raw_aapl.download_and_load_raw scheduled__2024-10-26T00:00:00+00:00 [queued]>
[2026-02-09T12:26:01.641+0000] {taskinstance.py:2076} INFO - Dependencies all met for dep_context=requeueable deps ti=<TaskInstance: stock_raw_aapl.download_and_load_raw scheduled__2024-10-26T00:00:00+00:00 [queued]>
[2026-02-09T12:26:01.642+0000] {taskinstance.py:2306} INFO - Starting attempt 1 of 1
[2026-02-09T12:26:01.654+0000] {taskinstance.py:2330} INFO - Executing <Task(PythonOperator): download_and_load_raw> on 2024-10-26 00:00:00+00:00
[2026-02-09T12:26:01.684+0000] {standard_task_runner.py:90} INFO - Running: ['***', 'tasks', 'run', 'stock_raw_aapl', 'download_and_load_raw', 'scheduled__2024-10-26T00:00:00+00:00', '--job-id', '7351', '--raw', '--subdir', 'DAGS_FOLDER/stocks_dwh/raw/stocks_raw_dags.py', '--cfg-path', '/tmp/tmpvozfsz39']
[2026-02-09T12:26:01.686+0000] {logging_mixin.py:188} WARNING - /home/***/.local/lib/python3.12/site-packages/***/task/task_runner/standard_task_runner.py:62 DeprecationWarning: This process (pid=16147) is multi-threaded, use of fork() may lead to deadlocks in the child.
[2026-02-09T12:26:01.687+0000] {standard_task_runner.py:91} INFO - Job 7351: Subtask download_and_load_raw
[2026-02-09T12:26:01.687+0000] {standard_task_runner.py:64} INFO - Started process 16152 to run task
[2026-02-09T12:26:01.746+0000] {task_command.py:426} INFO - Running <TaskInstance: stock_raw_aapl.download_and_load_raw scheduled__2024-10-26T00:00:00+00:00 [running]> on host 4886d37bc122
[2026-02-09T12:26:01.852+0000] {taskinstance.py:2648} INFO - Exporting env vars: AIRFLOW_CTX_DAG_OWNER='***' AIRFLOW_CTX_DAG_ID='stock_raw_aapl' AIRFLOW_CTX_TASK_ID='download_and_load_raw' AIRFLOW_CTX_EXECUTION_DATE='2024-10-26T00:00:00+00:00' AIRFLOW_CTX_TRY_NUMBER='1' AIRFLOW_CTX_DAG_RUN_ID='scheduled__2024-10-26T00:00:00+00:00'
[2026-02-09T12:26:01.854+0000] {taskinstance.py:430} INFO - ::endgroup::
[2026-02-09T12:26:01.874+0000] {stocks_raw_dags.py:37} INFO - 2024-10-26 00:00:00+00:00, 2024-10-27 00:00:00+00:00
[2026-02-09T12:26:01.875+0000] {logging_mixin.py:188} INFO - [RAW] Download AAPL [1d] 2024-10-25..2024-10-27
[2026-02-09T12:26:01.877+0000] {logging_mixin.py:188} WARNING - /opt/***/dags/stocks_dwh/raw/stocks_raw_dags.py:42 FutureWarning: YF.download() has changed argument auto_adjust default to True
[2026-02-09T12:26:01.885+0000] {logging_mixin.py:188} WARNING - /home/***/.local/lib/python3.12/site-packages/yfinance/scrapers/history.py:204 Pandas4Warning: Timestamp.utcnow is deprecated and will be removed in a future version. Use Timestamp.now('UTC') instead.
[2026-02-09T12:26:02.408+0000] {logging_mixin.py:188} WARNING - [*********************100%***********************]  1 of 1 completed
[2026-02-09T12:26:02.450+0000] {base.py:84} INFO - Using connection ID 'dwh_clickhouse' for task execution.
[2026-02-09T12:26:02.496+0000] {logging_mixin.py:188} INFO - [RAW] Deleted existing rows for AAPL in 2024-10-25..2024-10-27
[2026-02-09T12:26:02.518+0000] {logging_mixin.py:188} INFO - [RAW] Inserted 1 rows into dwh.raw_stock_prices
[2026-02-09T12:26:02.519+0000] {python.py:237} INFO - Done. Returned value was: None
[2026-02-09T12:26:02.520+0000] {taskinstance.py:441} INFO - ::group::Post task execution logs
[2026-02-09T12:26:02.531+0000] {taskinstance.py:1206} INFO - Marking task as SUCCESS. dag_id=stock_raw_aapl, task_id=download_and_load_raw, run_id=scheduled__2024-10-26T00:00:00+00:00, execution_date=20241026T000000, start_date=20260209T122601, end_date=20260209T122602
[2026-02-09T12:26:02.593+0000] {local_task_job_runner.py:243} INFO - Task exited with return code 0
[2026-02-09T12:26:02.614+0000] {taskinstance.py:3503} INFO - 0 downstream tasks scheduled from follow-on schedule check
[2026-02-09T12:26:02.617+0000] {local_task_job_runner.py:222} INFO - ::endgroup::
