[2026-02-09T10:37:14.373+0000] {local_task_job_runner.py:120} INFO - ::group::Pre task execution logs
[2026-02-09T10:37:14.415+0000] {taskinstance.py:2076} INFO - Dependencies all met for dep_context=non-requeueable deps ti=<TaskInstance: stock_raw_aapl.download_and_load_raw scheduled__2025-06-19T00:00:00+00:00 [queued]>
[2026-02-09T10:37:14.425+0000] {taskinstance.py:2076} INFO - Dependencies all met for dep_context=requeueable deps ti=<TaskInstance: stock_raw_aapl.download_and_load_raw scheduled__2025-06-19T00:00:00+00:00 [queued]>
[2026-02-09T10:37:14.426+0000] {taskinstance.py:2306} INFO - Starting attempt 1 of 1
[2026-02-09T10:37:14.440+0000] {taskinstance.py:2330} INFO - Executing <Task(PythonOperator): download_and_load_raw> on 2025-06-19 00:00:00+00:00
[2026-02-09T10:37:14.455+0000] {logging_mixin.py:188} WARNING - /home/***/.local/lib/python3.12/site-packages/***/task/task_runner/standard_task_runner.py:62 DeprecationWarning: This process (pid=6045) is multi-threaded, use of fork() may lead to deadlocks in the child.
[2026-02-09T10:37:14.456+0000] {standard_task_runner.py:64} INFO - Started process 6056 to run task
[2026-02-09T10:37:14.455+0000] {standard_task_runner.py:90} INFO - Running: ['***', 'tasks', 'run', 'stock_raw_aapl', 'download_and_load_raw', 'scheduled__2025-06-19T00:00:00+00:00', '--job-id', '5480', '--raw', '--subdir', 'DAGS_FOLDER/stocks_dwh/raw/stocks_raw_dags.py', '--cfg-path', '/tmp/tmpdsygalek']
[2026-02-09T10:37:14.458+0000] {standard_task_runner.py:91} INFO - Job 5480: Subtask download_and_load_raw
[2026-02-09T10:37:14.533+0000] {task_command.py:426} INFO - Running <TaskInstance: stock_raw_aapl.download_and_load_raw scheduled__2025-06-19T00:00:00+00:00 [running]> on host 4886d37bc122
[2026-02-09T10:37:14.647+0000] {taskinstance.py:2648} INFO - Exporting env vars: AIRFLOW_CTX_DAG_OWNER='***' AIRFLOW_CTX_DAG_ID='stock_raw_aapl' AIRFLOW_CTX_TASK_ID='download_and_load_raw' AIRFLOW_CTX_EXECUTION_DATE='2025-06-19T00:00:00+00:00' AIRFLOW_CTX_TRY_NUMBER='1' AIRFLOW_CTX_DAG_RUN_ID='scheduled__2025-06-19T00:00:00+00:00'
[2026-02-09T10:37:14.649+0000] {taskinstance.py:430} INFO - ::endgroup::
[2026-02-09T10:37:14.666+0000] {logging_mixin.py:188} INFO - [RAW] Download AAPL [1d] 2025-06-19..2025-06-20
[2026-02-09T10:37:14.669+0000] {logging_mixin.py:188} WARNING - /opt/***/dags/stocks_dwh/raw/stocks_raw_dags.py:38 FutureWarning: YF.download() has changed argument auto_adjust default to True
[2026-02-09T10:37:14.678+0000] {logging_mixin.py:188} WARNING - /home/***/.local/lib/python3.12/site-packages/yfinance/scrapers/history.py:204 Pandas4Warning: Timestamp.utcnow is deprecated and will be removed in a future version. Use Timestamp.now('UTC') instead.
[2026-02-09T10:37:15.197+0000] {multi.py:185} ERROR - 
1 Failed download:
[2026-02-09T10:37:15.198+0000] {multi.py:198} ERROR - ['AAPL']: YFPricesMissingError('possibly delisted; no price data found  (1d 2025-06-19 -> 2025-06-20)')
[2026-02-09T10:37:15.213+0000] {logging_mixin.py:188} INFO - [RAW] No data from yfinance
[2026-02-09T10:37:15.213+0000] {python.py:237} INFO - Done. Returned value was: None
[2026-02-09T10:37:15.214+0000] {taskinstance.py:441} INFO - ::group::Post task execution logs
[2026-02-09T10:37:15.223+0000] {taskinstance.py:1206} INFO - Marking task as SUCCESS. dag_id=stock_raw_aapl, task_id=download_and_load_raw, run_id=scheduled__2025-06-19T00:00:00+00:00, execution_date=20250619T000000, start_date=20260209T103714, end_date=20260209T103715
[2026-02-09T10:37:15.273+0000] {local_task_job_runner.py:243} INFO - Task exited with return code 0
[2026-02-09T10:37:15.291+0000] {taskinstance.py:3503} INFO - 0 downstream tasks scheduled from follow-on schedule check
[2026-02-09T10:37:15.294+0000] {local_task_job_runner.py:222} INFO - ::endgroup::
[2026-02-09T12:39:02.022+0000] {local_task_job_runner.py:120} INFO - ::group::Pre task execution logs
[2026-02-09T12:39:02.049+0000] {taskinstance.py:2076} INFO - Dependencies all met for dep_context=non-requeueable deps ti=<TaskInstance: stock_raw_aapl.download_and_load_raw scheduled__2025-06-19T00:00:00+00:00 [queued]>
[2026-02-09T12:39:02.057+0000] {taskinstance.py:2076} INFO - Dependencies all met for dep_context=requeueable deps ti=<TaskInstance: stock_raw_aapl.download_and_load_raw scheduled__2025-06-19T00:00:00+00:00 [queued]>
[2026-02-09T12:39:02.057+0000] {taskinstance.py:2306} INFO - Starting attempt 1 of 1
[2026-02-09T12:39:02.069+0000] {taskinstance.py:2330} INFO - Executing <Task(PythonOperator): download_and_load_raw> on 2025-06-19 00:00:00+00:00
[2026-02-09T12:39:02.080+0000] {logging_mixin.py:188} WARNING - /home/***/.local/lib/python3.12/site-packages/***/task/task_runner/standard_task_runner.py:62 DeprecationWarning: This process (pid=17963) is multi-threaded, use of fork() may lead to deadlocks in the child.
[2026-02-09T12:39:02.082+0000] {standard_task_runner.py:64} INFO - Started process 17965 to run task
[2026-02-09T12:39:02.081+0000] {standard_task_runner.py:90} INFO - Running: ['***', 'tasks', 'run', 'stock_raw_aapl', 'download_and_load_raw', 'scheduled__2025-06-19T00:00:00+00:00', '--job-id', '7727', '--raw', '--subdir', 'DAGS_FOLDER/stocks_dwh/raw/stocks_raw_dags.py', '--cfg-path', '/tmp/tmp904f68og']
[2026-02-09T12:39:02.083+0000] {standard_task_runner.py:91} INFO - Job 7727: Subtask download_and_load_raw
[2026-02-09T12:39:02.141+0000] {task_command.py:426} INFO - Running <TaskInstance: stock_raw_aapl.download_and_load_raw scheduled__2025-06-19T00:00:00+00:00 [running]> on host 4886d37bc122
[2026-02-09T12:39:02.229+0000] {taskinstance.py:2648} INFO - Exporting env vars: AIRFLOW_CTX_DAG_OWNER='***' AIRFLOW_CTX_DAG_ID='stock_raw_aapl' AIRFLOW_CTX_TASK_ID='download_and_load_raw' AIRFLOW_CTX_EXECUTION_DATE='2025-06-19T00:00:00+00:00' AIRFLOW_CTX_TRY_NUMBER='1' AIRFLOW_CTX_DAG_RUN_ID='scheduled__2025-06-19T00:00:00+00:00'
[2026-02-09T12:39:02.231+0000] {taskinstance.py:430} INFO - ::endgroup::
[2026-02-09T12:39:02.241+0000] {stocks_raw_dags.py:37} INFO - 2025-06-19 00:00:00+00:00, 2025-06-20 00:00:00+00:00
[2026-02-09T12:39:02.241+0000] {logging_mixin.py:188} INFO - [RAW] Download AAPL [1d] 2025-06-18..2025-06-20
[2026-02-09T12:39:02.243+0000] {logging_mixin.py:188} WARNING - /opt/***/dags/stocks_dwh/raw/stocks_raw_dags.py:42 FutureWarning: YF.download() has changed argument auto_adjust default to True
[2026-02-09T12:39:02.251+0000] {logging_mixin.py:188} WARNING - /home/***/.local/lib/python3.12/site-packages/yfinance/scrapers/history.py:204 Pandas4Warning: Timestamp.utcnow is deprecated and will be removed in a future version. Use Timestamp.now('UTC') instead.
[2026-02-09T12:39:02.787+0000] {logging_mixin.py:188} WARNING - [*********************100%***********************]  1 of 1 completed
[2026-02-09T12:39:02.820+0000] {base.py:84} INFO - Using connection ID 'dwh_clickhouse' for task execution.
[2026-02-09T12:39:02.851+0000] {logging_mixin.py:188} INFO - [RAW] Deleted existing rows for AAPL in 2025-06-18..2025-06-20
[2026-02-09T12:39:02.862+0000] {logging_mixin.py:188} INFO - [RAW] Inserted 1 rows into dwh.raw_stock_prices
[2026-02-09T12:39:02.862+0000] {python.py:237} INFO - Done. Returned value was: None
[2026-02-09T12:39:02.863+0000] {taskinstance.py:441} INFO - ::group::Post task execution logs
[2026-02-09T12:39:02.873+0000] {taskinstance.py:1206} INFO - Marking task as SUCCESS. dag_id=stock_raw_aapl, task_id=download_and_load_raw, run_id=scheduled__2025-06-19T00:00:00+00:00, execution_date=20250619T000000, start_date=20260209T123902, end_date=20260209T123902
[2026-02-09T12:39:02.938+0000] {local_task_job_runner.py:243} INFO - Task exited with return code 0
[2026-02-09T12:39:02.957+0000] {taskinstance.py:3503} INFO - 0 downstream tasks scheduled from follow-on schedule check
[2026-02-09T12:39:02.960+0000] {local_task_job_runner.py:222} INFO - ::endgroup::
