[2026-02-09T11:49:39.230+0000] {local_task_job_runner.py:120} INFO - ::group::Pre task execution logs
[2026-02-09T11:49:39.263+0000] {taskinstance.py:2076} INFO - Dependencies all met for dep_context=non-requeueable deps ti=<TaskInstance: stock_raw_aapl.download_and_load_raw manual__2026-02-09T11:49:37.571025+00:00 [queued]>
[2026-02-09T11:49:39.272+0000] {taskinstance.py:2076} INFO - Dependencies all met for dep_context=requeueable deps ti=<TaskInstance: stock_raw_aapl.download_and_load_raw manual__2026-02-09T11:49:37.571025+00:00 [queued]>
[2026-02-09T11:49:39.273+0000] {taskinstance.py:2306} INFO - Starting attempt 1 of 1
[2026-02-09T11:49:39.285+0000] {taskinstance.py:2330} INFO - Executing <Task(PythonOperator): download_and_load_raw> on 2026-02-09 11:49:37.571025+00:00
[2026-02-09T11:49:39.298+0000] {logging_mixin.py:188} WARNING - /home/***/.local/lib/python3.12/site-packages/***/task/task_runner/standard_task_runner.py:62 DeprecationWarning: This process (pid=12651) is multi-threaded, use of fork() may lead to deadlocks in the child.
[2026-02-09T11:49:39.300+0000] {standard_task_runner.py:64} INFO - Started process 12653 to run task
[2026-02-09T11:49:39.298+0000] {standard_task_runner.py:90} INFO - Running: ['***', 'tasks', 'run', 'stock_raw_aapl', 'download_and_load_raw', 'manual__2026-02-09T11:49:37.571025+00:00', '--job-id', '6692', '--raw', '--subdir', 'DAGS_FOLDER/stocks_dwh/raw/stocks_raw_dags.py', '--cfg-path', '/tmp/tmpu1_y6qyy']
[2026-02-09T11:49:39.301+0000] {standard_task_runner.py:91} INFO - Job 6692: Subtask download_and_load_raw
[2026-02-09T11:49:39.361+0000] {task_command.py:426} INFO - Running <TaskInstance: stock_raw_aapl.download_and_load_raw manual__2026-02-09T11:49:37.571025+00:00 [running]> on host 4886d37bc122
[2026-02-09T11:49:39.450+0000] {taskinstance.py:2648} INFO - Exporting env vars: AIRFLOW_CTX_DAG_OWNER='***' AIRFLOW_CTX_DAG_ID='stock_raw_aapl' AIRFLOW_CTX_TASK_ID='download_and_load_raw' AIRFLOW_CTX_EXECUTION_DATE='2026-02-09T11:49:37.571025+00:00' AIRFLOW_CTX_TRY_NUMBER='1' AIRFLOW_CTX_DAG_RUN_ID='manual__2026-02-09T11:49:37.571025+00:00'
[2026-02-09T11:49:39.453+0000] {taskinstance.py:430} INFO - ::endgroup::
[2026-02-09T11:49:39.463+0000] {stocks_raw_dags.py:37} INFO - 2026-02-08 00:00:00+00:00, 2026-02-09 00:00:00+00:00
[2026-02-09T11:49:39.464+0000] {logging_mixin.py:188} INFO - [RAW] Download AAPL [1d] 2026-02-07..2026-02-09
[2026-02-09T11:49:39.466+0000] {logging_mixin.py:188} WARNING - /opt/***/dags/stocks_dwh/raw/stocks_raw_dags.py:42 FutureWarning: YF.download() has changed argument auto_adjust default to True
[2026-02-09T11:49:39.476+0000] {logging_mixin.py:188} WARNING - /home/***/.local/lib/python3.12/site-packages/yfinance/scrapers/history.py:204 Pandas4Warning: Timestamp.utcnow is deprecated and will be removed in a future version. Use Timestamp.now('UTC') instead.
[2026-02-09T11:49:40.018+0000] {logging_mixin.py:188} WARNING - [*********************100%***********************]  1 of 1 completed
[2026-02-09T11:49:40.043+0000] {taskinstance.py:441} INFO - ::group::Post task execution logs
[2026-02-09T11:49:40.044+0000] {taskinstance.py:2905} ERROR - Task failed with exception
Traceback (most recent call last):
  File "/home/airflow/.local/lib/python3.12/site-packages/airflow/models/taskinstance.py", line 465, in _execute_task
    result = _execute_callable(context=context, **execute_callable_kwargs)
             ^^^^^^^^^^^^^^^^^^^^^^^^^^^^^^^^^^^^^^^^^^^^^^^^^^^^^^^^^^^^^
  File "/home/airflow/.local/lib/python3.12/site-packages/airflow/models/taskinstance.py", line 432, in _execute_callable
    return execute_callable(context=context, **execute_callable_kwargs)
           ^^^^^^^^^^^^^^^^^^^^^^^^^^^^^^^^^^^^^^^^^^^^^^^^^^^^^^^^^^^^
  File "/home/airflow/.local/lib/python3.12/site-packages/airflow/models/baseoperator.py", line 401, in wrapper
    return func(self, *args, **kwargs)
           ^^^^^^^^^^^^^^^^^^^^^^^^^^^
  File "/home/airflow/.local/lib/python3.12/site-packages/airflow/operators/python.py", line 235, in execute
    return_value = self.execute_callable()
                   ^^^^^^^^^^^^^^^^^^^^^^^
  File "/home/airflow/.local/lib/python3.12/site-packages/airflow/operators/python.py", line 252, in execute_callable
    return self.python_callable(*self.op_args, **self.op_kwargs)
           ^^^^^^^^^^^^^^^^^^^^^^^^^^^^^^^^^^^^^^^^^^^^^^^^^^^^^
  File "/opt/airflow/dags/stocks_dwh/raw/stocks_raw_dags.py", line 90, in download_and_load_raw
    df["volume"] = pd.to_numeric(df["volume"], errors="coerce").fillna(0).astype("int64")
                   ^^^^^^^^^^^^^^^^^^^^^^^^^^^^^^^^^^^^^^^^^^^^
  File "/home/airflow/.local/lib/python3.12/site-packages/pandas/core/tools/numeric.py", line 212, in to_numeric
    raise TypeError("arg must be a list, tuple, 1-d array, or Series")
TypeError: arg must be a list, tuple, 1-d array, or Series
[2026-02-09T11:49:40.059+0000] {taskinstance.py:1206} INFO - Marking task as FAILED. dag_id=stock_raw_aapl, task_id=download_and_load_raw, run_id=manual__2026-02-09T11:49:37.571025+00:00, execution_date=20260209T114937, start_date=20260209T114939, end_date=20260209T114940
[2026-02-09T11:49:40.071+0000] {standard_task_runner.py:110} ERROR - Failed to execute job 6692 for task download_and_load_raw (arg must be a list, tuple, 1-d array, or Series; 12653)
[2026-02-09T11:49:40.116+0000] {local_task_job_runner.py:243} INFO - Task exited with return code 1
[2026-02-09T11:49:40.133+0000] {taskinstance.py:3503} INFO - 0 downstream tasks scheduled from follow-on schedule check
[2026-02-09T11:49:40.135+0000] {local_task_job_runner.py:222} INFO - ::endgroup::
