[2026-02-09T10:33:15.389+0000] {local_task_job_runner.py:120} INFO - ::group::Pre task execution logs
[2026-02-09T10:33:15.436+0000] {taskinstance.py:2076} INFO - Dependencies all met for dep_context=non-requeueable deps ti=<TaskInstance: stock_raw_nvda.download_and_load_raw scheduled__2025-04-09T00:00:00+00:00 [queued]>
[2026-02-09T10:33:15.449+0000] {taskinstance.py:2076} INFO - Dependencies all met for dep_context=requeueable deps ti=<TaskInstance: stock_raw_nvda.download_and_load_raw scheduled__2025-04-09T00:00:00+00:00 [queued]>
[2026-02-09T10:33:15.450+0000] {taskinstance.py:2306} INFO - Starting attempt 1 of 1
[2026-02-09T10:33:15.471+0000] {taskinstance.py:2330} INFO - Executing <Task(PythonOperator): download_and_load_raw> on 2025-04-09 00:00:00+00:00
[2026-02-09T10:33:15.493+0000] {logging_mixin.py:188} WARNING - /home/***/.local/lib/python3.12/site-packages/***/task/task_runner/standard_task_runner.py:62 DeprecationWarning: This process (pid=4574) is multi-threaded, use of fork() may lead to deadlocks in the child.
[2026-02-09T10:33:15.495+0000] {standard_task_runner.py:64} INFO - Started process 4586 to run task
[2026-02-09T10:33:15.493+0000] {standard_task_runner.py:90} INFO - Running: ['***', 'tasks', 'run', 'stock_raw_nvda', 'download_and_load_raw', 'scheduled__2025-04-09T00:00:00+00:00', '--job-id', '5135', '--raw', '--subdir', 'DAGS_FOLDER/stocks_dwh/raw/stocks_raw_dags.py', '--cfg-path', '/tmp/tmphi39_p1v']
[2026-02-09T10:33:15.497+0000] {standard_task_runner.py:91} INFO - Job 5135: Subtask download_and_load_raw
[2026-02-09T10:33:15.584+0000] {task_command.py:426} INFO - Running <TaskInstance: stock_raw_nvda.download_and_load_raw scheduled__2025-04-09T00:00:00+00:00 [running]> on host 4886d37bc122
[2026-02-09T10:33:15.751+0000] {taskinstance.py:2648} INFO - Exporting env vars: AIRFLOW_CTX_DAG_OWNER='***' AIRFLOW_CTX_DAG_ID='stock_raw_nvda' AIRFLOW_CTX_TASK_ID='download_and_load_raw' AIRFLOW_CTX_EXECUTION_DATE='2025-04-09T00:00:00+00:00' AIRFLOW_CTX_TRY_NUMBER='1' AIRFLOW_CTX_DAG_RUN_ID='scheduled__2025-04-09T00:00:00+00:00'
[2026-02-09T10:33:15.753+0000] {taskinstance.py:430} INFO - ::endgroup::
[2026-02-09T10:33:15.781+0000] {logging_mixin.py:188} INFO - [RAW] Download NVDA [1d] 2025-04-09..2025-04-10
[2026-02-09T10:33:15.785+0000] {logging_mixin.py:188} WARNING - /opt/***/dags/stocks_dwh/raw/stocks_raw_dags.py:38 FutureWarning: YF.download() has changed argument auto_adjust default to True
[2026-02-09T10:33:15.801+0000] {logging_mixin.py:188} WARNING - /home/***/.local/lib/python3.12/site-packages/yfinance/scrapers/history.py:204 Pandas4Warning: Timestamp.utcnow is deprecated and will be removed in a future version. Use Timestamp.now('UTC') instead.
[2026-02-09T10:33:16.364+0000] {taskinstance.py:441} INFO - ::group::Post task execution logs
[2026-02-09T10:33:16.366+0000] {taskinstance.py:2905} ERROR - Task failed with exception
Traceback (most recent call last):
  File "/home/airflow/.local/lib/python3.12/site-packages/airflow/models/taskinstance.py", line 465, in _execute_task
    result = _execute_callable(context=context, **execute_callable_kwargs)
             ^^^^^^^^^^^^^^^^^^^^^^^^^^^^^^^^^^^^^^^^^^^^^^^^^^^^^^^^^^^^^
  File "/home/airflow/.local/lib/python3.12/site-packages/airflow/models/taskinstance.py", line 432, in _execute_callable
    return execute_callable(context=context, **execute_callable_kwargs)
           ^^^^^^^^^^^^^^^^^^^^^^^^^^^^^^^^^^^^^^^^^^^^^^^^^^^^^^^^^^^^
  File "/home/airflow/.local/lib/python3.12/site-packages/airflow/models/baseoperator.py", line 401, in wrapper
    return func(self, *args, **kwargs)
           ^^^^^^^^^^^^^^^^^^^^^^^^^^^
  File "/home/airflow/.local/lib/python3.12/site-packages/airflow/operators/python.py", line 235, in execute
    return_value = self.execute_callable()
                   ^^^^^^^^^^^^^^^^^^^^^^^
  File "/home/airflow/.local/lib/python3.12/site-packages/airflow/operators/python.py", line 252, in execute_callable
    return self.python_callable(*self.op_args, **self.op_kwargs)
           ^^^^^^^^^^^^^^^^^^^^^^^^^^^^^^^^^^^^^^^^^^^^^^^^^^^^^
  File "/opt/airflow/dags/stocks_dwh/raw/stocks_raw_dags.py", line 86, in download_and_load_raw
    df["volume"] = pd.to_numeric(df["volume"], errors="coerce").fillna(0).astype("int64")
                   ^^^^^^^^^^^^^^^^^^^^^^^^^^^^^^^^^^^^^^^^^^^^
  File "/home/airflow/.local/lib/python3.12/site-packages/pandas/core/tools/numeric.py", line 212, in to_numeric
    raise TypeError("arg must be a list, tuple, 1-d array, or Series")
TypeError: arg must be a list, tuple, 1-d array, or Series
[2026-02-09T10:33:16.390+0000] {taskinstance.py:1206} INFO - Marking task as FAILED. dag_id=stock_raw_nvda, task_id=download_and_load_raw, run_id=scheduled__2025-04-09T00:00:00+00:00, execution_date=20250409T000000, start_date=20260209T103315, end_date=20260209T103316
[2026-02-09T10:33:16.410+0000] {standard_task_runner.py:110} ERROR - Failed to execute job 5135 for task download_and_load_raw (arg must be a list, tuple, 1-d array, or Series; 4586)
[2026-02-09T10:33:16.476+0000] {local_task_job_runner.py:243} INFO - Task exited with return code 1
[2026-02-09T10:33:16.502+0000] {taskinstance.py:3503} INFO - 0 downstream tasks scheduled from follow-on schedule check
[2026-02-09T10:33:16.504+0000] {local_task_job_runner.py:222} INFO - ::endgroup::
