[2026-02-09T10:30:17.396+0000] {local_task_job_runner.py:120} INFO - ::group::Pre task execution logs
[2026-02-09T10:30:17.426+0000] {taskinstance.py:2076} INFO - Dependencies all met for dep_context=non-requeueable deps ti=<TaskInstance: stock_raw_aapl.download_and_load_raw scheduled__2025-02-14T00:00:00+00:00 [queued]>
[2026-02-09T10:30:17.437+0000] {taskinstance.py:2076} INFO - Dependencies all met for dep_context=requeueable deps ti=<TaskInstance: stock_raw_aapl.download_and_load_raw scheduled__2025-02-14T00:00:00+00:00 [queued]>
[2026-02-09T10:30:17.438+0000] {taskinstance.py:2306} INFO - Starting attempt 1 of 1
[2026-02-09T10:30:17.451+0000] {taskinstance.py:2330} INFO - Executing <Task(PythonOperator): download_and_load_raw> on 2025-02-14 00:00:00+00:00
[2026-02-09T10:30:17.464+0000] {logging_mixin.py:188} WARNING - /home/***/.local/lib/python3.12/site-packages/***/task/task_runner/standard_task_runner.py:62 DeprecationWarning: This process (pid=3410) is multi-threaded, use of fork() may lead to deadlocks in the child.
[2026-02-09T10:30:17.466+0000] {standard_task_runner.py:64} INFO - Started process 3430 to run task
[2026-02-09T10:30:17.466+0000] {standard_task_runner.py:90} INFO - Running: ['***', 'tasks', 'run', 'stock_raw_aapl', 'download_and_load_raw', 'scheduled__2025-02-14T00:00:00+00:00', '--job-id', '4863', '--raw', '--subdir', 'DAGS_FOLDER/stocks_dwh/raw/stocks_raw_dags.py', '--cfg-path', '/tmp/tmpkb_23bjp']
[2026-02-09T10:30:17.469+0000] {standard_task_runner.py:91} INFO - Job 4863: Subtask download_and_load_raw
[2026-02-09T10:30:17.539+0000] {task_command.py:426} INFO - Running <TaskInstance: stock_raw_aapl.download_and_load_raw scheduled__2025-02-14T00:00:00+00:00 [running]> on host 4886d37bc122
[2026-02-09T10:30:17.634+0000] {taskinstance.py:2648} INFO - Exporting env vars: AIRFLOW_CTX_DAG_OWNER='***' AIRFLOW_CTX_DAG_ID='stock_raw_aapl' AIRFLOW_CTX_TASK_ID='download_and_load_raw' AIRFLOW_CTX_EXECUTION_DATE='2025-02-14T00:00:00+00:00' AIRFLOW_CTX_TRY_NUMBER='1' AIRFLOW_CTX_DAG_RUN_ID='scheduled__2025-02-14T00:00:00+00:00'
[2026-02-09T10:30:17.635+0000] {taskinstance.py:430} INFO - ::endgroup::
[2026-02-09T10:30:17.645+0000] {logging_mixin.py:188} INFO - [RAW] Download AAPL [1d] 2025-02-14..2025-02-15
[2026-02-09T10:30:17.648+0000] {logging_mixin.py:188} WARNING - /opt/***/dags/stocks_dwh/raw/stocks_raw_dags.py:38 FutureWarning: YF.download() has changed argument auto_adjust default to True
[2026-02-09T10:30:17.659+0000] {logging_mixin.py:188} WARNING - /home/***/.local/lib/python3.12/site-packages/yfinance/scrapers/history.py:204 Pandas4Warning: Timestamp.utcnow is deprecated and will be removed in a future version. Use Timestamp.now('UTC') instead.
[2026-02-09T10:30:18.188+0000] {taskinstance.py:441} INFO - ::group::Post task execution logs
[2026-02-09T10:30:18.189+0000] {taskinstance.py:2905} ERROR - Task failed with exception
Traceback (most recent call last):
  File "/home/airflow/.local/lib/python3.12/site-packages/airflow/models/taskinstance.py", line 465, in _execute_task
    result = _execute_callable(context=context, **execute_callable_kwargs)
             ^^^^^^^^^^^^^^^^^^^^^^^^^^^^^^^^^^^^^^^^^^^^^^^^^^^^^^^^^^^^^
  File "/home/airflow/.local/lib/python3.12/site-packages/airflow/models/taskinstance.py", line 432, in _execute_callable
    return execute_callable(context=context, **execute_callable_kwargs)
           ^^^^^^^^^^^^^^^^^^^^^^^^^^^^^^^^^^^^^^^^^^^^^^^^^^^^^^^^^^^^
  File "/home/airflow/.local/lib/python3.12/site-packages/airflow/models/baseoperator.py", line 401, in wrapper
    return func(self, *args, **kwargs)
           ^^^^^^^^^^^^^^^^^^^^^^^^^^^
  File "/home/airflow/.local/lib/python3.12/site-packages/airflow/operators/python.py", line 235, in execute
    return_value = self.execute_callable()
                   ^^^^^^^^^^^^^^^^^^^^^^^
  File "/home/airflow/.local/lib/python3.12/site-packages/airflow/operators/python.py", line 252, in execute_callable
    return self.python_callable(*self.op_args, **self.op_kwargs)
           ^^^^^^^^^^^^^^^^^^^^^^^^^^^^^^^^^^^^^^^^^^^^^^^^^^^^^
  File "/opt/airflow/dags/stocks_dwh/raw/stocks_raw_dags.py", line 86, in download_and_load_raw
    df["volume"] = pd.to_numeric(df["volume"], errors="coerce").fillna(0).astype("int64")
                   ^^^^^^^^^^^^^^^^^^^^^^^^^^^^^^^^^^^^^^^^^^^^
  File "/home/airflow/.local/lib/python3.12/site-packages/pandas/core/tools/numeric.py", line 212, in to_numeric
    raise TypeError("arg must be a list, tuple, 1-d array, or Series")
TypeError: arg must be a list, tuple, 1-d array, or Series
[2026-02-09T10:30:18.205+0000] {taskinstance.py:1206} INFO - Marking task as FAILED. dag_id=stock_raw_aapl, task_id=download_and_load_raw, run_id=scheduled__2025-02-14T00:00:00+00:00, execution_date=20250214T000000, start_date=20260209T103017, end_date=20260209T103018
[2026-02-09T10:30:18.218+0000] {standard_task_runner.py:110} ERROR - Failed to execute job 4863 for task download_and_load_raw (arg must be a list, tuple, 1-d array, or Series; 3430)
[2026-02-09T10:30:18.241+0000] {local_task_job_runner.py:243} INFO - Task exited with return code 1
[2026-02-09T10:30:18.258+0000] {taskinstance.py:3503} INFO - 0 downstream tasks scheduled from follow-on schedule check
[2026-02-09T10:30:18.260+0000] {local_task_job_runner.py:222} INFO - ::endgroup::
[2026-02-09T12:32:05.823+0000] {local_task_job_runner.py:120} INFO - ::group::Pre task execution logs
[2026-02-09T12:32:05.850+0000] {taskinstance.py:2076} INFO - Dependencies all met for dep_context=non-requeueable deps ti=<TaskInstance: stock_raw_aapl.download_and_load_raw scheduled__2025-02-14T00:00:00+00:00 [queued]>
[2026-02-09T12:32:05.858+0000] {taskinstance.py:2076} INFO - Dependencies all met for dep_context=requeueable deps ti=<TaskInstance: stock_raw_aapl.download_and_load_raw scheduled__2025-02-14T00:00:00+00:00 [queued]>
[2026-02-09T12:32:05.858+0000] {taskinstance.py:2306} INFO - Starting attempt 1 of 1
[2026-02-09T12:32:05.869+0000] {taskinstance.py:2330} INFO - Executing <Task(PythonOperator): download_and_load_raw> on 2025-02-14 00:00:00+00:00
[2026-02-09T12:32:05.881+0000] {logging_mixin.py:188} WARNING - /home/***/.local/lib/python3.12/site-packages/***/task/task_runner/standard_task_runner.py:62 DeprecationWarning: This process (pid=17180) is multi-threaded, use of fork() may lead to deadlocks in the child.
[2026-02-09T12:32:05.882+0000] {standard_task_runner.py:64} INFO - Started process 17184 to run task
[2026-02-09T12:32:05.881+0000] {standard_task_runner.py:90} INFO - Running: ['***', 'tasks', 'run', 'stock_raw_aapl', 'download_and_load_raw', 'scheduled__2025-02-14T00:00:00+00:00', '--job-id', '7572', '--raw', '--subdir', 'DAGS_FOLDER/stocks_dwh/raw/stocks_raw_dags.py', '--cfg-path', '/tmp/tmp5d_vl08y']
[2026-02-09T12:32:05.883+0000] {standard_task_runner.py:91} INFO - Job 7572: Subtask download_and_load_raw
[2026-02-09T12:32:05.943+0000] {task_command.py:426} INFO - Running <TaskInstance: stock_raw_aapl.download_and_load_raw scheduled__2025-02-14T00:00:00+00:00 [running]> on host 4886d37bc122
[2026-02-09T12:32:06.031+0000] {taskinstance.py:2648} INFO - Exporting env vars: AIRFLOW_CTX_DAG_OWNER='***' AIRFLOW_CTX_DAG_ID='stock_raw_aapl' AIRFLOW_CTX_TASK_ID='download_and_load_raw' AIRFLOW_CTX_EXECUTION_DATE='2025-02-14T00:00:00+00:00' AIRFLOW_CTX_TRY_NUMBER='1' AIRFLOW_CTX_DAG_RUN_ID='scheduled__2025-02-14T00:00:00+00:00'
[2026-02-09T12:32:06.032+0000] {taskinstance.py:430} INFO - ::endgroup::
[2026-02-09T12:32:06.042+0000] {stocks_raw_dags.py:37} INFO - 2025-02-14 00:00:00+00:00, 2025-02-15 00:00:00+00:00
[2026-02-09T12:32:06.043+0000] {logging_mixin.py:188} INFO - [RAW] Download AAPL [1d] 2025-02-13..2025-02-15
[2026-02-09T12:32:06.045+0000] {logging_mixin.py:188} WARNING - /opt/***/dags/stocks_dwh/raw/stocks_raw_dags.py:42 FutureWarning: YF.download() has changed argument auto_adjust default to True
[2026-02-09T12:32:06.053+0000] {logging_mixin.py:188} WARNING - /home/***/.local/lib/python3.12/site-packages/yfinance/scrapers/history.py:204 Pandas4Warning: Timestamp.utcnow is deprecated and will be removed in a future version. Use Timestamp.now('UTC') instead.
[2026-02-09T12:32:07.900+0000] {logging_mixin.py:188} WARNING - [*********************100%***********************]  1 of 1 completed
[2026-02-09T12:32:07.938+0000] {base.py:84} INFO - Using connection ID 'dwh_clickhouse' for task execution.
[2026-02-09T12:32:07.965+0000] {logging_mixin.py:188} INFO - [RAW] Deleted existing rows for AAPL in 2025-02-13..2025-02-15
[2026-02-09T12:32:07.973+0000] {logging_mixin.py:188} INFO - [RAW] Inserted 2 rows into dwh.raw_stock_prices
[2026-02-09T12:32:07.974+0000] {python.py:237} INFO - Done. Returned value was: None
[2026-02-09T12:32:07.975+0000] {taskinstance.py:441} INFO - ::group::Post task execution logs
[2026-02-09T12:32:07.985+0000] {taskinstance.py:1206} INFO - Marking task as SUCCESS. dag_id=stock_raw_aapl, task_id=download_and_load_raw, run_id=scheduled__2025-02-14T00:00:00+00:00, execution_date=20250214T000000, start_date=20260209T123205, end_date=20260209T123207
[2026-02-09T12:32:08.063+0000] {local_task_job_runner.py:243} INFO - Task exited with return code 0
[2026-02-09T12:32:08.080+0000] {taskinstance.py:3503} INFO - 0 downstream tasks scheduled from follow-on schedule check
[2026-02-09T12:32:08.082+0000] {local_task_job_runner.py:222} INFO - ::endgroup::
