[2026-02-09T10:46:39.705+0000] {local_task_job_runner.py:120} INFO - ::group::Pre task execution logs
[2026-02-09T10:46:39.734+0000] {taskinstance.py:2076} INFO - Dependencies all met for dep_context=non-requeueable deps ti=<TaskInstance: stock_raw_aapl.download_and_load_raw scheduled__2025-12-14T00:00:00+00:00 [queued]>
[2026-02-09T10:46:39.741+0000] {taskinstance.py:2076} INFO - Dependencies all met for dep_context=requeueable deps ti=<TaskInstance: stock_raw_aapl.download_and_load_raw scheduled__2025-12-14T00:00:00+00:00 [queued]>
[2026-02-09T10:46:39.742+0000] {taskinstance.py:2306} INFO - Starting attempt 1 of 1
[2026-02-09T10:46:39.754+0000] {taskinstance.py:2330} INFO - Executing <Task(PythonOperator): download_and_load_raw> on 2025-12-14 00:00:00+00:00
[2026-02-09T10:46:39.766+0000] {logging_mixin.py:188} WARNING - /home/***/.local/lib/python3.12/site-packages/***/task/task_runner/standard_task_runner.py:62 DeprecationWarning: This process (pid=9759) is multi-threaded, use of fork() may lead to deadlocks in the child.
[2026-02-09T10:46:39.768+0000] {standard_task_runner.py:64} INFO - Started process 9769 to run task
[2026-02-09T10:46:39.766+0000] {standard_task_runner.py:90} INFO - Running: ['***', 'tasks', 'run', 'stock_raw_aapl', 'download_and_load_raw', 'scheduled__2025-12-14T00:00:00+00:00', '--job-id', '6352', '--raw', '--subdir', 'DAGS_FOLDER/stocks_dwh/raw/stocks_raw_dags.py', '--cfg-path', '/tmp/tmpo1ihn6b2']
[2026-02-09T10:46:39.769+0000] {standard_task_runner.py:91} INFO - Job 6352: Subtask download_and_load_raw
[2026-02-09T10:46:39.839+0000] {task_command.py:426} INFO - Running <TaskInstance: stock_raw_aapl.download_and_load_raw scheduled__2025-12-14T00:00:00+00:00 [running]> on host 4886d37bc122
[2026-02-09T10:46:39.935+0000] {taskinstance.py:2648} INFO - Exporting env vars: AIRFLOW_CTX_DAG_OWNER='***' AIRFLOW_CTX_DAG_ID='stock_raw_aapl' AIRFLOW_CTX_TASK_ID='download_and_load_raw' AIRFLOW_CTX_EXECUTION_DATE='2025-12-14T00:00:00+00:00' AIRFLOW_CTX_TRY_NUMBER='1' AIRFLOW_CTX_DAG_RUN_ID='scheduled__2025-12-14T00:00:00+00:00'
[2026-02-09T10:46:39.937+0000] {taskinstance.py:430} INFO - ::endgroup::
[2026-02-09T10:46:39.948+0000] {logging_mixin.py:188} INFO - [RAW] Download AAPL [1d] 2025-12-14..2025-12-15
[2026-02-09T10:46:39.951+0000] {logging_mixin.py:188} WARNING - /opt/***/dags/stocks_dwh/raw/stocks_raw_dags.py:38 FutureWarning: YF.download() has changed argument auto_adjust default to True
[2026-02-09T10:46:39.959+0000] {logging_mixin.py:188} WARNING - /home/***/.local/lib/python3.12/site-packages/yfinance/scrapers/history.py:204 Pandas4Warning: Timestamp.utcnow is deprecated and will be removed in a future version. Use Timestamp.now('UTC') instead.
[2026-02-09T10:46:40.471+0000] {multi.py:185} ERROR - 
1 Failed download:
[2026-02-09T10:46:40.472+0000] {multi.py:198} ERROR - ['AAPL']: YFPricesMissingError('possibly delisted; no price data found  (1d 2025-12-14 -> 2025-12-15)')
[2026-02-09T10:46:40.483+0000] {logging_mixin.py:188} INFO - [RAW] No data from yfinance
[2026-02-09T10:46:40.484+0000] {python.py:237} INFO - Done. Returned value was: None
[2026-02-09T10:46:40.484+0000] {taskinstance.py:441} INFO - ::group::Post task execution logs
[2026-02-09T10:46:40.494+0000] {taskinstance.py:1206} INFO - Marking task as SUCCESS. dag_id=stock_raw_aapl, task_id=download_and_load_raw, run_id=scheduled__2025-12-14T00:00:00+00:00, execution_date=20251214T000000, start_date=20260209T104639, end_date=20260209T104640
[2026-02-09T10:46:40.543+0000] {local_task_job_runner.py:243} INFO - Task exited with return code 0
[2026-02-09T10:46:40.560+0000] {taskinstance.py:3503} INFO - 0 downstream tasks scheduled from follow-on schedule check
[2026-02-09T10:46:40.562+0000] {local_task_job_runner.py:222} INFO - ::endgroup::
[2026-02-09T12:48:31.777+0000] {local_task_job_runner.py:120} INFO - ::group::Pre task execution logs
[2026-02-09T12:48:31.825+0000] {taskinstance.py:2076} INFO - Dependencies all met for dep_context=non-requeueable deps ti=<TaskInstance: stock_raw_aapl.download_and_load_raw scheduled__2025-12-14T00:00:00+00:00 [queued]>
[2026-02-09T12:48:31.842+0000] {taskinstance.py:2076} INFO - Dependencies all met for dep_context=requeueable deps ti=<TaskInstance: stock_raw_aapl.download_and_load_raw scheduled__2025-12-14T00:00:00+00:00 [queued]>
[2026-02-09T12:48:31.843+0000] {taskinstance.py:2306} INFO - Starting attempt 1 of 1
[2026-02-09T12:48:31.864+0000] {taskinstance.py:2330} INFO - Executing <Task(PythonOperator): download_and_load_raw> on 2025-12-14 00:00:00+00:00
[2026-02-09T12:48:31.883+0000] {logging_mixin.py:188} WARNING - /home/***/.local/lib/python3.12/site-packages/***/task/task_runner/standard_task_runner.py:62 DeprecationWarning: This process (pid=18897) is multi-threaded, use of fork() may lead to deadlocks in the child.
[2026-02-09T12:48:31.886+0000] {standard_task_runner.py:64} INFO - Started process 18899 to run task
[2026-02-09T12:48:31.885+0000] {standard_task_runner.py:90} INFO - Running: ['***', 'tasks', 'run', 'stock_raw_aapl', 'download_and_load_raw', 'scheduled__2025-12-14T00:00:00+00:00', '--job-id', '7905', '--raw', '--subdir', 'DAGS_FOLDER/stocks_dwh/raw/stocks_raw_dags.py', '--cfg-path', '/tmp/tmpzknwmhd2']
[2026-02-09T12:48:31.888+0000] {standard_task_runner.py:91} INFO - Job 7905: Subtask download_and_load_raw
[2026-02-09T12:48:31.973+0000] {task_command.py:426} INFO - Running <TaskInstance: stock_raw_aapl.download_and_load_raw scheduled__2025-12-14T00:00:00+00:00 [running]> on host 4886d37bc122
[2026-02-09T12:48:32.072+0000] {taskinstance.py:2648} INFO - Exporting env vars: AIRFLOW_CTX_DAG_OWNER='***' AIRFLOW_CTX_DAG_ID='stock_raw_aapl' AIRFLOW_CTX_TASK_ID='download_and_load_raw' AIRFLOW_CTX_EXECUTION_DATE='2025-12-14T00:00:00+00:00' AIRFLOW_CTX_TRY_NUMBER='1' AIRFLOW_CTX_DAG_RUN_ID='scheduled__2025-12-14T00:00:00+00:00'
[2026-02-09T12:48:32.073+0000] {taskinstance.py:430} INFO - ::endgroup::
[2026-02-09T12:48:32.085+0000] {stocks_raw_dags.py:37} INFO - 2025-12-14 00:00:00+00:00, 2025-12-15 00:00:00+00:00
[2026-02-09T12:48:32.086+0000] {logging_mixin.py:188} INFO - [RAW] Download AAPL [1d] 2025-12-13..2025-12-15
[2026-02-09T12:48:32.088+0000] {logging_mixin.py:188} WARNING - /opt/***/dags/stocks_dwh/raw/stocks_raw_dags.py:42 FutureWarning: YF.download() has changed argument auto_adjust default to True
[2026-02-09T12:48:32.097+0000] {logging_mixin.py:188} WARNING - /home/***/.local/lib/python3.12/site-packages/yfinance/scrapers/history.py:204 Pandas4Warning: Timestamp.utcnow is deprecated and will be removed in a future version. Use Timestamp.now('UTC') instead.
[2026-02-09T12:48:32.586+0000] {logging_mixin.py:188} WARNING - [*********************100%***********************]  1 of 1 completed
[2026-02-09T12:48:32.587+0000] {multi.py:185} ERROR - 
1 Failed download:
[2026-02-09T12:48:32.589+0000] {multi.py:198} ERROR - ['AAPL']: YFPricesMissingError('possibly delisted; no price data found  (1d 2025-12-13 -> 2025-12-15)')
[2026-02-09T12:48:32.603+0000] {logging_mixin.py:188} INFO - [RAW] No data from yfinance
[2026-02-09T12:48:32.604+0000] {python.py:237} INFO - Done. Returned value was: None
[2026-02-09T12:48:32.605+0000] {taskinstance.py:441} INFO - ::group::Post task execution logs
[2026-02-09T12:48:32.617+0000] {taskinstance.py:1206} INFO - Marking task as SUCCESS. dag_id=stock_raw_aapl, task_id=download_and_load_raw, run_id=scheduled__2025-12-14T00:00:00+00:00, execution_date=20251214T000000, start_date=20260209T124831, end_date=20260209T124832
[2026-02-09T12:48:32.662+0000] {local_task_job_runner.py:243} INFO - Task exited with return code 0
[2026-02-09T12:48:32.680+0000] {taskinstance.py:3503} INFO - 0 downstream tasks scheduled from follow-on schedule check
[2026-02-09T12:48:32.683+0000] {local_task_job_runner.py:222} INFO - ::endgroup::
