[2026-02-09T10:07:06.723+0000] {local_task_job_runner.py:120} INFO - ::group::Pre task execution logs
[2026-02-09T10:07:06.758+0000] {taskinstance.py:2076} INFO - Dependencies all met for dep_context=non-requeueable deps ti=<TaskInstance: stock_raw_moex_sber.download scheduled__2024-01-28T00:00:00+00:00 [queued]>
[2026-02-09T10:07:06.770+0000] {taskinstance.py:2076} INFO - Dependencies all met for dep_context=requeueable deps ti=<TaskInstance: stock_raw_moex_sber.download scheduled__2024-01-28T00:00:00+00:00 [queued]>
[2026-02-09T10:07:06.771+0000] {taskinstance.py:2306} INFO - Starting attempt 1 of 1
[2026-02-09T10:07:06.786+0000] {taskinstance.py:2330} INFO - Executing <Task(PythonOperator): download> on 2024-01-28 00:00:00+00:00
[2026-02-09T10:07:06.801+0000] {logging_mixin.py:188} WARNING - /home/***/.local/lib/python3.12/site-packages/***/task/task_runner/standard_task_runner.py:62 DeprecationWarning: This process (pid=1591) is multi-threaded, use of fork() may lead to deadlocks in the child.
[2026-02-09T10:07:06.803+0000] {standard_task_runner.py:64} INFO - Started process 1597 to run task
[2026-02-09T10:07:06.801+0000] {standard_task_runner.py:90} INFO - Running: ['***', 'tasks', 'run', 'stock_raw_moex_sber', 'download', 'scheduled__2024-01-28T00:00:00+00:00', '--job-id', '2977', '--raw', '--subdir', 'DAGS_FOLDER/stocks_dwh/raw/stocks_raw_dags.py', '--cfg-path', '/tmp/tmpfu1d2ggc']
[2026-02-09T10:07:06.804+0000] {standard_task_runner.py:91} INFO - Job 2977: Subtask download
[2026-02-09T10:07:06.875+0000] {task_command.py:426} INFO - Running <TaskInstance: stock_raw_moex_sber.download scheduled__2024-01-28T00:00:00+00:00 [running]> on host b6b9e92e7d61
[2026-02-09T10:07:06.973+0000] {taskinstance.py:2648} INFO - Exporting env vars: AIRFLOW_CTX_DAG_OWNER='***' AIRFLOW_CTX_DAG_ID='stock_raw_moex_sber' AIRFLOW_CTX_TASK_ID='download' AIRFLOW_CTX_EXECUTION_DATE='2024-01-28T00:00:00+00:00' AIRFLOW_CTX_TRY_NUMBER='1' AIRFLOW_CTX_DAG_RUN_ID='scheduled__2024-01-28T00:00:00+00:00'
[2026-02-09T10:07:06.975+0000] {taskinstance.py:430} INFO - ::endgroup::
[2026-02-09T10:07:06.987+0000] {logging_mixin.py:188} INFO - Downloading MOEX.SBER [1d] from 2024-01-28 to 2024-01-29
[2026-02-09T10:07:06.989+0000] {logging_mixin.py:188} WARNING - /opt/***/dags/stocks_dwh/raw/stocks_raw_dags.py:25 FutureWarning: YF.download() has changed argument auto_adjust default to True
[2026-02-09T10:07:08.005+0000] {quote.py:592} ERROR - HTTP Error 404: {"quoteSummary":{"result":null,"error":{"code":"Not Found","description":"Quote not found for symbol: MOEX.SBER"}}}
[2026-02-09T10:07:08.049+0000] {logging_mixin.py:188} WARNING - /home/***/.local/lib/python3.12/site-packages/yfinance/scrapers/quote.py:700 Pandas4Warning: Timestamp.utcnow is deprecated and will be removed in a future version. Use Timestamp.now('UTC') instead.
[2026-02-09T10:07:08.052+0000] {logging_mixin.py:188} WARNING - /home/***/.local/lib/python3.12/site-packages/yfinance/scrapers/quote.py:702 Pandas4Warning: Timestamp.utcnow is deprecated and will be removed in a future version. Use Timestamp.now('UTC') instead.
[2026-02-09T10:07:08.104+0000] {multi.py:185} ERROR - 
1 Failed download:
[2026-02-09T10:07:08.105+0000] {multi.py:198} ERROR - ['MOEX.SBER']: YFTzMissingError('possibly delisted; no timezone found')
[2026-02-09T10:07:08.119+0000] {logging_mixin.py:188} INFO - No data
[2026-02-09T10:07:08.120+0000] {python.py:237} INFO - Done. Returned value was: None
[2026-02-09T10:07:08.120+0000] {taskinstance.py:441} INFO - ::group::Post task execution logs
[2026-02-09T10:07:08.129+0000] {taskinstance.py:1206} INFO - Marking task as SUCCESS. dag_id=stock_raw_moex_sber, task_id=download, run_id=scheduled__2024-01-28T00:00:00+00:00, execution_date=20240128T000000, start_date=20260209T100706, end_date=20260209T100708
[2026-02-09T10:07:08.181+0000] {local_task_job_runner.py:243} INFO - Task exited with return code 0
[2026-02-09T10:07:08.197+0000] {taskinstance.py:3503} INFO - 0 downstream tasks scheduled from follow-on schedule check
[2026-02-09T10:07:08.199+0000] {local_task_job_runner.py:222} INFO - ::endgroup::
