[2026-02-09T10:07:52.013+0000] {local_task_job_runner.py:120} INFO - ::group::Pre task execution logs
[2026-02-09T10:07:52.040+0000] {taskinstance.py:2076} INFO - Dependencies all met for dep_context=non-requeueable deps ti=<TaskInstance: stock_raw_nvda.download scheduled__2024-02-11T00:00:00+00:00 [queued]>
[2026-02-09T10:07:52.049+0000] {taskinstance.py:2076} INFO - Dependencies all met for dep_context=requeueable deps ti=<TaskInstance: stock_raw_nvda.download scheduled__2024-02-11T00:00:00+00:00 [queued]>
[2026-02-09T10:07:52.050+0000] {taskinstance.py:2306} INFO - Starting attempt 1 of 1
[2026-02-09T10:07:52.061+0000] {taskinstance.py:2330} INFO - Executing <Task(PythonOperator): download> on 2024-02-11 00:00:00+00:00
[2026-02-09T10:07:52.072+0000] {logging_mixin.py:188} WARNING - /home/***/.local/lib/python3.12/site-packages/***/task/task_runner/standard_task_runner.py:62 DeprecationWarning: This process (pid=1862) is multi-threaded, use of fork() may lead to deadlocks in the child.
[2026-02-09T10:07:52.074+0000] {standard_task_runner.py:64} INFO - Started process 1869 to run task
[2026-02-09T10:07:52.072+0000] {standard_task_runner.py:90} INFO - Running: ['***', 'tasks', 'run', 'stock_raw_nvda', 'download', 'scheduled__2024-02-11T00:00:00+00:00', '--job-id', '3040', '--raw', '--subdir', 'DAGS_FOLDER/stocks_dwh/raw/stocks_raw_dags.py', '--cfg-path', '/tmp/tmpeilrsn1d']
[2026-02-09T10:07:52.075+0000] {standard_task_runner.py:91} INFO - Job 3040: Subtask download
[2026-02-09T10:07:52.134+0000] {task_command.py:426} INFO - Running <TaskInstance: stock_raw_nvda.download scheduled__2024-02-11T00:00:00+00:00 [running]> on host b6b9e92e7d61
[2026-02-09T10:07:52.234+0000] {taskinstance.py:2648} INFO - Exporting env vars: AIRFLOW_CTX_DAG_OWNER='***' AIRFLOW_CTX_DAG_ID='stock_raw_nvda' AIRFLOW_CTX_TASK_ID='download' AIRFLOW_CTX_EXECUTION_DATE='2024-02-11T00:00:00+00:00' AIRFLOW_CTX_TRY_NUMBER='1' AIRFLOW_CTX_DAG_RUN_ID='scheduled__2024-02-11T00:00:00+00:00'
[2026-02-09T10:07:52.237+0000] {taskinstance.py:430} INFO - ::endgroup::
[2026-02-09T10:07:52.252+0000] {logging_mixin.py:188} INFO - Downloading NVDA [1d] from 2024-02-11 to 2024-02-12
[2026-02-09T10:07:52.255+0000] {logging_mixin.py:188} WARNING - /opt/***/dags/stocks_dwh/raw/stocks_raw_dags.py:25 FutureWarning: YF.download() has changed argument auto_adjust default to True
[2026-02-09T10:07:52.264+0000] {logging_mixin.py:188} WARNING - /home/***/.local/lib/python3.12/site-packages/yfinance/scrapers/history.py:204 Pandas4Warning: Timestamp.utcnow is deprecated and will be removed in a future version. Use Timestamp.now('UTC') instead.
[2026-02-09T10:07:52.712+0000] {multi.py:185} ERROR - 
1 Failed download:
[2026-02-09T10:07:52.713+0000] {multi.py:198} ERROR - ['NVDA']: YFPricesMissingError('possibly delisted; no price data found  (1d 2024-02-11 -> 2024-02-12)')
[2026-02-09T10:07:52.727+0000] {logging_mixin.py:188} INFO - No data
[2026-02-09T10:07:52.728+0000] {python.py:237} INFO - Done. Returned value was: None
[2026-02-09T10:07:52.728+0000] {taskinstance.py:441} INFO - ::group::Post task execution logs
[2026-02-09T10:07:52.737+0000] {taskinstance.py:1206} INFO - Marking task as SUCCESS. dag_id=stock_raw_nvda, task_id=download, run_id=scheduled__2024-02-11T00:00:00+00:00, execution_date=20240211T000000, start_date=20260209T100752, end_date=20260209T100752
[2026-02-09T10:07:52.769+0000] {local_task_job_runner.py:243} INFO - Task exited with return code 0
[2026-02-09T10:07:52.786+0000] {taskinstance.py:3503} INFO - 0 downstream tasks scheduled from follow-on schedule check
[2026-02-09T10:07:52.789+0000] {local_task_job_runner.py:222} INFO - ::endgroup::
