[2026-02-09T10:49:38.009+0000] {local_task_job_runner.py:120} INFO - ::group::Pre task execution logs
[2026-02-09T10:49:38.040+0000] {taskinstance.py:2076} INFO - Dependencies all met for dep_context=non-requeueable deps ti=<TaskInstance: stock_raw_aapl.download_and_load_raw scheduled__2026-02-08T00:00:00+00:00 [queued]>
[2026-02-09T10:49:38.049+0000] {taskinstance.py:2076} INFO - Dependencies all met for dep_context=requeueable deps ti=<TaskInstance: stock_raw_aapl.download_and_load_raw scheduled__2026-02-08T00:00:00+00:00 [queued]>
[2026-02-09T10:49:38.050+0000] {taskinstance.py:2306} INFO - Starting attempt 1 of 1
[2026-02-09T10:49:38.063+0000] {taskinstance.py:2330} INFO - Executing <Task(PythonOperator): download_and_load_raw> on 2026-02-08 00:00:00+00:00
[2026-02-09T10:49:38.076+0000] {logging_mixin.py:188} WARNING - /home/***/.local/lib/python3.12/site-packages/***/task/task_runner/standard_task_runner.py:62 DeprecationWarning: This process (pid=10942) is multi-threaded, use of fork() may lead to deadlocks in the child.
[2026-02-09T10:49:38.077+0000] {standard_task_runner.py:64} INFO - Started process 10950 to run task
[2026-02-09T10:49:38.076+0000] {standard_task_runner.py:90} INFO - Running: ['***', 'tasks', 'run', 'stock_raw_aapl', 'download_and_load_raw', 'scheduled__2026-02-08T00:00:00+00:00', '--job-id', '6630', '--raw', '--subdir', 'DAGS_FOLDER/stocks_dwh/raw/stocks_raw_dags.py', '--cfg-path', '/tmp/tmpu57jsfhn']
[2026-02-09T10:49:38.079+0000] {standard_task_runner.py:91} INFO - Job 6630: Subtask download_and_load_raw
[2026-02-09T10:49:38.146+0000] {task_command.py:426} INFO - Running <TaskInstance: stock_raw_aapl.download_and_load_raw scheduled__2026-02-08T00:00:00+00:00 [running]> on host 4886d37bc122
[2026-02-09T10:49:38.247+0000] {taskinstance.py:2648} INFO - Exporting env vars: AIRFLOW_CTX_DAG_OWNER='***' AIRFLOW_CTX_DAG_ID='stock_raw_aapl' AIRFLOW_CTX_TASK_ID='download_and_load_raw' AIRFLOW_CTX_EXECUTION_DATE='2026-02-08T00:00:00+00:00' AIRFLOW_CTX_TRY_NUMBER='1' AIRFLOW_CTX_DAG_RUN_ID='scheduled__2026-02-08T00:00:00+00:00'
[2026-02-09T10:49:38.248+0000] {taskinstance.py:430} INFO - ::endgroup::
[2026-02-09T10:49:38.260+0000] {logging_mixin.py:188} INFO - [RAW] Download AAPL [1d] 2026-02-08..2026-02-09
[2026-02-09T10:49:38.263+0000] {logging_mixin.py:188} WARNING - /opt/***/dags/stocks_dwh/raw/stocks_raw_dags.py:38 FutureWarning: YF.download() has changed argument auto_adjust default to True
[2026-02-09T10:49:38.272+0000] {logging_mixin.py:188} WARNING - /home/***/.local/lib/python3.12/site-packages/yfinance/scrapers/history.py:204 Pandas4Warning: Timestamp.utcnow is deprecated and will be removed in a future version. Use Timestamp.now('UTC') instead.
[2026-02-09T10:49:38.781+0000] {multi.py:185} ERROR - 
1 Failed download:
[2026-02-09T10:49:38.782+0000] {multi.py:198} ERROR - ['AAPL']: YFPricesMissingError('possibly delisted; no price data found  (1d 2026-02-08 -> 2026-02-09)')
[2026-02-09T10:49:38.796+0000] {logging_mixin.py:188} INFO - [RAW] No data from yfinance
[2026-02-09T10:49:38.797+0000] {python.py:237} INFO - Done. Returned value was: None
[2026-02-09T10:49:38.797+0000] {taskinstance.py:441} INFO - ::group::Post task execution logs
[2026-02-09T10:49:38.808+0000] {taskinstance.py:1206} INFO - Marking task as SUCCESS. dag_id=stock_raw_aapl, task_id=download_and_load_raw, run_id=scheduled__2026-02-08T00:00:00+00:00, execution_date=20260208T000000, start_date=20260209T104938, end_date=20260209T104938
[2026-02-09T10:49:38.853+0000] {local_task_job_runner.py:243} INFO - Task exited with return code 0
[2026-02-09T10:49:38.871+0000] {taskinstance.py:3503} INFO - 0 downstream tasks scheduled from follow-on schedule check
[2026-02-09T10:49:38.873+0000] {local_task_job_runner.py:222} INFO - ::endgroup::
[2026-02-09T12:51:40.785+0000] {local_task_job_runner.py:120} INFO - ::group::Pre task execution logs
[2026-02-09T12:51:40.817+0000] {taskinstance.py:2076} INFO - Dependencies all met for dep_context=non-requeueable deps ti=<TaskInstance: stock_raw_aapl.download_and_load_raw scheduled__2026-02-08T00:00:00+00:00 [queued]>
[2026-02-09T12:51:40.826+0000] {taskinstance.py:2076} INFO - Dependencies all met for dep_context=requeueable deps ti=<TaskInstance: stock_raw_aapl.download_and_load_raw scheduled__2026-02-08T00:00:00+00:00 [queued]>
[2026-02-09T12:51:40.826+0000] {taskinstance.py:2306} INFO - Starting attempt 1 of 1
[2026-02-09T12:51:40.841+0000] {taskinstance.py:2330} INFO - Executing <Task(PythonOperator): download_and_load_raw> on 2026-02-08 00:00:00+00:00
[2026-02-09T12:51:40.853+0000] {logging_mixin.py:188} WARNING - /home/***/.local/lib/python3.12/site-packages/***/task/task_runner/standard_task_runner.py:62 DeprecationWarning: This process (pid=19193) is multi-threaded, use of fork() may lead to deadlocks in the child.
[2026-02-09T12:51:40.855+0000] {standard_task_runner.py:64} INFO - Started process 19195 to run task
[2026-02-09T12:51:40.854+0000] {standard_task_runner.py:90} INFO - Running: ['***', 'tasks', 'run', 'stock_raw_aapl', 'download_and_load_raw', 'scheduled__2026-02-08T00:00:00+00:00', '--job-id', '7961', '--raw', '--subdir', 'DAGS_FOLDER/stocks_dwh/raw/stocks_raw_dags.py', '--cfg-path', '/tmp/tmpalvxnxyo']
[2026-02-09T12:51:40.856+0000] {standard_task_runner.py:91} INFO - Job 7961: Subtask download_and_load_raw
[2026-02-09T12:51:40.920+0000] {task_command.py:426} INFO - Running <TaskInstance: stock_raw_aapl.download_and_load_raw scheduled__2026-02-08T00:00:00+00:00 [running]> on host 4886d37bc122
[2026-02-09T12:51:41.028+0000] {taskinstance.py:2648} INFO - Exporting env vars: AIRFLOW_CTX_DAG_OWNER='***' AIRFLOW_CTX_DAG_ID='stock_raw_aapl' AIRFLOW_CTX_TASK_ID='download_and_load_raw' AIRFLOW_CTX_EXECUTION_DATE='2026-02-08T00:00:00+00:00' AIRFLOW_CTX_TRY_NUMBER='1' AIRFLOW_CTX_DAG_RUN_ID='scheduled__2026-02-08T00:00:00+00:00'
[2026-02-09T12:51:41.030+0000] {taskinstance.py:430} INFO - ::endgroup::
[2026-02-09T12:51:41.044+0000] {stocks_raw_dags.py:37} INFO - 2026-02-08 00:00:00+00:00, 2026-02-09 00:00:00+00:00
[2026-02-09T12:51:41.044+0000] {logging_mixin.py:188} INFO - [RAW] Download AAPL [1d] 2026-02-07..2026-02-09
[2026-02-09T12:51:41.047+0000] {logging_mixin.py:188} WARNING - /opt/***/dags/stocks_dwh/raw/stocks_raw_dags.py:42 FutureWarning: YF.download() has changed argument auto_adjust default to True
[2026-02-09T12:51:41.055+0000] {logging_mixin.py:188} WARNING - /home/***/.local/lib/python3.12/site-packages/yfinance/scrapers/history.py:204 Pandas4Warning: Timestamp.utcnow is deprecated and will be removed in a future version. Use Timestamp.now('UTC') instead.
[2026-02-09T12:51:41.588+0000] {logging_mixin.py:188} WARNING - [*********************100%***********************]  1 of 1 completed
[2026-02-09T12:51:41.630+0000] {base.py:84} INFO - Using connection ID 'dwh_clickhouse' for task execution.
[2026-02-09T12:51:41.673+0000] {logging_mixin.py:188} INFO - [RAW] Deleted existing rows for AAPL in 2026-02-07..2026-02-09
[2026-02-09T12:51:41.685+0000] {logging_mixin.py:188} INFO - [RAW] Inserted 1 rows into dwh.raw_stock_prices
[2026-02-09T12:51:41.686+0000] {python.py:237} INFO - Done. Returned value was: None
[2026-02-09T12:51:41.687+0000] {taskinstance.py:441} INFO - ::group::Post task execution logs
[2026-02-09T12:51:41.700+0000] {taskinstance.py:1206} INFO - Marking task as SUCCESS. dag_id=stock_raw_aapl, task_id=download_and_load_raw, run_id=scheduled__2026-02-08T00:00:00+00:00, execution_date=20260208T000000, start_date=20260209T125140, end_date=20260209T125141
[2026-02-09T12:51:41.752+0000] {local_task_job_runner.py:243} INFO - Task exited with return code 0
[2026-02-09T12:51:41.775+0000] {taskinstance.py:3503} INFO - 0 downstream tasks scheduled from follow-on schedule check
[2026-02-09T12:51:41.781+0000] {local_task_job_runner.py:222} INFO - ::endgroup::
