[2026-02-09T10:18:34.503+0000] {local_task_job_runner.py:120} INFO - ::group::Pre task execution logs
[2026-02-09T10:18:34.537+0000] {taskinstance.py:2076} INFO - Dependencies all met for dep_context=non-requeueable deps ti=<TaskInstance: stock_raw_aapl.download_and_load_raw scheduled__2024-08-18T00:00:00+00:00 [queued]>
[2026-02-09T10:18:34.548+0000] {taskinstance.py:2076} INFO - Dependencies all met for dep_context=requeueable deps ti=<TaskInstance: stock_raw_aapl.download_and_load_raw scheduled__2024-08-18T00:00:00+00:00 [queued]>
[2026-02-09T10:18:34.549+0000] {taskinstance.py:2306} INFO - Starting attempt 1 of 1
[2026-02-09T10:18:34.564+0000] {taskinstance.py:2330} INFO - Executing <Task(PythonOperator): download_and_load_raw> on 2024-08-18 00:00:00+00:00
[2026-02-09T10:18:34.579+0000] {logging_mixin.py:188} WARNING - /home/***/.local/lib/python3.12/site-packages/***/task/task_runner/standard_task_runner.py:62 DeprecationWarning: This process (pid=5847) is multi-threaded, use of fork() may lead to deadlocks in the child.
[2026-02-09T10:18:34.581+0000] {standard_task_runner.py:64} INFO - Started process 5854 to run task
[2026-02-09T10:18:34.579+0000] {standard_task_runner.py:90} INFO - Running: ['***', 'tasks', 'run', 'stock_raw_aapl', 'download_and_load_raw', 'scheduled__2024-08-18T00:00:00+00:00', '--job-id', '3968', '--raw', '--subdir', 'DAGS_FOLDER/stocks_dwh/raw/stocks_raw_dags.py', '--cfg-path', '/tmp/tmpuxwbwfr3']
[2026-02-09T10:18:34.583+0000] {standard_task_runner.py:91} INFO - Job 3968: Subtask download_and_load_raw
[2026-02-09T10:18:34.648+0000] {task_command.py:426} INFO - Running <TaskInstance: stock_raw_aapl.download_and_load_raw scheduled__2024-08-18T00:00:00+00:00 [running]> on host b6b9e92e7d61
[2026-02-09T10:18:34.743+0000] {taskinstance.py:2648} INFO - Exporting env vars: AIRFLOW_CTX_DAG_OWNER='***' AIRFLOW_CTX_DAG_ID='stock_raw_aapl' AIRFLOW_CTX_TASK_ID='download_and_load_raw' AIRFLOW_CTX_EXECUTION_DATE='2024-08-18T00:00:00+00:00' AIRFLOW_CTX_TRY_NUMBER='1' AIRFLOW_CTX_DAG_RUN_ID='scheduled__2024-08-18T00:00:00+00:00'
[2026-02-09T10:18:34.745+0000] {taskinstance.py:430} INFO - ::endgroup::
[2026-02-09T10:18:34.757+0000] {logging_mixin.py:188} INFO - [RAW] Download AAPL [1d] 2024-08-18..2024-08-19
[2026-02-09T10:18:34.759+0000] {logging_mixin.py:188} WARNING - /opt/***/dags/stocks_dwh/raw/stocks_raw_dags.py:38 FutureWarning: YF.download() has changed argument auto_adjust default to True
[2026-02-09T10:18:34.768+0000] {logging_mixin.py:188} WARNING - /home/***/.local/lib/python3.12/site-packages/yfinance/scrapers/history.py:204 Pandas4Warning: Timestamp.utcnow is deprecated and will be removed in a future version. Use Timestamp.now('UTC') instead.
[2026-02-09T10:18:35.268+0000] {multi.py:185} ERROR - 
1 Failed download:
[2026-02-09T10:18:35.268+0000] {multi.py:198} ERROR - ['AAPL']: YFPricesMissingError('possibly delisted; no price data found  (1d 2024-08-18 -> 2024-08-19)')
[2026-02-09T10:18:35.283+0000] {logging_mixin.py:188} INFO - [RAW] No data from yfinance
[2026-02-09T10:18:35.287+0000] {python.py:237} INFO - Done. Returned value was: None
[2026-02-09T10:18:35.289+0000] {taskinstance.py:441} INFO - ::group::Post task execution logs
[2026-02-09T10:18:35.298+0000] {taskinstance.py:1206} INFO - Marking task as SUCCESS. dag_id=stock_raw_aapl, task_id=download_and_load_raw, run_id=scheduled__2024-08-18T00:00:00+00:00, execution_date=20240818T000000, start_date=20260209T101834, end_date=20260209T101835
[2026-02-09T10:18:35.359+0000] {local_task_job_runner.py:243} INFO - Task exited with return code 0
[2026-02-09T10:18:35.378+0000] {taskinstance.py:3503} INFO - 0 downstream tasks scheduled from follow-on schedule check
[2026-02-09T10:18:35.383+0000] {local_task_job_runner.py:222} INFO - ::endgroup::
[2026-02-09T12:22:32.570+0000] {local_task_job_runner.py:120} INFO - ::group::Pre task execution logs
[2026-02-09T12:22:32.601+0000] {taskinstance.py:2076} INFO - Dependencies all met for dep_context=non-requeueable deps ti=<TaskInstance: stock_raw_aapl.download_and_load_raw scheduled__2024-08-18T00:00:00+00:00 [queued]>
[2026-02-09T12:22:32.609+0000] {taskinstance.py:2076} INFO - Dependencies all met for dep_context=requeueable deps ti=<TaskInstance: stock_raw_aapl.download_and_load_raw scheduled__2024-08-18T00:00:00+00:00 [queued]>
[2026-02-09T12:22:32.610+0000] {taskinstance.py:2306} INFO - Starting attempt 1 of 1
[2026-02-09T12:22:32.621+0000] {taskinstance.py:2330} INFO - Executing <Task(PythonOperator): download_and_load_raw> on 2024-08-18 00:00:00+00:00
[2026-02-09T12:22:32.632+0000] {logging_mixin.py:188} WARNING - /home/***/.local/lib/python3.12/site-packages/***/task/task_runner/standard_task_runner.py:62 DeprecationWarning: This process (pid=15512) is multi-threaded, use of fork() may lead to deadlocks in the child.
[2026-02-09T12:22:32.633+0000] {standard_task_runner.py:64} INFO - Started process 15515 to run task
[2026-02-09T12:22:32.632+0000] {standard_task_runner.py:90} INFO - Running: ['***', 'tasks', 'run', 'stock_raw_aapl', 'download_and_load_raw', 'scheduled__2024-08-18T00:00:00+00:00', '--job-id', '7212', '--raw', '--subdir', 'DAGS_FOLDER/stocks_dwh/raw/stocks_raw_dags.py', '--cfg-path', '/tmp/tmpshvpyy7g']
[2026-02-09T12:22:32.634+0000] {standard_task_runner.py:91} INFO - Job 7212: Subtask download_and_load_raw
[2026-02-09T12:22:32.696+0000] {task_command.py:426} INFO - Running <TaskInstance: stock_raw_aapl.download_and_load_raw scheduled__2024-08-18T00:00:00+00:00 [running]> on host 4886d37bc122
[2026-02-09T12:22:32.795+0000] {taskinstance.py:2648} INFO - Exporting env vars: AIRFLOW_CTX_DAG_OWNER='***' AIRFLOW_CTX_DAG_ID='stock_raw_aapl' AIRFLOW_CTX_TASK_ID='download_and_load_raw' AIRFLOW_CTX_EXECUTION_DATE='2024-08-18T00:00:00+00:00' AIRFLOW_CTX_TRY_NUMBER='1' AIRFLOW_CTX_DAG_RUN_ID='scheduled__2024-08-18T00:00:00+00:00'
[2026-02-09T12:22:32.796+0000] {taskinstance.py:430} INFO - ::endgroup::
[2026-02-09T12:22:32.812+0000] {stocks_raw_dags.py:37} INFO - 2024-08-18 00:00:00+00:00, 2024-08-19 00:00:00+00:00
[2026-02-09T12:22:32.813+0000] {logging_mixin.py:188} INFO - [RAW] Download AAPL [1d] 2024-08-17..2024-08-19
[2026-02-09T12:22:32.816+0000] {logging_mixin.py:188} WARNING - /opt/***/dags/stocks_dwh/raw/stocks_raw_dags.py:42 FutureWarning: YF.download() has changed argument auto_adjust default to True
[2026-02-09T12:22:32.826+0000] {logging_mixin.py:188} WARNING - /home/***/.local/lib/python3.12/site-packages/yfinance/scrapers/history.py:204 Pandas4Warning: Timestamp.utcnow is deprecated and will be removed in a future version. Use Timestamp.now('UTC') instead.
[2026-02-09T12:22:33.335+0000] {logging_mixin.py:188} WARNING - [*********************100%***********************]  1 of 1 completed
[2026-02-09T12:22:33.336+0000] {multi.py:185} ERROR - 
1 Failed download:
[2026-02-09T12:22:33.336+0000] {multi.py:198} ERROR - ['AAPL']: YFPricesMissingError('possibly delisted; no price data found  (1d 2024-08-17 -> 2024-08-19)')
[2026-02-09T12:22:33.351+0000] {logging_mixin.py:188} INFO - [RAW] No data from yfinance
[2026-02-09T12:22:33.351+0000] {python.py:237} INFO - Done. Returned value was: None
[2026-02-09T12:22:33.352+0000] {taskinstance.py:441} INFO - ::group::Post task execution logs
[2026-02-09T12:22:33.364+0000] {taskinstance.py:1206} INFO - Marking task as SUCCESS. dag_id=stock_raw_aapl, task_id=download_and_load_raw, run_id=scheduled__2024-08-18T00:00:00+00:00, execution_date=20240818T000000, start_date=20260209T122232, end_date=20260209T122233
[2026-02-09T12:22:33.410+0000] {local_task_job_runner.py:243} INFO - Task exited with return code 0
[2026-02-09T12:22:33.428+0000] {taskinstance.py:3503} INFO - 0 downstream tasks scheduled from follow-on schedule check
[2026-02-09T12:22:33.430+0000] {local_task_job_runner.py:222} INFO - ::endgroup::
