[2026-02-09T10:31:05.846+0000] {local_task_job_runner.py:120} INFO - ::group::Pre task execution logs
[2026-02-09T10:31:05.886+0000] {taskinstance.py:2076} INFO - Dependencies all met for dep_context=non-requeueable deps ti=<TaskInstance: stock_raw_aapl.download_and_load_raw scheduled__2025-03-01T00:00:00+00:00 [queued]>
[2026-02-09T10:31:05.899+0000] {taskinstance.py:2076} INFO - Dependencies all met for dep_context=requeueable deps ti=<TaskInstance: stock_raw_aapl.download_and_load_raw scheduled__2025-03-01T00:00:00+00:00 [queued]>
[2026-02-09T10:31:05.900+0000] {taskinstance.py:2306} INFO - Starting attempt 1 of 1
[2026-02-09T10:31:05.916+0000] {taskinstance.py:2330} INFO - Executing <Task(PythonOperator): download_and_load_raw> on 2025-03-01 00:00:00+00:00
[2026-02-09T10:31:05.936+0000] {logging_mixin.py:188} WARNING - /home/***/.local/lib/python3.12/site-packages/***/task/task_runner/standard_task_runner.py:62 DeprecationWarning: This process (pid=3731) is multi-threaded, use of fork() may lead to deadlocks in the child.
[2026-02-09T10:31:05.934+0000] {standard_task_runner.py:90} INFO - Running: ['***', 'tasks', 'run', 'stock_raw_aapl', 'download_and_load_raw', 'scheduled__2025-03-01T00:00:00+00:00', '--job-id', '4939', '--raw', '--subdir', 'DAGS_FOLDER/stocks_dwh/raw/stocks_raw_dags.py', '--cfg-path', '/tmp/tmpvq3jtfwb']
[2026-02-09T10:31:05.938+0000] {standard_task_runner.py:64} INFO - Started process 3745 to run task
[2026-02-09T10:31:05.938+0000] {standard_task_runner.py:91} INFO - Job 4939: Subtask download_and_load_raw
[2026-02-09T10:31:06.029+0000] {task_command.py:426} INFO - Running <TaskInstance: stock_raw_aapl.download_and_load_raw scheduled__2025-03-01T00:00:00+00:00 [running]> on host 4886d37bc122
[2026-02-09T10:31:06.144+0000] {taskinstance.py:2648} INFO - Exporting env vars: AIRFLOW_CTX_DAG_OWNER='***' AIRFLOW_CTX_DAG_ID='stock_raw_aapl' AIRFLOW_CTX_TASK_ID='download_and_load_raw' AIRFLOW_CTX_EXECUTION_DATE='2025-03-01T00:00:00+00:00' AIRFLOW_CTX_TRY_NUMBER='1' AIRFLOW_CTX_DAG_RUN_ID='scheduled__2025-03-01T00:00:00+00:00'
[2026-02-09T10:31:06.145+0000] {taskinstance.py:430} INFO - ::endgroup::
[2026-02-09T10:31:06.158+0000] {logging_mixin.py:188} INFO - [RAW] Download AAPL [1d] 2025-03-01..2025-03-02
[2026-02-09T10:31:06.161+0000] {logging_mixin.py:188} WARNING - /opt/***/dags/stocks_dwh/raw/stocks_raw_dags.py:38 FutureWarning: YF.download() has changed argument auto_adjust default to True
[2026-02-09T10:31:06.174+0000] {logging_mixin.py:188} WARNING - /home/***/.local/lib/python3.12/site-packages/yfinance/scrapers/history.py:204 Pandas4Warning: Timestamp.utcnow is deprecated and will be removed in a future version. Use Timestamp.now('UTC') instead.
[2026-02-09T10:31:06.711+0000] {multi.py:185} ERROR - 
1 Failed download:
[2026-02-09T10:31:06.712+0000] {multi.py:198} ERROR - ['AAPL']: YFPricesMissingError('possibly delisted; no price data found  (1d 2025-03-01 -> 2025-03-02)')
[2026-02-09T10:31:06.725+0000] {logging_mixin.py:188} INFO - [RAW] No data from yfinance
[2026-02-09T10:31:06.726+0000] {python.py:237} INFO - Done. Returned value was: None
[2026-02-09T10:31:06.727+0000] {taskinstance.py:441} INFO - ::group::Post task execution logs
[2026-02-09T10:31:06.737+0000] {taskinstance.py:1206} INFO - Marking task as SUCCESS. dag_id=stock_raw_aapl, task_id=download_and_load_raw, run_id=scheduled__2025-03-01T00:00:00+00:00, execution_date=20250301T000000, start_date=20260209T103105, end_date=20260209T103106
[2026-02-09T10:31:06.796+0000] {local_task_job_runner.py:243} INFO - Task exited with return code 0
[2026-02-09T10:31:06.814+0000] {taskinstance.py:3503} INFO - 0 downstream tasks scheduled from follow-on schedule check
[2026-02-09T10:31:06.816+0000] {local_task_job_runner.py:222} INFO - ::endgroup::
[2026-02-09T12:33:12.102+0000] {local_task_job_runner.py:120} INFO - ::group::Pre task execution logs
[2026-02-09T12:33:12.138+0000] {taskinstance.py:2076} INFO - Dependencies all met for dep_context=non-requeueable deps ti=<TaskInstance: stock_raw_aapl.download_and_load_raw scheduled__2025-03-01T00:00:00+00:00 [queued]>
[2026-02-09T12:33:12.146+0000] {taskinstance.py:2076} INFO - Dependencies all met for dep_context=requeueable deps ti=<TaskInstance: stock_raw_aapl.download_and_load_raw scheduled__2025-03-01T00:00:00+00:00 [queued]>
[2026-02-09T12:33:12.147+0000] {taskinstance.py:2306} INFO - Starting attempt 1 of 1
[2026-02-09T12:33:12.165+0000] {taskinstance.py:2330} INFO - Executing <Task(PythonOperator): download_and_load_raw> on 2025-03-01 00:00:00+00:00
[2026-02-09T12:33:12.178+0000] {logging_mixin.py:188} WARNING - /home/***/.local/lib/python3.12/site-packages/***/task/task_runner/standard_task_runner.py:62 DeprecationWarning: This process (pid=17331) is multi-threaded, use of fork() may lead to deadlocks in the child.
[2026-02-09T12:33:12.180+0000] {standard_task_runner.py:64} INFO - Started process 17334 to run task
[2026-02-09T12:33:12.178+0000] {standard_task_runner.py:90} INFO - Running: ['***', 'tasks', 'run', 'stock_raw_aapl', 'download_and_load_raw', 'scheduled__2025-03-01T00:00:00+00:00', '--job-id', '7602', '--raw', '--subdir', 'DAGS_FOLDER/stocks_dwh/raw/stocks_raw_dags.py', '--cfg-path', '/tmp/tmpjsf7o80l']
[2026-02-09T12:33:12.181+0000] {standard_task_runner.py:91} INFO - Job 7602: Subtask download_and_load_raw
[2026-02-09T12:33:12.255+0000] {task_command.py:426} INFO - Running <TaskInstance: stock_raw_aapl.download_and_load_raw scheduled__2025-03-01T00:00:00+00:00 [running]> on host 4886d37bc122
[2026-02-09T12:33:12.363+0000] {taskinstance.py:2648} INFO - Exporting env vars: AIRFLOW_CTX_DAG_OWNER='***' AIRFLOW_CTX_DAG_ID='stock_raw_aapl' AIRFLOW_CTX_TASK_ID='download_and_load_raw' AIRFLOW_CTX_EXECUTION_DATE='2025-03-01T00:00:00+00:00' AIRFLOW_CTX_TRY_NUMBER='1' AIRFLOW_CTX_DAG_RUN_ID='scheduled__2025-03-01T00:00:00+00:00'
[2026-02-09T12:33:12.371+0000] {taskinstance.py:430} INFO - ::endgroup::
[2026-02-09T12:33:12.382+0000] {stocks_raw_dags.py:37} INFO - 2025-03-01 00:00:00+00:00, 2025-03-02 00:00:00+00:00
[2026-02-09T12:33:12.383+0000] {logging_mixin.py:188} INFO - [RAW] Download AAPL [1d] 2025-02-28..2025-03-02
[2026-02-09T12:33:12.385+0000] {logging_mixin.py:188} WARNING - /opt/***/dags/stocks_dwh/raw/stocks_raw_dags.py:42 FutureWarning: YF.download() has changed argument auto_adjust default to True
[2026-02-09T12:33:12.397+0000] {logging_mixin.py:188} WARNING - /home/***/.local/lib/python3.12/site-packages/yfinance/scrapers/history.py:204 Pandas4Warning: Timestamp.utcnow is deprecated and will be removed in a future version. Use Timestamp.now('UTC') instead.
[2026-02-09T12:33:12.933+0000] {logging_mixin.py:188} WARNING - [*********************100%***********************]  1 of 1 completed
[2026-02-09T12:33:12.975+0000] {base.py:84} INFO - Using connection ID 'dwh_clickhouse' for task execution.
[2026-02-09T12:33:13.007+0000] {logging_mixin.py:188} INFO - [RAW] Deleted existing rows for AAPL in 2025-02-28..2025-03-02
[2026-02-09T12:33:13.018+0000] {logging_mixin.py:188} INFO - [RAW] Inserted 1 rows into dwh.raw_stock_prices
[2026-02-09T12:33:13.019+0000] {python.py:237} INFO - Done. Returned value was: None
[2026-02-09T12:33:13.020+0000] {taskinstance.py:441} INFO - ::group::Post task execution logs
[2026-02-09T12:33:13.032+0000] {taskinstance.py:1206} INFO - Marking task as SUCCESS. dag_id=stock_raw_aapl, task_id=download_and_load_raw, run_id=scheduled__2025-03-01T00:00:00+00:00, execution_date=20250301T000000, start_date=20260209T123312, end_date=20260209T123313
[2026-02-09T12:33:13.077+0000] {local_task_job_runner.py:243} INFO - Task exited with return code 0
[2026-02-09T12:33:13.091+0000] {local_task_job_runner.py:222} INFO - ::endgroup::
