[2026-02-09T10:23:02.004+0000] {local_task_job_runner.py:120} INFO - ::group::Pre task execution logs
[2026-02-09T10:23:02.031+0000] {taskinstance.py:2076} INFO - Dependencies all met for dep_context=non-requeueable deps ti=<TaskInstance: stock_raw_aapl.download_and_load_raw scheduled__2024-10-06T00:00:00+00:00 [queued]>
[2026-02-09T10:23:02.038+0000] {taskinstance.py:2076} INFO - Dependencies all met for dep_context=requeueable deps ti=<TaskInstance: stock_raw_aapl.download_and_load_raw scheduled__2024-10-06T00:00:00+00:00 [queued]>
[2026-02-09T10:23:02.038+0000] {taskinstance.py:2306} INFO - Starting attempt 1 of 1
[2026-02-09T10:23:02.049+0000] {taskinstance.py:2330} INFO - Executing <Task(PythonOperator): download_and_load_raw> on 2024-10-06 00:00:00+00:00
[2026-02-09T10:23:02.060+0000] {logging_mixin.py:188} WARNING - /home/***/.local/lib/python3.12/site-packages/***/task/task_runner/standard_task_runner.py:62 DeprecationWarning: This process (pid=643) is multi-threaded, use of fork() may lead to deadlocks in the child.
[2026-02-09T10:23:02.061+0000] {standard_task_runner.py:64} INFO - Started process 652 to run task
[2026-02-09T10:23:02.060+0000] {standard_task_runner.py:90} INFO - Running: ['***', 'tasks', 'run', 'stock_raw_aapl', 'download_and_load_raw', 'scheduled__2024-10-06T00:00:00+00:00', '--job-id', '4213', '--raw', '--subdir', 'DAGS_FOLDER/stocks_dwh/raw/stocks_raw_dags.py', '--cfg-path', '/tmp/tmpr2ukb86e']
[2026-02-09T10:23:02.063+0000] {standard_task_runner.py:91} INFO - Job 4213: Subtask download_and_load_raw
[2026-02-09T10:23:02.121+0000] {task_command.py:426} INFO - Running <TaskInstance: stock_raw_aapl.download_and_load_raw scheduled__2024-10-06T00:00:00+00:00 [running]> on host 4886d37bc122
[2026-02-09T10:23:02.209+0000] {taskinstance.py:2648} INFO - Exporting env vars: AIRFLOW_CTX_DAG_OWNER='***' AIRFLOW_CTX_DAG_ID='stock_raw_aapl' AIRFLOW_CTX_TASK_ID='download_and_load_raw' AIRFLOW_CTX_EXECUTION_DATE='2024-10-06T00:00:00+00:00' AIRFLOW_CTX_TRY_NUMBER='1' AIRFLOW_CTX_DAG_RUN_ID='scheduled__2024-10-06T00:00:00+00:00'
[2026-02-09T10:23:02.211+0000] {taskinstance.py:430} INFO - ::endgroup::
[2026-02-09T10:23:02.221+0000] {logging_mixin.py:188} INFO - [RAW] Download AAPL [1d] 2024-10-06..2024-10-07
[2026-02-09T10:23:02.223+0000] {logging_mixin.py:188} WARNING - /opt/***/dags/stocks_dwh/raw/stocks_raw_dags.py:38 FutureWarning: YF.download() has changed argument auto_adjust default to True
[2026-02-09T10:23:02.231+0000] {logging_mixin.py:188} WARNING - /home/***/.local/lib/python3.12/site-packages/yfinance/scrapers/history.py:204 Pandas4Warning: Timestamp.utcnow is deprecated and will be removed in a future version. Use Timestamp.now('UTC') instead.
[2026-02-09T10:23:04.216+0000] {multi.py:185} ERROR - 
1 Failed download:
[2026-02-09T10:23:04.217+0000] {multi.py:198} ERROR - ['AAPL']: YFPricesMissingError('possibly delisted; no price data found  (1d 2024-10-06 -> 2024-10-07)')
[2026-02-09T10:23:04.228+0000] {logging_mixin.py:188} INFO - [RAW] No data from yfinance
[2026-02-09T10:23:04.228+0000] {python.py:237} INFO - Done. Returned value was: None
[2026-02-09T10:23:04.229+0000] {taskinstance.py:441} INFO - ::group::Post task execution logs
[2026-02-09T10:23:04.242+0000] {taskinstance.py:1206} INFO - Marking task as SUCCESS. dag_id=stock_raw_aapl, task_id=download_and_load_raw, run_id=scheduled__2024-10-06T00:00:00+00:00, execution_date=20241006T000000, start_date=20260209T102302, end_date=20260209T102304
[2026-02-09T10:23:04.282+0000] {local_task_job_runner.py:243} INFO - Task exited with return code 0
[2026-02-09T10:23:04.304+0000] {taskinstance.py:3503} INFO - 0 downstream tasks scheduled from follow-on schedule check
[2026-02-09T10:23:04.307+0000] {local_task_job_runner.py:222} INFO - ::endgroup::
[2026-02-09T12:24:59.461+0000] {local_task_job_runner.py:120} INFO - ::group::Pre task execution logs
[2026-02-09T12:24:59.492+0000] {taskinstance.py:2076} INFO - Dependencies all met for dep_context=non-requeueable deps ti=<TaskInstance: stock_raw_aapl.download_and_load_raw scheduled__2024-10-06T00:00:00+00:00 [queued]>
[2026-02-09T12:24:59.500+0000] {taskinstance.py:2076} INFO - Dependencies all met for dep_context=requeueable deps ti=<TaskInstance: stock_raw_aapl.download_and_load_raw scheduled__2024-10-06T00:00:00+00:00 [queued]>
[2026-02-09T12:24:59.500+0000] {taskinstance.py:2306} INFO - Starting attempt 1 of 1
[2026-02-09T12:24:59.510+0000] {taskinstance.py:2330} INFO - Executing <Task(PythonOperator): download_and_load_raw> on 2024-10-06 00:00:00+00:00
[2026-02-09T12:24:59.522+0000] {logging_mixin.py:188} WARNING - /home/***/.local/lib/python3.12/site-packages/***/task/task_runner/standard_task_runner.py:62 DeprecationWarning: This process (pid=15963) is multi-threaded, use of fork() may lead to deadlocks in the child.
[2026-02-09T12:24:59.523+0000] {standard_task_runner.py:64} INFO - Started process 15967 to run task
[2026-02-09T12:24:59.522+0000] {standard_task_runner.py:90} INFO - Running: ['***', 'tasks', 'run', 'stock_raw_aapl', 'download_and_load_raw', 'scheduled__2024-10-06T00:00:00+00:00', '--job-id', '7310', '--raw', '--subdir', 'DAGS_FOLDER/stocks_dwh/raw/stocks_raw_dags.py', '--cfg-path', '/tmp/tmpartdbpce']
[2026-02-09T12:24:59.524+0000] {standard_task_runner.py:91} INFO - Job 7310: Subtask download_and_load_raw
[2026-02-09T12:24:59.580+0000] {task_command.py:426} INFO - Running <TaskInstance: stock_raw_aapl.download_and_load_raw scheduled__2024-10-06T00:00:00+00:00 [running]> on host 4886d37bc122
[2026-02-09T12:24:59.663+0000] {taskinstance.py:2648} INFO - Exporting env vars: AIRFLOW_CTX_DAG_OWNER='***' AIRFLOW_CTX_DAG_ID='stock_raw_aapl' AIRFLOW_CTX_TASK_ID='download_and_load_raw' AIRFLOW_CTX_EXECUTION_DATE='2024-10-06T00:00:00+00:00' AIRFLOW_CTX_TRY_NUMBER='1' AIRFLOW_CTX_DAG_RUN_ID='scheduled__2024-10-06T00:00:00+00:00'
[2026-02-09T12:24:59.664+0000] {taskinstance.py:430} INFO - ::endgroup::
[2026-02-09T12:24:59.675+0000] {stocks_raw_dags.py:37} INFO - 2024-10-06 00:00:00+00:00, 2024-10-07 00:00:00+00:00
[2026-02-09T12:24:59.675+0000] {logging_mixin.py:188} INFO - [RAW] Download AAPL [1d] 2024-10-05..2024-10-07
[2026-02-09T12:24:59.677+0000] {logging_mixin.py:188} WARNING - /opt/***/dags/stocks_dwh/raw/stocks_raw_dags.py:42 FutureWarning: YF.download() has changed argument auto_adjust default to True
[2026-02-09T12:24:59.687+0000] {logging_mixin.py:188} WARNING - /home/***/.local/lib/python3.12/site-packages/yfinance/scrapers/history.py:204 Pandas4Warning: Timestamp.utcnow is deprecated and will be removed in a future version. Use Timestamp.now('UTC') instead.
[2026-02-09T12:25:00.196+0000] {logging_mixin.py:188} WARNING - [*********************100%***********************]  1 of 1 completed
[2026-02-09T12:25:00.197+0000] {multi.py:185} ERROR - 
1 Failed download:
[2026-02-09T12:25:00.197+0000] {multi.py:198} ERROR - ['AAPL']: YFPricesMissingError('possibly delisted; no price data found  (1d 2024-10-05 -> 2024-10-07)')
[2026-02-09T12:25:00.207+0000] {logging_mixin.py:188} INFO - [RAW] No data from yfinance
[2026-02-09T12:25:00.208+0000] {python.py:237} INFO - Done. Returned value was: None
[2026-02-09T12:25:00.208+0000] {taskinstance.py:441} INFO - ::group::Post task execution logs
[2026-02-09T12:25:00.218+0000] {taskinstance.py:1206} INFO - Marking task as SUCCESS. dag_id=stock_raw_aapl, task_id=download_and_load_raw, run_id=scheduled__2024-10-06T00:00:00+00:00, execution_date=20241006T000000, start_date=20260209T122459, end_date=20260209T122500
[2026-02-09T12:25:00.259+0000] {local_task_job_runner.py:243} INFO - Task exited with return code 0
[2026-02-09T12:25:00.278+0000] {taskinstance.py:3503} INFO - 0 downstream tasks scheduled from follow-on schedule check
[2026-02-09T12:25:00.280+0000] {local_task_job_runner.py:222} INFO - ::endgroup::
