[2026-02-09T10:45:58.352+0000] {local_task_job_runner.py:120} INFO - ::group::Pre task execution logs
[2026-02-09T10:45:58.384+0000] {taskinstance.py:2076} INFO - Dependencies all met for dep_context=non-requeueable deps ti=<TaskInstance: stock_raw_aapl.download_and_load_raw scheduled__2025-11-30T00:00:00+00:00 [queued]>
[2026-02-09T10:45:58.393+0000] {taskinstance.py:2076} INFO - Dependencies all met for dep_context=requeueable deps ti=<TaskInstance: stock_raw_aapl.download_and_load_raw scheduled__2025-11-30T00:00:00+00:00 [queued]>
[2026-02-09T10:45:58.395+0000] {taskinstance.py:2306} INFO - Starting attempt 1 of 1
[2026-02-09T10:45:58.409+0000] {taskinstance.py:2330} INFO - Executing <Task(PythonOperator): download_and_load_raw> on 2025-11-30 00:00:00+00:00
[2026-02-09T10:45:58.421+0000] {logging_mixin.py:188} WARNING - /home/***/.local/lib/python3.12/site-packages/***/task/task_runner/standard_task_runner.py:62 DeprecationWarning: This process (pid=9476) is multi-threaded, use of fork() may lead to deadlocks in the child.
[2026-02-09T10:45:58.423+0000] {standard_task_runner.py:64} INFO - Started process 9485 to run task
[2026-02-09T10:45:58.421+0000] {standard_task_runner.py:90} INFO - Running: ['***', 'tasks', 'run', 'stock_raw_aapl', 'download_and_load_raw', 'scheduled__2025-11-30T00:00:00+00:00', '--job-id', '6286', '--raw', '--subdir', 'DAGS_FOLDER/stocks_dwh/raw/stocks_raw_dags.py', '--cfg-path', '/tmp/tmp4st0fnie']
[2026-02-09T10:45:58.424+0000] {standard_task_runner.py:91} INFO - Job 6286: Subtask download_and_load_raw
[2026-02-09T10:45:58.489+0000] {task_command.py:426} INFO - Running <TaskInstance: stock_raw_aapl.download_and_load_raw scheduled__2025-11-30T00:00:00+00:00 [running]> on host 4886d37bc122
[2026-02-09T10:45:58.583+0000] {taskinstance.py:2648} INFO - Exporting env vars: AIRFLOW_CTX_DAG_OWNER='***' AIRFLOW_CTX_DAG_ID='stock_raw_aapl' AIRFLOW_CTX_TASK_ID='download_and_load_raw' AIRFLOW_CTX_EXECUTION_DATE='2025-11-30T00:00:00+00:00' AIRFLOW_CTX_TRY_NUMBER='1' AIRFLOW_CTX_DAG_RUN_ID='scheduled__2025-11-30T00:00:00+00:00'
[2026-02-09T10:45:58.585+0000] {taskinstance.py:430} INFO - ::endgroup::
[2026-02-09T10:45:58.596+0000] {logging_mixin.py:188} INFO - [RAW] Download AAPL [1d] 2025-11-30..2025-12-01
[2026-02-09T10:45:58.599+0000] {logging_mixin.py:188} WARNING - /opt/***/dags/stocks_dwh/raw/stocks_raw_dags.py:38 FutureWarning: YF.download() has changed argument auto_adjust default to True
[2026-02-09T10:45:58.609+0000] {logging_mixin.py:188} WARNING - /home/***/.local/lib/python3.12/site-packages/yfinance/scrapers/history.py:204 Pandas4Warning: Timestamp.utcnow is deprecated and will be removed in a future version. Use Timestamp.now('UTC') instead.
[2026-02-09T10:45:59.113+0000] {multi.py:185} ERROR - 
1 Failed download:
[2026-02-09T10:45:59.114+0000] {multi.py:198} ERROR - ['AAPL']: YFPricesMissingError('possibly delisted; no price data found  (1d 2025-11-30 -> 2025-12-01)')
[2026-02-09T10:45:59.132+0000] {logging_mixin.py:188} INFO - [RAW] No data from yfinance
[2026-02-09T10:45:59.133+0000] {python.py:237} INFO - Done. Returned value was: None
[2026-02-09T10:45:59.134+0000] {taskinstance.py:441} INFO - ::group::Post task execution logs
[2026-02-09T10:45:59.144+0000] {taskinstance.py:1206} INFO - Marking task as SUCCESS. dag_id=stock_raw_aapl, task_id=download_and_load_raw, run_id=scheduled__2025-11-30T00:00:00+00:00, execution_date=20251130T000000, start_date=20260209T104558, end_date=20260209T104559
[2026-02-09T10:45:59.199+0000] {local_task_job_runner.py:243} INFO - Task exited with return code 0
[2026-02-09T10:45:59.218+0000] {taskinstance.py:3503} INFO - 0 downstream tasks scheduled from follow-on schedule check
[2026-02-09T10:45:59.220+0000] {local_task_job_runner.py:222} INFO - ::endgroup::
[2026-02-09T12:47:46.249+0000] {local_task_job_runner.py:120} INFO - ::group::Pre task execution logs
[2026-02-09T12:47:46.282+0000] {taskinstance.py:2076} INFO - Dependencies all met for dep_context=non-requeueable deps ti=<TaskInstance: stock_raw_aapl.download_and_load_raw scheduled__2025-11-30T00:00:00+00:00 [queued]>
[2026-02-09T12:47:46.292+0000] {taskinstance.py:2076} INFO - Dependencies all met for dep_context=requeueable deps ti=<TaskInstance: stock_raw_aapl.download_and_load_raw scheduled__2025-11-30T00:00:00+00:00 [queued]>
[2026-02-09T12:47:46.292+0000] {taskinstance.py:2306} INFO - Starting attempt 1 of 1
[2026-02-09T12:47:46.306+0000] {taskinstance.py:2330} INFO - Executing <Task(PythonOperator): download_and_load_raw> on 2025-11-30 00:00:00+00:00
[2026-02-09T12:47:46.319+0000] {logging_mixin.py:188} WARNING - /home/***/.local/lib/python3.12/site-packages/***/task/task_runner/standard_task_runner.py:62 DeprecationWarning: This process (pid=18829) is multi-threaded, use of fork() may lead to deadlocks in the child.
[2026-02-09T12:47:46.321+0000] {standard_task_runner.py:64} INFO - Started process 18831 to run task
[2026-02-09T12:47:46.318+0000] {standard_task_runner.py:90} INFO - Running: ['***', 'tasks', 'run', 'stock_raw_aapl', 'download_and_load_raw', 'scheduled__2025-11-30T00:00:00+00:00', '--job-id', '7891', '--raw', '--subdir', 'DAGS_FOLDER/stocks_dwh/raw/stocks_raw_dags.py', '--cfg-path', '/tmp/tmpnm821mar']
[2026-02-09T12:47:46.322+0000] {standard_task_runner.py:91} INFO - Job 7891: Subtask download_and_load_raw
[2026-02-09T12:47:46.400+0000] {task_command.py:426} INFO - Running <TaskInstance: stock_raw_aapl.download_and_load_raw scheduled__2025-11-30T00:00:00+00:00 [running]> on host 4886d37bc122
[2026-02-09T12:47:46.514+0000] {taskinstance.py:2648} INFO - Exporting env vars: AIRFLOW_CTX_DAG_OWNER='***' AIRFLOW_CTX_DAG_ID='stock_raw_aapl' AIRFLOW_CTX_TASK_ID='download_and_load_raw' AIRFLOW_CTX_EXECUTION_DATE='2025-11-30T00:00:00+00:00' AIRFLOW_CTX_TRY_NUMBER='1' AIRFLOW_CTX_DAG_RUN_ID='scheduled__2025-11-30T00:00:00+00:00'
[2026-02-09T12:47:46.515+0000] {taskinstance.py:430} INFO - ::endgroup::
[2026-02-09T12:47:46.527+0000] {stocks_raw_dags.py:37} INFO - 2025-11-30 00:00:00+00:00, 2025-12-01 00:00:00+00:00
[2026-02-09T12:47:46.528+0000] {logging_mixin.py:188} INFO - [RAW] Download AAPL [1d] 2025-11-29..2025-12-01
[2026-02-09T12:47:46.530+0000] {logging_mixin.py:188} WARNING - /opt/***/dags/stocks_dwh/raw/stocks_raw_dags.py:42 FutureWarning: YF.download() has changed argument auto_adjust default to True
[2026-02-09T12:47:46.541+0000] {logging_mixin.py:188} WARNING - /home/***/.local/lib/python3.12/site-packages/yfinance/scrapers/history.py:204 Pandas4Warning: Timestamp.utcnow is deprecated and will be removed in a future version. Use Timestamp.now('UTC') instead.
[2026-02-09T12:47:47.246+0000] {logging_mixin.py:188} WARNING - [*********************100%***********************]  1 of 1 completed
[2026-02-09T12:47:47.246+0000] {multi.py:185} ERROR - 
1 Failed download:
[2026-02-09T12:47:47.247+0000] {multi.py:198} ERROR - ['AAPL']: YFPricesMissingError('possibly delisted; no price data found  (1d 2025-11-29 -> 2025-12-01)')
[2026-02-09T12:47:47.267+0000] {logging_mixin.py:188} INFO - [RAW] No data from yfinance
[2026-02-09T12:47:47.267+0000] {python.py:237} INFO - Done. Returned value was: None
[2026-02-09T12:47:47.268+0000] {taskinstance.py:441} INFO - ::group::Post task execution logs
[2026-02-09T12:47:47.280+0000] {taskinstance.py:1206} INFO - Marking task as SUCCESS. dag_id=stock_raw_aapl, task_id=download_and_load_raw, run_id=scheduled__2025-11-30T00:00:00+00:00, execution_date=20251130T000000, start_date=20260209T124746, end_date=20260209T124747
[2026-02-09T12:47:47.338+0000] {local_task_job_runner.py:243} INFO - Task exited with return code 0
[2026-02-09T12:47:47.356+0000] {taskinstance.py:3503} INFO - 0 downstream tasks scheduled from follow-on schedule check
[2026-02-09T12:47:47.360+0000] {local_task_job_runner.py:222} INFO - ::endgroup::
