[2026-02-09T10:37:20.199+0000] {local_task_job_runner.py:120} INFO - ::group::Pre task execution logs
[2026-02-09T10:37:20.228+0000] {taskinstance.py:2076} INFO - Dependencies all met for dep_context=non-requeueable deps ti=<TaskInstance: stock_raw_aapl.download_and_load_raw scheduled__2025-06-21T00:00:00+00:00 [queued]>
[2026-02-09T10:37:20.235+0000] {taskinstance.py:2076} INFO - Dependencies all met for dep_context=requeueable deps ti=<TaskInstance: stock_raw_aapl.download_and_load_raw scheduled__2025-06-21T00:00:00+00:00 [queued]>
[2026-02-09T10:37:20.236+0000] {taskinstance.py:2306} INFO - Starting attempt 1 of 1
[2026-02-09T10:37:20.250+0000] {taskinstance.py:2330} INFO - Executing <Task(PythonOperator): download_and_load_raw> on 2025-06-21 00:00:00+00:00
[2026-02-09T10:37:20.262+0000] {logging_mixin.py:188} WARNING - /home/***/.local/lib/python3.12/site-packages/***/task/task_runner/standard_task_runner.py:62 DeprecationWarning: This process (pid=6097) is multi-threaded, use of fork() may lead to deadlocks in the child.
[2026-02-09T10:37:20.264+0000] {standard_task_runner.py:64} INFO - Started process 6105 to run task
[2026-02-09T10:37:20.262+0000] {standard_task_runner.py:90} INFO - Running: ['***', 'tasks', 'run', 'stock_raw_aapl', 'download_and_load_raw', 'scheduled__2025-06-21T00:00:00+00:00', '--job-id', '5493', '--raw', '--subdir', 'DAGS_FOLDER/stocks_dwh/raw/stocks_raw_dags.py', '--cfg-path', '/tmp/tmpmjgwa_7q']
[2026-02-09T10:37:20.264+0000] {standard_task_runner.py:91} INFO - Job 5493: Subtask download_and_load_raw
[2026-02-09T10:37:20.326+0000] {task_command.py:426} INFO - Running <TaskInstance: stock_raw_aapl.download_and_load_raw scheduled__2025-06-21T00:00:00+00:00 [running]> on host 4886d37bc122
[2026-02-09T10:37:20.410+0000] {taskinstance.py:2648} INFO - Exporting env vars: AIRFLOW_CTX_DAG_OWNER='***' AIRFLOW_CTX_DAG_ID='stock_raw_aapl' AIRFLOW_CTX_TASK_ID='download_and_load_raw' AIRFLOW_CTX_EXECUTION_DATE='2025-06-21T00:00:00+00:00' AIRFLOW_CTX_TRY_NUMBER='1' AIRFLOW_CTX_DAG_RUN_ID='scheduled__2025-06-21T00:00:00+00:00'
[2026-02-09T10:37:20.412+0000] {taskinstance.py:430} INFO - ::endgroup::
[2026-02-09T10:37:20.424+0000] {logging_mixin.py:188} INFO - [RAW] Download AAPL [1d] 2025-06-21..2025-06-22
[2026-02-09T10:37:20.426+0000] {logging_mixin.py:188} WARNING - /opt/***/dags/stocks_dwh/raw/stocks_raw_dags.py:38 FutureWarning: YF.download() has changed argument auto_adjust default to True
[2026-02-09T10:37:20.434+0000] {logging_mixin.py:188} WARNING - /home/***/.local/lib/python3.12/site-packages/yfinance/scrapers/history.py:204 Pandas4Warning: Timestamp.utcnow is deprecated and will be removed in a future version. Use Timestamp.now('UTC') instead.
[2026-02-09T10:37:20.905+0000] {multi.py:185} ERROR - 
1 Failed download:
[2026-02-09T10:37:20.907+0000] {multi.py:198} ERROR - ['AAPL']: YFPricesMissingError('possibly delisted; no price data found  (1d 2025-06-21 -> 2025-06-22)')
[2026-02-09T10:37:20.921+0000] {logging_mixin.py:188} INFO - [RAW] No data from yfinance
[2026-02-09T10:37:20.922+0000] {python.py:237} INFO - Done. Returned value was: None
[2026-02-09T10:37:20.922+0000] {taskinstance.py:441} INFO - ::group::Post task execution logs
[2026-02-09T10:37:20.938+0000] {taskinstance.py:1206} INFO - Marking task as SUCCESS. dag_id=stock_raw_aapl, task_id=download_and_load_raw, run_id=scheduled__2025-06-21T00:00:00+00:00, execution_date=20250621T000000, start_date=20260209T103720, end_date=20260209T103720
[2026-02-09T10:37:20.999+0000] {local_task_job_runner.py:243} INFO - Task exited with return code 0
[2026-02-09T10:37:21.016+0000] {taskinstance.py:3503} INFO - 0 downstream tasks scheduled from follow-on schedule check
[2026-02-09T10:37:21.018+0000] {local_task_job_runner.py:222} INFO - ::endgroup::
[2026-02-09T12:39:08.066+0000] {local_task_job_runner.py:120} INFO - ::group::Pre task execution logs
[2026-02-09T12:39:08.100+0000] {taskinstance.py:2076} INFO - Dependencies all met for dep_context=non-requeueable deps ti=<TaskInstance: stock_raw_aapl.download_and_load_raw scheduled__2025-06-21T00:00:00+00:00 [queued]>
[2026-02-09T12:39:08.110+0000] {taskinstance.py:2076} INFO - Dependencies all met for dep_context=requeueable deps ti=<TaskInstance: stock_raw_aapl.download_and_load_raw scheduled__2025-06-21T00:00:00+00:00 [queued]>
[2026-02-09T12:39:08.111+0000] {taskinstance.py:2306} INFO - Starting attempt 1 of 1
[2026-02-09T12:39:08.127+0000] {taskinstance.py:2330} INFO - Executing <Task(PythonOperator): download_and_load_raw> on 2025-06-21 00:00:00+00:00
[2026-02-09T12:39:08.139+0000] {logging_mixin.py:188} WARNING - /home/***/.local/lib/python3.12/site-packages/***/task/task_runner/standard_task_runner.py:62 DeprecationWarning: This process (pid=17971) is multi-threaded, use of fork() may lead to deadlocks in the child.
[2026-02-09T12:39:08.141+0000] {standard_task_runner.py:64} INFO - Started process 17973 to run task
[2026-02-09T12:39:08.139+0000] {standard_task_runner.py:90} INFO - Running: ['***', 'tasks', 'run', 'stock_raw_aapl', 'download_and_load_raw', 'scheduled__2025-06-21T00:00:00+00:00', '--job-id', '7729', '--raw', '--subdir', 'DAGS_FOLDER/stocks_dwh/raw/stocks_raw_dags.py', '--cfg-path', '/tmp/tmp3jtpgn2y']
[2026-02-09T12:39:08.142+0000] {standard_task_runner.py:91} INFO - Job 7729: Subtask download_and_load_raw
[2026-02-09T12:39:08.207+0000] {task_command.py:426} INFO - Running <TaskInstance: stock_raw_aapl.download_and_load_raw scheduled__2025-06-21T00:00:00+00:00 [running]> on host 4886d37bc122
[2026-02-09T12:39:08.314+0000] {taskinstance.py:2648} INFO - Exporting env vars: AIRFLOW_CTX_DAG_OWNER='***' AIRFLOW_CTX_DAG_ID='stock_raw_aapl' AIRFLOW_CTX_TASK_ID='download_and_load_raw' AIRFLOW_CTX_EXECUTION_DATE='2025-06-21T00:00:00+00:00' AIRFLOW_CTX_TRY_NUMBER='1' AIRFLOW_CTX_DAG_RUN_ID='scheduled__2025-06-21T00:00:00+00:00'
[2026-02-09T12:39:08.317+0000] {taskinstance.py:430} INFO - ::endgroup::
[2026-02-09T12:39:08.329+0000] {stocks_raw_dags.py:37} INFO - 2025-06-21 00:00:00+00:00, 2025-06-22 00:00:00+00:00
[2026-02-09T12:39:08.330+0000] {logging_mixin.py:188} INFO - [RAW] Download AAPL [1d] 2025-06-20..2025-06-22
[2026-02-09T12:39:08.332+0000] {logging_mixin.py:188} WARNING - /opt/***/dags/stocks_dwh/raw/stocks_raw_dags.py:42 FutureWarning: YF.download() has changed argument auto_adjust default to True
[2026-02-09T12:39:08.342+0000] {logging_mixin.py:188} WARNING - /home/***/.local/lib/python3.12/site-packages/yfinance/scrapers/history.py:204 Pandas4Warning: Timestamp.utcnow is deprecated and will be removed in a future version. Use Timestamp.now('UTC') instead.
[2026-02-09T12:39:08.855+0000] {logging_mixin.py:188} WARNING - [*********************100%***********************]  1 of 1 completed
[2026-02-09T12:39:08.894+0000] {base.py:84} INFO - Using connection ID 'dwh_clickhouse' for task execution.
[2026-02-09T12:39:08.956+0000] {logging_mixin.py:188} INFO - [RAW] Deleted existing rows for AAPL in 2025-06-20..2025-06-22
[2026-02-09T12:39:08.971+0000] {logging_mixin.py:188} INFO - [RAW] Inserted 1 rows into dwh.raw_stock_prices
[2026-02-09T12:39:08.972+0000] {python.py:237} INFO - Done. Returned value was: None
[2026-02-09T12:39:08.973+0000] {taskinstance.py:441} INFO - ::group::Post task execution logs
[2026-02-09T12:39:08.986+0000] {taskinstance.py:1206} INFO - Marking task as SUCCESS. dag_id=stock_raw_aapl, task_id=download_and_load_raw, run_id=scheduled__2025-06-21T00:00:00+00:00, execution_date=20250621T000000, start_date=20260209T123908, end_date=20260209T123908
[2026-02-09T12:39:09.038+0000] {local_task_job_runner.py:243} INFO - Task exited with return code 0
[2026-02-09T12:39:09.059+0000] {taskinstance.py:3503} INFO - 0 downstream tasks scheduled from follow-on schedule check
[2026-02-09T12:39:09.063+0000] {local_task_job_runner.py:222} INFO - ::endgroup::
