[2026-02-07T14:18:13.705+0000] {local_task_job_runner.py:120} INFO - ::group::Pre task execution logs
[2026-02-07T14:18:13.734+0000] {taskinstance.py:2076} INFO - Dependencies all met for dep_context=non-requeueable deps ti=<TaskInstance: stock_nvda.download scheduled__2024-01-28T00:00:00+00:00 [queued]>
[2026-02-07T14:18:13.747+0000] {taskinstance.py:2076} INFO - Dependencies all met for dep_context=requeueable deps ti=<TaskInstance: stock_nvda.download scheduled__2024-01-28T00:00:00+00:00 [queued]>
[2026-02-07T14:18:13.748+0000] {taskinstance.py:2306} INFO - Starting attempt 1 of 1
[2026-02-07T14:18:13.763+0000] {taskinstance.py:2330} INFO - Executing <Task(PythonOperator): download> on 2024-01-28 00:00:00+00:00
[2026-02-07T14:18:13.776+0000] {logging_mixin.py:188} WARNING - /home/***/.local/lib/python3.12/site-packages/***/task/task_runner/standard_task_runner.py:62 DeprecationWarning: This process (pid=887) is multi-threaded, use of fork() may lead to deadlocks in the child.
[2026-02-07T14:18:13.775+0000] {standard_task_runner.py:90} INFO - Running: ['***', 'tasks', 'run', 'stock_nvda', 'download', 'scheduled__2024-01-28T00:00:00+00:00', '--job-id', '146', '--raw', '--subdir', 'DAGS_FOLDER/stocks_dags.py', '--cfg-path', '/tmp/tmp198_o4s9']
[2026-02-07T14:18:13.778+0000] {standard_task_runner.py:64} INFO - Started process 895 to run task
[2026-02-07T14:18:13.778+0000] {standard_task_runner.py:91} INFO - Job 146: Subtask download
[2026-02-07T14:18:13.846+0000] {task_command.py:426} INFO - Running <TaskInstance: stock_nvda.download scheduled__2024-01-28T00:00:00+00:00 [running]> on host 5adf8c44a70f
[2026-02-07T14:18:13.935+0000] {taskinstance.py:2648} INFO - Exporting env vars: AIRFLOW_CTX_DAG_OWNER='***' AIRFLOW_CTX_DAG_ID='stock_nvda' AIRFLOW_CTX_TASK_ID='download' AIRFLOW_CTX_EXECUTION_DATE='2024-01-28T00:00:00+00:00' AIRFLOW_CTX_TRY_NUMBER='1' AIRFLOW_CTX_DAG_RUN_ID='scheduled__2024-01-28T00:00:00+00:00'
[2026-02-07T14:18:13.936+0000] {taskinstance.py:430} INFO - ::endgroup::
[2026-02-07T14:18:13.949+0000] {logging_mixin.py:188} INFO - Downloading NVDA from 2024-01-28 to 2024-01-29
[2026-02-07T14:18:13.952+0000] {logging_mixin.py:188} WARNING - /opt/***/dags/stocks_dags.py:22 FutureWarning: YF.download() has changed argument auto_adjust default to True
[2026-02-07T14:18:13.961+0000] {logging_mixin.py:188} WARNING - /home/***/.local/lib/python3.12/site-packages/yfinance/scrapers/history.py:204 Pandas4Warning: Timestamp.utcnow is deprecated and will be removed in a future version. Use Timestamp.now('UTC') instead.
[2026-02-07T14:18:14.441+0000] {multi.py:185} ERROR - 
1 Failed download:
[2026-02-07T14:18:14.442+0000] {multi.py:198} ERROR - ['NVDA']: YFPricesMissingError('possibly delisted; no price data found  (1d 2024-01-28 -> 2024-01-29)')
[2026-02-07T14:18:14.454+0000] {logging_mixin.py:188} INFO - No data
[2026-02-07T14:18:14.455+0000] {python.py:237} INFO - Done. Returned value was: None
[2026-02-07T14:18:14.455+0000] {taskinstance.py:441} INFO - ::group::Post task execution logs
[2026-02-07T14:18:14.465+0000] {taskinstance.py:1206} INFO - Marking task as SUCCESS. dag_id=stock_nvda, task_id=download, run_id=scheduled__2024-01-28T00:00:00+00:00, execution_date=20240128T000000, start_date=20260207T141813, end_date=20260207T141814
[2026-02-07T14:18:14.514+0000] {local_task_job_runner.py:243} INFO - Task exited with return code 0
[2026-02-07T14:18:14.533+0000] {taskinstance.py:3503} INFO - 0 downstream tasks scheduled from follow-on schedule check
[2026-02-07T14:18:14.537+0000] {local_task_job_runner.py:222} INFO - ::endgroup::
