[2026-02-07T14:21:16.480+0000] {local_task_job_runner.py:120} INFO - ::group::Pre task execution logs
[2026-02-07T14:21:16.585+0000] {taskinstance.py:2076} INFO - Dependencies all met for dep_context=non-requeueable deps ti=<TaskInstance: stock_tsla.download scheduled__2024-03-23T00:00:00+00:00 [queued]>
[2026-02-07T14:21:16.758+0000] {taskinstance.py:2076} INFO - Dependencies all met for dep_context=requeueable deps ti=<TaskInstance: stock_tsla.download scheduled__2024-03-23T00:00:00+00:00 [queued]>
[2026-02-07T14:21:16.778+0000] {taskinstance.py:2306} INFO - Starting attempt 1 of 1
[2026-02-07T14:21:16.812+0000] {taskinstance.py:2330} INFO - Executing <Task(PythonOperator): download> on 2024-03-23 00:00:00+00:00
[2026-02-07T14:21:16.888+0000] {logging_mixin.py:188} WARNING - /home/***/.local/lib/python3.12/site-packages/***/task/task_runner/standard_task_runner.py:62 DeprecationWarning: This process (pid=1883) is multi-threaded, use of fork() may lead to deadlocks in the child.
[2026-02-07T14:21:16.917+0000] {standard_task_runner.py:64} INFO - Started process 1889 to run task
[2026-02-07T14:21:16.893+0000] {standard_task_runner.py:90} INFO - Running: ['***', 'tasks', 'run', 'stock_tsla', 'download', 'scheduled__2024-03-23T00:00:00+00:00', '--job-id', '367', '--raw', '--subdir', 'DAGS_FOLDER/stocks_dags.py', '--cfg-path', '/tmp/tmpsmbcgn8v']
[2026-02-07T14:21:16.929+0000] {standard_task_runner.py:91} INFO - Job 367: Subtask download
[2026-02-07T14:21:17.177+0000] {task_command.py:426} INFO - Running <TaskInstance: stock_tsla.download scheduled__2024-03-23T00:00:00+00:00 [running]> on host 5adf8c44a70f
[2026-02-07T14:21:18.069+0000] {taskinstance.py:2648} INFO - Exporting env vars: AIRFLOW_CTX_DAG_OWNER='***' AIRFLOW_CTX_DAG_ID='stock_tsla' AIRFLOW_CTX_TASK_ID='download' AIRFLOW_CTX_EXECUTION_DATE='2024-03-23T00:00:00+00:00' AIRFLOW_CTX_TRY_NUMBER='1' AIRFLOW_CTX_DAG_RUN_ID='scheduled__2024-03-23T00:00:00+00:00'
[2026-02-07T14:21:18.072+0000] {taskinstance.py:430} INFO - ::endgroup::
[2026-02-07T14:21:18.106+0000] {logging_mixin.py:188} INFO - Downloading TSLA from 2024-03-23 to 2024-03-24
[2026-02-07T14:21:18.111+0000] {logging_mixin.py:188} WARNING - /opt/***/dags/stocks_dags.py:22 FutureWarning: YF.download() has changed argument auto_adjust default to True
[2026-02-07T14:21:18.132+0000] {logging_mixin.py:188} WARNING - /home/***/.local/lib/python3.12/site-packages/yfinance/scrapers/history.py:204 Pandas4Warning: Timestamp.utcnow is deprecated and will be removed in a future version. Use Timestamp.now('UTC') instead.
[2026-02-07T14:21:18.607+0000] {multi.py:185} ERROR - 
1 Failed download:
[2026-02-07T14:21:18.608+0000] {multi.py:198} ERROR - ['TSLA']: YFPricesMissingError('possibly delisted; no price data found  (1d 2024-03-23 -> 2024-03-24)')
[2026-02-07T14:21:18.628+0000] {logging_mixin.py:188} INFO - No data
[2026-02-07T14:21:18.628+0000] {python.py:237} INFO - Done. Returned value was: None
[2026-02-07T14:21:18.629+0000] {taskinstance.py:441} INFO - ::group::Post task execution logs
[2026-02-07T14:21:18.641+0000] {taskinstance.py:1206} INFO - Marking task as SUCCESS. dag_id=stock_tsla, task_id=download, run_id=scheduled__2024-03-23T00:00:00+00:00, execution_date=20240323T000000, start_date=20260207T142116, end_date=20260207T142118
[2026-02-07T14:21:18.700+0000] {local_task_job_runner.py:243} INFO - Task exited with return code 0
[2026-02-07T14:21:18.723+0000] {taskinstance.py:3503} INFO - 0 downstream tasks scheduled from follow-on schedule check
[2026-02-07T14:21:18.727+0000] {local_task_job_runner.py:222} INFO - ::endgroup::
