[2026-02-09T10:10:07.496+0000] {local_task_job_runner.py:120} INFO - ::group::Pre task execution logs
[2026-02-09T10:10:07.538+0000] {taskinstance.py:2076} INFO - Dependencies all met for dep_context=non-requeueable deps ti=<TaskInstance: stock_raw_aapl.download_and_load_raw scheduled__2024-03-16T00:00:00+00:00 [queued]>
[2026-02-09T10:10:07.585+0000] {taskinstance.py:2076} INFO - Dependencies all met for dep_context=requeueable deps ti=<TaskInstance: stock_raw_aapl.download_and_load_raw scheduled__2024-03-16T00:00:00+00:00 [queued]>
[2026-02-09T10:10:07.591+0000] {taskinstance.py:2306} INFO - Starting attempt 1 of 1
[2026-02-09T10:10:07.642+0000] {taskinstance.py:2330} INFO - Executing <Task(PythonOperator): download_and_load_raw> on 2024-03-16 00:00:00+00:00
[2026-02-09T10:10:07.660+0000] {logging_mixin.py:188} WARNING - /home/***/.local/lib/python3.12/site-packages/***/task/task_runner/standard_task_runner.py:62 DeprecationWarning: This process (pid=2579) is multi-threaded, use of fork() may lead to deadlocks in the child.
[2026-02-09T10:10:07.660+0000] {standard_task_runner.py:90} INFO - Running: ['***', 'tasks', 'run', 'stock_raw_aapl', 'download_and_load_raw', 'scheduled__2024-03-16T00:00:00+00:00', '--job-id', '3201', '--raw', '--subdir', 'DAGS_FOLDER/stocks_dwh/raw/stocks_raw_dags.py', '--cfg-path', '/tmp/tmp5_4sy7ks']
[2026-02-09T10:10:07.662+0000] {standard_task_runner.py:64} INFO - Started process 2587 to run task
[2026-02-09T10:10:07.663+0000] {standard_task_runner.py:91} INFO - Job 3201: Subtask download_and_load_raw
[2026-02-09T10:10:07.803+0000] {task_command.py:426} INFO - Running <TaskInstance: stock_raw_aapl.download_and_load_raw scheduled__2024-03-16T00:00:00+00:00 [running]> on host b6b9e92e7d61
[2026-02-09T10:10:07.944+0000] {taskinstance.py:2648} INFO - Exporting env vars: AIRFLOW_CTX_DAG_OWNER='***' AIRFLOW_CTX_DAG_ID='stock_raw_aapl' AIRFLOW_CTX_TASK_ID='download_and_load_raw' AIRFLOW_CTX_EXECUTION_DATE='2024-03-16T00:00:00+00:00' AIRFLOW_CTX_TRY_NUMBER='1' AIRFLOW_CTX_DAG_RUN_ID='scheduled__2024-03-16T00:00:00+00:00'
[2026-02-09T10:10:07.946+0000] {taskinstance.py:430} INFO - ::endgroup::
[2026-02-09T10:10:07.971+0000] {logging_mixin.py:188} INFO - [RAW] Download AAPL [1d] 2024-03-16..2024-03-17
[2026-02-09T10:10:07.974+0000] {logging_mixin.py:188} WARNING - /opt/***/dags/stocks_dwh/raw/stocks_raw_dags.py:38 FutureWarning: YF.download() has changed argument auto_adjust default to True
[2026-02-09T10:10:07.991+0000] {logging_mixin.py:188} WARNING - /home/***/.local/lib/python3.12/site-packages/yfinance/scrapers/history.py:204 Pandas4Warning: Timestamp.utcnow is deprecated and will be removed in a future version. Use Timestamp.now('UTC') instead.
[2026-02-09T10:10:08.498+0000] {multi.py:185} ERROR - 
1 Failed download:
[2026-02-09T10:10:08.499+0000] {multi.py:198} ERROR - ['AAPL']: YFPricesMissingError('possibly delisted; no price data found  (1d 2024-03-16 -> 2024-03-17)')
[2026-02-09T10:10:08.511+0000] {logging_mixin.py:188} INFO - [RAW] No data from yfinance
[2026-02-09T10:10:08.512+0000] {python.py:237} INFO - Done. Returned value was: None
[2026-02-09T10:10:08.513+0000] {taskinstance.py:441} INFO - ::group::Post task execution logs
[2026-02-09T10:10:08.525+0000] {taskinstance.py:1206} INFO - Marking task as SUCCESS. dag_id=stock_raw_aapl, task_id=download_and_load_raw, run_id=scheduled__2024-03-16T00:00:00+00:00, execution_date=20240316T000000, start_date=20260209T101007, end_date=20260209T101008
[2026-02-09T10:10:08.563+0000] {local_task_job_runner.py:243} INFO - Task exited with return code 0
[2026-02-09T10:10:08.584+0000] {taskinstance.py:3503} INFO - 0 downstream tasks scheduled from follow-on schedule check
[2026-02-09T10:10:08.586+0000] {local_task_job_runner.py:222} INFO - ::endgroup::
[2026-02-09T12:14:04.487+0000] {local_task_job_runner.py:120} INFO - ::group::Pre task execution logs
[2026-02-09T12:14:04.517+0000] {taskinstance.py:2076} INFO - Dependencies all met for dep_context=non-requeueable deps ti=<TaskInstance: stock_raw_aapl.download_and_load_raw scheduled__2024-03-16T00:00:00+00:00 [queued]>
[2026-02-09T12:14:04.524+0000] {taskinstance.py:2076} INFO - Dependencies all met for dep_context=requeueable deps ti=<TaskInstance: stock_raw_aapl.download_and_load_raw scheduled__2024-03-16T00:00:00+00:00 [queued]>
[2026-02-09T12:14:04.525+0000] {taskinstance.py:2306} INFO - Starting attempt 1 of 1
[2026-02-09T12:14:04.535+0000] {taskinstance.py:2330} INFO - Executing <Task(PythonOperator): download_and_load_raw> on 2024-03-16 00:00:00+00:00
[2026-02-09T12:14:04.547+0000] {logging_mixin.py:188} WARNING - /home/***/.local/lib/python3.12/site-packages/***/task/task_runner/standard_task_runner.py:62 DeprecationWarning: This process (pid=14069) is multi-threaded, use of fork() may lead to deadlocks in the child.
[2026-02-09T12:14:04.548+0000] {standard_task_runner.py:64} INFO - Started process 14073 to run task
[2026-02-09T12:14:04.546+0000] {standard_task_runner.py:90} INFO - Running: ['***', 'tasks', 'run', 'stock_raw_aapl', 'download_and_load_raw', 'scheduled__2024-03-16T00:00:00+00:00', '--job-id', '6901', '--raw', '--subdir', 'DAGS_FOLDER/stocks_dwh/raw/stocks_raw_dags.py', '--cfg-path', '/tmp/tmpza9ibp1s']
[2026-02-09T12:14:04.549+0000] {standard_task_runner.py:91} INFO - Job 6901: Subtask download_and_load_raw
[2026-02-09T12:14:04.613+0000] {task_command.py:426} INFO - Running <TaskInstance: stock_raw_aapl.download_and_load_raw scheduled__2024-03-16T00:00:00+00:00 [running]> on host 4886d37bc122
[2026-02-09T12:14:04.707+0000] {taskinstance.py:2648} INFO - Exporting env vars: AIRFLOW_CTX_DAG_OWNER='***' AIRFLOW_CTX_DAG_ID='stock_raw_aapl' AIRFLOW_CTX_TASK_ID='download_and_load_raw' AIRFLOW_CTX_EXECUTION_DATE='2024-03-16T00:00:00+00:00' AIRFLOW_CTX_TRY_NUMBER='1' AIRFLOW_CTX_DAG_RUN_ID='scheduled__2024-03-16T00:00:00+00:00'
[2026-02-09T12:14:04.708+0000] {taskinstance.py:430} INFO - ::endgroup::
[2026-02-09T12:14:04.722+0000] {stocks_raw_dags.py:37} INFO - 2024-03-16 00:00:00+00:00, 2024-03-17 00:00:00+00:00
[2026-02-09T12:14:04.723+0000] {logging_mixin.py:188} INFO - [RAW] Download AAPL [1d] 2024-03-15..2024-03-17
[2026-02-09T12:14:04.725+0000] {logging_mixin.py:188} WARNING - /opt/***/dags/stocks_dwh/raw/stocks_raw_dags.py:42 FutureWarning: YF.download() has changed argument auto_adjust default to True
[2026-02-09T12:14:04.734+0000] {logging_mixin.py:188} WARNING - /home/***/.local/lib/python3.12/site-packages/yfinance/scrapers/history.py:204 Pandas4Warning: Timestamp.utcnow is deprecated and will be removed in a future version. Use Timestamp.now('UTC') instead.
[2026-02-09T12:14:05.242+0000] {logging_mixin.py:188} WARNING - [*********************100%***********************]  1 of 1 completed
[2026-02-09T12:14:05.277+0000] {base.py:84} INFO - Using connection ID 'dwh_clickhouse' for task execution.
[2026-02-09T12:14:05.298+0000] {logging_mixin.py:188} INFO - [RAW] Deleted existing rows for AAPL in 2024-03-15..2024-03-17
[2026-02-09T12:14:05.309+0000] {logging_mixin.py:188} INFO - [RAW] Inserted 1 rows into dwh.raw_stock_prices
[2026-02-09T12:14:05.310+0000] {python.py:237} INFO - Done. Returned value was: None
[2026-02-09T12:14:05.311+0000] {taskinstance.py:441} INFO - ::group::Post task execution logs
[2026-02-09T12:14:05.321+0000] {taskinstance.py:1206} INFO - Marking task as SUCCESS. dag_id=stock_raw_aapl, task_id=download_and_load_raw, run_id=scheduled__2024-03-16T00:00:00+00:00, execution_date=20240316T000000, start_date=20260209T121404, end_date=20260209T121405
[2026-02-09T12:14:05.364+0000] {local_task_job_runner.py:243} INFO - Task exited with return code 0
[2026-02-09T12:14:05.385+0000] {taskinstance.py:3503} INFO - 0 downstream tasks scheduled from follow-on schedule check
[2026-02-09T12:14:05.387+0000] {local_task_job_runner.py:222} INFO - ::endgroup::
