[2026-02-09T10:21:22.893+0000] {local_task_job_runner.py:120} INFO - ::group::Pre task execution logs
[2026-02-09T10:21:22.935+0000] {taskinstance.py:2076} INFO - Dependencies all met for dep_context=non-requeueable deps ti=<TaskInstance: stock_raw_aapl.download_and_load_raw scheduled__2024-09-16T00:00:00+00:00 [queued]>
[2026-02-09T10:21:22.954+0000] {taskinstance.py:2076} INFO - Dependencies all met for dep_context=requeueable deps ti=<TaskInstance: stock_raw_aapl.download_and_load_raw scheduled__2024-09-16T00:00:00+00:00 [queued]>
[2026-02-09T10:21:22.956+0000] {taskinstance.py:2306} INFO - Starting attempt 1 of 1
[2026-02-09T10:21:22.970+0000] {taskinstance.py:2330} INFO - Executing <Task(PythonOperator): download_and_load_raw> on 2024-09-16 00:00:00+00:00
[2026-02-09T10:21:22.989+0000] {logging_mixin.py:188} WARNING - /home/***/.local/lib/python3.12/site-packages/***/task/task_runner/standard_task_runner.py:62 DeprecationWarning: This process (pid=217) is multi-threaded, use of fork() may lead to deadlocks in the child.
[2026-02-09T10:21:22.988+0000] {standard_task_runner.py:90} INFO - Running: ['***', 'tasks', 'run', 'stock_raw_aapl', 'download_and_load_raw', 'scheduled__2024-09-16T00:00:00+00:00', '--job-id', '4115', '--raw', '--subdir', 'DAGS_FOLDER/stocks_dwh/raw/stocks_raw_dags.py', '--cfg-path', '/tmp/tmpvtm9t06f']
[2026-02-09T10:21:22.990+0000] {standard_task_runner.py:64} INFO - Started process 226 to run task
[2026-02-09T10:21:22.990+0000] {standard_task_runner.py:91} INFO - Job 4115: Subtask download_and_load_raw
[2026-02-09T10:21:23.078+0000] {task_command.py:426} INFO - Running <TaskInstance: stock_raw_aapl.download_and_load_raw scheduled__2024-09-16T00:00:00+00:00 [running]> on host 4886d37bc122
[2026-02-09T10:21:23.213+0000] {taskinstance.py:2648} INFO - Exporting env vars: AIRFLOW_CTX_DAG_OWNER='***' AIRFLOW_CTX_DAG_ID='stock_raw_aapl' AIRFLOW_CTX_TASK_ID='download_and_load_raw' AIRFLOW_CTX_EXECUTION_DATE='2024-09-16T00:00:00+00:00' AIRFLOW_CTX_TRY_NUMBER='1' AIRFLOW_CTX_DAG_RUN_ID='scheduled__2024-09-16T00:00:00+00:00'
[2026-02-09T10:21:23.215+0000] {taskinstance.py:430} INFO - ::endgroup::
[2026-02-09T10:21:23.232+0000] {logging_mixin.py:188} INFO - [RAW] Download AAPL [1d] 2024-09-16..2024-09-17
[2026-02-09T10:21:23.237+0000] {logging_mixin.py:188} WARNING - /opt/***/dags/stocks_dwh/raw/stocks_raw_dags.py:38 FutureWarning: YF.download() has changed argument auto_adjust default to True
[2026-02-09T10:21:23.247+0000] {logging_mixin.py:188} WARNING - /home/***/.local/lib/python3.12/site-packages/yfinance/scrapers/history.py:204 Pandas4Warning: Timestamp.utcnow is deprecated and will be removed in a future version. Use Timestamp.now('UTC') instead.
[2026-02-09T10:21:23.776+0000] {taskinstance.py:441} INFO - ::group::Post task execution logs
[2026-02-09T10:21:23.777+0000] {taskinstance.py:2905} ERROR - Task failed with exception
Traceback (most recent call last):
  File "/home/airflow/.local/lib/python3.12/site-packages/airflow/models/taskinstance.py", line 465, in _execute_task
    result = _execute_callable(context=context, **execute_callable_kwargs)
             ^^^^^^^^^^^^^^^^^^^^^^^^^^^^^^^^^^^^^^^^^^^^^^^^^^^^^^^^^^^^^
  File "/home/airflow/.local/lib/python3.12/site-packages/airflow/models/taskinstance.py", line 432, in _execute_callable
    return execute_callable(context=context, **execute_callable_kwargs)
           ^^^^^^^^^^^^^^^^^^^^^^^^^^^^^^^^^^^^^^^^^^^^^^^^^^^^^^^^^^^^
  File "/home/airflow/.local/lib/python3.12/site-packages/airflow/models/baseoperator.py", line 401, in wrapper
    return func(self, *args, **kwargs)
           ^^^^^^^^^^^^^^^^^^^^^^^^^^^
  File "/home/airflow/.local/lib/python3.12/site-packages/airflow/operators/python.py", line 235, in execute
    return_value = self.execute_callable()
                   ^^^^^^^^^^^^^^^^^^^^^^^
  File "/home/airflow/.local/lib/python3.12/site-packages/airflow/operators/python.py", line 252, in execute_callable
    return self.python_callable(*self.op_args, **self.op_kwargs)
           ^^^^^^^^^^^^^^^^^^^^^^^^^^^^^^^^^^^^^^^^^^^^^^^^^^^^^
  File "/opt/airflow/dags/stocks_dwh/raw/stocks_raw_dags.py", line 86, in download_and_load_raw
    df["volume"] = pd.to_numeric(df["volume"], errors="coerce").fillna(0).astype("int64")
                   ^^^^^^^^^^^^^^^^^^^^^^^^^^^^^^^^^^^^^^^^^^^^
  File "/home/airflow/.local/lib/python3.12/site-packages/pandas/core/tools/numeric.py", line 212, in to_numeric
    raise TypeError("arg must be a list, tuple, 1-d array, or Series")
TypeError: arg must be a list, tuple, 1-d array, or Series
[2026-02-09T10:21:23.791+0000] {taskinstance.py:1206} INFO - Marking task as FAILED. dag_id=stock_raw_aapl, task_id=download_and_load_raw, run_id=scheduled__2024-09-16T00:00:00+00:00, execution_date=20240916T000000, start_date=20260209T102122, end_date=20260209T102123
[2026-02-09T10:21:23.802+0000] {standard_task_runner.py:110} ERROR - Failed to execute job 4115 for task download_and_load_raw (arg must be a list, tuple, 1-d array, or Series; 226)
[2026-02-09T10:21:23.847+0000] {local_task_job_runner.py:243} INFO - Task exited with return code 1
[2026-02-09T10:21:23.864+0000] {taskinstance.py:3503} INFO - 0 downstream tasks scheduled from follow-on schedule check
[2026-02-09T10:21:23.865+0000] {local_task_job_runner.py:222} INFO - ::endgroup::
[2026-02-09T12:24:00.855+0000] {local_task_job_runner.py:120} INFO - ::group::Pre task execution logs
[2026-02-09T12:24:00.887+0000] {taskinstance.py:2076} INFO - Dependencies all met for dep_context=non-requeueable deps ti=<TaskInstance: stock_raw_aapl.download_and_load_raw scheduled__2024-09-16T00:00:00+00:00 [queued]>
[2026-02-09T12:24:00.896+0000] {taskinstance.py:2076} INFO - Dependencies all met for dep_context=requeueable deps ti=<TaskInstance: stock_raw_aapl.download_and_load_raw scheduled__2024-09-16T00:00:00+00:00 [queued]>
[2026-02-09T12:24:00.897+0000] {taskinstance.py:2306} INFO - Starting attempt 1 of 1
[2026-02-09T12:24:00.911+0000] {taskinstance.py:2330} INFO - Executing <Task(PythonOperator): download_and_load_raw> on 2024-09-16 00:00:00+00:00
[2026-02-09T12:24:00.925+0000] {logging_mixin.py:188} WARNING - /home/***/.local/lib/python3.12/site-packages/***/task/task_runner/standard_task_runner.py:62 DeprecationWarning: This process (pid=15780) is multi-threaded, use of fork() may lead to deadlocks in the child.
[2026-02-09T12:24:00.926+0000] {standard_task_runner.py:64} INFO - Started process 15784 to run task
[2026-02-09T12:24:00.925+0000] {standard_task_runner.py:90} INFO - Running: ['***', 'tasks', 'run', 'stock_raw_aapl', 'download_and_load_raw', 'scheduled__2024-09-16T00:00:00+00:00', '--job-id', '7271', '--raw', '--subdir', 'DAGS_FOLDER/stocks_dwh/raw/stocks_raw_dags.py', '--cfg-path', '/tmp/tmpyy422o1w']
[2026-02-09T12:24:00.927+0000] {standard_task_runner.py:91} INFO - Job 7271: Subtask download_and_load_raw
[2026-02-09T12:24:00.990+0000] {task_command.py:426} INFO - Running <TaskInstance: stock_raw_aapl.download_and_load_raw scheduled__2024-09-16T00:00:00+00:00 [running]> on host 4886d37bc122
[2026-02-09T12:24:01.087+0000] {taskinstance.py:2648} INFO - Exporting env vars: AIRFLOW_CTX_DAG_OWNER='***' AIRFLOW_CTX_DAG_ID='stock_raw_aapl' AIRFLOW_CTX_TASK_ID='download_and_load_raw' AIRFLOW_CTX_EXECUTION_DATE='2024-09-16T00:00:00+00:00' AIRFLOW_CTX_TRY_NUMBER='1' AIRFLOW_CTX_DAG_RUN_ID='scheduled__2024-09-16T00:00:00+00:00'
[2026-02-09T12:24:01.089+0000] {taskinstance.py:430} INFO - ::endgroup::
[2026-02-09T12:24:01.099+0000] {stocks_raw_dags.py:37} INFO - 2024-09-16 00:00:00+00:00, 2024-09-17 00:00:00+00:00
[2026-02-09T12:24:01.100+0000] {logging_mixin.py:188} INFO - [RAW] Download AAPL [1d] 2024-09-15..2024-09-17
[2026-02-09T12:24:01.102+0000] {logging_mixin.py:188} WARNING - /opt/***/dags/stocks_dwh/raw/stocks_raw_dags.py:42 FutureWarning: YF.download() has changed argument auto_adjust default to True
[2026-02-09T12:24:01.110+0000] {logging_mixin.py:188} WARNING - /home/***/.local/lib/python3.12/site-packages/yfinance/scrapers/history.py:204 Pandas4Warning: Timestamp.utcnow is deprecated and will be removed in a future version. Use Timestamp.now('UTC') instead.
[2026-02-09T12:24:01.820+0000] {logging_mixin.py:188} WARNING - [*********************100%***********************]  1 of 1 completed
[2026-02-09T12:24:01.872+0000] {base.py:84} INFO - Using connection ID 'dwh_clickhouse' for task execution.
[2026-02-09T12:24:01.900+0000] {logging_mixin.py:188} INFO - [RAW] Deleted existing rows for AAPL in 2024-09-15..2024-09-17
[2026-02-09T12:24:01.910+0000] {logging_mixin.py:188} INFO - [RAW] Inserted 1 rows into dwh.raw_stock_prices
[2026-02-09T12:24:01.911+0000] {python.py:237} INFO - Done. Returned value was: None
[2026-02-09T12:24:01.912+0000] {taskinstance.py:441} INFO - ::group::Post task execution logs
[2026-02-09T12:24:01.923+0000] {taskinstance.py:1206} INFO - Marking task as SUCCESS. dag_id=stock_raw_aapl, task_id=download_and_load_raw, run_id=scheduled__2024-09-16T00:00:00+00:00, execution_date=20240916T000000, start_date=20260209T122400, end_date=20260209T122401
[2026-02-09T12:24:01.983+0000] {local_task_job_runner.py:243} INFO - Task exited with return code 0
[2026-02-09T12:24:02.004+0000] {taskinstance.py:3503} INFO - 0 downstream tasks scheduled from follow-on schedule check
[2026-02-09T12:24:02.007+0000] {local_task_job_runner.py:222} INFO - ::endgroup::
