[2026-02-09T10:26:55.151+0000] {local_task_job_runner.py:120} INFO - ::group::Pre task execution logs
[2026-02-09T10:26:55.181+0000] {taskinstance.py:2076} INFO - Dependencies all met for dep_context=non-requeueable deps ti=<TaskInstance: stock_raw_aapl.download_and_load_raw scheduled__2024-12-15T00:00:00+00:00 [queued]>
[2026-02-09T10:26:55.189+0000] {taskinstance.py:2076} INFO - Dependencies all met for dep_context=requeueable deps ti=<TaskInstance: stock_raw_aapl.download_and_load_raw scheduled__2024-12-15T00:00:00+00:00 [queued]>
[2026-02-09T10:26:55.190+0000] {taskinstance.py:2306} INFO - Starting attempt 1 of 1
[2026-02-09T10:26:55.204+0000] {taskinstance.py:2330} INFO - Executing <Task(PythonOperator): download_and_load_raw> on 2024-12-15 00:00:00+00:00
[2026-02-09T10:26:55.220+0000] {logging_mixin.py:188} WARNING - /home/***/.local/lib/python3.12/site-packages/***/task/task_runner/standard_task_runner.py:62 DeprecationWarning: This process (pid=2115) is multi-threaded, use of fork() may lead to deadlocks in the child.
[2026-02-09T10:26:55.221+0000] {standard_task_runner.py:64} INFO - Started process 2126 to run task
[2026-02-09T10:26:55.220+0000] {standard_task_runner.py:90} INFO - Running: ['***', 'tasks', 'run', 'stock_raw_aapl', 'download_and_load_raw', 'scheduled__2024-12-15T00:00:00+00:00', '--job-id', '4560', '--raw', '--subdir', 'DAGS_FOLDER/stocks_dwh/raw/stocks_raw_dags.py', '--cfg-path', '/tmp/tmpeplk26_g']
[2026-02-09T10:26:55.223+0000] {standard_task_runner.py:91} INFO - Job 4560: Subtask download_and_load_raw
[2026-02-09T10:26:55.287+0000] {task_command.py:426} INFO - Running <TaskInstance: stock_raw_aapl.download_and_load_raw scheduled__2024-12-15T00:00:00+00:00 [running]> on host 4886d37bc122
[2026-02-09T10:26:55.393+0000] {taskinstance.py:2648} INFO - Exporting env vars: AIRFLOW_CTX_DAG_OWNER='***' AIRFLOW_CTX_DAG_ID='stock_raw_aapl' AIRFLOW_CTX_TASK_ID='download_and_load_raw' AIRFLOW_CTX_EXECUTION_DATE='2024-12-15T00:00:00+00:00' AIRFLOW_CTX_TRY_NUMBER='1' AIRFLOW_CTX_DAG_RUN_ID='scheduled__2024-12-15T00:00:00+00:00'
[2026-02-09T10:26:55.396+0000] {taskinstance.py:430} INFO - ::endgroup::
[2026-02-09T10:26:55.413+0000] {logging_mixin.py:188} INFO - [RAW] Download AAPL [1d] 2024-12-15..2024-12-16
[2026-02-09T10:26:55.416+0000] {logging_mixin.py:188} WARNING - /opt/***/dags/stocks_dwh/raw/stocks_raw_dags.py:38 FutureWarning: YF.download() has changed argument auto_adjust default to True
[2026-02-09T10:26:55.428+0000] {logging_mixin.py:188} WARNING - /home/***/.local/lib/python3.12/site-packages/yfinance/scrapers/history.py:204 Pandas4Warning: Timestamp.utcnow is deprecated and will be removed in a future version. Use Timestamp.now('UTC') instead.
[2026-02-09T10:26:55.924+0000] {multi.py:185} ERROR - 
1 Failed download:
[2026-02-09T10:26:55.925+0000] {multi.py:198} ERROR - ['AAPL']: YFPricesMissingError('possibly delisted; no price data found  (1d 2024-12-15 -> 2024-12-16)')
[2026-02-09T10:26:55.940+0000] {logging_mixin.py:188} INFO - [RAW] No data from yfinance
[2026-02-09T10:26:55.940+0000] {python.py:237} INFO - Done. Returned value was: None
[2026-02-09T10:26:55.941+0000] {taskinstance.py:441} INFO - ::group::Post task execution logs
[2026-02-09T10:26:55.952+0000] {taskinstance.py:1206} INFO - Marking task as SUCCESS. dag_id=stock_raw_aapl, task_id=download_and_load_raw, run_id=scheduled__2024-12-15T00:00:00+00:00, execution_date=20241215T000000, start_date=20260209T102655, end_date=20260209T102655
[2026-02-09T10:26:55.997+0000] {local_task_job_runner.py:243} INFO - Task exited with return code 0
[2026-02-09T10:26:56.009+0000] {local_task_job_runner.py:222} INFO - ::endgroup::
[2026-02-09T12:28:33.103+0000] {local_task_job_runner.py:120} INFO - ::group::Pre task execution logs
[2026-02-09T12:28:33.144+0000] {taskinstance.py:2076} INFO - Dependencies all met for dep_context=non-requeueable deps ti=<TaskInstance: stock_raw_aapl.download_and_load_raw scheduled__2024-12-15T00:00:00+00:00 [queued]>
[2026-02-09T12:28:33.155+0000] {taskinstance.py:2076} INFO - Dependencies all met for dep_context=requeueable deps ti=<TaskInstance: stock_raw_aapl.download_and_load_raw scheduled__2024-12-15T00:00:00+00:00 [queued]>
[2026-02-09T12:28:33.156+0000] {taskinstance.py:2306} INFO - Starting attempt 1 of 1
[2026-02-09T12:28:33.170+0000] {taskinstance.py:2330} INFO - Executing <Task(PythonOperator): download_and_load_raw> on 2024-12-15 00:00:00+00:00
[2026-02-09T12:28:33.183+0000] {logging_mixin.py:188} WARNING - /home/***/.local/lib/python3.12/site-packages/***/task/task_runner/standard_task_runner.py:62 DeprecationWarning: This process (pid=16608) is multi-threaded, use of fork() may lead to deadlocks in the child.
[2026-02-09T12:28:33.183+0000] {standard_task_runner.py:90} INFO - Running: ['***', 'tasks', 'run', 'stock_raw_aapl', 'download_and_load_raw', 'scheduled__2024-12-15T00:00:00+00:00', '--job-id', '7451', '--raw', '--subdir', 'DAGS_FOLDER/stocks_dwh/raw/stocks_raw_dags.py', '--cfg-path', '/tmp/tmplery2x_j']
[2026-02-09T12:28:33.185+0000] {standard_task_runner.py:64} INFO - Started process 16612 to run task
[2026-02-09T12:28:33.185+0000] {standard_task_runner.py:91} INFO - Job 7451: Subtask download_and_load_raw
[2026-02-09T12:28:33.247+0000] {task_command.py:426} INFO - Running <TaskInstance: stock_raw_aapl.download_and_load_raw scheduled__2024-12-15T00:00:00+00:00 [running]> on host 4886d37bc122
[2026-02-09T12:28:33.338+0000] {taskinstance.py:2648} INFO - Exporting env vars: AIRFLOW_CTX_DAG_OWNER='***' AIRFLOW_CTX_DAG_ID='stock_raw_aapl' AIRFLOW_CTX_TASK_ID='download_and_load_raw' AIRFLOW_CTX_EXECUTION_DATE='2024-12-15T00:00:00+00:00' AIRFLOW_CTX_TRY_NUMBER='1' AIRFLOW_CTX_DAG_RUN_ID='scheduled__2024-12-15T00:00:00+00:00'
[2026-02-09T12:28:33.339+0000] {taskinstance.py:430} INFO - ::endgroup::
[2026-02-09T12:28:33.349+0000] {stocks_raw_dags.py:37} INFO - 2024-12-15 00:00:00+00:00, 2024-12-16 00:00:00+00:00
[2026-02-09T12:28:33.350+0000] {logging_mixin.py:188} INFO - [RAW] Download AAPL [1d] 2024-12-14..2024-12-16
[2026-02-09T12:28:33.352+0000] {logging_mixin.py:188} WARNING - /opt/***/dags/stocks_dwh/raw/stocks_raw_dags.py:42 FutureWarning: YF.download() has changed argument auto_adjust default to True
[2026-02-09T12:28:33.360+0000] {logging_mixin.py:188} WARNING - /home/***/.local/lib/python3.12/site-packages/yfinance/scrapers/history.py:204 Pandas4Warning: Timestamp.utcnow is deprecated and will be removed in a future version. Use Timestamp.now('UTC') instead.
[2026-02-09T12:28:33.840+0000] {logging_mixin.py:188} WARNING - [*********************100%***********************]  1 of 1 completed
[2026-02-09T12:28:33.841+0000] {multi.py:185} ERROR - 
1 Failed download:
[2026-02-09T12:28:33.841+0000] {multi.py:198} ERROR - ['AAPL']: YFPricesMissingError('possibly delisted; no price data found  (1d 2024-12-14 -> 2024-12-16)')
[2026-02-09T12:28:33.858+0000] {logging_mixin.py:188} INFO - [RAW] No data from yfinance
[2026-02-09T12:28:33.859+0000] {python.py:237} INFO - Done. Returned value was: None
[2026-02-09T12:28:33.860+0000] {taskinstance.py:441} INFO - ::group::Post task execution logs
[2026-02-09T12:28:33.869+0000] {taskinstance.py:1206} INFO - Marking task as SUCCESS. dag_id=stock_raw_aapl, task_id=download_and_load_raw, run_id=scheduled__2024-12-15T00:00:00+00:00, execution_date=20241215T000000, start_date=20260209T122833, end_date=20260209T122833
[2026-02-09T12:28:33.921+0000] {local_task_job_runner.py:243} INFO - Task exited with return code 0
[2026-02-09T12:28:33.943+0000] {taskinstance.py:3503} INFO - 0 downstream tasks scheduled from follow-on schedule check
[2026-02-09T12:28:33.946+0000] {local_task_job_runner.py:222} INFO - ::endgroup::
