[2026-02-09T10:33:05.469+0000] {local_task_job_runner.py:120} INFO - ::group::Pre task execution logs
[2026-02-09T10:33:05.510+0000] {taskinstance.py:2076} INFO - Dependencies all met for dep_context=non-requeueable deps ti=<TaskInstance: stock_raw_aapl.download_and_load_raw scheduled__2025-04-07T00:00:00+00:00 [queued]>
[2026-02-09T10:33:05.527+0000] {taskinstance.py:2076} INFO - Dependencies all met for dep_context=requeueable deps ti=<TaskInstance: stock_raw_aapl.download_and_load_raw scheduled__2025-04-07T00:00:00+00:00 [queued]>
[2026-02-09T10:33:05.530+0000] {taskinstance.py:2306} INFO - Starting attempt 1 of 1
[2026-02-09T10:33:05.546+0000] {taskinstance.py:2330} INFO - Executing <Task(PythonOperator): download_and_load_raw> on 2025-04-07 00:00:00+00:00
[2026-02-09T10:33:05.562+0000] {logging_mixin.py:188} WARNING - /home/***/.local/lib/python3.12/site-packages/***/task/task_runner/standard_task_runner.py:62 DeprecationWarning: This process (pid=4514) is multi-threaded, use of fork() may lead to deadlocks in the child.
[2026-02-09T10:33:05.564+0000] {standard_task_runner.py:64} INFO - Started process 4520 to run task
[2026-02-09T10:33:05.562+0000] {standard_task_runner.py:90} INFO - Running: ['***', 'tasks', 'run', 'stock_raw_aapl', 'download_and_load_raw', 'scheduled__2025-04-07T00:00:00+00:00', '--job-id', '5121', '--raw', '--subdir', 'DAGS_FOLDER/stocks_dwh/raw/stocks_raw_dags.py', '--cfg-path', '/tmp/tmpbmfp0pg0']
[2026-02-09T10:33:05.565+0000] {standard_task_runner.py:91} INFO - Job 5121: Subtask download_and_load_raw
[2026-02-09T10:33:05.654+0000] {task_command.py:426} INFO - Running <TaskInstance: stock_raw_aapl.download_and_load_raw scheduled__2025-04-07T00:00:00+00:00 [running]> on host 4886d37bc122
[2026-02-09T10:33:05.839+0000] {taskinstance.py:2648} INFO - Exporting env vars: AIRFLOW_CTX_DAG_OWNER='***' AIRFLOW_CTX_DAG_ID='stock_raw_aapl' AIRFLOW_CTX_TASK_ID='download_and_load_raw' AIRFLOW_CTX_EXECUTION_DATE='2025-04-07T00:00:00+00:00' AIRFLOW_CTX_TRY_NUMBER='1' AIRFLOW_CTX_DAG_RUN_ID='scheduled__2025-04-07T00:00:00+00:00'
[2026-02-09T10:33:05.842+0000] {taskinstance.py:430} INFO - ::endgroup::
[2026-02-09T10:33:05.869+0000] {logging_mixin.py:188} INFO - [RAW] Download AAPL [1d] 2025-04-07..2025-04-08
[2026-02-09T10:33:05.872+0000] {logging_mixin.py:188} WARNING - /opt/***/dags/stocks_dwh/raw/stocks_raw_dags.py:38 FutureWarning: YF.download() has changed argument auto_adjust default to True
[2026-02-09T10:33:05.887+0000] {logging_mixin.py:188} WARNING - /home/***/.local/lib/python3.12/site-packages/yfinance/scrapers/history.py:204 Pandas4Warning: Timestamp.utcnow is deprecated and will be removed in a future version. Use Timestamp.now('UTC') instead.
[2026-02-09T10:33:06.434+0000] {taskinstance.py:441} INFO - ::group::Post task execution logs
[2026-02-09T10:33:06.435+0000] {taskinstance.py:2905} ERROR - Task failed with exception
Traceback (most recent call last):
  File "/home/airflow/.local/lib/python3.12/site-packages/airflow/models/taskinstance.py", line 465, in _execute_task
    result = _execute_callable(context=context, **execute_callable_kwargs)
             ^^^^^^^^^^^^^^^^^^^^^^^^^^^^^^^^^^^^^^^^^^^^^^^^^^^^^^^^^^^^^
  File "/home/airflow/.local/lib/python3.12/site-packages/airflow/models/taskinstance.py", line 432, in _execute_callable
    return execute_callable(context=context, **execute_callable_kwargs)
           ^^^^^^^^^^^^^^^^^^^^^^^^^^^^^^^^^^^^^^^^^^^^^^^^^^^^^^^^^^^^
  File "/home/airflow/.local/lib/python3.12/site-packages/airflow/models/baseoperator.py", line 401, in wrapper
    return func(self, *args, **kwargs)
           ^^^^^^^^^^^^^^^^^^^^^^^^^^^
  File "/home/airflow/.local/lib/python3.12/site-packages/airflow/operators/python.py", line 235, in execute
    return_value = self.execute_callable()
                   ^^^^^^^^^^^^^^^^^^^^^^^
  File "/home/airflow/.local/lib/python3.12/site-packages/airflow/operators/python.py", line 252, in execute_callable
    return self.python_callable(*self.op_args, **self.op_kwargs)
           ^^^^^^^^^^^^^^^^^^^^^^^^^^^^^^^^^^^^^^^^^^^^^^^^^^^^^
  File "/opt/airflow/dags/stocks_dwh/raw/stocks_raw_dags.py", line 86, in download_and_load_raw
    df["volume"] = pd.to_numeric(df["volume"], errors="coerce").fillna(0).astype("int64")
                   ^^^^^^^^^^^^^^^^^^^^^^^^^^^^^^^^^^^^^^^^^^^^
  File "/home/airflow/.local/lib/python3.12/site-packages/pandas/core/tools/numeric.py", line 212, in to_numeric
    raise TypeError("arg must be a list, tuple, 1-d array, or Series")
TypeError: arg must be a list, tuple, 1-d array, or Series
[2026-02-09T10:33:06.457+0000] {taskinstance.py:1206} INFO - Marking task as FAILED. dag_id=stock_raw_aapl, task_id=download_and_load_raw, run_id=scheduled__2025-04-07T00:00:00+00:00, execution_date=20250407T000000, start_date=20260209T103305, end_date=20260209T103306
[2026-02-09T10:33:06.472+0000] {standard_task_runner.py:110} ERROR - Failed to execute job 5121 for task download_and_load_raw (arg must be a list, tuple, 1-d array, or Series; 4520)
[2026-02-09T10:33:06.502+0000] {local_task_job_runner.py:243} INFO - Task exited with return code 1
[2026-02-09T10:33:06.522+0000] {taskinstance.py:3503} INFO - 0 downstream tasks scheduled from follow-on schedule check
[2026-02-09T10:33:06.525+0000] {local_task_job_runner.py:222} INFO - ::endgroup::
[2026-02-09T12:35:15.642+0000] {local_task_job_runner.py:120} INFO - ::group::Pre task execution logs
[2026-02-09T12:35:15.678+0000] {taskinstance.py:2076} INFO - Dependencies all met for dep_context=non-requeueable deps ti=<TaskInstance: stock_raw_aapl.download_and_load_raw scheduled__2025-04-07T00:00:00+00:00 [queued]>
[2026-02-09T12:35:15.686+0000] {taskinstance.py:2076} INFO - Dependencies all met for dep_context=requeueable deps ti=<TaskInstance: stock_raw_aapl.download_and_load_raw scheduled__2025-04-07T00:00:00+00:00 [queued]>
[2026-02-09T12:35:15.687+0000] {taskinstance.py:2306} INFO - Starting attempt 1 of 1
[2026-02-09T12:35:15.703+0000] {taskinstance.py:2330} INFO - Executing <Task(PythonOperator): download_and_load_raw> on 2025-04-07 00:00:00+00:00
[2026-02-09T12:35:15.717+0000] {logging_mixin.py:188} WARNING - /home/***/.local/lib/python3.12/site-packages/***/task/task_runner/standard_task_runner.py:62 DeprecationWarning: This process (pid=17586) is multi-threaded, use of fork() may lead to deadlocks in the child.
[2026-02-09T12:35:15.718+0000] {standard_task_runner.py:64} INFO - Started process 17588 to run task
[2026-02-09T12:35:15.717+0000] {standard_task_runner.py:90} INFO - Running: ['***', 'tasks', 'run', 'stock_raw_aapl', 'download_and_load_raw', 'scheduled__2025-04-07T00:00:00+00:00', '--job-id', '7654', '--raw', '--subdir', 'DAGS_FOLDER/stocks_dwh/raw/stocks_raw_dags.py', '--cfg-path', '/tmp/tmplhn92kh1']
[2026-02-09T12:35:15.720+0000] {standard_task_runner.py:91} INFO - Job 7654: Subtask download_and_load_raw
[2026-02-09T12:35:15.800+0000] {task_command.py:426} INFO - Running <TaskInstance: stock_raw_aapl.download_and_load_raw scheduled__2025-04-07T00:00:00+00:00 [running]> on host 4886d37bc122
[2026-02-09T12:35:15.915+0000] {taskinstance.py:2648} INFO - Exporting env vars: AIRFLOW_CTX_DAG_OWNER='***' AIRFLOW_CTX_DAG_ID='stock_raw_aapl' AIRFLOW_CTX_TASK_ID='download_and_load_raw' AIRFLOW_CTX_EXECUTION_DATE='2025-04-07T00:00:00+00:00' AIRFLOW_CTX_TRY_NUMBER='1' AIRFLOW_CTX_DAG_RUN_ID='scheduled__2025-04-07T00:00:00+00:00'
[2026-02-09T12:35:15.919+0000] {taskinstance.py:430} INFO - ::endgroup::
[2026-02-09T12:35:15.932+0000] {stocks_raw_dags.py:37} INFO - 2025-04-07 00:00:00+00:00, 2025-04-08 00:00:00+00:00
[2026-02-09T12:35:15.932+0000] {logging_mixin.py:188} INFO - [RAW] Download AAPL [1d] 2025-04-06..2025-04-08
[2026-02-09T12:35:15.935+0000] {logging_mixin.py:188} WARNING - /opt/***/dags/stocks_dwh/raw/stocks_raw_dags.py:42 FutureWarning: YF.download() has changed argument auto_adjust default to True
[2026-02-09T12:35:15.945+0000] {logging_mixin.py:188} WARNING - /home/***/.local/lib/python3.12/site-packages/yfinance/scrapers/history.py:204 Pandas4Warning: Timestamp.utcnow is deprecated and will be removed in a future version. Use Timestamp.now('UTC') instead.
[2026-02-09T12:35:16.471+0000] {logging_mixin.py:188} WARNING - [*********************100%***********************]  1 of 1 completed
[2026-02-09T12:35:16.512+0000] {base.py:84} INFO - Using connection ID 'dwh_clickhouse' for task execution.
[2026-02-09T12:35:16.541+0000] {logging_mixin.py:188} INFO - [RAW] Deleted existing rows for AAPL in 2025-04-06..2025-04-08
[2026-02-09T12:35:16.551+0000] {logging_mixin.py:188} INFO - [RAW] Inserted 1 rows into dwh.raw_stock_prices
[2026-02-09T12:35:16.552+0000] {python.py:237} INFO - Done. Returned value was: None
[2026-02-09T12:35:16.553+0000] {taskinstance.py:441} INFO - ::group::Post task execution logs
[2026-02-09T12:35:16.565+0000] {taskinstance.py:1206} INFO - Marking task as SUCCESS. dag_id=stock_raw_aapl, task_id=download_and_load_raw, run_id=scheduled__2025-04-07T00:00:00+00:00, execution_date=20250407T000000, start_date=20260209T123515, end_date=20260209T123516
[2026-02-09T12:35:16.615+0000] {local_task_job_runner.py:243} INFO - Task exited with return code 0
[2026-02-09T12:35:16.638+0000] {taskinstance.py:3503} INFO - 0 downstream tasks scheduled from follow-on schedule check
[2026-02-09T12:35:16.642+0000] {local_task_job_runner.py:222} INFO - ::endgroup::
