[2026-02-09T10:14:24.315+0000] {local_task_job_runner.py:120} INFO - ::group::Pre task execution logs
[2026-02-09T10:14:24.345+0000] {taskinstance.py:2076} INFO - Dependencies all met for dep_context=non-requeueable deps ti=<TaskInstance: stock_raw_aapl.download_and_load_raw scheduled__2024-06-02T00:00:00+00:00 [queued]>
[2026-02-09T10:14:24.353+0000] {taskinstance.py:2076} INFO - Dependencies all met for dep_context=requeueable deps ti=<TaskInstance: stock_raw_aapl.download_and_load_raw scheduled__2024-06-02T00:00:00+00:00 [queued]>
[2026-02-09T10:14:24.354+0000] {taskinstance.py:2306} INFO - Starting attempt 1 of 1
[2026-02-09T10:14:24.368+0000] {taskinstance.py:2330} INFO - Executing <Task(PythonOperator): download_and_load_raw> on 2024-06-02 00:00:00+00:00
[2026-02-09T10:14:24.381+0000] {logging_mixin.py:188} WARNING - /home/***/.local/lib/python3.12/site-packages/***/task/task_runner/standard_task_runner.py:62 DeprecationWarning: This process (pid=4210) is multi-threaded, use of fork() may lead to deadlocks in the child.
[2026-02-09T10:14:24.382+0000] {standard_task_runner.py:64} INFO - Started process 4222 to run task
[2026-02-09T10:14:24.381+0000] {standard_task_runner.py:90} INFO - Running: ['***', 'tasks', 'run', 'stock_raw_aapl', 'download_and_load_raw', 'scheduled__2024-06-02T00:00:00+00:00', '--job-id', '3587', '--raw', '--subdir', 'DAGS_FOLDER/stocks_dwh/raw/stocks_raw_dags.py', '--cfg-path', '/tmp/tmp6zn2xq4d']
[2026-02-09T10:14:24.383+0000] {standard_task_runner.py:91} INFO - Job 3587: Subtask download_and_load_raw
[2026-02-09T10:14:24.446+0000] {task_command.py:426} INFO - Running <TaskInstance: stock_raw_aapl.download_and_load_raw scheduled__2024-06-02T00:00:00+00:00 [running]> on host b6b9e92e7d61
[2026-02-09T10:14:24.541+0000] {taskinstance.py:2648} INFO - Exporting env vars: AIRFLOW_CTX_DAG_OWNER='***' AIRFLOW_CTX_DAG_ID='stock_raw_aapl' AIRFLOW_CTX_TASK_ID='download_and_load_raw' AIRFLOW_CTX_EXECUTION_DATE='2024-06-02T00:00:00+00:00' AIRFLOW_CTX_TRY_NUMBER='1' AIRFLOW_CTX_DAG_RUN_ID='scheduled__2024-06-02T00:00:00+00:00'
[2026-02-09T10:14:24.545+0000] {taskinstance.py:430} INFO - ::endgroup::
[2026-02-09T10:14:24.560+0000] {logging_mixin.py:188} INFO - [RAW] Download AAPL [1d] 2024-06-02..2024-06-03
[2026-02-09T10:14:24.562+0000] {logging_mixin.py:188} WARNING - /opt/***/dags/stocks_dwh/raw/stocks_raw_dags.py:38 FutureWarning: YF.download() has changed argument auto_adjust default to True
[2026-02-09T10:14:24.571+0000] {logging_mixin.py:188} WARNING - /home/***/.local/lib/python3.12/site-packages/yfinance/scrapers/history.py:204 Pandas4Warning: Timestamp.utcnow is deprecated and will be removed in a future version. Use Timestamp.now('UTC') instead.
[2026-02-09T10:14:25.053+0000] {multi.py:185} ERROR - 
1 Failed download:
[2026-02-09T10:14:25.054+0000] {multi.py:198} ERROR - ['AAPL']: YFPricesMissingError('possibly delisted; no price data found  (1d 2024-06-02 -> 2024-06-03)')
[2026-02-09T10:14:25.068+0000] {logging_mixin.py:188} INFO - [RAW] No data from yfinance
[2026-02-09T10:14:25.069+0000] {python.py:237} INFO - Done. Returned value was: None
[2026-02-09T10:14:25.070+0000] {taskinstance.py:441} INFO - ::group::Post task execution logs
[2026-02-09T10:14:25.079+0000] {taskinstance.py:1206} INFO - Marking task as SUCCESS. dag_id=stock_raw_aapl, task_id=download_and_load_raw, run_id=scheduled__2024-06-02T00:00:00+00:00, execution_date=20240602T000000, start_date=20260209T101424, end_date=20260209T101425
[2026-02-09T10:14:25.158+0000] {local_task_job_runner.py:243} INFO - Task exited with return code 0
[2026-02-09T10:14:25.177+0000] {taskinstance.py:3503} INFO - 0 downstream tasks scheduled from follow-on schedule check
[2026-02-09T10:14:25.179+0000] {local_task_job_runner.py:222} INFO - ::endgroup::
[2026-02-09T12:18:09.518+0000] {local_task_job_runner.py:120} INFO - ::group::Pre task execution logs
[2026-02-09T12:18:09.546+0000] {taskinstance.py:2076} INFO - Dependencies all met for dep_context=non-requeueable deps ti=<TaskInstance: stock_raw_aapl.download_and_load_raw scheduled__2024-06-02T00:00:00+00:00 [queued]>
[2026-02-09T12:18:09.554+0000] {taskinstance.py:2076} INFO - Dependencies all met for dep_context=requeueable deps ti=<TaskInstance: stock_raw_aapl.download_and_load_raw scheduled__2024-06-02T00:00:00+00:00 [queued]>
[2026-02-09T12:18:09.555+0000] {taskinstance.py:2306} INFO - Starting attempt 1 of 1
[2026-02-09T12:18:09.567+0000] {taskinstance.py:2330} INFO - Executing <Task(PythonOperator): download_and_load_raw> on 2024-06-02 00:00:00+00:00
[2026-02-09T12:18:09.578+0000] {logging_mixin.py:188} WARNING - /home/***/.local/lib/python3.12/site-packages/***/task/task_runner/standard_task_runner.py:62 DeprecationWarning: This process (pid=14794) is multi-threaded, use of fork() may lead to deadlocks in the child.
[2026-02-09T12:18:09.580+0000] {standard_task_runner.py:64} INFO - Started process 14798 to run task
[2026-02-09T12:18:09.578+0000] {standard_task_runner.py:90} INFO - Running: ['***', 'tasks', 'run', 'stock_raw_aapl', 'download_and_load_raw', 'scheduled__2024-06-02T00:00:00+00:00', '--job-id', '7059', '--raw', '--subdir', 'DAGS_FOLDER/stocks_dwh/raw/stocks_raw_dags.py', '--cfg-path', '/tmp/tmpls5j4tg9']
[2026-02-09T12:18:09.580+0000] {standard_task_runner.py:91} INFO - Job 7059: Subtask download_and_load_raw
[2026-02-09T12:18:09.642+0000] {task_command.py:426} INFO - Running <TaskInstance: stock_raw_aapl.download_and_load_raw scheduled__2024-06-02T00:00:00+00:00 [running]> on host 4886d37bc122
[2026-02-09T12:18:09.726+0000] {taskinstance.py:2648} INFO - Exporting env vars: AIRFLOW_CTX_DAG_OWNER='***' AIRFLOW_CTX_DAG_ID='stock_raw_aapl' AIRFLOW_CTX_TASK_ID='download_and_load_raw' AIRFLOW_CTX_EXECUTION_DATE='2024-06-02T00:00:00+00:00' AIRFLOW_CTX_TRY_NUMBER='1' AIRFLOW_CTX_DAG_RUN_ID='scheduled__2024-06-02T00:00:00+00:00'
[2026-02-09T12:18:09.727+0000] {taskinstance.py:430} INFO - ::endgroup::
[2026-02-09T12:18:09.738+0000] {stocks_raw_dags.py:37} INFO - 2024-06-02 00:00:00+00:00, 2024-06-03 00:00:00+00:00
[2026-02-09T12:18:09.738+0000] {logging_mixin.py:188} INFO - [RAW] Download AAPL [1d] 2024-06-01..2024-06-03
[2026-02-09T12:18:09.740+0000] {logging_mixin.py:188} WARNING - /opt/***/dags/stocks_dwh/raw/stocks_raw_dags.py:42 FutureWarning: YF.download() has changed argument auto_adjust default to True
[2026-02-09T12:18:09.748+0000] {logging_mixin.py:188} WARNING - /home/***/.local/lib/python3.12/site-packages/yfinance/scrapers/history.py:204 Pandas4Warning: Timestamp.utcnow is deprecated and will be removed in a future version. Use Timestamp.now('UTC') instead.
[2026-02-09T12:18:10.228+0000] {logging_mixin.py:188} WARNING - [*********************100%***********************]  1 of 1 completed
[2026-02-09T12:18:10.229+0000] {multi.py:185} ERROR - 
1 Failed download:
[2026-02-09T12:18:10.229+0000] {multi.py:198} ERROR - ['AAPL']: YFPricesMissingError('possibly delisted; no price data found  (1d 2024-06-01 -> 2024-06-03)')
[2026-02-09T12:18:10.242+0000] {logging_mixin.py:188} INFO - [RAW] No data from yfinance
[2026-02-09T12:18:10.242+0000] {python.py:237} INFO - Done. Returned value was: None
[2026-02-09T12:18:10.243+0000] {taskinstance.py:441} INFO - ::group::Post task execution logs
[2026-02-09T12:18:10.252+0000] {taskinstance.py:1206} INFO - Marking task as SUCCESS. dag_id=stock_raw_aapl, task_id=download_and_load_raw, run_id=scheduled__2024-06-02T00:00:00+00:00, execution_date=20240602T000000, start_date=20260209T121809, end_date=20260209T121810
[2026-02-09T12:18:10.315+0000] {local_task_job_runner.py:243} INFO - Task exited with return code 0
[2026-02-09T12:18:10.337+0000] {taskinstance.py:3503} INFO - 0 downstream tasks scheduled from follow-on schedule check
[2026-02-09T12:18:10.339+0000] {local_task_job_runner.py:222} INFO - ::endgroup::
