[2026-02-09T10:49:14.145+0000] {local_task_job_runner.py:120} INFO - ::group::Pre task execution logs
[2026-02-09T10:49:14.175+0000] {taskinstance.py:2076} INFO - Dependencies all met for dep_context=non-requeueable deps ti=<TaskInstance: stock_raw_aapl.download_and_load_raw scheduled__2026-01-31T00:00:00+00:00 [queued]>
[2026-02-09T10:49:14.184+0000] {taskinstance.py:2076} INFO - Dependencies all met for dep_context=requeueable deps ti=<TaskInstance: stock_raw_aapl.download_and_load_raw scheduled__2026-01-31T00:00:00+00:00 [queued]>
[2026-02-09T10:49:14.186+0000] {taskinstance.py:2306} INFO - Starting attempt 1 of 1
[2026-02-09T10:49:14.200+0000] {taskinstance.py:2330} INFO - Executing <Task(PythonOperator): download_and_load_raw> on 2026-01-31 00:00:00+00:00
[2026-02-09T10:49:14.217+0000] {logging_mixin.py:188} WARNING - /home/***/.local/lib/python3.12/site-packages/***/task/task_runner/standard_task_runner.py:62 DeprecationWarning: This process (pid=10775) is multi-threaded, use of fork() may lead to deadlocks in the child.
[2026-02-09T10:49:14.219+0000] {standard_task_runner.py:64} INFO - Started process 10785 to run task
[2026-02-09T10:49:14.217+0000] {standard_task_runner.py:90} INFO - Running: ['***', 'tasks', 'run', 'stock_raw_aapl', 'download_and_load_raw', 'scheduled__2026-01-31T00:00:00+00:00', '--job-id', '6593', '--raw', '--subdir', 'DAGS_FOLDER/stocks_dwh/raw/stocks_raw_dags.py', '--cfg-path', '/tmp/tmp4mcp2jh1']
[2026-02-09T10:49:14.220+0000] {standard_task_runner.py:91} INFO - Job 6593: Subtask download_and_load_raw
[2026-02-09T10:49:14.287+0000] {task_command.py:426} INFO - Running <TaskInstance: stock_raw_aapl.download_and_load_raw scheduled__2026-01-31T00:00:00+00:00 [running]> on host 4886d37bc122
[2026-02-09T10:49:14.390+0000] {taskinstance.py:2648} INFO - Exporting env vars: AIRFLOW_CTX_DAG_OWNER='***' AIRFLOW_CTX_DAG_ID='stock_raw_aapl' AIRFLOW_CTX_TASK_ID='download_and_load_raw' AIRFLOW_CTX_EXECUTION_DATE='2026-01-31T00:00:00+00:00' AIRFLOW_CTX_TRY_NUMBER='1' AIRFLOW_CTX_DAG_RUN_ID='scheduled__2026-01-31T00:00:00+00:00'
[2026-02-09T10:49:14.391+0000] {taskinstance.py:430} INFO - ::endgroup::
[2026-02-09T10:49:14.402+0000] {logging_mixin.py:188} INFO - [RAW] Download AAPL [1d] 2026-01-31..2026-02-01
[2026-02-09T10:49:14.405+0000] {logging_mixin.py:188} WARNING - /opt/***/dags/stocks_dwh/raw/stocks_raw_dags.py:38 FutureWarning: YF.download() has changed argument auto_adjust default to True
[2026-02-09T10:49:14.413+0000] {logging_mixin.py:188} WARNING - /home/***/.local/lib/python3.12/site-packages/yfinance/scrapers/history.py:204 Pandas4Warning: Timestamp.utcnow is deprecated and will be removed in a future version. Use Timestamp.now('UTC') instead.
[2026-02-09T10:49:14.888+0000] {multi.py:185} ERROR - 
1 Failed download:
[2026-02-09T10:49:14.889+0000] {multi.py:198} ERROR - ['AAPL']: YFPricesMissingError('possibly delisted; no price data found  (1d 2026-01-31 -> 2026-02-01)')
[2026-02-09T10:49:14.908+0000] {logging_mixin.py:188} INFO - [RAW] No data from yfinance
[2026-02-09T10:49:14.909+0000] {python.py:237} INFO - Done. Returned value was: None
[2026-02-09T10:49:14.909+0000] {taskinstance.py:441} INFO - ::group::Post task execution logs
[2026-02-09T10:49:14.922+0000] {taskinstance.py:1206} INFO - Marking task as SUCCESS. dag_id=stock_raw_aapl, task_id=download_and_load_raw, run_id=scheduled__2026-01-31T00:00:00+00:00, execution_date=20260131T000000, start_date=20260209T104914, end_date=20260209T104914
[2026-02-09T10:49:14.955+0000] {local_task_job_runner.py:243} INFO - Task exited with return code 0
[2026-02-09T10:49:14.972+0000] {taskinstance.py:3503} INFO - 0 downstream tasks scheduled from follow-on schedule check
[2026-02-09T10:49:14.975+0000] {local_task_job_runner.py:222} INFO - ::endgroup::
[2026-02-09T12:51:15.482+0000] {local_task_job_runner.py:120} INFO - ::group::Pre task execution logs
[2026-02-09T12:51:15.513+0000] {taskinstance.py:2076} INFO - Dependencies all met for dep_context=non-requeueable deps ti=<TaskInstance: stock_raw_aapl.download_and_load_raw scheduled__2026-01-31T00:00:00+00:00 [queued]>
[2026-02-09T12:51:15.520+0000] {taskinstance.py:2076} INFO - Dependencies all met for dep_context=requeueable deps ti=<TaskInstance: stock_raw_aapl.download_and_load_raw scheduled__2026-01-31T00:00:00+00:00 [queued]>
[2026-02-09T12:51:15.521+0000] {taskinstance.py:2306} INFO - Starting attempt 1 of 1
[2026-02-09T12:51:15.536+0000] {taskinstance.py:2330} INFO - Executing <Task(PythonOperator): download_and_load_raw> on 2026-01-31 00:00:00+00:00
[2026-02-09T12:51:15.549+0000] {logging_mixin.py:188} WARNING - /home/***/.local/lib/python3.12/site-packages/***/task/task_runner/standard_task_runner.py:62 DeprecationWarning: This process (pid=19155) is multi-threaded, use of fork() may lead to deadlocks in the child.
[2026-02-09T12:51:15.550+0000] {standard_task_runner.py:64} INFO - Started process 19161 to run task
[2026-02-09T12:51:15.549+0000] {standard_task_runner.py:90} INFO - Running: ['***', 'tasks', 'run', 'stock_raw_aapl', 'download_and_load_raw', 'scheduled__2026-01-31T00:00:00+00:00', '--job-id', '7953', '--raw', '--subdir', 'DAGS_FOLDER/stocks_dwh/raw/stocks_raw_dags.py', '--cfg-path', '/tmp/tmpao_x8x4p']
[2026-02-09T12:51:15.551+0000] {standard_task_runner.py:91} INFO - Job 7953: Subtask download_and_load_raw
[2026-02-09T12:51:15.625+0000] {task_command.py:426} INFO - Running <TaskInstance: stock_raw_aapl.download_and_load_raw scheduled__2026-01-31T00:00:00+00:00 [running]> on host 4886d37bc122
[2026-02-09T12:51:15.730+0000] {taskinstance.py:2648} INFO - Exporting env vars: AIRFLOW_CTX_DAG_OWNER='***' AIRFLOW_CTX_DAG_ID='stock_raw_aapl' AIRFLOW_CTX_TASK_ID='download_and_load_raw' AIRFLOW_CTX_EXECUTION_DATE='2026-01-31T00:00:00+00:00' AIRFLOW_CTX_TRY_NUMBER='1' AIRFLOW_CTX_DAG_RUN_ID='scheduled__2026-01-31T00:00:00+00:00'
[2026-02-09T12:51:15.731+0000] {taskinstance.py:430} INFO - ::endgroup::
[2026-02-09T12:51:15.742+0000] {stocks_raw_dags.py:37} INFO - 2026-01-31 00:00:00+00:00, 2026-02-01 00:00:00+00:00
[2026-02-09T12:51:15.743+0000] {logging_mixin.py:188} INFO - [RAW] Download AAPL [1d] 2026-01-30..2026-02-01
[2026-02-09T12:51:15.745+0000] {logging_mixin.py:188} WARNING - /opt/***/dags/stocks_dwh/raw/stocks_raw_dags.py:42 FutureWarning: YF.download() has changed argument auto_adjust default to True
[2026-02-09T12:51:15.754+0000] {logging_mixin.py:188} WARNING - /home/***/.local/lib/python3.12/site-packages/yfinance/scrapers/history.py:204 Pandas4Warning: Timestamp.utcnow is deprecated and will be removed in a future version. Use Timestamp.now('UTC') instead.
[2026-02-09T12:51:16.289+0000] {logging_mixin.py:188} WARNING - [*********************100%***********************]  1 of 1 completed
[2026-02-09T12:51:16.328+0000] {base.py:84} INFO - Using connection ID 'dwh_clickhouse' for task execution.
[2026-02-09T12:51:16.360+0000] {logging_mixin.py:188} INFO - [RAW] Deleted existing rows for AAPL in 2026-01-30..2026-02-01
[2026-02-09T12:51:16.370+0000] {logging_mixin.py:188} INFO - [RAW] Inserted 1 rows into dwh.raw_stock_prices
[2026-02-09T12:51:16.373+0000] {python.py:237} INFO - Done. Returned value was: None
[2026-02-09T12:51:16.376+0000] {taskinstance.py:441} INFO - ::group::Post task execution logs
[2026-02-09T12:51:16.390+0000] {taskinstance.py:1206} INFO - Marking task as SUCCESS. dag_id=stock_raw_aapl, task_id=download_and_load_raw, run_id=scheduled__2026-01-31T00:00:00+00:00, execution_date=20260131T000000, start_date=20260209T125115, end_date=20260209T125116
[2026-02-09T12:51:16.444+0000] {local_task_job_runner.py:243} INFO - Task exited with return code 0
[2026-02-09T12:51:16.470+0000] {taskinstance.py:3503} INFO - 0 downstream tasks scheduled from follow-on schedule check
[2026-02-09T12:51:16.474+0000] {local_task_job_runner.py:222} INFO - ::endgroup::
