[2026-02-09T10:25:28.456+0000] {local_task_job_runner.py:120} INFO - ::group::Pre task execution logs
[2026-02-09T10:25:28.485+0000] {taskinstance.py:2076} INFO - Dependencies all met for dep_context=non-requeueable deps ti=<TaskInstance: stock_raw_nvda.download_and_load_raw scheduled__2024-11-17T00:00:00+00:00 [queued]>
[2026-02-09T10:25:28.494+0000] {taskinstance.py:2076} INFO - Dependencies all met for dep_context=requeueable deps ti=<TaskInstance: stock_raw_nvda.download_and_load_raw scheduled__2024-11-17T00:00:00+00:00 [queued]>
[2026-02-09T10:25:28.495+0000] {taskinstance.py:2306} INFO - Starting attempt 1 of 1
[2026-02-09T10:25:28.507+0000] {taskinstance.py:2330} INFO - Executing <Task(PythonOperator): download_and_load_raw> on 2024-11-17 00:00:00+00:00
[2026-02-09T10:25:28.518+0000] {logging_mixin.py:188} WARNING - /home/***/.local/lib/python3.12/site-packages/***/task/task_runner/standard_task_runner.py:62 DeprecationWarning: This process (pid=1547) is multi-threaded, use of fork() may lead to deadlocks in the child.
[2026-02-09T10:25:28.518+0000] {standard_task_runner.py:90} INFO - Running: ['***', 'tasks', 'run', 'stock_raw_nvda', 'download_and_load_raw', 'scheduled__2024-11-17T00:00:00+00:00', '--job-id', '4422', '--raw', '--subdir', 'DAGS_FOLDER/stocks_dwh/raw/stocks_raw_dags.py', '--cfg-path', '/tmp/tmppatcdpvm']
[2026-02-09T10:25:28.521+0000] {standard_task_runner.py:64} INFO - Started process 1557 to run task
[2026-02-09T10:25:28.521+0000] {standard_task_runner.py:91} INFO - Job 4422: Subtask download_and_load_raw
[2026-02-09T10:25:28.581+0000] {task_command.py:426} INFO - Running <TaskInstance: stock_raw_nvda.download_and_load_raw scheduled__2024-11-17T00:00:00+00:00 [running]> on host 4886d37bc122
[2026-02-09T10:25:28.667+0000] {taskinstance.py:2648} INFO - Exporting env vars: AIRFLOW_CTX_DAG_OWNER='***' AIRFLOW_CTX_DAG_ID='stock_raw_nvda' AIRFLOW_CTX_TASK_ID='download_and_load_raw' AIRFLOW_CTX_EXECUTION_DATE='2024-11-17T00:00:00+00:00' AIRFLOW_CTX_TRY_NUMBER='1' AIRFLOW_CTX_DAG_RUN_ID='scheduled__2024-11-17T00:00:00+00:00'
[2026-02-09T10:25:28.669+0000] {taskinstance.py:430} INFO - ::endgroup::
[2026-02-09T10:25:28.682+0000] {logging_mixin.py:188} INFO - [RAW] Download NVDA [1d] 2024-11-17..2024-11-18
[2026-02-09T10:25:28.684+0000] {logging_mixin.py:188} WARNING - /opt/***/dags/stocks_dwh/raw/stocks_raw_dags.py:38 FutureWarning: YF.download() has changed argument auto_adjust default to True
[2026-02-09T10:25:28.692+0000] {logging_mixin.py:188} WARNING - /home/***/.local/lib/python3.12/site-packages/yfinance/scrapers/history.py:204 Pandas4Warning: Timestamp.utcnow is deprecated and will be removed in a future version. Use Timestamp.now('UTC') instead.
[2026-02-09T10:25:29.182+0000] {multi.py:185} ERROR - 
1 Failed download:
[2026-02-09T10:25:29.183+0000] {multi.py:198} ERROR - ['NVDA']: YFPricesMissingError('possibly delisted; no price data found  (1d 2024-11-17 -> 2024-11-18)')
[2026-02-09T10:25:29.195+0000] {logging_mixin.py:188} INFO - [RAW] No data from yfinance
[2026-02-09T10:25:29.196+0000] {python.py:237} INFO - Done. Returned value was: None
[2026-02-09T10:25:29.196+0000] {taskinstance.py:441} INFO - ::group::Post task execution logs
[2026-02-09T10:25:29.205+0000] {taskinstance.py:1206} INFO - Marking task as SUCCESS. dag_id=stock_raw_nvda, task_id=download_and_load_raw, run_id=scheduled__2024-11-17T00:00:00+00:00, execution_date=20241117T000000, start_date=20260209T102528, end_date=20260209T102529
[2026-02-09T10:25:29.256+0000] {local_task_job_runner.py:243} INFO - Task exited with return code 0
[2026-02-09T10:25:29.274+0000] {taskinstance.py:3503} INFO - 0 downstream tasks scheduled from follow-on schedule check
[2026-02-09T10:25:29.276+0000] {local_task_job_runner.py:222} INFO - ::endgroup::
