[2026-02-09T10:31:46.512+0000] {local_task_job_runner.py:120} INFO - ::group::Pre task execution logs
[2026-02-09T10:31:46.547+0000] {taskinstance.py:2076} INFO - Dependencies all met for dep_context=non-requeueable deps ti=<TaskInstance: stock_raw_aapl.download_and_load_raw scheduled__2025-03-14T00:00:00+00:00 [queued]>
[2026-02-09T10:31:46.554+0000] {taskinstance.py:2076} INFO - Dependencies all met for dep_context=requeueable deps ti=<TaskInstance: stock_raw_aapl.download_and_load_raw scheduled__2025-03-14T00:00:00+00:00 [queued]>
[2026-02-09T10:31:46.555+0000] {taskinstance.py:2306} INFO - Starting attempt 1 of 1
[2026-02-09T10:31:46.567+0000] {taskinstance.py:2330} INFO - Executing <Task(PythonOperator): download_and_load_raw> on 2025-03-14 00:00:00+00:00
[2026-02-09T10:31:46.579+0000] {logging_mixin.py:188} WARNING - /home/***/.local/lib/python3.12/site-packages/***/task/task_runner/standard_task_runner.py:62 DeprecationWarning: This process (pid=4005) is multi-threaded, use of fork() may lead to deadlocks in the child.
[2026-02-09T10:31:46.581+0000] {standard_task_runner.py:64} INFO - Started process 4012 to run task
[2026-02-09T10:31:46.579+0000] {standard_task_runner.py:90} INFO - Running: ['***', 'tasks', 'run', 'stock_raw_aapl', 'download_and_load_raw', 'scheduled__2025-03-14T00:00:00+00:00', '--job-id', '5000', '--raw', '--subdir', 'DAGS_FOLDER/stocks_dwh/raw/stocks_raw_dags.py', '--cfg-path', '/tmp/tmpnie0bru6']
[2026-02-09T10:31:46.582+0000] {standard_task_runner.py:91} INFO - Job 5000: Subtask download_and_load_raw
[2026-02-09T10:31:46.647+0000] {task_command.py:426} INFO - Running <TaskInstance: stock_raw_aapl.download_and_load_raw scheduled__2025-03-14T00:00:00+00:00 [running]> on host 4886d37bc122
[2026-02-09T10:31:46.746+0000] {taskinstance.py:2648} INFO - Exporting env vars: AIRFLOW_CTX_DAG_OWNER='***' AIRFLOW_CTX_DAG_ID='stock_raw_aapl' AIRFLOW_CTX_TASK_ID='download_and_load_raw' AIRFLOW_CTX_EXECUTION_DATE='2025-03-14T00:00:00+00:00' AIRFLOW_CTX_TRY_NUMBER='1' AIRFLOW_CTX_DAG_RUN_ID='scheduled__2025-03-14T00:00:00+00:00'
[2026-02-09T10:31:46.749+0000] {taskinstance.py:430} INFO - ::endgroup::
[2026-02-09T10:31:46.765+0000] {logging_mixin.py:188} INFO - [RAW] Download AAPL [1d] 2025-03-14..2025-03-15
[2026-02-09T10:31:46.767+0000] {logging_mixin.py:188} WARNING - /opt/***/dags/stocks_dwh/raw/stocks_raw_dags.py:38 FutureWarning: YF.download() has changed argument auto_adjust default to True
[2026-02-09T10:31:46.777+0000] {logging_mixin.py:188} WARNING - /home/***/.local/lib/python3.12/site-packages/yfinance/scrapers/history.py:204 Pandas4Warning: Timestamp.utcnow is deprecated and will be removed in a future version. Use Timestamp.now('UTC') instead.
[2026-02-09T10:31:47.310+0000] {taskinstance.py:441} INFO - ::group::Post task execution logs
[2026-02-09T10:31:47.311+0000] {taskinstance.py:2905} ERROR - Task failed with exception
Traceback (most recent call last):
  File "/home/airflow/.local/lib/python3.12/site-packages/airflow/models/taskinstance.py", line 465, in _execute_task
    result = _execute_callable(context=context, **execute_callable_kwargs)
             ^^^^^^^^^^^^^^^^^^^^^^^^^^^^^^^^^^^^^^^^^^^^^^^^^^^^^^^^^^^^^
  File "/home/airflow/.local/lib/python3.12/site-packages/airflow/models/taskinstance.py", line 432, in _execute_callable
    return execute_callable(context=context, **execute_callable_kwargs)
           ^^^^^^^^^^^^^^^^^^^^^^^^^^^^^^^^^^^^^^^^^^^^^^^^^^^^^^^^^^^^
  File "/home/airflow/.local/lib/python3.12/site-packages/airflow/models/baseoperator.py", line 401, in wrapper
    return func(self, *args, **kwargs)
           ^^^^^^^^^^^^^^^^^^^^^^^^^^^
  File "/home/airflow/.local/lib/python3.12/site-packages/airflow/operators/python.py", line 235, in execute
    return_value = self.execute_callable()
                   ^^^^^^^^^^^^^^^^^^^^^^^
  File "/home/airflow/.local/lib/python3.12/site-packages/airflow/operators/python.py", line 252, in execute_callable
    return self.python_callable(*self.op_args, **self.op_kwargs)
           ^^^^^^^^^^^^^^^^^^^^^^^^^^^^^^^^^^^^^^^^^^^^^^^^^^^^^
  File "/opt/airflow/dags/stocks_dwh/raw/stocks_raw_dags.py", line 86, in download_and_load_raw
    df["volume"] = pd.to_numeric(df["volume"], errors="coerce").fillna(0).astype("int64")
                   ^^^^^^^^^^^^^^^^^^^^^^^^^^^^^^^^^^^^^^^^^^^^
  File "/home/airflow/.local/lib/python3.12/site-packages/pandas/core/tools/numeric.py", line 212, in to_numeric
    raise TypeError("arg must be a list, tuple, 1-d array, or Series")
TypeError: arg must be a list, tuple, 1-d array, or Series
[2026-02-09T10:31:47.327+0000] {taskinstance.py:1206} INFO - Marking task as FAILED. dag_id=stock_raw_aapl, task_id=download_and_load_raw, run_id=scheduled__2025-03-14T00:00:00+00:00, execution_date=20250314T000000, start_date=20260209T103146, end_date=20260209T103147
[2026-02-09T10:31:47.340+0000] {standard_task_runner.py:110} ERROR - Failed to execute job 5000 for task download_and_load_raw (arg must be a list, tuple, 1-d array, or Series; 4012)
[2026-02-09T10:31:47.397+0000] {local_task_job_runner.py:243} INFO - Task exited with return code 1
[2026-02-09T10:31:47.413+0000] {taskinstance.py:3503} INFO - 0 downstream tasks scheduled from follow-on schedule check
[2026-02-09T10:31:47.415+0000] {local_task_job_runner.py:222} INFO - ::endgroup::
[2026-02-09T12:33:54.514+0000] {local_task_job_runner.py:120} INFO - ::group::Pre task execution logs
[2026-02-09T12:33:54.550+0000] {taskinstance.py:2076} INFO - Dependencies all met for dep_context=non-requeueable deps ti=<TaskInstance: stock_raw_aapl.download_and_load_raw scheduled__2025-03-14T00:00:00+00:00 [queued]>
[2026-02-09T12:33:54.560+0000] {taskinstance.py:2076} INFO - Dependencies all met for dep_context=requeueable deps ti=<TaskInstance: stock_raw_aapl.download_and_load_raw scheduled__2025-03-14T00:00:00+00:00 [queued]>
[2026-02-09T12:33:54.561+0000] {taskinstance.py:2306} INFO - Starting attempt 1 of 1
[2026-02-09T12:33:54.578+0000] {taskinstance.py:2330} INFO - Executing <Task(PythonOperator): download_and_load_raw> on 2025-03-14 00:00:00+00:00
[2026-02-09T12:33:54.593+0000] {logging_mixin.py:188} WARNING - /home/***/.local/lib/python3.12/site-packages/***/task/task_runner/standard_task_runner.py:62 DeprecationWarning: This process (pid=17446) is multi-threaded, use of fork() may lead to deadlocks in the child.
[2026-02-09T12:33:54.591+0000] {standard_task_runner.py:90} INFO - Running: ['***', 'tasks', 'run', 'stock_raw_aapl', 'download_and_load_raw', 'scheduled__2025-03-14T00:00:00+00:00', '--job-id', '7628', '--raw', '--subdir', 'DAGS_FOLDER/stocks_dwh/raw/stocks_raw_dags.py', '--cfg-path', '/tmp/tmpweaj2i_q']
[2026-02-09T12:33:54.595+0000] {standard_task_runner.py:64} INFO - Started process 17450 to run task
[2026-02-09T12:33:54.600+0000] {standard_task_runner.py:91} INFO - Job 7628: Subtask download_and_load_raw
[2026-02-09T12:33:54.682+0000] {task_command.py:426} INFO - Running <TaskInstance: stock_raw_aapl.download_and_load_raw scheduled__2025-03-14T00:00:00+00:00 [running]> on host 4886d37bc122
[2026-02-09T12:33:54.789+0000] {taskinstance.py:2648} INFO - Exporting env vars: AIRFLOW_CTX_DAG_OWNER='***' AIRFLOW_CTX_DAG_ID='stock_raw_aapl' AIRFLOW_CTX_TASK_ID='download_and_load_raw' AIRFLOW_CTX_EXECUTION_DATE='2025-03-14T00:00:00+00:00' AIRFLOW_CTX_TRY_NUMBER='1' AIRFLOW_CTX_DAG_RUN_ID='scheduled__2025-03-14T00:00:00+00:00'
[2026-02-09T12:33:54.791+0000] {taskinstance.py:430} INFO - ::endgroup::
[2026-02-09T12:33:54.807+0000] {stocks_raw_dags.py:37} INFO - 2025-03-14 00:00:00+00:00, 2025-03-15 00:00:00+00:00
[2026-02-09T12:33:54.808+0000] {logging_mixin.py:188} INFO - [RAW] Download AAPL [1d] 2025-03-13..2025-03-15
[2026-02-09T12:33:54.811+0000] {logging_mixin.py:188} WARNING - /opt/***/dags/stocks_dwh/raw/stocks_raw_dags.py:42 FutureWarning: YF.download() has changed argument auto_adjust default to True
[2026-02-09T12:33:54.820+0000] {logging_mixin.py:188} WARNING - /home/***/.local/lib/python3.12/site-packages/yfinance/scrapers/history.py:204 Pandas4Warning: Timestamp.utcnow is deprecated and will be removed in a future version. Use Timestamp.now('UTC') instead.
[2026-02-09T12:33:55.339+0000] {logging_mixin.py:188} WARNING - [*********************100%***********************]  1 of 1 completed
[2026-02-09T12:33:55.382+0000] {base.py:84} INFO - Using connection ID 'dwh_clickhouse' for task execution.
[2026-02-09T12:33:55.426+0000] {logging_mixin.py:188} INFO - [RAW] Deleted existing rows for AAPL in 2025-03-13..2025-03-15
[2026-02-09T12:33:55.440+0000] {logging_mixin.py:188} INFO - [RAW] Inserted 2 rows into dwh.raw_stock_prices
[2026-02-09T12:33:55.441+0000] {python.py:237} INFO - Done. Returned value was: None
[2026-02-09T12:33:55.442+0000] {taskinstance.py:441} INFO - ::group::Post task execution logs
[2026-02-09T12:33:55.455+0000] {taskinstance.py:1206} INFO - Marking task as SUCCESS. dag_id=stock_raw_aapl, task_id=download_and_load_raw, run_id=scheduled__2025-03-14T00:00:00+00:00, execution_date=20250314T000000, start_date=20260209T123354, end_date=20260209T123355
[2026-02-09T12:33:55.537+0000] {local_task_job_runner.py:243} INFO - Task exited with return code 0
[2026-02-09T12:33:55.561+0000] {taskinstance.py:3503} INFO - 0 downstream tasks scheduled from follow-on schedule check
[2026-02-09T12:33:55.566+0000] {local_task_job_runner.py:222} INFO - ::endgroup::
