[2026-02-09T10:43:26.062+0000] {local_task_job_runner.py:120} INFO - ::group::Pre task execution logs
[2026-02-09T10:43:26.099+0000] {taskinstance.py:2076} INFO - Dependencies all met for dep_context=non-requeueable deps ti=<TaskInstance: stock_raw_aapl.download_and_load_raw scheduled__2025-10-12T00:00:00+00:00 [queued]>
[2026-02-09T10:43:26.109+0000] {taskinstance.py:2076} INFO - Dependencies all met for dep_context=requeueable deps ti=<TaskInstance: stock_raw_aapl.download_and_load_raw scheduled__2025-10-12T00:00:00+00:00 [queued]>
[2026-02-09T10:43:26.110+0000] {taskinstance.py:2306} INFO - Starting attempt 1 of 1
[2026-02-09T10:43:26.130+0000] {taskinstance.py:2330} INFO - Executing <Task(PythonOperator): download_and_load_raw> on 2025-10-12 00:00:00+00:00
[2026-02-09T10:43:26.151+0000] {logging_mixin.py:188} WARNING - /home/***/.local/lib/python3.12/site-packages/***/task/task_runner/standard_task_runner.py:62 DeprecationWarning: This process (pid=8446) is multi-threaded, use of fork() may lead to deadlocks in the child.
[2026-02-09T10:43:26.153+0000] {standard_task_runner.py:64} INFO - Started process 8455 to run task
[2026-02-09T10:43:26.152+0000] {standard_task_runner.py:90} INFO - Running: ['***', 'tasks', 'run', 'stock_raw_aapl', 'download_and_load_raw', 'scheduled__2025-10-12T00:00:00+00:00', '--job-id', '6043', '--raw', '--subdir', 'DAGS_FOLDER/stocks_dwh/raw/stocks_raw_dags.py', '--cfg-path', '/tmp/tmp72uslvgy']
[2026-02-09T10:43:26.155+0000] {standard_task_runner.py:91} INFO - Job 6043: Subtask download_and_load_raw
[2026-02-09T10:43:26.246+0000] {task_command.py:426} INFO - Running <TaskInstance: stock_raw_aapl.download_and_load_raw scheduled__2025-10-12T00:00:00+00:00 [running]> on host 4886d37bc122
[2026-02-09T10:43:26.353+0000] {taskinstance.py:2648} INFO - Exporting env vars: AIRFLOW_CTX_DAG_OWNER='***' AIRFLOW_CTX_DAG_ID='stock_raw_aapl' AIRFLOW_CTX_TASK_ID='download_and_load_raw' AIRFLOW_CTX_EXECUTION_DATE='2025-10-12T00:00:00+00:00' AIRFLOW_CTX_TRY_NUMBER='1' AIRFLOW_CTX_DAG_RUN_ID='scheduled__2025-10-12T00:00:00+00:00'
[2026-02-09T10:43:26.356+0000] {taskinstance.py:430} INFO - ::endgroup::
[2026-02-09T10:43:26.371+0000] {logging_mixin.py:188} INFO - [RAW] Download AAPL [1d] 2025-10-12..2025-10-13
[2026-02-09T10:43:26.375+0000] {logging_mixin.py:188} WARNING - /opt/***/dags/stocks_dwh/raw/stocks_raw_dags.py:38 FutureWarning: YF.download() has changed argument auto_adjust default to True
[2026-02-09T10:43:26.384+0000] {logging_mixin.py:188} WARNING - /home/***/.local/lib/python3.12/site-packages/yfinance/scrapers/history.py:204 Pandas4Warning: Timestamp.utcnow is deprecated and will be removed in a future version. Use Timestamp.now('UTC') instead.
[2026-02-09T10:43:27.076+0000] {multi.py:185} ERROR - 
1 Failed download:
[2026-02-09T10:43:27.077+0000] {multi.py:198} ERROR - ['AAPL']: YFPricesMissingError('possibly delisted; no price data found  (1d 2025-10-12 -> 2025-10-13)')
[2026-02-09T10:43:27.089+0000] {logging_mixin.py:188} INFO - [RAW] No data from yfinance
[2026-02-09T10:43:27.089+0000] {python.py:237} INFO - Done. Returned value was: None
[2026-02-09T10:43:27.090+0000] {taskinstance.py:441} INFO - ::group::Post task execution logs
[2026-02-09T10:43:27.099+0000] {taskinstance.py:1206} INFO - Marking task as SUCCESS. dag_id=stock_raw_aapl, task_id=download_and_load_raw, run_id=scheduled__2025-10-12T00:00:00+00:00, execution_date=20251012T000000, start_date=20260209T104326, end_date=20260209T104327
[2026-02-09T10:43:27.132+0000] {local_task_job_runner.py:243} INFO - Task exited with return code 0
[2026-02-09T10:43:27.143+0000] {local_task_job_runner.py:222} INFO - ::endgroup::
[2026-02-09T12:45:02.416+0000] {local_task_job_runner.py:120} INFO - ::group::Pre task execution logs
[2026-02-09T12:45:02.449+0000] {taskinstance.py:2076} INFO - Dependencies all met for dep_context=non-requeueable deps ti=<TaskInstance: stock_raw_aapl.download_and_load_raw scheduled__2025-10-12T00:00:00+00:00 [queued]>
[2026-02-09T12:45:02.457+0000] {taskinstance.py:2076} INFO - Dependencies all met for dep_context=requeueable deps ti=<TaskInstance: stock_raw_aapl.download_and_load_raw scheduled__2025-10-12T00:00:00+00:00 [queued]>
[2026-02-09T12:45:02.458+0000] {taskinstance.py:2306} INFO - Starting attempt 1 of 1
[2026-02-09T12:45:02.472+0000] {taskinstance.py:2330} INFO - Executing <Task(PythonOperator): download_and_load_raw> on 2025-10-12 00:00:00+00:00
[2026-02-09T12:45:02.485+0000] {logging_mixin.py:188} WARNING - /home/***/.local/lib/python3.12/site-packages/***/task/task_runner/standard_task_runner.py:62 DeprecationWarning: This process (pid=18567) is multi-threaded, use of fork() may lead to deadlocks in the child.
[2026-02-09T12:45:02.486+0000] {standard_task_runner.py:64} INFO - Started process 18569 to run task
[2026-02-09T12:45:02.485+0000] {standard_task_runner.py:90} INFO - Running: ['***', 'tasks', 'run', 'stock_raw_aapl', 'download_and_load_raw', 'scheduled__2025-10-12T00:00:00+00:00', '--job-id', '7842', '--raw', '--subdir', 'DAGS_FOLDER/stocks_dwh/raw/stocks_raw_dags.py', '--cfg-path', '/tmp/tmp2pxzl1y7']
[2026-02-09T12:45:02.487+0000] {standard_task_runner.py:91} INFO - Job 7842: Subtask download_and_load_raw
[2026-02-09T12:45:02.554+0000] {task_command.py:426} INFO - Running <TaskInstance: stock_raw_aapl.download_and_load_raw scheduled__2025-10-12T00:00:00+00:00 [running]> on host 4886d37bc122
[2026-02-09T12:45:02.657+0000] {taskinstance.py:2648} INFO - Exporting env vars: AIRFLOW_CTX_DAG_OWNER='***' AIRFLOW_CTX_DAG_ID='stock_raw_aapl' AIRFLOW_CTX_TASK_ID='download_and_load_raw' AIRFLOW_CTX_EXECUTION_DATE='2025-10-12T00:00:00+00:00' AIRFLOW_CTX_TRY_NUMBER='1' AIRFLOW_CTX_DAG_RUN_ID='scheduled__2025-10-12T00:00:00+00:00'
[2026-02-09T12:45:02.659+0000] {taskinstance.py:430} INFO - ::endgroup::
[2026-02-09T12:45:02.670+0000] {stocks_raw_dags.py:37} INFO - 2025-10-12 00:00:00+00:00, 2025-10-13 00:00:00+00:00
[2026-02-09T12:45:02.671+0000] {logging_mixin.py:188} INFO - [RAW] Download AAPL [1d] 2025-10-11..2025-10-13
[2026-02-09T12:45:02.673+0000] {logging_mixin.py:188} WARNING - /opt/***/dags/stocks_dwh/raw/stocks_raw_dags.py:42 FutureWarning: YF.download() has changed argument auto_adjust default to True
[2026-02-09T12:45:02.718+0000] {logging_mixin.py:188} WARNING - /home/***/.local/lib/python3.12/site-packages/yfinance/scrapers/history.py:204 Pandas4Warning: Timestamp.utcnow is deprecated and will be removed in a future version. Use Timestamp.now('UTC') instead.
[2026-02-09T12:45:03.277+0000] {logging_mixin.py:188} WARNING - [*********************100%***********************]  1 of 1 completed
[2026-02-09T12:45:03.278+0000] {multi.py:185} ERROR - 
1 Failed download:
[2026-02-09T12:45:03.278+0000] {multi.py:198} ERROR - ['AAPL']: YFPricesMissingError('possibly delisted; no price data found  (1d 2025-10-11 -> 2025-10-13)')
[2026-02-09T12:45:03.294+0000] {logging_mixin.py:188} INFO - [RAW] No data from yfinance
[2026-02-09T12:45:03.295+0000] {python.py:237} INFO - Done. Returned value was: None
[2026-02-09T12:45:03.295+0000] {taskinstance.py:441} INFO - ::group::Post task execution logs
[2026-02-09T12:45:03.306+0000] {taskinstance.py:1206} INFO - Marking task as SUCCESS. dag_id=stock_raw_aapl, task_id=download_and_load_raw, run_id=scheduled__2025-10-12T00:00:00+00:00, execution_date=20251012T000000, start_date=20260209T124502, end_date=20260209T124503
[2026-02-09T12:45:03.383+0000] {local_task_job_runner.py:243} INFO - Task exited with return code 0
[2026-02-09T12:45:03.400+0000] {taskinstance.py:3503} INFO - 0 downstream tasks scheduled from follow-on schedule check
[2026-02-09T12:45:03.403+0000] {local_task_job_runner.py:222} INFO - ::endgroup::
