[2026-02-07T14:43:36.164+0000] {local_task_job_runner.py:120} INFO - ::group::Pre task execution logs
[2026-02-07T14:43:36.198+0000] {taskinstance.py:2076} INFO - Dependencies all met for dep_context=non-requeueable deps ti=<TaskInstance: stock_nvda.download scheduled__2025-03-22T00:00:00+00:00 [queued]>
[2026-02-07T14:43:36.209+0000] {taskinstance.py:2076} INFO - Dependencies all met for dep_context=requeueable deps ti=<TaskInstance: stock_nvda.download scheduled__2025-03-22T00:00:00+00:00 [queued]>
[2026-02-07T14:43:36.209+0000] {taskinstance.py:2306} INFO - Starting attempt 1 of 1
[2026-02-07T14:43:36.225+0000] {taskinstance.py:2330} INFO - Executing <Task(PythonOperator): download> on 2025-03-22 00:00:00+00:00
[2026-02-07T14:43:36.240+0000] {logging_mixin.py:188} WARNING - /home/***/.local/lib/python3.12/site-packages/***/task/task_runner/standard_task_runner.py:62 DeprecationWarning: This process (pid=8509) is multi-threaded, use of fork() may lead to deadlocks in the child.
[2026-02-07T14:43:36.241+0000] {standard_task_runner.py:64} INFO - Started process 8515 to run task
[2026-02-07T14:43:36.240+0000] {standard_task_runner.py:90} INFO - Running: ['***', 'tasks', 'run', 'stock_nvda', 'download', 'scheduled__2025-03-22T00:00:00+00:00', '--job-id', '1828', '--raw', '--subdir', 'DAGS_FOLDER/stocks_dags.py', '--cfg-path', '/tmp/tmp1fl3_t7v']
[2026-02-07T14:43:36.242+0000] {standard_task_runner.py:91} INFO - Job 1828: Subtask download
[2026-02-07T14:43:36.316+0000] {task_command.py:426} INFO - Running <TaskInstance: stock_nvda.download scheduled__2025-03-22T00:00:00+00:00 [running]> on host 5adf8c44a70f
[2026-02-07T14:43:36.406+0000] {taskinstance.py:2648} INFO - Exporting env vars: AIRFLOW_CTX_DAG_OWNER='***' AIRFLOW_CTX_DAG_ID='stock_nvda' AIRFLOW_CTX_TASK_ID='download' AIRFLOW_CTX_EXECUTION_DATE='2025-03-22T00:00:00+00:00' AIRFLOW_CTX_TRY_NUMBER='1' AIRFLOW_CTX_DAG_RUN_ID='scheduled__2025-03-22T00:00:00+00:00'
[2026-02-07T14:43:36.407+0000] {taskinstance.py:430} INFO - ::endgroup::
[2026-02-07T14:43:36.417+0000] {logging_mixin.py:188} INFO - Downloading NVDA from 2025-03-22 to 2025-03-23
[2026-02-07T14:43:36.422+0000] {logging_mixin.py:188} WARNING - /opt/***/dags/stocks_dags.py:22 FutureWarning: YF.download() has changed argument auto_adjust default to True
[2026-02-07T14:43:36.430+0000] {logging_mixin.py:188} WARNING - /home/***/.local/lib/python3.12/site-packages/yfinance/scrapers/history.py:204 Pandas4Warning: Timestamp.utcnow is deprecated and will be removed in a future version. Use Timestamp.now('UTC') instead.
[2026-02-07T14:43:36.891+0000] {multi.py:185} ERROR - 
1 Failed download:
[2026-02-07T14:43:36.892+0000] {multi.py:198} ERROR - ['NVDA']: YFPricesMissingError('possibly delisted; no price data found  (1d 2025-03-22 -> 2025-03-23)')
[2026-02-07T14:43:36.910+0000] {logging_mixin.py:188} INFO - No data
[2026-02-07T14:43:36.910+0000] {python.py:237} INFO - Done. Returned value was: None
[2026-02-07T14:43:36.911+0000] {taskinstance.py:441} INFO - ::group::Post task execution logs
[2026-02-07T14:43:36.921+0000] {taskinstance.py:1206} INFO - Marking task as SUCCESS. dag_id=stock_nvda, task_id=download, run_id=scheduled__2025-03-22T00:00:00+00:00, execution_date=20250322T000000, start_date=20260207T144336, end_date=20260207T144336
[2026-02-07T14:43:36.977+0000] {local_task_job_runner.py:243} INFO - Task exited with return code 0
[2026-02-07T14:43:36.996+0000] {taskinstance.py:3503} INFO - 0 downstream tasks scheduled from follow-on schedule check
[2026-02-07T14:43:36.998+0000] {local_task_job_runner.py:222} INFO - ::endgroup::
