[2026-02-09T10:17:23.997+0000] {local_task_job_runner.py:120} INFO - ::group::Pre task execution logs
[2026-02-09T10:17:24.035+0000] {taskinstance.py:2076} INFO - Dependencies all met for dep_context=non-requeueable deps ti=<TaskInstance: stock_raw_aapl.download_and_load_raw scheduled__2024-07-28T00:00:00+00:00 [queued]>
[2026-02-09T10:17:24.044+0000] {taskinstance.py:2076} INFO - Dependencies all met for dep_context=requeueable deps ti=<TaskInstance: stock_raw_aapl.download_and_load_raw scheduled__2024-07-28T00:00:00+00:00 [queued]>
[2026-02-09T10:17:24.044+0000] {taskinstance.py:2306} INFO - Starting attempt 1 of 1
[2026-02-09T10:17:24.057+0000] {taskinstance.py:2330} INFO - Executing <Task(PythonOperator): download_and_load_raw> on 2024-07-28 00:00:00+00:00
[2026-02-09T10:17:24.069+0000] {logging_mixin.py:188} WARNING - /home/***/.local/lib/python3.12/site-packages/***/task/task_runner/standard_task_runner.py:62 DeprecationWarning: This process (pid=5395) is multi-threaded, use of fork() may lead to deadlocks in the child.
[2026-02-09T10:17:24.072+0000] {standard_task_runner.py:64} INFO - Started process 5404 to run task
[2026-02-09T10:17:24.070+0000] {standard_task_runner.py:90} INFO - Running: ['***', 'tasks', 'run', 'stock_raw_aapl', 'download_and_load_raw', 'scheduled__2024-07-28T00:00:00+00:00', '--job-id', '3863', '--raw', '--subdir', 'DAGS_FOLDER/stocks_dwh/raw/stocks_raw_dags.py', '--cfg-path', '/tmp/tmp1rboc_7q']
[2026-02-09T10:17:24.073+0000] {standard_task_runner.py:91} INFO - Job 3863: Subtask download_and_load_raw
[2026-02-09T10:17:24.139+0000] {task_command.py:426} INFO - Running <TaskInstance: stock_raw_aapl.download_and_load_raw scheduled__2024-07-28T00:00:00+00:00 [running]> on host b6b9e92e7d61
[2026-02-09T10:17:24.233+0000] {taskinstance.py:2648} INFO - Exporting env vars: AIRFLOW_CTX_DAG_OWNER='***' AIRFLOW_CTX_DAG_ID='stock_raw_aapl' AIRFLOW_CTX_TASK_ID='download_and_load_raw' AIRFLOW_CTX_EXECUTION_DATE='2024-07-28T00:00:00+00:00' AIRFLOW_CTX_TRY_NUMBER='1' AIRFLOW_CTX_DAG_RUN_ID='scheduled__2024-07-28T00:00:00+00:00'
[2026-02-09T10:17:24.235+0000] {taskinstance.py:430} INFO - ::endgroup::
[2026-02-09T10:17:24.250+0000] {logging_mixin.py:188} INFO - [RAW] Download AAPL [1d] 2024-07-28..2024-07-29
[2026-02-09T10:17:24.253+0000] {logging_mixin.py:188} WARNING - /opt/***/dags/stocks_dwh/raw/stocks_raw_dags.py:38 FutureWarning: YF.download() has changed argument auto_adjust default to True
[2026-02-09T10:17:24.263+0000] {logging_mixin.py:188} WARNING - /home/***/.local/lib/python3.12/site-packages/yfinance/scrapers/history.py:204 Pandas4Warning: Timestamp.utcnow is deprecated and will be removed in a future version. Use Timestamp.now('UTC') instead.
[2026-02-09T10:17:24.973+0000] {multi.py:185} ERROR - 
1 Failed download:
[2026-02-09T10:17:24.973+0000] {multi.py:198} ERROR - ['AAPL']: YFPricesMissingError('possibly delisted; no price data found  (1d 2024-07-28 -> 2024-07-29)')
[2026-02-09T10:17:24.986+0000] {logging_mixin.py:188} INFO - [RAW] No data from yfinance
[2026-02-09T10:17:24.987+0000] {python.py:237} INFO - Done. Returned value was: None
[2026-02-09T10:17:24.987+0000] {taskinstance.py:441} INFO - ::group::Post task execution logs
[2026-02-09T10:17:24.996+0000] {taskinstance.py:1206} INFO - Marking task as SUCCESS. dag_id=stock_raw_aapl, task_id=download_and_load_raw, run_id=scheduled__2024-07-28T00:00:00+00:00, execution_date=20240728T000000, start_date=20260209T101724, end_date=20260209T101724
[2026-02-09T10:17:25.049+0000] {local_task_job_runner.py:243} INFO - Task exited with return code 0
[2026-02-09T10:17:25.065+0000] {taskinstance.py:3503} INFO - 0 downstream tasks scheduled from follow-on schedule check
[2026-02-09T10:17:25.066+0000] {local_task_job_runner.py:222} INFO - ::endgroup::
[2026-02-09T12:21:08.825+0000] {local_task_job_runner.py:120} INFO - ::group::Pre task execution logs
[2026-02-09T12:21:08.857+0000] {taskinstance.py:2076} INFO - Dependencies all met for dep_context=non-requeueable deps ti=<TaskInstance: stock_raw_aapl.download_and_load_raw scheduled__2024-07-28T00:00:00+00:00 [queued]>
[2026-02-09T12:21:08.867+0000] {taskinstance.py:2076} INFO - Dependencies all met for dep_context=requeueable deps ti=<TaskInstance: stock_raw_aapl.download_and_load_raw scheduled__2024-07-28T00:00:00+00:00 [queued]>
[2026-02-09T12:21:08.867+0000] {taskinstance.py:2306} INFO - Starting attempt 1 of 1
[2026-02-09T12:21:08.878+0000] {taskinstance.py:2330} INFO - Executing <Task(PythonOperator): download_and_load_raw> on 2024-07-28 00:00:00+00:00
[2026-02-09T12:21:08.889+0000] {logging_mixin.py:188} WARNING - /home/***/.local/lib/python3.12/site-packages/***/task/task_runner/standard_task_runner.py:62 DeprecationWarning: This process (pid=15315) is multi-threaded, use of fork() may lead to deadlocks in the child.
[2026-02-09T12:21:08.890+0000] {standard_task_runner.py:64} INFO - Started process 15318 to run task
[2026-02-09T12:21:08.889+0000] {standard_task_runner.py:90} INFO - Running: ['***', 'tasks', 'run', 'stock_raw_aapl', 'download_and_load_raw', 'scheduled__2024-07-28T00:00:00+00:00', '--job-id', '7171', '--raw', '--subdir', 'DAGS_FOLDER/stocks_dwh/raw/stocks_raw_dags.py', '--cfg-path', '/tmp/tmply3m3080']
[2026-02-09T12:21:08.891+0000] {standard_task_runner.py:91} INFO - Job 7171: Subtask download_and_load_raw
[2026-02-09T12:21:08.952+0000] {task_command.py:426} INFO - Running <TaskInstance: stock_raw_aapl.download_and_load_raw scheduled__2024-07-28T00:00:00+00:00 [running]> on host 4886d37bc122
[2026-02-09T12:21:09.036+0000] {taskinstance.py:2648} INFO - Exporting env vars: AIRFLOW_CTX_DAG_OWNER='***' AIRFLOW_CTX_DAG_ID='stock_raw_aapl' AIRFLOW_CTX_TASK_ID='download_and_load_raw' AIRFLOW_CTX_EXECUTION_DATE='2024-07-28T00:00:00+00:00' AIRFLOW_CTX_TRY_NUMBER='1' AIRFLOW_CTX_DAG_RUN_ID='scheduled__2024-07-28T00:00:00+00:00'
[2026-02-09T12:21:09.037+0000] {taskinstance.py:430} INFO - ::endgroup::
[2026-02-09T12:21:09.047+0000] {stocks_raw_dags.py:37} INFO - 2024-07-28 00:00:00+00:00, 2024-07-29 00:00:00+00:00
[2026-02-09T12:21:09.047+0000] {logging_mixin.py:188} INFO - [RAW] Download AAPL [1d] 2024-07-27..2024-07-29
[2026-02-09T12:21:09.050+0000] {logging_mixin.py:188} WARNING - /opt/***/dags/stocks_dwh/raw/stocks_raw_dags.py:42 FutureWarning: YF.download() has changed argument auto_adjust default to True
[2026-02-09T12:21:09.094+0000] {logging_mixin.py:188} WARNING - /home/***/.local/lib/python3.12/site-packages/yfinance/scrapers/history.py:204 Pandas4Warning: Timestamp.utcnow is deprecated and will be removed in a future version. Use Timestamp.now('UTC') instead.
[2026-02-09T12:21:09.589+0000] {logging_mixin.py:188} WARNING - [*********************100%***********************]  1 of 1 completed
[2026-02-09T12:21:09.590+0000] {multi.py:185} ERROR - 
1 Failed download:
[2026-02-09T12:21:09.590+0000] {multi.py:198} ERROR - ['AAPL']: YFPricesMissingError('possibly delisted; no price data found  (1d 2024-07-27 -> 2024-07-29)')
[2026-02-09T12:21:09.605+0000] {logging_mixin.py:188} INFO - [RAW] No data from yfinance
[2026-02-09T12:21:09.605+0000] {python.py:237} INFO - Done. Returned value was: None
[2026-02-09T12:21:09.606+0000] {taskinstance.py:441} INFO - ::group::Post task execution logs
[2026-02-09T12:21:09.618+0000] {taskinstance.py:1206} INFO - Marking task as SUCCESS. dag_id=stock_raw_aapl, task_id=download_and_load_raw, run_id=scheduled__2024-07-28T00:00:00+00:00, execution_date=20240728T000000, start_date=20260209T122108, end_date=20260209T122109
[2026-02-09T12:21:09.666+0000] {local_task_job_runner.py:243} INFO - Task exited with return code 0
[2026-02-09T12:21:09.685+0000] {taskinstance.py:3503} INFO - 0 downstream tasks scheduled from follow-on schedule check
[2026-02-09T12:21:09.687+0000] {local_task_job_runner.py:222} INFO - ::endgroup::
