[2026-02-09T10:38:30.569+0000] {local_task_job_runner.py:120} INFO - ::group::Pre task execution logs
[2026-02-09T10:38:30.601+0000] {taskinstance.py:2076} INFO - Dependencies all met for dep_context=non-requeueable deps ti=<TaskInstance: stock_raw_aapl.download_and_load_raw scheduled__2025-07-14T00:00:00+00:00 [queued]>
[2026-02-09T10:38:30.608+0000] {taskinstance.py:2076} INFO - Dependencies all met for dep_context=requeueable deps ti=<TaskInstance: stock_raw_aapl.download_and_load_raw scheduled__2025-07-14T00:00:00+00:00 [queued]>
[2026-02-09T10:38:30.609+0000] {taskinstance.py:2306} INFO - Starting attempt 1 of 1
[2026-02-09T10:38:30.621+0000] {taskinstance.py:2330} INFO - Executing <Task(PythonOperator): download_and_load_raw> on 2025-07-14 00:00:00+00:00
[2026-02-09T10:38:30.632+0000] {logging_mixin.py:188} WARNING - /home/***/.local/lib/python3.12/site-packages/***/task/task_runner/standard_task_runner.py:62 DeprecationWarning: This process (pid=6580) is multi-threaded, use of fork() may lead to deadlocks in the child.
[2026-02-09T10:38:30.634+0000] {standard_task_runner.py:64} INFO - Started process 6588 to run task
[2026-02-09T10:38:30.632+0000] {standard_task_runner.py:90} INFO - Running: ['***', 'tasks', 'run', 'stock_raw_aapl', 'download_and_load_raw', 'scheduled__2025-07-14T00:00:00+00:00', '--job-id', '5604', '--raw', '--subdir', 'DAGS_FOLDER/stocks_dwh/raw/stocks_raw_dags.py', '--cfg-path', '/tmp/tmp37rwwjpf']
[2026-02-09T10:38:30.634+0000] {standard_task_runner.py:91} INFO - Job 5604: Subtask download_and_load_raw
[2026-02-09T10:38:30.696+0000] {task_command.py:426} INFO - Running <TaskInstance: stock_raw_aapl.download_and_load_raw scheduled__2025-07-14T00:00:00+00:00 [running]> on host 4886d37bc122
[2026-02-09T10:38:30.789+0000] {taskinstance.py:2648} INFO - Exporting env vars: AIRFLOW_CTX_DAG_OWNER='***' AIRFLOW_CTX_DAG_ID='stock_raw_aapl' AIRFLOW_CTX_TASK_ID='download_and_load_raw' AIRFLOW_CTX_EXECUTION_DATE='2025-07-14T00:00:00+00:00' AIRFLOW_CTX_TRY_NUMBER='1' AIRFLOW_CTX_DAG_RUN_ID='scheduled__2025-07-14T00:00:00+00:00'
[2026-02-09T10:38:30.791+0000] {taskinstance.py:430} INFO - ::endgroup::
[2026-02-09T10:38:30.806+0000] {logging_mixin.py:188} INFO - [RAW] Download AAPL [1d] 2025-07-14..2025-07-15
[2026-02-09T10:38:30.808+0000] {logging_mixin.py:188} WARNING - /opt/***/dags/stocks_dwh/raw/stocks_raw_dags.py:38 FutureWarning: YF.download() has changed argument auto_adjust default to True
[2026-02-09T10:38:30.823+0000] {logging_mixin.py:188} WARNING - /home/***/.local/lib/python3.12/site-packages/yfinance/scrapers/history.py:204 Pandas4Warning: Timestamp.utcnow is deprecated and will be removed in a future version. Use Timestamp.now('UTC') instead.
[2026-02-09T10:38:31.384+0000] {taskinstance.py:441} INFO - ::group::Post task execution logs
[2026-02-09T10:38:31.384+0000] {taskinstance.py:2905} ERROR - Task failed with exception
Traceback (most recent call last):
  File "/home/airflow/.local/lib/python3.12/site-packages/airflow/models/taskinstance.py", line 465, in _execute_task
    result = _execute_callable(context=context, **execute_callable_kwargs)
             ^^^^^^^^^^^^^^^^^^^^^^^^^^^^^^^^^^^^^^^^^^^^^^^^^^^^^^^^^^^^^
  File "/home/airflow/.local/lib/python3.12/site-packages/airflow/models/taskinstance.py", line 432, in _execute_callable
    return execute_callable(context=context, **execute_callable_kwargs)
           ^^^^^^^^^^^^^^^^^^^^^^^^^^^^^^^^^^^^^^^^^^^^^^^^^^^^^^^^^^^^
  File "/home/airflow/.local/lib/python3.12/site-packages/airflow/models/baseoperator.py", line 401, in wrapper
    return func(self, *args, **kwargs)
           ^^^^^^^^^^^^^^^^^^^^^^^^^^^
  File "/home/airflow/.local/lib/python3.12/site-packages/airflow/operators/python.py", line 235, in execute
    return_value = self.execute_callable()
                   ^^^^^^^^^^^^^^^^^^^^^^^
  File "/home/airflow/.local/lib/python3.12/site-packages/airflow/operators/python.py", line 252, in execute_callable
    return self.python_callable(*self.op_args, **self.op_kwargs)
           ^^^^^^^^^^^^^^^^^^^^^^^^^^^^^^^^^^^^^^^^^^^^^^^^^^^^^
  File "/opt/airflow/dags/stocks_dwh/raw/stocks_raw_dags.py", line 86, in download_and_load_raw
    df["volume"] = pd.to_numeric(df["volume"], errors="coerce").fillna(0).astype("int64")
                   ^^^^^^^^^^^^^^^^^^^^^^^^^^^^^^^^^^^^^^^^^^^^
  File "/home/airflow/.local/lib/python3.12/site-packages/pandas/core/tools/numeric.py", line 212, in to_numeric
    raise TypeError("arg must be a list, tuple, 1-d array, or Series")
TypeError: arg must be a list, tuple, 1-d array, or Series
[2026-02-09T10:38:31.404+0000] {taskinstance.py:1206} INFO - Marking task as FAILED. dag_id=stock_raw_aapl, task_id=download_and_load_raw, run_id=scheduled__2025-07-14T00:00:00+00:00, execution_date=20250714T000000, start_date=20260209T103830, end_date=20260209T103831
[2026-02-09T10:38:31.416+0000] {standard_task_runner.py:110} ERROR - Failed to execute job 5604 for task download_and_load_raw (arg must be a list, tuple, 1-d array, or Series; 6588)
[2026-02-09T10:38:31.449+0000] {local_task_job_runner.py:243} INFO - Task exited with return code 1
[2026-02-09T10:38:31.467+0000] {taskinstance.py:3503} INFO - 0 downstream tasks scheduled from follow-on schedule check
[2026-02-09T10:38:31.468+0000] {local_task_job_runner.py:222} INFO - ::endgroup::
[2026-02-09T12:40:19.373+0000] {local_task_job_runner.py:120} INFO - ::group::Pre task execution logs
[2026-02-09T12:40:19.401+0000] {taskinstance.py:2076} INFO - Dependencies all met for dep_context=non-requeueable deps ti=<TaskInstance: stock_raw_aapl.download_and_load_raw scheduled__2025-07-14T00:00:00+00:00 [queued]>
[2026-02-09T12:40:19.408+0000] {taskinstance.py:2076} INFO - Dependencies all met for dep_context=requeueable deps ti=<TaskInstance: stock_raw_aapl.download_and_load_raw scheduled__2025-07-14T00:00:00+00:00 [queued]>
[2026-02-09T12:40:19.409+0000] {taskinstance.py:2306} INFO - Starting attempt 1 of 1
[2026-02-09T12:40:19.421+0000] {taskinstance.py:2330} INFO - Executing <Task(PythonOperator): download_and_load_raw> on 2025-07-14 00:00:00+00:00
[2026-02-09T12:40:19.433+0000] {logging_mixin.py:188} WARNING - /home/***/.local/lib/python3.12/site-packages/***/task/task_runner/standard_task_runner.py:62 DeprecationWarning: This process (pid=18097) is multi-threaded, use of fork() may lead to deadlocks in the child.
[2026-02-09T12:40:19.432+0000] {standard_task_runner.py:90} INFO - Running: ['***', 'tasks', 'run', 'stock_raw_aapl', 'download_and_load_raw', 'scheduled__2025-07-14T00:00:00+00:00', '--job-id', '7752', '--raw', '--subdir', 'DAGS_FOLDER/stocks_dwh/raw/stocks_raw_dags.py', '--cfg-path', '/tmp/tmplynqwl0d']
[2026-02-09T12:40:19.435+0000] {standard_task_runner.py:64} INFO - Started process 18101 to run task
[2026-02-09T12:40:19.435+0000] {standard_task_runner.py:91} INFO - Job 7752: Subtask download_and_load_raw
[2026-02-09T12:40:19.497+0000] {task_command.py:426} INFO - Running <TaskInstance: stock_raw_aapl.download_and_load_raw scheduled__2025-07-14T00:00:00+00:00 [running]> on host 4886d37bc122
[2026-02-09T12:40:19.589+0000] {taskinstance.py:2648} INFO - Exporting env vars: AIRFLOW_CTX_DAG_OWNER='***' AIRFLOW_CTX_DAG_ID='stock_raw_aapl' AIRFLOW_CTX_TASK_ID='download_and_load_raw' AIRFLOW_CTX_EXECUTION_DATE='2025-07-14T00:00:00+00:00' AIRFLOW_CTX_TRY_NUMBER='1' AIRFLOW_CTX_DAG_RUN_ID='scheduled__2025-07-14T00:00:00+00:00'
[2026-02-09T12:40:19.590+0000] {taskinstance.py:430} INFO - ::endgroup::
[2026-02-09T12:40:19.600+0000] {stocks_raw_dags.py:37} INFO - 2025-07-14 00:00:00+00:00, 2025-07-15 00:00:00+00:00
[2026-02-09T12:40:19.600+0000] {logging_mixin.py:188} INFO - [RAW] Download AAPL [1d] 2025-07-13..2025-07-15
[2026-02-09T12:40:19.603+0000] {logging_mixin.py:188} WARNING - /opt/***/dags/stocks_dwh/raw/stocks_raw_dags.py:42 FutureWarning: YF.download() has changed argument auto_adjust default to True
[2026-02-09T12:40:19.611+0000] {logging_mixin.py:188} WARNING - /home/***/.local/lib/python3.12/site-packages/yfinance/scrapers/history.py:204 Pandas4Warning: Timestamp.utcnow is deprecated and will be removed in a future version. Use Timestamp.now('UTC') instead.
[2026-02-09T12:40:20.136+0000] {logging_mixin.py:188} WARNING - [*********************100%***********************]  1 of 1 completed
[2026-02-09T12:40:20.172+0000] {base.py:84} INFO - Using connection ID 'dwh_clickhouse' for task execution.
[2026-02-09T12:40:20.194+0000] {logging_mixin.py:188} INFO - [RAW] Deleted existing rows for AAPL in 2025-07-13..2025-07-15
[2026-02-09T12:40:20.205+0000] {logging_mixin.py:188} INFO - [RAW] Inserted 1 rows into dwh.raw_stock_prices
[2026-02-09T12:40:20.206+0000] {python.py:237} INFO - Done. Returned value was: None
[2026-02-09T12:40:20.206+0000] {taskinstance.py:441} INFO - ::group::Post task execution logs
[2026-02-09T12:40:20.217+0000] {taskinstance.py:1206} INFO - Marking task as SUCCESS. dag_id=stock_raw_aapl, task_id=download_and_load_raw, run_id=scheduled__2025-07-14T00:00:00+00:00, execution_date=20250714T000000, start_date=20260209T124019, end_date=20260209T124020
[2026-02-09T12:40:20.291+0000] {local_task_job_runner.py:243} INFO - Task exited with return code 0
[2026-02-09T12:40:20.311+0000] {taskinstance.py:3503} INFO - 0 downstream tasks scheduled from follow-on schedule check
[2026-02-09T12:40:20.315+0000] {local_task_job_runner.py:222} INFO - ::endgroup::
