[2026-02-09T10:34:29.370+0000] {local_task_job_runner.py:120} INFO - ::group::Pre task execution logs
[2026-02-09T10:34:29.399+0000] {taskinstance.py:2076} INFO - Dependencies all met for dep_context=non-requeueable deps ti=<TaskInstance: stock_raw_aapl.download_and_load_raw scheduled__2025-05-02T00:00:00+00:00 [queued]>
[2026-02-09T10:34:29.407+0000] {taskinstance.py:2076} INFO - Dependencies all met for dep_context=requeueable deps ti=<TaskInstance: stock_raw_aapl.download_and_load_raw scheduled__2025-05-02T00:00:00+00:00 [queued]>
[2026-02-09T10:34:29.408+0000] {taskinstance.py:2306} INFO - Starting attempt 1 of 1
[2026-02-09T10:34:29.420+0000] {taskinstance.py:2330} INFO - Executing <Task(PythonOperator): download_and_load_raw> on 2025-05-02 00:00:00+00:00
[2026-02-09T10:34:29.433+0000] {logging_mixin.py:188} WARNING - /home/***/.local/lib/python3.12/site-packages/***/task/task_runner/standard_task_runner.py:62 DeprecationWarning: This process (pid=5037) is multi-threaded, use of fork() may lead to deadlocks in the child.
[2026-02-09T10:34:29.435+0000] {standard_task_runner.py:64} INFO - Started process 5047 to run task
[2026-02-09T10:34:29.433+0000] {standard_task_runner.py:90} INFO - Running: ['***', 'tasks', 'run', 'stock_raw_aapl', 'download_and_load_raw', 'scheduled__2025-05-02T00:00:00+00:00', '--job-id', '5242', '--raw', '--subdir', 'DAGS_FOLDER/stocks_dwh/raw/stocks_raw_dags.py', '--cfg-path', '/tmp/tmpgkeoxvtn']
[2026-02-09T10:34:29.436+0000] {standard_task_runner.py:91} INFO - Job 5242: Subtask download_and_load_raw
[2026-02-09T10:34:29.501+0000] {task_command.py:426} INFO - Running <TaskInstance: stock_raw_aapl.download_and_load_raw scheduled__2025-05-02T00:00:00+00:00 [running]> on host 4886d37bc122
[2026-02-09T10:34:29.593+0000] {taskinstance.py:2648} INFO - Exporting env vars: AIRFLOW_CTX_DAG_OWNER='***' AIRFLOW_CTX_DAG_ID='stock_raw_aapl' AIRFLOW_CTX_TASK_ID='download_and_load_raw' AIRFLOW_CTX_EXECUTION_DATE='2025-05-02T00:00:00+00:00' AIRFLOW_CTX_TRY_NUMBER='1' AIRFLOW_CTX_DAG_RUN_ID='scheduled__2025-05-02T00:00:00+00:00'
[2026-02-09T10:34:29.595+0000] {taskinstance.py:430} INFO - ::endgroup::
[2026-02-09T10:34:29.607+0000] {logging_mixin.py:188} INFO - [RAW] Download AAPL [1d] 2025-05-02..2025-05-03
[2026-02-09T10:34:29.611+0000] {logging_mixin.py:188} WARNING - /opt/***/dags/stocks_dwh/raw/stocks_raw_dags.py:38 FutureWarning: YF.download() has changed argument auto_adjust default to True
[2026-02-09T10:34:29.622+0000] {logging_mixin.py:188} WARNING - /home/***/.local/lib/python3.12/site-packages/yfinance/scrapers/history.py:204 Pandas4Warning: Timestamp.utcnow is deprecated and will be removed in a future version. Use Timestamp.now('UTC') instead.
[2026-02-09T10:34:30.174+0000] {taskinstance.py:441} INFO - ::group::Post task execution logs
[2026-02-09T10:34:30.175+0000] {taskinstance.py:2905} ERROR - Task failed with exception
Traceback (most recent call last):
  File "/home/airflow/.local/lib/python3.12/site-packages/airflow/models/taskinstance.py", line 465, in _execute_task
    result = _execute_callable(context=context, **execute_callable_kwargs)
             ^^^^^^^^^^^^^^^^^^^^^^^^^^^^^^^^^^^^^^^^^^^^^^^^^^^^^^^^^^^^^
  File "/home/airflow/.local/lib/python3.12/site-packages/airflow/models/taskinstance.py", line 432, in _execute_callable
    return execute_callable(context=context, **execute_callable_kwargs)
           ^^^^^^^^^^^^^^^^^^^^^^^^^^^^^^^^^^^^^^^^^^^^^^^^^^^^^^^^^^^^
  File "/home/airflow/.local/lib/python3.12/site-packages/airflow/models/baseoperator.py", line 401, in wrapper
    return func(self, *args, **kwargs)
           ^^^^^^^^^^^^^^^^^^^^^^^^^^^
  File "/home/airflow/.local/lib/python3.12/site-packages/airflow/operators/python.py", line 235, in execute
    return_value = self.execute_callable()
                   ^^^^^^^^^^^^^^^^^^^^^^^
  File "/home/airflow/.local/lib/python3.12/site-packages/airflow/operators/python.py", line 252, in execute_callable
    return self.python_callable(*self.op_args, **self.op_kwargs)
           ^^^^^^^^^^^^^^^^^^^^^^^^^^^^^^^^^^^^^^^^^^^^^^^^^^^^^
  File "/opt/airflow/dags/stocks_dwh/raw/stocks_raw_dags.py", line 86, in download_and_load_raw
    df["volume"] = pd.to_numeric(df["volume"], errors="coerce").fillna(0).astype("int64")
                   ^^^^^^^^^^^^^^^^^^^^^^^^^^^^^^^^^^^^^^^^^^^^
  File "/home/airflow/.local/lib/python3.12/site-packages/pandas/core/tools/numeric.py", line 212, in to_numeric
    raise TypeError("arg must be a list, tuple, 1-d array, or Series")
TypeError: arg must be a list, tuple, 1-d array, or Series
[2026-02-09T10:34:30.190+0000] {taskinstance.py:1206} INFO - Marking task as FAILED. dag_id=stock_raw_aapl, task_id=download_and_load_raw, run_id=scheduled__2025-05-02T00:00:00+00:00, execution_date=20250502T000000, start_date=20260209T103429, end_date=20260209T103430
[2026-02-09T10:34:30.202+0000] {standard_task_runner.py:110} ERROR - Failed to execute job 5242 for task download_and_load_raw (arg must be a list, tuple, 1-d array, or Series; 5047)
[2026-02-09T10:34:30.251+0000] {local_task_job_runner.py:243} INFO - Task exited with return code 1
[2026-02-09T10:34:30.269+0000] {taskinstance.py:3503} INFO - 0 downstream tasks scheduled from follow-on schedule check
[2026-02-09T10:34:30.271+0000] {local_task_job_runner.py:222} INFO - ::endgroup::
[2026-02-09T12:36:36.215+0000] {local_task_job_runner.py:120} INFO - ::group::Pre task execution logs
[2026-02-09T12:36:36.247+0000] {taskinstance.py:2076} INFO - Dependencies all met for dep_context=non-requeueable deps ti=<TaskInstance: stock_raw_aapl.download_and_load_raw scheduled__2025-05-02T00:00:00+00:00 [queued]>
[2026-02-09T12:36:36.255+0000] {taskinstance.py:2076} INFO - Dependencies all met for dep_context=requeueable deps ti=<TaskInstance: stock_raw_aapl.download_and_load_raw scheduled__2025-05-02T00:00:00+00:00 [queued]>
[2026-02-09T12:36:36.256+0000] {taskinstance.py:2306} INFO - Starting attempt 1 of 1
[2026-02-09T12:36:36.270+0000] {taskinstance.py:2330} INFO - Executing <Task(PythonOperator): download_and_load_raw> on 2025-05-02 00:00:00+00:00
[2026-02-09T12:36:36.282+0000] {logging_mixin.py:188} WARNING - /home/***/.local/lib/python3.12/site-packages/***/task/task_runner/standard_task_runner.py:62 DeprecationWarning: This process (pid=17711) is multi-threaded, use of fork() may lead to deadlocks in the child.
[2026-02-09T12:36:36.282+0000] {standard_task_runner.py:90} INFO - Running: ['***', 'tasks', 'run', 'stock_raw_aapl', 'download_and_load_raw', 'scheduled__2025-05-02T00:00:00+00:00', '--job-id', '7679', '--raw', '--subdir', 'DAGS_FOLDER/stocks_dwh/raw/stocks_raw_dags.py', '--cfg-path', '/tmp/tmp_8whfnup']
[2026-02-09T12:36:36.284+0000] {standard_task_runner.py:64} INFO - Started process 17713 to run task
[2026-02-09T12:36:36.284+0000] {standard_task_runner.py:91} INFO - Job 7679: Subtask download_and_load_raw
[2026-02-09T12:36:36.349+0000] {task_command.py:426} INFO - Running <TaskInstance: stock_raw_aapl.download_and_load_raw scheduled__2025-05-02T00:00:00+00:00 [running]> on host 4886d37bc122
[2026-02-09T12:36:36.461+0000] {taskinstance.py:2648} INFO - Exporting env vars: AIRFLOW_CTX_DAG_OWNER='***' AIRFLOW_CTX_DAG_ID='stock_raw_aapl' AIRFLOW_CTX_TASK_ID='download_and_load_raw' AIRFLOW_CTX_EXECUTION_DATE='2025-05-02T00:00:00+00:00' AIRFLOW_CTX_TRY_NUMBER='1' AIRFLOW_CTX_DAG_RUN_ID='scheduled__2025-05-02T00:00:00+00:00'
[2026-02-09T12:36:36.464+0000] {taskinstance.py:430} INFO - ::endgroup::
[2026-02-09T12:36:36.475+0000] {stocks_raw_dags.py:37} INFO - 2025-05-02 00:00:00+00:00, 2025-05-03 00:00:00+00:00
[2026-02-09T12:36:36.475+0000] {logging_mixin.py:188} INFO - [RAW] Download AAPL [1d] 2025-05-01..2025-05-03
[2026-02-09T12:36:36.477+0000] {logging_mixin.py:188} WARNING - /opt/***/dags/stocks_dwh/raw/stocks_raw_dags.py:42 FutureWarning: YF.download() has changed argument auto_adjust default to True
[2026-02-09T12:36:36.486+0000] {logging_mixin.py:188} WARNING - /home/***/.local/lib/python3.12/site-packages/yfinance/scrapers/history.py:204 Pandas4Warning: Timestamp.utcnow is deprecated and will be removed in a future version. Use Timestamp.now('UTC') instead.
[2026-02-09T12:36:37.028+0000] {logging_mixin.py:188} WARNING - [*********************100%***********************]  1 of 1 completed
[2026-02-09T12:36:37.064+0000] {base.py:84} INFO - Using connection ID 'dwh_clickhouse' for task execution.
[2026-02-09T12:36:37.102+0000] {logging_mixin.py:188} INFO - [RAW] Deleted existing rows for AAPL in 2025-05-01..2025-05-03
[2026-02-09T12:36:37.113+0000] {logging_mixin.py:188} INFO - [RAW] Inserted 2 rows into dwh.raw_stock_prices
[2026-02-09T12:36:37.114+0000] {python.py:237} INFO - Done. Returned value was: None
[2026-02-09T12:36:37.114+0000] {taskinstance.py:441} INFO - ::group::Post task execution logs
[2026-02-09T12:36:37.128+0000] {taskinstance.py:1206} INFO - Marking task as SUCCESS. dag_id=stock_raw_aapl, task_id=download_and_load_raw, run_id=scheduled__2025-05-02T00:00:00+00:00, execution_date=20250502T000000, start_date=20260209T123636, end_date=20260209T123637
[2026-02-09T12:36:37.180+0000] {local_task_job_runner.py:243} INFO - Task exited with return code 0
[2026-02-09T12:36:37.201+0000] {taskinstance.py:3503} INFO - 0 downstream tasks scheduled from follow-on schedule check
[2026-02-09T12:36:37.205+0000] {local_task_job_runner.py:222} INFO - ::endgroup::
