[2026-02-09T10:12:42.566+0000] {local_task_job_runner.py:120} INFO - ::group::Pre task execution logs
[2026-02-09T10:12:42.606+0000] {taskinstance.py:2076} INFO - Dependencies all met for dep_context=non-requeueable deps ti=<TaskInstance: stock_raw_aapl.download_and_load_raw scheduled__2024-04-30T00:00:00+00:00 [queued]>
[2026-02-09T10:12:42.617+0000] {taskinstance.py:2076} INFO - Dependencies all met for dep_context=requeueable deps ti=<TaskInstance: stock_raw_aapl.download_and_load_raw scheduled__2024-04-30T00:00:00+00:00 [queued]>
[2026-02-09T10:12:42.618+0000] {taskinstance.py:2306} INFO - Starting attempt 1 of 1
[2026-02-09T10:12:42.632+0000] {taskinstance.py:2330} INFO - Executing <Task(PythonOperator): download_and_load_raw> on 2024-04-30 00:00:00+00:00
[2026-02-09T10:12:42.647+0000] {logging_mixin.py:188} WARNING - /home/***/.local/lib/python3.12/site-packages/***/task/task_runner/standard_task_runner.py:62 DeprecationWarning: This process (pid=3526) is multi-threaded, use of fork() may lead to deadlocks in the child.
[2026-02-09T10:12:42.649+0000] {standard_task_runner.py:64} INFO - Started process 3535 to run task
[2026-02-09T10:12:42.647+0000] {standard_task_runner.py:90} INFO - Running: ['***', 'tasks', 'run', 'stock_raw_aapl', 'download_and_load_raw', 'scheduled__2024-04-30T00:00:00+00:00', '--job-id', '3424', '--raw', '--subdir', 'DAGS_FOLDER/stocks_dwh/raw/stocks_raw_dags.py', '--cfg-path', '/tmp/tmpnnz85wxp']
[2026-02-09T10:12:42.650+0000] {standard_task_runner.py:91} INFO - Job 3424: Subtask download_and_load_raw
[2026-02-09T10:12:42.714+0000] {task_command.py:426} INFO - Running <TaskInstance: stock_raw_aapl.download_and_load_raw scheduled__2024-04-30T00:00:00+00:00 [running]> on host b6b9e92e7d61
[2026-02-09T10:12:42.818+0000] {taskinstance.py:2648} INFO - Exporting env vars: AIRFLOW_CTX_DAG_OWNER='***' AIRFLOW_CTX_DAG_ID='stock_raw_aapl' AIRFLOW_CTX_TASK_ID='download_and_load_raw' AIRFLOW_CTX_EXECUTION_DATE='2024-04-30T00:00:00+00:00' AIRFLOW_CTX_TRY_NUMBER='1' AIRFLOW_CTX_DAG_RUN_ID='scheduled__2024-04-30T00:00:00+00:00'
[2026-02-09T10:12:42.820+0000] {taskinstance.py:430} INFO - ::endgroup::
[2026-02-09T10:12:42.833+0000] {logging_mixin.py:188} INFO - [RAW] Download AAPL [1d] 2024-04-30..2024-05-01
[2026-02-09T10:12:42.836+0000] {logging_mixin.py:188} WARNING - /opt/***/dags/stocks_dwh/raw/stocks_raw_dags.py:38 FutureWarning: YF.download() has changed argument auto_adjust default to True
[2026-02-09T10:12:42.845+0000] {logging_mixin.py:188} WARNING - /home/***/.local/lib/python3.12/site-packages/yfinance/scrapers/history.py:204 Pandas4Warning: Timestamp.utcnow is deprecated and will be removed in a future version. Use Timestamp.now('UTC') instead.
[2026-02-09T10:12:43.399+0000] {taskinstance.py:441} INFO - ::group::Post task execution logs
[2026-02-09T10:12:43.400+0000] {taskinstance.py:2905} ERROR - Task failed with exception
Traceback (most recent call last):
  File "/home/airflow/.local/lib/python3.12/site-packages/airflow/models/taskinstance.py", line 465, in _execute_task
    result = _execute_callable(context=context, **execute_callable_kwargs)
             ^^^^^^^^^^^^^^^^^^^^^^^^^^^^^^^^^^^^^^^^^^^^^^^^^^^^^^^^^^^^^
  File "/home/airflow/.local/lib/python3.12/site-packages/airflow/models/taskinstance.py", line 432, in _execute_callable
    return execute_callable(context=context, **execute_callable_kwargs)
           ^^^^^^^^^^^^^^^^^^^^^^^^^^^^^^^^^^^^^^^^^^^^^^^^^^^^^^^^^^^^
  File "/home/airflow/.local/lib/python3.12/site-packages/airflow/models/baseoperator.py", line 401, in wrapper
    return func(self, *args, **kwargs)
           ^^^^^^^^^^^^^^^^^^^^^^^^^^^
  File "/home/airflow/.local/lib/python3.12/site-packages/airflow/operators/python.py", line 235, in execute
    return_value = self.execute_callable()
                   ^^^^^^^^^^^^^^^^^^^^^^^
  File "/home/airflow/.local/lib/python3.12/site-packages/airflow/operators/python.py", line 252, in execute_callable
    return self.python_callable(*self.op_args, **self.op_kwargs)
           ^^^^^^^^^^^^^^^^^^^^^^^^^^^^^^^^^^^^^^^^^^^^^^^^^^^^^
  File "/opt/airflow/dags/stocks_dwh/raw/stocks_raw_dags.py", line 86, in download_and_load_raw
    df["volume"] = pd.to_numeric(df["volume"], errors="coerce").fillna(0).astype("int64")
                   ^^^^^^^^^^^^^^^^^^^^^^^^^^^^^^^^^^^^^^^^^^^^
  File "/home/airflow/.local/lib/python3.12/site-packages/pandas/core/tools/numeric.py", line 212, in to_numeric
    raise TypeError("arg must be a list, tuple, 1-d array, or Series")
TypeError: arg must be a list, tuple, 1-d array, or Series
[2026-02-09T10:12:43.426+0000] {taskinstance.py:1206} INFO - Marking task as FAILED. dag_id=stock_raw_aapl, task_id=download_and_load_raw, run_id=scheduled__2024-04-30T00:00:00+00:00, execution_date=20240430T000000, start_date=20260209T101242, end_date=20260209T101243
[2026-02-09T10:12:43.442+0000] {standard_task_runner.py:110} ERROR - Failed to execute job 3424 for task download_and_load_raw (arg must be a list, tuple, 1-d array, or Series; 3535)
[2026-02-09T10:12:43.506+0000] {local_task_job_runner.py:243} INFO - Task exited with return code 1
[2026-02-09T10:12:43.526+0000] {taskinstance.py:3503} INFO - 0 downstream tasks scheduled from follow-on schedule check
[2026-02-09T10:12:43.529+0000] {local_task_job_runner.py:222} INFO - ::endgroup::
[2026-02-09T12:16:29.395+0000] {local_task_job_runner.py:120} INFO - ::group::Pre task execution logs
[2026-02-09T12:16:29.428+0000] {taskinstance.py:2076} INFO - Dependencies all met for dep_context=non-requeueable deps ti=<TaskInstance: stock_raw_aapl.download_and_load_raw scheduled__2024-04-30T00:00:00+00:00 [queued]>
[2026-02-09T12:16:29.435+0000] {taskinstance.py:2076} INFO - Dependencies all met for dep_context=requeueable deps ti=<TaskInstance: stock_raw_aapl.download_and_load_raw scheduled__2024-04-30T00:00:00+00:00 [queued]>
[2026-02-09T12:16:29.436+0000] {taskinstance.py:2306} INFO - Starting attempt 1 of 1
[2026-02-09T12:16:29.450+0000] {taskinstance.py:2330} INFO - Executing <Task(PythonOperator): download_and_load_raw> on 2024-04-30 00:00:00+00:00
[2026-02-09T12:16:29.462+0000] {logging_mixin.py:188} WARNING - /home/***/.local/lib/python3.12/site-packages/***/task/task_runner/standard_task_runner.py:62 DeprecationWarning: This process (pid=14487) is multi-threaded, use of fork() may lead to deadlocks in the child.
[2026-02-09T12:16:29.464+0000] {standard_task_runner.py:64} INFO - Started process 14492 to run task
[2026-02-09T12:16:29.462+0000] {standard_task_runner.py:90} INFO - Running: ['***', 'tasks', 'run', 'stock_raw_aapl', 'download_and_load_raw', 'scheduled__2024-04-30T00:00:00+00:00', '--job-id', '6992', '--raw', '--subdir', 'DAGS_FOLDER/stocks_dwh/raw/stocks_raw_dags.py', '--cfg-path', '/tmp/tmpgo36r_am']
[2026-02-09T12:16:29.465+0000] {standard_task_runner.py:91} INFO - Job 6992: Subtask download_and_load_raw
[2026-02-09T12:16:29.528+0000] {task_command.py:426} INFO - Running <TaskInstance: stock_raw_aapl.download_and_load_raw scheduled__2024-04-30T00:00:00+00:00 [running]> on host 4886d37bc122
[2026-02-09T12:16:29.619+0000] {taskinstance.py:2648} INFO - Exporting env vars: AIRFLOW_CTX_DAG_OWNER='***' AIRFLOW_CTX_DAG_ID='stock_raw_aapl' AIRFLOW_CTX_TASK_ID='download_and_load_raw' AIRFLOW_CTX_EXECUTION_DATE='2024-04-30T00:00:00+00:00' AIRFLOW_CTX_TRY_NUMBER='1' AIRFLOW_CTX_DAG_RUN_ID='scheduled__2024-04-30T00:00:00+00:00'
[2026-02-09T12:16:29.620+0000] {taskinstance.py:430} INFO - ::endgroup::
[2026-02-09T12:16:29.632+0000] {stocks_raw_dags.py:37} INFO - 2024-04-30 00:00:00+00:00, 2024-05-01 00:00:00+00:00
[2026-02-09T12:16:29.633+0000] {logging_mixin.py:188} INFO - [RAW] Download AAPL [1d] 2024-04-29..2024-05-01
[2026-02-09T12:16:29.636+0000] {logging_mixin.py:188} WARNING - /opt/***/dags/stocks_dwh/raw/stocks_raw_dags.py:42 FutureWarning: YF.download() has changed argument auto_adjust default to True
[2026-02-09T12:16:29.644+0000] {logging_mixin.py:188} WARNING - /home/***/.local/lib/python3.12/site-packages/yfinance/scrapers/history.py:204 Pandas4Warning: Timestamp.utcnow is deprecated and will be removed in a future version. Use Timestamp.now('UTC') instead.
[2026-02-09T12:16:30.182+0000] {logging_mixin.py:188} WARNING - [*********************100%***********************]  1 of 1 completed
[2026-02-09T12:16:30.221+0000] {base.py:84} INFO - Using connection ID 'dwh_clickhouse' for task execution.
[2026-02-09T12:16:30.250+0000] {logging_mixin.py:188} INFO - [RAW] Deleted existing rows for AAPL in 2024-04-29..2024-05-01
[2026-02-09T12:16:30.264+0000] {logging_mixin.py:188} INFO - [RAW] Inserted 2 rows into dwh.raw_stock_prices
[2026-02-09T12:16:30.265+0000] {python.py:237} INFO - Done. Returned value was: None
[2026-02-09T12:16:30.266+0000] {taskinstance.py:441} INFO - ::group::Post task execution logs
[2026-02-09T12:16:30.281+0000] {taskinstance.py:1206} INFO - Marking task as SUCCESS. dag_id=stock_raw_aapl, task_id=download_and_load_raw, run_id=scheduled__2024-04-30T00:00:00+00:00, execution_date=20240430T000000, start_date=20260209T121629, end_date=20260209T121630
[2026-02-09T12:16:30.363+0000] {local_task_job_runner.py:243} INFO - Task exited with return code 0
[2026-02-09T12:16:30.388+0000] {taskinstance.py:3503} INFO - 0 downstream tasks scheduled from follow-on schedule check
[2026-02-09T12:16:30.390+0000] {local_task_job_runner.py:222} INFO - ::endgroup::
