[2026-02-09T10:46:04.165+0000] {local_task_job_runner.py:120} INFO - ::group::Pre task execution logs
[2026-02-09T10:46:04.194+0000] {taskinstance.py:2076} INFO - Dependencies all met for dep_context=non-requeueable deps ti=<TaskInstance: stock_raw_nvda.download_and_load_raw scheduled__2025-11-30T00:00:00+00:00 [queued]>
[2026-02-09T10:46:04.201+0000] {taskinstance.py:2076} INFO - Dependencies all met for dep_context=requeueable deps ti=<TaskInstance: stock_raw_nvda.download_and_load_raw scheduled__2025-11-30T00:00:00+00:00 [queued]>
[2026-02-09T10:46:04.202+0000] {taskinstance.py:2306} INFO - Starting attempt 1 of 1
[2026-02-09T10:46:04.216+0000] {taskinstance.py:2330} INFO - Executing <Task(PythonOperator): download_and_load_raw> on 2025-11-30 00:00:00+00:00
[2026-02-09T10:46:04.229+0000] {logging_mixin.py:188} WARNING - /home/***/.local/lib/python3.12/site-packages/***/task/task_runner/standard_task_runner.py:62 DeprecationWarning: This process (pid=9511) is multi-threaded, use of fork() may lead to deadlocks in the child.
[2026-02-09T10:46:04.230+0000] {standard_task_runner.py:64} INFO - Started process 9522 to run task
[2026-02-09T10:46:04.229+0000] {standard_task_runner.py:90} INFO - Running: ['***', 'tasks', 'run', 'stock_raw_nvda', 'download_and_load_raw', 'scheduled__2025-11-30T00:00:00+00:00', '--job-id', '6294', '--raw', '--subdir', 'DAGS_FOLDER/stocks_dwh/raw/stocks_raw_dags.py', '--cfg-path', '/tmp/tmp06po3noy']
[2026-02-09T10:46:04.232+0000] {standard_task_runner.py:91} INFO - Job 6294: Subtask download_and_load_raw
[2026-02-09T10:46:04.292+0000] {task_command.py:426} INFO - Running <TaskInstance: stock_raw_nvda.download_and_load_raw scheduled__2025-11-30T00:00:00+00:00 [running]> on host 4886d37bc122
[2026-02-09T10:46:04.381+0000] {taskinstance.py:2648} INFO - Exporting env vars: AIRFLOW_CTX_DAG_OWNER='***' AIRFLOW_CTX_DAG_ID='stock_raw_nvda' AIRFLOW_CTX_TASK_ID='download_and_load_raw' AIRFLOW_CTX_EXECUTION_DATE='2025-11-30T00:00:00+00:00' AIRFLOW_CTX_TRY_NUMBER='1' AIRFLOW_CTX_DAG_RUN_ID='scheduled__2025-11-30T00:00:00+00:00'
[2026-02-09T10:46:04.385+0000] {taskinstance.py:430} INFO - ::endgroup::
[2026-02-09T10:46:04.397+0000] {logging_mixin.py:188} INFO - [RAW] Download NVDA [1d] 2025-11-30..2025-12-01
[2026-02-09T10:46:04.399+0000] {logging_mixin.py:188} WARNING - /opt/***/dags/stocks_dwh/raw/stocks_raw_dags.py:38 FutureWarning: YF.download() has changed argument auto_adjust default to True
[2026-02-09T10:46:04.407+0000] {logging_mixin.py:188} WARNING - /home/***/.local/lib/python3.12/site-packages/yfinance/scrapers/history.py:204 Pandas4Warning: Timestamp.utcnow is deprecated and will be removed in a future version. Use Timestamp.now('UTC') instead.
[2026-02-09T10:46:04.982+0000] {multi.py:185} ERROR - 
1 Failed download:
[2026-02-09T10:46:04.983+0000] {multi.py:198} ERROR - ['NVDA']: YFPricesMissingError('possibly delisted; no price data found  (1d 2025-11-30 -> 2025-12-01)')
[2026-02-09T10:46:04.999+0000] {logging_mixin.py:188} INFO - [RAW] No data from yfinance
[2026-02-09T10:46:04.999+0000] {python.py:237} INFO - Done. Returned value was: None
[2026-02-09T10:46:05.000+0000] {taskinstance.py:441} INFO - ::group::Post task execution logs
[2026-02-09T10:46:05.009+0000] {taskinstance.py:1206} INFO - Marking task as SUCCESS. dag_id=stock_raw_nvda, task_id=download_and_load_raw, run_id=scheduled__2025-11-30T00:00:00+00:00, execution_date=20251130T000000, start_date=20260209T104604, end_date=20260209T104605
[2026-02-09T10:46:05.046+0000] {local_task_job_runner.py:243} INFO - Task exited with return code 0
[2026-02-09T10:46:05.064+0000] {taskinstance.py:3503} INFO - 0 downstream tasks scheduled from follow-on schedule check
[2026-02-09T10:46:05.066+0000] {local_task_job_runner.py:222} INFO - ::endgroup::
