[2026-02-09T10:25:25.528+0000] {local_task_job_runner.py:120} INFO - ::group::Pre task execution logs
[2026-02-09T10:25:25.556+0000] {taskinstance.py:2076} INFO - Dependencies all met for dep_context=non-requeueable deps ti=<TaskInstance: stock_raw_aapl.download_and_load_raw scheduled__2024-11-17T00:00:00+00:00 [queued]>
[2026-02-09T10:25:25.564+0000] {taskinstance.py:2076} INFO - Dependencies all met for dep_context=requeueable deps ti=<TaskInstance: stock_raw_aapl.download_and_load_raw scheduled__2024-11-17T00:00:00+00:00 [queued]>
[2026-02-09T10:25:25.565+0000] {taskinstance.py:2306} INFO - Starting attempt 1 of 1
[2026-02-09T10:25:25.577+0000] {taskinstance.py:2330} INFO - Executing <Task(PythonOperator): download_and_load_raw> on 2024-11-17 00:00:00+00:00
[2026-02-09T10:25:25.589+0000] {logging_mixin.py:188} WARNING - /home/***/.local/lib/python3.12/site-packages/***/task/task_runner/standard_task_runner.py:62 DeprecationWarning: This process (pid=1527) is multi-threaded, use of fork() may lead to deadlocks in the child.
[2026-02-09T10:25:25.591+0000] {standard_task_runner.py:64} INFO - Started process 1538 to run task
[2026-02-09T10:25:25.589+0000] {standard_task_runner.py:90} INFO - Running: ['***', 'tasks', 'run', 'stock_raw_aapl', 'download_and_load_raw', 'scheduled__2024-11-17T00:00:00+00:00', '--job-id', '4419', '--raw', '--subdir', 'DAGS_FOLDER/stocks_dwh/raw/stocks_raw_dags.py', '--cfg-path', '/tmp/tmphuopx7c9']
[2026-02-09T10:25:25.592+0000] {standard_task_runner.py:91} INFO - Job 4419: Subtask download_and_load_raw
[2026-02-09T10:25:25.652+0000] {task_command.py:426} INFO - Running <TaskInstance: stock_raw_aapl.download_and_load_raw scheduled__2024-11-17T00:00:00+00:00 [running]> on host 4886d37bc122
[2026-02-09T10:25:25.745+0000] {taskinstance.py:2648} INFO - Exporting env vars: AIRFLOW_CTX_DAG_OWNER='***' AIRFLOW_CTX_DAG_ID='stock_raw_aapl' AIRFLOW_CTX_TASK_ID='download_and_load_raw' AIRFLOW_CTX_EXECUTION_DATE='2024-11-17T00:00:00+00:00' AIRFLOW_CTX_TRY_NUMBER='1' AIRFLOW_CTX_DAG_RUN_ID='scheduled__2024-11-17T00:00:00+00:00'
[2026-02-09T10:25:25.747+0000] {taskinstance.py:430} INFO - ::endgroup::
[2026-02-09T10:25:25.756+0000] {logging_mixin.py:188} INFO - [RAW] Download AAPL [1d] 2024-11-17..2024-11-18
[2026-02-09T10:25:25.759+0000] {logging_mixin.py:188} WARNING - /opt/***/dags/stocks_dwh/raw/stocks_raw_dags.py:38 FutureWarning: YF.download() has changed argument auto_adjust default to True
[2026-02-09T10:25:25.768+0000] {logging_mixin.py:188} WARNING - /home/***/.local/lib/python3.12/site-packages/yfinance/scrapers/history.py:204 Pandas4Warning: Timestamp.utcnow is deprecated and will be removed in a future version. Use Timestamp.now('UTC') instead.
[2026-02-09T10:25:26.289+0000] {multi.py:185} ERROR - 
1 Failed download:
[2026-02-09T10:25:26.290+0000] {multi.py:198} ERROR - ['AAPL']: YFPricesMissingError('possibly delisted; no price data found  (1d 2024-11-17 -> 2024-11-18)')
[2026-02-09T10:25:26.306+0000] {logging_mixin.py:188} INFO - [RAW] No data from yfinance
[2026-02-09T10:25:26.307+0000] {python.py:237} INFO - Done. Returned value was: None
[2026-02-09T10:25:26.307+0000] {taskinstance.py:441} INFO - ::group::Post task execution logs
[2026-02-09T10:25:26.317+0000] {taskinstance.py:1206} INFO - Marking task as SUCCESS. dag_id=stock_raw_aapl, task_id=download_and_load_raw, run_id=scheduled__2024-11-17T00:00:00+00:00, execution_date=20241117T000000, start_date=20260209T102525, end_date=20260209T102526
[2026-02-09T10:25:26.367+0000] {local_task_job_runner.py:243} INFO - Task exited with return code 0
[2026-02-09T10:25:26.386+0000] {taskinstance.py:3503} INFO - 0 downstream tasks scheduled from follow-on schedule check
[2026-02-09T10:25:26.388+0000] {local_task_job_runner.py:222} INFO - ::endgroup::
[2026-02-09T12:27:09.096+0000] {local_task_job_runner.py:120} INFO - ::group::Pre task execution logs
[2026-02-09T12:27:09.123+0000] {taskinstance.py:2076} INFO - Dependencies all met for dep_context=non-requeueable deps ti=<TaskInstance: stock_raw_aapl.download_and_load_raw scheduled__2024-11-17T00:00:00+00:00 [queued]>
[2026-02-09T12:27:09.131+0000] {taskinstance.py:2076} INFO - Dependencies all met for dep_context=requeueable deps ti=<TaskInstance: stock_raw_aapl.download_and_load_raw scheduled__2024-11-17T00:00:00+00:00 [queued]>
[2026-02-09T12:27:09.132+0000] {taskinstance.py:2306} INFO - Starting attempt 1 of 1
[2026-02-09T12:27:09.143+0000] {taskinstance.py:2330} INFO - Executing <Task(PythonOperator): download_and_load_raw> on 2024-11-17 00:00:00+00:00
[2026-02-09T12:27:09.154+0000] {logging_mixin.py:188} WARNING - /home/***/.local/lib/python3.12/site-packages/***/task/task_runner/standard_task_runner.py:62 DeprecationWarning: This process (pid=16354) is multi-threaded, use of fork() may lead to deadlocks in the child.
[2026-02-09T12:27:09.155+0000] {standard_task_runner.py:64} INFO - Started process 16357 to run task
[2026-02-09T12:27:09.154+0000] {standard_task_runner.py:90} INFO - Running: ['***', 'tasks', 'run', 'stock_raw_aapl', 'download_and_load_raw', 'scheduled__2024-11-17T00:00:00+00:00', '--job-id', '7394', '--raw', '--subdir', 'DAGS_FOLDER/stocks_dwh/raw/stocks_raw_dags.py', '--cfg-path', '/tmp/tmplbsf67ru']
[2026-02-09T12:27:09.156+0000] {standard_task_runner.py:91} INFO - Job 7394: Subtask download_and_load_raw
[2026-02-09T12:27:09.213+0000] {task_command.py:426} INFO - Running <TaskInstance: stock_raw_aapl.download_and_load_raw scheduled__2024-11-17T00:00:00+00:00 [running]> on host 4886d37bc122
[2026-02-09T12:27:09.300+0000] {taskinstance.py:2648} INFO - Exporting env vars: AIRFLOW_CTX_DAG_OWNER='***' AIRFLOW_CTX_DAG_ID='stock_raw_aapl' AIRFLOW_CTX_TASK_ID='download_and_load_raw' AIRFLOW_CTX_EXECUTION_DATE='2024-11-17T00:00:00+00:00' AIRFLOW_CTX_TRY_NUMBER='1' AIRFLOW_CTX_DAG_RUN_ID='scheduled__2024-11-17T00:00:00+00:00'
[2026-02-09T12:27:09.301+0000] {taskinstance.py:430} INFO - ::endgroup::
[2026-02-09T12:27:09.314+0000] {stocks_raw_dags.py:37} INFO - 2024-11-17 00:00:00+00:00, 2024-11-18 00:00:00+00:00
[2026-02-09T12:27:09.314+0000] {logging_mixin.py:188} INFO - [RAW] Download AAPL [1d] 2024-11-16..2024-11-18
[2026-02-09T12:27:09.316+0000] {logging_mixin.py:188} WARNING - /opt/***/dags/stocks_dwh/raw/stocks_raw_dags.py:42 FutureWarning: YF.download() has changed argument auto_adjust default to True
[2026-02-09T12:27:09.324+0000] {logging_mixin.py:188} WARNING - /home/***/.local/lib/python3.12/site-packages/yfinance/scrapers/history.py:204 Pandas4Warning: Timestamp.utcnow is deprecated and will be removed in a future version. Use Timestamp.now('UTC') instead.
[2026-02-09T12:27:09.845+0000] {logging_mixin.py:188} WARNING - [*********************100%***********************]  1 of 1 completed
[2026-02-09T12:27:09.846+0000] {multi.py:185} ERROR - 
1 Failed download:
[2026-02-09T12:27:09.847+0000] {multi.py:198} ERROR - ['AAPL']: YFPricesMissingError('possibly delisted; no price data found  (1d 2024-11-16 -> 2024-11-18)')
[2026-02-09T12:27:09.861+0000] {logging_mixin.py:188} INFO - [RAW] No data from yfinance
[2026-02-09T12:27:09.862+0000] {python.py:237} INFO - Done. Returned value was: None
[2026-02-09T12:27:09.863+0000] {taskinstance.py:441} INFO - ::group::Post task execution logs
[2026-02-09T12:27:09.873+0000] {taskinstance.py:1206} INFO - Marking task as SUCCESS. dag_id=stock_raw_aapl, task_id=download_and_load_raw, run_id=scheduled__2024-11-17T00:00:00+00:00, execution_date=20241117T000000, start_date=20260209T122709, end_date=20260209T122709
[2026-02-09T12:27:09.931+0000] {local_task_job_runner.py:243} INFO - Task exited with return code 0
[2026-02-09T12:27:09.950+0000] {taskinstance.py:3503} INFO - 0 downstream tasks scheduled from follow-on schedule check
[2026-02-09T12:27:09.952+0000] {local_task_job_runner.py:222} INFO - ::endgroup::
