[2026-02-09T12:11:51.748+0000] {local_task_job_runner.py:120} INFO - ::group::Pre task execution logs
[2026-02-09T12:11:51.778+0000] {taskinstance.py:2076} INFO - Dependencies all met for dep_context=non-requeueable deps ti=<TaskInstance: stock_raw_aapl.download_and_load_raw scheduled__2024-02-01T00:00:00+00:00 [queued]>
[2026-02-09T12:11:51.786+0000] {taskinstance.py:2076} INFO - Dependencies all met for dep_context=requeueable deps ti=<TaskInstance: stock_raw_aapl.download_and_load_raw scheduled__2024-02-01T00:00:00+00:00 [queued]>
[2026-02-09T12:11:51.787+0000] {taskinstance.py:2306} INFO - Starting attempt 1 of 1
[2026-02-09T12:11:51.798+0000] {taskinstance.py:2330} INFO - Executing <Task(PythonOperator): download_and_load_raw> on 2024-02-01 00:00:00+00:00
[2026-02-09T12:11:51.809+0000] {logging_mixin.py:188} WARNING - /home/***/.local/lib/python3.12/site-packages/***/task/task_runner/standard_task_runner.py:62 DeprecationWarning: This process (pid=13664) is multi-threaded, use of fork() may lead to deadlocks in the child.
[2026-02-09T12:11:51.811+0000] {standard_task_runner.py:64} INFO - Started process 13667 to run task
[2026-02-09T12:11:51.809+0000] {standard_task_runner.py:90} INFO - Running: ['***', 'tasks', 'run', 'stock_raw_aapl', 'download_and_load_raw', 'scheduled__2024-02-01T00:00:00+00:00', '--job-id', '6813', '--raw', '--subdir', 'DAGS_FOLDER/stocks_dwh/raw/stocks_raw_dags.py', '--cfg-path', '/tmp/tmp8tmauarz']
[2026-02-09T12:11:51.812+0000] {standard_task_runner.py:91} INFO - Job 6813: Subtask download_and_load_raw
[2026-02-09T12:11:51.874+0000] {task_command.py:426} INFO - Running <TaskInstance: stock_raw_aapl.download_and_load_raw scheduled__2024-02-01T00:00:00+00:00 [running]> on host 4886d37bc122
[2026-02-09T12:11:51.962+0000] {taskinstance.py:2648} INFO - Exporting env vars: AIRFLOW_CTX_DAG_OWNER='***' AIRFLOW_CTX_DAG_ID='stock_raw_aapl' AIRFLOW_CTX_TASK_ID='download_and_load_raw' AIRFLOW_CTX_EXECUTION_DATE='2024-02-01T00:00:00+00:00' AIRFLOW_CTX_TRY_NUMBER='1' AIRFLOW_CTX_DAG_RUN_ID='scheduled__2024-02-01T00:00:00+00:00'
[2026-02-09T12:11:51.963+0000] {taskinstance.py:430} INFO - ::endgroup::
[2026-02-09T12:11:51.974+0000] {stocks_raw_dags.py:37} INFO - 2024-02-01 00:00:00+00:00, 2024-02-02 00:00:00+00:00
[2026-02-09T12:11:51.975+0000] {logging_mixin.py:188} INFO - [RAW] Download AAPL [1d] 2024-01-31..2024-02-02
[2026-02-09T12:11:51.977+0000] {logging_mixin.py:188} WARNING - /opt/***/dags/stocks_dwh/raw/stocks_raw_dags.py:42 FutureWarning: YF.download() has changed argument auto_adjust default to True
[2026-02-09T12:11:51.984+0000] {logging_mixin.py:188} WARNING - /home/***/.local/lib/python3.12/site-packages/yfinance/scrapers/history.py:204 Pandas4Warning: Timestamp.utcnow is deprecated and will be removed in a future version. Use Timestamp.now('UTC') instead.
[2026-02-09T12:11:52.906+0000] {logging_mixin.py:188} WARNING - [*********************100%***********************]  1 of 1 completed
[2026-02-09T12:11:52.939+0000] {base.py:84} INFO - Using connection ID 'dwh_clickhouse' for task execution.
[2026-02-09T12:11:52.958+0000] {logging_mixin.py:188} INFO - [RAW] Deleted existing rows for AAPL in 2024-01-31..2024-02-02
[2026-02-09T12:11:52.977+0000] {logging_mixin.py:188} INFO - [RAW] Inserted 2 rows into dwh.raw_stock_prices
[2026-02-09T12:11:52.978+0000] {python.py:237} INFO - Done. Returned value was: None
[2026-02-09T12:11:52.979+0000] {taskinstance.py:441} INFO - ::group::Post task execution logs
[2026-02-09T12:11:52.989+0000] {taskinstance.py:1206} INFO - Marking task as SUCCESS. dag_id=stock_raw_aapl, task_id=download_and_load_raw, run_id=scheduled__2024-02-01T00:00:00+00:00, execution_date=20240201T000000, start_date=20260209T121151, end_date=20260209T121152
[2026-02-09T12:11:53.028+0000] {local_task_job_runner.py:243} INFO - Task exited with return code 0
[2026-02-09T12:11:53.044+0000] {taskinstance.py:3503} INFO - 0 downstream tasks scheduled from follow-on schedule check
[2026-02-09T12:11:53.046+0000] {local_task_job_runner.py:222} INFO - ::endgroup::
