[2026-02-09T10:17:27.517+0000] {local_task_job_runner.py:120} INFO - ::group::Pre task execution logs
[2026-02-09T10:17:27.548+0000] {taskinstance.py:2076} INFO - Dependencies all met for dep_context=non-requeueable deps ti=<TaskInstance: stock_raw_msft.download_and_load_raw scheduled__2024-07-28T00:00:00+00:00 [queued]>
[2026-02-09T10:17:27.556+0000] {taskinstance.py:2076} INFO - Dependencies all met for dep_context=requeueable deps ti=<TaskInstance: stock_raw_msft.download_and_load_raw scheduled__2024-07-28T00:00:00+00:00 [queued]>
[2026-02-09T10:17:27.557+0000] {taskinstance.py:2306} INFO - Starting attempt 1 of 1
[2026-02-09T10:17:27.570+0000] {taskinstance.py:2330} INFO - Executing <Task(PythonOperator): download_and_load_raw> on 2024-07-28 00:00:00+00:00
[2026-02-09T10:17:27.583+0000] {logging_mixin.py:188} WARNING - /home/***/.local/lib/python3.12/site-packages/***/task/task_runner/standard_task_runner.py:62 DeprecationWarning: This process (pid=5415) is multi-threaded, use of fork() may lead to deadlocks in the child.
[2026-02-09T10:17:27.585+0000] {standard_task_runner.py:64} INFO - Started process 5427 to run task
[2026-02-09T10:17:27.583+0000] {standard_task_runner.py:90} INFO - Running: ['***', 'tasks', 'run', 'stock_raw_msft', 'download_and_load_raw', 'scheduled__2024-07-28T00:00:00+00:00', '--job-id', '3871', '--raw', '--subdir', 'DAGS_FOLDER/stocks_dwh/raw/stocks_raw_dags.py', '--cfg-path', '/tmp/tmpt49dodg9']
[2026-02-09T10:17:27.588+0000] {standard_task_runner.py:91} INFO - Job 3871: Subtask download_and_load_raw
[2026-02-09T10:17:27.651+0000] {task_command.py:426} INFO - Running <TaskInstance: stock_raw_msft.download_and_load_raw scheduled__2024-07-28T00:00:00+00:00 [running]> on host b6b9e92e7d61
[2026-02-09T10:17:27.750+0000] {taskinstance.py:2648} INFO - Exporting env vars: AIRFLOW_CTX_DAG_OWNER='***' AIRFLOW_CTX_DAG_ID='stock_raw_msft' AIRFLOW_CTX_TASK_ID='download_and_load_raw' AIRFLOW_CTX_EXECUTION_DATE='2024-07-28T00:00:00+00:00' AIRFLOW_CTX_TRY_NUMBER='1' AIRFLOW_CTX_DAG_RUN_ID='scheduled__2024-07-28T00:00:00+00:00'
[2026-02-09T10:17:27.751+0000] {taskinstance.py:430} INFO - ::endgroup::
[2026-02-09T10:17:27.764+0000] {logging_mixin.py:188} INFO - [RAW] Download MSFT [1d] 2024-07-28..2024-07-29
[2026-02-09T10:17:27.766+0000] {logging_mixin.py:188} WARNING - /opt/***/dags/stocks_dwh/raw/stocks_raw_dags.py:38 FutureWarning: YF.download() has changed argument auto_adjust default to True
[2026-02-09T10:17:27.774+0000] {logging_mixin.py:188} WARNING - /home/***/.local/lib/python3.12/site-packages/yfinance/scrapers/history.py:204 Pandas4Warning: Timestamp.utcnow is deprecated and will be removed in a future version. Use Timestamp.now('UTC') instead.
[2026-02-09T10:17:28.243+0000] {multi.py:185} ERROR - 
1 Failed download:
[2026-02-09T10:17:28.244+0000] {multi.py:198} ERROR - ['MSFT']: YFPricesMissingError('possibly delisted; no price data found  (1d 2024-07-28 -> 2024-07-29)')
[2026-02-09T10:17:28.256+0000] {logging_mixin.py:188} INFO - [RAW] No data from yfinance
[2026-02-09T10:17:28.260+0000] {python.py:237} INFO - Done. Returned value was: None
[2026-02-09T10:17:28.261+0000] {taskinstance.py:441} INFO - ::group::Post task execution logs
[2026-02-09T10:17:28.270+0000] {taskinstance.py:1206} INFO - Marking task as SUCCESS. dag_id=stock_raw_msft, task_id=download_and_load_raw, run_id=scheduled__2024-07-28T00:00:00+00:00, execution_date=20240728T000000, start_date=20260209T101727, end_date=20260209T101728
[2026-02-09T10:17:28.323+0000] {local_task_job_runner.py:243} INFO - Task exited with return code 0
[2026-02-09T10:17:28.346+0000] {taskinstance.py:3503} INFO - 0 downstream tasks scheduled from follow-on schedule check
[2026-02-09T10:17:28.348+0000] {local_task_job_runner.py:222} INFO - ::endgroup::
