[2026-02-09T10:35:17.143+0000] {local_task_job_runner.py:120} INFO - ::group::Pre task execution logs
[2026-02-09T10:35:17.172+0000] {taskinstance.py:2076} INFO - Dependencies all met for dep_context=non-requeueable deps ti=<TaskInstance: stock_raw_tsla.download_and_load_raw scheduled__2025-05-16T00:00:00+00:00 [queued]>
[2026-02-09T10:35:17.181+0000] {taskinstance.py:2076} INFO - Dependencies all met for dep_context=requeueable deps ti=<TaskInstance: stock_raw_tsla.download_and_load_raw scheduled__2025-05-16T00:00:00+00:00 [queued]>
[2026-02-09T10:35:17.183+0000] {taskinstance.py:2306} INFO - Starting attempt 1 of 1
[2026-02-09T10:35:17.195+0000] {taskinstance.py:2330} INFO - Executing <Task(PythonOperator): download_and_load_raw> on 2025-05-16 00:00:00+00:00
[2026-02-09T10:35:17.210+0000] {logging_mixin.py:188} WARNING - /home/***/.local/lib/python3.12/site-packages/***/task/task_runner/standard_task_runner.py:62 DeprecationWarning: This process (pid=5350) is multi-threaded, use of fork() may lead to deadlocks in the child.
[2026-02-09T10:35:17.211+0000] {standard_task_runner.py:64} INFO - Started process 5361 to run task
[2026-02-09T10:35:17.210+0000] {standard_task_runner.py:90} INFO - Running: ['***', 'tasks', 'run', 'stock_raw_tsla', 'download_and_load_raw', 'scheduled__2025-05-16T00:00:00+00:00', '--job-id', '5317', '--raw', '--subdir', 'DAGS_FOLDER/stocks_dwh/raw/stocks_raw_dags.py', '--cfg-path', '/tmp/tmpw8bn6t6r']
[2026-02-09T10:35:17.212+0000] {standard_task_runner.py:91} INFO - Job 5317: Subtask download_and_load_raw
[2026-02-09T10:35:17.287+0000] {task_command.py:426} INFO - Running <TaskInstance: stock_raw_tsla.download_and_load_raw scheduled__2025-05-16T00:00:00+00:00 [running]> on host 4886d37bc122
[2026-02-09T10:35:17.384+0000] {taskinstance.py:2648} INFO - Exporting env vars: AIRFLOW_CTX_DAG_OWNER='***' AIRFLOW_CTX_DAG_ID='stock_raw_tsla' AIRFLOW_CTX_TASK_ID='download_and_load_raw' AIRFLOW_CTX_EXECUTION_DATE='2025-05-16T00:00:00+00:00' AIRFLOW_CTX_TRY_NUMBER='1' AIRFLOW_CTX_DAG_RUN_ID='scheduled__2025-05-16T00:00:00+00:00'
[2026-02-09T10:35:17.386+0000] {taskinstance.py:430} INFO - ::endgroup::
[2026-02-09T10:35:17.397+0000] {logging_mixin.py:188} INFO - [RAW] Download TSLA [1d] 2025-05-16..2025-05-17
[2026-02-09T10:35:17.400+0000] {logging_mixin.py:188} WARNING - /opt/***/dags/stocks_dwh/raw/stocks_raw_dags.py:38 FutureWarning: YF.download() has changed argument auto_adjust default to True
[2026-02-09T10:35:17.408+0000] {logging_mixin.py:188} WARNING - /home/***/.local/lib/python3.12/site-packages/yfinance/scrapers/history.py:204 Pandas4Warning: Timestamp.utcnow is deprecated and will be removed in a future version. Use Timestamp.now('UTC') instead.
[2026-02-09T10:35:17.932+0000] {taskinstance.py:441} INFO - ::group::Post task execution logs
[2026-02-09T10:35:17.933+0000] {taskinstance.py:2905} ERROR - Task failed with exception
Traceback (most recent call last):
  File "/home/airflow/.local/lib/python3.12/site-packages/airflow/models/taskinstance.py", line 465, in _execute_task
    result = _execute_callable(context=context, **execute_callable_kwargs)
             ^^^^^^^^^^^^^^^^^^^^^^^^^^^^^^^^^^^^^^^^^^^^^^^^^^^^^^^^^^^^^
  File "/home/airflow/.local/lib/python3.12/site-packages/airflow/models/taskinstance.py", line 432, in _execute_callable
    return execute_callable(context=context, **execute_callable_kwargs)
           ^^^^^^^^^^^^^^^^^^^^^^^^^^^^^^^^^^^^^^^^^^^^^^^^^^^^^^^^^^^^
  File "/home/airflow/.local/lib/python3.12/site-packages/airflow/models/baseoperator.py", line 401, in wrapper
    return func(self, *args, **kwargs)
           ^^^^^^^^^^^^^^^^^^^^^^^^^^^
  File "/home/airflow/.local/lib/python3.12/site-packages/airflow/operators/python.py", line 235, in execute
    return_value = self.execute_callable()
                   ^^^^^^^^^^^^^^^^^^^^^^^
  File "/home/airflow/.local/lib/python3.12/site-packages/airflow/operators/python.py", line 252, in execute_callable
    return self.python_callable(*self.op_args, **self.op_kwargs)
           ^^^^^^^^^^^^^^^^^^^^^^^^^^^^^^^^^^^^^^^^^^^^^^^^^^^^^
  File "/opt/airflow/dags/stocks_dwh/raw/stocks_raw_dags.py", line 86, in download_and_load_raw
    df["volume"] = pd.to_numeric(df["volume"], errors="coerce").fillna(0).astype("int64")
                   ^^^^^^^^^^^^^^^^^^^^^^^^^^^^^^^^^^^^^^^^^^^^
  File "/home/airflow/.local/lib/python3.12/site-packages/pandas/core/tools/numeric.py", line 212, in to_numeric
    raise TypeError("arg must be a list, tuple, 1-d array, or Series")
TypeError: arg must be a list, tuple, 1-d array, or Series
[2026-02-09T10:35:17.950+0000] {taskinstance.py:1206} INFO - Marking task as FAILED. dag_id=stock_raw_tsla, task_id=download_and_load_raw, run_id=scheduled__2025-05-16T00:00:00+00:00, execution_date=20250516T000000, start_date=20260209T103517, end_date=20260209T103517
[2026-02-09T10:35:17.961+0000] {standard_task_runner.py:110} ERROR - Failed to execute job 5317 for task download_and_load_raw (arg must be a list, tuple, 1-d array, or Series; 5361)
[2026-02-09T10:35:17.987+0000] {local_task_job_runner.py:243} INFO - Task exited with return code 1
[2026-02-09T10:35:17.999+0000] {local_task_job_runner.py:222} INFO - ::endgroup::
