[2026-02-09T10:40:32.752+0000] {local_task_job_runner.py:120} INFO - ::group::Pre task execution logs
[2026-02-09T10:40:32.782+0000] {taskinstance.py:2076} INFO - Dependencies all met for dep_context=non-requeueable deps ti=<TaskInstance: stock_raw_aapl.download_and_load_raw scheduled__2025-08-24T00:00:00+00:00 [queued]>
[2026-02-09T10:40:32.789+0000] {taskinstance.py:2076} INFO - Dependencies all met for dep_context=requeueable deps ti=<TaskInstance: stock_raw_aapl.download_and_load_raw scheduled__2025-08-24T00:00:00+00:00 [queued]>
[2026-02-09T10:40:32.789+0000] {taskinstance.py:2306} INFO - Starting attempt 1 of 1
[2026-02-09T10:40:32.801+0000] {taskinstance.py:2330} INFO - Executing <Task(PythonOperator): download_and_load_raw> on 2025-08-24 00:00:00+00:00
[2026-02-09T10:40:32.813+0000] {logging_mixin.py:188} WARNING - /home/***/.local/lib/python3.12/site-packages/***/task/task_runner/standard_task_runner.py:62 DeprecationWarning: This process (pid=7436) is multi-threaded, use of fork() may lead to deadlocks in the child.
[2026-02-09T10:40:32.815+0000] {standard_task_runner.py:64} INFO - Started process 7444 to run task
[2026-02-09T10:40:32.813+0000] {standard_task_runner.py:90} INFO - Running: ['***', 'tasks', 'run', 'stock_raw_aapl', 'download_and_load_raw', 'scheduled__2025-08-24T00:00:00+00:00', '--job-id', '5808', '--raw', '--subdir', 'DAGS_FOLDER/stocks_dwh/raw/stocks_raw_dags.py', '--cfg-path', '/tmp/tmpqynyjop2']
[2026-02-09T10:40:32.815+0000] {standard_task_runner.py:91} INFO - Job 5808: Subtask download_and_load_raw
[2026-02-09T10:40:32.875+0000] {task_command.py:426} INFO - Running <TaskInstance: stock_raw_aapl.download_and_load_raw scheduled__2025-08-24T00:00:00+00:00 [running]> on host 4886d37bc122
[2026-02-09T10:40:32.972+0000] {taskinstance.py:2648} INFO - Exporting env vars: AIRFLOW_CTX_DAG_OWNER='***' AIRFLOW_CTX_DAG_ID='stock_raw_aapl' AIRFLOW_CTX_TASK_ID='download_and_load_raw' AIRFLOW_CTX_EXECUTION_DATE='2025-08-24T00:00:00+00:00' AIRFLOW_CTX_TRY_NUMBER='1' AIRFLOW_CTX_DAG_RUN_ID='scheduled__2025-08-24T00:00:00+00:00'
[2026-02-09T10:40:32.973+0000] {taskinstance.py:430} INFO - ::endgroup::
[2026-02-09T10:40:32.984+0000] {logging_mixin.py:188} INFO - [RAW] Download AAPL [1d] 2025-08-24..2025-08-25
[2026-02-09T10:40:32.987+0000] {logging_mixin.py:188} WARNING - /opt/***/dags/stocks_dwh/raw/stocks_raw_dags.py:38 FutureWarning: YF.download() has changed argument auto_adjust default to True
[2026-02-09T10:40:32.995+0000] {logging_mixin.py:188} WARNING - /home/***/.local/lib/python3.12/site-packages/yfinance/scrapers/history.py:204 Pandas4Warning: Timestamp.utcnow is deprecated and will be removed in a future version. Use Timestamp.now('UTC') instead.
[2026-02-09T10:40:33.486+0000] {multi.py:185} ERROR - 
1 Failed download:
[2026-02-09T10:40:33.487+0000] {multi.py:198} ERROR - ['AAPL']: YFPricesMissingError('possibly delisted; no price data found  (1d 2025-08-24 -> 2025-08-25)')
[2026-02-09T10:40:33.502+0000] {logging_mixin.py:188} INFO - [RAW] No data from yfinance
[2026-02-09T10:40:33.503+0000] {python.py:237} INFO - Done. Returned value was: None
[2026-02-09T10:40:33.504+0000] {taskinstance.py:441} INFO - ::group::Post task execution logs
[2026-02-09T10:40:33.514+0000] {taskinstance.py:1206} INFO - Marking task as SUCCESS. dag_id=stock_raw_aapl, task_id=download_and_load_raw, run_id=scheduled__2025-08-24T00:00:00+00:00, execution_date=20250824T000000, start_date=20260209T104032, end_date=20260209T104033
[2026-02-09T10:40:33.550+0000] {local_task_job_runner.py:243} INFO - Task exited with return code 0
[2026-02-09T10:40:33.566+0000] {taskinstance.py:3503} INFO - 0 downstream tasks scheduled from follow-on schedule check
[2026-02-09T10:40:33.568+0000] {local_task_job_runner.py:222} INFO - ::endgroup::
[2026-02-09T12:42:29.667+0000] {local_task_job_runner.py:120} INFO - ::group::Pre task execution logs
[2026-02-09T12:42:29.697+0000] {taskinstance.py:2076} INFO - Dependencies all met for dep_context=non-requeueable deps ti=<TaskInstance: stock_raw_aapl.download_and_load_raw scheduled__2025-08-24T00:00:00+00:00 [queued]>
[2026-02-09T12:42:29.706+0000] {taskinstance.py:2076} INFO - Dependencies all met for dep_context=requeueable deps ti=<TaskInstance: stock_raw_aapl.download_and_load_raw scheduled__2025-08-24T00:00:00+00:00 [queued]>
[2026-02-09T12:42:29.706+0000] {taskinstance.py:2306} INFO - Starting attempt 1 of 1
[2026-02-09T12:42:29.720+0000] {taskinstance.py:2330} INFO - Executing <Task(PythonOperator): download_and_load_raw> on 2025-08-24 00:00:00+00:00
[2026-02-09T12:42:29.733+0000] {logging_mixin.py:188} WARNING - /home/***/.local/lib/python3.12/site-packages/***/task/task_runner/standard_task_runner.py:62 DeprecationWarning: This process (pid=18311) is multi-threaded, use of fork() may lead to deadlocks in the child.
[2026-02-09T12:42:29.734+0000] {standard_task_runner.py:64} INFO - Started process 18313 to run task
[2026-02-09T12:42:29.733+0000] {standard_task_runner.py:90} INFO - Running: ['***', 'tasks', 'run', 'stock_raw_aapl', 'download_and_load_raw', 'scheduled__2025-08-24T00:00:00+00:00', '--job-id', '7793', '--raw', '--subdir', 'DAGS_FOLDER/stocks_dwh/raw/stocks_raw_dags.py', '--cfg-path', '/tmp/tmplr3dqixi']
[2026-02-09T12:42:29.735+0000] {standard_task_runner.py:91} INFO - Job 7793: Subtask download_and_load_raw
[2026-02-09T12:42:29.799+0000] {task_command.py:426} INFO - Running <TaskInstance: stock_raw_aapl.download_and_load_raw scheduled__2025-08-24T00:00:00+00:00 [running]> on host 4886d37bc122
[2026-02-09T12:42:29.903+0000] {taskinstance.py:2648} INFO - Exporting env vars: AIRFLOW_CTX_DAG_OWNER='***' AIRFLOW_CTX_DAG_ID='stock_raw_aapl' AIRFLOW_CTX_TASK_ID='download_and_load_raw' AIRFLOW_CTX_EXECUTION_DATE='2025-08-24T00:00:00+00:00' AIRFLOW_CTX_TRY_NUMBER='1' AIRFLOW_CTX_DAG_RUN_ID='scheduled__2025-08-24T00:00:00+00:00'
[2026-02-09T12:42:29.904+0000] {taskinstance.py:430} INFO - ::endgroup::
[2026-02-09T12:42:29.915+0000] {stocks_raw_dags.py:37} INFO - 2025-08-24 00:00:00+00:00, 2025-08-25 00:00:00+00:00
[2026-02-09T12:42:29.915+0000] {logging_mixin.py:188} INFO - [RAW] Download AAPL [1d] 2025-08-23..2025-08-25
[2026-02-09T12:42:29.918+0000] {logging_mixin.py:188} WARNING - /opt/***/dags/stocks_dwh/raw/stocks_raw_dags.py:42 FutureWarning: YF.download() has changed argument auto_adjust default to True
[2026-02-09T12:42:29.926+0000] {logging_mixin.py:188} WARNING - /home/***/.local/lib/python3.12/site-packages/yfinance/scrapers/history.py:204 Pandas4Warning: Timestamp.utcnow is deprecated and will be removed in a future version. Use Timestamp.now('UTC') instead.
[2026-02-09T12:42:30.437+0000] {logging_mixin.py:188} WARNING - [*********************100%***********************]  1 of 1 completed
[2026-02-09T12:42:30.438+0000] {multi.py:185} ERROR - 
1 Failed download:
[2026-02-09T12:42:30.438+0000] {multi.py:198} ERROR - ['AAPL']: YFPricesMissingError('possibly delisted; no price data found  (1d 2025-08-23 -> 2025-08-25)')
[2026-02-09T12:42:30.451+0000] {logging_mixin.py:188} INFO - [RAW] No data from yfinance
[2026-02-09T12:42:30.452+0000] {python.py:237} INFO - Done. Returned value was: None
[2026-02-09T12:42:30.452+0000] {taskinstance.py:441} INFO - ::group::Post task execution logs
[2026-02-09T12:42:30.462+0000] {taskinstance.py:1206} INFO - Marking task as SUCCESS. dag_id=stock_raw_aapl, task_id=download_and_load_raw, run_id=scheduled__2025-08-24T00:00:00+00:00, execution_date=20250824T000000, start_date=20260209T124229, end_date=20260209T124230
[2026-02-09T12:42:30.511+0000] {local_task_job_runner.py:243} INFO - Task exited with return code 0
[2026-02-09T12:42:30.528+0000] {taskinstance.py:3503} INFO - 0 downstream tasks scheduled from follow-on schedule check
[2026-02-09T12:42:30.532+0000] {local_task_job_runner.py:222} INFO - ::endgroup::
