[2026-02-09T12:08:27.232+0000] {local_task_job_runner.py:120} INFO - ::group::Pre task execution logs
[2026-02-09T12:08:27.264+0000] {taskinstance.py:2076} INFO - Dependencies all met for dep_context=non-requeueable deps ti=<TaskInstance: stock_raw_msft.download_and_load_raw scheduled__2024-03-15T00:00:00+00:00 [queued]>
[2026-02-09T12:08:27.272+0000] {taskinstance.py:2076} INFO - Dependencies all met for dep_context=requeueable deps ti=<TaskInstance: stock_raw_msft.download_and_load_raw scheduled__2024-03-15T00:00:00+00:00 [queued]>
[2026-02-09T12:08:27.273+0000] {taskinstance.py:2306} INFO - Starting attempt 2 of 2
[2026-02-09T12:08:27.287+0000] {taskinstance.py:2330} INFO - Executing <Task(PythonOperator): download_and_load_raw> on 2024-03-15 00:00:00+00:00
[2026-02-09T12:08:27.300+0000] {logging_mixin.py:188} WARNING - /home/***/.local/lib/python3.12/site-packages/***/task/task_runner/standard_task_runner.py:62 DeprecationWarning: This process (pid=13183) is multi-threaded, use of fork() may lead to deadlocks in the child.
[2026-02-09T12:08:27.299+0000] {standard_task_runner.py:90} INFO - Running: ['***', 'tasks', 'run', 'stock_raw_msft', 'download_and_load_raw', 'scheduled__2024-03-15T00:00:00+00:00', '--job-id', '6714', '--raw', '--subdir', 'DAGS_FOLDER/stocks_dwh/raw/stocks_raw_dags.py', '--cfg-path', '/tmp/tmp24ttrm65']
[2026-02-09T12:08:27.302+0000] {standard_task_runner.py:64} INFO - Started process 13185 to run task
[2026-02-09T12:08:27.302+0000] {standard_task_runner.py:91} INFO - Job 6714: Subtask download_and_load_raw
[2026-02-09T12:08:27.370+0000] {task_command.py:426} INFO - Running <TaskInstance: stock_raw_msft.download_and_load_raw scheduled__2024-03-15T00:00:00+00:00 [running]> on host 4886d37bc122
[2026-02-09T12:08:27.469+0000] {taskinstance.py:2648} INFO - Exporting env vars: AIRFLOW_CTX_DAG_OWNER='***' AIRFLOW_CTX_DAG_ID='stock_raw_msft' AIRFLOW_CTX_TASK_ID='download_and_load_raw' AIRFLOW_CTX_EXECUTION_DATE='2024-03-15T00:00:00+00:00' AIRFLOW_CTX_TRY_NUMBER='2' AIRFLOW_CTX_DAG_RUN_ID='scheduled__2024-03-15T00:00:00+00:00'
[2026-02-09T12:08:27.471+0000] {taskinstance.py:430} INFO - ::endgroup::
[2026-02-09T12:08:27.483+0000] {stocks_raw_dags.py:37} INFO - 2024-03-15 00:00:00+00:00, 2024-03-16 00:00:00+00:00
[2026-02-09T12:08:27.484+0000] {logging_mixin.py:188} INFO - [RAW] Download MSFT [1d] 2024-03-14..2024-03-16
[2026-02-09T12:08:27.486+0000] {logging_mixin.py:188} WARNING - /opt/***/dags/stocks_dwh/raw/stocks_raw_dags.py:42 FutureWarning: YF.download() has changed argument auto_adjust default to True
[2026-02-09T12:08:27.497+0000] {logging_mixin.py:188} WARNING - /home/***/.local/lib/python3.12/site-packages/yfinance/scrapers/history.py:204 Pandas4Warning: Timestamp.utcnow is deprecated and will be removed in a future version. Use Timestamp.now('UTC') instead.
[2026-02-09T12:08:28.020+0000] {logging_mixin.py:188} WARNING - [*********************100%***********************]  1 of 1 completed
[2026-02-09T12:08:28.055+0000] {base.py:84} INFO - Using connection ID 'dwh_clickhouse' for task execution.
[2026-02-09T12:08:28.077+0000] {logging_mixin.py:188} INFO - [RAW] Deleted existing rows for MSFT in 2024-03-14..2024-03-16
[2026-02-09T12:08:28.089+0000] {logging_mixin.py:188} INFO - [RAW] Inserted 2 rows into dwh.raw_stock_prices
[2026-02-09T12:08:28.089+0000] {python.py:237} INFO - Done. Returned value was: None
[2026-02-09T12:08:28.090+0000] {taskinstance.py:441} INFO - ::group::Post task execution logs
[2026-02-09T12:08:28.099+0000] {taskinstance.py:1206} INFO - Marking task as SUCCESS. dag_id=stock_raw_msft, task_id=download_and_load_raw, run_id=scheduled__2024-03-15T00:00:00+00:00, execution_date=20240315T000000, start_date=20260209T120827, end_date=20260209T120828
[2026-02-09T12:08:28.159+0000] {local_task_job_runner.py:243} INFO - Task exited with return code 0
[2026-02-09T12:08:28.175+0000] {taskinstance.py:3503} INFO - 0 downstream tasks scheduled from follow-on schedule check
[2026-02-09T12:08:28.177+0000] {local_task_job_runner.py:222} INFO - ::endgroup::
