[2026-02-09T10:27:16.951+0000] {local_task_job_runner.py:120} INFO - ::group::Pre task execution logs
[2026-02-09T10:27:16.987+0000] {taskinstance.py:2076} INFO - Dependencies all met for dep_context=non-requeueable deps ti=<TaskInstance: stock_raw_aapl.download_and_load_raw scheduled__2024-12-22T00:00:00+00:00 [queued]>
[2026-02-09T10:27:16.997+0000] {taskinstance.py:2076} INFO - Dependencies all met for dep_context=requeueable deps ti=<TaskInstance: stock_raw_aapl.download_and_load_raw scheduled__2024-12-22T00:00:00+00:00 [queued]>
[2026-02-09T10:27:16.998+0000] {taskinstance.py:2306} INFO - Starting attempt 1 of 1
[2026-02-09T10:27:17.011+0000] {taskinstance.py:2330} INFO - Executing <Task(PythonOperator): download_and_load_raw> on 2024-12-22 00:00:00+00:00
[2026-02-09T10:27:17.024+0000] {logging_mixin.py:188} WARNING - /home/***/.local/lib/python3.12/site-packages/***/task/task_runner/standard_task_runner.py:62 DeprecationWarning: This process (pid=2258) is multi-threaded, use of fork() may lead to deadlocks in the child.
[2026-02-09T10:27:17.026+0000] {standard_task_runner.py:64} INFO - Started process 2275 to run task
[2026-02-09T10:27:17.024+0000] {standard_task_runner.py:90} INFO - Running: ['***', 'tasks', 'run', 'stock_raw_aapl', 'download_and_load_raw', 'scheduled__2024-12-22T00:00:00+00:00', '--job-id', '4592', '--raw', '--subdir', 'DAGS_FOLDER/stocks_dwh/raw/stocks_raw_dags.py', '--cfg-path', '/tmp/tmpdiiz5q5y']
[2026-02-09T10:27:17.026+0000] {standard_task_runner.py:91} INFO - Job 4592: Subtask download_and_load_raw
[2026-02-09T10:27:17.091+0000] {task_command.py:426} INFO - Running <TaskInstance: stock_raw_aapl.download_and_load_raw scheduled__2024-12-22T00:00:00+00:00 [running]> on host 4886d37bc122
[2026-02-09T10:27:17.187+0000] {taskinstance.py:2648} INFO - Exporting env vars: AIRFLOW_CTX_DAG_OWNER='***' AIRFLOW_CTX_DAG_ID='stock_raw_aapl' AIRFLOW_CTX_TASK_ID='download_and_load_raw' AIRFLOW_CTX_EXECUTION_DATE='2024-12-22T00:00:00+00:00' AIRFLOW_CTX_TRY_NUMBER='1' AIRFLOW_CTX_DAG_RUN_ID='scheduled__2024-12-22T00:00:00+00:00'
[2026-02-09T10:27:17.190+0000] {taskinstance.py:430} INFO - ::endgroup::
[2026-02-09T10:27:17.203+0000] {logging_mixin.py:188} INFO - [RAW] Download AAPL [1d] 2024-12-22..2024-12-23
[2026-02-09T10:27:17.206+0000] {logging_mixin.py:188} WARNING - /opt/***/dags/stocks_dwh/raw/stocks_raw_dags.py:38 FutureWarning: YF.download() has changed argument auto_adjust default to True
[2026-02-09T10:27:17.216+0000] {logging_mixin.py:188} WARNING - /home/***/.local/lib/python3.12/site-packages/yfinance/scrapers/history.py:204 Pandas4Warning: Timestamp.utcnow is deprecated and will be removed in a future version. Use Timestamp.now('UTC') instead.
[2026-02-09T10:27:17.736+0000] {multi.py:185} ERROR - 
1 Failed download:
[2026-02-09T10:27:17.737+0000] {multi.py:198} ERROR - ['AAPL']: YFPricesMissingError('possibly delisted; no price data found  (1d 2024-12-22 -> 2024-12-23)')
[2026-02-09T10:27:17.750+0000] {logging_mixin.py:188} INFO - [RAW] No data from yfinance
[2026-02-09T10:27:17.751+0000] {python.py:237} INFO - Done. Returned value was: None
[2026-02-09T10:27:17.751+0000] {taskinstance.py:441} INFO - ::group::Post task execution logs
[2026-02-09T10:27:17.761+0000] {taskinstance.py:1206} INFO - Marking task as SUCCESS. dag_id=stock_raw_aapl, task_id=download_and_load_raw, run_id=scheduled__2024-12-22T00:00:00+00:00, execution_date=20241222T000000, start_date=20260209T102716, end_date=20260209T102717
[2026-02-09T10:27:17.801+0000] {local_task_job_runner.py:243} INFO - Task exited with return code 0
[2026-02-09T10:27:17.824+0000] {taskinstance.py:3503} INFO - 0 downstream tasks scheduled from follow-on schedule check
[2026-02-09T10:27:17.827+0000] {local_task_job_runner.py:222} INFO - ::endgroup::
[2026-02-09T12:28:56.772+0000] {local_task_job_runner.py:120} INFO - ::group::Pre task execution logs
[2026-02-09T12:28:56.800+0000] {taskinstance.py:2076} INFO - Dependencies all met for dep_context=non-requeueable deps ti=<TaskInstance: stock_raw_aapl.download_and_load_raw scheduled__2024-12-22T00:00:00+00:00 [queued]>
[2026-02-09T12:28:56.807+0000] {taskinstance.py:2076} INFO - Dependencies all met for dep_context=requeueable deps ti=<TaskInstance: stock_raw_aapl.download_and_load_raw scheduled__2024-12-22T00:00:00+00:00 [queued]>
[2026-02-09T12:28:56.808+0000] {taskinstance.py:2306} INFO - Starting attempt 1 of 1
[2026-02-09T12:28:56.818+0000] {taskinstance.py:2330} INFO - Executing <Task(PythonOperator): download_and_load_raw> on 2024-12-22 00:00:00+00:00
[2026-02-09T12:28:56.830+0000] {logging_mixin.py:188} WARNING - /home/***/.local/lib/python3.12/site-packages/***/task/task_runner/standard_task_runner.py:62 DeprecationWarning: This process (pid=16677) is multi-threaded, use of fork() may lead to deadlocks in the child.
[2026-02-09T12:28:56.831+0000] {standard_task_runner.py:64} INFO - Started process 16681 to run task
[2026-02-09T12:28:56.830+0000] {standard_task_runner.py:90} INFO - Running: ['***', 'tasks', 'run', 'stock_raw_aapl', 'download_and_load_raw', 'scheduled__2024-12-22T00:00:00+00:00', '--job-id', '7464', '--raw', '--subdir', 'DAGS_FOLDER/stocks_dwh/raw/stocks_raw_dags.py', '--cfg-path', '/tmp/tmpkgc1da1m']
[2026-02-09T12:28:56.832+0000] {standard_task_runner.py:91} INFO - Job 7464: Subtask download_and_load_raw
[2026-02-09T12:28:56.890+0000] {task_command.py:426} INFO - Running <TaskInstance: stock_raw_aapl.download_and_load_raw scheduled__2024-12-22T00:00:00+00:00 [running]> on host 4886d37bc122
[2026-02-09T12:28:56.977+0000] {taskinstance.py:2648} INFO - Exporting env vars: AIRFLOW_CTX_DAG_OWNER='***' AIRFLOW_CTX_DAG_ID='stock_raw_aapl' AIRFLOW_CTX_TASK_ID='download_and_load_raw' AIRFLOW_CTX_EXECUTION_DATE='2024-12-22T00:00:00+00:00' AIRFLOW_CTX_TRY_NUMBER='1' AIRFLOW_CTX_DAG_RUN_ID='scheduled__2024-12-22T00:00:00+00:00'
[2026-02-09T12:28:56.979+0000] {taskinstance.py:430} INFO - ::endgroup::
[2026-02-09T12:28:56.988+0000] {stocks_raw_dags.py:37} INFO - 2024-12-22 00:00:00+00:00, 2024-12-23 00:00:00+00:00
[2026-02-09T12:28:56.989+0000] {logging_mixin.py:188} INFO - [RAW] Download AAPL [1d] 2024-12-21..2024-12-23
[2026-02-09T12:28:56.991+0000] {logging_mixin.py:188} WARNING - /opt/***/dags/stocks_dwh/raw/stocks_raw_dags.py:42 FutureWarning: YF.download() has changed argument auto_adjust default to True
[2026-02-09T12:28:56.999+0000] {logging_mixin.py:188} WARNING - /home/***/.local/lib/python3.12/site-packages/yfinance/scrapers/history.py:204 Pandas4Warning: Timestamp.utcnow is deprecated and will be removed in a future version. Use Timestamp.now('UTC') instead.
[2026-02-09T12:28:57.489+0000] {logging_mixin.py:188} WARNING - [*********************100%***********************]  1 of 1 completed
[2026-02-09T12:28:57.489+0000] {multi.py:185} ERROR - 
1 Failed download:
[2026-02-09T12:28:57.490+0000] {multi.py:198} ERROR - ['AAPL']: YFPricesMissingError('possibly delisted; no price data found  (1d 2024-12-21 -> 2024-12-23)')
[2026-02-09T12:28:57.502+0000] {logging_mixin.py:188} INFO - [RAW] No data from yfinance
[2026-02-09T12:28:57.502+0000] {python.py:237} INFO - Done. Returned value was: None
[2026-02-09T12:28:57.504+0000] {taskinstance.py:441} INFO - ::group::Post task execution logs
[2026-02-09T12:28:57.514+0000] {taskinstance.py:1206} INFO - Marking task as SUCCESS. dag_id=stock_raw_aapl, task_id=download_and_load_raw, run_id=scheduled__2024-12-22T00:00:00+00:00, execution_date=20241222T000000, start_date=20260209T122856, end_date=20260209T122857
[2026-02-09T12:28:57.567+0000] {local_task_job_runner.py:243} INFO - Task exited with return code 0
[2026-02-09T12:28:57.587+0000] {taskinstance.py:3503} INFO - 0 downstream tasks scheduled from follow-on schedule check
[2026-02-09T12:28:57.590+0000] {local_task_job_runner.py:222} INFO - ::endgroup::
