[2026-02-06T14:12:17.348+0000] {local_task_job_runner.py:120} INFO - ::group::Pre task execution logs
[2026-02-06T14:12:17.396+0000] {taskinstance.py:2076} INFO - Dependencies all met for dep_context=non-requeueable deps ti=<TaskInstance: my_dag.task_1 scheduled__2026-01-12T00:00:00+00:00 [queued]>
[2026-02-06T14:12:17.408+0000] {taskinstance.py:2076} INFO - Dependencies all met for dep_context=requeueable deps ti=<TaskInstance: my_dag.task_1 scheduled__2026-01-12T00:00:00+00:00 [queued]>
[2026-02-06T14:12:17.410+0000] {taskinstance.py:2306} INFO - Starting attempt 1 of 1
[2026-02-06T14:12:17.450+0000] {taskinstance.py:2330} INFO - Executing <Task(PythonOperator): task_1> on 2026-01-12 00:00:00+00:00
[2026-02-06T14:12:17.461+0000] {logging_mixin.py:188} WARNING - /home/***/.local/lib/python3.12/site-packages/***/task/task_runner/standard_task_runner.py:62 DeprecationWarning: This process (pid=1009) is multi-threaded, use of fork() may lead to deadlocks in the child.
[2026-02-06T14:12:17.461+0000] {standard_task_runner.py:90} INFO - Running: ['***', 'tasks', 'run', 'my_dag', 'task_1', 'scheduled__2026-01-12T00:00:00+00:00', '--job-id', '14', '--raw', '--subdir', 'DAGS_FOLDER/dag.py', '--cfg-path', '/tmp/tmpggfzq9o3']
[2026-02-06T14:12:17.464+0000] {standard_task_runner.py:64} INFO - Started process 1013 to run task
[2026-02-06T14:12:17.465+0000] {standard_task_runner.py:91} INFO - Job 14: Subtask task_1
[2026-02-06T14:12:17.562+0000] {task_command.py:426} INFO - Running <TaskInstance: my_dag.task_1 scheduled__2026-01-12T00:00:00+00:00 [running]> on host 6f0f650196f7
[2026-02-06T14:12:17.764+0000] {taskinstance.py:2648} INFO - Exporting env vars: AIRFLOW_CTX_DAG_OWNER='***' AIRFLOW_CTX_DAG_ID='my_dag' AIRFLOW_CTX_TASK_ID='task_1' AIRFLOW_CTX_EXECUTION_DATE='2026-01-12T00:00:00+00:00' AIRFLOW_CTX_TRY_NUMBER='1' AIRFLOW_CTX_DAG_RUN_ID='scheduled__2026-01-12T00:00:00+00:00'
[2026-02-06T14:12:17.765+0000] {taskinstance.py:430} INFO - ::endgroup::
[2026-02-06T14:12:17.791+0000] {taskinstance.py:441} INFO - ::group::Post task execution logs
[2026-02-06T14:12:17.793+0000] {taskinstance.py:2905} ERROR - Task failed with exception
Traceback (most recent call last):
  File "/home/airflow/.local/lib/python3.12/site-packages/airflow/models/taskinstance.py", line 465, in _execute_task
    result = _execute_callable(context=context, **execute_callable_kwargs)
             ^^^^^^^^^^^^^^^^^^^^^^^^^^^^^^^^^^^^^^^^^^^^^^^^^^^^^^^^^^^^^
  File "/home/airflow/.local/lib/python3.12/site-packages/airflow/models/taskinstance.py", line 432, in _execute_callable
    return execute_callable(context=context, **execute_callable_kwargs)
           ^^^^^^^^^^^^^^^^^^^^^^^^^^^^^^^^^^^^^^^^^^^^^^^^^^^^^^^^^^^^
  File "/home/airflow/.local/lib/python3.12/site-packages/airflow/models/baseoperator.py", line 401, in wrapper
    return func(self, *args, **kwargs)
           ^^^^^^^^^^^^^^^^^^^^^^^^^^^
  File "/home/airflow/.local/lib/python3.12/site-packages/airflow/operators/python.py", line 235, in execute
    return_value = self.execute_callable()
                   ^^^^^^^^^^^^^^^^^^^^^^^
  File "/home/airflow/.local/lib/python3.12/site-packages/airflow/operators/python.py", line 252, in execute_callable
    return self.python_callable(*self.op_args, **self.op_kwargs)
           ^^^^^^^^^^^^^^^^^^^^^^^^^^^^^^^^^^^^^^^^^^^^^^^^^^^^^
  File "/opt/airflow/dags/dag.py", line 10, in get_data
    data = yf.download("AAPL", start="2026-01-01", end="2026-01-31")
           ^^
NameError: name 'yf' is not defined
[2026-02-06T14:12:17.827+0000] {taskinstance.py:1206} INFO - Marking task as FAILED. dag_id=my_dag, task_id=task_1, run_id=scheduled__2026-01-12T00:00:00+00:00, execution_date=20260112T000000, start_date=20260206T141217, end_date=20260206T141217
[2026-02-06T14:12:17.851+0000] {standard_task_runner.py:110} ERROR - Failed to execute job 14 for task task_1 (name 'yf' is not defined; 1013)
[2026-02-06T14:12:17.881+0000] {local_task_job_runner.py:243} INFO - Task exited with return code 1
[2026-02-06T14:12:17.900+0000] {local_task_job_runner.py:222} INFO - ::endgroup::
[2026-02-07T14:16:34.959+0000] {local_task_job_runner.py:120} INFO - ::group::Pre task execution logs
[2026-02-07T14:16:35.035+0000] {taskinstance.py:2076} INFO - Dependencies all met for dep_context=non-requeueable deps ti=<TaskInstance: my_dag.task_1 scheduled__2026-01-12T00:00:00+00:00 [queued]>
[2026-02-07T14:16:35.048+0000] {taskinstance.py:2076} INFO - Dependencies all met for dep_context=requeueable deps ti=<TaskInstance: my_dag.task_1 scheduled__2026-01-12T00:00:00+00:00 [queued]>
[2026-02-07T14:16:35.049+0000] {taskinstance.py:2306} INFO - Starting attempt 1 of 1
[2026-02-07T14:16:35.078+0000] {taskinstance.py:2330} INFO - Executing <Task(PythonOperator): task_1> on 2026-01-12 00:00:00+00:00
[2026-02-07T14:16:35.096+0000] {logging_mixin.py:188} WARNING - /home/***/.local/lib/python3.12/site-packages/***/task/task_runner/standard_task_runner.py:62 DeprecationWarning: This process (pid=283) is multi-threaded, use of fork() may lead to deadlocks in the child.
[2026-02-07T14:16:35.099+0000] {standard_task_runner.py:64} INFO - Started process 315 to run task
[2026-02-07T14:16:35.097+0000] {standard_task_runner.py:90} INFO - Running: ['***', 'tasks', 'run', 'my_dag', 'task_1', 'scheduled__2026-01-12T00:00:00+00:00', '--job-id', '14', '--raw', '--subdir', 'DAGS_FOLDER/dag.py', '--cfg-path', '/tmp/tmp3c78yx4d']
[2026-02-07T14:16:35.101+0000] {standard_task_runner.py:91} INFO - Job 14: Subtask task_1
[2026-02-07T14:16:35.217+0000] {task_command.py:426} INFO - Running <TaskInstance: my_dag.task_1 scheduled__2026-01-12T00:00:00+00:00 [running]> on host 5adf8c44a70f
[2026-02-07T14:16:35.355+0000] {taskinstance.py:2648} INFO - Exporting env vars: AIRFLOW_CTX_DAG_OWNER='***' AIRFLOW_CTX_DAG_ID='my_dag' AIRFLOW_CTX_TASK_ID='task_1' AIRFLOW_CTX_EXECUTION_DATE='2026-01-12T00:00:00+00:00' AIRFLOW_CTX_TRY_NUMBER='1' AIRFLOW_CTX_DAG_RUN_ID='scheduled__2026-01-12T00:00:00+00:00'
[2026-02-07T14:16:35.359+0000] {taskinstance.py:430} INFO - ::endgroup::
[2026-02-07T14:16:35.391+0000] {logging_mixin.py:188} WARNING - /opt/***/dags/dag.py:11 FutureWarning: YF.download() has changed argument auto_adjust default to True
[2026-02-07T14:16:35.408+0000] {logging_mixin.py:188} WARNING - /home/***/.local/lib/python3.12/site-packages/yfinance/scrapers/history.py:204 Pandas4Warning: Timestamp.utcnow is deprecated and will be removed in a future version. Use Timestamp.now('UTC') instead.
[2026-02-07T14:16:35.968+0000] {logging_mixin.py:188} WARNING - [*********************100%***********************]  1 of 1 completed
[2026-02-07T14:16:35.985+0000] {python.py:237} INFO - Done. Returned value was: None
[2026-02-07T14:16:35.986+0000] {taskinstance.py:441} INFO - ::group::Post task execution logs
[2026-02-07T14:16:35.997+0000] {taskinstance.py:1206} INFO - Marking task as SUCCESS. dag_id=my_dag, task_id=task_1, run_id=scheduled__2026-01-12T00:00:00+00:00, execution_date=20260112T000000, start_date=20260207T141635, end_date=20260207T141635
[2026-02-07T14:16:36.042+0000] {local_task_job_runner.py:243} INFO - Task exited with return code 0
[2026-02-07T14:16:36.058+0000] {taskinstance.py:3503} INFO - 0 downstream tasks scheduled from follow-on schedule check
[2026-02-07T14:16:36.064+0000] {local_task_job_runner.py:222} INFO - ::endgroup::
