[2026-02-09T10:24:02.292+0000] {local_task_job_runner.py:120} INFO - ::group::Pre task execution logs
[2026-02-09T10:24:02.324+0000] {taskinstance.py:2076} INFO - Dependencies all met for dep_context=non-requeueable deps ti=<TaskInstance: stock_raw_tsla.download_and_load_raw scheduled__2024-10-19T00:00:00+00:00 [queued]>
[2026-02-09T10:24:02.334+0000] {taskinstance.py:2076} INFO - Dependencies all met for dep_context=requeueable deps ti=<TaskInstance: stock_raw_tsla.download_and_load_raw scheduled__2024-10-19T00:00:00+00:00 [queued]>
[2026-02-09T10:24:02.335+0000] {taskinstance.py:2306} INFO - Starting attempt 1 of 1
[2026-02-09T10:24:02.349+0000] {taskinstance.py:2330} INFO - Executing <Task(PythonOperator): download_and_load_raw> on 2024-10-19 00:00:00+00:00
[2026-02-09T10:24:02.365+0000] {logging_mixin.py:188} WARNING - /home/***/.local/lib/python3.12/site-packages/***/task/task_runner/standard_task_runner.py:62 DeprecationWarning: This process (pid=938) is multi-threaded, use of fork() may lead to deadlocks in the child.
[2026-02-09T10:24:02.367+0000] {standard_task_runner.py:64} INFO - Started process 949 to run task
[2026-02-09T10:24:02.366+0000] {standard_task_runner.py:90} INFO - Running: ['***', 'tasks', 'run', 'stock_raw_tsla', 'download_and_load_raw', 'scheduled__2024-10-19T00:00:00+00:00', '--job-id', '4280', '--raw', '--subdir', 'DAGS_FOLDER/stocks_dwh/raw/stocks_raw_dags.py', '--cfg-path', '/tmp/tmp6t3yykdm']
[2026-02-09T10:24:02.369+0000] {standard_task_runner.py:91} INFO - Job 4280: Subtask download_and_load_raw
[2026-02-09T10:24:02.446+0000] {task_command.py:426} INFO - Running <TaskInstance: stock_raw_tsla.download_and_load_raw scheduled__2024-10-19T00:00:00+00:00 [running]> on host 4886d37bc122
[2026-02-09T10:24:02.561+0000] {taskinstance.py:2648} INFO - Exporting env vars: AIRFLOW_CTX_DAG_OWNER='***' AIRFLOW_CTX_DAG_ID='stock_raw_tsla' AIRFLOW_CTX_TASK_ID='download_and_load_raw' AIRFLOW_CTX_EXECUTION_DATE='2024-10-19T00:00:00+00:00' AIRFLOW_CTX_TRY_NUMBER='1' AIRFLOW_CTX_DAG_RUN_ID='scheduled__2024-10-19T00:00:00+00:00'
[2026-02-09T10:24:02.562+0000] {taskinstance.py:430} INFO - ::endgroup::
[2026-02-09T10:24:02.576+0000] {logging_mixin.py:188} INFO - [RAW] Download TSLA [1d] 2024-10-19..2024-10-20
[2026-02-09T10:24:02.579+0000] {logging_mixin.py:188} WARNING - /opt/***/dags/stocks_dwh/raw/stocks_raw_dags.py:38 FutureWarning: YF.download() has changed argument auto_adjust default to True
[2026-02-09T10:24:02.589+0000] {logging_mixin.py:188} WARNING - /home/***/.local/lib/python3.12/site-packages/yfinance/scrapers/history.py:204 Pandas4Warning: Timestamp.utcnow is deprecated and will be removed in a future version. Use Timestamp.now('UTC') instead.
[2026-02-09T10:24:03.048+0000] {multi.py:185} ERROR - 
1 Failed download:
[2026-02-09T10:24:03.049+0000] {multi.py:198} ERROR - ['TSLA']: YFPricesMissingError('possibly delisted; no price data found  (1d 2024-10-19 -> 2024-10-20)')
[2026-02-09T10:24:03.064+0000] {logging_mixin.py:188} INFO - [RAW] No data from yfinance
[2026-02-09T10:24:03.065+0000] {python.py:237} INFO - Done. Returned value was: None
[2026-02-09T10:24:03.065+0000] {taskinstance.py:441} INFO - ::group::Post task execution logs
[2026-02-09T10:24:03.076+0000] {taskinstance.py:1206} INFO - Marking task as SUCCESS. dag_id=stock_raw_tsla, task_id=download_and_load_raw, run_id=scheduled__2024-10-19T00:00:00+00:00, execution_date=20241019T000000, start_date=20260209T102402, end_date=20260209T102403
[2026-02-09T10:24:03.143+0000] {local_task_job_runner.py:243} INFO - Task exited with return code 0
[2026-02-09T10:24:03.162+0000] {taskinstance.py:3503} INFO - 0 downstream tasks scheduled from follow-on schedule check
[2026-02-09T10:24:03.164+0000] {local_task_job_runner.py:222} INFO - ::endgroup::
