[2026-02-09T10:16:42.558+0000] {local_task_job_runner.py:120} INFO - ::group::Pre task execution logs
[2026-02-09T10:16:42.586+0000] {taskinstance.py:2076} INFO - Dependencies all met for dep_context=non-requeueable deps ti=<TaskInstance: stock_raw_aapl.download_and_load_raw scheduled__2024-07-14T00:00:00+00:00 [queued]>
[2026-02-09T10:16:42.593+0000] {taskinstance.py:2076} INFO - Dependencies all met for dep_context=requeueable deps ti=<TaskInstance: stock_raw_aapl.download_and_load_raw scheduled__2024-07-14T00:00:00+00:00 [queued]>
[2026-02-09T10:16:42.594+0000] {taskinstance.py:2306} INFO - Starting attempt 1 of 1
[2026-02-09T10:16:42.605+0000] {taskinstance.py:2330} INFO - Executing <Task(PythonOperator): download_and_load_raw> on 2024-07-14 00:00:00+00:00
[2026-02-09T10:16:42.617+0000] {logging_mixin.py:188} WARNING - /home/***/.local/lib/python3.12/site-packages/***/task/task_runner/standard_task_runner.py:62 DeprecationWarning: This process (pid=5112) is multi-threaded, use of fork() may lead to deadlocks in the child.
[2026-02-09T10:16:42.618+0000] {standard_task_runner.py:64} INFO - Started process 5120 to run task
[2026-02-09T10:16:42.617+0000] {standard_task_runner.py:90} INFO - Running: ['***', 'tasks', 'run', 'stock_raw_aapl', 'download_and_load_raw', 'scheduled__2024-07-14T00:00:00+00:00', '--job-id', '3795', '--raw', '--subdir', 'DAGS_FOLDER/stocks_dwh/raw/stocks_raw_dags.py', '--cfg-path', '/tmp/tmp0pbhrzif']
[2026-02-09T10:16:42.620+0000] {standard_task_runner.py:91} INFO - Job 3795: Subtask download_and_load_raw
[2026-02-09T10:16:42.689+0000] {task_command.py:426} INFO - Running <TaskInstance: stock_raw_aapl.download_and_load_raw scheduled__2024-07-14T00:00:00+00:00 [running]> on host b6b9e92e7d61
[2026-02-09T10:16:42.813+0000] {taskinstance.py:2648} INFO - Exporting env vars: AIRFLOW_CTX_DAG_OWNER='***' AIRFLOW_CTX_DAG_ID='stock_raw_aapl' AIRFLOW_CTX_TASK_ID='download_and_load_raw' AIRFLOW_CTX_EXECUTION_DATE='2024-07-14T00:00:00+00:00' AIRFLOW_CTX_TRY_NUMBER='1' AIRFLOW_CTX_DAG_RUN_ID='scheduled__2024-07-14T00:00:00+00:00'
[2026-02-09T10:16:42.814+0000] {taskinstance.py:430} INFO - ::endgroup::
[2026-02-09T10:16:42.827+0000] {logging_mixin.py:188} INFO - [RAW] Download AAPL [1d] 2024-07-14..2024-07-15
[2026-02-09T10:16:42.830+0000] {logging_mixin.py:188} WARNING - /opt/***/dags/stocks_dwh/raw/stocks_raw_dags.py:38 FutureWarning: YF.download() has changed argument auto_adjust default to True
[2026-02-09T10:16:42.839+0000] {logging_mixin.py:188} WARNING - /home/***/.local/lib/python3.12/site-packages/yfinance/scrapers/history.py:204 Pandas4Warning: Timestamp.utcnow is deprecated and will be removed in a future version. Use Timestamp.now('UTC') instead.
[2026-02-09T10:16:43.327+0000] {multi.py:185} ERROR - 
1 Failed download:
[2026-02-09T10:16:43.328+0000] {multi.py:198} ERROR - ['AAPL']: YFPricesMissingError('possibly delisted; no price data found  (1d 2024-07-14 -> 2024-07-15)')
[2026-02-09T10:16:43.339+0000] {logging_mixin.py:188} INFO - [RAW] No data from yfinance
[2026-02-09T10:16:43.340+0000] {python.py:237} INFO - Done. Returned value was: None
[2026-02-09T10:16:43.340+0000] {taskinstance.py:441} INFO - ::group::Post task execution logs
[2026-02-09T10:16:43.349+0000] {taskinstance.py:1206} INFO - Marking task as SUCCESS. dag_id=stock_raw_aapl, task_id=download_and_load_raw, run_id=scheduled__2024-07-14T00:00:00+00:00, execution_date=20240714T000000, start_date=20260209T101642, end_date=20260209T101643
[2026-02-09T10:16:43.394+0000] {local_task_job_runner.py:243} INFO - Task exited with return code 0
[2026-02-09T10:16:43.411+0000] {taskinstance.py:3503} INFO - 0 downstream tasks scheduled from follow-on schedule check
[2026-02-09T10:16:43.413+0000] {local_task_job_runner.py:222} INFO - ::endgroup::
[2026-02-09T12:20:24.117+0000] {local_task_job_runner.py:120} INFO - ::group::Pre task execution logs
[2026-02-09T12:20:24.150+0000] {taskinstance.py:2076} INFO - Dependencies all met for dep_context=non-requeueable deps ti=<TaskInstance: stock_raw_aapl.download_and_load_raw scheduled__2024-07-14T00:00:00+00:00 [queued]>
[2026-02-09T12:20:24.158+0000] {taskinstance.py:2076} INFO - Dependencies all met for dep_context=requeueable deps ti=<TaskInstance: stock_raw_aapl.download_and_load_raw scheduled__2024-07-14T00:00:00+00:00 [queued]>
[2026-02-09T12:20:24.159+0000] {taskinstance.py:2306} INFO - Starting attempt 1 of 1
[2026-02-09T12:20:24.171+0000] {taskinstance.py:2330} INFO - Executing <Task(PythonOperator): download_and_load_raw> on 2024-07-14 00:00:00+00:00
[2026-02-09T12:20:24.186+0000] {logging_mixin.py:188} WARNING - /home/***/.local/lib/python3.12/site-packages/***/task/task_runner/standard_task_runner.py:62 DeprecationWarning: This process (pid=15184) is multi-threaded, use of fork() may lead to deadlocks in the child.
[2026-02-09T12:20:24.187+0000] {standard_task_runner.py:64} INFO - Started process 15187 to run task
[2026-02-09T12:20:24.186+0000] {standard_task_runner.py:90} INFO - Running: ['***', 'tasks', 'run', 'stock_raw_aapl', 'download_and_load_raw', 'scheduled__2024-07-14T00:00:00+00:00', '--job-id', '7142', '--raw', '--subdir', 'DAGS_FOLDER/stocks_dwh/raw/stocks_raw_dags.py', '--cfg-path', '/tmp/tmpjftuwr21']
[2026-02-09T12:20:24.188+0000] {standard_task_runner.py:91} INFO - Job 7142: Subtask download_and_load_raw
[2026-02-09T12:20:24.253+0000] {task_command.py:426} INFO - Running <TaskInstance: stock_raw_aapl.download_and_load_raw scheduled__2024-07-14T00:00:00+00:00 [running]> on host 4886d37bc122
[2026-02-09T12:20:24.350+0000] {taskinstance.py:2648} INFO - Exporting env vars: AIRFLOW_CTX_DAG_OWNER='***' AIRFLOW_CTX_DAG_ID='stock_raw_aapl' AIRFLOW_CTX_TASK_ID='download_and_load_raw' AIRFLOW_CTX_EXECUTION_DATE='2024-07-14T00:00:00+00:00' AIRFLOW_CTX_TRY_NUMBER='1' AIRFLOW_CTX_DAG_RUN_ID='scheduled__2024-07-14T00:00:00+00:00'
[2026-02-09T12:20:24.351+0000] {taskinstance.py:430} INFO - ::endgroup::
[2026-02-09T12:20:24.363+0000] {stocks_raw_dags.py:37} INFO - 2024-07-14 00:00:00+00:00, 2024-07-15 00:00:00+00:00
[2026-02-09T12:20:24.363+0000] {logging_mixin.py:188} INFO - [RAW] Download AAPL [1d] 2024-07-13..2024-07-15
[2026-02-09T12:20:24.366+0000] {logging_mixin.py:188} WARNING - /opt/***/dags/stocks_dwh/raw/stocks_raw_dags.py:42 FutureWarning: YF.download() has changed argument auto_adjust default to True
[2026-02-09T12:20:24.374+0000] {logging_mixin.py:188} WARNING - /home/***/.local/lib/python3.12/site-packages/yfinance/scrapers/history.py:204 Pandas4Warning: Timestamp.utcnow is deprecated and will be removed in a future version. Use Timestamp.now('UTC') instead.
[2026-02-09T12:20:24.853+0000] {logging_mixin.py:188} WARNING - [*********************100%***********************]  1 of 1 completed
[2026-02-09T12:20:24.854+0000] {multi.py:185} ERROR - 
1 Failed download:
[2026-02-09T12:20:24.854+0000] {multi.py:198} ERROR - ['AAPL']: YFPricesMissingError('possibly delisted; no price data found  (1d 2024-07-13 -> 2024-07-15)')
[2026-02-09T12:20:24.869+0000] {logging_mixin.py:188} INFO - [RAW] No data from yfinance
[2026-02-09T12:20:24.870+0000] {python.py:237} INFO - Done. Returned value was: None
[2026-02-09T12:20:24.870+0000] {taskinstance.py:441} INFO - ::group::Post task execution logs
[2026-02-09T12:20:24.880+0000] {taskinstance.py:1206} INFO - Marking task as SUCCESS. dag_id=stock_raw_aapl, task_id=download_and_load_raw, run_id=scheduled__2024-07-14T00:00:00+00:00, execution_date=20240714T000000, start_date=20260209T122024, end_date=20260209T122024
[2026-02-09T12:20:24.923+0000] {local_task_job_runner.py:243} INFO - Task exited with return code 0
[2026-02-09T12:20:24.942+0000] {taskinstance.py:3503} INFO - 0 downstream tasks scheduled from follow-on schedule check
[2026-02-09T12:20:24.945+0000] {local_task_job_runner.py:222} INFO - ::endgroup::
