[2026-02-09T10:19:15.834+0000] {local_task_job_runner.py:120} INFO - ::group::Pre task execution logs
[2026-02-09T10:19:15.872+0000] {taskinstance.py:2076} INFO - Dependencies all met for dep_context=non-requeueable deps ti=<TaskInstance: stock_raw_aapl.download_and_load_raw scheduled__2024-08-31T00:00:00+00:00 [queued]>
[2026-02-09T10:19:15.881+0000] {taskinstance.py:2076} INFO - Dependencies all met for dep_context=requeueable deps ti=<TaskInstance: stock_raw_aapl.download_and_load_raw scheduled__2024-08-31T00:00:00+00:00 [queued]>
[2026-02-09T10:19:15.881+0000] {taskinstance.py:2306} INFO - Starting attempt 1 of 1
[2026-02-09T10:19:15.897+0000] {taskinstance.py:2330} INFO - Executing <Task(PythonOperator): download_and_load_raw> on 2024-08-31 00:00:00+00:00
[2026-02-09T10:19:15.911+0000] {logging_mixin.py:188} WARNING - /home/***/.local/lib/python3.12/site-packages/***/task/task_runner/standard_task_runner.py:62 DeprecationWarning: This process (pid=6115) is multi-threaded, use of fork() may lead to deadlocks in the child.
[2026-02-09T10:19:15.913+0000] {standard_task_runner.py:64} INFO - Started process 6130 to run task
[2026-02-09T10:19:15.911+0000] {standard_task_runner.py:90} INFO - Running: ['***', 'tasks', 'run', 'stock_raw_aapl', 'download_and_load_raw', 'scheduled__2024-08-31T00:00:00+00:00', '--job-id', '4036', '--raw', '--subdir', 'DAGS_FOLDER/stocks_dwh/raw/stocks_raw_dags.py', '--cfg-path', '/tmp/tmpvtl7oudo']
[2026-02-09T10:19:15.918+0000] {standard_task_runner.py:91} INFO - Job 4036: Subtask download_and_load_raw
[2026-02-09T10:19:15.993+0000] {task_command.py:426} INFO - Running <TaskInstance: stock_raw_aapl.download_and_load_raw scheduled__2024-08-31T00:00:00+00:00 [running]> on host b6b9e92e7d61
[2026-02-09T10:19:16.106+0000] {taskinstance.py:2648} INFO - Exporting env vars: AIRFLOW_CTX_DAG_OWNER='***' AIRFLOW_CTX_DAG_ID='stock_raw_aapl' AIRFLOW_CTX_TASK_ID='download_and_load_raw' AIRFLOW_CTX_EXECUTION_DATE='2024-08-31T00:00:00+00:00' AIRFLOW_CTX_TRY_NUMBER='1' AIRFLOW_CTX_DAG_RUN_ID='scheduled__2024-08-31T00:00:00+00:00'
[2026-02-09T10:19:16.107+0000] {taskinstance.py:430} INFO - ::endgroup::
[2026-02-09T10:19:16.122+0000] {logging_mixin.py:188} INFO - [RAW] Download AAPL [1d] 2024-08-31..2024-09-01
[2026-02-09T10:19:16.125+0000] {logging_mixin.py:188} WARNING - /opt/***/dags/stocks_dwh/raw/stocks_raw_dags.py:38 FutureWarning: YF.download() has changed argument auto_adjust default to True
[2026-02-09T10:19:16.134+0000] {logging_mixin.py:188} WARNING - /home/***/.local/lib/python3.12/site-packages/yfinance/scrapers/history.py:204 Pandas4Warning: Timestamp.utcnow is deprecated and will be removed in a future version. Use Timestamp.now('UTC') instead.
[2026-02-09T10:19:16.633+0000] {multi.py:185} ERROR - 
1 Failed download:
[2026-02-09T10:19:16.634+0000] {multi.py:198} ERROR - ['AAPL']: YFPricesMissingError('possibly delisted; no price data found  (1d 2024-08-31 -> 2024-09-01)')
[2026-02-09T10:19:16.645+0000] {logging_mixin.py:188} INFO - [RAW] No data from yfinance
[2026-02-09T10:19:16.645+0000] {python.py:237} INFO - Done. Returned value was: None
[2026-02-09T10:19:16.646+0000] {taskinstance.py:441} INFO - ::group::Post task execution logs
[2026-02-09T10:19:16.654+0000] {taskinstance.py:1206} INFO - Marking task as SUCCESS. dag_id=stock_raw_aapl, task_id=download_and_load_raw, run_id=scheduled__2024-08-31T00:00:00+00:00, execution_date=20240831T000000, start_date=20260209T101915, end_date=20260209T101916
[2026-02-09T10:19:16.694+0000] {local_task_job_runner.py:243} INFO - Task exited with return code 0
[2026-02-09T10:19:16.709+0000] {taskinstance.py:3503} INFO - 0 downstream tasks scheduled from follow-on schedule check
[2026-02-09T10:19:16.710+0000] {local_task_job_runner.py:222} INFO - ::endgroup::
[2026-02-09T12:23:11.953+0000] {local_task_job_runner.py:120} INFO - ::group::Pre task execution logs
[2026-02-09T12:23:11.982+0000] {taskinstance.py:2076} INFO - Dependencies all met for dep_context=non-requeueable deps ti=<TaskInstance: stock_raw_aapl.download_and_load_raw scheduled__2024-08-31T00:00:00+00:00 [queued]>
[2026-02-09T12:23:11.989+0000] {taskinstance.py:2076} INFO - Dependencies all met for dep_context=requeueable deps ti=<TaskInstance: stock_raw_aapl.download_and_load_raw scheduled__2024-08-31T00:00:00+00:00 [queued]>
[2026-02-09T12:23:11.990+0000] {taskinstance.py:2306} INFO - Starting attempt 1 of 1
[2026-02-09T12:23:12.001+0000] {taskinstance.py:2330} INFO - Executing <Task(PythonOperator): download_and_load_raw> on 2024-08-31 00:00:00+00:00
[2026-02-09T12:23:12.012+0000] {logging_mixin.py:188} WARNING - /home/***/.local/lib/python3.12/site-packages/***/task/task_runner/standard_task_runner.py:62 DeprecationWarning: This process (pid=15634) is multi-threaded, use of fork() may lead to deadlocks in the child.
[2026-02-09T12:23:12.014+0000] {standard_task_runner.py:64} INFO - Started process 15637 to run task
[2026-02-09T12:23:12.012+0000] {standard_task_runner.py:90} INFO - Running: ['***', 'tasks', 'run', 'stock_raw_aapl', 'download_and_load_raw', 'scheduled__2024-08-31T00:00:00+00:00', '--job-id', '7238', '--raw', '--subdir', 'DAGS_FOLDER/stocks_dwh/raw/stocks_raw_dags.py', '--cfg-path', '/tmp/tmp8wgbta8x']
[2026-02-09T12:23:12.014+0000] {standard_task_runner.py:91} INFO - Job 7238: Subtask download_and_load_raw
[2026-02-09T12:23:12.075+0000] {task_command.py:426} INFO - Running <TaskInstance: stock_raw_aapl.download_and_load_raw scheduled__2024-08-31T00:00:00+00:00 [running]> on host 4886d37bc122
[2026-02-09T12:23:12.163+0000] {taskinstance.py:2648} INFO - Exporting env vars: AIRFLOW_CTX_DAG_OWNER='***' AIRFLOW_CTX_DAG_ID='stock_raw_aapl' AIRFLOW_CTX_TASK_ID='download_and_load_raw' AIRFLOW_CTX_EXECUTION_DATE='2024-08-31T00:00:00+00:00' AIRFLOW_CTX_TRY_NUMBER='1' AIRFLOW_CTX_DAG_RUN_ID='scheduled__2024-08-31T00:00:00+00:00'
[2026-02-09T12:23:12.164+0000] {taskinstance.py:430} INFO - ::endgroup::
[2026-02-09T12:23:12.178+0000] {stocks_raw_dags.py:37} INFO - 2024-08-31 00:00:00+00:00, 2024-09-01 00:00:00+00:00
[2026-02-09T12:23:12.179+0000] {logging_mixin.py:188} INFO - [RAW] Download AAPL [1d] 2024-08-30..2024-09-01
[2026-02-09T12:23:12.181+0000] {logging_mixin.py:188} WARNING - /opt/***/dags/stocks_dwh/raw/stocks_raw_dags.py:42 FutureWarning: YF.download() has changed argument auto_adjust default to True
[2026-02-09T12:23:12.191+0000] {logging_mixin.py:188} WARNING - /home/***/.local/lib/python3.12/site-packages/yfinance/scrapers/history.py:204 Pandas4Warning: Timestamp.utcnow is deprecated and will be removed in a future version. Use Timestamp.now('UTC') instead.
[2026-02-09T12:23:12.712+0000] {logging_mixin.py:188} WARNING - [*********************100%***********************]  1 of 1 completed
[2026-02-09T12:23:12.753+0000] {base.py:84} INFO - Using connection ID 'dwh_clickhouse' for task execution.
[2026-02-09T12:23:12.780+0000] {logging_mixin.py:188} INFO - [RAW] Deleted existing rows for AAPL in 2024-08-30..2024-09-01
[2026-02-09T12:23:12.792+0000] {logging_mixin.py:188} INFO - [RAW] Inserted 1 rows into dwh.raw_stock_prices
[2026-02-09T12:23:12.793+0000] {python.py:237} INFO - Done. Returned value was: None
[2026-02-09T12:23:12.794+0000] {taskinstance.py:441} INFO - ::group::Post task execution logs
[2026-02-09T12:23:12.807+0000] {taskinstance.py:1206} INFO - Marking task as SUCCESS. dag_id=stock_raw_aapl, task_id=download_and_load_raw, run_id=scheduled__2024-08-31T00:00:00+00:00, execution_date=20240831T000000, start_date=20260209T122311, end_date=20260209T122312
[2026-02-09T12:23:12.870+0000] {local_task_job_runner.py:243} INFO - Task exited with return code 0
[2026-02-09T12:23:12.904+0000] {taskinstance.py:3503} INFO - 0 downstream tasks scheduled from follow-on schedule check
[2026-02-09T12:23:12.907+0000] {local_task_job_runner.py:222} INFO - ::endgroup::
