[2026-02-09T10:30:01.029+0000] {local_task_job_runner.py:120} INFO - ::group::Pre task execution logs
[2026-02-09T10:30:01.064+0000] {taskinstance.py:2076} INFO - Dependencies all met for dep_context=non-requeueable deps ti=<TaskInstance: stock_raw_aapl.download_and_load_raw scheduled__2025-02-09T00:00:00+00:00 [queued]>
[2026-02-09T10:30:01.073+0000] {taskinstance.py:2076} INFO - Dependencies all met for dep_context=requeueable deps ti=<TaskInstance: stock_raw_aapl.download_and_load_raw scheduled__2025-02-09T00:00:00+00:00 [queued]>
[2026-02-09T10:30:01.074+0000] {taskinstance.py:2306} INFO - Starting attempt 1 of 1
[2026-02-09T10:30:01.087+0000] {taskinstance.py:2330} INFO - Executing <Task(PythonOperator): download_and_load_raw> on 2025-02-09 00:00:00+00:00
[2026-02-09T10:30:01.101+0000] {logging_mixin.py:188} WARNING - /home/***/.local/lib/python3.12/site-packages/***/task/task_runner/standard_task_runner.py:62 DeprecationWarning: This process (pid=3307) is multi-threaded, use of fork() may lead to deadlocks in the child.
[2026-02-09T10:30:01.103+0000] {standard_task_runner.py:64} INFO - Started process 3314 to run task
[2026-02-09T10:30:01.101+0000] {standard_task_runner.py:90} INFO - Running: ['***', 'tasks', 'run', 'stock_raw_aapl', 'download_and_load_raw', 'scheduled__2025-02-09T00:00:00+00:00', '--job-id', '4836', '--raw', '--subdir', 'DAGS_FOLDER/stocks_dwh/raw/stocks_raw_dags.py', '--cfg-path', '/tmp/tmp8obtwh1h']
[2026-02-09T10:30:01.105+0000] {standard_task_runner.py:91} INFO - Job 4836: Subtask download_and_load_raw
[2026-02-09T10:30:01.178+0000] {task_command.py:426} INFO - Running <TaskInstance: stock_raw_aapl.download_and_load_raw scheduled__2025-02-09T00:00:00+00:00 [running]> on host 4886d37bc122
[2026-02-09T10:30:01.283+0000] {taskinstance.py:2648} INFO - Exporting env vars: AIRFLOW_CTX_DAG_OWNER='***' AIRFLOW_CTX_DAG_ID='stock_raw_aapl' AIRFLOW_CTX_TASK_ID='download_and_load_raw' AIRFLOW_CTX_EXECUTION_DATE='2025-02-09T00:00:00+00:00' AIRFLOW_CTX_TRY_NUMBER='1' AIRFLOW_CTX_DAG_RUN_ID='scheduled__2025-02-09T00:00:00+00:00'
[2026-02-09T10:30:01.285+0000] {taskinstance.py:430} INFO - ::endgroup::
[2026-02-09T10:30:01.297+0000] {logging_mixin.py:188} INFO - [RAW] Download AAPL [1d] 2025-02-09..2025-02-10
[2026-02-09T10:30:01.300+0000] {logging_mixin.py:188} WARNING - /opt/***/dags/stocks_dwh/raw/stocks_raw_dags.py:38 FutureWarning: YF.download() has changed argument auto_adjust default to True
[2026-02-09T10:30:01.309+0000] {logging_mixin.py:188} WARNING - /home/***/.local/lib/python3.12/site-packages/yfinance/scrapers/history.py:204 Pandas4Warning: Timestamp.utcnow is deprecated and will be removed in a future version. Use Timestamp.now('UTC') instead.
[2026-02-09T10:30:01.808+0000] {multi.py:185} ERROR - 
1 Failed download:
[2026-02-09T10:30:01.809+0000] {multi.py:198} ERROR - ['AAPL']: YFPricesMissingError('possibly delisted; no price data found  (1d 2025-02-09 -> 2025-02-10)')
[2026-02-09T10:30:01.822+0000] {logging_mixin.py:188} INFO - [RAW] No data from yfinance
[2026-02-09T10:30:01.823+0000] {python.py:237} INFO - Done. Returned value was: None
[2026-02-09T10:30:01.823+0000] {taskinstance.py:441} INFO - ::group::Post task execution logs
[2026-02-09T10:30:01.835+0000] {taskinstance.py:1206} INFO - Marking task as SUCCESS. dag_id=stock_raw_aapl, task_id=download_and_load_raw, run_id=scheduled__2025-02-09T00:00:00+00:00, execution_date=20250209T000000, start_date=20260209T103001, end_date=20260209T103001
[2026-02-09T10:30:01.880+0000] {local_task_job_runner.py:243} INFO - Task exited with return code 0
[2026-02-09T10:30:01.899+0000] {taskinstance.py:3503} INFO - 0 downstream tasks scheduled from follow-on schedule check
[2026-02-09T10:30:01.901+0000] {local_task_job_runner.py:222} INFO - ::endgroup::
[2026-02-09T12:31:43.503+0000] {local_task_job_runner.py:120} INFO - ::group::Pre task execution logs
[2026-02-09T12:31:43.532+0000] {taskinstance.py:2076} INFO - Dependencies all met for dep_context=non-requeueable deps ti=<TaskInstance: stock_raw_aapl.download_and_load_raw scheduled__2025-02-09T00:00:00+00:00 [queued]>
[2026-02-09T12:31:43.541+0000] {taskinstance.py:2076} INFO - Dependencies all met for dep_context=requeueable deps ti=<TaskInstance: stock_raw_aapl.download_and_load_raw scheduled__2025-02-09T00:00:00+00:00 [queued]>
[2026-02-09T12:31:43.541+0000] {taskinstance.py:2306} INFO - Starting attempt 1 of 1
[2026-02-09T12:31:43.554+0000] {taskinstance.py:2330} INFO - Executing <Task(PythonOperator): download_and_load_raw> on 2025-02-09 00:00:00+00:00
[2026-02-09T12:31:43.569+0000] {logging_mixin.py:188} WARNING - /home/***/.local/lib/python3.12/site-packages/***/task/task_runner/standard_task_runner.py:62 DeprecationWarning: This process (pid=17134) is multi-threaded, use of fork() may lead to deadlocks in the child.
[2026-02-09T12:31:43.571+0000] {standard_task_runner.py:64} INFO - Started process 17139 to run task
[2026-02-09T12:31:43.569+0000] {standard_task_runner.py:90} INFO - Running: ['***', 'tasks', 'run', 'stock_raw_aapl', 'download_and_load_raw', 'scheduled__2025-02-09T00:00:00+00:00', '--job-id', '7563', '--raw', '--subdir', 'DAGS_FOLDER/stocks_dwh/raw/stocks_raw_dags.py', '--cfg-path', '/tmp/tmpm1esqygi']
[2026-02-09T12:31:43.572+0000] {standard_task_runner.py:91} INFO - Job 7563: Subtask download_and_load_raw
[2026-02-09T12:31:43.629+0000] {task_command.py:426} INFO - Running <TaskInstance: stock_raw_aapl.download_and_load_raw scheduled__2025-02-09T00:00:00+00:00 [running]> on host 4886d37bc122
[2026-02-09T12:31:43.719+0000] {taskinstance.py:2648} INFO - Exporting env vars: AIRFLOW_CTX_DAG_OWNER='***' AIRFLOW_CTX_DAG_ID='stock_raw_aapl' AIRFLOW_CTX_TASK_ID='download_and_load_raw' AIRFLOW_CTX_EXECUTION_DATE='2025-02-09T00:00:00+00:00' AIRFLOW_CTX_TRY_NUMBER='1' AIRFLOW_CTX_DAG_RUN_ID='scheduled__2025-02-09T00:00:00+00:00'
[2026-02-09T12:31:43.720+0000] {taskinstance.py:430} INFO - ::endgroup::
[2026-02-09T12:31:43.731+0000] {stocks_raw_dags.py:37} INFO - 2025-02-09 00:00:00+00:00, 2025-02-10 00:00:00+00:00
[2026-02-09T12:31:43.731+0000] {logging_mixin.py:188} INFO - [RAW] Download AAPL [1d] 2025-02-08..2025-02-10
[2026-02-09T12:31:43.733+0000] {logging_mixin.py:188} WARNING - /opt/***/dags/stocks_dwh/raw/stocks_raw_dags.py:42 FutureWarning: YF.download() has changed argument auto_adjust default to True
[2026-02-09T12:31:43.741+0000] {logging_mixin.py:188} WARNING - /home/***/.local/lib/python3.12/site-packages/yfinance/scrapers/history.py:204 Pandas4Warning: Timestamp.utcnow is deprecated and will be removed in a future version. Use Timestamp.now('UTC') instead.
[2026-02-09T12:31:45.566+0000] {logging_mixin.py:188} WARNING - [*********************100%***********************]  1 of 1 completed
[2026-02-09T12:31:45.567+0000] {multi.py:185} ERROR - 
1 Failed download:
[2026-02-09T12:31:45.567+0000] {multi.py:198} ERROR - ['AAPL']: YFPricesMissingError('possibly delisted; no price data found  (1d 2025-02-08 -> 2025-02-10)')
[2026-02-09T12:31:45.581+0000] {logging_mixin.py:188} INFO - [RAW] No data from yfinance
[2026-02-09T12:31:45.581+0000] {python.py:237} INFO - Done. Returned value was: None
[2026-02-09T12:31:45.582+0000] {taskinstance.py:441} INFO - ::group::Post task execution logs
[2026-02-09T12:31:45.591+0000] {taskinstance.py:1206} INFO - Marking task as SUCCESS. dag_id=stock_raw_aapl, task_id=download_and_load_raw, run_id=scheduled__2025-02-09T00:00:00+00:00, execution_date=20250209T000000, start_date=20260209T123143, end_date=20260209T123145
[2026-02-09T12:31:45.631+0000] {local_task_job_runner.py:243} INFO - Task exited with return code 0
[2026-02-09T12:31:45.648+0000] {taskinstance.py:3503} INFO - 0 downstream tasks scheduled from follow-on schedule check
[2026-02-09T12:31:45.650+0000] {local_task_job_runner.py:222} INFO - ::endgroup::
