[2026-02-09T10:16:39.547+0000] {local_task_job_runner.py:120} INFO - ::group::Pre task execution logs
[2026-02-09T10:16:39.579+0000] {taskinstance.py:2076} INFO - Dependencies all met for dep_context=non-requeueable deps ti=<TaskInstance: stock_raw_aapl.download_and_load_raw scheduled__2024-07-13T00:00:00+00:00 [queued]>
[2026-02-09T10:16:39.592+0000] {taskinstance.py:2076} INFO - Dependencies all met for dep_context=requeueable deps ti=<TaskInstance: stock_raw_aapl.download_and_load_raw scheduled__2024-07-13T00:00:00+00:00 [queued]>
[2026-02-09T10:16:39.593+0000] {taskinstance.py:2306} INFO - Starting attempt 1 of 1
[2026-02-09T10:16:39.608+0000] {taskinstance.py:2330} INFO - Executing <Task(PythonOperator): download_and_load_raw> on 2024-07-13 00:00:00+00:00
[2026-02-09T10:16:39.622+0000] {logging_mixin.py:188} WARNING - /home/***/.local/lib/python3.12/site-packages/***/task/task_runner/standard_task_runner.py:62 DeprecationWarning: This process (pid=5086) is multi-threaded, use of fork() may lead to deadlocks in the child.
[2026-02-09T10:16:39.624+0000] {standard_task_runner.py:64} INFO - Started process 5099 to run task
[2026-02-09T10:16:39.622+0000] {standard_task_runner.py:90} INFO - Running: ['***', 'tasks', 'run', 'stock_raw_aapl', 'download_and_load_raw', 'scheduled__2024-07-13T00:00:00+00:00', '--job-id', '3791', '--raw', '--subdir', 'DAGS_FOLDER/stocks_dwh/raw/stocks_raw_dags.py', '--cfg-path', '/tmp/tmpk91561j9']
[2026-02-09T10:16:39.626+0000] {standard_task_runner.py:91} INFO - Job 3791: Subtask download_and_load_raw
[2026-02-09T10:16:39.722+0000] {task_command.py:426} INFO - Running <TaskInstance: stock_raw_aapl.download_and_load_raw scheduled__2024-07-13T00:00:00+00:00 [running]> on host b6b9e92e7d61
[2026-02-09T10:16:39.837+0000] {taskinstance.py:2648} INFO - Exporting env vars: AIRFLOW_CTX_DAG_OWNER='***' AIRFLOW_CTX_DAG_ID='stock_raw_aapl' AIRFLOW_CTX_TASK_ID='download_and_load_raw' AIRFLOW_CTX_EXECUTION_DATE='2024-07-13T00:00:00+00:00' AIRFLOW_CTX_TRY_NUMBER='1' AIRFLOW_CTX_DAG_RUN_ID='scheduled__2024-07-13T00:00:00+00:00'
[2026-02-09T10:16:39.839+0000] {taskinstance.py:430} INFO - ::endgroup::
[2026-02-09T10:16:39.852+0000] {logging_mixin.py:188} INFO - [RAW] Download AAPL [1d] 2024-07-13..2024-07-14
[2026-02-09T10:16:39.854+0000] {logging_mixin.py:188} WARNING - /opt/***/dags/stocks_dwh/raw/stocks_raw_dags.py:38 FutureWarning: YF.download() has changed argument auto_adjust default to True
[2026-02-09T10:16:39.864+0000] {logging_mixin.py:188} WARNING - /home/***/.local/lib/python3.12/site-packages/yfinance/scrapers/history.py:204 Pandas4Warning: Timestamp.utcnow is deprecated and will be removed in a future version. Use Timestamp.now('UTC') instead.
[2026-02-09T10:16:40.367+0000] {multi.py:185} ERROR - 
1 Failed download:
[2026-02-09T10:16:40.368+0000] {multi.py:198} ERROR - ['AAPL']: YFPricesMissingError('possibly delisted; no price data found  (1d 2024-07-13 -> 2024-07-14)')
[2026-02-09T10:16:40.383+0000] {logging_mixin.py:188} INFO - [RAW] No data from yfinance
[2026-02-09T10:16:40.384+0000] {python.py:237} INFO - Done. Returned value was: None
[2026-02-09T10:16:40.385+0000] {taskinstance.py:441} INFO - ::group::Post task execution logs
[2026-02-09T10:16:40.394+0000] {taskinstance.py:1206} INFO - Marking task as SUCCESS. dag_id=stock_raw_aapl, task_id=download_and_load_raw, run_id=scheduled__2024-07-13T00:00:00+00:00, execution_date=20240713T000000, start_date=20260209T101639, end_date=20260209T101640
[2026-02-09T10:16:40.441+0000] {local_task_job_runner.py:243} INFO - Task exited with return code 0
[2026-02-09T10:16:40.456+0000] {taskinstance.py:3503} INFO - 0 downstream tasks scheduled from follow-on schedule check
[2026-02-09T10:16:40.458+0000] {local_task_job_runner.py:222} INFO - ::endgroup::
[2026-02-09T12:20:21.172+0000] {local_task_job_runner.py:120} INFO - ::group::Pre task execution logs
[2026-02-09T12:20:21.203+0000] {taskinstance.py:2076} INFO - Dependencies all met for dep_context=non-requeueable deps ti=<TaskInstance: stock_raw_aapl.download_and_load_raw scheduled__2024-07-13T00:00:00+00:00 [queued]>
[2026-02-09T12:20:21.212+0000] {taskinstance.py:2076} INFO - Dependencies all met for dep_context=requeueable deps ti=<TaskInstance: stock_raw_aapl.download_and_load_raw scheduled__2024-07-13T00:00:00+00:00 [queued]>
[2026-02-09T12:20:21.212+0000] {taskinstance.py:2306} INFO - Starting attempt 1 of 1
[2026-02-09T12:20:21.226+0000] {taskinstance.py:2330} INFO - Executing <Task(PythonOperator): download_and_load_raw> on 2024-07-13 00:00:00+00:00
[2026-02-09T12:20:21.238+0000] {logging_mixin.py:188} WARNING - /home/***/.local/lib/python3.12/site-packages/***/task/task_runner/standard_task_runner.py:62 DeprecationWarning: This process (pid=15175) is multi-threaded, use of fork() may lead to deadlocks in the child.
[2026-02-09T12:20:21.240+0000] {standard_task_runner.py:64} INFO - Started process 15179 to run task
[2026-02-09T12:20:21.239+0000] {standard_task_runner.py:90} INFO - Running: ['***', 'tasks', 'run', 'stock_raw_aapl', 'download_and_load_raw', 'scheduled__2024-07-13T00:00:00+00:00', '--job-id', '7140', '--raw', '--subdir', 'DAGS_FOLDER/stocks_dwh/raw/stocks_raw_dags.py', '--cfg-path', '/tmp/tmpt427i2ks']
[2026-02-09T12:20:21.241+0000] {standard_task_runner.py:91} INFO - Job 7140: Subtask download_and_load_raw
[2026-02-09T12:20:21.307+0000] {task_command.py:426} INFO - Running <TaskInstance: stock_raw_aapl.download_and_load_raw scheduled__2024-07-13T00:00:00+00:00 [running]> on host 4886d37bc122
[2026-02-09T12:20:21.406+0000] {taskinstance.py:2648} INFO - Exporting env vars: AIRFLOW_CTX_DAG_OWNER='***' AIRFLOW_CTX_DAG_ID='stock_raw_aapl' AIRFLOW_CTX_TASK_ID='download_and_load_raw' AIRFLOW_CTX_EXECUTION_DATE='2024-07-13T00:00:00+00:00' AIRFLOW_CTX_TRY_NUMBER='1' AIRFLOW_CTX_DAG_RUN_ID='scheduled__2024-07-13T00:00:00+00:00'
[2026-02-09T12:20:21.407+0000] {taskinstance.py:430} INFO - ::endgroup::
[2026-02-09T12:20:21.418+0000] {stocks_raw_dags.py:37} INFO - 2024-07-13 00:00:00+00:00, 2024-07-14 00:00:00+00:00
[2026-02-09T12:20:21.419+0000] {logging_mixin.py:188} INFO - [RAW] Download AAPL [1d] 2024-07-12..2024-07-14
[2026-02-09T12:20:21.421+0000] {logging_mixin.py:188} WARNING - /opt/***/dags/stocks_dwh/raw/stocks_raw_dags.py:42 FutureWarning: YF.download() has changed argument auto_adjust default to True
[2026-02-09T12:20:21.430+0000] {logging_mixin.py:188} WARNING - /home/***/.local/lib/python3.12/site-packages/yfinance/scrapers/history.py:204 Pandas4Warning: Timestamp.utcnow is deprecated and will be removed in a future version. Use Timestamp.now('UTC') instead.
[2026-02-09T12:20:21.997+0000] {logging_mixin.py:188} WARNING - [*********************100%***********************]  1 of 1 completed
[2026-02-09T12:20:22.043+0000] {base.py:84} INFO - Using connection ID 'dwh_clickhouse' for task execution.
[2026-02-09T12:20:22.070+0000] {logging_mixin.py:188} INFO - [RAW] Deleted existing rows for AAPL in 2024-07-12..2024-07-14
[2026-02-09T12:20:22.082+0000] {logging_mixin.py:188} INFO - [RAW] Inserted 1 rows into dwh.raw_stock_prices
[2026-02-09T12:20:22.083+0000] {python.py:237} INFO - Done. Returned value was: None
[2026-02-09T12:20:22.084+0000] {taskinstance.py:441} INFO - ::group::Post task execution logs
[2026-02-09T12:20:22.096+0000] {taskinstance.py:1206} INFO - Marking task as SUCCESS. dag_id=stock_raw_aapl, task_id=download_and_load_raw, run_id=scheduled__2024-07-13T00:00:00+00:00, execution_date=20240713T000000, start_date=20260209T122021, end_date=20260209T122022
[2026-02-09T12:20:22.137+0000] {local_task_job_runner.py:243} INFO - Task exited with return code 0
[2026-02-09T12:20:22.160+0000] {taskinstance.py:3503} INFO - 0 downstream tasks scheduled from follow-on schedule check
[2026-02-09T12:20:22.163+0000] {local_task_job_runner.py:222} INFO - ::endgroup::
