[2026-02-09T10:31:09.169+0000] {local_task_job_runner.py:120} INFO - ::group::Pre task execution logs
[2026-02-09T10:31:09.201+0000] {taskinstance.py:2076} INFO - Dependencies all met for dep_context=non-requeueable deps ti=<TaskInstance: stock_raw_aapl.download_and_load_raw scheduled__2025-03-02T00:00:00+00:00 [queued]>
[2026-02-09T10:31:09.209+0000] {taskinstance.py:2076} INFO - Dependencies all met for dep_context=requeueable deps ti=<TaskInstance: stock_raw_aapl.download_and_load_raw scheduled__2025-03-02T00:00:00+00:00 [queued]>
[2026-02-09T10:31:09.210+0000] {taskinstance.py:2306} INFO - Starting attempt 1 of 1
[2026-02-09T10:31:09.222+0000] {taskinstance.py:2330} INFO - Executing <Task(PythonOperator): download_and_load_raw> on 2025-03-02 00:00:00+00:00
[2026-02-09T10:31:09.235+0000] {logging_mixin.py:188} WARNING - /home/***/.local/lib/python3.12/site-packages/***/task/task_runner/standard_task_runner.py:62 DeprecationWarning: This process (pid=3757) is multi-threaded, use of fork() may lead to deadlocks in the child.
[2026-02-09T10:31:09.236+0000] {standard_task_runner.py:64} INFO - Started process 3765 to run task
[2026-02-09T10:31:09.236+0000] {standard_task_runner.py:90} INFO - Running: ['***', 'tasks', 'run', 'stock_raw_aapl', 'download_and_load_raw', 'scheduled__2025-03-02T00:00:00+00:00', '--job-id', '4942', '--raw', '--subdir', 'DAGS_FOLDER/stocks_dwh/raw/stocks_raw_dags.py', '--cfg-path', '/tmp/tmpf7j5gim_']
[2026-02-09T10:31:09.238+0000] {standard_task_runner.py:91} INFO - Job 4942: Subtask download_and_load_raw
[2026-02-09T10:31:09.308+0000] {task_command.py:426} INFO - Running <TaskInstance: stock_raw_aapl.download_and_load_raw scheduled__2025-03-02T00:00:00+00:00 [running]> on host 4886d37bc122
[2026-02-09T10:31:09.417+0000] {taskinstance.py:2648} INFO - Exporting env vars: AIRFLOW_CTX_DAG_OWNER='***' AIRFLOW_CTX_DAG_ID='stock_raw_aapl' AIRFLOW_CTX_TASK_ID='download_and_load_raw' AIRFLOW_CTX_EXECUTION_DATE='2025-03-02T00:00:00+00:00' AIRFLOW_CTX_TRY_NUMBER='1' AIRFLOW_CTX_DAG_RUN_ID='scheduled__2025-03-02T00:00:00+00:00'
[2026-02-09T10:31:09.418+0000] {taskinstance.py:430} INFO - ::endgroup::
[2026-02-09T10:31:09.432+0000] {logging_mixin.py:188} INFO - [RAW] Download AAPL [1d] 2025-03-02..2025-03-03
[2026-02-09T10:31:09.435+0000] {logging_mixin.py:188} WARNING - /opt/***/dags/stocks_dwh/raw/stocks_raw_dags.py:38 FutureWarning: YF.download() has changed argument auto_adjust default to True
[2026-02-09T10:31:09.444+0000] {logging_mixin.py:188} WARNING - /home/***/.local/lib/python3.12/site-packages/yfinance/scrapers/history.py:204 Pandas4Warning: Timestamp.utcnow is deprecated and will be removed in a future version. Use Timestamp.now('UTC') instead.
[2026-02-09T10:31:09.916+0000] {multi.py:185} ERROR - 
1 Failed download:
[2026-02-09T10:31:09.917+0000] {multi.py:198} ERROR - ['AAPL']: YFPricesMissingError('possibly delisted; no price data found  (1d 2025-03-02 -> 2025-03-03)')
[2026-02-09T10:31:09.935+0000] {logging_mixin.py:188} INFO - [RAW] No data from yfinance
[2026-02-09T10:31:09.936+0000] {python.py:237} INFO - Done. Returned value was: None
[2026-02-09T10:31:09.936+0000] {taskinstance.py:441} INFO - ::group::Post task execution logs
[2026-02-09T10:31:09.948+0000] {taskinstance.py:1206} INFO - Marking task as SUCCESS. dag_id=stock_raw_aapl, task_id=download_and_load_raw, run_id=scheduled__2025-03-02T00:00:00+00:00, execution_date=20250302T000000, start_date=20260209T103109, end_date=20260209T103109
[2026-02-09T10:31:10.013+0000] {local_task_job_runner.py:243} INFO - Task exited with return code 0
[2026-02-09T10:31:10.038+0000] {taskinstance.py:3503} INFO - 0 downstream tasks scheduled from follow-on schedule check
[2026-02-09T10:31:10.041+0000] {local_task_job_runner.py:222} INFO - ::endgroup::
[2026-02-09T12:33:15.142+0000] {local_task_job_runner.py:120} INFO - ::group::Pre task execution logs
[2026-02-09T12:33:15.172+0000] {taskinstance.py:2076} INFO - Dependencies all met for dep_context=non-requeueable deps ti=<TaskInstance: stock_raw_aapl.download_and_load_raw scheduled__2025-03-02T00:00:00+00:00 [queued]>
[2026-02-09T12:33:15.181+0000] {taskinstance.py:2076} INFO - Dependencies all met for dep_context=requeueable deps ti=<TaskInstance: stock_raw_aapl.download_and_load_raw scheduled__2025-03-02T00:00:00+00:00 [queued]>
[2026-02-09T12:33:15.182+0000] {taskinstance.py:2306} INFO - Starting attempt 1 of 1
[2026-02-09T12:33:15.197+0000] {taskinstance.py:2330} INFO - Executing <Task(PythonOperator): download_and_load_raw> on 2025-03-02 00:00:00+00:00
[2026-02-09T12:33:15.209+0000] {logging_mixin.py:188} WARNING - /home/***/.local/lib/python3.12/site-packages/***/task/task_runner/standard_task_runner.py:62 DeprecationWarning: This process (pid=17338) is multi-threaded, use of fork() may lead to deadlocks in the child.
[2026-02-09T12:33:15.211+0000] {standard_task_runner.py:64} INFO - Started process 17342 to run task
[2026-02-09T12:33:15.209+0000] {standard_task_runner.py:90} INFO - Running: ['***', 'tasks', 'run', 'stock_raw_aapl', 'download_and_load_raw', 'scheduled__2025-03-02T00:00:00+00:00', '--job-id', '7604', '--raw', '--subdir', 'DAGS_FOLDER/stocks_dwh/raw/stocks_raw_dags.py', '--cfg-path', '/tmp/tmpfot82rs1']
[2026-02-09T12:33:15.212+0000] {standard_task_runner.py:91} INFO - Job 7604: Subtask download_and_load_raw
[2026-02-09T12:33:15.277+0000] {task_command.py:426} INFO - Running <TaskInstance: stock_raw_aapl.download_and_load_raw scheduled__2025-03-02T00:00:00+00:00 [running]> on host 4886d37bc122
[2026-02-09T12:33:15.365+0000] {taskinstance.py:2648} INFO - Exporting env vars: AIRFLOW_CTX_DAG_OWNER='***' AIRFLOW_CTX_DAG_ID='stock_raw_aapl' AIRFLOW_CTX_TASK_ID='download_and_load_raw' AIRFLOW_CTX_EXECUTION_DATE='2025-03-02T00:00:00+00:00' AIRFLOW_CTX_TRY_NUMBER='1' AIRFLOW_CTX_DAG_RUN_ID='scheduled__2025-03-02T00:00:00+00:00'
[2026-02-09T12:33:15.366+0000] {taskinstance.py:430} INFO - ::endgroup::
[2026-02-09T12:33:15.375+0000] {stocks_raw_dags.py:37} INFO - 2025-03-02 00:00:00+00:00, 2025-03-03 00:00:00+00:00
[2026-02-09T12:33:15.376+0000] {logging_mixin.py:188} INFO - [RAW] Download AAPL [1d] 2025-03-01..2025-03-03
[2026-02-09T12:33:15.378+0000] {logging_mixin.py:188} WARNING - /opt/***/dags/stocks_dwh/raw/stocks_raw_dags.py:42 FutureWarning: YF.download() has changed argument auto_adjust default to True
[2026-02-09T12:33:15.386+0000] {logging_mixin.py:188} WARNING - /home/***/.local/lib/python3.12/site-packages/yfinance/scrapers/history.py:204 Pandas4Warning: Timestamp.utcnow is deprecated and will be removed in a future version. Use Timestamp.now('UTC') instead.
[2026-02-09T12:33:15.924+0000] {logging_mixin.py:188} WARNING - [*********************100%***********************]  1 of 1 completed
[2026-02-09T12:33:15.925+0000] {multi.py:185} ERROR - 
1 Failed download:
[2026-02-09T12:33:15.926+0000] {multi.py:198} ERROR - ['AAPL']: YFPricesMissingError('possibly delisted; no price data found  (1d 2025-03-01 -> 2025-03-03)')
[2026-02-09T12:33:15.940+0000] {logging_mixin.py:188} INFO - [RAW] No data from yfinance
[2026-02-09T12:33:15.941+0000] {python.py:237} INFO - Done. Returned value was: None
[2026-02-09T12:33:15.941+0000] {taskinstance.py:441} INFO - ::group::Post task execution logs
[2026-02-09T12:33:15.952+0000] {taskinstance.py:1206} INFO - Marking task as SUCCESS. dag_id=stock_raw_aapl, task_id=download_and_load_raw, run_id=scheduled__2025-03-02T00:00:00+00:00, execution_date=20250302T000000, start_date=20260209T123315, end_date=20260209T123315
[2026-02-09T12:33:16.025+0000] {local_task_job_runner.py:243} INFO - Task exited with return code 0
[2026-02-09T12:33:16.050+0000] {taskinstance.py:3503} INFO - 0 downstream tasks scheduled from follow-on schedule check
[2026-02-09T12:33:16.053+0000] {local_task_job_runner.py:222} INFO - ::endgroup::
