[2026-02-09T10:39:57.691+0000] {local_task_job_runner.py:120} INFO - ::group::Pre task execution logs
[2026-02-09T10:39:57.722+0000] {taskinstance.py:2076} INFO - Dependencies all met for dep_context=non-requeueable deps ti=<TaskInstance: stock_raw_msft.download_and_load_raw scheduled__2025-08-10T00:00:00+00:00 [queued]>
[2026-02-09T10:39:57.730+0000] {taskinstance.py:2076} INFO - Dependencies all met for dep_context=requeueable deps ti=<TaskInstance: stock_raw_msft.download_and_load_raw scheduled__2025-08-10T00:00:00+00:00 [queued]>
[2026-02-09T10:39:57.731+0000] {taskinstance.py:2306} INFO - Starting attempt 1 of 1
[2026-02-09T10:39:57.744+0000] {taskinstance.py:2330} INFO - Executing <Task(PythonOperator): download_and_load_raw> on 2025-08-10 00:00:00+00:00
[2026-02-09T10:39:57.760+0000] {logging_mixin.py:188} WARNING - /home/***/.local/lib/python3.12/site-packages/***/task/task_runner/standard_task_runner.py:62 DeprecationWarning: This process (pid=7166) is multi-threaded, use of fork() may lead to deadlocks in the child.
[2026-02-09T10:39:57.762+0000] {standard_task_runner.py:64} INFO - Started process 7179 to run task
[2026-02-09T10:39:57.760+0000] {standard_task_runner.py:90} INFO - Running: ['***', 'tasks', 'run', 'stock_raw_msft', 'download_and_load_raw', 'scheduled__2025-08-10T00:00:00+00:00', '--job-id', '5745', '--raw', '--subdir', 'DAGS_FOLDER/stocks_dwh/raw/stocks_raw_dags.py', '--cfg-path', '/tmp/tmpe0i1o9se']
[2026-02-09T10:39:57.763+0000] {standard_task_runner.py:91} INFO - Job 5745: Subtask download_and_load_raw
[2026-02-09T10:39:57.834+0000] {task_command.py:426} INFO - Running <TaskInstance: stock_raw_msft.download_and_load_raw scheduled__2025-08-10T00:00:00+00:00 [running]> on host 4886d37bc122
[2026-02-09T10:39:57.938+0000] {taskinstance.py:2648} INFO - Exporting env vars: AIRFLOW_CTX_DAG_OWNER='***' AIRFLOW_CTX_DAG_ID='stock_raw_msft' AIRFLOW_CTX_TASK_ID='download_and_load_raw' AIRFLOW_CTX_EXECUTION_DATE='2025-08-10T00:00:00+00:00' AIRFLOW_CTX_TRY_NUMBER='1' AIRFLOW_CTX_DAG_RUN_ID='scheduled__2025-08-10T00:00:00+00:00'
[2026-02-09T10:39:57.939+0000] {taskinstance.py:430} INFO - ::endgroup::
[2026-02-09T10:39:57.952+0000] {logging_mixin.py:188} INFO - [RAW] Download MSFT [1d] 2025-08-10..2025-08-11
[2026-02-09T10:39:57.957+0000] {logging_mixin.py:188} WARNING - /opt/***/dags/stocks_dwh/raw/stocks_raw_dags.py:38 FutureWarning: YF.download() has changed argument auto_adjust default to True
[2026-02-09T10:39:57.967+0000] {logging_mixin.py:188} WARNING - /home/***/.local/lib/python3.12/site-packages/yfinance/scrapers/history.py:204 Pandas4Warning: Timestamp.utcnow is deprecated and will be removed in a future version. Use Timestamp.now('UTC') instead.
[2026-02-09T10:39:58.810+0000] {multi.py:185} ERROR - 
1 Failed download:
[2026-02-09T10:39:58.811+0000] {multi.py:198} ERROR - ['MSFT']: YFPricesMissingError('possibly delisted; no price data found  (1d 2025-08-10 -> 2025-08-11)')
[2026-02-09T10:39:58.823+0000] {logging_mixin.py:188} INFO - [RAW] No data from yfinance
[2026-02-09T10:39:58.824+0000] {python.py:237} INFO - Done. Returned value was: None
[2026-02-09T10:39:58.824+0000] {taskinstance.py:441} INFO - ::group::Post task execution logs
[2026-02-09T10:39:58.834+0000] {taskinstance.py:1206} INFO - Marking task as SUCCESS. dag_id=stock_raw_msft, task_id=download_and_load_raw, run_id=scheduled__2025-08-10T00:00:00+00:00, execution_date=20250810T000000, start_date=20260209T103957, end_date=20260209T103958
[2026-02-09T10:39:58.899+0000] {local_task_job_runner.py:243} INFO - Task exited with return code 0
[2026-02-09T10:39:58.910+0000] {local_task_job_runner.py:222} INFO - ::endgroup::
