[2026-02-09T10:47:19.102+0000] {local_task_job_runner.py:120} INFO - ::group::Pre task execution logs
[2026-02-09T10:47:19.131+0000] {taskinstance.py:2076} INFO - Dependencies all met for dep_context=non-requeueable deps ti=<TaskInstance: stock_raw_aapl.download_and_load_raw scheduled__2025-12-27T00:00:00+00:00 [queued]>
[2026-02-09T10:47:19.139+0000] {taskinstance.py:2076} INFO - Dependencies all met for dep_context=requeueable deps ti=<TaskInstance: stock_raw_aapl.download_and_load_raw scheduled__2025-12-27T00:00:00+00:00 [queued]>
[2026-02-09T10:47:19.140+0000] {taskinstance.py:2306} INFO - Starting attempt 1 of 1
[2026-02-09T10:47:19.152+0000] {taskinstance.py:2330} INFO - Executing <Task(PythonOperator): download_and_load_raw> on 2025-12-27 00:00:00+00:00
[2026-02-09T10:47:19.164+0000] {logging_mixin.py:188} WARNING - /home/***/.local/lib/python3.12/site-packages/***/task/task_runner/standard_task_runner.py:62 DeprecationWarning: This process (pid=10038) is multi-threaded, use of fork() may lead to deadlocks in the child.
[2026-02-09T10:47:19.164+0000] {standard_task_runner.py:90} INFO - Running: ['***', 'tasks', 'run', 'stock_raw_aapl', 'download_and_load_raw', 'scheduled__2025-12-27T00:00:00+00:00', '--job-id', '6419', '--raw', '--subdir', 'DAGS_FOLDER/stocks_dwh/raw/stocks_raw_dags.py', '--cfg-path', '/tmp/tmpqlwewy1q']
[2026-02-09T10:47:19.166+0000] {standard_task_runner.py:64} INFO - Started process 10045 to run task
[2026-02-09T10:47:19.166+0000] {standard_task_runner.py:91} INFO - Job 6419: Subtask download_and_load_raw
[2026-02-09T10:47:19.227+0000] {task_command.py:426} INFO - Running <TaskInstance: stock_raw_aapl.download_and_load_raw scheduled__2025-12-27T00:00:00+00:00 [running]> on host 4886d37bc122
[2026-02-09T10:47:19.313+0000] {taskinstance.py:2648} INFO - Exporting env vars: AIRFLOW_CTX_DAG_OWNER='***' AIRFLOW_CTX_DAG_ID='stock_raw_aapl' AIRFLOW_CTX_TASK_ID='download_and_load_raw' AIRFLOW_CTX_EXECUTION_DATE='2025-12-27T00:00:00+00:00' AIRFLOW_CTX_TRY_NUMBER='1' AIRFLOW_CTX_DAG_RUN_ID='scheduled__2025-12-27T00:00:00+00:00'
[2026-02-09T10:47:19.315+0000] {taskinstance.py:430} INFO - ::endgroup::
[2026-02-09T10:47:19.325+0000] {logging_mixin.py:188} INFO - [RAW] Download AAPL [1d] 2025-12-27..2025-12-28
[2026-02-09T10:47:19.327+0000] {logging_mixin.py:188} WARNING - /opt/***/dags/stocks_dwh/raw/stocks_raw_dags.py:38 FutureWarning: YF.download() has changed argument auto_adjust default to True
[2026-02-09T10:47:19.335+0000] {logging_mixin.py:188} WARNING - /home/***/.local/lib/python3.12/site-packages/yfinance/scrapers/history.py:204 Pandas4Warning: Timestamp.utcnow is deprecated and will be removed in a future version. Use Timestamp.now('UTC') instead.
[2026-02-09T10:47:19.817+0000] {multi.py:185} ERROR - 
1 Failed download:
[2026-02-09T10:47:19.818+0000] {multi.py:198} ERROR - ['AAPL']: YFPricesMissingError('possibly delisted; no price data found  (1d 2025-12-27 -> 2025-12-28)')
[2026-02-09T10:47:19.830+0000] {logging_mixin.py:188} INFO - [RAW] No data from yfinance
[2026-02-09T10:47:19.830+0000] {python.py:237} INFO - Done. Returned value was: None
[2026-02-09T10:47:19.831+0000] {taskinstance.py:441} INFO - ::group::Post task execution logs
[2026-02-09T10:47:19.840+0000] {taskinstance.py:1206} INFO - Marking task as SUCCESS. dag_id=stock_raw_aapl, task_id=download_and_load_raw, run_id=scheduled__2025-12-27T00:00:00+00:00, execution_date=20251227T000000, start_date=20260209T104719, end_date=20260209T104719
[2026-02-09T10:47:19.903+0000] {local_task_job_runner.py:243} INFO - Task exited with return code 0
[2026-02-09T10:47:19.919+0000] {taskinstance.py:3503} INFO - 0 downstream tasks scheduled from follow-on schedule check
[2026-02-09T10:47:19.921+0000] {local_task_job_runner.py:222} INFO - ::endgroup::
[2026-02-09T12:49:13.312+0000] {local_task_job_runner.py:120} INFO - ::group::Pre task execution logs
[2026-02-09T12:49:13.343+0000] {taskinstance.py:2076} INFO - Dependencies all met for dep_context=non-requeueable deps ti=<TaskInstance: stock_raw_aapl.download_and_load_raw scheduled__2025-12-27T00:00:00+00:00 [queued]>
[2026-02-09T12:49:13.350+0000] {taskinstance.py:2076} INFO - Dependencies all met for dep_context=requeueable deps ti=<TaskInstance: stock_raw_aapl.download_and_load_raw scheduled__2025-12-27T00:00:00+00:00 [queued]>
[2026-02-09T12:49:13.351+0000] {taskinstance.py:2306} INFO - Starting attempt 1 of 1
[2026-02-09T12:49:13.365+0000] {taskinstance.py:2330} INFO - Executing <Task(PythonOperator): download_and_load_raw> on 2025-12-27 00:00:00+00:00
[2026-02-09T12:49:13.377+0000] {logging_mixin.py:188} WARNING - /home/***/.local/lib/python3.12/site-packages/***/task/task_runner/standard_task_runner.py:62 DeprecationWarning: This process (pid=18973) is multi-threaded, use of fork() may lead to deadlocks in the child.
[2026-02-09T12:49:13.378+0000] {standard_task_runner.py:64} INFO - Started process 18975 to run task
[2026-02-09T12:49:13.377+0000] {standard_task_runner.py:90} INFO - Running: ['***', 'tasks', 'run', 'stock_raw_aapl', 'download_and_load_raw', 'scheduled__2025-12-27T00:00:00+00:00', '--job-id', '7918', '--raw', '--subdir', 'DAGS_FOLDER/stocks_dwh/raw/stocks_raw_dags.py', '--cfg-path', '/tmp/tmpurtl9qk2']
[2026-02-09T12:49:13.379+0000] {standard_task_runner.py:91} INFO - Job 7918: Subtask download_and_load_raw
[2026-02-09T12:49:13.442+0000] {task_command.py:426} INFO - Running <TaskInstance: stock_raw_aapl.download_and_load_raw scheduled__2025-12-27T00:00:00+00:00 [running]> on host 4886d37bc122
[2026-02-09T12:49:13.544+0000] {taskinstance.py:2648} INFO - Exporting env vars: AIRFLOW_CTX_DAG_OWNER='***' AIRFLOW_CTX_DAG_ID='stock_raw_aapl' AIRFLOW_CTX_TASK_ID='download_and_load_raw' AIRFLOW_CTX_EXECUTION_DATE='2025-12-27T00:00:00+00:00' AIRFLOW_CTX_TRY_NUMBER='1' AIRFLOW_CTX_DAG_RUN_ID='scheduled__2025-12-27T00:00:00+00:00'
[2026-02-09T12:49:13.545+0000] {taskinstance.py:430} INFO - ::endgroup::
[2026-02-09T12:49:13.560+0000] {stocks_raw_dags.py:37} INFO - 2025-12-27 00:00:00+00:00, 2025-12-28 00:00:00+00:00
[2026-02-09T12:49:13.560+0000] {logging_mixin.py:188} INFO - [RAW] Download AAPL [1d] 2025-12-26..2025-12-28
[2026-02-09T12:49:13.563+0000] {logging_mixin.py:188} WARNING - /opt/***/dags/stocks_dwh/raw/stocks_raw_dags.py:42 FutureWarning: YF.download() has changed argument auto_adjust default to True
[2026-02-09T12:49:13.571+0000] {logging_mixin.py:188} WARNING - /home/***/.local/lib/python3.12/site-packages/yfinance/scrapers/history.py:204 Pandas4Warning: Timestamp.utcnow is deprecated and will be removed in a future version. Use Timestamp.now('UTC') instead.
[2026-02-09T12:49:14.097+0000] {logging_mixin.py:188} WARNING - [*********************100%***********************]  1 of 1 completed
[2026-02-09T12:49:14.134+0000] {base.py:84} INFO - Using connection ID 'dwh_clickhouse' for task execution.
[2026-02-09T12:49:14.172+0000] {logging_mixin.py:188} INFO - [RAW] Deleted existing rows for AAPL in 2025-12-26..2025-12-28
[2026-02-09T12:49:14.185+0000] {logging_mixin.py:188} INFO - [RAW] Inserted 1 rows into dwh.raw_stock_prices
[2026-02-09T12:49:14.185+0000] {python.py:237} INFO - Done. Returned value was: None
[2026-02-09T12:49:14.186+0000] {taskinstance.py:441} INFO - ::group::Post task execution logs
[2026-02-09T12:49:14.198+0000] {taskinstance.py:1206} INFO - Marking task as SUCCESS. dag_id=stock_raw_aapl, task_id=download_and_load_raw, run_id=scheduled__2025-12-27T00:00:00+00:00, execution_date=20251227T000000, start_date=20260209T124913, end_date=20260209T124914
[2026-02-09T12:49:14.275+0000] {local_task_job_runner.py:243} INFO - Task exited with return code 0
[2026-02-09T12:49:14.296+0000] {taskinstance.py:3503} INFO - 0 downstream tasks scheduled from follow-on schedule check
[2026-02-09T12:49:14.300+0000] {local_task_job_runner.py:222} INFO - ::endgroup::
