[2026-02-09T10:19:25.817+0000] {local_task_job_runner.py:120} INFO - ::group::Pre task execution logs
[2026-02-09T10:19:25.846+0000] {taskinstance.py:2076} INFO - Dependencies all met for dep_context=non-requeueable deps ti=<TaskInstance: stock_raw_aapl.download_and_load_raw scheduled__2024-09-03T00:00:00+00:00 [queued]>
[2026-02-09T10:19:25.853+0000] {taskinstance.py:2076} INFO - Dependencies all met for dep_context=requeueable deps ti=<TaskInstance: stock_raw_aapl.download_and_load_raw scheduled__2024-09-03T00:00:00+00:00 [queued]>
[2026-02-09T10:19:25.854+0000] {taskinstance.py:2306} INFO - Starting attempt 1 of 1
[2026-02-09T10:19:25.869+0000] {taskinstance.py:2330} INFO - Executing <Task(PythonOperator): download_and_load_raw> on 2024-09-03 00:00:00+00:00
[2026-02-09T10:19:25.881+0000] {logging_mixin.py:188} WARNING - /home/***/.local/lib/python3.12/site-packages/***/task/task_runner/standard_task_runner.py:62 DeprecationWarning: This process (pid=6180) is multi-threaded, use of fork() may lead to deadlocks in the child.
[2026-02-09T10:19:25.882+0000] {standard_task_runner.py:64} INFO - Started process 6191 to run task
[2026-02-09T10:19:25.883+0000] {standard_task_runner.py:90} INFO - Running: ['***', 'tasks', 'run', 'stock_raw_aapl', 'download_and_load_raw', 'scheduled__2024-09-03T00:00:00+00:00', '--job-id', '4051', '--raw', '--subdir', 'DAGS_FOLDER/stocks_dwh/raw/stocks_raw_dags.py', '--cfg-path', '/tmp/tmp252gp2mf']
[2026-02-09T10:19:25.885+0000] {standard_task_runner.py:91} INFO - Job 4051: Subtask download_and_load_raw
[2026-02-09T10:19:25.944+0000] {task_command.py:426} INFO - Running <TaskInstance: stock_raw_aapl.download_and_load_raw scheduled__2024-09-03T00:00:00+00:00 [running]> on host b6b9e92e7d61
[2026-02-09T10:19:26.035+0000] {taskinstance.py:2648} INFO - Exporting env vars: AIRFLOW_CTX_DAG_OWNER='***' AIRFLOW_CTX_DAG_ID='stock_raw_aapl' AIRFLOW_CTX_TASK_ID='download_and_load_raw' AIRFLOW_CTX_EXECUTION_DATE='2024-09-03T00:00:00+00:00' AIRFLOW_CTX_TRY_NUMBER='1' AIRFLOW_CTX_DAG_RUN_ID='scheduled__2024-09-03T00:00:00+00:00'
[2026-02-09T10:19:26.038+0000] {taskinstance.py:430} INFO - ::endgroup::
[2026-02-09T10:19:26.049+0000] {logging_mixin.py:188} INFO - [RAW] Download AAPL [1d] 2024-09-03..2024-09-04
[2026-02-09T10:19:26.052+0000] {logging_mixin.py:188} WARNING - /opt/***/dags/stocks_dwh/raw/stocks_raw_dags.py:38 FutureWarning: YF.download() has changed argument auto_adjust default to True
[2026-02-09T10:19:26.062+0000] {logging_mixin.py:188} WARNING - /home/***/.local/lib/python3.12/site-packages/yfinance/scrapers/history.py:204 Pandas4Warning: Timestamp.utcnow is deprecated and will be removed in a future version. Use Timestamp.now('UTC') instead.
[2026-02-09T10:19:26.605+0000] {taskinstance.py:441} INFO - ::group::Post task execution logs
[2026-02-09T10:19:26.606+0000] {taskinstance.py:2905} ERROR - Task failed with exception
Traceback (most recent call last):
  File "/home/airflow/.local/lib/python3.12/site-packages/airflow/models/taskinstance.py", line 465, in _execute_task
    result = _execute_callable(context=context, **execute_callable_kwargs)
             ^^^^^^^^^^^^^^^^^^^^^^^^^^^^^^^^^^^^^^^^^^^^^^^^^^^^^^^^^^^^^
  File "/home/airflow/.local/lib/python3.12/site-packages/airflow/models/taskinstance.py", line 432, in _execute_callable
    return execute_callable(context=context, **execute_callable_kwargs)
           ^^^^^^^^^^^^^^^^^^^^^^^^^^^^^^^^^^^^^^^^^^^^^^^^^^^^^^^^^^^^
  File "/home/airflow/.local/lib/python3.12/site-packages/airflow/models/baseoperator.py", line 401, in wrapper
    return func(self, *args, **kwargs)
           ^^^^^^^^^^^^^^^^^^^^^^^^^^^
  File "/home/airflow/.local/lib/python3.12/site-packages/airflow/operators/python.py", line 235, in execute
    return_value = self.execute_callable()
                   ^^^^^^^^^^^^^^^^^^^^^^^
  File "/home/airflow/.local/lib/python3.12/site-packages/airflow/operators/python.py", line 252, in execute_callable
    return self.python_callable(*self.op_args, **self.op_kwargs)
           ^^^^^^^^^^^^^^^^^^^^^^^^^^^^^^^^^^^^^^^^^^^^^^^^^^^^^
  File "/opt/airflow/dags/stocks_dwh/raw/stocks_raw_dags.py", line 86, in download_and_load_raw
    df["volume"] = pd.to_numeric(df["volume"], errors="coerce").fillna(0).astype("int64")
                   ^^^^^^^^^^^^^^^^^^^^^^^^^^^^^^^^^^^^^^^^^^^^
  File "/home/airflow/.local/lib/python3.12/site-packages/pandas/core/tools/numeric.py", line 212, in to_numeric
    raise TypeError("arg must be a list, tuple, 1-d array, or Series")
TypeError: arg must be a list, tuple, 1-d array, or Series
[2026-02-09T10:19:26.619+0000] {taskinstance.py:1206} INFO - Marking task as FAILED. dag_id=stock_raw_aapl, task_id=download_and_load_raw, run_id=scheduled__2024-09-03T00:00:00+00:00, execution_date=20240903T000000, start_date=20260209T101925, end_date=20260209T101926
[2026-02-09T10:19:26.631+0000] {standard_task_runner.py:110} ERROR - Failed to execute job 4051 for task download_and_load_raw (arg must be a list, tuple, 1-d array, or Series; 6191)
[2026-02-09T10:19:26.658+0000] {local_task_job_runner.py:243} INFO - Task exited with return code 1
[2026-02-09T10:19:26.674+0000] {taskinstance.py:3503} INFO - 0 downstream tasks scheduled from follow-on schedule check
[2026-02-09T10:19:26.676+0000] {local_task_job_runner.py:222} INFO - ::endgroup::
[2026-02-09T12:23:21.490+0000] {local_task_job_runner.py:120} INFO - ::group::Pre task execution logs
[2026-02-09T12:23:21.520+0000] {taskinstance.py:2076} INFO - Dependencies all met for dep_context=non-requeueable deps ti=<TaskInstance: stock_raw_aapl.download_and_load_raw scheduled__2024-09-03T00:00:00+00:00 [queued]>
[2026-02-09T12:23:21.528+0000] {taskinstance.py:2076} INFO - Dependencies all met for dep_context=requeueable deps ti=<TaskInstance: stock_raw_aapl.download_and_load_raw scheduled__2024-09-03T00:00:00+00:00 [queued]>
[2026-02-09T12:23:21.529+0000] {taskinstance.py:2306} INFO - Starting attempt 1 of 1
[2026-02-09T12:23:21.542+0000] {taskinstance.py:2330} INFO - Executing <Task(PythonOperator): download_and_load_raw> on 2024-09-03 00:00:00+00:00
[2026-02-09T12:23:21.554+0000] {logging_mixin.py:188} WARNING - /home/***/.local/lib/python3.12/site-packages/***/task/task_runner/standard_task_runner.py:62 DeprecationWarning: This process (pid=15658) is multi-threaded, use of fork() may lead to deadlocks in the child.
[2026-02-09T12:23:21.555+0000] {standard_task_runner.py:64} INFO - Started process 15662 to run task
[2026-02-09T12:23:21.554+0000] {standard_task_runner.py:90} INFO - Running: ['***', 'tasks', 'run', 'stock_raw_aapl', 'download_and_load_raw', 'scheduled__2024-09-03T00:00:00+00:00', '--job-id', '7245', '--raw', '--subdir', 'DAGS_FOLDER/stocks_dwh/raw/stocks_raw_dags.py', '--cfg-path', '/tmp/tmp2aqeb888']
[2026-02-09T12:23:21.556+0000] {standard_task_runner.py:91} INFO - Job 7245: Subtask download_and_load_raw
[2026-02-09T12:23:21.618+0000] {task_command.py:426} INFO - Running <TaskInstance: stock_raw_aapl.download_and_load_raw scheduled__2024-09-03T00:00:00+00:00 [running]> on host 4886d37bc122
[2026-02-09T12:23:21.709+0000] {taskinstance.py:2648} INFO - Exporting env vars: AIRFLOW_CTX_DAG_OWNER='***' AIRFLOW_CTX_DAG_ID='stock_raw_aapl' AIRFLOW_CTX_TASK_ID='download_and_load_raw' AIRFLOW_CTX_EXECUTION_DATE='2024-09-03T00:00:00+00:00' AIRFLOW_CTX_TRY_NUMBER='1' AIRFLOW_CTX_DAG_RUN_ID='scheduled__2024-09-03T00:00:00+00:00'
[2026-02-09T12:23:21.710+0000] {taskinstance.py:430} INFO - ::endgroup::
[2026-02-09T12:23:21.719+0000] {stocks_raw_dags.py:37} INFO - 2024-09-03 00:00:00+00:00, 2024-09-04 00:00:00+00:00
[2026-02-09T12:23:21.720+0000] {logging_mixin.py:188} INFO - [RAW] Download AAPL [1d] 2024-09-02..2024-09-04
[2026-02-09T12:23:21.721+0000] {logging_mixin.py:188} WARNING - /opt/***/dags/stocks_dwh/raw/stocks_raw_dags.py:42 FutureWarning: YF.download() has changed argument auto_adjust default to True
[2026-02-09T12:23:21.729+0000] {logging_mixin.py:188} WARNING - /home/***/.local/lib/python3.12/site-packages/yfinance/scrapers/history.py:204 Pandas4Warning: Timestamp.utcnow is deprecated and will be removed in a future version. Use Timestamp.now('UTC') instead.
[2026-02-09T12:23:22.220+0000] {logging_mixin.py:188} WARNING - [*********************100%***********************]  1 of 1 completed
[2026-02-09T12:23:22.255+0000] {base.py:84} INFO - Using connection ID 'dwh_clickhouse' for task execution.
[2026-02-09T12:23:22.275+0000] {logging_mixin.py:188} INFO - [RAW] Deleted existing rows for AAPL in 2024-09-02..2024-09-04
[2026-02-09T12:23:22.286+0000] {logging_mixin.py:188} INFO - [RAW] Inserted 1 rows into dwh.raw_stock_prices
[2026-02-09T12:23:22.286+0000] {python.py:237} INFO - Done. Returned value was: None
[2026-02-09T12:23:22.287+0000] {taskinstance.py:441} INFO - ::group::Post task execution logs
[2026-02-09T12:23:22.297+0000] {taskinstance.py:1206} INFO - Marking task as SUCCESS. dag_id=stock_raw_aapl, task_id=download_and_load_raw, run_id=scheduled__2024-09-03T00:00:00+00:00, execution_date=20240903T000000, start_date=20260209T122321, end_date=20260209T122322
[2026-02-09T12:23:22.332+0000] {local_task_job_runner.py:243} INFO - Task exited with return code 0
[2026-02-09T12:23:22.351+0000] {taskinstance.py:3503} INFO - 0 downstream tasks scheduled from follow-on schedule check
[2026-02-09T12:23:22.355+0000] {local_task_job_runner.py:222} INFO - ::endgroup::
