[2026-02-09T10:17:44.199+0000] {local_task_job_runner.py:120} INFO - ::group::Pre task execution logs
[2026-02-09T10:17:44.231+0000] {taskinstance.py:2076} INFO - Dependencies all met for dep_context=non-requeueable deps ti=<TaskInstance: stock_raw_aapl.download_and_load_raw scheduled__2024-08-03T00:00:00+00:00 [queued]>
[2026-02-09T10:17:44.240+0000] {taskinstance.py:2076} INFO - Dependencies all met for dep_context=requeueable deps ti=<TaskInstance: stock_raw_aapl.download_and_load_raw scheduled__2024-08-03T00:00:00+00:00 [queued]>
[2026-02-09T10:17:44.240+0000] {taskinstance.py:2306} INFO - Starting attempt 1 of 1
[2026-02-09T10:17:44.254+0000] {taskinstance.py:2330} INFO - Executing <Task(PythonOperator): download_and_load_raw> on 2024-08-03 00:00:00+00:00
[2026-02-09T10:17:44.268+0000] {logging_mixin.py:188} WARNING - /home/***/.local/lib/python3.12/site-packages/***/task/task_runner/standard_task_runner.py:62 DeprecationWarning: This process (pid=5530) is multi-threaded, use of fork() may lead to deadlocks in the child.
[2026-02-09T10:17:44.270+0000] {standard_task_runner.py:64} INFO - Started process 5540 to run task
[2026-02-09T10:17:44.268+0000] {standard_task_runner.py:90} INFO - Running: ['***', 'tasks', 'run', 'stock_raw_aapl', 'download_and_load_raw', 'scheduled__2024-08-03T00:00:00+00:00', '--job-id', '3897', '--raw', '--subdir', 'DAGS_FOLDER/stocks_dwh/raw/stocks_raw_dags.py', '--cfg-path', '/tmp/tmpyj5lp0rd']
[2026-02-09T10:17:44.273+0000] {standard_task_runner.py:91} INFO - Job 3897: Subtask download_and_load_raw
[2026-02-09T10:17:44.344+0000] {task_command.py:426} INFO - Running <TaskInstance: stock_raw_aapl.download_and_load_raw scheduled__2024-08-03T00:00:00+00:00 [running]> on host b6b9e92e7d61
[2026-02-09T10:17:44.458+0000] {taskinstance.py:2648} INFO - Exporting env vars: AIRFLOW_CTX_DAG_OWNER='***' AIRFLOW_CTX_DAG_ID='stock_raw_aapl' AIRFLOW_CTX_TASK_ID='download_and_load_raw' AIRFLOW_CTX_EXECUTION_DATE='2024-08-03T00:00:00+00:00' AIRFLOW_CTX_TRY_NUMBER='1' AIRFLOW_CTX_DAG_RUN_ID='scheduled__2024-08-03T00:00:00+00:00'
[2026-02-09T10:17:44.459+0000] {taskinstance.py:430} INFO - ::endgroup::
[2026-02-09T10:17:44.475+0000] {logging_mixin.py:188} INFO - [RAW] Download AAPL [1d] 2024-08-03..2024-08-04
[2026-02-09T10:17:44.481+0000] {logging_mixin.py:188} WARNING - /opt/***/dags/stocks_dwh/raw/stocks_raw_dags.py:38 FutureWarning: YF.download() has changed argument auto_adjust default to True
[2026-02-09T10:17:44.491+0000] {logging_mixin.py:188} WARNING - /home/***/.local/lib/python3.12/site-packages/yfinance/scrapers/history.py:204 Pandas4Warning: Timestamp.utcnow is deprecated and will be removed in a future version. Use Timestamp.now('UTC') instead.
[2026-02-09T10:17:45.012+0000] {multi.py:185} ERROR - 
1 Failed download:
[2026-02-09T10:17:45.015+0000] {multi.py:198} ERROR - ['AAPL']: YFPricesMissingError('possibly delisted; no price data found  (1d 2024-08-03 -> 2024-08-04)')
[2026-02-09T10:17:45.032+0000] {logging_mixin.py:188} INFO - [RAW] No data from yfinance
[2026-02-09T10:17:45.032+0000] {python.py:237} INFO - Done. Returned value was: None
[2026-02-09T10:17:45.034+0000] {taskinstance.py:441} INFO - ::group::Post task execution logs
[2026-02-09T10:17:45.043+0000] {taskinstance.py:1206} INFO - Marking task as SUCCESS. dag_id=stock_raw_aapl, task_id=download_and_load_raw, run_id=scheduled__2024-08-03T00:00:00+00:00, execution_date=20240803T000000, start_date=20260209T101744, end_date=20260209T101745
[2026-02-09T10:17:45.086+0000] {local_task_job_runner.py:243} INFO - Task exited with return code 0
[2026-02-09T10:17:45.105+0000] {taskinstance.py:3503} INFO - 0 downstream tasks scheduled from follow-on schedule check
[2026-02-09T10:17:45.108+0000] {local_task_job_runner.py:222} INFO - ::endgroup::
[2026-02-09T12:21:26.905+0000] {local_task_job_runner.py:120} INFO - ::group::Pre task execution logs
[2026-02-09T12:21:26.932+0000] {taskinstance.py:2076} INFO - Dependencies all met for dep_context=non-requeueable deps ti=<TaskInstance: stock_raw_aapl.download_and_load_raw scheduled__2024-08-03T00:00:00+00:00 [queued]>
[2026-02-09T12:21:26.940+0000] {taskinstance.py:2076} INFO - Dependencies all met for dep_context=requeueable deps ti=<TaskInstance: stock_raw_aapl.download_and_load_raw scheduled__2024-08-03T00:00:00+00:00 [queued]>
[2026-02-09T12:21:26.940+0000] {taskinstance.py:2306} INFO - Starting attempt 1 of 1
[2026-02-09T12:21:26.951+0000] {taskinstance.py:2330} INFO - Executing <Task(PythonOperator): download_and_load_raw> on 2024-08-03 00:00:00+00:00
[2026-02-09T12:21:26.962+0000] {logging_mixin.py:188} WARNING - /home/***/.local/lib/python3.12/site-packages/***/task/task_runner/standard_task_runner.py:62 DeprecationWarning: This process (pid=15367) is multi-threaded, use of fork() may lead to deadlocks in the child.
[2026-02-09T12:21:26.964+0000] {standard_task_runner.py:64} INFO - Started process 15371 to run task
[2026-02-09T12:21:26.962+0000] {standard_task_runner.py:90} INFO - Running: ['***', 'tasks', 'run', 'stock_raw_aapl', 'download_and_load_raw', 'scheduled__2024-08-03T00:00:00+00:00', '--job-id', '7182', '--raw', '--subdir', 'DAGS_FOLDER/stocks_dwh/raw/stocks_raw_dags.py', '--cfg-path', '/tmp/tmp_asygzc1']
[2026-02-09T12:21:26.964+0000] {standard_task_runner.py:91} INFO - Job 7182: Subtask download_and_load_raw
[2026-02-09T12:21:27.023+0000] {task_command.py:426} INFO - Running <TaskInstance: stock_raw_aapl.download_and_load_raw scheduled__2024-08-03T00:00:00+00:00 [running]> on host 4886d37bc122
[2026-02-09T12:21:27.107+0000] {taskinstance.py:2648} INFO - Exporting env vars: AIRFLOW_CTX_DAG_OWNER='***' AIRFLOW_CTX_DAG_ID='stock_raw_aapl' AIRFLOW_CTX_TASK_ID='download_and_load_raw' AIRFLOW_CTX_EXECUTION_DATE='2024-08-03T00:00:00+00:00' AIRFLOW_CTX_TRY_NUMBER='1' AIRFLOW_CTX_DAG_RUN_ID='scheduled__2024-08-03T00:00:00+00:00'
[2026-02-09T12:21:27.108+0000] {taskinstance.py:430} INFO - ::endgroup::
[2026-02-09T12:21:27.119+0000] {stocks_raw_dags.py:37} INFO - 2024-08-03 00:00:00+00:00, 2024-08-04 00:00:00+00:00
[2026-02-09T12:21:27.119+0000] {logging_mixin.py:188} INFO - [RAW] Download AAPL [1d] 2024-08-02..2024-08-04
[2026-02-09T12:21:27.121+0000] {logging_mixin.py:188} WARNING - /opt/***/dags/stocks_dwh/raw/stocks_raw_dags.py:42 FutureWarning: YF.download() has changed argument auto_adjust default to True
[2026-02-09T12:21:27.129+0000] {logging_mixin.py:188} WARNING - /home/***/.local/lib/python3.12/site-packages/yfinance/scrapers/history.py:204 Pandas4Warning: Timestamp.utcnow is deprecated and will be removed in a future version. Use Timestamp.now('UTC') instead.
[2026-02-09T12:21:27.633+0000] {logging_mixin.py:188} WARNING - [*********************100%***********************]  1 of 1 completed
[2026-02-09T12:21:27.667+0000] {base.py:84} INFO - Using connection ID 'dwh_clickhouse' for task execution.
[2026-02-09T12:21:27.689+0000] {logging_mixin.py:188} INFO - [RAW] Deleted existing rows for AAPL in 2024-08-02..2024-08-04
[2026-02-09T12:21:27.699+0000] {logging_mixin.py:188} INFO - [RAW] Inserted 1 rows into dwh.raw_stock_prices
[2026-02-09T12:21:27.701+0000] {python.py:237} INFO - Done. Returned value was: None
[2026-02-09T12:21:27.702+0000] {taskinstance.py:441} INFO - ::group::Post task execution logs
[2026-02-09T12:21:27.714+0000] {taskinstance.py:1206} INFO - Marking task as SUCCESS. dag_id=stock_raw_aapl, task_id=download_and_load_raw, run_id=scheduled__2024-08-03T00:00:00+00:00, execution_date=20240803T000000, start_date=20260209T122126, end_date=20260209T122127
[2026-02-09T12:21:27.780+0000] {local_task_job_runner.py:243} INFO - Task exited with return code 0
[2026-02-09T12:21:27.800+0000] {taskinstance.py:3503} INFO - 0 downstream tasks scheduled from follow-on schedule check
[2026-02-09T12:21:27.802+0000] {local_task_job_runner.py:222} INFO - ::endgroup::
