[2026-02-09T10:08:16.643+0000] {local_task_job_runner.py:120} INFO - ::group::Pre task execution logs
[2026-02-09T10:08:16.704+0000] {taskinstance.py:2076} INFO - Dependencies all met for dep_context=non-requeueable deps ti=<TaskInstance: stock_raw_aapl.download_and_load_raw scheduled__2024-02-19T00:00:00+00:00 [queued]>
[2026-02-09T10:08:16.721+0000] {taskinstance.py:2076} INFO - Dependencies all met for dep_context=requeueable deps ti=<TaskInstance: stock_raw_aapl.download_and_load_raw scheduled__2024-02-19T00:00:00+00:00 [queued]>
[2026-02-09T10:08:16.723+0000] {taskinstance.py:2306} INFO - Starting attempt 1 of 1
[2026-02-09T10:08:16.744+0000] {taskinstance.py:2330} INFO - Executing <Task(PythonOperator): download_and_load_raw> on 2024-02-19 00:00:00+00:00
[2026-02-09T10:08:16.776+0000] {logging_mixin.py:188} WARNING - /home/***/.local/lib/python3.12/site-packages/***/task/task_runner/standard_task_runner.py:62 DeprecationWarning: This process (pid=2032) is multi-threaded, use of fork() may lead to deadlocks in the child.
[2026-02-09T10:08:16.778+0000] {standard_task_runner.py:64} INFO - Started process 2041 to run task
[2026-02-09T10:08:16.775+0000] {standard_task_runner.py:90} INFO - Running: ['***', 'tasks', 'run', 'stock_raw_aapl', 'download_and_load_raw', 'scheduled__2024-02-19T00:00:00+00:00', '--job-id', '3075', '--raw', '--subdir', 'DAGS_FOLDER/stocks_dwh/raw/stocks_raw_dags.py', '--cfg-path', '/tmp/tmpg0c6lqj4']
[2026-02-09T10:08:16.779+0000] {standard_task_runner.py:91} INFO - Job 3075: Subtask download_and_load_raw
[2026-02-09T10:08:16.868+0000] {task_command.py:426} INFO - Running <TaskInstance: stock_raw_aapl.download_and_load_raw scheduled__2024-02-19T00:00:00+00:00 [running]> on host b6b9e92e7d61
[2026-02-09T10:08:17.009+0000] {taskinstance.py:2648} INFO - Exporting env vars: AIRFLOW_CTX_DAG_OWNER='***' AIRFLOW_CTX_DAG_ID='stock_raw_aapl' AIRFLOW_CTX_TASK_ID='download_and_load_raw' AIRFLOW_CTX_EXECUTION_DATE='2024-02-19T00:00:00+00:00' AIRFLOW_CTX_TRY_NUMBER='1' AIRFLOW_CTX_DAG_RUN_ID='scheduled__2024-02-19T00:00:00+00:00'
[2026-02-09T10:08:17.010+0000] {taskinstance.py:430} INFO - ::endgroup::
[2026-02-09T10:08:17.022+0000] {logging_mixin.py:188} INFO - [RAW] Download AAPL [1d] 2024-02-19..2024-02-20
[2026-02-09T10:08:17.024+0000] {logging_mixin.py:188} WARNING - /opt/***/dags/stocks_dwh/raw/stocks_raw_dags.py:38 FutureWarning: YF.download() has changed argument auto_adjust default to True
[2026-02-09T10:08:17.035+0000] {logging_mixin.py:188} WARNING - /home/***/.local/lib/python3.12/site-packages/yfinance/scrapers/history.py:204 Pandas4Warning: Timestamp.utcnow is deprecated and will be removed in a future version. Use Timestamp.now('UTC') instead.
[2026-02-09T10:08:17.566+0000] {multi.py:185} ERROR - 
1 Failed download:
[2026-02-09T10:08:17.567+0000] {multi.py:198} ERROR - ['AAPL']: YFPricesMissingError('possibly delisted; no price data found  (1d 2024-02-19 -> 2024-02-20)')
[2026-02-09T10:08:17.589+0000] {logging_mixin.py:188} INFO - [RAW] No data from yfinance
[2026-02-09T10:08:17.589+0000] {python.py:237} INFO - Done. Returned value was: None
[2026-02-09T10:08:17.590+0000] {taskinstance.py:441} INFO - ::group::Post task execution logs
[2026-02-09T10:08:17.603+0000] {taskinstance.py:1206} INFO - Marking task as SUCCESS. dag_id=stock_raw_aapl, task_id=download_and_load_raw, run_id=scheduled__2024-02-19T00:00:00+00:00, execution_date=20240219T000000, start_date=20260209T100816, end_date=20260209T100817
[2026-02-09T10:08:17.676+0000] {local_task_job_runner.py:243} INFO - Task exited with return code 0
[2026-02-09T10:08:17.710+0000] {taskinstance.py:3503} INFO - 0 downstream tasks scheduled from follow-on schedule check
[2026-02-09T10:08:17.713+0000] {local_task_job_runner.py:222} INFO - ::endgroup::
[2026-02-09T12:12:46.344+0000] {local_task_job_runner.py:120} INFO - ::group::Pre task execution logs
[2026-02-09T12:12:46.377+0000] {taskinstance.py:2076} INFO - Dependencies all met for dep_context=non-requeueable deps ti=<TaskInstance: stock_raw_aapl.download_and_load_raw scheduled__2024-02-19T00:00:00+00:00 [queued]>
[2026-02-09T12:12:46.384+0000] {taskinstance.py:2076} INFO - Dependencies all met for dep_context=requeueable deps ti=<TaskInstance: stock_raw_aapl.download_and_load_raw scheduled__2024-02-19T00:00:00+00:00 [queued]>
[2026-02-09T12:12:46.385+0000] {taskinstance.py:2306} INFO - Starting attempt 1 of 1
[2026-02-09T12:12:46.396+0000] {taskinstance.py:2330} INFO - Executing <Task(PythonOperator): download_and_load_raw> on 2024-02-19 00:00:00+00:00
[2026-02-09T12:12:46.406+0000] {logging_mixin.py:188} WARNING - /home/***/.local/lib/python3.12/site-packages/***/task/task_runner/standard_task_runner.py:62 DeprecationWarning: This process (pid=13831) is multi-threaded, use of fork() may lead to deadlocks in the child.
[2026-02-09T12:12:46.408+0000] {standard_task_runner.py:64} INFO - Started process 13835 to run task
[2026-02-09T12:12:46.406+0000] {standard_task_runner.py:90} INFO - Running: ['***', 'tasks', 'run', 'stock_raw_aapl', 'download_and_load_raw', 'scheduled__2024-02-19T00:00:00+00:00', '--job-id', '6849', '--raw', '--subdir', 'DAGS_FOLDER/stocks_dwh/raw/stocks_raw_dags.py', '--cfg-path', '/tmp/tmprmfap0ke']
[2026-02-09T12:12:46.409+0000] {standard_task_runner.py:91} INFO - Job 6849: Subtask download_and_load_raw
[2026-02-09T12:12:46.466+0000] {task_command.py:426} INFO - Running <TaskInstance: stock_raw_aapl.download_and_load_raw scheduled__2024-02-19T00:00:00+00:00 [running]> on host 4886d37bc122
[2026-02-09T12:12:46.551+0000] {taskinstance.py:2648} INFO - Exporting env vars: AIRFLOW_CTX_DAG_OWNER='***' AIRFLOW_CTX_DAG_ID='stock_raw_aapl' AIRFLOW_CTX_TASK_ID='download_and_load_raw' AIRFLOW_CTX_EXECUTION_DATE='2024-02-19T00:00:00+00:00' AIRFLOW_CTX_TRY_NUMBER='1' AIRFLOW_CTX_DAG_RUN_ID='scheduled__2024-02-19T00:00:00+00:00'
[2026-02-09T12:12:46.553+0000] {taskinstance.py:430} INFO - ::endgroup::
[2026-02-09T12:12:46.565+0000] {stocks_raw_dags.py:37} INFO - 2024-02-19 00:00:00+00:00, 2024-02-20 00:00:00+00:00
[2026-02-09T12:12:46.566+0000] {logging_mixin.py:188} INFO - [RAW] Download AAPL [1d] 2024-02-18..2024-02-20
[2026-02-09T12:12:46.568+0000] {logging_mixin.py:188} WARNING - /opt/***/dags/stocks_dwh/raw/stocks_raw_dags.py:42 FutureWarning: YF.download() has changed argument auto_adjust default to True
[2026-02-09T12:12:46.576+0000] {logging_mixin.py:188} WARNING - /home/***/.local/lib/python3.12/site-packages/yfinance/scrapers/history.py:204 Pandas4Warning: Timestamp.utcnow is deprecated and will be removed in a future version. Use Timestamp.now('UTC') instead.
[2026-02-09T12:12:47.074+0000] {logging_mixin.py:188} WARNING - [*********************100%***********************]  1 of 1 completed
[2026-02-09T12:12:47.075+0000] {multi.py:185} ERROR - 
1 Failed download:
[2026-02-09T12:12:47.077+0000] {multi.py:198} ERROR - ['AAPL']: YFPricesMissingError('possibly delisted; no price data found  (1d 2024-02-18 -> 2024-02-20)')
[2026-02-09T12:12:47.090+0000] {logging_mixin.py:188} INFO - [RAW] No data from yfinance
[2026-02-09T12:12:47.091+0000] {python.py:237} INFO - Done. Returned value was: None
[2026-02-09T12:12:47.091+0000] {taskinstance.py:441} INFO - ::group::Post task execution logs
[2026-02-09T12:12:47.101+0000] {taskinstance.py:1206} INFO - Marking task as SUCCESS. dag_id=stock_raw_aapl, task_id=download_and_load_raw, run_id=scheduled__2024-02-19T00:00:00+00:00, execution_date=20240219T000000, start_date=20260209T121246, end_date=20260209T121247
[2026-02-09T12:12:47.143+0000] {local_task_job_runner.py:243} INFO - Task exited with return code 0
[2026-02-09T12:12:47.164+0000] {taskinstance.py:3503} INFO - 0 downstream tasks scheduled from follow-on schedule check
[2026-02-09T12:12:47.169+0000] {local_task_job_runner.py:222} INFO - ::endgroup::
