[2026-02-09T10:48:37.176+0000] {local_task_job_runner.py:120} INFO - ::group::Pre task execution logs
[2026-02-09T10:48:37.209+0000] {taskinstance.py:2076} INFO - Dependencies all met for dep_context=non-requeueable deps ti=<TaskInstance: stock_raw_aapl.download_and_load_raw scheduled__2026-01-20T00:00:00+00:00 [queued]>
[2026-02-09T10:48:37.218+0000] {taskinstance.py:2076} INFO - Dependencies all met for dep_context=requeueable deps ti=<TaskInstance: stock_raw_aapl.download_and_load_raw scheduled__2026-01-20T00:00:00+00:00 [queued]>
[2026-02-09T10:48:37.218+0000] {taskinstance.py:2306} INFO - Starting attempt 1 of 1
[2026-02-09T10:48:37.232+0000] {taskinstance.py:2330} INFO - Executing <Task(PythonOperator): download_and_load_raw> on 2026-01-20 00:00:00+00:00
[2026-02-09T10:48:37.245+0000] {logging_mixin.py:188} WARNING - /home/***/.local/lib/python3.12/site-packages/***/task/task_runner/standard_task_runner.py:62 DeprecationWarning: This process (pid=10543) is multi-threaded, use of fork() may lead to deadlocks in the child.
[2026-02-09T10:48:37.246+0000] {standard_task_runner.py:64} INFO - Started process 10553 to run task
[2026-02-09T10:48:37.245+0000] {standard_task_runner.py:90} INFO - Running: ['***', 'tasks', 'run', 'stock_raw_aapl', 'download_and_load_raw', 'scheduled__2026-01-20T00:00:00+00:00', '--job-id', '6538', '--raw', '--subdir', 'DAGS_FOLDER/stocks_dwh/raw/stocks_raw_dags.py', '--cfg-path', '/tmp/tmpusntxpkc']
[2026-02-09T10:48:37.248+0000] {standard_task_runner.py:91} INFO - Job 6538: Subtask download_and_load_raw
[2026-02-09T10:48:37.314+0000] {task_command.py:426} INFO - Running <TaskInstance: stock_raw_aapl.download_and_load_raw scheduled__2026-01-20T00:00:00+00:00 [running]> on host 4886d37bc122
[2026-02-09T10:48:37.408+0000] {taskinstance.py:2648} INFO - Exporting env vars: AIRFLOW_CTX_DAG_OWNER='***' AIRFLOW_CTX_DAG_ID='stock_raw_aapl' AIRFLOW_CTX_TASK_ID='download_and_load_raw' AIRFLOW_CTX_EXECUTION_DATE='2026-01-20T00:00:00+00:00' AIRFLOW_CTX_TRY_NUMBER='1' AIRFLOW_CTX_DAG_RUN_ID='scheduled__2026-01-20T00:00:00+00:00'
[2026-02-09T10:48:37.409+0000] {taskinstance.py:430} INFO - ::endgroup::
[2026-02-09T10:48:37.420+0000] {logging_mixin.py:188} INFO - [RAW] Download AAPL [1d] 2026-01-20..2026-01-21
[2026-02-09T10:48:37.422+0000] {logging_mixin.py:188} WARNING - /opt/***/dags/stocks_dwh/raw/stocks_raw_dags.py:38 FutureWarning: YF.download() has changed argument auto_adjust default to True
[2026-02-09T10:48:37.432+0000] {logging_mixin.py:188} WARNING - /home/***/.local/lib/python3.12/site-packages/yfinance/scrapers/history.py:204 Pandas4Warning: Timestamp.utcnow is deprecated and will be removed in a future version. Use Timestamp.now('UTC') instead.
[2026-02-09T10:48:37.981+0000] {taskinstance.py:441} INFO - ::group::Post task execution logs
[2026-02-09T10:48:37.983+0000] {taskinstance.py:2905} ERROR - Task failed with exception
Traceback (most recent call last):
  File "/home/airflow/.local/lib/python3.12/site-packages/airflow/models/taskinstance.py", line 465, in _execute_task
    result = _execute_callable(context=context, **execute_callable_kwargs)
             ^^^^^^^^^^^^^^^^^^^^^^^^^^^^^^^^^^^^^^^^^^^^^^^^^^^^^^^^^^^^^
  File "/home/airflow/.local/lib/python3.12/site-packages/airflow/models/taskinstance.py", line 432, in _execute_callable
    return execute_callable(context=context, **execute_callable_kwargs)
           ^^^^^^^^^^^^^^^^^^^^^^^^^^^^^^^^^^^^^^^^^^^^^^^^^^^^^^^^^^^^
  File "/home/airflow/.local/lib/python3.12/site-packages/airflow/models/baseoperator.py", line 401, in wrapper
    return func(self, *args, **kwargs)
           ^^^^^^^^^^^^^^^^^^^^^^^^^^^
  File "/home/airflow/.local/lib/python3.12/site-packages/airflow/operators/python.py", line 235, in execute
    return_value = self.execute_callable()
                   ^^^^^^^^^^^^^^^^^^^^^^^
  File "/home/airflow/.local/lib/python3.12/site-packages/airflow/operators/python.py", line 252, in execute_callable
    return self.python_callable(*self.op_args, **self.op_kwargs)
           ^^^^^^^^^^^^^^^^^^^^^^^^^^^^^^^^^^^^^^^^^^^^^^^^^^^^^
  File "/opt/airflow/dags/stocks_dwh/raw/stocks_raw_dags.py", line 86, in download_and_load_raw
    df["volume"] = pd.to_numeric(df["volume"], errors="coerce").fillna(0).astype("int64")
                   ^^^^^^^^^^^^^^^^^^^^^^^^^^^^^^^^^^^^^^^^^^^^
  File "/home/airflow/.local/lib/python3.12/site-packages/pandas/core/tools/numeric.py", line 212, in to_numeric
    raise TypeError("arg must be a list, tuple, 1-d array, or Series")
TypeError: arg must be a list, tuple, 1-d array, or Series
[2026-02-09T10:48:38.000+0000] {taskinstance.py:1206} INFO - Marking task as FAILED. dag_id=stock_raw_aapl, task_id=download_and_load_raw, run_id=scheduled__2026-01-20T00:00:00+00:00, execution_date=20260120T000000, start_date=20260209T104837, end_date=20260209T104838
[2026-02-09T10:48:38.014+0000] {standard_task_runner.py:110} ERROR - Failed to execute job 6538 for task download_and_load_raw (arg must be a list, tuple, 1-d array, or Series; 10553)
[2026-02-09T10:48:38.063+0000] {local_task_job_runner.py:243} INFO - Task exited with return code 1
[2026-02-09T10:48:38.080+0000] {taskinstance.py:3503} INFO - 0 downstream tasks scheduled from follow-on schedule check
[2026-02-09T10:48:38.083+0000] {local_task_job_runner.py:222} INFO - ::endgroup::
[2026-02-09T12:50:39.400+0000] {local_task_job_runner.py:120} INFO - ::group::Pre task execution logs
[2026-02-09T12:50:39.431+0000] {taskinstance.py:2076} INFO - Dependencies all met for dep_context=non-requeueable deps ti=<TaskInstance: stock_raw_aapl.download_and_load_raw scheduled__2026-01-20T00:00:00+00:00 [queued]>
[2026-02-09T12:50:39.440+0000] {taskinstance.py:2076} INFO - Dependencies all met for dep_context=requeueable deps ti=<TaskInstance: stock_raw_aapl.download_and_load_raw scheduled__2026-01-20T00:00:00+00:00 [queued]>
[2026-02-09T12:50:39.441+0000] {taskinstance.py:2306} INFO - Starting attempt 1 of 1
[2026-02-09T12:50:39.454+0000] {taskinstance.py:2330} INFO - Executing <Task(PythonOperator): download_and_load_raw> on 2026-01-20 00:00:00+00:00
[2026-02-09T12:50:39.466+0000] {logging_mixin.py:188} WARNING - /home/***/.local/lib/python3.12/site-packages/***/task/task_runner/standard_task_runner.py:62 DeprecationWarning: This process (pid=19093) is multi-threaded, use of fork() may lead to deadlocks in the child.
[2026-02-09T12:50:39.467+0000] {standard_task_runner.py:64} INFO - Started process 19095 to run task
[2026-02-09T12:50:39.466+0000] {standard_task_runner.py:90} INFO - Running: ['***', 'tasks', 'run', 'stock_raw_aapl', 'download_and_load_raw', 'scheduled__2026-01-20T00:00:00+00:00', '--job-id', '7942', '--raw', '--subdir', 'DAGS_FOLDER/stocks_dwh/raw/stocks_raw_dags.py', '--cfg-path', '/tmp/tmpqtza12vz']
[2026-02-09T12:50:39.468+0000] {standard_task_runner.py:91} INFO - Job 7942: Subtask download_and_load_raw
[2026-02-09T12:50:39.534+0000] {task_command.py:426} INFO - Running <TaskInstance: stock_raw_aapl.download_and_load_raw scheduled__2026-01-20T00:00:00+00:00 [running]> on host 4886d37bc122
[2026-02-09T12:50:39.633+0000] {taskinstance.py:2648} INFO - Exporting env vars: AIRFLOW_CTX_DAG_OWNER='***' AIRFLOW_CTX_DAG_ID='stock_raw_aapl' AIRFLOW_CTX_TASK_ID='download_and_load_raw' AIRFLOW_CTX_EXECUTION_DATE='2026-01-20T00:00:00+00:00' AIRFLOW_CTX_TRY_NUMBER='1' AIRFLOW_CTX_DAG_RUN_ID='scheduled__2026-01-20T00:00:00+00:00'
[2026-02-09T12:50:39.635+0000] {taskinstance.py:430} INFO - ::endgroup::
[2026-02-09T12:50:39.646+0000] {stocks_raw_dags.py:37} INFO - 2026-01-20 00:00:00+00:00, 2026-01-21 00:00:00+00:00
[2026-02-09T12:50:39.646+0000] {logging_mixin.py:188} INFO - [RAW] Download AAPL [1d] 2026-01-19..2026-01-21
[2026-02-09T12:50:39.649+0000] {logging_mixin.py:188} WARNING - /opt/***/dags/stocks_dwh/raw/stocks_raw_dags.py:42 FutureWarning: YF.download() has changed argument auto_adjust default to True
[2026-02-09T12:50:39.657+0000] {logging_mixin.py:188} WARNING - /home/***/.local/lib/python3.12/site-packages/yfinance/scrapers/history.py:204 Pandas4Warning: Timestamp.utcnow is deprecated and will be removed in a future version. Use Timestamp.now('UTC') instead.
[2026-02-09T12:50:40.186+0000] {logging_mixin.py:188} WARNING - [*********************100%***********************]  1 of 1 completed
[2026-02-09T12:50:40.222+0000] {base.py:84} INFO - Using connection ID 'dwh_clickhouse' for task execution.
[2026-02-09T12:50:40.252+0000] {logging_mixin.py:188} INFO - [RAW] Deleted existing rows for AAPL in 2026-01-19..2026-01-21
[2026-02-09T12:50:40.264+0000] {logging_mixin.py:188} INFO - [RAW] Inserted 1 rows into dwh.raw_stock_prices
[2026-02-09T12:50:40.265+0000] {python.py:237} INFO - Done. Returned value was: None
[2026-02-09T12:50:40.266+0000] {taskinstance.py:441} INFO - ::group::Post task execution logs
[2026-02-09T12:50:40.277+0000] {taskinstance.py:1206} INFO - Marking task as SUCCESS. dag_id=stock_raw_aapl, task_id=download_and_load_raw, run_id=scheduled__2026-01-20T00:00:00+00:00, execution_date=20260120T000000, start_date=20260209T125039, end_date=20260209T125040
[2026-02-09T12:50:40.324+0000] {local_task_job_runner.py:243} INFO - Task exited with return code 0
[2026-02-09T12:50:40.347+0000] {taskinstance.py:3503} INFO - 0 downstream tasks scheduled from follow-on schedule check
[2026-02-09T12:50:40.351+0000] {local_task_job_runner.py:222} INFO - ::endgroup::
