[2026-02-07T14:42:54.556+0000] {local_task_job_runner.py:120} INFO - ::group::Pre task execution logs
[2026-02-07T14:42:54.596+0000] {taskinstance.py:2076} INFO - Dependencies all met for dep_context=non-requeueable deps ti=<TaskInstance: stock_msft.download scheduled__2025-03-09T00:00:00+00:00 [queued]>
[2026-02-07T14:42:54.610+0000] {taskinstance.py:2076} INFO - Dependencies all met for dep_context=requeueable deps ti=<TaskInstance: stock_msft.download scheduled__2025-03-09T00:00:00+00:00 [queued]>
[2026-02-07T14:42:54.611+0000] {taskinstance.py:2306} INFO - Starting attempt 1 of 1
[2026-02-07T14:42:54.626+0000] {taskinstance.py:2330} INFO - Executing <Task(PythonOperator): download> on 2025-03-09 00:00:00+00:00
[2026-02-07T14:42:54.639+0000] {logging_mixin.py:188} WARNING - /home/***/.local/lib/python3.12/site-packages/***/task/task_runner/standard_task_runner.py:62 DeprecationWarning: This process (pid=8275) is multi-threaded, use of fork() may lead to deadlocks in the child.
[2026-02-07T14:42:54.641+0000] {standard_task_runner.py:64} INFO - Started process 8281 to run task
[2026-02-07T14:42:54.640+0000] {standard_task_runner.py:90} INFO - Running: ['***', 'tasks', 'run', 'stock_msft', 'download', 'scheduled__2025-03-09T00:00:00+00:00', '--job-id', '1774', '--raw', '--subdir', 'DAGS_FOLDER/stocks_dags.py', '--cfg-path', '/tmp/tmp7a9rv8jx']
[2026-02-07T14:42:54.643+0000] {standard_task_runner.py:91} INFO - Job 1774: Subtask download
[2026-02-07T14:42:54.713+0000] {task_command.py:426} INFO - Running <TaskInstance: stock_msft.download scheduled__2025-03-09T00:00:00+00:00 [running]> on host 5adf8c44a70f
[2026-02-07T14:42:54.807+0000] {taskinstance.py:2648} INFO - Exporting env vars: AIRFLOW_CTX_DAG_OWNER='***' AIRFLOW_CTX_DAG_ID='stock_msft' AIRFLOW_CTX_TASK_ID='download' AIRFLOW_CTX_EXECUTION_DATE='2025-03-09T00:00:00+00:00' AIRFLOW_CTX_TRY_NUMBER='1' AIRFLOW_CTX_DAG_RUN_ID='scheduled__2025-03-09T00:00:00+00:00'
[2026-02-07T14:42:54.809+0000] {taskinstance.py:430} INFO - ::endgroup::
[2026-02-07T14:42:54.823+0000] {logging_mixin.py:188} INFO - Downloading MSFT from 2025-03-09 to 2025-03-10
[2026-02-07T14:42:54.826+0000] {logging_mixin.py:188} WARNING - /opt/***/dags/stocks_dags.py:22 FutureWarning: YF.download() has changed argument auto_adjust default to True
[2026-02-07T14:42:54.835+0000] {logging_mixin.py:188} WARNING - /home/***/.local/lib/python3.12/site-packages/yfinance/scrapers/history.py:204 Pandas4Warning: Timestamp.utcnow is deprecated and will be removed in a future version. Use Timestamp.now('UTC') instead.
[2026-02-07T14:42:55.324+0000] {multi.py:185} ERROR - 
1 Failed download:
[2026-02-07T14:42:55.325+0000] {multi.py:198} ERROR - ['MSFT']: YFPricesMissingError('possibly delisted; no price data found  (1d 2025-03-09 -> 2025-03-10)')
[2026-02-07T14:42:55.338+0000] {logging_mixin.py:188} INFO - No data
[2026-02-07T14:42:55.339+0000] {python.py:237} INFO - Done. Returned value was: None
[2026-02-07T14:42:55.340+0000] {taskinstance.py:441} INFO - ::group::Post task execution logs
[2026-02-07T14:42:55.349+0000] {taskinstance.py:1206} INFO - Marking task as SUCCESS. dag_id=stock_msft, task_id=download, run_id=scheduled__2025-03-09T00:00:00+00:00, execution_date=20250309T000000, start_date=20260207T144254, end_date=20260207T144255
[2026-02-07T14:42:55.378+0000] {local_task_job_runner.py:243} INFO - Task exited with return code 0
[2026-02-07T14:42:55.394+0000] {taskinstance.py:3503} INFO - 0 downstream tasks scheduled from follow-on schedule check
[2026-02-07T14:42:55.396+0000] {local_task_job_runner.py:222} INFO - ::endgroup::
