[2026-02-09T10:17:02.778+0000] {local_task_job_runner.py:120} INFO - ::group::Pre task execution logs
[2026-02-09T10:17:02.827+0000] {taskinstance.py:2076} INFO - Dependencies all met for dep_context=non-requeueable deps ti=<TaskInstance: stock_raw_aapl.download_and_load_raw scheduled__2024-07-21T00:00:00+00:00 [queued]>
[2026-02-09T10:17:02.836+0000] {taskinstance.py:2076} INFO - Dependencies all met for dep_context=requeueable deps ti=<TaskInstance: stock_raw_aapl.download_and_load_raw scheduled__2024-07-21T00:00:00+00:00 [queued]>
[2026-02-09T10:17:02.837+0000] {taskinstance.py:2306} INFO - Starting attempt 1 of 1
[2026-02-09T10:17:02.853+0000] {taskinstance.py:2330} INFO - Executing <Task(PythonOperator): download_and_load_raw> on 2024-07-21 00:00:00+00:00
[2026-02-09T10:17:02.868+0000] {logging_mixin.py:188} WARNING - /home/***/.local/lib/python3.12/site-packages/***/task/task_runner/standard_task_runner.py:62 DeprecationWarning: This process (pid=5252) is multi-threaded, use of fork() may lead to deadlocks in the child.
[2026-02-09T10:17:02.870+0000] {standard_task_runner.py:64} INFO - Started process 5263 to run task
[2026-02-09T10:17:02.867+0000] {standard_task_runner.py:90} INFO - Running: ['***', 'tasks', 'run', 'stock_raw_aapl', 'download_and_load_raw', 'scheduled__2024-07-21T00:00:00+00:00', '--job-id', '3830', '--raw', '--subdir', 'DAGS_FOLDER/stocks_dwh/raw/stocks_raw_dags.py', '--cfg-path', '/tmp/tmp7iv5bdus']
[2026-02-09T10:17:02.871+0000] {standard_task_runner.py:91} INFO - Job 3830: Subtask download_and_load_raw
[2026-02-09T10:17:02.938+0000] {task_command.py:426} INFO - Running <TaskInstance: stock_raw_aapl.download_and_load_raw scheduled__2024-07-21T00:00:00+00:00 [running]> on host b6b9e92e7d61
[2026-02-09T10:17:03.045+0000] {taskinstance.py:2648} INFO - Exporting env vars: AIRFLOW_CTX_DAG_OWNER='***' AIRFLOW_CTX_DAG_ID='stock_raw_aapl' AIRFLOW_CTX_TASK_ID='download_and_load_raw' AIRFLOW_CTX_EXECUTION_DATE='2024-07-21T00:00:00+00:00' AIRFLOW_CTX_TRY_NUMBER='1' AIRFLOW_CTX_DAG_RUN_ID='scheduled__2024-07-21T00:00:00+00:00'
[2026-02-09T10:17:03.046+0000] {taskinstance.py:430} INFO - ::endgroup::
[2026-02-09T10:17:03.058+0000] {logging_mixin.py:188} INFO - [RAW] Download AAPL [1d] 2024-07-21..2024-07-22
[2026-02-09T10:17:03.061+0000] {logging_mixin.py:188} WARNING - /opt/***/dags/stocks_dwh/raw/stocks_raw_dags.py:38 FutureWarning: YF.download() has changed argument auto_adjust default to True
[2026-02-09T10:17:03.071+0000] {logging_mixin.py:188} WARNING - /home/***/.local/lib/python3.12/site-packages/yfinance/scrapers/history.py:204 Pandas4Warning: Timestamp.utcnow is deprecated and will be removed in a future version. Use Timestamp.now('UTC') instead.
[2026-02-09T10:17:03.560+0000] {multi.py:185} ERROR - 
1 Failed download:
[2026-02-09T10:17:03.560+0000] {multi.py:198} ERROR - ['AAPL']: YFPricesMissingError('possibly delisted; no price data found  (1d 2024-07-21 -> 2024-07-22)')
[2026-02-09T10:17:03.572+0000] {logging_mixin.py:188} INFO - [RAW] No data from yfinance
[2026-02-09T10:17:03.573+0000] {python.py:237} INFO - Done. Returned value was: None
[2026-02-09T10:17:03.574+0000] {taskinstance.py:441} INFO - ::group::Post task execution logs
[2026-02-09T10:17:03.582+0000] {taskinstance.py:1206} INFO - Marking task as SUCCESS. dag_id=stock_raw_aapl, task_id=download_and_load_raw, run_id=scheduled__2024-07-21T00:00:00+00:00, execution_date=20240721T000000, start_date=20260209T101702, end_date=20260209T101703
[2026-02-09T10:17:03.646+0000] {local_task_job_runner.py:243} INFO - Task exited with return code 0
[2026-02-09T10:17:03.664+0000] {taskinstance.py:3503} INFO - 0 downstream tasks scheduled from follow-on schedule check
[2026-02-09T10:17:03.666+0000] {local_task_job_runner.py:222} INFO - ::endgroup::
[2026-02-09T12:20:46.381+0000] {local_task_job_runner.py:120} INFO - ::group::Pre task execution logs
[2026-02-09T12:20:46.413+0000] {taskinstance.py:2076} INFO - Dependencies all met for dep_context=non-requeueable deps ti=<TaskInstance: stock_raw_aapl.download_and_load_raw scheduled__2024-07-21T00:00:00+00:00 [queued]>
[2026-02-09T12:20:46.423+0000] {taskinstance.py:2076} INFO - Dependencies all met for dep_context=requeueable deps ti=<TaskInstance: stock_raw_aapl.download_and_load_raw scheduled__2024-07-21T00:00:00+00:00 [queued]>
[2026-02-09T12:20:46.423+0000] {taskinstance.py:2306} INFO - Starting attempt 1 of 1
[2026-02-09T12:20:46.436+0000] {taskinstance.py:2330} INFO - Executing <Task(PythonOperator): download_and_load_raw> on 2024-07-21 00:00:00+00:00
[2026-02-09T12:20:46.447+0000] {logging_mixin.py:188} WARNING - /home/***/.local/lib/python3.12/site-packages/***/task/task_runner/standard_task_runner.py:62 DeprecationWarning: This process (pid=15246) is multi-threaded, use of fork() may lead to deadlocks in the child.
[2026-02-09T12:20:46.448+0000] {standard_task_runner.py:64} INFO - Started process 15253 to run task
[2026-02-09T12:20:46.447+0000] {standard_task_runner.py:90} INFO - Running: ['***', 'tasks', 'run', 'stock_raw_aapl', 'download_and_load_raw', 'scheduled__2024-07-21T00:00:00+00:00', '--job-id', '7157', '--raw', '--subdir', 'DAGS_FOLDER/stocks_dwh/raw/stocks_raw_dags.py', '--cfg-path', '/tmp/tmph5etod_t']
[2026-02-09T12:20:46.452+0000] {standard_task_runner.py:91} INFO - Job 7157: Subtask download_and_load_raw
[2026-02-09T12:20:46.509+0000] {task_command.py:426} INFO - Running <TaskInstance: stock_raw_aapl.download_and_load_raw scheduled__2024-07-21T00:00:00+00:00 [running]> on host 4886d37bc122
[2026-02-09T12:20:46.594+0000] {taskinstance.py:2648} INFO - Exporting env vars: AIRFLOW_CTX_DAG_OWNER='***' AIRFLOW_CTX_DAG_ID='stock_raw_aapl' AIRFLOW_CTX_TASK_ID='download_and_load_raw' AIRFLOW_CTX_EXECUTION_DATE='2024-07-21T00:00:00+00:00' AIRFLOW_CTX_TRY_NUMBER='1' AIRFLOW_CTX_DAG_RUN_ID='scheduled__2024-07-21T00:00:00+00:00'
[2026-02-09T12:20:46.597+0000] {taskinstance.py:430} INFO - ::endgroup::
[2026-02-09T12:20:46.607+0000] {stocks_raw_dags.py:37} INFO - 2024-07-21 00:00:00+00:00, 2024-07-22 00:00:00+00:00
[2026-02-09T12:20:46.608+0000] {logging_mixin.py:188} INFO - [RAW] Download AAPL [1d] 2024-07-20..2024-07-22
[2026-02-09T12:20:46.610+0000] {logging_mixin.py:188} WARNING - /opt/***/dags/stocks_dwh/raw/stocks_raw_dags.py:42 FutureWarning: YF.download() has changed argument auto_adjust default to True
[2026-02-09T12:20:46.618+0000] {logging_mixin.py:188} WARNING - /home/***/.local/lib/python3.12/site-packages/yfinance/scrapers/history.py:204 Pandas4Warning: Timestamp.utcnow is deprecated and will be removed in a future version. Use Timestamp.now('UTC') instead.
[2026-02-09T12:20:47.141+0000] {logging_mixin.py:188} WARNING - [*********************100%***********************]  1 of 1 completed
[2026-02-09T12:20:47.142+0000] {multi.py:185} ERROR - 
1 Failed download:
[2026-02-09T12:20:47.143+0000] {multi.py:198} ERROR - ['AAPL']: YFPricesMissingError('possibly delisted; no price data found  (1d 2024-07-20 -> 2024-07-22)')
[2026-02-09T12:20:47.155+0000] {logging_mixin.py:188} INFO - [RAW] No data from yfinance
[2026-02-09T12:20:47.156+0000] {python.py:237} INFO - Done. Returned value was: None
[2026-02-09T12:20:47.157+0000] {taskinstance.py:441} INFO - ::group::Post task execution logs
[2026-02-09T12:20:47.166+0000] {taskinstance.py:1206} INFO - Marking task as SUCCESS. dag_id=stock_raw_aapl, task_id=download_and_load_raw, run_id=scheduled__2024-07-21T00:00:00+00:00, execution_date=20240721T000000, start_date=20260209T122046, end_date=20260209T122047
[2026-02-09T12:20:47.224+0000] {local_task_job_runner.py:243} INFO - Task exited with return code 0
[2026-02-09T12:20:47.248+0000] {taskinstance.py:3503} INFO - 0 downstream tasks scheduled from follow-on schedule check
[2026-02-09T12:20:47.251+0000] {local_task_job_runner.py:222} INFO - ::endgroup::
