[2026-02-09T10:24:07.871+0000] {local_task_job_runner.py:120} INFO - ::group::Pre task execution logs
[2026-02-09T10:24:07.903+0000] {taskinstance.py:2076} INFO - Dependencies all met for dep_context=non-requeueable deps ti=<TaskInstance: stock_raw_aapl.download_and_load_raw scheduled__2024-10-22T00:00:00+00:00 [queued]>
[2026-02-09T10:24:07.912+0000] {taskinstance.py:2076} INFO - Dependencies all met for dep_context=requeueable deps ti=<TaskInstance: stock_raw_aapl.download_and_load_raw scheduled__2024-10-22T00:00:00+00:00 [queued]>
[2026-02-09T10:24:07.912+0000] {taskinstance.py:2306} INFO - Starting attempt 1 of 1
[2026-02-09T10:24:07.924+0000] {taskinstance.py:2330} INFO - Executing <Task(PythonOperator): download_and_load_raw> on 2024-10-22 00:00:00+00:00
[2026-02-09T10:24:07.937+0000] {logging_mixin.py:188} WARNING - /home/***/.local/lib/python3.12/site-packages/***/task/task_runner/standard_task_runner.py:62 DeprecationWarning: This process (pid=979) is multi-threaded, use of fork() may lead to deadlocks in the child.
[2026-02-09T10:24:07.938+0000] {standard_task_runner.py:64} INFO - Started process 988 to run task
[2026-02-09T10:24:07.937+0000] {standard_task_runner.py:90} INFO - Running: ['***', 'tasks', 'run', 'stock_raw_aapl', 'download_and_load_raw', 'scheduled__2024-10-22T00:00:00+00:00', '--job-id', '4289', '--raw', '--subdir', 'DAGS_FOLDER/stocks_dwh/raw/stocks_raw_dags.py', '--cfg-path', '/tmp/tmpazz82dfm']
[2026-02-09T10:24:07.940+0000] {standard_task_runner.py:91} INFO - Job 4289: Subtask download_and_load_raw
[2026-02-09T10:24:08.005+0000] {task_command.py:426} INFO - Running <TaskInstance: stock_raw_aapl.download_and_load_raw scheduled__2024-10-22T00:00:00+00:00 [running]> on host 4886d37bc122
[2026-02-09T10:24:08.104+0000] {taskinstance.py:2648} INFO - Exporting env vars: AIRFLOW_CTX_DAG_OWNER='***' AIRFLOW_CTX_DAG_ID='stock_raw_aapl' AIRFLOW_CTX_TASK_ID='download_and_load_raw' AIRFLOW_CTX_EXECUTION_DATE='2024-10-22T00:00:00+00:00' AIRFLOW_CTX_TRY_NUMBER='1' AIRFLOW_CTX_DAG_RUN_ID='scheduled__2024-10-22T00:00:00+00:00'
[2026-02-09T10:24:08.105+0000] {taskinstance.py:430} INFO - ::endgroup::
[2026-02-09T10:24:08.117+0000] {logging_mixin.py:188} INFO - [RAW] Download AAPL [1d] 2024-10-22..2024-10-23
[2026-02-09T10:24:08.119+0000] {logging_mixin.py:188} WARNING - /opt/***/dags/stocks_dwh/raw/stocks_raw_dags.py:38 FutureWarning: YF.download() has changed argument auto_adjust default to True
[2026-02-09T10:24:08.130+0000] {logging_mixin.py:188} WARNING - /home/***/.local/lib/python3.12/site-packages/yfinance/scrapers/history.py:204 Pandas4Warning: Timestamp.utcnow is deprecated and will be removed in a future version. Use Timestamp.now('UTC') instead.
[2026-02-09T10:24:08.797+0000] {taskinstance.py:441} INFO - ::group::Post task execution logs
[2026-02-09T10:24:08.798+0000] {taskinstance.py:2905} ERROR - Task failed with exception
Traceback (most recent call last):
  File "/home/airflow/.local/lib/python3.12/site-packages/airflow/models/taskinstance.py", line 465, in _execute_task
    result = _execute_callable(context=context, **execute_callable_kwargs)
             ^^^^^^^^^^^^^^^^^^^^^^^^^^^^^^^^^^^^^^^^^^^^^^^^^^^^^^^^^^^^^
  File "/home/airflow/.local/lib/python3.12/site-packages/airflow/models/taskinstance.py", line 432, in _execute_callable
    return execute_callable(context=context, **execute_callable_kwargs)
           ^^^^^^^^^^^^^^^^^^^^^^^^^^^^^^^^^^^^^^^^^^^^^^^^^^^^^^^^^^^^
  File "/home/airflow/.local/lib/python3.12/site-packages/airflow/models/baseoperator.py", line 401, in wrapper
    return func(self, *args, **kwargs)
           ^^^^^^^^^^^^^^^^^^^^^^^^^^^
  File "/home/airflow/.local/lib/python3.12/site-packages/airflow/operators/python.py", line 235, in execute
    return_value = self.execute_callable()
                   ^^^^^^^^^^^^^^^^^^^^^^^
  File "/home/airflow/.local/lib/python3.12/site-packages/airflow/operators/python.py", line 252, in execute_callable
    return self.python_callable(*self.op_args, **self.op_kwargs)
           ^^^^^^^^^^^^^^^^^^^^^^^^^^^^^^^^^^^^^^^^^^^^^^^^^^^^^
  File "/opt/airflow/dags/stocks_dwh/raw/stocks_raw_dags.py", line 86, in download_and_load_raw
    df["volume"] = pd.to_numeric(df["volume"], errors="coerce").fillna(0).astype("int64")
                   ^^^^^^^^^^^^^^^^^^^^^^^^^^^^^^^^^^^^^^^^^^^^
  File "/home/airflow/.local/lib/python3.12/site-packages/pandas/core/tools/numeric.py", line 212, in to_numeric
    raise TypeError("arg must be a list, tuple, 1-d array, or Series")
TypeError: arg must be a list, tuple, 1-d array, or Series
[2026-02-09T10:24:08.814+0000] {taskinstance.py:1206} INFO - Marking task as FAILED. dag_id=stock_raw_aapl, task_id=download_and_load_raw, run_id=scheduled__2024-10-22T00:00:00+00:00, execution_date=20241022T000000, start_date=20260209T102407, end_date=20260209T102408
[2026-02-09T10:24:08.826+0000] {standard_task_runner.py:110} ERROR - Failed to execute job 4289 for task download_and_load_raw (arg must be a list, tuple, 1-d array, or Series; 988)
[2026-02-09T10:24:08.875+0000] {local_task_job_runner.py:243} INFO - Task exited with return code 1
[2026-02-09T10:24:08.892+0000] {taskinstance.py:3503} INFO - 0 downstream tasks scheduled from follow-on schedule check
[2026-02-09T10:24:08.893+0000] {local_task_job_runner.py:222} INFO - ::endgroup::
[2026-02-09T12:25:48.118+0000] {local_task_job_runner.py:120} INFO - ::group::Pre task execution logs
[2026-02-09T12:25:48.149+0000] {taskinstance.py:2076} INFO - Dependencies all met for dep_context=non-requeueable deps ti=<TaskInstance: stock_raw_aapl.download_and_load_raw scheduled__2024-10-22T00:00:00+00:00 [queued]>
[2026-02-09T12:25:48.157+0000] {taskinstance.py:2076} INFO - Dependencies all met for dep_context=requeueable deps ti=<TaskInstance: stock_raw_aapl.download_and_load_raw scheduled__2024-10-22T00:00:00+00:00 [queued]>
[2026-02-09T12:25:48.157+0000] {taskinstance.py:2306} INFO - Starting attempt 1 of 1
[2026-02-09T12:25:48.169+0000] {taskinstance.py:2330} INFO - Executing <Task(PythonOperator): download_and_load_raw> on 2024-10-22 00:00:00+00:00
[2026-02-09T12:25:48.180+0000] {logging_mixin.py:188} WARNING - /home/***/.local/lib/python3.12/site-packages/***/task/task_runner/standard_task_runner.py:62 DeprecationWarning: This process (pid=16116) is multi-threaded, use of fork() may lead to deadlocks in the child.
[2026-02-09T12:25:48.181+0000] {standard_task_runner.py:64} INFO - Started process 16120 to run task
[2026-02-09T12:25:48.180+0000] {standard_task_runner.py:90} INFO - Running: ['***', 'tasks', 'run', 'stock_raw_aapl', 'download_and_load_raw', 'scheduled__2024-10-22T00:00:00+00:00', '--job-id', '7343', '--raw', '--subdir', 'DAGS_FOLDER/stocks_dwh/raw/stocks_raw_dags.py', '--cfg-path', '/tmp/tmpnffaj85q']
[2026-02-09T12:25:48.182+0000] {standard_task_runner.py:91} INFO - Job 7343: Subtask download_and_load_raw
[2026-02-09T12:25:48.240+0000] {task_command.py:426} INFO - Running <TaskInstance: stock_raw_aapl.download_and_load_raw scheduled__2024-10-22T00:00:00+00:00 [running]> on host 4886d37bc122
[2026-02-09T12:25:48.325+0000] {taskinstance.py:2648} INFO - Exporting env vars: AIRFLOW_CTX_DAG_OWNER='***' AIRFLOW_CTX_DAG_ID='stock_raw_aapl' AIRFLOW_CTX_TASK_ID='download_and_load_raw' AIRFLOW_CTX_EXECUTION_DATE='2024-10-22T00:00:00+00:00' AIRFLOW_CTX_TRY_NUMBER='1' AIRFLOW_CTX_DAG_RUN_ID='scheduled__2024-10-22T00:00:00+00:00'
[2026-02-09T12:25:48.326+0000] {taskinstance.py:430} INFO - ::endgroup::
[2026-02-09T12:25:48.336+0000] {stocks_raw_dags.py:37} INFO - 2024-10-22 00:00:00+00:00, 2024-10-23 00:00:00+00:00
[2026-02-09T12:25:48.336+0000] {logging_mixin.py:188} INFO - [RAW] Download AAPL [1d] 2024-10-21..2024-10-23
[2026-02-09T12:25:48.338+0000] {logging_mixin.py:188} WARNING - /opt/***/dags/stocks_dwh/raw/stocks_raw_dags.py:42 FutureWarning: YF.download() has changed argument auto_adjust default to True
[2026-02-09T12:25:48.346+0000] {logging_mixin.py:188} WARNING - /home/***/.local/lib/python3.12/site-packages/yfinance/scrapers/history.py:204 Pandas4Warning: Timestamp.utcnow is deprecated and will be removed in a future version. Use Timestamp.now('UTC') instead.
[2026-02-09T12:25:48.857+0000] {logging_mixin.py:188} WARNING - [*********************100%***********************]  1 of 1 completed
[2026-02-09T12:25:48.889+0000] {base.py:84} INFO - Using connection ID 'dwh_clickhouse' for task execution.
[2026-02-09T12:25:48.911+0000] {logging_mixin.py:188} INFO - [RAW] Deleted existing rows for AAPL in 2024-10-21..2024-10-23
[2026-02-09T12:25:48.919+0000] {logging_mixin.py:188} INFO - [RAW] Inserted 2 rows into dwh.raw_stock_prices
[2026-02-09T12:25:48.921+0000] {python.py:237} INFO - Done. Returned value was: None
[2026-02-09T12:25:48.922+0000] {taskinstance.py:441} INFO - ::group::Post task execution logs
[2026-02-09T12:25:48.931+0000] {taskinstance.py:1206} INFO - Marking task as SUCCESS. dag_id=stock_raw_aapl, task_id=download_and_load_raw, run_id=scheduled__2024-10-22T00:00:00+00:00, execution_date=20241022T000000, start_date=20260209T122548, end_date=20260209T122548
[2026-02-09T12:25:48.997+0000] {local_task_job_runner.py:243} INFO - Task exited with return code 0
[2026-02-09T12:25:49.015+0000] {taskinstance.py:3503} INFO - 0 downstream tasks scheduled from follow-on schedule check
[2026-02-09T12:25:49.018+0000] {local_task_job_runner.py:222} INFO - ::endgroup::
