[2026-02-09T10:41:04.189+0000] {local_task_job_runner.py:120} INFO - ::group::Pre task execution logs
[2026-02-09T10:41:04.218+0000] {taskinstance.py:2076} INFO - Dependencies all met for dep_context=non-requeueable deps ti=<TaskInstance: stock_raw_nvda.download_and_load_raw scheduled__2025-09-01T00:00:00+00:00 [queued]>
[2026-02-09T10:41:04.226+0000] {taskinstance.py:2076} INFO - Dependencies all met for dep_context=requeueable deps ti=<TaskInstance: stock_raw_nvda.download_and_load_raw scheduled__2025-09-01T00:00:00+00:00 [queued]>
[2026-02-09T10:41:04.227+0000] {taskinstance.py:2306} INFO - Starting attempt 1 of 1
[2026-02-09T10:41:04.239+0000] {taskinstance.py:2330} INFO - Executing <Task(PythonOperator): download_and_load_raw> on 2025-09-01 00:00:00+00:00
[2026-02-09T10:41:04.252+0000] {logging_mixin.py:188} WARNING - /home/***/.local/lib/python3.12/site-packages/***/task/task_runner/standard_task_runner.py:62 DeprecationWarning: This process (pid=7621) is multi-threaded, use of fork() may lead to deadlocks in the child.
[2026-02-09T10:41:04.252+0000] {standard_task_runner.py:90} INFO - Running: ['***', 'tasks', 'run', 'stock_raw_nvda', 'download_and_load_raw', 'scheduled__2025-09-01T00:00:00+00:00', '--job-id', '5851', '--raw', '--subdir', 'DAGS_FOLDER/stocks_dwh/raw/stocks_raw_dags.py', '--cfg-path', '/tmp/tmpm0pbevd8']
[2026-02-09T10:41:04.254+0000] {standard_task_runner.py:64} INFO - Started process 7631 to run task
[2026-02-09T10:41:04.256+0000] {standard_task_runner.py:91} INFO - Job 5851: Subtask download_and_load_raw
[2026-02-09T10:41:04.319+0000] {task_command.py:426} INFO - Running <TaskInstance: stock_raw_nvda.download_and_load_raw scheduled__2025-09-01T00:00:00+00:00 [running]> on host 4886d37bc122
[2026-02-09T10:41:04.407+0000] {taskinstance.py:2648} INFO - Exporting env vars: AIRFLOW_CTX_DAG_OWNER='***' AIRFLOW_CTX_DAG_ID='stock_raw_nvda' AIRFLOW_CTX_TASK_ID='download_and_load_raw' AIRFLOW_CTX_EXECUTION_DATE='2025-09-01T00:00:00+00:00' AIRFLOW_CTX_TRY_NUMBER='1' AIRFLOW_CTX_DAG_RUN_ID='scheduled__2025-09-01T00:00:00+00:00'
[2026-02-09T10:41:04.408+0000] {taskinstance.py:430} INFO - ::endgroup::
[2026-02-09T10:41:04.419+0000] {logging_mixin.py:188} INFO - [RAW] Download NVDA [1d] 2025-09-01..2025-09-02
[2026-02-09T10:41:04.421+0000] {logging_mixin.py:188} WARNING - /opt/***/dags/stocks_dwh/raw/stocks_raw_dags.py:38 FutureWarning: YF.download() has changed argument auto_adjust default to True
[2026-02-09T10:41:04.429+0000] {logging_mixin.py:188} WARNING - /home/***/.local/lib/python3.12/site-packages/yfinance/scrapers/history.py:204 Pandas4Warning: Timestamp.utcnow is deprecated and will be removed in a future version. Use Timestamp.now('UTC') instead.
[2026-02-09T10:41:06.376+0000] {multi.py:185} ERROR - 
1 Failed download:
[2026-02-09T10:41:06.377+0000] {multi.py:198} ERROR - ['NVDA']: YFPricesMissingError('possibly delisted; no price data found  (1d 2025-09-01 -> 2025-09-02)')
[2026-02-09T10:41:06.393+0000] {logging_mixin.py:188} INFO - [RAW] No data from yfinance
[2026-02-09T10:41:06.394+0000] {python.py:237} INFO - Done. Returned value was: None
[2026-02-09T10:41:06.394+0000] {taskinstance.py:441} INFO - ::group::Post task execution logs
[2026-02-09T10:41:06.404+0000] {taskinstance.py:1206} INFO - Marking task as SUCCESS. dag_id=stock_raw_nvda, task_id=download_and_load_raw, run_id=scheduled__2025-09-01T00:00:00+00:00, execution_date=20250901T000000, start_date=20260209T104104, end_date=20260209T104106
[2026-02-09T10:41:06.437+0000] {local_task_job_runner.py:243} INFO - Task exited with return code 0
[2026-02-09T10:41:06.452+0000] {taskinstance.py:3503} INFO - 0 downstream tasks scheduled from follow-on schedule check
[2026-02-09T10:41:06.454+0000] {local_task_job_runner.py:222} INFO - ::endgroup::
