[2026-02-09T10:25:05.219+0000] {local_task_job_runner.py:120} INFO - ::group::Pre task execution logs
[2026-02-09T10:25:05.252+0000] {taskinstance.py:2076} INFO - Dependencies all met for dep_context=non-requeueable deps ti=<TaskInstance: stock_raw_moex_sber.download_and_load_raw scheduled__2024-10-19T00:00:00+00:00 [queued]>
[2026-02-09T10:25:05.263+0000] {taskinstance.py:2076} INFO - Dependencies all met for dep_context=requeueable deps ti=<TaskInstance: stock_raw_moex_sber.download_and_load_raw scheduled__2024-10-19T00:00:00+00:00 [queued]>
[2026-02-09T10:25:05.264+0000] {taskinstance.py:2306} INFO - Starting attempt 1 of 1
[2026-02-09T10:25:05.283+0000] {taskinstance.py:2330} INFO - Executing <Task(PythonOperator): download_and_load_raw> on 2024-10-19 00:00:00+00:00
[2026-02-09T10:25:05.301+0000] {logging_mixin.py:188} WARNING - /home/***/.local/lib/python3.12/site-packages/***/task/task_runner/standard_task_runner.py:62 DeprecationWarning: This process (pid=1386) is multi-threaded, use of fork() may lead to deadlocks in the child.
[2026-02-09T10:25:05.303+0000] {standard_task_runner.py:64} INFO - Started process 1392 to run task
[2026-02-09T10:25:05.301+0000] {standard_task_runner.py:90} INFO - Running: ['***', 'tasks', 'run', 'stock_raw_moex_sber', 'download_and_load_raw', 'scheduled__2024-10-19T00:00:00+00:00', '--job-id', '4387', '--raw', '--subdir', 'DAGS_FOLDER/stocks_dwh/raw/stocks_raw_dags.py', '--cfg-path', '/tmp/tmpfij5dpuz']
[2026-02-09T10:25:05.304+0000] {standard_task_runner.py:91} INFO - Job 4387: Subtask download_and_load_raw
[2026-02-09T10:25:05.395+0000] {task_command.py:426} INFO - Running <TaskInstance: stock_raw_moex_sber.download_and_load_raw scheduled__2024-10-19T00:00:00+00:00 [running]> on host 4886d37bc122
[2026-02-09T10:25:05.507+0000] {taskinstance.py:2648} INFO - Exporting env vars: AIRFLOW_CTX_DAG_OWNER='***' AIRFLOW_CTX_DAG_ID='stock_raw_moex_sber' AIRFLOW_CTX_TASK_ID='download_and_load_raw' AIRFLOW_CTX_EXECUTION_DATE='2024-10-19T00:00:00+00:00' AIRFLOW_CTX_TRY_NUMBER='1' AIRFLOW_CTX_DAG_RUN_ID='scheduled__2024-10-19T00:00:00+00:00'
[2026-02-09T10:25:05.508+0000] {taskinstance.py:430} INFO - ::endgroup::
[2026-02-09T10:25:05.517+0000] {logging_mixin.py:188} INFO - [RAW] Download MOEX.SBER [1d] 2024-10-19..2024-10-20
[2026-02-09T10:25:05.519+0000] {logging_mixin.py:188} WARNING - /opt/***/dags/stocks_dwh/raw/stocks_raw_dags.py:38 FutureWarning: YF.download() has changed argument auto_adjust default to True
[2026-02-09T10:25:06.576+0000] {quote.py:592} ERROR - HTTP Error 404: {"quoteSummary":{"result":null,"error":{"code":"Not Found","description":"Quote not found for symbol: MOEX.SBER"}}}
[2026-02-09T10:25:06.624+0000] {logging_mixin.py:188} WARNING - /home/***/.local/lib/python3.12/site-packages/yfinance/scrapers/quote.py:700 Pandas4Warning: Timestamp.utcnow is deprecated and will be removed in a future version. Use Timestamp.now('UTC') instead.
[2026-02-09T10:25:06.627+0000] {logging_mixin.py:188} WARNING - /home/***/.local/lib/python3.12/site-packages/yfinance/scrapers/quote.py:702 Pandas4Warning: Timestamp.utcnow is deprecated and will be removed in a future version. Use Timestamp.now('UTC') instead.
[2026-02-09T10:25:06.673+0000] {multi.py:185} ERROR - 
1 Failed download:
[2026-02-09T10:25:06.674+0000] {multi.py:198} ERROR - ['MOEX.SBER']: YFTzMissingError('possibly delisted; no timezone found')
[2026-02-09T10:25:06.685+0000] {logging_mixin.py:188} INFO - [RAW] No data from yfinance
[2026-02-09T10:25:06.685+0000] {python.py:237} INFO - Done. Returned value was: None
[2026-02-09T10:25:06.686+0000] {taskinstance.py:441} INFO - ::group::Post task execution logs
[2026-02-09T10:25:06.695+0000] {taskinstance.py:1206} INFO - Marking task as SUCCESS. dag_id=stock_raw_moex_sber, task_id=download_and_load_raw, run_id=scheduled__2024-10-19T00:00:00+00:00, execution_date=20241019T000000, start_date=20260209T102505, end_date=20260209T102506
[2026-02-09T10:25:06.723+0000] {local_task_job_runner.py:243} INFO - Task exited with return code 0
[2026-02-09T10:25:06.739+0000] {taskinstance.py:3503} INFO - 0 downstream tasks scheduled from follow-on schedule check
[2026-02-09T10:25:06.741+0000] {local_task_job_runner.py:222} INFO - ::endgroup::
