[2026-02-07T14:41:10.916+0000] {local_task_job_runner.py:120} INFO - ::group::Pre task execution logs
[2026-02-07T14:41:10.946+0000] {taskinstance.py:2076} INFO - Dependencies all met for dep_context=non-requeueable deps ti=<TaskInstance: stock_tsla.download scheduled__2025-02-15T00:00:00+00:00 [queued]>
[2026-02-07T14:41:10.956+0000] {taskinstance.py:2076} INFO - Dependencies all met for dep_context=requeueable deps ti=<TaskInstance: stock_tsla.download scheduled__2025-02-15T00:00:00+00:00 [queued]>
[2026-02-07T14:41:10.956+0000] {taskinstance.py:2306} INFO - Starting attempt 1 of 1
[2026-02-07T14:41:10.968+0000] {taskinstance.py:2330} INFO - Executing <Task(PythonOperator): download> on 2025-02-15 00:00:00+00:00
[2026-02-07T14:41:10.980+0000] {logging_mixin.py:188} WARNING - /home/***/.local/lib/python3.12/site-packages/***/task/task_runner/standard_task_runner.py:62 DeprecationWarning: This process (pid=7834) is multi-threaded, use of fork() may lead to deadlocks in the child.
[2026-02-07T14:41:10.982+0000] {standard_task_runner.py:64} INFO - Started process 7844 to run task
[2026-02-07T14:41:10.980+0000] {standard_task_runner.py:90} INFO - Running: ['***', 'tasks', 'run', 'stock_tsla', 'download', 'scheduled__2025-02-15T00:00:00+00:00', '--job-id', '1683', '--raw', '--subdir', 'DAGS_FOLDER/stocks_dags.py', '--cfg-path', '/tmp/tmpzv3liu3h']
[2026-02-07T14:41:10.983+0000] {standard_task_runner.py:91} INFO - Job 1683: Subtask download
[2026-02-07T14:41:11.046+0000] {task_command.py:426} INFO - Running <TaskInstance: stock_tsla.download scheduled__2025-02-15T00:00:00+00:00 [running]> on host 5adf8c44a70f
[2026-02-07T14:41:11.146+0000] {taskinstance.py:2648} INFO - Exporting env vars: AIRFLOW_CTX_DAG_OWNER='***' AIRFLOW_CTX_DAG_ID='stock_tsla' AIRFLOW_CTX_TASK_ID='download' AIRFLOW_CTX_EXECUTION_DATE='2025-02-15T00:00:00+00:00' AIRFLOW_CTX_TRY_NUMBER='1' AIRFLOW_CTX_DAG_RUN_ID='scheduled__2025-02-15T00:00:00+00:00'
[2026-02-07T14:41:11.147+0000] {taskinstance.py:430} INFO - ::endgroup::
[2026-02-07T14:41:11.166+0000] {logging_mixin.py:188} INFO - Downloading TSLA from 2025-02-15 to 2025-02-16
[2026-02-07T14:41:11.169+0000] {logging_mixin.py:188} WARNING - /opt/***/dags/stocks_dags.py:22 FutureWarning: YF.download() has changed argument auto_adjust default to True
[2026-02-07T14:41:11.181+0000] {logging_mixin.py:188} WARNING - /home/***/.local/lib/python3.12/site-packages/yfinance/scrapers/history.py:204 Pandas4Warning: Timestamp.utcnow is deprecated and will be removed in a future version. Use Timestamp.now('UTC') instead.
[2026-02-07T14:41:11.844+0000] {multi.py:185} ERROR - 
1 Failed download:
[2026-02-07T14:41:11.845+0000] {multi.py:198} ERROR - ['TSLA']: YFPricesMissingError('possibly delisted; no price data found  (1d 2025-02-15 -> 2025-02-16)')
[2026-02-07T14:41:11.857+0000] {logging_mixin.py:188} INFO - No data
[2026-02-07T14:41:11.858+0000] {python.py:237} INFO - Done. Returned value was: None
[2026-02-07T14:41:11.859+0000] {taskinstance.py:441} INFO - ::group::Post task execution logs
[2026-02-07T14:41:11.870+0000] {taskinstance.py:1206} INFO - Marking task as SUCCESS. dag_id=stock_tsla, task_id=download, run_id=scheduled__2025-02-15T00:00:00+00:00, execution_date=20250215T000000, start_date=20260207T144110, end_date=20260207T144111
[2026-02-07T14:41:11.918+0000] {local_task_job_runner.py:243} INFO - Task exited with return code 0
[2026-02-07T14:41:11.937+0000] {taskinstance.py:3503} INFO - 0 downstream tasks scheduled from follow-on schedule check
[2026-02-07T14:41:11.939+0000] {local_task_job_runner.py:222} INFO - ::endgroup::
