[2026-02-09T10:45:36.598+0000] {local_task_job_runner.py:120} INFO - ::group::Pre task execution logs
[2026-02-09T10:45:36.628+0000] {taskinstance.py:2076} INFO - Dependencies all met for dep_context=non-requeueable deps ti=<TaskInstance: stock_raw_aapl.download_and_load_raw scheduled__2025-11-22T00:00:00+00:00 [queued]>
[2026-02-09T10:45:36.635+0000] {taskinstance.py:2076} INFO - Dependencies all met for dep_context=requeueable deps ti=<TaskInstance: stock_raw_aapl.download_and_load_raw scheduled__2025-11-22T00:00:00+00:00 [queued]>
[2026-02-09T10:45:36.637+0000] {taskinstance.py:2306} INFO - Starting attempt 1 of 1
[2026-02-09T10:45:36.649+0000] {taskinstance.py:2330} INFO - Executing <Task(PythonOperator): download_and_load_raw> on 2025-11-22 00:00:00+00:00
[2026-02-09T10:45:36.661+0000] {logging_mixin.py:188} WARNING - /home/***/.local/lib/python3.12/site-packages/***/task/task_runner/standard_task_runner.py:62 DeprecationWarning: This process (pid=9308) is multi-threaded, use of fork() may lead to deadlocks in the child.
[2026-02-09T10:45:36.663+0000] {standard_task_runner.py:64} INFO - Started process 9317 to run task
[2026-02-09T10:45:36.661+0000] {standard_task_runner.py:90} INFO - Running: ['***', 'tasks', 'run', 'stock_raw_aapl', 'download_and_load_raw', 'scheduled__2025-11-22T00:00:00+00:00', '--job-id', '6245', '--raw', '--subdir', 'DAGS_FOLDER/stocks_dwh/raw/stocks_raw_dags.py', '--cfg-path', '/tmp/tmpppexem73']
[2026-02-09T10:45:36.664+0000] {standard_task_runner.py:91} INFO - Job 6245: Subtask download_and_load_raw
[2026-02-09T10:45:36.728+0000] {task_command.py:426} INFO - Running <TaskInstance: stock_raw_aapl.download_and_load_raw scheduled__2025-11-22T00:00:00+00:00 [running]> on host 4886d37bc122
[2026-02-09T10:45:36.820+0000] {taskinstance.py:2648} INFO - Exporting env vars: AIRFLOW_CTX_DAG_OWNER='***' AIRFLOW_CTX_DAG_ID='stock_raw_aapl' AIRFLOW_CTX_TASK_ID='download_and_load_raw' AIRFLOW_CTX_EXECUTION_DATE='2025-11-22T00:00:00+00:00' AIRFLOW_CTX_TRY_NUMBER='1' AIRFLOW_CTX_DAG_RUN_ID='scheduled__2025-11-22T00:00:00+00:00'
[2026-02-09T10:45:36.824+0000] {taskinstance.py:430} INFO - ::endgroup::
[2026-02-09T10:45:36.834+0000] {logging_mixin.py:188} INFO - [RAW] Download AAPL [1d] 2025-11-22..2025-11-23
[2026-02-09T10:45:36.836+0000] {logging_mixin.py:188} WARNING - /opt/***/dags/stocks_dwh/raw/stocks_raw_dags.py:38 FutureWarning: YF.download() has changed argument auto_adjust default to True
[2026-02-09T10:45:36.844+0000] {logging_mixin.py:188} WARNING - /home/***/.local/lib/python3.12/site-packages/yfinance/scrapers/history.py:204 Pandas4Warning: Timestamp.utcnow is deprecated and will be removed in a future version. Use Timestamp.now('UTC') instead.
[2026-02-09T10:45:37.333+0000] {multi.py:185} ERROR - 
1 Failed download:
[2026-02-09T10:45:37.333+0000] {multi.py:198} ERROR - ['AAPL']: YFPricesMissingError('possibly delisted; no price data found  (1d 2025-11-22 -> 2025-11-23)')
[2026-02-09T10:45:37.345+0000] {logging_mixin.py:188} INFO - [RAW] No data from yfinance
[2026-02-09T10:45:37.345+0000] {python.py:237} INFO - Done. Returned value was: None
[2026-02-09T10:45:37.346+0000] {taskinstance.py:441} INFO - ::group::Post task execution logs
[2026-02-09T10:45:37.356+0000] {taskinstance.py:1206} INFO - Marking task as SUCCESS. dag_id=stock_raw_aapl, task_id=download_and_load_raw, run_id=scheduled__2025-11-22T00:00:00+00:00, execution_date=20251122T000000, start_date=20260209T104536, end_date=20260209T104537
[2026-02-09T10:45:37.399+0000] {local_task_job_runner.py:243} INFO - Task exited with return code 0
[2026-02-09T10:45:37.414+0000] {taskinstance.py:3503} INFO - 0 downstream tasks scheduled from follow-on schedule check
[2026-02-09T10:45:37.416+0000] {local_task_job_runner.py:222} INFO - ::endgroup::
[2026-02-09T12:47:19.030+0000] {local_task_job_runner.py:120} INFO - ::group::Pre task execution logs
[2026-02-09T12:47:19.063+0000] {taskinstance.py:2076} INFO - Dependencies all met for dep_context=non-requeueable deps ti=<TaskInstance: stock_raw_aapl.download_and_load_raw scheduled__2025-11-22T00:00:00+00:00 [queued]>
[2026-02-09T12:47:19.073+0000] {taskinstance.py:2076} INFO - Dependencies all met for dep_context=requeueable deps ti=<TaskInstance: stock_raw_aapl.download_and_load_raw scheduled__2025-11-22T00:00:00+00:00 [queued]>
[2026-02-09T12:47:19.074+0000] {taskinstance.py:2306} INFO - Starting attempt 1 of 1
[2026-02-09T12:47:19.090+0000] {taskinstance.py:2330} INFO - Executing <Task(PythonOperator): download_and_load_raw> on 2025-11-22 00:00:00+00:00
[2026-02-09T12:47:19.103+0000] {logging_mixin.py:188} WARNING - /home/***/.local/lib/python3.12/site-packages/***/task/task_runner/standard_task_runner.py:62 DeprecationWarning: This process (pid=18785) is multi-threaded, use of fork() may lead to deadlocks in the child.
[2026-02-09T12:47:19.104+0000] {standard_task_runner.py:64} INFO - Started process 18787 to run task
[2026-02-09T12:47:19.103+0000] {standard_task_runner.py:90} INFO - Running: ['***', 'tasks', 'run', 'stock_raw_aapl', 'download_and_load_raw', 'scheduled__2025-11-22T00:00:00+00:00', '--job-id', '7883', '--raw', '--subdir', 'DAGS_FOLDER/stocks_dwh/raw/stocks_raw_dags.py', '--cfg-path', '/tmp/tmpvyow2vz3']
[2026-02-09T12:47:19.105+0000] {standard_task_runner.py:91} INFO - Job 7883: Subtask download_and_load_raw
[2026-02-09T12:47:19.171+0000] {task_command.py:426} INFO - Running <TaskInstance: stock_raw_aapl.download_and_load_raw scheduled__2025-11-22T00:00:00+00:00 [running]> on host 4886d37bc122
[2026-02-09T12:47:19.274+0000] {taskinstance.py:2648} INFO - Exporting env vars: AIRFLOW_CTX_DAG_OWNER='***' AIRFLOW_CTX_DAG_ID='stock_raw_aapl' AIRFLOW_CTX_TASK_ID='download_and_load_raw' AIRFLOW_CTX_EXECUTION_DATE='2025-11-22T00:00:00+00:00' AIRFLOW_CTX_TRY_NUMBER='1' AIRFLOW_CTX_DAG_RUN_ID='scheduled__2025-11-22T00:00:00+00:00'
[2026-02-09T12:47:19.275+0000] {taskinstance.py:430} INFO - ::endgroup::
[2026-02-09T12:47:19.286+0000] {stocks_raw_dags.py:37} INFO - 2025-11-22 00:00:00+00:00, 2025-11-23 00:00:00+00:00
[2026-02-09T12:47:19.287+0000] {logging_mixin.py:188} INFO - [RAW] Download AAPL [1d] 2025-11-21..2025-11-23
[2026-02-09T12:47:19.289+0000] {logging_mixin.py:188} WARNING - /opt/***/dags/stocks_dwh/raw/stocks_raw_dags.py:42 FutureWarning: YF.download() has changed argument auto_adjust default to True
[2026-02-09T12:47:19.297+0000] {logging_mixin.py:188} WARNING - /home/***/.local/lib/python3.12/site-packages/yfinance/scrapers/history.py:204 Pandas4Warning: Timestamp.utcnow is deprecated and will be removed in a future version. Use Timestamp.now('UTC') instead.
[2026-02-09T12:47:19.822+0000] {logging_mixin.py:188} WARNING - [*********************100%***********************]  1 of 1 completed
[2026-02-09T12:47:19.859+0000] {base.py:84} INFO - Using connection ID 'dwh_clickhouse' for task execution.
[2026-02-09T12:47:19.891+0000] {logging_mixin.py:188} INFO - [RAW] Deleted existing rows for AAPL in 2025-11-21..2025-11-23
[2026-02-09T12:47:19.906+0000] {logging_mixin.py:188} INFO - [RAW] Inserted 1 rows into dwh.raw_stock_prices
[2026-02-09T12:47:19.907+0000] {python.py:237} INFO - Done. Returned value was: None
[2026-02-09T12:47:19.907+0000] {taskinstance.py:441} INFO - ::group::Post task execution logs
[2026-02-09T12:47:19.918+0000] {taskinstance.py:1206} INFO - Marking task as SUCCESS. dag_id=stock_raw_aapl, task_id=download_and_load_raw, run_id=scheduled__2025-11-22T00:00:00+00:00, execution_date=20251122T000000, start_date=20260209T124719, end_date=20260209T124719
[2026-02-09T12:47:19.961+0000] {local_task_job_runner.py:243} INFO - Task exited with return code 0
[2026-02-09T12:47:19.974+0000] {local_task_job_runner.py:222} INFO - ::endgroup::
