[2026-02-09T10:26:31.530+0000] {local_task_job_runner.py:120} INFO - ::group::Pre task execution logs
[2026-02-09T10:26:31.562+0000] {taskinstance.py:2076} INFO - Dependencies all met for dep_context=non-requeueable deps ti=<TaskInstance: stock_raw_aapl.download_and_load_raw scheduled__2024-12-08T00:00:00+00:00 [queued]>
[2026-02-09T10:26:31.571+0000] {taskinstance.py:2076} INFO - Dependencies all met for dep_context=requeueable deps ti=<TaskInstance: stock_raw_aapl.download_and_load_raw scheduled__2024-12-08T00:00:00+00:00 [queued]>
[2026-02-09T10:26:31.574+0000] {taskinstance.py:2306} INFO - Starting attempt 1 of 1
[2026-02-09T10:26:31.588+0000] {taskinstance.py:2330} INFO - Executing <Task(PythonOperator): download_and_load_raw> on 2024-12-08 00:00:00+00:00
[2026-02-09T10:26:31.600+0000] {logging_mixin.py:188} WARNING - /home/***/.local/lib/python3.12/site-packages/***/task/task_runner/standard_task_runner.py:62 DeprecationWarning: This process (pid=1967) is multi-threaded, use of fork() may lead to deadlocks in the child.
[2026-02-09T10:26:31.602+0000] {standard_task_runner.py:64} INFO - Started process 1977 to run task
[2026-02-09T10:26:31.601+0000] {standard_task_runner.py:90} INFO - Running: ['***', 'tasks', 'run', 'stock_raw_aapl', 'download_and_load_raw', 'scheduled__2024-12-08T00:00:00+00:00', '--job-id', '4522', '--raw', '--subdir', 'DAGS_FOLDER/stocks_dwh/raw/stocks_raw_dags.py', '--cfg-path', '/tmp/tmpmziyo4j_']
[2026-02-09T10:26:31.603+0000] {standard_task_runner.py:91} INFO - Job 4522: Subtask download_and_load_raw
[2026-02-09T10:26:31.669+0000] {task_command.py:426} INFO - Running <TaskInstance: stock_raw_aapl.download_and_load_raw scheduled__2024-12-08T00:00:00+00:00 [running]> on host 4886d37bc122
[2026-02-09T10:26:31.761+0000] {taskinstance.py:2648} INFO - Exporting env vars: AIRFLOW_CTX_DAG_OWNER='***' AIRFLOW_CTX_DAG_ID='stock_raw_aapl' AIRFLOW_CTX_TASK_ID='download_and_load_raw' AIRFLOW_CTX_EXECUTION_DATE='2024-12-08T00:00:00+00:00' AIRFLOW_CTX_TRY_NUMBER='1' AIRFLOW_CTX_DAG_RUN_ID='scheduled__2024-12-08T00:00:00+00:00'
[2026-02-09T10:26:31.763+0000] {taskinstance.py:430} INFO - ::endgroup::
[2026-02-09T10:26:31.774+0000] {logging_mixin.py:188} INFO - [RAW] Download AAPL [1d] 2024-12-08..2024-12-09
[2026-02-09T10:26:31.777+0000] {logging_mixin.py:188} WARNING - /opt/***/dags/stocks_dwh/raw/stocks_raw_dags.py:38 FutureWarning: YF.download() has changed argument auto_adjust default to True
[2026-02-09T10:26:31.785+0000] {logging_mixin.py:188} WARNING - /home/***/.local/lib/python3.12/site-packages/yfinance/scrapers/history.py:204 Pandas4Warning: Timestamp.utcnow is deprecated and will be removed in a future version. Use Timestamp.now('UTC') instead.
[2026-02-09T10:26:32.298+0000] {multi.py:185} ERROR - 
1 Failed download:
[2026-02-09T10:26:32.299+0000] {multi.py:198} ERROR - ['AAPL']: YFPricesMissingError('possibly delisted; no price data found  (1d 2024-12-08 -> 2024-12-09)')
[2026-02-09T10:26:32.317+0000] {logging_mixin.py:188} INFO - [RAW] No data from yfinance
[2026-02-09T10:26:32.323+0000] {python.py:237} INFO - Done. Returned value was: None
[2026-02-09T10:26:32.328+0000] {taskinstance.py:441} INFO - ::group::Post task execution logs
[2026-02-09T10:26:32.338+0000] {taskinstance.py:1206} INFO - Marking task as SUCCESS. dag_id=stock_raw_aapl, task_id=download_and_load_raw, run_id=scheduled__2024-12-08T00:00:00+00:00, execution_date=20241208T000000, start_date=20260209T102631, end_date=20260209T102632
[2026-02-09T10:26:32.378+0000] {local_task_job_runner.py:243} INFO - Task exited with return code 0
[2026-02-09T10:26:32.394+0000] {taskinstance.py:3503} INFO - 0 downstream tasks scheduled from follow-on schedule check
[2026-02-09T10:26:32.396+0000] {local_task_job_runner.py:222} INFO - ::endgroup::
[2026-02-09T12:28:12.762+0000] {local_task_job_runner.py:120} INFO - ::group::Pre task execution logs
[2026-02-09T12:28:12.792+0000] {taskinstance.py:2076} INFO - Dependencies all met for dep_context=non-requeueable deps ti=<TaskInstance: stock_raw_aapl.download_and_load_raw scheduled__2024-12-08T00:00:00+00:00 [queued]>
[2026-02-09T12:28:12.800+0000] {taskinstance.py:2076} INFO - Dependencies all met for dep_context=requeueable deps ti=<TaskInstance: stock_raw_aapl.download_and_load_raw scheduled__2024-12-08T00:00:00+00:00 [queued]>
[2026-02-09T12:28:12.801+0000] {taskinstance.py:2306} INFO - Starting attempt 1 of 1
[2026-02-09T12:28:12.812+0000] {taskinstance.py:2330} INFO - Executing <Task(PythonOperator): download_and_load_raw> on 2024-12-08 00:00:00+00:00
[2026-02-09T12:28:12.824+0000] {logging_mixin.py:188} WARNING - /home/***/.local/lib/python3.12/site-packages/***/task/task_runner/standard_task_runner.py:62 DeprecationWarning: This process (pid=16545) is multi-threaded, use of fork() may lead to deadlocks in the child.
[2026-02-09T12:28:12.825+0000] {standard_task_runner.py:64} INFO - Started process 16549 to run task
[2026-02-09T12:28:12.824+0000] {standard_task_runner.py:90} INFO - Running: ['***', 'tasks', 'run', 'stock_raw_aapl', 'download_and_load_raw', 'scheduled__2024-12-08T00:00:00+00:00', '--job-id', '7436', '--raw', '--subdir', 'DAGS_FOLDER/stocks_dwh/raw/stocks_raw_dags.py', '--cfg-path', '/tmp/tmpnwfse0j5']
[2026-02-09T12:28:12.826+0000] {standard_task_runner.py:91} INFO - Job 7436: Subtask download_and_load_raw
[2026-02-09T12:28:12.889+0000] {task_command.py:426} INFO - Running <TaskInstance: stock_raw_aapl.download_and_load_raw scheduled__2024-12-08T00:00:00+00:00 [running]> on host 4886d37bc122
[2026-02-09T12:28:12.980+0000] {taskinstance.py:2648} INFO - Exporting env vars: AIRFLOW_CTX_DAG_OWNER='***' AIRFLOW_CTX_DAG_ID='stock_raw_aapl' AIRFLOW_CTX_TASK_ID='download_and_load_raw' AIRFLOW_CTX_EXECUTION_DATE='2024-12-08T00:00:00+00:00' AIRFLOW_CTX_TRY_NUMBER='1' AIRFLOW_CTX_DAG_RUN_ID='scheduled__2024-12-08T00:00:00+00:00'
[2026-02-09T12:28:12.981+0000] {taskinstance.py:430} INFO - ::endgroup::
[2026-02-09T12:28:12.991+0000] {stocks_raw_dags.py:37} INFO - 2024-12-08 00:00:00+00:00, 2024-12-09 00:00:00+00:00
[2026-02-09T12:28:12.992+0000] {logging_mixin.py:188} INFO - [RAW] Download AAPL [1d] 2024-12-07..2024-12-09
[2026-02-09T12:28:12.994+0000] {logging_mixin.py:188} WARNING - /opt/***/dags/stocks_dwh/raw/stocks_raw_dags.py:42 FutureWarning: YF.download() has changed argument auto_adjust default to True
[2026-02-09T12:28:13.002+0000] {logging_mixin.py:188} WARNING - /home/***/.local/lib/python3.12/site-packages/yfinance/scrapers/history.py:204 Pandas4Warning: Timestamp.utcnow is deprecated and will be removed in a future version. Use Timestamp.now('UTC') instead.
[2026-02-09T12:28:13.517+0000] {logging_mixin.py:188} WARNING - [*********************100%***********************]  1 of 1 completed
[2026-02-09T12:28:13.518+0000] {multi.py:185} ERROR - 
1 Failed download:
[2026-02-09T12:28:13.519+0000] {multi.py:198} ERROR - ['AAPL']: YFPricesMissingError('possibly delisted; no price data found  (1d 2024-12-07 -> 2024-12-09)')
[2026-02-09T12:28:13.532+0000] {logging_mixin.py:188} INFO - [RAW] No data from yfinance
[2026-02-09T12:28:13.533+0000] {python.py:237} INFO - Done. Returned value was: None
[2026-02-09T12:28:13.534+0000] {taskinstance.py:441} INFO - ::group::Post task execution logs
[2026-02-09T12:28:13.544+0000] {taskinstance.py:1206} INFO - Marking task as SUCCESS. dag_id=stock_raw_aapl, task_id=download_and_load_raw, run_id=scheduled__2024-12-08T00:00:00+00:00, execution_date=20241208T000000, start_date=20260209T122812, end_date=20260209T122813
[2026-02-09T12:28:13.602+0000] {local_task_job_runner.py:243} INFO - Task exited with return code 0
[2026-02-09T12:28:13.621+0000] {taskinstance.py:3503} INFO - 0 downstream tasks scheduled from follow-on schedule check
[2026-02-09T12:28:13.623+0000] {local_task_job_runner.py:222} INFO - ::endgroup::
