[2026-02-09T10:25:02.546+0000] {local_task_job_runner.py:120} INFO - ::group::Pre task execution logs
[2026-02-09T10:25:02.578+0000] {taskinstance.py:2076} INFO - Dependencies all met for dep_context=non-requeueable deps ti=<TaskInstance: stock_raw_aapl.download_and_load_raw scheduled__2024-11-09T00:00:00+00:00 [queued]>
[2026-02-09T10:25:02.586+0000] {taskinstance.py:2076} INFO - Dependencies all met for dep_context=requeueable deps ti=<TaskInstance: stock_raw_aapl.download_and_load_raw scheduled__2024-11-09T00:00:00+00:00 [queued]>
[2026-02-09T10:25:02.586+0000] {taskinstance.py:2306} INFO - Starting attempt 1 of 1
[2026-02-09T10:25:02.599+0000] {taskinstance.py:2330} INFO - Executing <Task(PythonOperator): download_and_load_raw> on 2024-11-09 00:00:00+00:00
[2026-02-09T10:25:02.611+0000] {logging_mixin.py:188} WARNING - /home/***/.local/lib/python3.12/site-packages/***/task/task_runner/standard_task_runner.py:62 DeprecationWarning: This process (pid=1359) is multi-threaded, use of fork() may lead to deadlocks in the child.
[2026-02-09T10:25:02.612+0000] {standard_task_runner.py:64} INFO - Started process 1369 to run task
[2026-02-09T10:25:02.611+0000] {standard_task_runner.py:90} INFO - Running: ['***', 'tasks', 'run', 'stock_raw_aapl', 'download_and_load_raw', 'scheduled__2024-11-09T00:00:00+00:00', '--job-id', '4378', '--raw', '--subdir', 'DAGS_FOLDER/stocks_dwh/raw/stocks_raw_dags.py', '--cfg-path', '/tmp/tmpp_mrkkvn']
[2026-02-09T10:25:02.613+0000] {standard_task_runner.py:91} INFO - Job 4378: Subtask download_and_load_raw
[2026-02-09T10:25:02.681+0000] {task_command.py:426} INFO - Running <TaskInstance: stock_raw_aapl.download_and_load_raw scheduled__2024-11-09T00:00:00+00:00 [running]> on host 4886d37bc122
[2026-02-09T10:25:02.774+0000] {taskinstance.py:2648} INFO - Exporting env vars: AIRFLOW_CTX_DAG_OWNER='***' AIRFLOW_CTX_DAG_ID='stock_raw_aapl' AIRFLOW_CTX_TASK_ID='download_and_load_raw' AIRFLOW_CTX_EXECUTION_DATE='2024-11-09T00:00:00+00:00' AIRFLOW_CTX_TRY_NUMBER='1' AIRFLOW_CTX_DAG_RUN_ID='scheduled__2024-11-09T00:00:00+00:00'
[2026-02-09T10:25:02.776+0000] {taskinstance.py:430} INFO - ::endgroup::
[2026-02-09T10:25:02.790+0000] {logging_mixin.py:188} INFO - [RAW] Download AAPL [1d] 2024-11-09..2024-11-10
[2026-02-09T10:25:02.792+0000] {logging_mixin.py:188} WARNING - /opt/***/dags/stocks_dwh/raw/stocks_raw_dags.py:38 FutureWarning: YF.download() has changed argument auto_adjust default to True
[2026-02-09T10:25:02.801+0000] {logging_mixin.py:188} WARNING - /home/***/.local/lib/python3.12/site-packages/yfinance/scrapers/history.py:204 Pandas4Warning: Timestamp.utcnow is deprecated and will be removed in a future version. Use Timestamp.now('UTC') instead.
[2026-02-09T10:25:03.322+0000] {multi.py:185} ERROR - 
1 Failed download:
[2026-02-09T10:25:03.324+0000] {multi.py:198} ERROR - ['AAPL']: YFPricesMissingError('possibly delisted; no price data found  (1d 2024-11-09 -> 2024-11-10)')
[2026-02-09T10:25:03.338+0000] {logging_mixin.py:188} INFO - [RAW] No data from yfinance
[2026-02-09T10:25:03.338+0000] {python.py:237} INFO - Done. Returned value was: None
[2026-02-09T10:25:03.339+0000] {taskinstance.py:441} INFO - ::group::Post task execution logs
[2026-02-09T10:25:03.349+0000] {taskinstance.py:1206} INFO - Marking task as SUCCESS. dag_id=stock_raw_aapl, task_id=download_and_load_raw, run_id=scheduled__2024-11-09T00:00:00+00:00, execution_date=20241109T000000, start_date=20260209T102502, end_date=20260209T102503
[2026-02-09T10:25:03.389+0000] {local_task_job_runner.py:243} INFO - Task exited with return code 0
[2026-02-09T10:25:03.407+0000] {taskinstance.py:3503} INFO - 0 downstream tasks scheduled from follow-on schedule check
[2026-02-09T10:25:03.409+0000] {local_task_job_runner.py:222} INFO - ::endgroup::
[2026-02-09T12:26:45.115+0000] {local_task_job_runner.py:120} INFO - ::group::Pre task execution logs
[2026-02-09T12:26:45.143+0000] {taskinstance.py:2076} INFO - Dependencies all met for dep_context=non-requeueable deps ti=<TaskInstance: stock_raw_aapl.download_and_load_raw scheduled__2024-11-09T00:00:00+00:00 [queued]>
[2026-02-09T12:26:45.150+0000] {taskinstance.py:2076} INFO - Dependencies all met for dep_context=requeueable deps ti=<TaskInstance: stock_raw_aapl.download_and_load_raw scheduled__2024-11-09T00:00:00+00:00 [queued]>
[2026-02-09T12:26:45.150+0000] {taskinstance.py:2306} INFO - Starting attempt 1 of 1
[2026-02-09T12:26:45.163+0000] {taskinstance.py:2330} INFO - Executing <Task(PythonOperator): download_and_load_raw> on 2024-11-09 00:00:00+00:00
[2026-02-09T12:26:45.174+0000] {logging_mixin.py:188} WARNING - /home/***/.local/lib/python3.12/site-packages/***/task/task_runner/standard_task_runner.py:62 DeprecationWarning: This process (pid=16278) is multi-threaded, use of fork() may lead to deadlocks in the child.
[2026-02-09T12:26:45.176+0000] {standard_task_runner.py:64} INFO - Started process 16282 to run task
[2026-02-09T12:26:45.175+0000] {standard_task_runner.py:90} INFO - Running: ['***', 'tasks', 'run', 'stock_raw_aapl', 'download_and_load_raw', 'scheduled__2024-11-09T00:00:00+00:00', '--job-id', '7379', '--raw', '--subdir', 'DAGS_FOLDER/stocks_dwh/raw/stocks_raw_dags.py', '--cfg-path', '/tmp/tmpca222ttf']
[2026-02-09T12:26:45.177+0000] {standard_task_runner.py:91} INFO - Job 7379: Subtask download_and_load_raw
[2026-02-09T12:26:45.243+0000] {task_command.py:426} INFO - Running <TaskInstance: stock_raw_aapl.download_and_load_raw scheduled__2024-11-09T00:00:00+00:00 [running]> on host 4886d37bc122
[2026-02-09T12:26:45.333+0000] {taskinstance.py:2648} INFO - Exporting env vars: AIRFLOW_CTX_DAG_OWNER='***' AIRFLOW_CTX_DAG_ID='stock_raw_aapl' AIRFLOW_CTX_TASK_ID='download_and_load_raw' AIRFLOW_CTX_EXECUTION_DATE='2024-11-09T00:00:00+00:00' AIRFLOW_CTX_TRY_NUMBER='1' AIRFLOW_CTX_DAG_RUN_ID='scheduled__2024-11-09T00:00:00+00:00'
[2026-02-09T12:26:45.334+0000] {taskinstance.py:430} INFO - ::endgroup::
[2026-02-09T12:26:45.348+0000] {stocks_raw_dags.py:37} INFO - 2024-11-09 00:00:00+00:00, 2024-11-10 00:00:00+00:00
[2026-02-09T12:26:45.348+0000] {logging_mixin.py:188} INFO - [RAW] Download AAPL [1d] 2024-11-08..2024-11-10
[2026-02-09T12:26:45.350+0000] {logging_mixin.py:188} WARNING - /opt/***/dags/stocks_dwh/raw/stocks_raw_dags.py:42 FutureWarning: YF.download() has changed argument auto_adjust default to True
[2026-02-09T12:26:45.359+0000] {logging_mixin.py:188} WARNING - /home/***/.local/lib/python3.12/site-packages/yfinance/scrapers/history.py:204 Pandas4Warning: Timestamp.utcnow is deprecated and will be removed in a future version. Use Timestamp.now('UTC') instead.
[2026-02-09T12:26:45.906+0000] {logging_mixin.py:188} WARNING - [*********************100%***********************]  1 of 1 completed
[2026-02-09T12:26:45.947+0000] {base.py:84} INFO - Using connection ID 'dwh_clickhouse' for task execution.
[2026-02-09T12:26:45.974+0000] {logging_mixin.py:188} INFO - [RAW] Deleted existing rows for AAPL in 2024-11-08..2024-11-10
[2026-02-09T12:26:45.991+0000] {logging_mixin.py:188} INFO - [RAW] Inserted 1 rows into dwh.raw_stock_prices
[2026-02-09T12:26:45.992+0000] {python.py:237} INFO - Done. Returned value was: None
[2026-02-09T12:26:45.993+0000] {taskinstance.py:441} INFO - ::group::Post task execution logs
[2026-02-09T12:26:46.003+0000] {taskinstance.py:1206} INFO - Marking task as SUCCESS. dag_id=stock_raw_aapl, task_id=download_and_load_raw, run_id=scheduled__2024-11-09T00:00:00+00:00, execution_date=20241109T000000, start_date=20260209T122645, end_date=20260209T122646
[2026-02-09T12:26:46.071+0000] {local_task_job_runner.py:243} INFO - Task exited with return code 0
[2026-02-09T12:26:46.090+0000] {taskinstance.py:3503} INFO - 0 downstream tasks scheduled from follow-on schedule check
[2026-02-09T12:26:46.092+0000] {local_task_job_runner.py:222} INFO - ::endgroup::
