[2026-02-07T14:35:55.789+0000] {local_task_job_runner.py:120} INFO - ::group::Pre task execution logs
[2026-02-07T14:35:55.829+0000] {taskinstance.py:2076} INFO - Dependencies all met for dep_context=non-requeueable deps ti=<TaskInstance: stock_msft.download scheduled__2024-11-17T00:00:00+00:00 [queued]>
[2026-02-07T14:35:55.846+0000] {taskinstance.py:2076} INFO - Dependencies all met for dep_context=requeueable deps ti=<TaskInstance: stock_msft.download scheduled__2024-11-17T00:00:00+00:00 [queued]>
[2026-02-07T14:35:55.847+0000] {taskinstance.py:2306} INFO - Starting attempt 1 of 1
[2026-02-07T14:35:55.866+0000] {taskinstance.py:2330} INFO - Executing <Task(PythonOperator): download> on 2024-11-17 00:00:00+00:00
[2026-02-07T14:35:55.883+0000] {logging_mixin.py:188} WARNING - /home/***/.local/lib/python3.12/site-packages/***/task/task_runner/standard_task_runner.py:62 DeprecationWarning: This process (pid=6217) is multi-threaded, use of fork() may lead to deadlocks in the child.
[2026-02-07T14:35:55.885+0000] {standard_task_runner.py:64} INFO - Started process 6227 to run task
[2026-02-07T14:35:55.883+0000] {standard_task_runner.py:90} INFO - Running: ['***', 'tasks', 'run', 'stock_msft', 'download', 'scheduled__2024-11-17T00:00:00+00:00', '--job-id', '1324', '--raw', '--subdir', 'DAGS_FOLDER/stocks_dags.py', '--cfg-path', '/tmp/tmp84k5e8m5']
[2026-02-07T14:35:55.887+0000] {standard_task_runner.py:91} INFO - Job 1324: Subtask download
[2026-02-07T14:35:55.971+0000] {task_command.py:426} INFO - Running <TaskInstance: stock_msft.download scheduled__2024-11-17T00:00:00+00:00 [running]> on host 5adf8c44a70f
[2026-02-07T14:35:56.099+0000] {taskinstance.py:2648} INFO - Exporting env vars: AIRFLOW_CTX_DAG_OWNER='***' AIRFLOW_CTX_DAG_ID='stock_msft' AIRFLOW_CTX_TASK_ID='download' AIRFLOW_CTX_EXECUTION_DATE='2024-11-17T00:00:00+00:00' AIRFLOW_CTX_TRY_NUMBER='1' AIRFLOW_CTX_DAG_RUN_ID='scheduled__2024-11-17T00:00:00+00:00'
[2026-02-07T14:35:56.101+0000] {taskinstance.py:430} INFO - ::endgroup::
[2026-02-07T14:35:56.119+0000] {logging_mixin.py:188} INFO - Downloading MSFT from 2024-11-17 to 2024-11-18
[2026-02-07T14:35:56.121+0000] {logging_mixin.py:188} WARNING - /opt/***/dags/stocks_dags.py:22 FutureWarning: YF.download() has changed argument auto_adjust default to True
[2026-02-07T14:35:56.132+0000] {logging_mixin.py:188} WARNING - /home/***/.local/lib/python3.12/site-packages/yfinance/scrapers/history.py:204 Pandas4Warning: Timestamp.utcnow is deprecated and will be removed in a future version. Use Timestamp.now('UTC') instead.
[2026-02-07T14:35:56.618+0000] {multi.py:185} ERROR - 
1 Failed download:
[2026-02-07T14:35:56.619+0000] {multi.py:198} ERROR - ['MSFT']: YFPricesMissingError('possibly delisted; no price data found  (1d 2024-11-17 -> 2024-11-18)')
[2026-02-07T14:35:56.645+0000] {logging_mixin.py:188} INFO - No data
[2026-02-07T14:35:56.646+0000] {python.py:237} INFO - Done. Returned value was: None
[2026-02-07T14:35:56.646+0000] {taskinstance.py:441} INFO - ::group::Post task execution logs
[2026-02-07T14:35:56.659+0000] {taskinstance.py:1206} INFO - Marking task as SUCCESS. dag_id=stock_msft, task_id=download, run_id=scheduled__2024-11-17T00:00:00+00:00, execution_date=20241117T000000, start_date=20260207T143555, end_date=20260207T143556
[2026-02-07T14:35:56.702+0000] {local_task_job_runner.py:243} INFO - Task exited with return code 0
[2026-02-07T14:35:56.726+0000] {taskinstance.py:3503} INFO - 0 downstream tasks scheduled from follow-on schedule check
[2026-02-07T14:35:56.730+0000] {local_task_job_runner.py:222} INFO - ::endgroup::
