[2026-02-09T10:09:20.022+0000] {local_task_job_runner.py:120} INFO - ::group::Pre task execution logs
[2026-02-09T10:09:20.063+0000] {taskinstance.py:2076} INFO - Dependencies all met for dep_context=non-requeueable deps ti=<TaskInstance: stock_raw_aapl.download_and_load_raw scheduled__2024-03-02T00:00:00+00:00 [queued]>
[2026-02-09T10:09:20.073+0000] {taskinstance.py:2076} INFO - Dependencies all met for dep_context=requeueable deps ti=<TaskInstance: stock_raw_aapl.download_and_load_raw scheduled__2024-03-02T00:00:00+00:00 [queued]>
[2026-02-09T10:09:20.074+0000] {taskinstance.py:2306} INFO - Starting attempt 1 of 1
[2026-02-09T10:09:20.093+0000] {taskinstance.py:2330} INFO - Executing <Task(PythonOperator): download_and_load_raw> on 2024-03-02 00:00:00+00:00
[2026-02-09T10:09:20.109+0000] {logging_mixin.py:188} WARNING - /home/***/.local/lib/python3.12/site-packages/***/task/task_runner/standard_task_runner.py:62 DeprecationWarning: This process (pid=2285) is multi-threaded, use of fork() may lead to deadlocks in the child.
[2026-02-09T10:09:20.110+0000] {standard_task_runner.py:64} INFO - Started process 2297 to run task
[2026-02-09T10:09:20.109+0000] {standard_task_runner.py:90} INFO - Running: ['***', 'tasks', 'run', 'stock_raw_aapl', 'download_and_load_raw', 'scheduled__2024-03-02T00:00:00+00:00', '--job-id', '3136', '--raw', '--subdir', 'DAGS_FOLDER/stocks_dwh/raw/stocks_raw_dags.py', '--cfg-path', '/tmp/tmpohhy6sqp']
[2026-02-09T10:09:20.111+0000] {standard_task_runner.py:91} INFO - Job 3136: Subtask download_and_load_raw
[2026-02-09T10:09:20.195+0000] {task_command.py:426} INFO - Running <TaskInstance: stock_raw_aapl.download_and_load_raw scheduled__2024-03-02T00:00:00+00:00 [running]> on host b6b9e92e7d61
[2026-02-09T10:09:20.304+0000] {taskinstance.py:2648} INFO - Exporting env vars: AIRFLOW_CTX_DAG_OWNER='***' AIRFLOW_CTX_DAG_ID='stock_raw_aapl' AIRFLOW_CTX_TASK_ID='download_and_load_raw' AIRFLOW_CTX_EXECUTION_DATE='2024-03-02T00:00:00+00:00' AIRFLOW_CTX_TRY_NUMBER='1' AIRFLOW_CTX_DAG_RUN_ID='scheduled__2024-03-02T00:00:00+00:00'
[2026-02-09T10:09:20.305+0000] {taskinstance.py:430} INFO - ::endgroup::
[2026-02-09T10:09:20.321+0000] {logging_mixin.py:188} INFO - [RAW] Download AAPL [1d] 2024-03-02..2024-03-03
[2026-02-09T10:09:20.324+0000] {logging_mixin.py:188} WARNING - /opt/***/dags/stocks_dwh/raw/stocks_raw_dags.py:38 FutureWarning: YF.download() has changed argument auto_adjust default to True
[2026-02-09T10:09:20.335+0000] {logging_mixin.py:188} WARNING - /home/***/.local/lib/python3.12/site-packages/yfinance/scrapers/history.py:204 Pandas4Warning: Timestamp.utcnow is deprecated and will be removed in a future version. Use Timestamp.now('UTC') instead.
[2026-02-09T10:09:20.815+0000] {multi.py:185} ERROR - 
1 Failed download:
[2026-02-09T10:09:20.817+0000] {multi.py:198} ERROR - ['AAPL']: YFPricesMissingError('possibly delisted; no price data found  (1d 2024-03-02 -> 2024-03-03)')
[2026-02-09T10:09:20.832+0000] {logging_mixin.py:188} INFO - [RAW] No data from yfinance
[2026-02-09T10:09:20.833+0000] {python.py:237} INFO - Done. Returned value was: None
[2026-02-09T10:09:20.834+0000] {taskinstance.py:441} INFO - ::group::Post task execution logs
[2026-02-09T10:09:20.843+0000] {taskinstance.py:1206} INFO - Marking task as SUCCESS. dag_id=stock_raw_aapl, task_id=download_and_load_raw, run_id=scheduled__2024-03-02T00:00:00+00:00, execution_date=20240302T000000, start_date=20260209T100920, end_date=20260209T100920
[2026-02-09T10:09:20.887+0000] {local_task_job_runner.py:243} INFO - Task exited with return code 0
[2026-02-09T10:09:20.906+0000] {taskinstance.py:3503} INFO - 0 downstream tasks scheduled from follow-on schedule check
[2026-02-09T10:09:20.908+0000] {local_task_job_runner.py:222} INFO - ::endgroup::
[2026-02-09T12:13:22.580+0000] {local_task_job_runner.py:120} INFO - ::group::Pre task execution logs
[2026-02-09T12:13:22.611+0000] {taskinstance.py:2076} INFO - Dependencies all met for dep_context=non-requeueable deps ti=<TaskInstance: stock_raw_aapl.download_and_load_raw scheduled__2024-03-02T00:00:00+00:00 [queued]>
[2026-02-09T12:13:22.620+0000] {taskinstance.py:2076} INFO - Dependencies all met for dep_context=requeueable deps ti=<TaskInstance: stock_raw_aapl.download_and_load_raw scheduled__2024-03-02T00:00:00+00:00 [queued]>
[2026-02-09T12:13:22.621+0000] {taskinstance.py:2306} INFO - Starting attempt 1 of 1
[2026-02-09T12:13:22.632+0000] {taskinstance.py:2330} INFO - Executing <Task(PythonOperator): download_and_load_raw> on 2024-03-02 00:00:00+00:00
[2026-02-09T12:13:22.643+0000] {logging_mixin.py:188} WARNING - /home/***/.local/lib/python3.12/site-packages/***/task/task_runner/standard_task_runner.py:62 DeprecationWarning: This process (pid=13939) is multi-threaded, use of fork() may lead to deadlocks in the child.
[2026-02-09T12:13:22.644+0000] {standard_task_runner.py:64} INFO - Started process 13943 to run task
[2026-02-09T12:13:22.643+0000] {standard_task_runner.py:90} INFO - Running: ['***', 'tasks', 'run', 'stock_raw_aapl', 'download_and_load_raw', 'scheduled__2024-03-02T00:00:00+00:00', '--job-id', '6873', '--raw', '--subdir', 'DAGS_FOLDER/stocks_dwh/raw/stocks_raw_dags.py', '--cfg-path', '/tmp/tmppyy_1tij']
[2026-02-09T12:13:22.645+0000] {standard_task_runner.py:91} INFO - Job 6873: Subtask download_and_load_raw
[2026-02-09T12:13:22.704+0000] {task_command.py:426} INFO - Running <TaskInstance: stock_raw_aapl.download_and_load_raw scheduled__2024-03-02T00:00:00+00:00 [running]> on host 4886d37bc122
[2026-02-09T12:13:22.788+0000] {taskinstance.py:2648} INFO - Exporting env vars: AIRFLOW_CTX_DAG_OWNER='***' AIRFLOW_CTX_DAG_ID='stock_raw_aapl' AIRFLOW_CTX_TASK_ID='download_and_load_raw' AIRFLOW_CTX_EXECUTION_DATE='2024-03-02T00:00:00+00:00' AIRFLOW_CTX_TRY_NUMBER='1' AIRFLOW_CTX_DAG_RUN_ID='scheduled__2024-03-02T00:00:00+00:00'
[2026-02-09T12:13:22.789+0000] {taskinstance.py:430} INFO - ::endgroup::
[2026-02-09T12:13:22.801+0000] {stocks_raw_dags.py:37} INFO - 2024-03-02 00:00:00+00:00, 2024-03-03 00:00:00+00:00
[2026-02-09T12:13:22.801+0000] {logging_mixin.py:188} INFO - [RAW] Download AAPL [1d] 2024-03-01..2024-03-03
[2026-02-09T12:13:22.803+0000] {logging_mixin.py:188} WARNING - /opt/***/dags/stocks_dwh/raw/stocks_raw_dags.py:42 FutureWarning: YF.download() has changed argument auto_adjust default to True
[2026-02-09T12:13:22.811+0000] {logging_mixin.py:188} WARNING - /home/***/.local/lib/python3.12/site-packages/yfinance/scrapers/history.py:204 Pandas4Warning: Timestamp.utcnow is deprecated and will be removed in a future version. Use Timestamp.now('UTC') instead.
[2026-02-09T12:13:23.346+0000] {logging_mixin.py:188} WARNING - [*********************100%***********************]  1 of 1 completed
[2026-02-09T12:13:23.389+0000] {base.py:84} INFO - Using connection ID 'dwh_clickhouse' for task execution.
[2026-02-09T12:13:23.412+0000] {logging_mixin.py:188} INFO - [RAW] Deleted existing rows for AAPL in 2024-03-01..2024-03-03
[2026-02-09T12:13:23.427+0000] {logging_mixin.py:188} INFO - [RAW] Inserted 1 rows into dwh.raw_stock_prices
[2026-02-09T12:13:23.428+0000] {python.py:237} INFO - Done. Returned value was: None
[2026-02-09T12:13:23.429+0000] {taskinstance.py:441} INFO - ::group::Post task execution logs
[2026-02-09T12:13:23.438+0000] {taskinstance.py:1206} INFO - Marking task as SUCCESS. dag_id=stock_raw_aapl, task_id=download_and_load_raw, run_id=scheduled__2024-03-02T00:00:00+00:00, execution_date=20240302T000000, start_date=20260209T121322, end_date=20260209T121323
[2026-02-09T12:13:23.500+0000] {local_task_job_runner.py:243} INFO - Task exited with return code 0
[2026-02-09T12:13:23.517+0000] {taskinstance.py:3503} INFO - 0 downstream tasks scheduled from follow-on schedule check
[2026-02-09T12:13:23.519+0000] {local_task_job_runner.py:222} INFO - ::endgroup::
