[2026-02-09T10:10:53.215+0000] {local_task_job_runner.py:120} INFO - ::group::Pre task execution logs
[2026-02-09T10:10:53.253+0000] {taskinstance.py:2076} INFO - Dependencies all met for dep_context=non-requeueable deps ti=<TaskInstance: stock_raw_aapl.download_and_load_raw scheduled__2024-03-30T00:00:00+00:00 [queued]>
[2026-02-09T10:10:53.264+0000] {taskinstance.py:2076} INFO - Dependencies all met for dep_context=requeueable deps ti=<TaskInstance: stock_raw_aapl.download_and_load_raw scheduled__2024-03-30T00:00:00+00:00 [queued]>
[2026-02-09T10:10:53.264+0000] {taskinstance.py:2306} INFO - Starting attempt 1 of 1
[2026-02-09T10:10:53.279+0000] {taskinstance.py:2330} INFO - Executing <Task(PythonOperator): download_and_load_raw> on 2024-03-30 00:00:00+00:00
[2026-02-09T10:10:53.292+0000] {logging_mixin.py:188} WARNING - /home/***/.local/lib/python3.12/site-packages/***/task/task_runner/standard_task_runner.py:62 DeprecationWarning: This process (pid=2861) is multi-threaded, use of fork() may lead to deadlocks in the child.
[2026-02-09T10:10:53.294+0000] {standard_task_runner.py:64} INFO - Started process 2876 to run task
[2026-02-09T10:10:53.292+0000] {standard_task_runner.py:90} INFO - Running: ['***', 'tasks', 'run', 'stock_raw_aapl', 'download_and_load_raw', 'scheduled__2024-03-30T00:00:00+00:00', '--job-id', '3269', '--raw', '--subdir', 'DAGS_FOLDER/stocks_dwh/raw/stocks_raw_dags.py', '--cfg-path', '/tmp/tmpdvydfna9']
[2026-02-09T10:10:53.295+0000] {standard_task_runner.py:91} INFO - Job 3269: Subtask download_and_load_raw
[2026-02-09T10:10:53.376+0000] {task_command.py:426} INFO - Running <TaskInstance: stock_raw_aapl.download_and_load_raw scheduled__2024-03-30T00:00:00+00:00 [running]> on host b6b9e92e7d61
[2026-02-09T10:10:53.489+0000] {taskinstance.py:2648} INFO - Exporting env vars: AIRFLOW_CTX_DAG_OWNER='***' AIRFLOW_CTX_DAG_ID='stock_raw_aapl' AIRFLOW_CTX_TASK_ID='download_and_load_raw' AIRFLOW_CTX_EXECUTION_DATE='2024-03-30T00:00:00+00:00' AIRFLOW_CTX_TRY_NUMBER='1' AIRFLOW_CTX_DAG_RUN_ID='scheduled__2024-03-30T00:00:00+00:00'
[2026-02-09T10:10:53.490+0000] {taskinstance.py:430} INFO - ::endgroup::
[2026-02-09T10:10:53.503+0000] {logging_mixin.py:188} INFO - [RAW] Download AAPL [1d] 2024-03-30..2024-03-31
[2026-02-09T10:10:53.505+0000] {logging_mixin.py:188} WARNING - /opt/***/dags/stocks_dwh/raw/stocks_raw_dags.py:38 FutureWarning: YF.download() has changed argument auto_adjust default to True
[2026-02-09T10:10:53.515+0000] {logging_mixin.py:188} WARNING - /home/***/.local/lib/python3.12/site-packages/yfinance/scrapers/history.py:204 Pandas4Warning: Timestamp.utcnow is deprecated and will be removed in a future version. Use Timestamp.now('UTC') instead.
[2026-02-09T10:10:54.217+0000] {multi.py:185} ERROR - 
1 Failed download:
[2026-02-09T10:10:54.218+0000] {multi.py:198} ERROR - ['AAPL']: YFPricesMissingError('possibly delisted; no price data found  (1d 2024-03-30 -> 2024-03-31)')
[2026-02-09T10:10:54.232+0000] {logging_mixin.py:188} INFO - [RAW] No data from yfinance
[2026-02-09T10:10:54.234+0000] {python.py:237} INFO - Done. Returned value was: None
[2026-02-09T10:10:54.234+0000] {taskinstance.py:441} INFO - ::group::Post task execution logs
[2026-02-09T10:10:54.243+0000] {taskinstance.py:1206} INFO - Marking task as SUCCESS. dag_id=stock_raw_aapl, task_id=download_and_load_raw, run_id=scheduled__2024-03-30T00:00:00+00:00, execution_date=20240330T000000, start_date=20260209T101053, end_date=20260209T101054
[2026-02-09T10:10:54.272+0000] {local_task_job_runner.py:243} INFO - Task exited with return code 0
[2026-02-09T10:10:54.288+0000] {taskinstance.py:3503} INFO - 0 downstream tasks scheduled from follow-on schedule check
[2026-02-09T10:10:54.290+0000] {local_task_job_runner.py:222} INFO - ::endgroup::
[2026-02-09T12:14:50.209+0000] {local_task_job_runner.py:120} INFO - ::group::Pre task execution logs
[2026-02-09T12:14:50.239+0000] {taskinstance.py:2076} INFO - Dependencies all met for dep_context=non-requeueable deps ti=<TaskInstance: stock_raw_aapl.download_and_load_raw scheduled__2024-03-30T00:00:00+00:00 [queued]>
[2026-02-09T12:14:50.251+0000] {taskinstance.py:2076} INFO - Dependencies all met for dep_context=requeueable deps ti=<TaskInstance: stock_raw_aapl.download_and_load_raw scheduled__2024-03-30T00:00:00+00:00 [queued]>
[2026-02-09T12:14:50.252+0000] {taskinstance.py:2306} INFO - Starting attempt 1 of 1
[2026-02-09T12:14:50.265+0000] {taskinstance.py:2330} INFO - Executing <Task(PythonOperator): download_and_load_raw> on 2024-03-30 00:00:00+00:00
[2026-02-09T12:14:50.279+0000] {logging_mixin.py:188} WARNING - /home/***/.local/lib/python3.12/site-packages/***/task/task_runner/standard_task_runner.py:62 DeprecationWarning: This process (pid=14200) is multi-threaded, use of fork() may lead to deadlocks in the child.
[2026-02-09T12:14:50.281+0000] {standard_task_runner.py:64} INFO - Started process 14203 to run task
[2026-02-09T12:14:50.280+0000] {standard_task_runner.py:90} INFO - Running: ['***', 'tasks', 'run', 'stock_raw_aapl', 'download_and_load_raw', 'scheduled__2024-03-30T00:00:00+00:00', '--job-id', '6929', '--raw', '--subdir', 'DAGS_FOLDER/stocks_dwh/raw/stocks_raw_dags.py', '--cfg-path', '/tmp/tmpouyi7oxw']
[2026-02-09T12:14:50.283+0000] {standard_task_runner.py:91} INFO - Job 6929: Subtask download_and_load_raw
[2026-02-09T12:14:50.366+0000] {task_command.py:426} INFO - Running <TaskInstance: stock_raw_aapl.download_and_load_raw scheduled__2024-03-30T00:00:00+00:00 [running]> on host 4886d37bc122
[2026-02-09T12:14:50.467+0000] {taskinstance.py:2648} INFO - Exporting env vars: AIRFLOW_CTX_DAG_OWNER='***' AIRFLOW_CTX_DAG_ID='stock_raw_aapl' AIRFLOW_CTX_TASK_ID='download_and_load_raw' AIRFLOW_CTX_EXECUTION_DATE='2024-03-30T00:00:00+00:00' AIRFLOW_CTX_TRY_NUMBER='1' AIRFLOW_CTX_DAG_RUN_ID='scheduled__2024-03-30T00:00:00+00:00'
[2026-02-09T12:14:50.470+0000] {taskinstance.py:430} INFO - ::endgroup::
[2026-02-09T12:14:50.481+0000] {stocks_raw_dags.py:37} INFO - 2024-03-30 00:00:00+00:00, 2024-03-31 00:00:00+00:00
[2026-02-09T12:14:50.481+0000] {logging_mixin.py:188} INFO - [RAW] Download AAPL [1d] 2024-03-29..2024-03-31
[2026-02-09T12:14:50.484+0000] {logging_mixin.py:188} WARNING - /opt/***/dags/stocks_dwh/raw/stocks_raw_dags.py:42 FutureWarning: YF.download() has changed argument auto_adjust default to True
[2026-02-09T12:14:50.492+0000] {logging_mixin.py:188} WARNING - /home/***/.local/lib/python3.12/site-packages/yfinance/scrapers/history.py:204 Pandas4Warning: Timestamp.utcnow is deprecated and will be removed in a future version. Use Timestamp.now('UTC') instead.
[2026-02-09T12:14:50.984+0000] {logging_mixin.py:188} WARNING - [*********************100%***********************]  1 of 1 completed
[2026-02-09T12:14:50.985+0000] {multi.py:185} ERROR - 
1 Failed download:
[2026-02-09T12:14:50.986+0000] {multi.py:198} ERROR - ['AAPL']: YFPricesMissingError('possibly delisted; no price data found  (1d 2024-03-29 -> 2024-03-31)')
[2026-02-09T12:14:50.999+0000] {logging_mixin.py:188} INFO - [RAW] No data from yfinance
[2026-02-09T12:14:51.000+0000] {python.py:237} INFO - Done. Returned value was: None
[2026-02-09T12:14:51.000+0000] {taskinstance.py:441} INFO - ::group::Post task execution logs
[2026-02-09T12:14:51.009+0000] {taskinstance.py:1206} INFO - Marking task as SUCCESS. dag_id=stock_raw_aapl, task_id=download_and_load_raw, run_id=scheduled__2024-03-30T00:00:00+00:00, execution_date=20240330T000000, start_date=20260209T121450, end_date=20260209T121451
[2026-02-09T12:14:51.058+0000] {local_task_job_runner.py:243} INFO - Task exited with return code 0
[2026-02-09T12:14:51.078+0000] {taskinstance.py:3503} INFO - 0 downstream tasks scheduled from follow-on schedule check
[2026-02-09T12:14:51.080+0000] {local_task_job_runner.py:222} INFO - ::endgroup::
