[2026-02-09T10:23:43.657+0000] {local_task_job_runner.py:120} INFO - ::group::Pre task execution logs
[2026-02-09T10:23:43.688+0000] {taskinstance.py:2076} INFO - Dependencies all met for dep_context=non-requeueable deps ti=<TaskInstance: stock_raw_msft.download_and_load_raw scheduled__2024-10-13T00:00:00+00:00 [queued]>
[2026-02-09T10:23:43.696+0000] {taskinstance.py:2076} INFO - Dependencies all met for dep_context=requeueable deps ti=<TaskInstance: stock_raw_msft.download_and_load_raw scheduled__2024-10-13T00:00:00+00:00 [queued]>
[2026-02-09T10:23:43.697+0000] {taskinstance.py:2306} INFO - Starting attempt 1 of 1
[2026-02-09T10:23:43.707+0000] {taskinstance.py:2330} INFO - Executing <Task(PythonOperator): download_and_load_raw> on 2024-10-13 00:00:00+00:00
[2026-02-09T10:23:43.722+0000] {logging_mixin.py:188} WARNING - /home/***/.local/lib/python3.12/site-packages/***/task/task_runner/standard_task_runner.py:62 DeprecationWarning: This process (pid=808) is multi-threaded, use of fork() may lead to deadlocks in the child.
[2026-02-09T10:23:43.723+0000] {standard_task_runner.py:64} INFO - Started process 817 to run task
[2026-02-09T10:23:43.722+0000] {standard_task_runner.py:90} INFO - Running: ['***', 'tasks', 'run', 'stock_raw_msft', 'download_and_load_raw', 'scheduled__2024-10-13T00:00:00+00:00', '--job-id', '4250', '--raw', '--subdir', 'DAGS_FOLDER/stocks_dwh/raw/stocks_raw_dags.py', '--cfg-path', '/tmp/tmprbn54sp4']
[2026-02-09T10:23:43.725+0000] {standard_task_runner.py:91} INFO - Job 4250: Subtask download_and_load_raw
[2026-02-09T10:23:43.788+0000] {task_command.py:426} INFO - Running <TaskInstance: stock_raw_msft.download_and_load_raw scheduled__2024-10-13T00:00:00+00:00 [running]> on host 4886d37bc122
[2026-02-09T10:23:43.880+0000] {taskinstance.py:2648} INFO - Exporting env vars: AIRFLOW_CTX_DAG_OWNER='***' AIRFLOW_CTX_DAG_ID='stock_raw_msft' AIRFLOW_CTX_TASK_ID='download_and_load_raw' AIRFLOW_CTX_EXECUTION_DATE='2024-10-13T00:00:00+00:00' AIRFLOW_CTX_TRY_NUMBER='1' AIRFLOW_CTX_DAG_RUN_ID='scheduled__2024-10-13T00:00:00+00:00'
[2026-02-09T10:23:43.881+0000] {taskinstance.py:430} INFO - ::endgroup::
[2026-02-09T10:23:43.892+0000] {logging_mixin.py:188} INFO - [RAW] Download MSFT [1d] 2024-10-13..2024-10-14
[2026-02-09T10:23:43.894+0000] {logging_mixin.py:188} WARNING - /opt/***/dags/stocks_dwh/raw/stocks_raw_dags.py:38 FutureWarning: YF.download() has changed argument auto_adjust default to True
[2026-02-09T10:23:43.902+0000] {logging_mixin.py:188} WARNING - /home/***/.local/lib/python3.12/site-packages/yfinance/scrapers/history.py:204 Pandas4Warning: Timestamp.utcnow is deprecated and will be removed in a future version. Use Timestamp.now('UTC') instead.
[2026-02-09T10:23:44.432+0000] {multi.py:185} ERROR - 
1 Failed download:
[2026-02-09T10:23:44.433+0000] {multi.py:198} ERROR - ['MSFT']: YFPricesMissingError('possibly delisted; no price data found  (1d 2024-10-13 -> 2024-10-14)')
[2026-02-09T10:23:44.445+0000] {logging_mixin.py:188} INFO - [RAW] No data from yfinance
[2026-02-09T10:23:44.445+0000] {python.py:237} INFO - Done. Returned value was: None
[2026-02-09T10:23:44.446+0000] {taskinstance.py:441} INFO - ::group::Post task execution logs
[2026-02-09T10:23:44.455+0000] {taskinstance.py:1206} INFO - Marking task as SUCCESS. dag_id=stock_raw_msft, task_id=download_and_load_raw, run_id=scheduled__2024-10-13T00:00:00+00:00, execution_date=20241013T000000, start_date=20260209T102343, end_date=20260209T102344
[2026-02-09T10:23:44.500+0000] {local_task_job_runner.py:243} INFO - Task exited with return code 0
[2026-02-09T10:23:44.516+0000] {taskinstance.py:3503} INFO - 0 downstream tasks scheduled from follow-on schedule check
[2026-02-09T10:23:44.517+0000] {local_task_job_runner.py:222} INFO - ::endgroup::
