[2026-02-09T10:28:46.904+0000] {local_task_job_runner.py:120} INFO - ::group::Pre task execution logs
[2026-02-09T10:28:46.938+0000] {taskinstance.py:2076} INFO - Dependencies all met for dep_context=non-requeueable deps ti=<TaskInstance: stock_raw_aapl.download_and_load_raw scheduled__2025-01-18T00:00:00+00:00 [queued]>
[2026-02-09T10:28:46.946+0000] {taskinstance.py:2076} INFO - Dependencies all met for dep_context=requeueable deps ti=<TaskInstance: stock_raw_aapl.download_and_load_raw scheduled__2025-01-18T00:00:00+00:00 [queued]>
[2026-02-09T10:28:46.947+0000] {taskinstance.py:2306} INFO - Starting attempt 1 of 1
[2026-02-09T10:28:46.959+0000] {taskinstance.py:2330} INFO - Executing <Task(PythonOperator): download_and_load_raw> on 2025-01-18 00:00:00+00:00
[2026-02-09T10:28:46.973+0000] {logging_mixin.py:188} WARNING - /home/***/.local/lib/python3.12/site-packages/***/task/task_runner/standard_task_runner.py:62 DeprecationWarning: This process (pid=2836) is multi-threaded, use of fork() may lead to deadlocks in the child.
[2026-02-09T10:28:46.973+0000] {standard_task_runner.py:90} INFO - Running: ['***', 'tasks', 'run', 'stock_raw_aapl', 'download_and_load_raw', 'scheduled__2025-01-18T00:00:00+00:00', '--job-id', '4726', '--raw', '--subdir', 'DAGS_FOLDER/stocks_dwh/raw/stocks_raw_dags.py', '--cfg-path', '/tmp/tmp_rqhjkc7']
[2026-02-09T10:28:46.977+0000] {standard_task_runner.py:64} INFO - Started process 2850 to run task
[2026-02-09T10:28:46.977+0000] {standard_task_runner.py:91} INFO - Job 4726: Subtask download_and_load_raw
[2026-02-09T10:28:47.041+0000] {task_command.py:426} INFO - Running <TaskInstance: stock_raw_aapl.download_and_load_raw scheduled__2025-01-18T00:00:00+00:00 [running]> on host 4886d37bc122
[2026-02-09T10:28:47.137+0000] {taskinstance.py:2648} INFO - Exporting env vars: AIRFLOW_CTX_DAG_OWNER='***' AIRFLOW_CTX_DAG_ID='stock_raw_aapl' AIRFLOW_CTX_TASK_ID='download_and_load_raw' AIRFLOW_CTX_EXECUTION_DATE='2025-01-18T00:00:00+00:00' AIRFLOW_CTX_TRY_NUMBER='1' AIRFLOW_CTX_DAG_RUN_ID='scheduled__2025-01-18T00:00:00+00:00'
[2026-02-09T10:28:47.138+0000] {taskinstance.py:430} INFO - ::endgroup::
[2026-02-09T10:28:47.149+0000] {logging_mixin.py:188} INFO - [RAW] Download AAPL [1d] 2025-01-18..2025-01-19
[2026-02-09T10:28:47.151+0000] {logging_mixin.py:188} WARNING - /opt/***/dags/stocks_dwh/raw/stocks_raw_dags.py:38 FutureWarning: YF.download() has changed argument auto_adjust default to True
[2026-02-09T10:28:47.160+0000] {logging_mixin.py:188} WARNING - /home/***/.local/lib/python3.12/site-packages/yfinance/scrapers/history.py:204 Pandas4Warning: Timestamp.utcnow is deprecated and will be removed in a future version. Use Timestamp.now('UTC') instead.
[2026-02-09T10:28:47.658+0000] {multi.py:185} ERROR - 
1 Failed download:
[2026-02-09T10:28:47.659+0000] {multi.py:198} ERROR - ['AAPL']: YFPricesMissingError('possibly delisted; no price data found  (1d 2025-01-18 -> 2025-01-19)')
[2026-02-09T10:28:47.678+0000] {logging_mixin.py:188} INFO - [RAW] No data from yfinance
[2026-02-09T10:28:47.679+0000] {python.py:237} INFO - Done. Returned value was: None
[2026-02-09T10:28:47.680+0000] {taskinstance.py:441} INFO - ::group::Post task execution logs
[2026-02-09T10:28:47.694+0000] {taskinstance.py:1206} INFO - Marking task as SUCCESS. dag_id=stock_raw_aapl, task_id=download_and_load_raw, run_id=scheduled__2025-01-18T00:00:00+00:00, execution_date=20250118T000000, start_date=20260209T102846, end_date=20260209T102847
[2026-02-09T10:28:47.753+0000] {local_task_job_runner.py:243} INFO - Task exited with return code 0
[2026-02-09T10:28:47.772+0000] {taskinstance.py:3503} INFO - 0 downstream tasks scheduled from follow-on schedule check
[2026-02-09T10:28:47.774+0000] {local_task_job_runner.py:222} INFO - ::endgroup::
[2026-02-09T12:30:20.395+0000] {local_task_job_runner.py:120} INFO - ::group::Pre task execution logs
[2026-02-09T12:30:20.425+0000] {taskinstance.py:2076} INFO - Dependencies all met for dep_context=non-requeueable deps ti=<TaskInstance: stock_raw_aapl.download_and_load_raw scheduled__2025-01-18T00:00:00+00:00 [queued]>
[2026-02-09T12:30:20.431+0000] {taskinstance.py:2076} INFO - Dependencies all met for dep_context=requeueable deps ti=<TaskInstance: stock_raw_aapl.download_and_load_raw scheduled__2025-01-18T00:00:00+00:00 [queued]>
[2026-02-09T12:30:20.433+0000] {taskinstance.py:2306} INFO - Starting attempt 1 of 1
[2026-02-09T12:30:20.444+0000] {taskinstance.py:2330} INFO - Executing <Task(PythonOperator): download_and_load_raw> on 2025-01-18 00:00:00+00:00
[2026-02-09T12:30:20.455+0000] {logging_mixin.py:188} WARNING - /home/***/.local/lib/python3.12/site-packages/***/task/task_runner/standard_task_runner.py:62 DeprecationWarning: This process (pid=16923) is multi-threaded, use of fork() may lead to deadlocks in the child.
[2026-02-09T12:30:20.457+0000] {standard_task_runner.py:64} INFO - Started process 16926 to run task
[2026-02-09T12:30:20.455+0000] {standard_task_runner.py:90} INFO - Running: ['***', 'tasks', 'run', 'stock_raw_aapl', 'download_and_load_raw', 'scheduled__2025-01-18T00:00:00+00:00', '--job-id', '7518', '--raw', '--subdir', 'DAGS_FOLDER/stocks_dwh/raw/stocks_raw_dags.py', '--cfg-path', '/tmp/tmpcfdykboq']
[2026-02-09T12:30:20.457+0000] {standard_task_runner.py:91} INFO - Job 7518: Subtask download_and_load_raw
[2026-02-09T12:30:20.520+0000] {task_command.py:426} INFO - Running <TaskInstance: stock_raw_aapl.download_and_load_raw scheduled__2025-01-18T00:00:00+00:00 [running]> on host 4886d37bc122
[2026-02-09T12:30:20.605+0000] {taskinstance.py:2648} INFO - Exporting env vars: AIRFLOW_CTX_DAG_OWNER='***' AIRFLOW_CTX_DAG_ID='stock_raw_aapl' AIRFLOW_CTX_TASK_ID='download_and_load_raw' AIRFLOW_CTX_EXECUTION_DATE='2025-01-18T00:00:00+00:00' AIRFLOW_CTX_TRY_NUMBER='1' AIRFLOW_CTX_DAG_RUN_ID='scheduled__2025-01-18T00:00:00+00:00'
[2026-02-09T12:30:20.606+0000] {taskinstance.py:430} INFO - ::endgroup::
[2026-02-09T12:30:20.616+0000] {stocks_raw_dags.py:37} INFO - 2025-01-18 00:00:00+00:00, 2025-01-19 00:00:00+00:00
[2026-02-09T12:30:20.617+0000] {logging_mixin.py:188} INFO - [RAW] Download AAPL [1d] 2025-01-17..2025-01-19
[2026-02-09T12:30:20.619+0000] {logging_mixin.py:188} WARNING - /opt/***/dags/stocks_dwh/raw/stocks_raw_dags.py:42 FutureWarning: YF.download() has changed argument auto_adjust default to True
[2026-02-09T12:30:20.627+0000] {logging_mixin.py:188} WARNING - /home/***/.local/lib/python3.12/site-packages/yfinance/scrapers/history.py:204 Pandas4Warning: Timestamp.utcnow is deprecated and will be removed in a future version. Use Timestamp.now('UTC') instead.
[2026-02-09T12:30:21.233+0000] {logging_mixin.py:188} WARNING - [*********************100%***********************]  1 of 1 completed
[2026-02-09T12:30:21.276+0000] {base.py:84} INFO - Using connection ID 'dwh_clickhouse' for task execution.
[2026-02-09T12:30:21.304+0000] {logging_mixin.py:188} INFO - [RAW] Deleted existing rows for AAPL in 2025-01-17..2025-01-19
[2026-02-09T12:30:21.316+0000] {logging_mixin.py:188} INFO - [RAW] Inserted 1 rows into dwh.raw_stock_prices
[2026-02-09T12:30:21.317+0000] {python.py:237} INFO - Done. Returned value was: None
[2026-02-09T12:30:21.318+0000] {taskinstance.py:441} INFO - ::group::Post task execution logs
[2026-02-09T12:30:21.328+0000] {taskinstance.py:1206} INFO - Marking task as SUCCESS. dag_id=stock_raw_aapl, task_id=download_and_load_raw, run_id=scheduled__2025-01-18T00:00:00+00:00, execution_date=20250118T000000, start_date=20260209T123020, end_date=20260209T123021
[2026-02-09T12:30:21.393+0000] {local_task_job_runner.py:243} INFO - Task exited with return code 0
[2026-02-09T12:30:21.413+0000] {taskinstance.py:3503} INFO - 0 downstream tasks scheduled from follow-on schedule check
[2026-02-09T12:30:21.416+0000] {local_task_job_runner.py:222} INFO - ::endgroup::
