[2026-02-07T15:09:10.633+0000] {local_task_job_runner.py:120} INFO - ::group::Pre task execution logs
[2026-02-07T15:09:10.666+0000] {taskinstance.py:2076} INFO - Dependencies all met for dep_context=non-requeueable deps ti=<TaskInstance: stock_moex.sber.download scheduled__2024-08-19T00:00:00+00:00 [queued]>
[2026-02-07T15:09:10.675+0000] {taskinstance.py:2076} INFO - Dependencies all met for dep_context=requeueable deps ti=<TaskInstance: stock_moex.sber.download scheduled__2024-08-19T00:00:00+00:00 [queued]>
[2026-02-07T15:09:10.676+0000] {taskinstance.py:2306} INFO - Starting attempt 1 of 1
[2026-02-07T15:09:10.690+0000] {taskinstance.py:2330} INFO - Executing <Task(PythonOperator): download> on 2024-08-19 00:00:00+00:00
[2026-02-07T15:09:10.704+0000] {logging_mixin.py:188} WARNING - /home/***/.local/lib/python3.12/site-packages/***/task/task_runner/standard_task_runner.py:62 DeprecationWarning: This process (pid=1761) is multi-threaded, use of fork() may lead to deadlocks in the child.
[2026-02-07T15:09:10.705+0000] {standard_task_runner.py:64} INFO - Started process 1763 to run task
[2026-02-07T15:09:10.704+0000] {standard_task_runner.py:90} INFO - Running: ['***', 'tasks', 'run', 'stock_moex.sber', 'download', 'scheduled__2024-08-19T00:00:00+00:00', '--job-id', '2271', '--raw', '--subdir', 'DAGS_FOLDER/downlad_tickers/stocks_dags.py', '--cfg-path', '/tmp/tmpcffymwbk']
[2026-02-07T15:09:10.706+0000] {standard_task_runner.py:91} INFO - Job 2271: Subtask download
[2026-02-07T15:09:10.772+0000] {task_command.py:426} INFO - Running <TaskInstance: stock_moex.sber.download scheduled__2024-08-19T00:00:00+00:00 [running]> on host 5adf8c44a70f
[2026-02-07T15:09:10.862+0000] {taskinstance.py:2648} INFO - Exporting env vars: AIRFLOW_CTX_DAG_OWNER='***' AIRFLOW_CTX_DAG_ID='stock_moex.sber' AIRFLOW_CTX_TASK_ID='download' AIRFLOW_CTX_EXECUTION_DATE='2024-08-19T00:00:00+00:00' AIRFLOW_CTX_TRY_NUMBER='1' AIRFLOW_CTX_DAG_RUN_ID='scheduled__2024-08-19T00:00:00+00:00'
[2026-02-07T15:09:10.863+0000] {taskinstance.py:430} INFO - ::endgroup::
[2026-02-07T15:09:10.875+0000] {logging_mixin.py:188} INFO - Downloading MOEX.SBER from 2024-08-19 to 2024-08-20
[2026-02-07T15:09:10.878+0000] {logging_mixin.py:188} WARNING - /opt/***/dags/downlad_tickers/stocks_dags.py:22 FutureWarning: YF.download() has changed argument auto_adjust default to True
[2026-02-07T15:09:11.915+0000] {quote.py:592} ERROR - HTTP Error 404: {"quoteSummary":{"result":null,"error":{"code":"Not Found","description":"Quote not found for symbol: MOEX.SBER"}}}
[2026-02-07T15:09:11.964+0000] {logging_mixin.py:188} WARNING - /home/***/.local/lib/python3.12/site-packages/yfinance/scrapers/quote.py:700 Pandas4Warning: Timestamp.utcnow is deprecated and will be removed in a future version. Use Timestamp.now('UTC') instead.
[2026-02-07T15:09:11.967+0000] {logging_mixin.py:188} WARNING - /home/***/.local/lib/python3.12/site-packages/yfinance/scrapers/quote.py:702 Pandas4Warning: Timestamp.utcnow is deprecated and will be removed in a future version. Use Timestamp.now('UTC') instead.
[2026-02-07T15:09:12.018+0000] {multi.py:185} ERROR - 
1 Failed download:
[2026-02-07T15:09:12.019+0000] {multi.py:198} ERROR - ['MOEX.SBER']: YFTzMissingError('possibly delisted; no timezone found')
[2026-02-07T15:09:12.034+0000] {logging_mixin.py:188} INFO - No data
[2026-02-07T15:09:12.035+0000] {python.py:237} INFO - Done. Returned value was: None
[2026-02-07T15:09:12.036+0000] {taskinstance.py:441} INFO - ::group::Post task execution logs
[2026-02-07T15:09:12.044+0000] {taskinstance.py:1206} INFO - Marking task as SUCCESS. dag_id=stock_moex.sber, task_id=download, run_id=scheduled__2024-08-19T00:00:00+00:00, execution_date=20240819T000000, start_date=20260207T150910, end_date=20260207T150912
[2026-02-07T15:09:12.084+0000] {local_task_job_runner.py:243} INFO - Task exited with return code 0
[2026-02-07T15:09:12.101+0000] {taskinstance.py:3503} INFO - 0 downstream tasks scheduled from follow-on schedule check
[2026-02-07T15:09:12.103+0000] {local_task_job_runner.py:222} INFO - ::endgroup::
