[2026-02-09T10:37:42.795+0000] {local_task_job_runner.py:120} INFO - ::group::Pre task execution logs
[2026-02-09T10:37:42.824+0000] {taskinstance.py:2076} INFO - Dependencies all met for dep_context=non-requeueable deps ti=<TaskInstance: stock_raw_aapl.download_and_load_raw scheduled__2025-06-29T00:00:00+00:00 [queued]>
[2026-02-09T10:37:42.831+0000] {taskinstance.py:2076} INFO - Dependencies all met for dep_context=requeueable deps ti=<TaskInstance: stock_raw_aapl.download_and_load_raw scheduled__2025-06-29T00:00:00+00:00 [queued]>
[2026-02-09T10:37:42.832+0000] {taskinstance.py:2306} INFO - Starting attempt 1 of 1
[2026-02-09T10:37:42.844+0000] {taskinstance.py:2330} INFO - Executing <Task(PythonOperator): download_and_load_raw> on 2025-06-29 00:00:00+00:00
[2026-02-09T10:37:42.855+0000] {logging_mixin.py:188} WARNING - /home/***/.local/lib/python3.12/site-packages/***/task/task_runner/standard_task_runner.py:62 DeprecationWarning: This process (pid=6255) is multi-threaded, use of fork() may lead to deadlocks in the child.
[2026-02-09T10:37:42.857+0000] {standard_task_runner.py:64} INFO - Started process 6264 to run task
[2026-02-09T10:37:42.856+0000] {standard_task_runner.py:90} INFO - Running: ['***', 'tasks', 'run', 'stock_raw_aapl', 'download_and_load_raw', 'scheduled__2025-06-29T00:00:00+00:00', '--job-id', '5529', '--raw', '--subdir', 'DAGS_FOLDER/stocks_dwh/raw/stocks_raw_dags.py', '--cfg-path', '/tmp/tmpozrseqie']
[2026-02-09T10:37:42.858+0000] {standard_task_runner.py:91} INFO - Job 5529: Subtask download_and_load_raw
[2026-02-09T10:37:42.922+0000] {task_command.py:426} INFO - Running <TaskInstance: stock_raw_aapl.download_and_load_raw scheduled__2025-06-29T00:00:00+00:00 [running]> on host 4886d37bc122
[2026-02-09T10:37:43.013+0000] {taskinstance.py:2648} INFO - Exporting env vars: AIRFLOW_CTX_DAG_OWNER='***' AIRFLOW_CTX_DAG_ID='stock_raw_aapl' AIRFLOW_CTX_TASK_ID='download_and_load_raw' AIRFLOW_CTX_EXECUTION_DATE='2025-06-29T00:00:00+00:00' AIRFLOW_CTX_TRY_NUMBER='1' AIRFLOW_CTX_DAG_RUN_ID='scheduled__2025-06-29T00:00:00+00:00'
[2026-02-09T10:37:43.015+0000] {taskinstance.py:430} INFO - ::endgroup::
[2026-02-09T10:37:43.025+0000] {logging_mixin.py:188} INFO - [RAW] Download AAPL [1d] 2025-06-29..2025-06-30
[2026-02-09T10:37:43.028+0000] {logging_mixin.py:188} WARNING - /opt/***/dags/stocks_dwh/raw/stocks_raw_dags.py:38 FutureWarning: YF.download() has changed argument auto_adjust default to True
[2026-02-09T10:37:43.036+0000] {logging_mixin.py:188} WARNING - /home/***/.local/lib/python3.12/site-packages/yfinance/scrapers/history.py:204 Pandas4Warning: Timestamp.utcnow is deprecated and will be removed in a future version. Use Timestamp.now('UTC') instead.
[2026-02-09T10:37:43.606+0000] {multi.py:185} ERROR - 
1 Failed download:
[2026-02-09T10:37:43.607+0000] {multi.py:198} ERROR - ['AAPL']: YFPricesMissingError('possibly delisted; no price data found  (1d 2025-06-29 -> 2025-06-30)')
[2026-02-09T10:37:43.622+0000] {logging_mixin.py:188} INFO - [RAW] No data from yfinance
[2026-02-09T10:37:43.623+0000] {python.py:237} INFO - Done. Returned value was: None
[2026-02-09T10:37:43.623+0000] {taskinstance.py:441} INFO - ::group::Post task execution logs
[2026-02-09T10:37:43.632+0000] {taskinstance.py:1206} INFO - Marking task as SUCCESS. dag_id=stock_raw_aapl, task_id=download_and_load_raw, run_id=scheduled__2025-06-29T00:00:00+00:00, execution_date=20250629T000000, start_date=20260209T103742, end_date=20260209T103743
[2026-02-09T10:37:43.672+0000] {local_task_job_runner.py:243} INFO - Task exited with return code 0
[2026-02-09T10:37:43.688+0000] {taskinstance.py:3503} INFO - 0 downstream tasks scheduled from follow-on schedule check
[2026-02-09T10:37:43.689+0000] {local_task_job_runner.py:222} INFO - ::endgroup::
[2026-02-09T12:39:30.190+0000] {local_task_job_runner.py:120} INFO - ::group::Pre task execution logs
[2026-02-09T12:39:30.217+0000] {taskinstance.py:2076} INFO - Dependencies all met for dep_context=non-requeueable deps ti=<TaskInstance: stock_raw_aapl.download_and_load_raw scheduled__2025-06-29T00:00:00+00:00 [queued]>
[2026-02-09T12:39:30.224+0000] {taskinstance.py:2076} INFO - Dependencies all met for dep_context=requeueable deps ti=<TaskInstance: stock_raw_aapl.download_and_load_raw scheduled__2025-06-29T00:00:00+00:00 [queued]>
[2026-02-09T12:39:30.224+0000] {taskinstance.py:2306} INFO - Starting attempt 1 of 1
[2026-02-09T12:39:30.237+0000] {taskinstance.py:2330} INFO - Executing <Task(PythonOperator): download_and_load_raw> on 2025-06-29 00:00:00+00:00
[2026-02-09T12:39:30.248+0000] {logging_mixin.py:188} WARNING - /home/***/.local/lib/python3.12/site-packages/***/task/task_runner/standard_task_runner.py:62 DeprecationWarning: This process (pid=18015) is multi-threaded, use of fork() may lead to deadlocks in the child.
[2026-02-09T12:39:30.249+0000] {standard_task_runner.py:64} INFO - Started process 18017 to run task
[2026-02-09T12:39:30.248+0000] {standard_task_runner.py:90} INFO - Running: ['***', 'tasks', 'run', 'stock_raw_aapl', 'download_and_load_raw', 'scheduled__2025-06-29T00:00:00+00:00', '--job-id', '7737', '--raw', '--subdir', 'DAGS_FOLDER/stocks_dwh/raw/stocks_raw_dags.py', '--cfg-path', '/tmp/tmpo4dcsg31']
[2026-02-09T12:39:30.250+0000] {standard_task_runner.py:91} INFO - Job 7737: Subtask download_and_load_raw
[2026-02-09T12:39:30.309+0000] {task_command.py:426} INFO - Running <TaskInstance: stock_raw_aapl.download_and_load_raw scheduled__2025-06-29T00:00:00+00:00 [running]> on host 4886d37bc122
[2026-02-09T12:39:30.401+0000] {taskinstance.py:2648} INFO - Exporting env vars: AIRFLOW_CTX_DAG_OWNER='***' AIRFLOW_CTX_DAG_ID='stock_raw_aapl' AIRFLOW_CTX_TASK_ID='download_and_load_raw' AIRFLOW_CTX_EXECUTION_DATE='2025-06-29T00:00:00+00:00' AIRFLOW_CTX_TRY_NUMBER='1' AIRFLOW_CTX_DAG_RUN_ID='scheduled__2025-06-29T00:00:00+00:00'
[2026-02-09T12:39:30.402+0000] {taskinstance.py:430} INFO - ::endgroup::
[2026-02-09T12:39:30.413+0000] {stocks_raw_dags.py:37} INFO - 2025-06-29 00:00:00+00:00, 2025-06-30 00:00:00+00:00
[2026-02-09T12:39:30.413+0000] {logging_mixin.py:188} INFO - [RAW] Download AAPL [1d] 2025-06-28..2025-06-30
[2026-02-09T12:39:30.416+0000] {logging_mixin.py:188} WARNING - /opt/***/dags/stocks_dwh/raw/stocks_raw_dags.py:42 FutureWarning: YF.download() has changed argument auto_adjust default to True
[2026-02-09T12:39:30.424+0000] {logging_mixin.py:188} WARNING - /home/***/.local/lib/python3.12/site-packages/yfinance/scrapers/history.py:204 Pandas4Warning: Timestamp.utcnow is deprecated and will be removed in a future version. Use Timestamp.now('UTC') instead.
[2026-02-09T12:39:30.915+0000] {logging_mixin.py:188} WARNING - [*********************100%***********************]  1 of 1 completed
[2026-02-09T12:39:30.916+0000] {multi.py:185} ERROR - 
1 Failed download:
[2026-02-09T12:39:30.916+0000] {multi.py:198} ERROR - ['AAPL']: YFPricesMissingError('possibly delisted; no price data found  (1d 2025-06-28 -> 2025-06-30)')
[2026-02-09T12:39:30.930+0000] {logging_mixin.py:188} INFO - [RAW] No data from yfinance
[2026-02-09T12:39:30.931+0000] {python.py:237} INFO - Done. Returned value was: None
[2026-02-09T12:39:30.931+0000] {taskinstance.py:441} INFO - ::group::Post task execution logs
[2026-02-09T12:39:30.941+0000] {taskinstance.py:1206} INFO - Marking task as SUCCESS. dag_id=stock_raw_aapl, task_id=download_and_load_raw, run_id=scheduled__2025-06-29T00:00:00+00:00, execution_date=20250629T000000, start_date=20260209T123930, end_date=20260209T123930
[2026-02-09T12:39:30.985+0000] {local_task_job_runner.py:243} INFO - Task exited with return code 0
[2026-02-09T12:39:31.003+0000] {taskinstance.py:3503} INFO - 0 downstream tasks scheduled from follow-on schedule check
[2026-02-09T12:39:31.006+0000] {local_task_job_runner.py:222} INFO - ::endgroup::
