[2026-02-07T14:16:37.362+0000] {local_task_job_runner.py:120} INFO - ::group::Pre task execution logs
[2026-02-07T14:16:37.391+0000] {taskinstance.py:2076} INFO - Dependencies all met for dep_context=non-requeueable deps ti=<TaskInstance: stock_nvda.download scheduled__2024-01-01T00:00:00+00:00 [queued]>
[2026-02-07T14:16:37.397+0000] {taskinstance.py:2076} INFO - Dependencies all met for dep_context=requeueable deps ti=<TaskInstance: stock_nvda.download scheduled__2024-01-01T00:00:00+00:00 [queued]>
[2026-02-07T14:16:37.398+0000] {taskinstance.py:2306} INFO - Starting attempt 1 of 1
[2026-02-07T14:16:37.411+0000] {taskinstance.py:2330} INFO - Executing <Task(PythonOperator): download> on 2024-01-01 00:00:00+00:00
[2026-02-07T14:16:37.422+0000] {logging_mixin.py:188} WARNING - /home/***/.local/lib/python3.12/site-packages/***/task/task_runner/standard_task_runner.py:62 DeprecationWarning: This process (pid=331) is multi-threaded, use of fork() may lead to deadlocks in the child.
[2026-02-07T14:16:37.423+0000] {standard_task_runner.py:64} INFO - Started process 334 to run task
[2026-02-07T14:16:37.422+0000] {standard_task_runner.py:90} INFO - Running: ['***', 'tasks', 'run', 'stock_nvda', 'download', 'scheduled__2024-01-01T00:00:00+00:00', '--job-id', '21', '--raw', '--subdir', 'DAGS_FOLDER/stocks_dags.py', '--cfg-path', '/tmp/tmp4qux_z1g']
[2026-02-07T14:16:37.424+0000] {standard_task_runner.py:91} INFO - Job 21: Subtask download
[2026-02-07T14:16:37.484+0000] {task_command.py:426} INFO - Running <TaskInstance: stock_nvda.download scheduled__2024-01-01T00:00:00+00:00 [running]> on host 5adf8c44a70f
[2026-02-07T14:16:37.567+0000] {taskinstance.py:2648} INFO - Exporting env vars: AIRFLOW_CTX_DAG_OWNER='***' AIRFLOW_CTX_DAG_ID='stock_nvda' AIRFLOW_CTX_TASK_ID='download' AIRFLOW_CTX_EXECUTION_DATE='2024-01-01T00:00:00+00:00' AIRFLOW_CTX_TRY_NUMBER='1' AIRFLOW_CTX_DAG_RUN_ID='scheduled__2024-01-01T00:00:00+00:00'
[2026-02-07T14:16:37.568+0000] {taskinstance.py:430} INFO - ::endgroup::
[2026-02-07T14:16:37.581+0000] {logging_mixin.py:188} INFO - Downloading NVDA from 2024-01-01 to 2024-01-02
[2026-02-07T14:16:37.583+0000] {logging_mixin.py:188} WARNING - /opt/***/dags/stocks_dags.py:22 FutureWarning: YF.download() has changed argument auto_adjust default to True
[2026-02-07T14:16:38.048+0000] {logging_mixin.py:188} WARNING - /home/***/.local/lib/python3.12/site-packages/yfinance/scrapers/history.py:204 Pandas4Warning: Timestamp.utcnow is deprecated and will be removed in a future version. Use Timestamp.now('UTC') instead.
[2026-02-07T14:16:38.130+0000] {multi.py:185} ERROR - 
1 Failed download:
[2026-02-07T14:16:38.133+0000] {multi.py:198} ERROR - ['NVDA']: YFPricesMissingError('possibly delisted; no price data found  (1d 2024-01-01 -> 2024-01-02)')
[2026-02-07T14:16:38.151+0000] {logging_mixin.py:188} INFO - No data
[2026-02-07T14:16:38.151+0000] {python.py:237} INFO - Done. Returned value was: None
[2026-02-07T14:16:38.153+0000] {taskinstance.py:441} INFO - ::group::Post task execution logs
[2026-02-07T14:16:38.170+0000] {taskinstance.py:1206} INFO - Marking task as SUCCESS. dag_id=stock_nvda, task_id=download, run_id=scheduled__2024-01-01T00:00:00+00:00, execution_date=20240101T000000, start_date=20260207T141637, end_date=20260207T141638
[2026-02-07T14:16:38.240+0000] {local_task_job_runner.py:243} INFO - Task exited with return code 0
[2026-02-07T14:16:38.265+0000] {taskinstance.py:3503} INFO - 0 downstream tasks scheduled from follow-on schedule check
[2026-02-07T14:16:38.269+0000] {local_task_job_runner.py:222} INFO - ::endgroup::
