[2026-02-09T10:35:39.682+0000] {local_task_job_runner.py:120} INFO - ::group::Pre task execution logs
[2026-02-09T10:35:39.712+0000] {taskinstance.py:2076} INFO - Dependencies all met for dep_context=non-requeueable deps ti=<TaskInstance: stock_raw_aapl.download_and_load_raw scheduled__2025-05-24T00:00:00+00:00 [queued]>
[2026-02-09T10:35:39.720+0000] {taskinstance.py:2076} INFO - Dependencies all met for dep_context=requeueable deps ti=<TaskInstance: stock_raw_aapl.download_and_load_raw scheduled__2025-05-24T00:00:00+00:00 [queued]>
[2026-02-09T10:35:39.720+0000] {taskinstance.py:2306} INFO - Starting attempt 1 of 1
[2026-02-09T10:35:39.732+0000] {taskinstance.py:2330} INFO - Executing <Task(PythonOperator): download_and_load_raw> on 2025-05-24 00:00:00+00:00
[2026-02-09T10:35:39.744+0000] {logging_mixin.py:188} WARNING - /home/***/.local/lib/python3.12/site-packages/***/task/task_runner/standard_task_runner.py:62 DeprecationWarning: This process (pid=5498) is multi-threaded, use of fork() may lead to deadlocks in the child.
[2026-02-09T10:35:39.745+0000] {standard_task_runner.py:64} INFO - Started process 5507 to run task
[2026-02-09T10:35:39.744+0000] {standard_task_runner.py:90} INFO - Running: ['***', 'tasks', 'run', 'stock_raw_aapl', 'download_and_load_raw', 'scheduled__2025-05-24T00:00:00+00:00', '--job-id', '5351', '--raw', '--subdir', 'DAGS_FOLDER/stocks_dwh/raw/stocks_raw_dags.py', '--cfg-path', '/tmp/tmp5nt5w8cb']
[2026-02-09T10:35:39.746+0000] {standard_task_runner.py:91} INFO - Job 5351: Subtask download_and_load_raw
[2026-02-09T10:35:39.818+0000] {task_command.py:426} INFO - Running <TaskInstance: stock_raw_aapl.download_and_load_raw scheduled__2025-05-24T00:00:00+00:00 [running]> on host 4886d37bc122
[2026-02-09T10:35:39.908+0000] {taskinstance.py:2648} INFO - Exporting env vars: AIRFLOW_CTX_DAG_OWNER='***' AIRFLOW_CTX_DAG_ID='stock_raw_aapl' AIRFLOW_CTX_TASK_ID='download_and_load_raw' AIRFLOW_CTX_EXECUTION_DATE='2025-05-24T00:00:00+00:00' AIRFLOW_CTX_TRY_NUMBER='1' AIRFLOW_CTX_DAG_RUN_ID='scheduled__2025-05-24T00:00:00+00:00'
[2026-02-09T10:35:39.909+0000] {taskinstance.py:430} INFO - ::endgroup::
[2026-02-09T10:35:39.919+0000] {logging_mixin.py:188} INFO - [RAW] Download AAPL [1d] 2025-05-24..2025-05-25
[2026-02-09T10:35:39.922+0000] {logging_mixin.py:188} WARNING - /opt/***/dags/stocks_dwh/raw/stocks_raw_dags.py:38 FutureWarning: YF.download() has changed argument auto_adjust default to True
[2026-02-09T10:35:39.930+0000] {logging_mixin.py:188} WARNING - /home/***/.local/lib/python3.12/site-packages/yfinance/scrapers/history.py:204 Pandas4Warning: Timestamp.utcnow is deprecated and will be removed in a future version. Use Timestamp.now('UTC') instead.
[2026-02-09T10:35:40.471+0000] {multi.py:185} ERROR - 
1 Failed download:
[2026-02-09T10:35:40.472+0000] {multi.py:198} ERROR - ['AAPL']: YFPricesMissingError('possibly delisted; no price data found  (1d 2025-05-24 -> 2025-05-25)')
[2026-02-09T10:35:40.487+0000] {logging_mixin.py:188} INFO - [RAW] No data from yfinance
[2026-02-09T10:35:40.488+0000] {python.py:237} INFO - Done. Returned value was: None
[2026-02-09T10:35:40.488+0000] {taskinstance.py:441} INFO - ::group::Post task execution logs
[2026-02-09T10:35:40.497+0000] {taskinstance.py:1206} INFO - Marking task as SUCCESS. dag_id=stock_raw_aapl, task_id=download_and_load_raw, run_id=scheduled__2025-05-24T00:00:00+00:00, execution_date=20250524T000000, start_date=20260209T103539, end_date=20260209T103540
[2026-02-09T10:35:40.561+0000] {local_task_job_runner.py:243} INFO - Task exited with return code 0
[2026-02-09T10:35:40.576+0000] {taskinstance.py:3503} INFO - 0 downstream tasks scheduled from follow-on schedule check
[2026-02-09T10:35:40.578+0000] {local_task_job_runner.py:222} INFO - ::endgroup::
[2026-02-09T12:37:42.127+0000] {local_task_job_runner.py:120} INFO - ::group::Pre task execution logs
[2026-02-09T12:37:42.155+0000] {taskinstance.py:2076} INFO - Dependencies all met for dep_context=non-requeueable deps ti=<TaskInstance: stock_raw_aapl.download_and_load_raw scheduled__2025-05-24T00:00:00+00:00 [queued]>
[2026-02-09T12:37:42.162+0000] {taskinstance.py:2076} INFO - Dependencies all met for dep_context=requeueable deps ti=<TaskInstance: stock_raw_aapl.download_and_load_raw scheduled__2025-05-24T00:00:00+00:00 [queued]>
[2026-02-09T12:37:42.163+0000] {taskinstance.py:2306} INFO - Starting attempt 1 of 1
[2026-02-09T12:37:42.176+0000] {taskinstance.py:2330} INFO - Executing <Task(PythonOperator): download_and_load_raw> on 2025-05-24 00:00:00+00:00
[2026-02-09T12:37:42.187+0000] {logging_mixin.py:188} WARNING - /home/***/.local/lib/python3.12/site-packages/***/task/task_runner/standard_task_runner.py:62 DeprecationWarning: This process (pid=17829) is multi-threaded, use of fork() may lead to deadlocks in the child.
[2026-02-09T12:37:42.189+0000] {standard_task_runner.py:64} INFO - Started process 17835 to run task
[2026-02-09T12:37:42.188+0000] {standard_task_runner.py:90} INFO - Running: ['***', 'tasks', 'run', 'stock_raw_aapl', 'download_and_load_raw', 'scheduled__2025-05-24T00:00:00+00:00', '--job-id', '7701', '--raw', '--subdir', 'DAGS_FOLDER/stocks_dwh/raw/stocks_raw_dags.py', '--cfg-path', '/tmp/tmp7ocxkkeg']
[2026-02-09T12:37:42.190+0000] {standard_task_runner.py:91} INFO - Job 7701: Subtask download_and_load_raw
[2026-02-09T12:37:42.251+0000] {task_command.py:426} INFO - Running <TaskInstance: stock_raw_aapl.download_and_load_raw scheduled__2025-05-24T00:00:00+00:00 [running]> on host 4886d37bc122
[2026-02-09T12:37:42.354+0000] {taskinstance.py:2648} INFO - Exporting env vars: AIRFLOW_CTX_DAG_OWNER='***' AIRFLOW_CTX_DAG_ID='stock_raw_aapl' AIRFLOW_CTX_TASK_ID='download_and_load_raw' AIRFLOW_CTX_EXECUTION_DATE='2025-05-24T00:00:00+00:00' AIRFLOW_CTX_TRY_NUMBER='1' AIRFLOW_CTX_DAG_RUN_ID='scheduled__2025-05-24T00:00:00+00:00'
[2026-02-09T12:37:42.355+0000] {taskinstance.py:430} INFO - ::endgroup::
[2026-02-09T12:37:42.367+0000] {stocks_raw_dags.py:37} INFO - 2025-05-24 00:00:00+00:00, 2025-05-25 00:00:00+00:00
[2026-02-09T12:37:42.368+0000] {logging_mixin.py:188} INFO - [RAW] Download AAPL [1d] 2025-05-23..2025-05-25
[2026-02-09T12:37:42.370+0000] {logging_mixin.py:188} WARNING - /opt/***/dags/stocks_dwh/raw/stocks_raw_dags.py:42 FutureWarning: YF.download() has changed argument auto_adjust default to True
[2026-02-09T12:37:42.378+0000] {logging_mixin.py:188} WARNING - /home/***/.local/lib/python3.12/site-packages/yfinance/scrapers/history.py:204 Pandas4Warning: Timestamp.utcnow is deprecated and will be removed in a future version. Use Timestamp.now('UTC') instead.
[2026-02-09T12:37:42.894+0000] {logging_mixin.py:188} WARNING - [*********************100%***********************]  1 of 1 completed
[2026-02-09T12:37:42.928+0000] {base.py:84} INFO - Using connection ID 'dwh_clickhouse' for task execution.
[2026-02-09T12:37:42.961+0000] {logging_mixin.py:188} INFO - [RAW] Deleted existing rows for AAPL in 2025-05-23..2025-05-25
[2026-02-09T12:37:42.970+0000] {logging_mixin.py:188} INFO - [RAW] Inserted 1 rows into dwh.raw_stock_prices
[2026-02-09T12:37:42.971+0000] {python.py:237} INFO - Done. Returned value was: None
[2026-02-09T12:37:42.972+0000] {taskinstance.py:441} INFO - ::group::Post task execution logs
[2026-02-09T12:37:42.981+0000] {taskinstance.py:1206} INFO - Marking task as SUCCESS. dag_id=stock_raw_aapl, task_id=download_and_load_raw, run_id=scheduled__2025-05-24T00:00:00+00:00, execution_date=20250524T000000, start_date=20260209T123742, end_date=20260209T123742
[2026-02-09T12:37:43.045+0000] {local_task_job_runner.py:243} INFO - Task exited with return code 0
[2026-02-09T12:37:43.063+0000] {taskinstance.py:3503} INFO - 0 downstream tasks scheduled from follow-on schedule check
[2026-02-09T12:37:43.067+0000] {local_task_job_runner.py:222} INFO - ::endgroup::
