[2026-02-09T10:19:35.870+0000] {local_task_job_runner.py:120} INFO - ::group::Pre task execution logs
[2026-02-09T10:19:35.899+0000] {taskinstance.py:2076} INFO - Dependencies all met for dep_context=non-requeueable deps ti=<TaskInstance: stock_raw_aapl.download_and_load_raw scheduled__2024-09-06T00:00:00+00:00 [queued]>
[2026-02-09T10:19:35.907+0000] {taskinstance.py:2076} INFO - Dependencies all met for dep_context=requeueable deps ti=<TaskInstance: stock_raw_aapl.download_and_load_raw scheduled__2024-09-06T00:00:00+00:00 [queued]>
[2026-02-09T10:19:35.907+0000] {taskinstance.py:2306} INFO - Starting attempt 1 of 1
[2026-02-09T10:19:35.918+0000] {taskinstance.py:2330} INFO - Executing <Task(PythonOperator): download_and_load_raw> on 2024-09-06 00:00:00+00:00
[2026-02-09T10:19:35.931+0000] {logging_mixin.py:188} WARNING - /home/***/.local/lib/python3.12/site-packages/***/task/task_runner/standard_task_runner.py:62 DeprecationWarning: This process (pid=6246) is multi-threaded, use of fork() may lead to deadlocks in the child.
[2026-02-09T10:19:35.933+0000] {standard_task_runner.py:64} INFO - Started process 6255 to run task
[2026-02-09T10:19:35.932+0000] {standard_task_runner.py:90} INFO - Running: ['***', 'tasks', 'run', 'stock_raw_aapl', 'download_and_load_raw', 'scheduled__2024-09-06T00:00:00+00:00', '--job-id', '4065', '--raw', '--subdir', 'DAGS_FOLDER/stocks_dwh/raw/stocks_raw_dags.py', '--cfg-path', '/tmp/tmpi0wm1ttq']
[2026-02-09T10:19:35.934+0000] {standard_task_runner.py:91} INFO - Job 4065: Subtask download_and_load_raw
[2026-02-09T10:19:35.996+0000] {task_command.py:426} INFO - Running <TaskInstance: stock_raw_aapl.download_and_load_raw scheduled__2024-09-06T00:00:00+00:00 [running]> on host b6b9e92e7d61
[2026-02-09T10:19:36.086+0000] {taskinstance.py:2648} INFO - Exporting env vars: AIRFLOW_CTX_DAG_OWNER='***' AIRFLOW_CTX_DAG_ID='stock_raw_aapl' AIRFLOW_CTX_TASK_ID='download_and_load_raw' AIRFLOW_CTX_EXECUTION_DATE='2024-09-06T00:00:00+00:00' AIRFLOW_CTX_TRY_NUMBER='1' AIRFLOW_CTX_DAG_RUN_ID='scheduled__2024-09-06T00:00:00+00:00'
[2026-02-09T10:19:36.088+0000] {taskinstance.py:430} INFO - ::endgroup::
[2026-02-09T10:19:36.098+0000] {logging_mixin.py:188} INFO - [RAW] Download AAPL [1d] 2024-09-06..2024-09-07
[2026-02-09T10:19:36.100+0000] {logging_mixin.py:188} WARNING - /opt/***/dags/stocks_dwh/raw/stocks_raw_dags.py:38 FutureWarning: YF.download() has changed argument auto_adjust default to True
[2026-02-09T10:19:36.108+0000] {logging_mixin.py:188} WARNING - /home/***/.local/lib/python3.12/site-packages/yfinance/scrapers/history.py:204 Pandas4Warning: Timestamp.utcnow is deprecated and will be removed in a future version. Use Timestamp.now('UTC') instead.
[2026-02-09T10:19:36.659+0000] {taskinstance.py:441} INFO - ::group::Post task execution logs
[2026-02-09T10:19:36.660+0000] {taskinstance.py:2905} ERROR - Task failed with exception
Traceback (most recent call last):
  File "/home/airflow/.local/lib/python3.12/site-packages/airflow/models/taskinstance.py", line 465, in _execute_task
    result = _execute_callable(context=context, **execute_callable_kwargs)
             ^^^^^^^^^^^^^^^^^^^^^^^^^^^^^^^^^^^^^^^^^^^^^^^^^^^^^^^^^^^^^
  File "/home/airflow/.local/lib/python3.12/site-packages/airflow/models/taskinstance.py", line 432, in _execute_callable
    return execute_callable(context=context, **execute_callable_kwargs)
           ^^^^^^^^^^^^^^^^^^^^^^^^^^^^^^^^^^^^^^^^^^^^^^^^^^^^^^^^^^^^
  File "/home/airflow/.local/lib/python3.12/site-packages/airflow/models/baseoperator.py", line 401, in wrapper
    return func(self, *args, **kwargs)
           ^^^^^^^^^^^^^^^^^^^^^^^^^^^
  File "/home/airflow/.local/lib/python3.12/site-packages/airflow/operators/python.py", line 235, in execute
    return_value = self.execute_callable()
                   ^^^^^^^^^^^^^^^^^^^^^^^
  File "/home/airflow/.local/lib/python3.12/site-packages/airflow/operators/python.py", line 252, in execute_callable
    return self.python_callable(*self.op_args, **self.op_kwargs)
           ^^^^^^^^^^^^^^^^^^^^^^^^^^^^^^^^^^^^^^^^^^^^^^^^^^^^^
  File "/opt/airflow/dags/stocks_dwh/raw/stocks_raw_dags.py", line 86, in download_and_load_raw
    df["volume"] = pd.to_numeric(df["volume"], errors="coerce").fillna(0).astype("int64")
                   ^^^^^^^^^^^^^^^^^^^^^^^^^^^^^^^^^^^^^^^^^^^^
  File "/home/airflow/.local/lib/python3.12/site-packages/pandas/core/tools/numeric.py", line 212, in to_numeric
    raise TypeError("arg must be a list, tuple, 1-d array, or Series")
TypeError: arg must be a list, tuple, 1-d array, or Series
[2026-02-09T10:19:36.676+0000] {taskinstance.py:1206} INFO - Marking task as FAILED. dag_id=stock_raw_aapl, task_id=download_and_load_raw, run_id=scheduled__2024-09-06T00:00:00+00:00, execution_date=20240906T000000, start_date=20260209T101935, end_date=20260209T101936
[2026-02-09T10:19:36.687+0000] {standard_task_runner.py:110} ERROR - Failed to execute job 4065 for task download_and_load_raw (arg must be a list, tuple, 1-d array, or Series; 6255)
[2026-02-09T10:19:36.708+0000] {local_task_job_runner.py:243} INFO - Task exited with return code 1
[2026-02-09T10:19:36.726+0000] {taskinstance.py:3503} INFO - 0 downstream tasks scheduled from follow-on schedule check
[2026-02-09T10:19:36.728+0000] {local_task_job_runner.py:222} INFO - ::endgroup::
[2026-02-09T12:23:31.477+0000] {local_task_job_runner.py:120} INFO - ::group::Pre task execution logs
[2026-02-09T12:23:31.504+0000] {taskinstance.py:2076} INFO - Dependencies all met for dep_context=non-requeueable deps ti=<TaskInstance: stock_raw_aapl.download_and_load_raw scheduled__2024-09-06T00:00:00+00:00 [queued]>
[2026-02-09T12:23:31.511+0000] {taskinstance.py:2076} INFO - Dependencies all met for dep_context=requeueable deps ti=<TaskInstance: stock_raw_aapl.download_and_load_raw scheduled__2024-09-06T00:00:00+00:00 [queued]>
[2026-02-09T12:23:31.512+0000] {taskinstance.py:2306} INFO - Starting attempt 1 of 1
[2026-02-09T12:23:31.523+0000] {taskinstance.py:2330} INFO - Executing <Task(PythonOperator): download_and_load_raw> on 2024-09-06 00:00:00+00:00
[2026-02-09T12:23:31.535+0000] {logging_mixin.py:188} WARNING - /home/***/.local/lib/python3.12/site-packages/***/task/task_runner/standard_task_runner.py:62 DeprecationWarning: This process (pid=15688) is multi-threaded, use of fork() may lead to deadlocks in the child.
[2026-02-09T12:23:31.536+0000] {standard_task_runner.py:64} INFO - Started process 15691 to run task
[2026-02-09T12:23:31.535+0000] {standard_task_runner.py:90} INFO - Running: ['***', 'tasks', 'run', 'stock_raw_aapl', 'download_and_load_raw', 'scheduled__2024-09-06T00:00:00+00:00', '--job-id', '7250', '--raw', '--subdir', 'DAGS_FOLDER/stocks_dwh/raw/stocks_raw_dags.py', '--cfg-path', '/tmp/tmpu9kou0gf']
[2026-02-09T12:23:31.537+0000] {standard_task_runner.py:91} INFO - Job 7250: Subtask download_and_load_raw
[2026-02-09T12:23:31.595+0000] {task_command.py:426} INFO - Running <TaskInstance: stock_raw_aapl.download_and_load_raw scheduled__2024-09-06T00:00:00+00:00 [running]> on host 4886d37bc122
[2026-02-09T12:23:31.684+0000] {taskinstance.py:2648} INFO - Exporting env vars: AIRFLOW_CTX_DAG_OWNER='***' AIRFLOW_CTX_DAG_ID='stock_raw_aapl' AIRFLOW_CTX_TASK_ID='download_and_load_raw' AIRFLOW_CTX_EXECUTION_DATE='2024-09-06T00:00:00+00:00' AIRFLOW_CTX_TRY_NUMBER='1' AIRFLOW_CTX_DAG_RUN_ID='scheduled__2024-09-06T00:00:00+00:00'
[2026-02-09T12:23:31.685+0000] {taskinstance.py:430} INFO - ::endgroup::
[2026-02-09T12:23:31.695+0000] {stocks_raw_dags.py:37} INFO - 2024-09-06 00:00:00+00:00, 2024-09-07 00:00:00+00:00
[2026-02-09T12:23:31.696+0000] {logging_mixin.py:188} INFO - [RAW] Download AAPL [1d] 2024-09-05..2024-09-07
[2026-02-09T12:23:31.698+0000] {logging_mixin.py:188} WARNING - /opt/***/dags/stocks_dwh/raw/stocks_raw_dags.py:42 FutureWarning: YF.download() has changed argument auto_adjust default to True
[2026-02-09T12:23:31.706+0000] {logging_mixin.py:188} WARNING - /home/***/.local/lib/python3.12/site-packages/yfinance/scrapers/history.py:204 Pandas4Warning: Timestamp.utcnow is deprecated and will be removed in a future version. Use Timestamp.now('UTC') instead.
[2026-02-09T12:23:32.239+0000] {logging_mixin.py:188} WARNING - [*********************100%***********************]  1 of 1 completed
[2026-02-09T12:23:32.274+0000] {base.py:84} INFO - Using connection ID 'dwh_clickhouse' for task execution.
[2026-02-09T12:23:32.301+0000] {logging_mixin.py:188} INFO - [RAW] Deleted existing rows for AAPL in 2024-09-05..2024-09-07
[2026-02-09T12:23:32.311+0000] {logging_mixin.py:188} INFO - [RAW] Inserted 2 rows into dwh.raw_stock_prices
[2026-02-09T12:23:32.312+0000] {python.py:237} INFO - Done. Returned value was: None
[2026-02-09T12:23:32.313+0000] {taskinstance.py:441} INFO - ::group::Post task execution logs
[2026-02-09T12:23:32.325+0000] {taskinstance.py:1206} INFO - Marking task as SUCCESS. dag_id=stock_raw_aapl, task_id=download_and_load_raw, run_id=scheduled__2024-09-06T00:00:00+00:00, execution_date=20240906T000000, start_date=20260209T122331, end_date=20260209T122332
[2026-02-09T12:23:32.392+0000] {local_task_job_runner.py:243} INFO - Task exited with return code 0
[2026-02-09T12:23:32.413+0000] {taskinstance.py:3503} INFO - 0 downstream tasks scheduled from follow-on schedule check
[2026-02-09T12:23:32.415+0000] {local_task_job_runner.py:222} INFO - ::endgroup::
