[2026-02-09T10:11:37.377+0000] {local_task_job_runner.py:120} INFO - ::group::Pre task execution logs
[2026-02-09T10:11:37.412+0000] {taskinstance.py:2076} INFO - Dependencies all met for dep_context=non-requeueable deps ti=<TaskInstance: stock_raw_aapl.download_and_load_raw scheduled__2024-04-13T00:00:00+00:00 [queued]>
[2026-02-09T10:11:37.421+0000] {taskinstance.py:2076} INFO - Dependencies all met for dep_context=requeueable deps ti=<TaskInstance: stock_raw_aapl.download_and_load_raw scheduled__2024-04-13T00:00:00+00:00 [queued]>
[2026-02-09T10:11:37.422+0000] {taskinstance.py:2306} INFO - Starting attempt 1 of 1
[2026-02-09T10:11:37.436+0000] {taskinstance.py:2330} INFO - Executing <Task(PythonOperator): download_and_load_raw> on 2024-04-13 00:00:00+00:00
[2026-02-09T10:11:37.452+0000] {logging_mixin.py:188} WARNING - /home/***/.local/lib/python3.12/site-packages/***/task/task_runner/standard_task_runner.py:62 DeprecationWarning: This process (pid=3157) is multi-threaded, use of fork() may lead to deadlocks in the child.
[2026-02-09T10:11:37.454+0000] {standard_task_runner.py:64} INFO - Started process 3169 to run task
[2026-02-09T10:11:37.452+0000] {standard_task_runner.py:90} INFO - Running: ['***', 'tasks', 'run', 'stock_raw_aapl', 'download_and_load_raw', 'scheduled__2024-04-13T00:00:00+00:00', '--job-id', '3339', '--raw', '--subdir', 'DAGS_FOLDER/stocks_dwh/raw/stocks_raw_dags.py', '--cfg-path', '/tmp/tmpxdfkz9qd']
[2026-02-09T10:11:37.454+0000] {standard_task_runner.py:91} INFO - Job 3339: Subtask download_and_load_raw
[2026-02-09T10:11:37.530+0000] {task_command.py:426} INFO - Running <TaskInstance: stock_raw_aapl.download_and_load_raw scheduled__2024-04-13T00:00:00+00:00 [running]> on host b6b9e92e7d61
[2026-02-09T10:11:37.640+0000] {taskinstance.py:2648} INFO - Exporting env vars: AIRFLOW_CTX_DAG_OWNER='***' AIRFLOW_CTX_DAG_ID='stock_raw_aapl' AIRFLOW_CTX_TASK_ID='download_and_load_raw' AIRFLOW_CTX_EXECUTION_DATE='2024-04-13T00:00:00+00:00' AIRFLOW_CTX_TRY_NUMBER='1' AIRFLOW_CTX_DAG_RUN_ID='scheduled__2024-04-13T00:00:00+00:00'
[2026-02-09T10:11:37.642+0000] {taskinstance.py:430} INFO - ::endgroup::
[2026-02-09T10:11:37.655+0000] {logging_mixin.py:188} INFO - [RAW] Download AAPL [1d] 2024-04-13..2024-04-14
[2026-02-09T10:11:37.658+0000] {logging_mixin.py:188} WARNING - /opt/***/dags/stocks_dwh/raw/stocks_raw_dags.py:38 FutureWarning: YF.download() has changed argument auto_adjust default to True
[2026-02-09T10:11:37.667+0000] {logging_mixin.py:188} WARNING - /home/***/.local/lib/python3.12/site-packages/yfinance/scrapers/history.py:204 Pandas4Warning: Timestamp.utcnow is deprecated and will be removed in a future version. Use Timestamp.now('UTC') instead.
[2026-02-09T10:11:38.157+0000] {multi.py:185} ERROR - 
1 Failed download:
[2026-02-09T10:11:38.158+0000] {multi.py:198} ERROR - ['AAPL']: YFPricesMissingError('possibly delisted; no price data found  (1d 2024-04-13 -> 2024-04-14)')
[2026-02-09T10:11:38.175+0000] {logging_mixin.py:188} INFO - [RAW] No data from yfinance
[2026-02-09T10:11:38.175+0000] {python.py:237} INFO - Done. Returned value was: None
[2026-02-09T10:11:38.176+0000] {taskinstance.py:441} INFO - ::group::Post task execution logs
[2026-02-09T10:11:38.187+0000] {taskinstance.py:1206} INFO - Marking task as SUCCESS. dag_id=stock_raw_aapl, task_id=download_and_load_raw, run_id=scheduled__2024-04-13T00:00:00+00:00, execution_date=20240413T000000, start_date=20260209T101137, end_date=20260209T101138
[2026-02-09T10:11:38.230+0000] {local_task_job_runner.py:243} INFO - Task exited with return code 0
[2026-02-09T10:11:38.250+0000] {taskinstance.py:3503} INFO - 0 downstream tasks scheduled from follow-on schedule check
[2026-02-09T10:11:38.252+0000] {local_task_job_runner.py:222} INFO - ::endgroup::
[2026-02-09T12:15:35.847+0000] {local_task_job_runner.py:120} INFO - ::group::Pre task execution logs
[2026-02-09T12:15:35.877+0000] {taskinstance.py:2076} INFO - Dependencies all met for dep_context=non-requeueable deps ti=<TaskInstance: stock_raw_aapl.download_and_load_raw scheduled__2024-04-13T00:00:00+00:00 [queued]>
[2026-02-09T12:15:35.885+0000] {taskinstance.py:2076} INFO - Dependencies all met for dep_context=requeueable deps ti=<TaskInstance: stock_raw_aapl.download_and_load_raw scheduled__2024-04-13T00:00:00+00:00 [queued]>
[2026-02-09T12:15:35.886+0000] {taskinstance.py:2306} INFO - Starting attempt 1 of 1
[2026-02-09T12:15:35.897+0000] {taskinstance.py:2330} INFO - Executing <Task(PythonOperator): download_and_load_raw> on 2024-04-13 00:00:00+00:00
[2026-02-09T12:15:35.909+0000] {logging_mixin.py:188} WARNING - /home/***/.local/lib/python3.12/site-packages/***/task/task_runner/standard_task_runner.py:62 DeprecationWarning: This process (pid=14338) is multi-threaded, use of fork() may lead to deadlocks in the child.
[2026-02-09T12:15:35.911+0000] {standard_task_runner.py:64} INFO - Started process 14344 to run task
[2026-02-09T12:15:35.909+0000] {standard_task_runner.py:90} INFO - Running: ['***', 'tasks', 'run', 'stock_raw_aapl', 'download_and_load_raw', 'scheduled__2024-04-13T00:00:00+00:00', '--job-id', '6959', '--raw', '--subdir', 'DAGS_FOLDER/stocks_dwh/raw/stocks_raw_dags.py', '--cfg-path', '/tmp/tmpwg4kdel5']
[2026-02-09T12:15:35.911+0000] {standard_task_runner.py:91} INFO - Job 6959: Subtask download_and_load_raw
[2026-02-09T12:15:35.976+0000] {task_command.py:426} INFO - Running <TaskInstance: stock_raw_aapl.download_and_load_raw scheduled__2024-04-13T00:00:00+00:00 [running]> on host 4886d37bc122
[2026-02-09T12:15:36.071+0000] {taskinstance.py:2648} INFO - Exporting env vars: AIRFLOW_CTX_DAG_OWNER='***' AIRFLOW_CTX_DAG_ID='stock_raw_aapl' AIRFLOW_CTX_TASK_ID='download_and_load_raw' AIRFLOW_CTX_EXECUTION_DATE='2024-04-13T00:00:00+00:00' AIRFLOW_CTX_TRY_NUMBER='1' AIRFLOW_CTX_DAG_RUN_ID='scheduled__2024-04-13T00:00:00+00:00'
[2026-02-09T12:15:36.072+0000] {taskinstance.py:430} INFO - ::endgroup::
[2026-02-09T12:15:36.084+0000] {stocks_raw_dags.py:37} INFO - 2024-04-13 00:00:00+00:00, 2024-04-14 00:00:00+00:00
[2026-02-09T12:15:36.084+0000] {logging_mixin.py:188} INFO - [RAW] Download AAPL [1d] 2024-04-12..2024-04-14
[2026-02-09T12:15:36.086+0000] {logging_mixin.py:188} WARNING - /opt/***/dags/stocks_dwh/raw/stocks_raw_dags.py:42 FutureWarning: YF.download() has changed argument auto_adjust default to True
[2026-02-09T12:15:36.096+0000] {logging_mixin.py:188} WARNING - /home/***/.local/lib/python3.12/site-packages/yfinance/scrapers/history.py:204 Pandas4Warning: Timestamp.utcnow is deprecated and will be removed in a future version. Use Timestamp.now('UTC') instead.
[2026-02-09T12:15:36.651+0000] {logging_mixin.py:188} WARNING - [*********************100%***********************]  1 of 1 completed
[2026-02-09T12:15:36.694+0000] {base.py:84} INFO - Using connection ID 'dwh_clickhouse' for task execution.
[2026-02-09T12:15:36.713+0000] {logging_mixin.py:188} INFO - [RAW] Deleted existing rows for AAPL in 2024-04-12..2024-04-14
[2026-02-09T12:15:36.726+0000] {logging_mixin.py:188} INFO - [RAW] Inserted 1 rows into dwh.raw_stock_prices
[2026-02-09T12:15:36.727+0000] {python.py:237} INFO - Done. Returned value was: None
[2026-02-09T12:15:36.728+0000] {taskinstance.py:441} INFO - ::group::Post task execution logs
[2026-02-09T12:15:36.737+0000] {taskinstance.py:1206} INFO - Marking task as SUCCESS. dag_id=stock_raw_aapl, task_id=download_and_load_raw, run_id=scheduled__2024-04-13T00:00:00+00:00, execution_date=20240413T000000, start_date=20260209T121535, end_date=20260209T121536
[2026-02-09T12:15:36.767+0000] {local_task_job_runner.py:243} INFO - Task exited with return code 0
[2026-02-09T12:15:36.783+0000] {taskinstance.py:3503} INFO - 0 downstream tasks scheduled from follow-on schedule check
[2026-02-09T12:15:36.785+0000] {local_task_job_runner.py:222} INFO - ::endgroup::
