[2026-02-09T10:28:02.995+0000] {local_task_job_runner.py:120} INFO - ::group::Pre task execution logs
[2026-02-09T10:28:03.029+0000] {taskinstance.py:2076} INFO - Dependencies all met for dep_context=non-requeueable deps ti=<TaskInstance: stock_raw_aapl.download_and_load_raw scheduled__2025-01-05T00:00:00+00:00 [queued]>
[2026-02-09T10:28:03.036+0000] {taskinstance.py:2076} INFO - Dependencies all met for dep_context=requeueable deps ti=<TaskInstance: stock_raw_aapl.download_and_load_raw scheduled__2025-01-05T00:00:00+00:00 [queued]>
[2026-02-09T10:28:03.037+0000] {taskinstance.py:2306} INFO - Starting attempt 1 of 1
[2026-02-09T10:28:03.050+0000] {taskinstance.py:2330} INFO - Executing <Task(PythonOperator): download_and_load_raw> on 2025-01-05 00:00:00+00:00
[2026-02-09T10:28:03.062+0000] {logging_mixin.py:188} WARNING - /home/***/.local/lib/python3.12/site-packages/***/task/task_runner/standard_task_runner.py:62 DeprecationWarning: This process (pid=2565) is multi-threaded, use of fork() may lead to deadlocks in the child.
[2026-02-09T10:28:03.063+0000] {standard_task_runner.py:64} INFO - Started process 2573 to run task
[2026-02-09T10:28:03.062+0000] {standard_task_runner.py:90} INFO - Running: ['***', 'tasks', 'run', 'stock_raw_aapl', 'download_and_load_raw', 'scheduled__2025-01-05T00:00:00+00:00', '--job-id', '4662', '--raw', '--subdir', 'DAGS_FOLDER/stocks_dwh/raw/stocks_raw_dags.py', '--cfg-path', '/tmp/tmpe5of99yr']
[2026-02-09T10:28:03.066+0000] {standard_task_runner.py:91} INFO - Job 4662: Subtask download_and_load_raw
[2026-02-09T10:28:03.131+0000] {task_command.py:426} INFO - Running <TaskInstance: stock_raw_aapl.download_and_load_raw scheduled__2025-01-05T00:00:00+00:00 [running]> on host 4886d37bc122
[2026-02-09T10:28:03.227+0000] {taskinstance.py:2648} INFO - Exporting env vars: AIRFLOW_CTX_DAG_OWNER='***' AIRFLOW_CTX_DAG_ID='stock_raw_aapl' AIRFLOW_CTX_TASK_ID='download_and_load_raw' AIRFLOW_CTX_EXECUTION_DATE='2025-01-05T00:00:00+00:00' AIRFLOW_CTX_TRY_NUMBER='1' AIRFLOW_CTX_DAG_RUN_ID='scheduled__2025-01-05T00:00:00+00:00'
[2026-02-09T10:28:03.228+0000] {taskinstance.py:430} INFO - ::endgroup::
[2026-02-09T10:28:03.239+0000] {logging_mixin.py:188} INFO - [RAW] Download AAPL [1d] 2025-01-05..2025-01-06
[2026-02-09T10:28:03.242+0000] {logging_mixin.py:188} WARNING - /opt/***/dags/stocks_dwh/raw/stocks_raw_dags.py:38 FutureWarning: YF.download() has changed argument auto_adjust default to True
[2026-02-09T10:28:03.251+0000] {logging_mixin.py:188} WARNING - /home/***/.local/lib/python3.12/site-packages/yfinance/scrapers/history.py:204 Pandas4Warning: Timestamp.utcnow is deprecated and will be removed in a future version. Use Timestamp.now('UTC') instead.
[2026-02-09T10:28:03.740+0000] {multi.py:185} ERROR - 
1 Failed download:
[2026-02-09T10:28:03.741+0000] {multi.py:198} ERROR - ['AAPL']: YFPricesMissingError('possibly delisted; no price data found  (1d 2025-01-05 -> 2025-01-06)')
[2026-02-09T10:28:03.752+0000] {logging_mixin.py:188} INFO - [RAW] No data from yfinance
[2026-02-09T10:28:03.753+0000] {python.py:237} INFO - Done. Returned value was: None
[2026-02-09T10:28:03.753+0000] {taskinstance.py:441} INFO - ::group::Post task execution logs
[2026-02-09T10:28:03.765+0000] {taskinstance.py:1206} INFO - Marking task as SUCCESS. dag_id=stock_raw_aapl, task_id=download_and_load_raw, run_id=scheduled__2025-01-05T00:00:00+00:00, execution_date=20250105T000000, start_date=20260209T102803, end_date=20260209T102803
[2026-02-09T10:28:03.801+0000] {local_task_job_runner.py:243} INFO - Task exited with return code 0
[2026-02-09T10:28:03.820+0000] {taskinstance.py:3503} INFO - 0 downstream tasks scheduled from follow-on schedule check
[2026-02-09T10:28:03.823+0000] {local_task_job_runner.py:222} INFO - ::endgroup::
[2026-02-09T12:29:40.896+0000] {local_task_job_runner.py:120} INFO - ::group::Pre task execution logs
[2026-02-09T12:29:40.923+0000] {taskinstance.py:2076} INFO - Dependencies all met for dep_context=non-requeueable deps ti=<TaskInstance: stock_raw_aapl.download_and_load_raw scheduled__2025-01-05T00:00:00+00:00 [queued]>
[2026-02-09T12:29:40.932+0000] {taskinstance.py:2076} INFO - Dependencies all met for dep_context=requeueable deps ti=<TaskInstance: stock_raw_aapl.download_and_load_raw scheduled__2025-01-05T00:00:00+00:00 [queued]>
[2026-02-09T12:29:40.933+0000] {taskinstance.py:2306} INFO - Starting attempt 1 of 1
[2026-02-09T12:29:40.949+0000] {taskinstance.py:2330} INFO - Executing <Task(PythonOperator): download_and_load_raw> on 2025-01-05 00:00:00+00:00
[2026-02-09T12:29:40.966+0000] {logging_mixin.py:188} WARNING - /home/***/.local/lib/python3.12/site-packages/***/task/task_runner/standard_task_runner.py:62 DeprecationWarning: This process (pid=16806) is multi-threaded, use of fork() may lead to deadlocks in the child.
[2026-02-09T12:29:40.965+0000] {standard_task_runner.py:90} INFO - Running: ['***', 'tasks', 'run', 'stock_raw_aapl', 'download_and_load_raw', 'scheduled__2025-01-05T00:00:00+00:00', '--job-id', '7492', '--raw', '--subdir', 'DAGS_FOLDER/stocks_dwh/raw/stocks_raw_dags.py', '--cfg-path', '/tmp/tmpav53pe58']
[2026-02-09T12:29:40.967+0000] {standard_task_runner.py:64} INFO - Started process 16810 to run task
[2026-02-09T12:29:40.968+0000] {standard_task_runner.py:91} INFO - Job 7492: Subtask download_and_load_raw
[2026-02-09T12:29:41.047+0000] {task_command.py:426} INFO - Running <TaskInstance: stock_raw_aapl.download_and_load_raw scheduled__2025-01-05T00:00:00+00:00 [running]> on host 4886d37bc122
[2026-02-09T12:29:41.157+0000] {taskinstance.py:2648} INFO - Exporting env vars: AIRFLOW_CTX_DAG_OWNER='***' AIRFLOW_CTX_DAG_ID='stock_raw_aapl' AIRFLOW_CTX_TASK_ID='download_and_load_raw' AIRFLOW_CTX_EXECUTION_DATE='2025-01-05T00:00:00+00:00' AIRFLOW_CTX_TRY_NUMBER='1' AIRFLOW_CTX_DAG_RUN_ID='scheduled__2025-01-05T00:00:00+00:00'
[2026-02-09T12:29:41.159+0000] {taskinstance.py:430} INFO - ::endgroup::
[2026-02-09T12:29:41.172+0000] {stocks_raw_dags.py:37} INFO - 2025-01-05 00:00:00+00:00, 2025-01-06 00:00:00+00:00
[2026-02-09T12:29:41.173+0000] {logging_mixin.py:188} INFO - [RAW] Download AAPL [1d] 2025-01-04..2025-01-06
[2026-02-09T12:29:41.175+0000] {logging_mixin.py:188} WARNING - /opt/***/dags/stocks_dwh/raw/stocks_raw_dags.py:42 FutureWarning: YF.download() has changed argument auto_adjust default to True
[2026-02-09T12:29:41.183+0000] {logging_mixin.py:188} WARNING - /home/***/.local/lib/python3.12/site-packages/yfinance/scrapers/history.py:204 Pandas4Warning: Timestamp.utcnow is deprecated and will be removed in a future version. Use Timestamp.now('UTC') instead.
[2026-02-09T12:29:41.693+0000] {logging_mixin.py:188} WARNING - [*********************100%***********************]  1 of 1 completed
[2026-02-09T12:29:41.694+0000] {multi.py:185} ERROR - 
1 Failed download:
[2026-02-09T12:29:41.694+0000] {multi.py:198} ERROR - ['AAPL']: YFPricesMissingError('possibly delisted; no price data found  (1d 2025-01-04 -> 2025-01-06)')
[2026-02-09T12:29:41.708+0000] {logging_mixin.py:188} INFO - [RAW] No data from yfinance
[2026-02-09T12:29:41.709+0000] {python.py:237} INFO - Done. Returned value was: None
[2026-02-09T12:29:41.710+0000] {taskinstance.py:441} INFO - ::group::Post task execution logs
[2026-02-09T12:29:41.722+0000] {taskinstance.py:1206} INFO - Marking task as SUCCESS. dag_id=stock_raw_aapl, task_id=download_and_load_raw, run_id=scheduled__2025-01-05T00:00:00+00:00, execution_date=20250105T000000, start_date=20260209T122940, end_date=20260209T122941
[2026-02-09T12:29:41.784+0000] {local_task_job_runner.py:243} INFO - Task exited with return code 0
[2026-02-09T12:29:41.805+0000] {taskinstance.py:3503} INFO - 0 downstream tasks scheduled from follow-on schedule check
[2026-02-09T12:29:41.807+0000] {local_task_job_runner.py:222} INFO - ::endgroup::
