[2026-02-09T10:38:47.075+0000] {local_task_job_runner.py:120} INFO - ::group::Pre task execution logs
[2026-02-09T10:38:47.105+0000] {taskinstance.py:2076} INFO - Dependencies all met for dep_context=non-requeueable deps ti=<TaskInstance: stock_raw_aapl.download_and_load_raw scheduled__2025-07-19T00:00:00+00:00 [queued]>
[2026-02-09T10:38:47.112+0000] {taskinstance.py:2076} INFO - Dependencies all met for dep_context=requeueable deps ti=<TaskInstance: stock_raw_aapl.download_and_load_raw scheduled__2025-07-19T00:00:00+00:00 [queued]>
[2026-02-09T10:38:47.113+0000] {taskinstance.py:2306} INFO - Starting attempt 1 of 1
[2026-02-09T10:38:47.124+0000] {taskinstance.py:2330} INFO - Executing <Task(PythonOperator): download_and_load_raw> on 2025-07-19 00:00:00+00:00
[2026-02-09T10:38:47.136+0000] {logging_mixin.py:188} WARNING - /home/***/.local/lib/python3.12/site-packages/***/task/task_runner/standard_task_runner.py:62 DeprecationWarning: This process (pid=6680) is multi-threaded, use of fork() may lead to deadlocks in the child.
[2026-02-09T10:38:47.137+0000] {standard_task_runner.py:64} INFO - Started process 6687 to run task
[2026-02-09T10:38:47.136+0000] {standard_task_runner.py:90} INFO - Running: ['***', 'tasks', 'run', 'stock_raw_aapl', 'download_and_load_raw', 'scheduled__2025-07-19T00:00:00+00:00', '--job-id', '5628', '--raw', '--subdir', 'DAGS_FOLDER/stocks_dwh/raw/stocks_raw_dags.py', '--cfg-path', '/tmp/tmp8ft43lfl']
[2026-02-09T10:38:47.138+0000] {standard_task_runner.py:91} INFO - Job 5628: Subtask download_and_load_raw
[2026-02-09T10:38:47.200+0000] {task_command.py:426} INFO - Running <TaskInstance: stock_raw_aapl.download_and_load_raw scheduled__2025-07-19T00:00:00+00:00 [running]> on host 4886d37bc122
[2026-02-09T10:38:47.292+0000] {taskinstance.py:2648} INFO - Exporting env vars: AIRFLOW_CTX_DAG_OWNER='***' AIRFLOW_CTX_DAG_ID='stock_raw_aapl' AIRFLOW_CTX_TASK_ID='download_and_load_raw' AIRFLOW_CTX_EXECUTION_DATE='2025-07-19T00:00:00+00:00' AIRFLOW_CTX_TRY_NUMBER='1' AIRFLOW_CTX_DAG_RUN_ID='scheduled__2025-07-19T00:00:00+00:00'
[2026-02-09T10:38:47.293+0000] {taskinstance.py:430} INFO - ::endgroup::
[2026-02-09T10:38:47.308+0000] {logging_mixin.py:188} INFO - [RAW] Download AAPL [1d] 2025-07-19..2025-07-20
[2026-02-09T10:38:47.311+0000] {logging_mixin.py:188} WARNING - /opt/***/dags/stocks_dwh/raw/stocks_raw_dags.py:38 FutureWarning: YF.download() has changed argument auto_adjust default to True
[2026-02-09T10:38:47.320+0000] {logging_mixin.py:188} WARNING - /home/***/.local/lib/python3.12/site-packages/yfinance/scrapers/history.py:204 Pandas4Warning: Timestamp.utcnow is deprecated and will be removed in a future version. Use Timestamp.now('UTC') instead.
[2026-02-09T10:38:47.802+0000] {multi.py:185} ERROR - 
1 Failed download:
[2026-02-09T10:38:47.803+0000] {multi.py:198} ERROR - ['AAPL']: YFPricesMissingError('possibly delisted; no price data found  (1d 2025-07-19 -> 2025-07-20)')
[2026-02-09T10:38:47.817+0000] {logging_mixin.py:188} INFO - [RAW] No data from yfinance
[2026-02-09T10:38:47.817+0000] {python.py:237} INFO - Done. Returned value was: None
[2026-02-09T10:38:47.818+0000] {taskinstance.py:441} INFO - ::group::Post task execution logs
[2026-02-09T10:38:47.828+0000] {taskinstance.py:1206} INFO - Marking task as SUCCESS. dag_id=stock_raw_aapl, task_id=download_and_load_raw, run_id=scheduled__2025-07-19T00:00:00+00:00, execution_date=20250719T000000, start_date=20260209T103847, end_date=20260209T103847
[2026-02-09T10:38:47.873+0000] {local_task_job_runner.py:243} INFO - Task exited with return code 0
[2026-02-09T10:38:47.891+0000] {taskinstance.py:3503} INFO - 0 downstream tasks scheduled from follow-on schedule check
[2026-02-09T10:38:47.893+0000] {local_task_job_runner.py:222} INFO - ::endgroup::
[2026-02-09T12:40:35.971+0000] {local_task_job_runner.py:120} INFO - ::group::Pre task execution logs
[2026-02-09T12:40:36.000+0000] {taskinstance.py:2076} INFO - Dependencies all met for dep_context=non-requeueable deps ti=<TaskInstance: stock_raw_aapl.download_and_load_raw scheduled__2025-07-19T00:00:00+00:00 [queued]>
[2026-02-09T12:40:36.008+0000] {taskinstance.py:2076} INFO - Dependencies all met for dep_context=requeueable deps ti=<TaskInstance: stock_raw_aapl.download_and_load_raw scheduled__2025-07-19T00:00:00+00:00 [queued]>
[2026-02-09T12:40:36.008+0000] {taskinstance.py:2306} INFO - Starting attempt 1 of 1
[2026-02-09T12:40:36.021+0000] {taskinstance.py:2330} INFO - Executing <Task(PythonOperator): download_and_load_raw> on 2025-07-19 00:00:00+00:00
[2026-02-09T12:40:36.034+0000] {logging_mixin.py:188} WARNING - /home/***/.local/lib/python3.12/site-packages/***/task/task_runner/standard_task_runner.py:62 DeprecationWarning: This process (pid=18119) is multi-threaded, use of fork() may lead to deadlocks in the child.
[2026-02-09T12:40:36.036+0000] {standard_task_runner.py:64} INFO - Started process 18121 to run task
[2026-02-09T12:40:36.035+0000] {standard_task_runner.py:90} INFO - Running: ['***', 'tasks', 'run', 'stock_raw_aapl', 'download_and_load_raw', 'scheduled__2025-07-19T00:00:00+00:00', '--job-id', '7757', '--raw', '--subdir', 'DAGS_FOLDER/stocks_dwh/raw/stocks_raw_dags.py', '--cfg-path', '/tmp/tmphfyjbes0']
[2026-02-09T12:40:36.037+0000] {standard_task_runner.py:91} INFO - Job 7757: Subtask download_and_load_raw
[2026-02-09T12:40:36.110+0000] {task_command.py:426} INFO - Running <TaskInstance: stock_raw_aapl.download_and_load_raw scheduled__2025-07-19T00:00:00+00:00 [running]> on host 4886d37bc122
[2026-02-09T12:40:36.212+0000] {taskinstance.py:2648} INFO - Exporting env vars: AIRFLOW_CTX_DAG_OWNER='***' AIRFLOW_CTX_DAG_ID='stock_raw_aapl' AIRFLOW_CTX_TASK_ID='download_and_load_raw' AIRFLOW_CTX_EXECUTION_DATE='2025-07-19T00:00:00+00:00' AIRFLOW_CTX_TRY_NUMBER='1' AIRFLOW_CTX_DAG_RUN_ID='scheduled__2025-07-19T00:00:00+00:00'
[2026-02-09T12:40:36.213+0000] {taskinstance.py:430} INFO - ::endgroup::
[2026-02-09T12:40:36.226+0000] {stocks_raw_dags.py:37} INFO - 2025-07-19 00:00:00+00:00, 2025-07-20 00:00:00+00:00
[2026-02-09T12:40:36.226+0000] {logging_mixin.py:188} INFO - [RAW] Download AAPL [1d] 2025-07-18..2025-07-20
[2026-02-09T12:40:36.228+0000] {logging_mixin.py:188} WARNING - /opt/***/dags/stocks_dwh/raw/stocks_raw_dags.py:42 FutureWarning: YF.download() has changed argument auto_adjust default to True
[2026-02-09T12:40:36.237+0000] {logging_mixin.py:188} WARNING - /home/***/.local/lib/python3.12/site-packages/yfinance/scrapers/history.py:204 Pandas4Warning: Timestamp.utcnow is deprecated and will be removed in a future version. Use Timestamp.now('UTC') instead.
[2026-02-09T12:40:36.963+0000] {logging_mixin.py:188} WARNING - [*********************100%***********************]  1 of 1 completed
[2026-02-09T12:40:37.000+0000] {base.py:84} INFO - Using connection ID 'dwh_clickhouse' for task execution.
[2026-02-09T12:40:37.029+0000] {logging_mixin.py:188} INFO - [RAW] Deleted existing rows for AAPL in 2025-07-18..2025-07-20
[2026-02-09T12:40:37.041+0000] {logging_mixin.py:188} INFO - [RAW] Inserted 1 rows into dwh.raw_stock_prices
[2026-02-09T12:40:37.042+0000] {python.py:237} INFO - Done. Returned value was: None
[2026-02-09T12:40:37.043+0000] {taskinstance.py:441} INFO - ::group::Post task execution logs
[2026-02-09T12:40:37.054+0000] {taskinstance.py:1206} INFO - Marking task as SUCCESS. dag_id=stock_raw_aapl, task_id=download_and_load_raw, run_id=scheduled__2025-07-19T00:00:00+00:00, execution_date=20250719T000000, start_date=20260209T124036, end_date=20260209T124037
[2026-02-09T12:40:37.093+0000] {local_task_job_runner.py:243} INFO - Task exited with return code 0
[2026-02-09T12:40:37.112+0000] {taskinstance.py:3503} INFO - 0 downstream tasks scheduled from follow-on schedule check
[2026-02-09T12:40:37.116+0000] {local_task_job_runner.py:222} INFO - ::endgroup::
