[2026-02-09T10:39:07.494+0000] {local_task_job_runner.py:120} INFO - ::group::Pre task execution logs
[2026-02-09T10:39:07.527+0000] {taskinstance.py:2076} INFO - Dependencies all met for dep_context=non-requeueable deps ti=<TaskInstance: stock_raw_aapl.download_and_load_raw scheduled__2025-07-26T00:00:00+00:00 [queued]>
[2026-02-09T10:39:07.536+0000] {taskinstance.py:2076} INFO - Dependencies all met for dep_context=requeueable deps ti=<TaskInstance: stock_raw_aapl.download_and_load_raw scheduled__2025-07-26T00:00:00+00:00 [queued]>
[2026-02-09T10:39:07.537+0000] {taskinstance.py:2306} INFO - Starting attempt 1 of 1
[2026-02-09T10:39:07.550+0000] {taskinstance.py:2330} INFO - Executing <Task(PythonOperator): download_and_load_raw> on 2025-07-26 00:00:00+00:00
[2026-02-09T10:39:07.564+0000] {logging_mixin.py:188} WARNING - /home/***/.local/lib/python3.12/site-packages/***/task/task_runner/standard_task_runner.py:62 DeprecationWarning: This process (pid=6832) is multi-threaded, use of fork() may lead to deadlocks in the child.
[2026-02-09T10:39:07.565+0000] {standard_task_runner.py:64} INFO - Started process 6838 to run task
[2026-02-09T10:39:07.564+0000] {standard_task_runner.py:90} INFO - Running: ['***', 'tasks', 'run', 'stock_raw_aapl', 'download_and_load_raw', 'scheduled__2025-07-26T00:00:00+00:00', '--job-id', '5664', '--raw', '--subdir', 'DAGS_FOLDER/stocks_dwh/raw/stocks_raw_dags.py', '--cfg-path', '/tmp/tmp0wq1zb9f']
[2026-02-09T10:39:07.567+0000] {standard_task_runner.py:91} INFO - Job 5664: Subtask download_and_load_raw
[2026-02-09T10:39:07.633+0000] {task_command.py:426} INFO - Running <TaskInstance: stock_raw_aapl.download_and_load_raw scheduled__2025-07-26T00:00:00+00:00 [running]> on host 4886d37bc122
[2026-02-09T10:39:07.727+0000] {taskinstance.py:2648} INFO - Exporting env vars: AIRFLOW_CTX_DAG_OWNER='***' AIRFLOW_CTX_DAG_ID='stock_raw_aapl' AIRFLOW_CTX_TASK_ID='download_and_load_raw' AIRFLOW_CTX_EXECUTION_DATE='2025-07-26T00:00:00+00:00' AIRFLOW_CTX_TRY_NUMBER='1' AIRFLOW_CTX_DAG_RUN_ID='scheduled__2025-07-26T00:00:00+00:00'
[2026-02-09T10:39:07.729+0000] {taskinstance.py:430} INFO - ::endgroup::
[2026-02-09T10:39:07.743+0000] {logging_mixin.py:188} INFO - [RAW] Download AAPL [1d] 2025-07-26..2025-07-27
[2026-02-09T10:39:07.745+0000] {logging_mixin.py:188} WARNING - /opt/***/dags/stocks_dwh/raw/stocks_raw_dags.py:38 FutureWarning: YF.download() has changed argument auto_adjust default to True
[2026-02-09T10:39:07.754+0000] {logging_mixin.py:188} WARNING - /home/***/.local/lib/python3.12/site-packages/yfinance/scrapers/history.py:204 Pandas4Warning: Timestamp.utcnow is deprecated and will be removed in a future version. Use Timestamp.now('UTC') instead.
[2026-02-09T10:39:08.274+0000] {multi.py:185} ERROR - 
1 Failed download:
[2026-02-09T10:39:08.274+0000] {multi.py:198} ERROR - ['AAPL']: YFPricesMissingError('possibly delisted; no price data found  (1d 2025-07-26 -> 2025-07-27)')
[2026-02-09T10:39:08.288+0000] {logging_mixin.py:188} INFO - [RAW] No data from yfinance
[2026-02-09T10:39:08.288+0000] {python.py:237} INFO - Done. Returned value was: None
[2026-02-09T10:39:08.290+0000] {taskinstance.py:441} INFO - ::group::Post task execution logs
[2026-02-09T10:39:08.300+0000] {taskinstance.py:1206} INFO - Marking task as SUCCESS. dag_id=stock_raw_aapl, task_id=download_and_load_raw, run_id=scheduled__2025-07-26T00:00:00+00:00, execution_date=20250726T000000, start_date=20260209T103907, end_date=20260209T103908
[2026-02-09T10:39:08.341+0000] {local_task_job_runner.py:243} INFO - Task exited with return code 0
[2026-02-09T10:39:08.358+0000] {taskinstance.py:3503} INFO - 0 downstream tasks scheduled from follow-on schedule check
[2026-02-09T10:39:08.360+0000] {local_task_job_runner.py:222} INFO - ::endgroup::
[2026-02-09T12:40:59.349+0000] {local_task_job_runner.py:120} INFO - ::group::Pre task execution logs
[2026-02-09T12:40:59.379+0000] {taskinstance.py:2076} INFO - Dependencies all met for dep_context=non-requeueable deps ti=<TaskInstance: stock_raw_aapl.download_and_load_raw scheduled__2025-07-26T00:00:00+00:00 [queued]>
[2026-02-09T12:40:59.388+0000] {taskinstance.py:2076} INFO - Dependencies all met for dep_context=requeueable deps ti=<TaskInstance: stock_raw_aapl.download_and_load_raw scheduled__2025-07-26T00:00:00+00:00 [queued]>
[2026-02-09T12:40:59.389+0000] {taskinstance.py:2306} INFO - Starting attempt 1 of 1
[2026-02-09T12:40:59.402+0000] {taskinstance.py:2330} INFO - Executing <Task(PythonOperator): download_and_load_raw> on 2025-07-26 00:00:00+00:00
[2026-02-09T12:40:59.414+0000] {logging_mixin.py:188} WARNING - /home/***/.local/lib/python3.12/site-packages/***/task/task_runner/standard_task_runner.py:62 DeprecationWarning: This process (pid=18159) is multi-threaded, use of fork() may lead to deadlocks in the child.
[2026-02-09T12:40:59.414+0000] {standard_task_runner.py:90} INFO - Running: ['***', 'tasks', 'run', 'stock_raw_aapl', 'download_and_load_raw', 'scheduled__2025-07-26T00:00:00+00:00', '--job-id', '7764', '--raw', '--subdir', 'DAGS_FOLDER/stocks_dwh/raw/stocks_raw_dags.py', '--cfg-path', '/tmp/tmpg450iee8']
[2026-02-09T12:40:59.416+0000] {standard_task_runner.py:64} INFO - Started process 18161 to run task
[2026-02-09T12:40:59.416+0000] {standard_task_runner.py:91} INFO - Job 7764: Subtask download_and_load_raw
[2026-02-09T12:40:59.479+0000] {task_command.py:426} INFO - Running <TaskInstance: stock_raw_aapl.download_and_load_raw scheduled__2025-07-26T00:00:00+00:00 [running]> on host 4886d37bc122
[2026-02-09T12:40:59.576+0000] {taskinstance.py:2648} INFO - Exporting env vars: AIRFLOW_CTX_DAG_OWNER='***' AIRFLOW_CTX_DAG_ID='stock_raw_aapl' AIRFLOW_CTX_TASK_ID='download_and_load_raw' AIRFLOW_CTX_EXECUTION_DATE='2025-07-26T00:00:00+00:00' AIRFLOW_CTX_TRY_NUMBER='1' AIRFLOW_CTX_DAG_RUN_ID='scheduled__2025-07-26T00:00:00+00:00'
[2026-02-09T12:40:59.579+0000] {taskinstance.py:430} INFO - ::endgroup::
[2026-02-09T12:40:59.589+0000] {stocks_raw_dags.py:37} INFO - 2025-07-26 00:00:00+00:00, 2025-07-27 00:00:00+00:00
[2026-02-09T12:40:59.590+0000] {logging_mixin.py:188} INFO - [RAW] Download AAPL [1d] 2025-07-25..2025-07-27
[2026-02-09T12:40:59.592+0000] {logging_mixin.py:188} WARNING - /opt/***/dags/stocks_dwh/raw/stocks_raw_dags.py:42 FutureWarning: YF.download() has changed argument auto_adjust default to True
[2026-02-09T12:40:59.601+0000] {logging_mixin.py:188} WARNING - /home/***/.local/lib/python3.12/site-packages/yfinance/scrapers/history.py:204 Pandas4Warning: Timestamp.utcnow is deprecated and will be removed in a future version. Use Timestamp.now('UTC') instead.
[2026-02-09T12:41:00.138+0000] {logging_mixin.py:188} WARNING - [*********************100%***********************]  1 of 1 completed
[2026-02-09T12:41:00.175+0000] {base.py:84} INFO - Using connection ID 'dwh_clickhouse' for task execution.
[2026-02-09T12:41:00.209+0000] {logging_mixin.py:188} INFO - [RAW] Deleted existing rows for AAPL in 2025-07-25..2025-07-27
[2026-02-09T12:41:00.220+0000] {logging_mixin.py:188} INFO - [RAW] Inserted 1 rows into dwh.raw_stock_prices
[2026-02-09T12:41:00.222+0000] {python.py:237} INFO - Done. Returned value was: None
[2026-02-09T12:41:00.223+0000] {taskinstance.py:441} INFO - ::group::Post task execution logs
[2026-02-09T12:41:00.235+0000] {taskinstance.py:1206} INFO - Marking task as SUCCESS. dag_id=stock_raw_aapl, task_id=download_and_load_raw, run_id=scheduled__2025-07-26T00:00:00+00:00, execution_date=20250726T000000, start_date=20260209T124059, end_date=20260209T124100
[2026-02-09T12:41:00.272+0000] {local_task_job_runner.py:243} INFO - Task exited with return code 0
[2026-02-09T12:41:00.293+0000] {taskinstance.py:3503} INFO - 0 downstream tasks scheduled from follow-on schedule check
[2026-02-09T12:41:00.297+0000] {local_task_job_runner.py:222} INFO - ::endgroup::
