[2026-02-09T10:32:35.137+0000] {local_task_job_runner.py:120} INFO - ::group::Pre task execution logs
[2026-02-09T10:32:35.173+0000] {taskinstance.py:2076} INFO - Dependencies all met for dep_context=non-requeueable deps ti=<TaskInstance: stock_raw_aapl.download_and_load_raw scheduled__2025-03-29T00:00:00+00:00 [queued]>
[2026-02-09T10:32:35.182+0000] {taskinstance.py:2076} INFO - Dependencies all met for dep_context=requeueable deps ti=<TaskInstance: stock_raw_aapl.download_and_load_raw scheduled__2025-03-29T00:00:00+00:00 [queued]>
[2026-02-09T10:32:35.183+0000] {taskinstance.py:2306} INFO - Starting attempt 1 of 1
[2026-02-09T10:32:35.196+0000] {taskinstance.py:2330} INFO - Executing <Task(PythonOperator): download_and_load_raw> on 2025-03-29 00:00:00+00:00
[2026-02-09T10:32:35.212+0000] {logging_mixin.py:188} WARNING - /home/***/.local/lib/python3.12/site-packages/***/task/task_runner/standard_task_runner.py:62 DeprecationWarning: This process (pid=4322) is multi-threaded, use of fork() may lead to deadlocks in the child.
[2026-02-09T10:32:35.214+0000] {standard_task_runner.py:64} INFO - Started process 4333 to run task
[2026-02-09T10:32:35.212+0000] {standard_task_runner.py:90} INFO - Running: ['***', 'tasks', 'run', 'stock_raw_aapl', 'download_and_load_raw', 'scheduled__2025-03-29T00:00:00+00:00', '--job-id', '5078', '--raw', '--subdir', 'DAGS_FOLDER/stocks_dwh/raw/stocks_raw_dags.py', '--cfg-path', '/tmp/tmp5ml1ejkz']
[2026-02-09T10:32:35.215+0000] {standard_task_runner.py:91} INFO - Job 5078: Subtask download_and_load_raw
[2026-02-09T10:32:35.280+0000] {task_command.py:426} INFO - Running <TaskInstance: stock_raw_aapl.download_and_load_raw scheduled__2025-03-29T00:00:00+00:00 [running]> on host 4886d37bc122
[2026-02-09T10:32:35.388+0000] {taskinstance.py:2648} INFO - Exporting env vars: AIRFLOW_CTX_DAG_OWNER='***' AIRFLOW_CTX_DAG_ID='stock_raw_aapl' AIRFLOW_CTX_TASK_ID='download_and_load_raw' AIRFLOW_CTX_EXECUTION_DATE='2025-03-29T00:00:00+00:00' AIRFLOW_CTX_TRY_NUMBER='1' AIRFLOW_CTX_DAG_RUN_ID='scheduled__2025-03-29T00:00:00+00:00'
[2026-02-09T10:32:35.389+0000] {taskinstance.py:430} INFO - ::endgroup::
[2026-02-09T10:32:35.401+0000] {logging_mixin.py:188} INFO - [RAW] Download AAPL [1d] 2025-03-29..2025-03-30
[2026-02-09T10:32:35.403+0000] {logging_mixin.py:188} WARNING - /opt/***/dags/stocks_dwh/raw/stocks_raw_dags.py:38 FutureWarning: YF.download() has changed argument auto_adjust default to True
[2026-02-09T10:32:35.412+0000] {logging_mixin.py:188} WARNING - /home/***/.local/lib/python3.12/site-packages/yfinance/scrapers/history.py:204 Pandas4Warning: Timestamp.utcnow is deprecated and will be removed in a future version. Use Timestamp.now('UTC') instead.
[2026-02-09T10:32:35.902+0000] {multi.py:185} ERROR - 
1 Failed download:
[2026-02-09T10:32:35.903+0000] {multi.py:198} ERROR - ['AAPL']: YFPricesMissingError('possibly delisted; no price data found  (1d 2025-03-29 -> 2025-03-30)')
[2026-02-09T10:32:35.917+0000] {logging_mixin.py:188} INFO - [RAW] No data from yfinance
[2026-02-09T10:32:35.917+0000] {python.py:237} INFO - Done. Returned value was: None
[2026-02-09T10:32:35.920+0000] {taskinstance.py:441} INFO - ::group::Post task execution logs
[2026-02-09T10:32:35.931+0000] {taskinstance.py:1206} INFO - Marking task as SUCCESS. dag_id=stock_raw_aapl, task_id=download_and_load_raw, run_id=scheduled__2025-03-29T00:00:00+00:00, execution_date=20250329T000000, start_date=20260209T103235, end_date=20260209T103235
[2026-02-09T10:32:35.991+0000] {local_task_job_runner.py:243} INFO - Task exited with return code 0
[2026-02-09T10:32:36.013+0000] {taskinstance.py:3503} INFO - 0 downstream tasks scheduled from follow-on schedule check
[2026-02-09T10:32:36.014+0000] {local_task_job_runner.py:222} INFO - ::endgroup::
[2026-02-09T12:34:45.403+0000] {local_task_job_runner.py:120} INFO - ::group::Pre task execution logs
[2026-02-09T12:34:45.440+0000] {taskinstance.py:2076} INFO - Dependencies all met for dep_context=non-requeueable deps ti=<TaskInstance: stock_raw_aapl.download_and_load_raw scheduled__2025-03-29T00:00:00+00:00 [queued]>
[2026-02-09T12:34:45.450+0000] {taskinstance.py:2076} INFO - Dependencies all met for dep_context=requeueable deps ti=<TaskInstance: stock_raw_aapl.download_and_load_raw scheduled__2025-03-29T00:00:00+00:00 [queued]>
[2026-02-09T12:34:45.451+0000] {taskinstance.py:2306} INFO - Starting attempt 1 of 1
[2026-02-09T12:34:45.468+0000] {taskinstance.py:2330} INFO - Executing <Task(PythonOperator): download_and_load_raw> on 2025-03-29 00:00:00+00:00
[2026-02-09T12:34:45.481+0000] {logging_mixin.py:188} WARNING - /home/***/.local/lib/python3.12/site-packages/***/task/task_runner/standard_task_runner.py:62 DeprecationWarning: This process (pid=17538) is multi-threaded, use of fork() may lead to deadlocks in the child.
[2026-02-09T12:34:45.483+0000] {standard_task_runner.py:64} INFO - Started process 17540 to run task
[2026-02-09T12:34:45.481+0000] {standard_task_runner.py:90} INFO - Running: ['***', 'tasks', 'run', 'stock_raw_aapl', 'download_and_load_raw', 'scheduled__2025-03-29T00:00:00+00:00', '--job-id', '7645', '--raw', '--subdir', 'DAGS_FOLDER/stocks_dwh/raw/stocks_raw_dags.py', '--cfg-path', '/tmp/tmp28ojgog7']
[2026-02-09T12:34:45.484+0000] {standard_task_runner.py:91} INFO - Job 7645: Subtask download_and_load_raw
[2026-02-09T12:34:45.564+0000] {task_command.py:426} INFO - Running <TaskInstance: stock_raw_aapl.download_and_load_raw scheduled__2025-03-29T00:00:00+00:00 [running]> on host 4886d37bc122
[2026-02-09T12:34:45.671+0000] {taskinstance.py:2648} INFO - Exporting env vars: AIRFLOW_CTX_DAG_OWNER='***' AIRFLOW_CTX_DAG_ID='stock_raw_aapl' AIRFLOW_CTX_TASK_ID='download_and_load_raw' AIRFLOW_CTX_EXECUTION_DATE='2025-03-29T00:00:00+00:00' AIRFLOW_CTX_TRY_NUMBER='1' AIRFLOW_CTX_DAG_RUN_ID='scheduled__2025-03-29T00:00:00+00:00'
[2026-02-09T12:34:45.673+0000] {taskinstance.py:430} INFO - ::endgroup::
[2026-02-09T12:34:45.684+0000] {stocks_raw_dags.py:37} INFO - 2025-03-29 00:00:00+00:00, 2025-03-30 00:00:00+00:00
[2026-02-09T12:34:45.684+0000] {logging_mixin.py:188} INFO - [RAW] Download AAPL [1d] 2025-03-28..2025-03-30
[2026-02-09T12:34:45.686+0000] {logging_mixin.py:188} WARNING - /opt/***/dags/stocks_dwh/raw/stocks_raw_dags.py:42 FutureWarning: YF.download() has changed argument auto_adjust default to True
[2026-02-09T12:34:45.695+0000] {logging_mixin.py:188} WARNING - /home/***/.local/lib/python3.12/site-packages/yfinance/scrapers/history.py:204 Pandas4Warning: Timestamp.utcnow is deprecated and will be removed in a future version. Use Timestamp.now('UTC') instead.
[2026-02-09T12:34:46.242+0000] {logging_mixin.py:188} WARNING - [*********************100%***********************]  1 of 1 completed
[2026-02-09T12:34:46.290+0000] {base.py:84} INFO - Using connection ID 'dwh_clickhouse' for task execution.
[2026-02-09T12:34:46.333+0000] {logging_mixin.py:188} INFO - [RAW] Deleted existing rows for AAPL in 2025-03-28..2025-03-30
[2026-02-09T12:34:46.349+0000] {logging_mixin.py:188} INFO - [RAW] Inserted 1 rows into dwh.raw_stock_prices
[2026-02-09T12:34:46.350+0000] {python.py:237} INFO - Done. Returned value was: None
[2026-02-09T12:34:46.352+0000] {taskinstance.py:441} INFO - ::group::Post task execution logs
[2026-02-09T12:34:46.367+0000] {taskinstance.py:1206} INFO - Marking task as SUCCESS. dag_id=stock_raw_aapl, task_id=download_and_load_raw, run_id=scheduled__2025-03-29T00:00:00+00:00, execution_date=20250329T000000, start_date=20260209T123445, end_date=20260209T123446
[2026-02-09T12:34:46.419+0000] {local_task_job_runner.py:243} INFO - Task exited with return code 0
[2026-02-09T12:34:46.445+0000] {taskinstance.py:3503} INFO - 0 downstream tasks scheduled from follow-on schedule check
[2026-02-09T12:34:46.450+0000] {local_task_job_runner.py:222} INFO - ::endgroup::
