[2026-02-09T10:22:00.365+0000] {local_task_job_runner.py:120} INFO - ::group::Pre task execution logs
[2026-02-09T10:22:00.395+0000] {taskinstance.py:2076} INFO - Dependencies all met for dep_context=non-requeueable deps ti=<TaskInstance: stock_raw_aapl.download_and_load_raw scheduled__2024-09-21T00:00:00+00:00 [queued]>
[2026-02-09T10:22:00.404+0000] {taskinstance.py:2076} INFO - Dependencies all met for dep_context=requeueable deps ti=<TaskInstance: stock_raw_aapl.download_and_load_raw scheduled__2024-09-21T00:00:00+00:00 [queued]>
[2026-02-09T10:22:00.405+0000] {taskinstance.py:2306} INFO - Starting attempt 1 of 1
[2026-02-09T10:22:00.418+0000] {taskinstance.py:2330} INFO - Executing <Task(PythonOperator): download_and_load_raw> on 2024-09-21 00:00:00+00:00
[2026-02-09T10:22:00.430+0000] {logging_mixin.py:188} WARNING - /home/***/.local/lib/python3.12/site-packages/***/task/task_runner/standard_task_runner.py:62 DeprecationWarning: This process (pid=328) is multi-threaded, use of fork() may lead to deadlocks in the child.
[2026-02-09T10:22:00.432+0000] {standard_task_runner.py:64} INFO - Started process 339 to run task
[2026-02-09T10:22:00.430+0000] {standard_task_runner.py:90} INFO - Running: ['***', 'tasks', 'run', 'stock_raw_aapl', 'download_and_load_raw', 'scheduled__2024-09-21T00:00:00+00:00', '--job-id', '4141', '--raw', '--subdir', 'DAGS_FOLDER/stocks_dwh/raw/stocks_raw_dags.py', '--cfg-path', '/tmp/tmp65w4tq50']
[2026-02-09T10:22:00.433+0000] {standard_task_runner.py:91} INFO - Job 4141: Subtask download_and_load_raw
[2026-02-09T10:22:00.496+0000] {task_command.py:426} INFO - Running <TaskInstance: stock_raw_aapl.download_and_load_raw scheduled__2024-09-21T00:00:00+00:00 [running]> on host 4886d37bc122
[2026-02-09T10:22:00.586+0000] {taskinstance.py:2648} INFO - Exporting env vars: AIRFLOW_CTX_DAG_OWNER='***' AIRFLOW_CTX_DAG_ID='stock_raw_aapl' AIRFLOW_CTX_TASK_ID='download_and_load_raw' AIRFLOW_CTX_EXECUTION_DATE='2024-09-21T00:00:00+00:00' AIRFLOW_CTX_TRY_NUMBER='1' AIRFLOW_CTX_DAG_RUN_ID='scheduled__2024-09-21T00:00:00+00:00'
[2026-02-09T10:22:00.589+0000] {taskinstance.py:430} INFO - ::endgroup::
[2026-02-09T10:22:00.601+0000] {logging_mixin.py:188} INFO - [RAW] Download AAPL [1d] 2024-09-21..2024-09-22
[2026-02-09T10:22:00.603+0000] {logging_mixin.py:188} WARNING - /opt/***/dags/stocks_dwh/raw/stocks_raw_dags.py:38 FutureWarning: YF.download() has changed argument auto_adjust default to True
[2026-02-09T10:22:00.611+0000] {logging_mixin.py:188} WARNING - /home/***/.local/lib/python3.12/site-packages/yfinance/scrapers/history.py:204 Pandas4Warning: Timestamp.utcnow is deprecated and will be removed in a future version. Use Timestamp.now('UTC') instead.
[2026-02-09T10:22:01.101+0000] {multi.py:185} ERROR - 
1 Failed download:
[2026-02-09T10:22:01.101+0000] {multi.py:198} ERROR - ['AAPL']: YFPricesMissingError('possibly delisted; no price data found  (1d 2024-09-21 -> 2024-09-22)')
[2026-02-09T10:22:01.114+0000] {logging_mixin.py:188} INFO - [RAW] No data from yfinance
[2026-02-09T10:22:01.114+0000] {python.py:237} INFO - Done. Returned value was: None
[2026-02-09T10:22:01.115+0000] {taskinstance.py:441} INFO - ::group::Post task execution logs
[2026-02-09T10:22:01.124+0000] {taskinstance.py:1206} INFO - Marking task as SUCCESS. dag_id=stock_raw_aapl, task_id=download_and_load_raw, run_id=scheduled__2024-09-21T00:00:00+00:00, execution_date=20240921T000000, start_date=20260209T102200, end_date=20260209T102201
[2026-02-09T10:22:01.167+0000] {local_task_job_runner.py:243} INFO - Task exited with return code 0
[2026-02-09T10:22:01.183+0000] {taskinstance.py:3503} INFO - 0 downstream tasks scheduled from follow-on schedule check
[2026-02-09T10:22:01.184+0000] {local_task_job_runner.py:222} INFO - ::endgroup::
[2026-02-09T12:24:16.085+0000] {local_task_job_runner.py:120} INFO - ::group::Pre task execution logs
[2026-02-09T12:24:16.116+0000] {taskinstance.py:2076} INFO - Dependencies all met for dep_context=non-requeueable deps ti=<TaskInstance: stock_raw_aapl.download_and_load_raw scheduled__2024-09-21T00:00:00+00:00 [queued]>
[2026-02-09T12:24:16.125+0000] {taskinstance.py:2076} INFO - Dependencies all met for dep_context=requeueable deps ti=<TaskInstance: stock_raw_aapl.download_and_load_raw scheduled__2024-09-21T00:00:00+00:00 [queued]>
[2026-02-09T12:24:16.126+0000] {taskinstance.py:2306} INFO - Starting attempt 1 of 1
[2026-02-09T12:24:16.138+0000] {taskinstance.py:2330} INFO - Executing <Task(PythonOperator): download_and_load_raw> on 2024-09-21 00:00:00+00:00
[2026-02-09T12:24:16.150+0000] {logging_mixin.py:188} WARNING - /home/***/.local/lib/python3.12/site-packages/***/task/task_runner/standard_task_runner.py:62 DeprecationWarning: This process (pid=15825) is multi-threaded, use of fork() may lead to deadlocks in the child.
[2026-02-09T12:24:16.151+0000] {standard_task_runner.py:64} INFO - Started process 15829 to run task
[2026-02-09T12:24:16.150+0000] {standard_task_runner.py:90} INFO - Running: ['***', 'tasks', 'run', 'stock_raw_aapl', 'download_and_load_raw', 'scheduled__2024-09-21T00:00:00+00:00', '--job-id', '7280', '--raw', '--subdir', 'DAGS_FOLDER/stocks_dwh/raw/stocks_raw_dags.py', '--cfg-path', '/tmp/tmpwlark8uo']
[2026-02-09T12:24:16.152+0000] {standard_task_runner.py:91} INFO - Job 7280: Subtask download_and_load_raw
[2026-02-09T12:24:16.214+0000] {task_command.py:426} INFO - Running <TaskInstance: stock_raw_aapl.download_and_load_raw scheduled__2024-09-21T00:00:00+00:00 [running]> on host 4886d37bc122
[2026-02-09T12:24:16.324+0000] {taskinstance.py:2648} INFO - Exporting env vars: AIRFLOW_CTX_DAG_OWNER='***' AIRFLOW_CTX_DAG_ID='stock_raw_aapl' AIRFLOW_CTX_TASK_ID='download_and_load_raw' AIRFLOW_CTX_EXECUTION_DATE='2024-09-21T00:00:00+00:00' AIRFLOW_CTX_TRY_NUMBER='1' AIRFLOW_CTX_DAG_RUN_ID='scheduled__2024-09-21T00:00:00+00:00'
[2026-02-09T12:24:16.327+0000] {taskinstance.py:430} INFO - ::endgroup::
[2026-02-09T12:24:16.339+0000] {stocks_raw_dags.py:37} INFO - 2024-09-21 00:00:00+00:00, 2024-09-22 00:00:00+00:00
[2026-02-09T12:24:16.340+0000] {logging_mixin.py:188} INFO - [RAW] Download AAPL [1d] 2024-09-20..2024-09-22
[2026-02-09T12:24:16.345+0000] {logging_mixin.py:188} WARNING - /opt/***/dags/stocks_dwh/raw/stocks_raw_dags.py:42 FutureWarning: YF.download() has changed argument auto_adjust default to True
[2026-02-09T12:24:16.355+0000] {logging_mixin.py:188} WARNING - /home/***/.local/lib/python3.12/site-packages/yfinance/scrapers/history.py:204 Pandas4Warning: Timestamp.utcnow is deprecated and will be removed in a future version. Use Timestamp.now('UTC') instead.
[2026-02-09T12:24:16.890+0000] {logging_mixin.py:188} WARNING - [*********************100%***********************]  1 of 1 completed
[2026-02-09T12:24:16.931+0000] {base.py:84} INFO - Using connection ID 'dwh_clickhouse' for task execution.
[2026-02-09T12:24:16.965+0000] {logging_mixin.py:188} INFO - [RAW] Deleted existing rows for AAPL in 2024-09-20..2024-09-22
[2026-02-09T12:24:16.977+0000] {logging_mixin.py:188} INFO - [RAW] Inserted 1 rows into dwh.raw_stock_prices
[2026-02-09T12:24:16.978+0000] {python.py:237} INFO - Done. Returned value was: None
[2026-02-09T12:24:16.979+0000] {taskinstance.py:441} INFO - ::group::Post task execution logs
[2026-02-09T12:24:16.992+0000] {taskinstance.py:1206} INFO - Marking task as SUCCESS. dag_id=stock_raw_aapl, task_id=download_and_load_raw, run_id=scheduled__2024-09-21T00:00:00+00:00, execution_date=20240921T000000, start_date=20260209T122416, end_date=20260209T122416
[2026-02-09T12:24:17.049+0000] {local_task_job_runner.py:243} INFO - Task exited with return code 0
[2026-02-09T12:24:17.072+0000] {taskinstance.py:3503} INFO - 0 downstream tasks scheduled from follow-on schedule check
[2026-02-09T12:24:17.075+0000] {local_task_job_runner.py:222} INFO - ::endgroup::
