[2026-02-08T22:19:53.168+0000] {processor.py:161} INFO - Started process (PID=189) to work on /opt/airflow/dags/downlad_tickers/stocks_dags.py
[2026-02-08T22:19:53.169+0000] {processor.py:830} INFO - Processing file /opt/airflow/dags/downlad_tickers/stocks_dags.py for tasks to queue
[2026-02-08T22:19:53.171+0000] {logging_mixin.py:188} INFO - [2026-02-08T22:19:53.171+0000] {dagbag.py:545} INFO - Filling up the DagBag from /opt/airflow/dags/downlad_tickers/stocks_dags.py
[2026-02-08T22:19:54.526+0000] {processor.py:840} INFO - DAG(s) 'stock_msft', 'stock_moex.sber', 'stock_nvda', 'stock_aapl', 'stock_tsla' retrieved from /opt/airflow/dags/downlad_tickers/stocks_dags.py
[2026-02-08T22:19:54.576+0000] {logging_mixin.py:188} INFO - [2026-02-08T22:19:54.575+0000] {dag.py:3089} INFO - Sync 5 DAGs
[2026-02-08T22:19:54.600+0000] {logging_mixin.py:188} INFO - [2026-02-08T22:19:54.600+0000] {dag.py:3947} INFO - Setting next_dagrun for stock_aapl to 2024-01-02 00:00:00+00:00, run_after=2024-01-03 00:00:00+00:00
[2026-02-08T22:19:54.605+0000] {logging_mixin.py:188} INFO - [2026-02-08T22:19:54.605+0000] {dag.py:3947} INFO - Setting next_dagrun for stock_msft to 2024-01-01 00:00:00+00:00, run_after=2024-01-02 00:00:00+00:00
[2026-02-08T22:19:54.607+0000] {logging_mixin.py:188} INFO - [2026-02-08T22:19:54.607+0000] {dag.py:3947} INFO - Setting next_dagrun for stock_nvda to 2024-01-01 00:00:00+00:00, run_after=2024-01-02 00:00:00+00:00
[2026-02-08T22:19:54.610+0000] {logging_mixin.py:188} INFO - [2026-02-08T22:19:54.609+0000] {dag.py:3947} INFO - Setting next_dagrun for stock_tsla to 2024-01-01 00:00:00+00:00, run_after=2024-01-02 00:00:00+00:00
[2026-02-08T22:19:54.626+0000] {processor.py:183} INFO - Processing /opt/airflow/dags/downlad_tickers/stocks_dags.py took 1.467 seconds
[2026-02-08T22:20:24.846+0000] {processor.py:161} INFO - Started process (PID=242) to work on /opt/airflow/dags/downlad_tickers/stocks_dags.py
[2026-02-08T22:20:24.848+0000] {processor.py:830} INFO - Processing file /opt/airflow/dags/downlad_tickers/stocks_dags.py for tasks to queue
[2026-02-08T22:20:24.850+0000] {logging_mixin.py:188} INFO - [2026-02-08T22:20:24.849+0000] {dagbag.py:545} INFO - Filling up the DagBag from /opt/airflow/dags/downlad_tickers/stocks_dags.py
[2026-02-08T22:20:25.733+0000] {processor.py:840} INFO - DAG(s) 'stock_aapl', 'stock_moex.sber', 'stock_msft', 'stock_tsla', 'stock_nvda' retrieved from /opt/airflow/dags/downlad_tickers/stocks_dags.py
[2026-02-08T22:20:25.764+0000] {logging_mixin.py:188} INFO - [2026-02-08T22:20:25.764+0000] {dag.py:3089} INFO - Sync 5 DAGs
[2026-02-08T22:20:25.786+0000] {logging_mixin.py:188} INFO - [2026-02-08T22:20:25.786+0000] {dag.py:3947} INFO - Setting next_dagrun for stock_aapl to 2024-01-02 00:00:00+00:00, run_after=2024-01-03 00:00:00+00:00
[2026-02-08T22:20:25.792+0000] {logging_mixin.py:188} INFO - [2026-02-08T22:20:25.792+0000] {dag.py:3947} INFO - Setting next_dagrun for stock_msft to 2024-01-01 00:00:00+00:00, run_after=2024-01-02 00:00:00+00:00
[2026-02-08T22:20:25.794+0000] {logging_mixin.py:188} INFO - [2026-02-08T22:20:25.794+0000] {dag.py:3947} INFO - Setting next_dagrun for stock_nvda to 2024-01-01 00:00:00+00:00, run_after=2024-01-02 00:00:00+00:00
[2026-02-08T22:20:25.796+0000] {logging_mixin.py:188} INFO - [2026-02-08T22:20:25.796+0000] {dag.py:3947} INFO - Setting next_dagrun for stock_tsla to 2024-01-01 00:00:00+00:00, run_after=2024-01-02 00:00:00+00:00
[2026-02-08T22:20:25.811+0000] {processor.py:183} INFO - Processing /opt/airflow/dags/downlad_tickers/stocks_dags.py took 0.971 seconds
[2026-02-08T22:20:55.983+0000] {processor.py:161} INFO - Started process (PID=292) to work on /opt/airflow/dags/downlad_tickers/stocks_dags.py
[2026-02-08T22:20:55.984+0000] {processor.py:830} INFO - Processing file /opt/airflow/dags/downlad_tickers/stocks_dags.py for tasks to queue
[2026-02-08T22:20:55.985+0000] {logging_mixin.py:188} INFO - [2026-02-08T22:20:55.985+0000] {dagbag.py:545} INFO - Filling up the DagBag from /opt/airflow/dags/downlad_tickers/stocks_dags.py
[2026-02-08T22:20:56.872+0000] {processor.py:840} INFO - DAG(s) 'stock_nvda', 'stock_aapl', 'stock_tsla', 'stock_moex.sber', 'stock_msft' retrieved from /opt/airflow/dags/downlad_tickers/stocks_dags.py
[2026-02-08T22:20:56.909+0000] {logging_mixin.py:188} INFO - [2026-02-08T22:20:56.909+0000] {dag.py:3089} INFO - Sync 5 DAGs
[2026-02-08T22:20:56.931+0000] {logging_mixin.py:188} INFO - [2026-02-08T22:20:56.931+0000] {dag.py:3947} INFO - Setting next_dagrun for stock_aapl to 2024-01-02 00:00:00+00:00, run_after=2024-01-03 00:00:00+00:00
[2026-02-08T22:20:56.936+0000] {logging_mixin.py:188} INFO - [2026-02-08T22:20:56.936+0000] {dag.py:3947} INFO - Setting next_dagrun for stock_msft to 2024-01-01 00:00:00+00:00, run_after=2024-01-02 00:00:00+00:00
[2026-02-08T22:20:56.938+0000] {logging_mixin.py:188} INFO - [2026-02-08T22:20:56.938+0000] {dag.py:3947} INFO - Setting next_dagrun for stock_nvda to 2024-01-01 00:00:00+00:00, run_after=2024-01-02 00:00:00+00:00
[2026-02-08T22:20:56.940+0000] {logging_mixin.py:188} INFO - [2026-02-08T22:20:56.940+0000] {dag.py:3947} INFO - Setting next_dagrun for stock_tsla to 2024-01-01 00:00:00+00:00, run_after=2024-01-02 00:00:00+00:00
[2026-02-08T22:20:56.955+0000] {processor.py:183} INFO - Processing /opt/airflow/dags/downlad_tickers/stocks_dags.py took 0.978 seconds
[2026-02-08T22:21:27.188+0000] {processor.py:161} INFO - Started process (PID=334) to work on /opt/airflow/dags/downlad_tickers/stocks_dags.py
[2026-02-08T22:21:27.190+0000] {processor.py:830} INFO - Processing file /opt/airflow/dags/downlad_tickers/stocks_dags.py for tasks to queue
[2026-02-08T22:21:27.192+0000] {logging_mixin.py:188} INFO - [2026-02-08T22:21:27.191+0000] {dagbag.py:545} INFO - Filling up the DagBag from /opt/airflow/dags/downlad_tickers/stocks_dags.py
[2026-02-08T22:21:28.182+0000] {processor.py:840} INFO - DAG(s) 'stock_nvda', 'stock_msft', 'stock_aapl', 'stock_tsla', 'stock_moex.sber' retrieved from /opt/airflow/dags/downlad_tickers/stocks_dags.py
[2026-02-08T22:21:28.219+0000] {logging_mixin.py:188} INFO - [2026-02-08T22:21:28.217+0000] {dag.py:3089} INFO - Sync 5 DAGs
[2026-02-08T22:21:28.243+0000] {logging_mixin.py:188} INFO - [2026-02-08T22:21:28.243+0000] {dag.py:3947} INFO - Setting next_dagrun for stock_aapl to 2024-01-02 00:00:00+00:00, run_after=2024-01-03 00:00:00+00:00
[2026-02-08T22:21:28.249+0000] {logging_mixin.py:188} INFO - [2026-02-08T22:21:28.249+0000] {dag.py:3947} INFO - Setting next_dagrun for stock_msft to 2024-01-01 00:00:00+00:00, run_after=2024-01-02 00:00:00+00:00
[2026-02-08T22:21:28.251+0000] {logging_mixin.py:188} INFO - [2026-02-08T22:21:28.251+0000] {dag.py:3947} INFO - Setting next_dagrun for stock_nvda to 2024-01-01 00:00:00+00:00, run_after=2024-01-02 00:00:00+00:00
[2026-02-08T22:21:28.253+0000] {logging_mixin.py:188} INFO - [2026-02-08T22:21:28.253+0000] {dag.py:3947} INFO - Setting next_dagrun for stock_tsla to 2024-01-01 00:00:00+00:00, run_after=2024-01-02 00:00:00+00:00
[2026-02-08T22:21:28.270+0000] {processor.py:183} INFO - Processing /opt/airflow/dags/downlad_tickers/stocks_dags.py took 1.088 seconds
[2026-02-08T22:21:58.469+0000] {processor.py:161} INFO - Started process (PID=374) to work on /opt/airflow/dags/downlad_tickers/stocks_dags.py
[2026-02-08T22:21:58.470+0000] {processor.py:830} INFO - Processing file /opt/airflow/dags/downlad_tickers/stocks_dags.py for tasks to queue
[2026-02-08T22:21:58.472+0000] {logging_mixin.py:188} INFO - [2026-02-08T22:21:58.472+0000] {dagbag.py:545} INFO - Filling up the DagBag from /opt/airflow/dags/downlad_tickers/stocks_dags.py
[2026-02-08T22:21:59.332+0000] {processor.py:840} INFO - DAG(s) 'stock_nvda', 'stock_tsla', 'stock_msft', 'stock_aapl', 'stock_moex.sber' retrieved from /opt/airflow/dags/downlad_tickers/stocks_dags.py
[2026-02-08T22:21:59.362+0000] {logging_mixin.py:188} INFO - [2026-02-08T22:21:59.362+0000] {dag.py:3089} INFO - Sync 5 DAGs
[2026-02-08T22:21:59.382+0000] {logging_mixin.py:188} INFO - [2026-02-08T22:21:59.381+0000] {dag.py:3947} INFO - Setting next_dagrun for stock_aapl to 2024-01-02 00:00:00+00:00, run_after=2024-01-03 00:00:00+00:00
[2026-02-08T22:21:59.386+0000] {logging_mixin.py:188} INFO - [2026-02-08T22:21:59.386+0000] {dag.py:3947} INFO - Setting next_dagrun for stock_msft to 2024-01-01 00:00:00+00:00, run_after=2024-01-02 00:00:00+00:00
[2026-02-08T22:21:59.388+0000] {logging_mixin.py:188} INFO - [2026-02-08T22:21:59.387+0000] {dag.py:3947} INFO - Setting next_dagrun for stock_nvda to 2024-01-01 00:00:00+00:00, run_after=2024-01-02 00:00:00+00:00
[2026-02-08T22:21:59.390+0000] {logging_mixin.py:188} INFO - [2026-02-08T22:21:59.389+0000] {dag.py:3947} INFO - Setting next_dagrun for stock_tsla to 2024-01-01 00:00:00+00:00, run_after=2024-01-02 00:00:00+00:00
[2026-02-08T22:21:59.406+0000] {processor.py:183} INFO - Processing /opt/airflow/dags/downlad_tickers/stocks_dags.py took 0.942 seconds
[2026-02-08T22:22:29.622+0000] {processor.py:161} INFO - Started process (PID=422) to work on /opt/airflow/dags/downlad_tickers/stocks_dags.py
[2026-02-08T22:22:29.623+0000] {processor.py:830} INFO - Processing file /opt/airflow/dags/downlad_tickers/stocks_dags.py for tasks to queue
[2026-02-08T22:22:29.625+0000] {logging_mixin.py:188} INFO - [2026-02-08T22:22:29.625+0000] {dagbag.py:545} INFO - Filling up the DagBag from /opt/airflow/dags/downlad_tickers/stocks_dags.py
[2026-02-08T22:22:30.484+0000] {processor.py:840} INFO - DAG(s) 'stock_msft', 'stock_aapl', 'stock_moex.sber', 'stock_nvda', 'stock_tsla' retrieved from /opt/airflow/dags/downlad_tickers/stocks_dags.py
[2026-02-08T22:22:30.518+0000] {logging_mixin.py:188} INFO - [2026-02-08T22:22:30.517+0000] {dag.py:3089} INFO - Sync 5 DAGs
[2026-02-08T22:22:30.543+0000] {logging_mixin.py:188} INFO - [2026-02-08T22:22:30.543+0000] {dag.py:3947} INFO - Setting next_dagrun for stock_aapl to 2024-01-02 00:00:00+00:00, run_after=2024-01-03 00:00:00+00:00
[2026-02-08T22:22:30.547+0000] {logging_mixin.py:188} INFO - [2026-02-08T22:22:30.547+0000] {dag.py:3947} INFO - Setting next_dagrun for stock_moex.sber to 2026-01-26 00:00:00+00:00, run_after=2026-01-27 00:00:00+00:00
[2026-02-08T22:22:30.550+0000] {logging_mixin.py:188} INFO - [2026-02-08T22:22:30.550+0000] {dag.py:3947} INFO - Setting next_dagrun for stock_msft to 2024-01-01 00:00:00+00:00, run_after=2024-01-02 00:00:00+00:00
[2026-02-08T22:22:30.552+0000] {logging_mixin.py:188} INFO - [2026-02-08T22:22:30.552+0000] {dag.py:3947} INFO - Setting next_dagrun for stock_nvda to 2024-01-01 00:00:00+00:00, run_after=2024-01-02 00:00:00+00:00
[2026-02-08T22:22:30.555+0000] {logging_mixin.py:188} INFO - [2026-02-08T22:22:30.554+0000] {dag.py:3947} INFO - Setting next_dagrun for stock_tsla to 2024-01-01 00:00:00+00:00, run_after=2024-01-02 00:00:00+00:00
[2026-02-08T22:22:30.572+0000] {processor.py:183} INFO - Processing /opt/airflow/dags/downlad_tickers/stocks_dags.py took 0.957 seconds
[2026-02-08T22:23:00.777+0000] {processor.py:161} INFO - Started process (PID=472) to work on /opt/airflow/dags/downlad_tickers/stocks_dags.py
[2026-02-08T22:23:00.778+0000] {processor.py:830} INFO - Processing file /opt/airflow/dags/downlad_tickers/stocks_dags.py for tasks to queue
[2026-02-08T22:23:00.780+0000] {logging_mixin.py:188} INFO - [2026-02-08T22:23:00.779+0000] {dagbag.py:545} INFO - Filling up the DagBag from /opt/airflow/dags/downlad_tickers/stocks_dags.py
[2026-02-08T22:23:01.647+0000] {processor.py:840} INFO - DAG(s) 'stock_nvda', 'stock_tsla', 'stock_aapl', 'stock_msft', 'stock_moex.sber' retrieved from /opt/airflow/dags/downlad_tickers/stocks_dags.py
[2026-02-08T22:23:01.679+0000] {logging_mixin.py:188} INFO - [2026-02-08T22:23:01.678+0000] {dag.py:3089} INFO - Sync 5 DAGs
[2026-02-08T22:23:01.699+0000] {logging_mixin.py:188} INFO - [2026-02-08T22:23:01.699+0000] {dag.py:3947} INFO - Setting next_dagrun for stock_aapl to 2024-01-02 00:00:00+00:00, run_after=2024-01-03 00:00:00+00:00
[2026-02-08T22:23:01.704+0000] {logging_mixin.py:188} INFO - [2026-02-08T22:23:01.704+0000] {dag.py:3947} INFO - Setting next_dagrun for stock_msft to 2024-01-01 00:00:00+00:00, run_after=2024-01-02 00:00:00+00:00
[2026-02-08T22:23:01.706+0000] {logging_mixin.py:188} INFO - [2026-02-08T22:23:01.706+0000] {dag.py:3947} INFO - Setting next_dagrun for stock_nvda to 2024-01-01 00:00:00+00:00, run_after=2024-01-02 00:00:00+00:00
[2026-02-08T22:23:01.708+0000] {logging_mixin.py:188} INFO - [2026-02-08T22:23:01.707+0000] {dag.py:3947} INFO - Setting next_dagrun for stock_tsla to 2024-01-01 00:00:00+00:00, run_after=2024-01-02 00:00:00+00:00
[2026-02-08T22:23:01.723+0000] {processor.py:183} INFO - Processing /opt/airflow/dags/downlad_tickers/stocks_dags.py took 0.952 seconds
[2026-02-08T22:23:31.919+0000] {processor.py:161} INFO - Started process (PID=510) to work on /opt/airflow/dags/downlad_tickers/stocks_dags.py
[2026-02-08T22:23:31.920+0000] {processor.py:830} INFO - Processing file /opt/airflow/dags/downlad_tickers/stocks_dags.py for tasks to queue
[2026-02-08T22:23:31.922+0000] {logging_mixin.py:188} INFO - [2026-02-08T22:23:31.921+0000] {dagbag.py:545} INFO - Filling up the DagBag from /opt/airflow/dags/downlad_tickers/stocks_dags.py
[2026-02-08T22:23:32.810+0000] {processor.py:840} INFO - DAG(s) 'stock_nvda', 'stock_moex.sber', 'stock_tsla', 'stock_msft', 'stock_aapl' retrieved from /opt/airflow/dags/downlad_tickers/stocks_dags.py
[2026-02-08T22:23:32.841+0000] {logging_mixin.py:188} INFO - [2026-02-08T22:23:32.841+0000] {dag.py:3089} INFO - Sync 5 DAGs
[2026-02-08T22:23:32.863+0000] {logging_mixin.py:188} INFO - [2026-02-08T22:23:32.863+0000] {dag.py:3947} INFO - Setting next_dagrun for stock_aapl to 2024-01-02 00:00:00+00:00, run_after=2024-01-03 00:00:00+00:00
[2026-02-08T22:23:32.867+0000] {logging_mixin.py:188} INFO - [2026-02-08T22:23:32.867+0000] {dag.py:3947} INFO - Setting next_dagrun for stock_moex.sber to 2026-02-08 00:00:00+00:00, run_after=2026-02-09 00:00:00+00:00
[2026-02-08T22:23:32.869+0000] {logging_mixin.py:188} INFO - [2026-02-08T22:23:32.869+0000] {dag.py:3947} INFO - Setting next_dagrun for stock_msft to 2024-01-01 00:00:00+00:00, run_after=2024-01-02 00:00:00+00:00
[2026-02-08T22:23:32.871+0000] {logging_mixin.py:188} INFO - [2026-02-08T22:23:32.871+0000] {dag.py:3947} INFO - Setting next_dagrun for stock_nvda to 2024-01-01 00:00:00+00:00, run_after=2024-01-02 00:00:00+00:00
[2026-02-08T22:23:32.873+0000] {logging_mixin.py:188} INFO - [2026-02-08T22:23:32.872+0000] {dag.py:3947} INFO - Setting next_dagrun for stock_tsla to 2024-01-01 00:00:00+00:00, run_after=2024-01-02 00:00:00+00:00
[2026-02-08T22:23:32.887+0000] {processor.py:183} INFO - Processing /opt/airflow/dags/downlad_tickers/stocks_dags.py took 0.974 seconds
[2026-02-08T22:24:03.086+0000] {processor.py:161} INFO - Started process (PID=528) to work on /opt/airflow/dags/downlad_tickers/stocks_dags.py
[2026-02-08T22:24:03.087+0000] {processor.py:830} INFO - Processing file /opt/airflow/dags/downlad_tickers/stocks_dags.py for tasks to queue
[2026-02-08T22:24:03.089+0000] {logging_mixin.py:188} INFO - [2026-02-08T22:24:03.088+0000] {dagbag.py:545} INFO - Filling up the DagBag from /opt/airflow/dags/downlad_tickers/stocks_dags.py
[2026-02-08T22:24:03.960+0000] {processor.py:840} INFO - DAG(s) 'stock_nvda', 'stock_msft', 'stock_tsla', 'stock_aapl', 'stock_moex.sber' retrieved from /opt/airflow/dags/downlad_tickers/stocks_dags.py
[2026-02-08T22:24:03.992+0000] {logging_mixin.py:188} INFO - [2026-02-08T22:24:03.992+0000] {dag.py:3089} INFO - Sync 5 DAGs
[2026-02-08T22:24:04.015+0000] {logging_mixin.py:188} INFO - [2026-02-08T22:24:04.015+0000] {dag.py:3947} INFO - Setting next_dagrun for stock_aapl to 2024-01-02 00:00:00+00:00, run_after=2024-01-03 00:00:00+00:00
[2026-02-08T22:24:04.019+0000] {logging_mixin.py:188} INFO - [2026-02-08T22:24:04.019+0000] {dag.py:3947} INFO - Setting next_dagrun for stock_moex.sber to 2026-02-08 00:00:00+00:00, run_after=2026-02-09 00:00:00+00:00
[2026-02-08T22:24:04.022+0000] {logging_mixin.py:188} INFO - [2026-02-08T22:24:04.021+0000] {dag.py:3947} INFO - Setting next_dagrun for stock_msft to 2024-01-01 00:00:00+00:00, run_after=2024-01-02 00:00:00+00:00
[2026-02-08T22:24:04.024+0000] {logging_mixin.py:188} INFO - [2026-02-08T22:24:04.024+0000] {dag.py:3947} INFO - Setting next_dagrun for stock_nvda to 2024-01-01 00:00:00+00:00, run_after=2024-01-02 00:00:00+00:00
[2026-02-08T22:24:04.025+0000] {logging_mixin.py:188} INFO - [2026-02-08T22:24:04.025+0000] {dag.py:3947} INFO - Setting next_dagrun for stock_tsla to 2024-01-01 00:00:00+00:00, run_after=2024-01-02 00:00:00+00:00
[2026-02-08T22:24:04.040+0000] {processor.py:183} INFO - Processing /opt/airflow/dags/downlad_tickers/stocks_dags.py took 0.961 seconds
[2026-02-08T22:24:34.253+0000] {processor.py:161} INFO - Started process (PID=546) to work on /opt/airflow/dags/downlad_tickers/stocks_dags.py
[2026-02-08T22:24:34.254+0000] {processor.py:830} INFO - Processing file /opt/airflow/dags/downlad_tickers/stocks_dags.py for tasks to queue
[2026-02-08T22:24:34.256+0000] {logging_mixin.py:188} INFO - [2026-02-08T22:24:34.256+0000] {dagbag.py:545} INFO - Filling up the DagBag from /opt/airflow/dags/downlad_tickers/stocks_dags.py
[2026-02-08T22:24:35.110+0000] {processor.py:840} INFO - DAG(s) 'stock_aapl', 'stock_tsla', 'stock_msft', 'stock_moex.sber', 'stock_nvda' retrieved from /opt/airflow/dags/downlad_tickers/stocks_dags.py
[2026-02-08T22:24:35.141+0000] {logging_mixin.py:188} INFO - [2026-02-08T22:24:35.139+0000] {dag.py:3089} INFO - Sync 5 DAGs
[2026-02-08T22:24:35.161+0000] {logging_mixin.py:188} INFO - [2026-02-08T22:24:35.160+0000] {dag.py:3947} INFO - Setting next_dagrun for stock_aapl to 2024-01-02 00:00:00+00:00, run_after=2024-01-03 00:00:00+00:00
[2026-02-08T22:24:35.165+0000] {logging_mixin.py:188} INFO - [2026-02-08T22:24:35.164+0000] {dag.py:3947} INFO - Setting next_dagrun for stock_moex.sber to 2026-02-08 00:00:00+00:00, run_after=2026-02-09 00:00:00+00:00
[2026-02-08T22:24:35.166+0000] {logging_mixin.py:188} INFO - [2026-02-08T22:24:35.166+0000] {dag.py:3947} INFO - Setting next_dagrun for stock_msft to 2024-01-01 00:00:00+00:00, run_after=2024-01-02 00:00:00+00:00
[2026-02-08T22:24:35.168+0000] {logging_mixin.py:188} INFO - [2026-02-08T22:24:35.168+0000] {dag.py:3947} INFO - Setting next_dagrun for stock_nvda to 2024-01-01 00:00:00+00:00, run_after=2024-01-02 00:00:00+00:00
[2026-02-08T22:24:35.169+0000] {logging_mixin.py:188} INFO - [2026-02-08T22:24:35.169+0000] {dag.py:3947} INFO - Setting next_dagrun for stock_tsla to 2024-01-01 00:00:00+00:00, run_after=2024-01-02 00:00:00+00:00
[2026-02-08T22:24:35.185+0000] {processor.py:183} INFO - Processing /opt/airflow/dags/downlad_tickers/stocks_dags.py took 0.938 seconds
[2026-02-08T22:25:05.514+0000] {processor.py:161} INFO - Started process (PID=564) to work on /opt/airflow/dags/downlad_tickers/stocks_dags.py
[2026-02-08T22:25:05.514+0000] {processor.py:830} INFO - Processing file /opt/airflow/dags/downlad_tickers/stocks_dags.py for tasks to queue
[2026-02-08T22:25:05.516+0000] {logging_mixin.py:188} INFO - [2026-02-08T22:25:05.516+0000] {dagbag.py:545} INFO - Filling up the DagBag from /opt/airflow/dags/downlad_tickers/stocks_dags.py
[2026-02-08T22:25:06.402+0000] {processor.py:840} INFO - DAG(s) 'stock_aapl', 'stock_tsla', 'stock_nvda', 'stock_moex.sber', 'stock_msft' retrieved from /opt/airflow/dags/downlad_tickers/stocks_dags.py
[2026-02-08T22:25:06.436+0000] {logging_mixin.py:188} INFO - [2026-02-08T22:25:06.435+0000] {dag.py:3089} INFO - Sync 5 DAGs
[2026-02-08T22:25:06.457+0000] {logging_mixin.py:188} INFO - [2026-02-08T22:25:06.456+0000] {dag.py:3947} INFO - Setting next_dagrun for stock_aapl to 2024-01-02 00:00:00+00:00, run_after=2024-01-03 00:00:00+00:00
[2026-02-08T22:25:06.461+0000] {logging_mixin.py:188} INFO - [2026-02-08T22:25:06.460+0000] {dag.py:3947} INFO - Setting next_dagrun for stock_moex.sber to 2026-02-08 00:00:00+00:00, run_after=2026-02-09 00:00:00+00:00
[2026-02-08T22:25:06.462+0000] {logging_mixin.py:188} INFO - [2026-02-08T22:25:06.462+0000] {dag.py:3947} INFO - Setting next_dagrun for stock_msft to 2024-01-01 00:00:00+00:00, run_after=2024-01-02 00:00:00+00:00
[2026-02-08T22:25:06.466+0000] {logging_mixin.py:188} INFO - [2026-02-08T22:25:06.464+0000] {dag.py:3947} INFO - Setting next_dagrun for stock_nvda to 2024-01-01 00:00:00+00:00, run_after=2024-01-02 00:00:00+00:00
[2026-02-08T22:25:06.473+0000] {logging_mixin.py:188} INFO - [2026-02-08T22:25:06.473+0000] {dag.py:3947} INFO - Setting next_dagrun for stock_tsla to 2024-01-01 00:00:00+00:00, run_after=2024-01-02 00:00:00+00:00
[2026-02-08T22:25:06.493+0000] {processor.py:183} INFO - Processing /opt/airflow/dags/downlad_tickers/stocks_dags.py took 0.985 seconds
[2026-02-08T22:25:36.721+0000] {processor.py:161} INFO - Started process (PID=582) to work on /opt/airflow/dags/downlad_tickers/stocks_dags.py
[2026-02-08T22:25:36.722+0000] {processor.py:830} INFO - Processing file /opt/airflow/dags/downlad_tickers/stocks_dags.py for tasks to queue
[2026-02-08T22:25:36.726+0000] {logging_mixin.py:188} INFO - [2026-02-08T22:25:36.725+0000] {dagbag.py:545} INFO - Filling up the DagBag from /opt/airflow/dags/downlad_tickers/stocks_dags.py
[2026-02-08T22:25:37.692+0000] {processor.py:840} INFO - DAG(s) 'stock_nvda', 'stock_tsla', 'stock_aapl', 'stock_msft', 'stock_moex.sber' retrieved from /opt/airflow/dags/downlad_tickers/stocks_dags.py
[2026-02-08T22:25:37.729+0000] {logging_mixin.py:188} INFO - [2026-02-08T22:25:37.729+0000] {dag.py:3089} INFO - Sync 5 DAGs
[2026-02-08T22:25:37.751+0000] {logging_mixin.py:188} INFO - [2026-02-08T22:25:37.751+0000] {dag.py:3947} INFO - Setting next_dagrun for stock_aapl to 2024-01-02 00:00:00+00:00, run_after=2024-01-03 00:00:00+00:00
[2026-02-08T22:25:37.758+0000] {logging_mixin.py:188} INFO - [2026-02-08T22:25:37.758+0000] {dag.py:3947} INFO - Setting next_dagrun for stock_moex.sber to 2026-02-08 00:00:00+00:00, run_after=2026-02-09 00:00:00+00:00
[2026-02-08T22:25:37.760+0000] {logging_mixin.py:188} INFO - [2026-02-08T22:25:37.760+0000] {dag.py:3947} INFO - Setting next_dagrun for stock_msft to 2024-01-01 00:00:00+00:00, run_after=2024-01-02 00:00:00+00:00
[2026-02-08T22:25:37.761+0000] {logging_mixin.py:188} INFO - [2026-02-08T22:25:37.761+0000] {dag.py:3947} INFO - Setting next_dagrun for stock_nvda to 2024-01-01 00:00:00+00:00, run_after=2024-01-02 00:00:00+00:00
[2026-02-08T22:25:37.763+0000] {logging_mixin.py:188} INFO - [2026-02-08T22:25:37.763+0000] {dag.py:3947} INFO - Setting next_dagrun for stock_tsla to 2024-01-01 00:00:00+00:00, run_after=2024-01-02 00:00:00+00:00
[2026-02-08T22:25:37.780+0000] {processor.py:183} INFO - Processing /opt/airflow/dags/downlad_tickers/stocks_dags.py took 1.065 seconds
[2026-02-08T22:26:08.008+0000] {processor.py:161} INFO - Started process (PID=600) to work on /opt/airflow/dags/downlad_tickers/stocks_dags.py
[2026-02-08T22:26:08.009+0000] {processor.py:830} INFO - Processing file /opt/airflow/dags/downlad_tickers/stocks_dags.py for tasks to queue
[2026-02-08T22:26:08.011+0000] {logging_mixin.py:188} INFO - [2026-02-08T22:26:08.010+0000] {dagbag.py:545} INFO - Filling up the DagBag from /opt/airflow/dags/downlad_tickers/stocks_dags.py
[2026-02-08T22:26:08.970+0000] {processor.py:840} INFO - DAG(s) 'stock_msft', 'stock_nvda', 'stock_moex.sber', 'stock_aapl', 'stock_tsla' retrieved from /opt/airflow/dags/downlad_tickers/stocks_dags.py
[2026-02-08T22:26:09.005+0000] {logging_mixin.py:188} INFO - [2026-02-08T22:26:09.004+0000] {dag.py:3089} INFO - Sync 5 DAGs
[2026-02-08T22:26:09.029+0000] {logging_mixin.py:188} INFO - [2026-02-08T22:26:09.028+0000] {dag.py:3947} INFO - Setting next_dagrun for stock_aapl to 2024-01-02 00:00:00+00:00, run_after=2024-01-03 00:00:00+00:00
[2026-02-08T22:26:09.033+0000] {logging_mixin.py:188} INFO - [2026-02-08T22:26:09.033+0000] {dag.py:3947} INFO - Setting next_dagrun for stock_moex.sber to 2026-02-08 00:00:00+00:00, run_after=2026-02-09 00:00:00+00:00
[2026-02-08T22:26:09.036+0000] {logging_mixin.py:188} INFO - [2026-02-08T22:26:09.035+0000] {dag.py:3947} INFO - Setting next_dagrun for stock_msft to 2024-01-01 00:00:00+00:00, run_after=2024-01-02 00:00:00+00:00
[2026-02-08T22:26:09.037+0000] {logging_mixin.py:188} INFO - [2026-02-08T22:26:09.037+0000] {dag.py:3947} INFO - Setting next_dagrun for stock_nvda to 2024-01-01 00:00:00+00:00, run_after=2024-01-02 00:00:00+00:00
[2026-02-08T22:26:09.039+0000] {logging_mixin.py:188} INFO - [2026-02-08T22:26:09.039+0000] {dag.py:3947} INFO - Setting next_dagrun for stock_tsla to 2024-01-01 00:00:00+00:00, run_after=2024-01-02 00:00:00+00:00
[2026-02-08T22:26:09.059+0000] {processor.py:183} INFO - Processing /opt/airflow/dags/downlad_tickers/stocks_dags.py took 1.057 seconds
[2026-02-08T22:26:39.264+0000] {processor.py:161} INFO - Started process (PID=618) to work on /opt/airflow/dags/downlad_tickers/stocks_dags.py
[2026-02-08T22:26:39.265+0000] {processor.py:830} INFO - Processing file /opt/airflow/dags/downlad_tickers/stocks_dags.py for tasks to queue
[2026-02-08T22:26:39.267+0000] {logging_mixin.py:188} INFO - [2026-02-08T22:26:39.267+0000] {dagbag.py:545} INFO - Filling up the DagBag from /opt/airflow/dags/downlad_tickers/stocks_dags.py
[2026-02-08T22:26:40.241+0000] {processor.py:840} INFO - DAG(s) 'stock_nvda', 'stock_moex.sber', 'stock_msft', 'stock_tsla', 'stock_aapl' retrieved from /opt/airflow/dags/downlad_tickers/stocks_dags.py
[2026-02-08T22:26:40.279+0000] {logging_mixin.py:188} INFO - [2026-02-08T22:26:40.278+0000] {dag.py:3089} INFO - Sync 5 DAGs
[2026-02-08T22:26:40.306+0000] {logging_mixin.py:188} INFO - [2026-02-08T22:26:40.305+0000] {dag.py:3947} INFO - Setting next_dagrun for stock_aapl to 2024-01-02 00:00:00+00:00, run_after=2024-01-03 00:00:00+00:00
[2026-02-08T22:26:40.311+0000] {logging_mixin.py:188} INFO - [2026-02-08T22:26:40.310+0000] {dag.py:3947} INFO - Setting next_dagrun for stock_moex.sber to 2026-02-08 00:00:00+00:00, run_after=2026-02-09 00:00:00+00:00
[2026-02-08T22:26:40.313+0000] {logging_mixin.py:188} INFO - [2026-02-08T22:26:40.313+0000] {dag.py:3947} INFO - Setting next_dagrun for stock_msft to 2024-01-01 00:00:00+00:00, run_after=2024-01-02 00:00:00+00:00
[2026-02-08T22:26:40.316+0000] {logging_mixin.py:188} INFO - [2026-02-08T22:26:40.316+0000] {dag.py:3947} INFO - Setting next_dagrun for stock_nvda to 2024-01-01 00:00:00+00:00, run_after=2024-01-02 00:00:00+00:00
[2026-02-08T22:26:40.319+0000] {logging_mixin.py:188} INFO - [2026-02-08T22:26:40.319+0000] {dag.py:3947} INFO - Setting next_dagrun for stock_tsla to 2024-01-01 00:00:00+00:00, run_after=2024-01-02 00:00:00+00:00
[2026-02-08T22:26:40.339+0000] {processor.py:183} INFO - Processing /opt/airflow/dags/downlad_tickers/stocks_dags.py took 1.085 seconds
[2026-02-08T22:27:10.570+0000] {processor.py:161} INFO - Started process (PID=636) to work on /opt/airflow/dags/downlad_tickers/stocks_dags.py
[2026-02-08T22:27:10.570+0000] {processor.py:830} INFO - Processing file /opt/airflow/dags/downlad_tickers/stocks_dags.py for tasks to queue
[2026-02-08T22:27:10.573+0000] {logging_mixin.py:188} INFO - [2026-02-08T22:27:10.572+0000] {dagbag.py:545} INFO - Filling up the DagBag from /opt/airflow/dags/downlad_tickers/stocks_dags.py
[2026-02-08T22:27:11.548+0000] {processor.py:840} INFO - DAG(s) 'stock_tsla', 'stock_moex.sber', 'stock_aapl', 'stock_nvda', 'stock_msft' retrieved from /opt/airflow/dags/downlad_tickers/stocks_dags.py
[2026-02-08T22:27:11.589+0000] {logging_mixin.py:188} INFO - [2026-02-08T22:27:11.588+0000] {dag.py:3089} INFO - Sync 5 DAGs
[2026-02-08T22:27:11.616+0000] {logging_mixin.py:188} INFO - [2026-02-08T22:27:11.615+0000] {dag.py:3947} INFO - Setting next_dagrun for stock_aapl to 2024-01-02 00:00:00+00:00, run_after=2024-01-03 00:00:00+00:00
[2026-02-08T22:27:11.623+0000] {logging_mixin.py:188} INFO - [2026-02-08T22:27:11.623+0000] {dag.py:3947} INFO - Setting next_dagrun for stock_moex.sber to 2026-02-08 00:00:00+00:00, run_after=2026-02-09 00:00:00+00:00
[2026-02-08T22:27:11.626+0000] {logging_mixin.py:188} INFO - [2026-02-08T22:27:11.626+0000] {dag.py:3947} INFO - Setting next_dagrun for stock_msft to 2024-01-01 00:00:00+00:00, run_after=2024-01-02 00:00:00+00:00
[2026-02-08T22:27:11.628+0000] {logging_mixin.py:188} INFO - [2026-02-08T22:27:11.628+0000] {dag.py:3947} INFO - Setting next_dagrun for stock_nvda to 2024-01-01 00:00:00+00:00, run_after=2024-01-02 00:00:00+00:00
[2026-02-08T22:27:11.630+0000] {logging_mixin.py:188} INFO - [2026-02-08T22:27:11.630+0000] {dag.py:3947} INFO - Setting next_dagrun for stock_tsla to 2024-01-01 00:00:00+00:00, run_after=2024-01-02 00:00:00+00:00
[2026-02-08T22:27:11.650+0000] {processor.py:183} INFO - Processing /opt/airflow/dags/downlad_tickers/stocks_dags.py took 1.088 seconds
[2026-02-08T22:27:41.772+0000] {processor.py:161} INFO - Started process (PID=654) to work on /opt/airflow/dags/downlad_tickers/stocks_dags.py
[2026-02-08T22:27:41.773+0000] {processor.py:830} INFO - Processing file /opt/airflow/dags/downlad_tickers/stocks_dags.py for tasks to queue
[2026-02-08T22:27:41.775+0000] {logging_mixin.py:188} INFO - [2026-02-08T22:27:41.774+0000] {dagbag.py:545} INFO - Filling up the DagBag from /opt/airflow/dags/downlad_tickers/stocks_dags.py
[2026-02-08T22:27:42.649+0000] {processor.py:840} INFO - DAG(s) 'stock_msft', 'stock_nvda', 'stock_tsla', 'stock_moex.sber', 'stock_aapl' retrieved from /opt/airflow/dags/downlad_tickers/stocks_dags.py
[2026-02-08T22:27:42.680+0000] {logging_mixin.py:188} INFO - [2026-02-08T22:27:42.679+0000] {dag.py:3089} INFO - Sync 5 DAGs
[2026-02-08T22:27:42.700+0000] {logging_mixin.py:188} INFO - [2026-02-08T22:27:42.700+0000] {dag.py:3947} INFO - Setting next_dagrun for stock_aapl to 2024-01-02 00:00:00+00:00, run_after=2024-01-03 00:00:00+00:00
[2026-02-08T22:27:42.704+0000] {logging_mixin.py:188} INFO - [2026-02-08T22:27:42.704+0000] {dag.py:3947} INFO - Setting next_dagrun for stock_moex.sber to 2026-02-08 00:00:00+00:00, run_after=2026-02-09 00:00:00+00:00
[2026-02-08T22:27:42.705+0000] {logging_mixin.py:188} INFO - [2026-02-08T22:27:42.705+0000] {dag.py:3947} INFO - Setting next_dagrun for stock_msft to 2024-01-01 00:00:00+00:00, run_after=2024-01-02 00:00:00+00:00
[2026-02-08T22:27:42.707+0000] {logging_mixin.py:188} INFO - [2026-02-08T22:27:42.707+0000] {dag.py:3947} INFO - Setting next_dagrun for stock_nvda to 2024-01-01 00:00:00+00:00, run_after=2024-01-02 00:00:00+00:00
[2026-02-08T22:27:42.709+0000] {logging_mixin.py:188} INFO - [2026-02-08T22:27:42.708+0000] {dag.py:3947} INFO - Setting next_dagrun for stock_tsla to 2024-01-01 00:00:00+00:00, run_after=2024-01-02 00:00:00+00:00
[2026-02-08T22:27:42.724+0000] {processor.py:183} INFO - Processing /opt/airflow/dags/downlad_tickers/stocks_dags.py took 0.958 seconds
[2026-02-08T22:28:12.954+0000] {processor.py:161} INFO - Started process (PID=672) to work on /opt/airflow/dags/downlad_tickers/stocks_dags.py
[2026-02-08T22:28:12.956+0000] {processor.py:830} INFO - Processing file /opt/airflow/dags/downlad_tickers/stocks_dags.py for tasks to queue
[2026-02-08T22:28:12.959+0000] {logging_mixin.py:188} INFO - [2026-02-08T22:28:12.958+0000] {dagbag.py:545} INFO - Filling up the DagBag from /opt/airflow/dags/downlad_tickers/stocks_dags.py
[2026-02-08T22:28:13.973+0000] {processor.py:840} INFO - DAG(s) 'stock_aapl', 'stock_msft', 'stock_nvda', 'stock_moex.sber', 'stock_tsla' retrieved from /opt/airflow/dags/downlad_tickers/stocks_dags.py
[2026-02-08T22:28:14.012+0000] {logging_mixin.py:188} INFO - [2026-02-08T22:28:14.011+0000] {dag.py:3089} INFO - Sync 5 DAGs
[2026-02-08T22:28:14.037+0000] {logging_mixin.py:188} INFO - [2026-02-08T22:28:14.037+0000] {dag.py:3947} INFO - Setting next_dagrun for stock_aapl to 2024-01-02 00:00:00+00:00, run_after=2024-01-03 00:00:00+00:00
[2026-02-08T22:28:14.042+0000] {logging_mixin.py:188} INFO - [2026-02-08T22:28:14.042+0000] {dag.py:3947} INFO - Setting next_dagrun for stock_moex.sber to 2026-02-08 00:00:00+00:00, run_after=2026-02-09 00:00:00+00:00
[2026-02-08T22:28:14.045+0000] {logging_mixin.py:188} INFO - [2026-02-08T22:28:14.045+0000] {dag.py:3947} INFO - Setting next_dagrun for stock_msft to 2024-01-01 00:00:00+00:00, run_after=2024-01-02 00:00:00+00:00
[2026-02-08T22:28:14.047+0000] {logging_mixin.py:188} INFO - [2026-02-08T22:28:14.047+0000] {dag.py:3947} INFO - Setting next_dagrun for stock_nvda to 2024-01-01 00:00:00+00:00, run_after=2024-01-02 00:00:00+00:00
[2026-02-08T22:28:14.051+0000] {logging_mixin.py:188} INFO - [2026-02-08T22:28:14.050+0000] {dag.py:3947} INFO - Setting next_dagrun for stock_tsla to 2024-01-01 00:00:00+00:00, run_after=2024-01-02 00:00:00+00:00
[2026-02-08T22:28:14.072+0000] {processor.py:183} INFO - Processing /opt/airflow/dags/downlad_tickers/stocks_dags.py took 1.124 seconds
[2026-02-08T22:28:44.290+0000] {processor.py:161} INFO - Started process (PID=690) to work on /opt/airflow/dags/downlad_tickers/stocks_dags.py
[2026-02-08T22:28:44.291+0000] {processor.py:830} INFO - Processing file /opt/airflow/dags/downlad_tickers/stocks_dags.py for tasks to queue
[2026-02-08T22:28:44.293+0000] {logging_mixin.py:188} INFO - [2026-02-08T22:28:44.293+0000] {dagbag.py:545} INFO - Filling up the DagBag from /opt/airflow/dags/downlad_tickers/stocks_dags.py
[2026-02-08T22:28:45.173+0000] {processor.py:840} INFO - DAG(s) 'stock_tsla', 'stock_msft', 'stock_moex.sber', 'stock_aapl', 'stock_nvda' retrieved from /opt/airflow/dags/downlad_tickers/stocks_dags.py
[2026-02-08T22:28:45.203+0000] {logging_mixin.py:188} INFO - [2026-02-08T22:28:45.202+0000] {dag.py:3089} INFO - Sync 5 DAGs
[2026-02-08T22:28:45.222+0000] {logging_mixin.py:188} INFO - [2026-02-08T22:28:45.222+0000] {dag.py:3947} INFO - Setting next_dagrun for stock_aapl to 2024-01-02 00:00:00+00:00, run_after=2024-01-03 00:00:00+00:00
[2026-02-08T22:28:45.226+0000] {logging_mixin.py:188} INFO - [2026-02-08T22:28:45.226+0000] {dag.py:3947} INFO - Setting next_dagrun for stock_moex.sber to 2026-02-08 00:00:00+00:00, run_after=2026-02-09 00:00:00+00:00
[2026-02-08T22:28:45.227+0000] {logging_mixin.py:188} INFO - [2026-02-08T22:28:45.227+0000] {dag.py:3947} INFO - Setting next_dagrun for stock_msft to 2024-01-01 00:00:00+00:00, run_after=2024-01-02 00:00:00+00:00
[2026-02-08T22:28:45.229+0000] {logging_mixin.py:188} INFO - [2026-02-08T22:28:45.229+0000] {dag.py:3947} INFO - Setting next_dagrun for stock_nvda to 2024-01-01 00:00:00+00:00, run_after=2024-01-02 00:00:00+00:00
[2026-02-08T22:28:45.230+0000] {logging_mixin.py:188} INFO - [2026-02-08T22:28:45.230+0000] {dag.py:3947} INFO - Setting next_dagrun for stock_tsla to 2024-01-01 00:00:00+00:00, run_after=2024-01-02 00:00:00+00:00
[2026-02-08T22:28:45.246+0000] {processor.py:183} INFO - Processing /opt/airflow/dags/downlad_tickers/stocks_dags.py took 0.962 seconds
[2026-02-08T22:29:15.478+0000] {processor.py:161} INFO - Started process (PID=708) to work on /opt/airflow/dags/downlad_tickers/stocks_dags.py
[2026-02-08T22:29:15.479+0000] {processor.py:830} INFO - Processing file /opt/airflow/dags/downlad_tickers/stocks_dags.py for tasks to queue
[2026-02-08T22:29:15.481+0000] {logging_mixin.py:188} INFO - [2026-02-08T22:29:15.481+0000] {dagbag.py:545} INFO - Filling up the DagBag from /opt/airflow/dags/downlad_tickers/stocks_dags.py
[2026-02-08T22:29:16.376+0000] {processor.py:840} INFO - DAG(s) 'stock_aapl', 'stock_moex.sber', 'stock_tsla', 'stock_nvda', 'stock_msft' retrieved from /opt/airflow/dags/downlad_tickers/stocks_dags.py
[2026-02-08T22:29:16.404+0000] {logging_mixin.py:188} INFO - [2026-02-08T22:29:16.404+0000] {dag.py:3089} INFO - Sync 5 DAGs
[2026-02-08T22:29:16.424+0000] {logging_mixin.py:188} INFO - [2026-02-08T22:29:16.424+0000] {dag.py:3947} INFO - Setting next_dagrun for stock_aapl to 2024-01-02 00:00:00+00:00, run_after=2024-01-03 00:00:00+00:00
[2026-02-08T22:29:16.428+0000] {logging_mixin.py:188} INFO - [2026-02-08T22:29:16.428+0000] {dag.py:3947} INFO - Setting next_dagrun for stock_moex.sber to 2026-02-08 00:00:00+00:00, run_after=2026-02-09 00:00:00+00:00
[2026-02-08T22:29:16.430+0000] {logging_mixin.py:188} INFO - [2026-02-08T22:29:16.429+0000] {dag.py:3947} INFO - Setting next_dagrun for stock_msft to 2024-01-01 00:00:00+00:00, run_after=2024-01-02 00:00:00+00:00
[2026-02-08T22:29:16.431+0000] {logging_mixin.py:188} INFO - [2026-02-08T22:29:16.431+0000] {dag.py:3947} INFO - Setting next_dagrun for stock_nvda to 2024-01-01 00:00:00+00:00, run_after=2024-01-02 00:00:00+00:00
[2026-02-08T22:29:16.433+0000] {logging_mixin.py:188} INFO - [2026-02-08T22:29:16.433+0000] {dag.py:3947} INFO - Setting next_dagrun for stock_tsla to 2024-01-01 00:00:00+00:00, run_after=2024-01-02 00:00:00+00:00
[2026-02-08T22:29:16.447+0000] {processor.py:183} INFO - Processing /opt/airflow/dags/downlad_tickers/stocks_dags.py took 0.974 seconds
[2026-02-08T22:29:46.653+0000] {processor.py:161} INFO - Started process (PID=726) to work on /opt/airflow/dags/downlad_tickers/stocks_dags.py
[2026-02-08T22:29:46.654+0000] {processor.py:830} INFO - Processing file /opt/airflow/dags/downlad_tickers/stocks_dags.py for tasks to queue
[2026-02-08T22:29:46.656+0000] {logging_mixin.py:188} INFO - [2026-02-08T22:29:46.655+0000] {dagbag.py:545} INFO - Filling up the DagBag from /opt/airflow/dags/downlad_tickers/stocks_dags.py
[2026-02-08T22:29:47.610+0000] {processor.py:840} INFO - DAG(s) 'stock_msft', 'stock_moex.sber', 'stock_aapl', 'stock_nvda', 'stock_tsla' retrieved from /opt/airflow/dags/downlad_tickers/stocks_dags.py
[2026-02-08T22:29:47.644+0000] {logging_mixin.py:188} INFO - [2026-02-08T22:29:47.643+0000] {dag.py:3089} INFO - Sync 5 DAGs
[2026-02-08T22:29:47.666+0000] {logging_mixin.py:188} INFO - [2026-02-08T22:29:47.666+0000] {dag.py:3947} INFO - Setting next_dagrun for stock_aapl to 2024-01-02 00:00:00+00:00, run_after=2024-01-03 00:00:00+00:00
[2026-02-08T22:29:47.671+0000] {logging_mixin.py:188} INFO - [2026-02-08T22:29:47.670+0000] {dag.py:3947} INFO - Setting next_dagrun for stock_moex.sber to 2026-02-08 00:00:00+00:00, run_after=2026-02-09 00:00:00+00:00
[2026-02-08T22:29:47.672+0000] {logging_mixin.py:188} INFO - [2026-02-08T22:29:47.672+0000] {dag.py:3947} INFO - Setting next_dagrun for stock_msft to 2024-01-01 00:00:00+00:00, run_after=2024-01-02 00:00:00+00:00
[2026-02-08T22:29:47.674+0000] {logging_mixin.py:188} INFO - [2026-02-08T22:29:47.674+0000] {dag.py:3947} INFO - Setting next_dagrun for stock_nvda to 2024-01-01 00:00:00+00:00, run_after=2024-01-02 00:00:00+00:00
[2026-02-08T22:29:47.675+0000] {logging_mixin.py:188} INFO - [2026-02-08T22:29:47.675+0000] {dag.py:3947} INFO - Setting next_dagrun for stock_tsla to 2024-01-01 00:00:00+00:00, run_after=2024-01-02 00:00:00+00:00
[2026-02-08T22:29:47.690+0000] {processor.py:183} INFO - Processing /opt/airflow/dags/downlad_tickers/stocks_dags.py took 1.044 seconds
[2026-02-08T22:30:17.948+0000] {processor.py:161} INFO - Started process (PID=744) to work on /opt/airflow/dags/downlad_tickers/stocks_dags.py
[2026-02-08T22:30:17.949+0000] {processor.py:830} INFO - Processing file /opt/airflow/dags/downlad_tickers/stocks_dags.py for tasks to queue
[2026-02-08T22:30:17.950+0000] {logging_mixin.py:188} INFO - [2026-02-08T22:30:17.950+0000] {dagbag.py:545} INFO - Filling up the DagBag from /opt/airflow/dags/downlad_tickers/stocks_dags.py
[2026-02-08T22:30:18.810+0000] {processor.py:840} INFO - DAG(s) 'stock_tsla', 'stock_moex.sber', 'stock_msft', 'stock_nvda', 'stock_aapl' retrieved from /opt/airflow/dags/downlad_tickers/stocks_dags.py
[2026-02-08T22:30:18.840+0000] {logging_mixin.py:188} INFO - [2026-02-08T22:30:18.839+0000] {dag.py:3089} INFO - Sync 5 DAGs
[2026-02-08T22:30:18.864+0000] {logging_mixin.py:188} INFO - [2026-02-08T22:30:18.864+0000] {dag.py:3947} INFO - Setting next_dagrun for stock_aapl to 2024-01-02 00:00:00+00:00, run_after=2024-01-03 00:00:00+00:00
[2026-02-08T22:30:18.868+0000] {logging_mixin.py:188} INFO - [2026-02-08T22:30:18.868+0000] {dag.py:3947} INFO - Setting next_dagrun for stock_moex.sber to 2026-02-08 00:00:00+00:00, run_after=2026-02-09 00:00:00+00:00
[2026-02-08T22:30:18.870+0000] {logging_mixin.py:188} INFO - [2026-02-08T22:30:18.870+0000] {dag.py:3947} INFO - Setting next_dagrun for stock_msft to 2024-01-01 00:00:00+00:00, run_after=2024-01-02 00:00:00+00:00
[2026-02-08T22:30:18.871+0000] {logging_mixin.py:188} INFO - [2026-02-08T22:30:18.871+0000] {dag.py:3947} INFO - Setting next_dagrun for stock_nvda to 2024-01-01 00:00:00+00:00, run_after=2024-01-02 00:00:00+00:00
[2026-02-08T22:30:18.873+0000] {logging_mixin.py:188} INFO - [2026-02-08T22:30:18.873+0000] {dag.py:3947} INFO - Setting next_dagrun for stock_tsla to 2024-01-01 00:00:00+00:00, run_after=2024-01-02 00:00:00+00:00
[2026-02-08T22:30:18.888+0000] {processor.py:183} INFO - Processing /opt/airflow/dags/downlad_tickers/stocks_dags.py took 0.946 seconds
[2026-02-08T22:30:49.121+0000] {processor.py:161} INFO - Started process (PID=762) to work on /opt/airflow/dags/downlad_tickers/stocks_dags.py
[2026-02-08T22:30:49.122+0000] {processor.py:830} INFO - Processing file /opt/airflow/dags/downlad_tickers/stocks_dags.py for tasks to queue
[2026-02-08T22:30:49.123+0000] {logging_mixin.py:188} INFO - [2026-02-08T22:30:49.123+0000] {dagbag.py:545} INFO - Filling up the DagBag from /opt/airflow/dags/downlad_tickers/stocks_dags.py
[2026-02-08T22:30:49.995+0000] {processor.py:840} INFO - DAG(s) 'stock_tsla', 'stock_moex.sber', 'stock_aapl', 'stock_nvda', 'stock_msft' retrieved from /opt/airflow/dags/downlad_tickers/stocks_dags.py
[2026-02-08T22:30:50.026+0000] {logging_mixin.py:188} INFO - [2026-02-08T22:30:50.026+0000] {dag.py:3089} INFO - Sync 5 DAGs
[2026-02-08T22:30:50.045+0000] {logging_mixin.py:188} INFO - [2026-02-08T22:30:50.045+0000] {dag.py:3947} INFO - Setting next_dagrun for stock_aapl to 2024-01-02 00:00:00+00:00, run_after=2024-01-03 00:00:00+00:00
[2026-02-08T22:30:50.050+0000] {logging_mixin.py:188} INFO - [2026-02-08T22:30:50.050+0000] {dag.py:3947} INFO - Setting next_dagrun for stock_moex.sber to 2026-02-08 00:00:00+00:00, run_after=2026-02-09 00:00:00+00:00
[2026-02-08T22:30:50.052+0000] {logging_mixin.py:188} INFO - [2026-02-08T22:30:50.052+0000] {dag.py:3947} INFO - Setting next_dagrun for stock_msft to 2024-01-01 00:00:00+00:00, run_after=2024-01-02 00:00:00+00:00
[2026-02-08T22:30:50.053+0000] {logging_mixin.py:188} INFO - [2026-02-08T22:30:50.053+0000] {dag.py:3947} INFO - Setting next_dagrun for stock_nvda to 2024-01-01 00:00:00+00:00, run_after=2024-01-02 00:00:00+00:00
[2026-02-08T22:30:50.054+0000] {logging_mixin.py:188} INFO - [2026-02-08T22:30:50.054+0000] {dag.py:3947} INFO - Setting next_dagrun for stock_tsla to 2024-01-01 00:00:00+00:00, run_after=2024-01-02 00:00:00+00:00
[2026-02-08T22:30:50.068+0000] {processor.py:183} INFO - Processing /opt/airflow/dags/downlad_tickers/stocks_dags.py took 0.953 seconds
[2026-02-08T22:31:20.288+0000] {processor.py:161} INFO - Started process (PID=780) to work on /opt/airflow/dags/downlad_tickers/stocks_dags.py
[2026-02-08T22:31:20.289+0000] {processor.py:830} INFO - Processing file /opt/airflow/dags/downlad_tickers/stocks_dags.py for tasks to queue
[2026-02-08T22:31:20.290+0000] {logging_mixin.py:188} INFO - [2026-02-08T22:31:20.290+0000] {dagbag.py:545} INFO - Filling up the DagBag from /opt/airflow/dags/downlad_tickers/stocks_dags.py
[2026-02-08T22:31:21.151+0000] {processor.py:840} INFO - DAG(s) 'stock_tsla', 'stock_moex.sber', 'stock_msft', 'stock_aapl', 'stock_nvda' retrieved from /opt/airflow/dags/downlad_tickers/stocks_dags.py
[2026-02-08T22:31:21.182+0000] {logging_mixin.py:188} INFO - [2026-02-08T22:31:21.182+0000] {dag.py:3089} INFO - Sync 5 DAGs
[2026-02-08T22:31:21.201+0000] {logging_mixin.py:188} INFO - [2026-02-08T22:31:21.201+0000] {dag.py:3947} INFO - Setting next_dagrun for stock_aapl to 2024-01-02 00:00:00+00:00, run_after=2024-01-03 00:00:00+00:00
[2026-02-08T22:31:21.205+0000] {logging_mixin.py:188} INFO - [2026-02-08T22:31:21.204+0000] {dag.py:3947} INFO - Setting next_dagrun for stock_moex.sber to 2026-02-08 00:00:00+00:00, run_after=2026-02-09 00:00:00+00:00
[2026-02-08T22:31:21.207+0000] {logging_mixin.py:188} INFO - [2026-02-08T22:31:21.207+0000] {dag.py:3947} INFO - Setting next_dagrun for stock_msft to 2024-01-01 00:00:00+00:00, run_after=2024-01-02 00:00:00+00:00
[2026-02-08T22:31:21.208+0000] {logging_mixin.py:188} INFO - [2026-02-08T22:31:21.208+0000] {dag.py:3947} INFO - Setting next_dagrun for stock_nvda to 2024-01-01 00:00:00+00:00, run_after=2024-01-02 00:00:00+00:00
[2026-02-08T22:31:21.210+0000] {logging_mixin.py:188} INFO - [2026-02-08T22:31:21.210+0000] {dag.py:3947} INFO - Setting next_dagrun for stock_tsla to 2024-01-01 00:00:00+00:00, run_after=2024-01-02 00:00:00+00:00
[2026-02-08T22:31:21.225+0000] {processor.py:183} INFO - Processing /opt/airflow/dags/downlad_tickers/stocks_dags.py took 0.942 seconds
[2026-02-08T22:31:51.443+0000] {processor.py:161} INFO - Started process (PID=798) to work on /opt/airflow/dags/downlad_tickers/stocks_dags.py
[2026-02-08T22:31:51.444+0000] {processor.py:830} INFO - Processing file /opt/airflow/dags/downlad_tickers/stocks_dags.py for tasks to queue
[2026-02-08T22:31:51.446+0000] {logging_mixin.py:188} INFO - [2026-02-08T22:31:51.446+0000] {dagbag.py:545} INFO - Filling up the DagBag from /opt/airflow/dags/downlad_tickers/stocks_dags.py
[2026-02-08T22:31:52.292+0000] {processor.py:840} INFO - DAG(s) 'stock_nvda', 'stock_msft', 'stock_tsla', 'stock_moex.sber', 'stock_aapl' retrieved from /opt/airflow/dags/downlad_tickers/stocks_dags.py
[2026-02-08T22:31:52.327+0000] {logging_mixin.py:188} INFO - [2026-02-08T22:31:52.326+0000] {dag.py:3089} INFO - Sync 5 DAGs
[2026-02-08T22:31:52.346+0000] {logging_mixin.py:188} INFO - [2026-02-08T22:31:52.346+0000] {dag.py:3947} INFO - Setting next_dagrun for stock_aapl to 2024-01-02 00:00:00+00:00, run_after=2024-01-03 00:00:00+00:00
[2026-02-08T22:31:52.350+0000] {logging_mixin.py:188} INFO - [2026-02-08T22:31:52.350+0000] {dag.py:3947} INFO - Setting next_dagrun for stock_moex.sber to 2026-02-08 00:00:00+00:00, run_after=2026-02-09 00:00:00+00:00
[2026-02-08T22:31:52.352+0000] {logging_mixin.py:188} INFO - [2026-02-08T22:31:52.352+0000] {dag.py:3947} INFO - Setting next_dagrun for stock_msft to 2024-01-01 00:00:00+00:00, run_after=2024-01-02 00:00:00+00:00
[2026-02-08T22:31:52.353+0000] {logging_mixin.py:188} INFO - [2026-02-08T22:31:52.353+0000] {dag.py:3947} INFO - Setting next_dagrun for stock_nvda to 2024-01-01 00:00:00+00:00, run_after=2024-01-02 00:00:00+00:00
[2026-02-08T22:31:52.355+0000] {logging_mixin.py:188} INFO - [2026-02-08T22:31:52.355+0000] {dag.py:3947} INFO - Setting next_dagrun for stock_tsla to 2024-01-01 00:00:00+00:00, run_after=2024-01-02 00:00:00+00:00
[2026-02-08T22:31:52.369+0000] {processor.py:183} INFO - Processing /opt/airflow/dags/downlad_tickers/stocks_dags.py took 0.933 seconds
[2026-02-08T22:32:22.602+0000] {processor.py:161} INFO - Started process (PID=816) to work on /opt/airflow/dags/downlad_tickers/stocks_dags.py
[2026-02-08T22:32:22.603+0000] {processor.py:830} INFO - Processing file /opt/airflow/dags/downlad_tickers/stocks_dags.py for tasks to queue
[2026-02-08T22:32:22.604+0000] {logging_mixin.py:188} INFO - [2026-02-08T22:32:22.604+0000] {dagbag.py:545} INFO - Filling up the DagBag from /opt/airflow/dags/downlad_tickers/stocks_dags.py
[2026-02-08T22:32:23.470+0000] {processor.py:840} INFO - DAG(s) 'stock_aapl', 'stock_nvda', 'stock_tsla', 'stock_moex.sber', 'stock_msft' retrieved from /opt/airflow/dags/downlad_tickers/stocks_dags.py
[2026-02-08T22:32:23.499+0000] {logging_mixin.py:188} INFO - [2026-02-08T22:32:23.498+0000] {dag.py:3089} INFO - Sync 5 DAGs
[2026-02-08T22:32:23.519+0000] {logging_mixin.py:188} INFO - [2026-02-08T22:32:23.519+0000] {dag.py:3947} INFO - Setting next_dagrun for stock_aapl to 2024-01-02 00:00:00+00:00, run_after=2024-01-03 00:00:00+00:00
[2026-02-08T22:32:23.523+0000] {logging_mixin.py:188} INFO - [2026-02-08T22:32:23.523+0000] {dag.py:3947} INFO - Setting next_dagrun for stock_moex.sber to 2026-02-08 00:00:00+00:00, run_after=2026-02-09 00:00:00+00:00
[2026-02-08T22:32:23.524+0000] {logging_mixin.py:188} INFO - [2026-02-08T22:32:23.524+0000] {dag.py:3947} INFO - Setting next_dagrun for stock_msft to 2024-01-01 00:00:00+00:00, run_after=2024-01-02 00:00:00+00:00
[2026-02-08T22:32:23.526+0000] {logging_mixin.py:188} INFO - [2026-02-08T22:32:23.526+0000] {dag.py:3947} INFO - Setting next_dagrun for stock_nvda to 2024-01-01 00:00:00+00:00, run_after=2024-01-02 00:00:00+00:00
[2026-02-08T22:32:23.527+0000] {logging_mixin.py:188} INFO - [2026-02-08T22:32:23.527+0000] {dag.py:3947} INFO - Setting next_dagrun for stock_tsla to 2024-01-01 00:00:00+00:00, run_after=2024-01-02 00:00:00+00:00
[2026-02-08T22:32:23.544+0000] {processor.py:183} INFO - Processing /opt/airflow/dags/downlad_tickers/stocks_dags.py took 0.948 seconds
[2026-02-08T22:32:53.784+0000] {processor.py:161} INFO - Started process (PID=834) to work on /opt/airflow/dags/downlad_tickers/stocks_dags.py
[2026-02-08T22:32:53.785+0000] {processor.py:830} INFO - Processing file /opt/airflow/dags/downlad_tickers/stocks_dags.py for tasks to queue
[2026-02-08T22:32:53.787+0000] {logging_mixin.py:188} INFO - [2026-02-08T22:32:53.787+0000] {dagbag.py:545} INFO - Filling up the DagBag from /opt/airflow/dags/downlad_tickers/stocks_dags.py
[2026-02-08T22:32:54.636+0000] {processor.py:840} INFO - DAG(s) 'stock_msft', 'stock_aapl', 'stock_tsla', 'stock_moex.sber', 'stock_nvda' retrieved from /opt/airflow/dags/downlad_tickers/stocks_dags.py
[2026-02-08T22:32:54.663+0000] {logging_mixin.py:188} INFO - [2026-02-08T22:32:54.663+0000] {dag.py:3089} INFO - Sync 5 DAGs
[2026-02-08T22:32:54.683+0000] {logging_mixin.py:188} INFO - [2026-02-08T22:32:54.683+0000] {dag.py:3947} INFO - Setting next_dagrun for stock_aapl to 2024-01-02 00:00:00+00:00, run_after=2024-01-03 00:00:00+00:00
[2026-02-08T22:32:54.688+0000] {logging_mixin.py:188} INFO - [2026-02-08T22:32:54.688+0000] {dag.py:3947} INFO - Setting next_dagrun for stock_moex.sber to 2026-02-08 00:00:00+00:00, run_after=2026-02-09 00:00:00+00:00
[2026-02-08T22:32:54.689+0000] {logging_mixin.py:188} INFO - [2026-02-08T22:32:54.689+0000] {dag.py:3947} INFO - Setting next_dagrun for stock_msft to 2024-01-01 00:00:00+00:00, run_after=2024-01-02 00:00:00+00:00
[2026-02-08T22:32:54.691+0000] {logging_mixin.py:188} INFO - [2026-02-08T22:32:54.691+0000] {dag.py:3947} INFO - Setting next_dagrun for stock_nvda to 2024-01-01 00:00:00+00:00, run_after=2024-01-02 00:00:00+00:00
[2026-02-08T22:32:54.692+0000] {logging_mixin.py:188} INFO - [2026-02-08T22:32:54.692+0000] {dag.py:3947} INFO - Setting next_dagrun for stock_tsla to 2024-01-01 00:00:00+00:00, run_after=2024-01-02 00:00:00+00:00
[2026-02-08T22:32:54.706+0000] {processor.py:183} INFO - Processing /opt/airflow/dags/downlad_tickers/stocks_dags.py took 0.929 seconds
[2026-02-08T22:33:24.914+0000] {processor.py:161} INFO - Started process (PID=852) to work on /opt/airflow/dags/downlad_tickers/stocks_dags.py
[2026-02-08T22:33:24.915+0000] {processor.py:830} INFO - Processing file /opt/airflow/dags/downlad_tickers/stocks_dags.py for tasks to queue
[2026-02-08T22:33:24.916+0000] {logging_mixin.py:188} INFO - [2026-02-08T22:33:24.916+0000] {dagbag.py:545} INFO - Filling up the DagBag from /opt/airflow/dags/downlad_tickers/stocks_dags.py
[2026-02-08T22:33:25.806+0000] {processor.py:840} INFO - DAG(s) 'stock_aapl', 'stock_tsla', 'stock_moex.sber', 'stock_msft', 'stock_nvda' retrieved from /opt/airflow/dags/downlad_tickers/stocks_dags.py
[2026-02-08T22:33:25.834+0000] {logging_mixin.py:188} INFO - [2026-02-08T22:33:25.834+0000] {dag.py:3089} INFO - Sync 5 DAGs
[2026-02-08T22:33:25.855+0000] {logging_mixin.py:188} INFO - [2026-02-08T22:33:25.855+0000] {dag.py:3947} INFO - Setting next_dagrun for stock_aapl to 2024-01-02 00:00:00+00:00, run_after=2024-01-03 00:00:00+00:00
[2026-02-08T22:33:25.860+0000] {logging_mixin.py:188} INFO - [2026-02-08T22:33:25.860+0000] {dag.py:3947} INFO - Setting next_dagrun for stock_moex.sber to 2026-02-08 00:00:00+00:00, run_after=2026-02-09 00:00:00+00:00
[2026-02-08T22:33:25.862+0000] {logging_mixin.py:188} INFO - [2026-02-08T22:33:25.862+0000] {dag.py:3947} INFO - Setting next_dagrun for stock_msft to 2024-01-01 00:00:00+00:00, run_after=2024-01-02 00:00:00+00:00
[2026-02-08T22:33:25.864+0000] {logging_mixin.py:188} INFO - [2026-02-08T22:33:25.864+0000] {dag.py:3947} INFO - Setting next_dagrun for stock_nvda to 2024-01-01 00:00:00+00:00, run_after=2024-01-02 00:00:00+00:00
[2026-02-08T22:33:25.865+0000] {logging_mixin.py:188} INFO - [2026-02-08T22:33:25.865+0000] {dag.py:3947} INFO - Setting next_dagrun for stock_tsla to 2024-01-01 00:00:00+00:00, run_after=2024-01-02 00:00:00+00:00
[2026-02-08T22:33:25.880+0000] {processor.py:183} INFO - Processing /opt/airflow/dags/downlad_tickers/stocks_dags.py took 0.972 seconds
[2026-02-08T22:33:56.068+0000] {processor.py:161} INFO - Started process (PID=876) to work on /opt/airflow/dags/downlad_tickers/stocks_dags.py
[2026-02-08T22:33:56.070+0000] {processor.py:830} INFO - Processing file /opt/airflow/dags/downlad_tickers/stocks_dags.py for tasks to queue
[2026-02-08T22:33:56.072+0000] {logging_mixin.py:188} INFO - [2026-02-08T22:33:56.071+0000] {dagbag.py:545} INFO - Filling up the DagBag from /opt/airflow/dags/downlad_tickers/stocks_dags.py
[2026-02-08T22:33:56.916+0000] {processor.py:840} INFO - DAG(s) 'stock_tsla', 'stock_moex.sber', 'stock_aapl', 'stock_nvda', 'stock_msft' retrieved from /opt/airflow/dags/downlad_tickers/stocks_dags.py
[2026-02-08T22:33:56.947+0000] {logging_mixin.py:188} INFO - [2026-02-08T22:33:56.946+0000] {dag.py:3089} INFO - Sync 5 DAGs
[2026-02-08T22:33:56.965+0000] {logging_mixin.py:188} INFO - [2026-02-08T22:33:56.965+0000] {dag.py:3947} INFO - Setting next_dagrun for stock_aapl to 2024-01-02 00:00:00+00:00, run_after=2024-01-03 00:00:00+00:00
[2026-02-08T22:33:56.970+0000] {logging_mixin.py:188} INFO - [2026-02-08T22:33:56.969+0000] {dag.py:3947} INFO - Setting next_dagrun for stock_moex.sber to 2026-02-08 00:00:00+00:00, run_after=2026-02-09 00:00:00+00:00
[2026-02-08T22:33:56.976+0000] {logging_mixin.py:188} INFO - [2026-02-08T22:33:56.976+0000] {dag.py:3947} INFO - Setting next_dagrun for stock_msft to 2024-01-01 00:00:00+00:00, run_after=2024-01-02 00:00:00+00:00
[2026-02-08T22:33:56.978+0000] {logging_mixin.py:188} INFO - [2026-02-08T22:33:56.978+0000] {dag.py:3947} INFO - Setting next_dagrun for stock_nvda to 2024-01-01 00:00:00+00:00, run_after=2024-01-02 00:00:00+00:00
[2026-02-08T22:33:56.980+0000] {logging_mixin.py:188} INFO - [2026-02-08T22:33:56.979+0000] {dag.py:3947} INFO - Setting next_dagrun for stock_tsla to 2024-01-01 00:00:00+00:00, run_after=2024-01-02 00:00:00+00:00
[2026-02-08T22:33:56.994+0000] {processor.py:183} INFO - Processing /opt/airflow/dags/downlad_tickers/stocks_dags.py took 0.932 seconds
[2026-02-08T22:34:27.225+0000] {processor.py:161} INFO - Started process (PID=894) to work on /opt/airflow/dags/downlad_tickers/stocks_dags.py
[2026-02-08T22:34:27.226+0000] {processor.py:830} INFO - Processing file /opt/airflow/dags/downlad_tickers/stocks_dags.py for tasks to queue
[2026-02-08T22:34:27.230+0000] {logging_mixin.py:188} INFO - [2026-02-08T22:34:27.229+0000] {dagbag.py:545} INFO - Filling up the DagBag from /opt/airflow/dags/downlad_tickers/stocks_dags.py
[2026-02-08T22:34:28.135+0000] {processor.py:840} INFO - DAG(s) 'stock_moex.sber', 'stock_tsla', 'stock_nvda', 'stock_msft', 'stock_aapl' retrieved from /opt/airflow/dags/downlad_tickers/stocks_dags.py
[2026-02-08T22:34:28.169+0000] {logging_mixin.py:188} INFO - [2026-02-08T22:34:28.168+0000] {dag.py:3089} INFO - Sync 5 DAGs
[2026-02-08T22:34:28.190+0000] {logging_mixin.py:188} INFO - [2026-02-08T22:34:28.190+0000] {dag.py:3947} INFO - Setting next_dagrun for stock_aapl to 2024-01-02 00:00:00+00:00, run_after=2024-01-03 00:00:00+00:00
[2026-02-08T22:34:28.195+0000] {logging_mixin.py:188} INFO - [2026-02-08T22:34:28.195+0000] {dag.py:3947} INFO - Setting next_dagrun for stock_moex.sber to 2026-02-08 00:00:00+00:00, run_after=2026-02-09 00:00:00+00:00
[2026-02-08T22:34:28.197+0000] {logging_mixin.py:188} INFO - [2026-02-08T22:34:28.197+0000] {dag.py:3947} INFO - Setting next_dagrun for stock_msft to 2024-01-01 00:00:00+00:00, run_after=2024-01-02 00:00:00+00:00
[2026-02-08T22:34:28.199+0000] {logging_mixin.py:188} INFO - [2026-02-08T22:34:28.198+0000] {dag.py:3947} INFO - Setting next_dagrun for stock_nvda to 2024-01-01 00:00:00+00:00, run_after=2024-01-02 00:00:00+00:00
[2026-02-08T22:34:28.201+0000] {logging_mixin.py:188} INFO - [2026-02-08T22:34:28.200+0000] {dag.py:3947} INFO - Setting next_dagrun for stock_tsla to 2024-01-01 00:00:00+00:00, run_after=2024-01-02 00:00:00+00:00
[2026-02-08T22:34:28.218+0000] {processor.py:183} INFO - Processing /opt/airflow/dags/downlad_tickers/stocks_dags.py took 1.001 seconds
[2026-02-08T22:34:58.541+0000] {processor.py:161} INFO - Started process (PID=912) to work on /opt/airflow/dags/downlad_tickers/stocks_dags.py
[2026-02-08T22:34:58.542+0000] {processor.py:830} INFO - Processing file /opt/airflow/dags/downlad_tickers/stocks_dags.py for tasks to queue
[2026-02-08T22:34:58.544+0000] {logging_mixin.py:188} INFO - [2026-02-08T22:34:58.543+0000] {dagbag.py:545} INFO - Filling up the DagBag from /opt/airflow/dags/downlad_tickers/stocks_dags.py
[2026-02-08T22:34:59.410+0000] {processor.py:840} INFO - DAG(s) 'stock_nvda', 'stock_moex.sber', 'stock_msft', 'stock_tsla', 'stock_aapl' retrieved from /opt/airflow/dags/downlad_tickers/stocks_dags.py
[2026-02-08T22:34:59.438+0000] {logging_mixin.py:188} INFO - [2026-02-08T22:34:59.438+0000] {dag.py:3089} INFO - Sync 5 DAGs
[2026-02-08T22:34:59.458+0000] {logging_mixin.py:188} INFO - [2026-02-08T22:34:59.458+0000] {dag.py:3947} INFO - Setting next_dagrun for stock_aapl to 2024-01-02 00:00:00+00:00, run_after=2024-01-03 00:00:00+00:00
[2026-02-08T22:34:59.462+0000] {logging_mixin.py:188} INFO - [2026-02-08T22:34:59.462+0000] {dag.py:3947} INFO - Setting next_dagrun for stock_moex.sber to 2026-02-08 00:00:00+00:00, run_after=2026-02-09 00:00:00+00:00
[2026-02-08T22:34:59.464+0000] {logging_mixin.py:188} INFO - [2026-02-08T22:34:59.464+0000] {dag.py:3947} INFO - Setting next_dagrun for stock_msft to 2024-01-01 00:00:00+00:00, run_after=2024-01-02 00:00:00+00:00
[2026-02-08T22:34:59.466+0000] {logging_mixin.py:188} INFO - [2026-02-08T22:34:59.466+0000] {dag.py:3947} INFO - Setting next_dagrun for stock_nvda to 2024-01-01 00:00:00+00:00, run_after=2024-01-02 00:00:00+00:00
[2026-02-08T22:34:59.468+0000] {logging_mixin.py:188} INFO - [2026-02-08T22:34:59.467+0000] {dag.py:3947} INFO - Setting next_dagrun for stock_tsla to 2024-01-01 00:00:00+00:00, run_after=2024-01-02 00:00:00+00:00
[2026-02-08T22:34:59.482+0000] {processor.py:183} INFO - Processing /opt/airflow/dags/downlad_tickers/stocks_dags.py took 0.947 seconds
[2026-02-08T22:35:29.689+0000] {processor.py:161} INFO - Started process (PID=930) to work on /opt/airflow/dags/downlad_tickers/stocks_dags.py
[2026-02-08T22:35:29.690+0000] {processor.py:830} INFO - Processing file /opt/airflow/dags/downlad_tickers/stocks_dags.py for tasks to queue
[2026-02-08T22:35:29.692+0000] {logging_mixin.py:188} INFO - [2026-02-08T22:35:29.691+0000] {dagbag.py:545} INFO - Filling up the DagBag from /opt/airflow/dags/downlad_tickers/stocks_dags.py
[2026-02-08T22:35:30.553+0000] {processor.py:840} INFO - DAG(s) 'stock_nvda', 'stock_moex.sber', 'stock_tsla', 'stock_aapl', 'stock_msft' retrieved from /opt/airflow/dags/downlad_tickers/stocks_dags.py
[2026-02-08T22:35:30.582+0000] {logging_mixin.py:188} INFO - [2026-02-08T22:35:30.582+0000] {dag.py:3089} INFO - Sync 5 DAGs
[2026-02-08T22:35:30.602+0000] {logging_mixin.py:188} INFO - [2026-02-08T22:35:30.602+0000] {dag.py:3947} INFO - Setting next_dagrun for stock_aapl to 2024-01-02 00:00:00+00:00, run_after=2024-01-03 00:00:00+00:00
[2026-02-08T22:35:30.606+0000] {logging_mixin.py:188} INFO - [2026-02-08T22:35:30.606+0000] {dag.py:3947} INFO - Setting next_dagrun for stock_moex.sber to 2026-02-08 00:00:00+00:00, run_after=2026-02-09 00:00:00+00:00
[2026-02-08T22:35:30.608+0000] {logging_mixin.py:188} INFO - [2026-02-08T22:35:30.608+0000] {dag.py:3947} INFO - Setting next_dagrun for stock_msft to 2024-01-01 00:00:00+00:00, run_after=2024-01-02 00:00:00+00:00
[2026-02-08T22:35:30.610+0000] {logging_mixin.py:188} INFO - [2026-02-08T22:35:30.610+0000] {dag.py:3947} INFO - Setting next_dagrun for stock_nvda to 2024-01-01 00:00:00+00:00, run_after=2024-01-02 00:00:00+00:00
[2026-02-08T22:35:30.612+0000] {logging_mixin.py:188} INFO - [2026-02-08T22:35:30.612+0000] {dag.py:3947} INFO - Setting next_dagrun for stock_tsla to 2024-01-01 00:00:00+00:00, run_after=2024-01-02 00:00:00+00:00
[2026-02-08T22:35:30.628+0000] {processor.py:183} INFO - Processing /opt/airflow/dags/downlad_tickers/stocks_dags.py took 0.945 seconds
[2026-02-08T22:36:00.860+0000] {processor.py:161} INFO - Started process (PID=948) to work on /opt/airflow/dags/downlad_tickers/stocks_dags.py
[2026-02-08T22:36:00.861+0000] {processor.py:830} INFO - Processing file /opt/airflow/dags/downlad_tickers/stocks_dags.py for tasks to queue
[2026-02-08T22:36:00.863+0000] {logging_mixin.py:188} INFO - [2026-02-08T22:36:00.862+0000] {dagbag.py:545} INFO - Filling up the DagBag from /opt/airflow/dags/downlad_tickers/stocks_dags.py
[2026-02-08T22:36:01.722+0000] {processor.py:840} INFO - DAG(s) 'stock_aapl', 'stock_nvda', 'stock_tsla', 'stock_moex.sber', 'stock_msft' retrieved from /opt/airflow/dags/downlad_tickers/stocks_dags.py
[2026-02-08T22:36:01.754+0000] {logging_mixin.py:188} INFO - [2026-02-08T22:36:01.753+0000] {dag.py:3089} INFO - Sync 5 DAGs
[2026-02-08T22:36:01.776+0000] {logging_mixin.py:188} INFO - [2026-02-08T22:36:01.775+0000] {dag.py:3947} INFO - Setting next_dagrun for stock_aapl to 2024-01-02 00:00:00+00:00, run_after=2024-01-03 00:00:00+00:00
[2026-02-08T22:36:01.780+0000] {logging_mixin.py:188} INFO - [2026-02-08T22:36:01.780+0000] {dag.py:3947} INFO - Setting next_dagrun for stock_moex.sber to 2026-02-08 00:00:00+00:00, run_after=2026-02-09 00:00:00+00:00
[2026-02-08T22:36:01.782+0000] {logging_mixin.py:188} INFO - [2026-02-08T22:36:01.782+0000] {dag.py:3947} INFO - Setting next_dagrun for stock_msft to 2024-01-01 00:00:00+00:00, run_after=2024-01-02 00:00:00+00:00
[2026-02-08T22:36:01.784+0000] {logging_mixin.py:188} INFO - [2026-02-08T22:36:01.783+0000] {dag.py:3947} INFO - Setting next_dagrun for stock_nvda to 2024-01-01 00:00:00+00:00, run_after=2024-01-02 00:00:00+00:00
[2026-02-08T22:36:01.785+0000] {logging_mixin.py:188} INFO - [2026-02-08T22:36:01.785+0000] {dag.py:3947} INFO - Setting next_dagrun for stock_tsla to 2024-01-01 00:00:00+00:00, run_after=2024-01-02 00:00:00+00:00
[2026-02-08T22:36:01.800+0000] {processor.py:183} INFO - Processing /opt/airflow/dags/downlad_tickers/stocks_dags.py took 0.946 seconds
[2026-02-08T22:36:32.013+0000] {processor.py:161} INFO - Started process (PID=966) to work on /opt/airflow/dags/downlad_tickers/stocks_dags.py
[2026-02-08T22:36:32.014+0000] {processor.py:830} INFO - Processing file /opt/airflow/dags/downlad_tickers/stocks_dags.py for tasks to queue
[2026-02-08T22:36:32.016+0000] {logging_mixin.py:188} INFO - [2026-02-08T22:36:32.016+0000] {dagbag.py:545} INFO - Filling up the DagBag from /opt/airflow/dags/downlad_tickers/stocks_dags.py
[2026-02-08T22:36:32.842+0000] {processor.py:840} INFO - DAG(s) 'stock_msft', 'stock_tsla', 'stock_nvda', 'stock_moex.sber', 'stock_aapl' retrieved from /opt/airflow/dags/downlad_tickers/stocks_dags.py
[2026-02-08T22:36:32.872+0000] {logging_mixin.py:188} INFO - [2026-02-08T22:36:32.870+0000] {dag.py:3089} INFO - Sync 5 DAGs
[2026-02-08T22:36:32.891+0000] {logging_mixin.py:188} INFO - [2026-02-08T22:36:32.891+0000] {dag.py:3947} INFO - Setting next_dagrun for stock_aapl to 2024-01-02 00:00:00+00:00, run_after=2024-01-03 00:00:00+00:00
[2026-02-08T22:36:32.895+0000] {logging_mixin.py:188} INFO - [2026-02-08T22:36:32.894+0000] {dag.py:3947} INFO - Setting next_dagrun for stock_moex.sber to 2026-02-08 00:00:00+00:00, run_after=2026-02-09 00:00:00+00:00
[2026-02-08T22:36:32.896+0000] {logging_mixin.py:188} INFO - [2026-02-08T22:36:32.896+0000] {dag.py:3947} INFO - Setting next_dagrun for stock_msft to 2024-01-01 00:00:00+00:00, run_after=2024-01-02 00:00:00+00:00
[2026-02-08T22:36:32.897+0000] {logging_mixin.py:188} INFO - [2026-02-08T22:36:32.897+0000] {dag.py:3947} INFO - Setting next_dagrun for stock_nvda to 2024-01-01 00:00:00+00:00, run_after=2024-01-02 00:00:00+00:00
[2026-02-08T22:36:32.899+0000] {logging_mixin.py:188} INFO - [2026-02-08T22:36:32.899+0000] {dag.py:3947} INFO - Setting next_dagrun for stock_tsla to 2024-01-01 00:00:00+00:00, run_after=2024-01-02 00:00:00+00:00
[2026-02-08T22:36:32.913+0000] {processor.py:183} INFO - Processing /opt/airflow/dags/downlad_tickers/stocks_dags.py took 0.907 seconds
[2026-02-08T22:37:03.148+0000] {processor.py:161} INFO - Started process (PID=984) to work on /opt/airflow/dags/downlad_tickers/stocks_dags.py
[2026-02-08T22:37:03.149+0000] {processor.py:830} INFO - Processing file /opt/airflow/dags/downlad_tickers/stocks_dags.py for tasks to queue
[2026-02-08T22:37:03.150+0000] {logging_mixin.py:188} INFO - [2026-02-08T22:37:03.150+0000] {dagbag.py:545} INFO - Filling up the DagBag from /opt/airflow/dags/downlad_tickers/stocks_dags.py
[2026-02-08T22:37:04.000+0000] {processor.py:840} INFO - DAG(s) 'stock_tsla', 'stock_moex.sber', 'stock_aapl', 'stock_msft', 'stock_nvda' retrieved from /opt/airflow/dags/downlad_tickers/stocks_dags.py
[2026-02-08T22:37:04.031+0000] {logging_mixin.py:188} INFO - [2026-02-08T22:37:04.030+0000] {dag.py:3089} INFO - Sync 5 DAGs
[2026-02-08T22:37:04.051+0000] {logging_mixin.py:188} INFO - [2026-02-08T22:37:04.050+0000] {dag.py:3947} INFO - Setting next_dagrun for stock_aapl to 2024-01-02 00:00:00+00:00, run_after=2024-01-03 00:00:00+00:00
[2026-02-08T22:37:04.056+0000] {logging_mixin.py:188} INFO - [2026-02-08T22:37:04.055+0000] {dag.py:3947} INFO - Setting next_dagrun for stock_moex.sber to 2026-02-08 00:00:00+00:00, run_after=2026-02-09 00:00:00+00:00
[2026-02-08T22:37:04.058+0000] {logging_mixin.py:188} INFO - [2026-02-08T22:37:04.058+0000] {dag.py:3947} INFO - Setting next_dagrun for stock_msft to 2024-01-01 00:00:00+00:00, run_after=2024-01-02 00:00:00+00:00
[2026-02-08T22:37:04.059+0000] {logging_mixin.py:188} INFO - [2026-02-08T22:37:04.059+0000] {dag.py:3947} INFO - Setting next_dagrun for stock_nvda to 2024-01-01 00:00:00+00:00, run_after=2024-01-02 00:00:00+00:00
[2026-02-08T22:37:04.061+0000] {logging_mixin.py:188} INFO - [2026-02-08T22:37:04.061+0000] {dag.py:3947} INFO - Setting next_dagrun for stock_tsla to 2024-01-01 00:00:00+00:00, run_after=2024-01-02 00:00:00+00:00
[2026-02-08T22:37:04.077+0000] {processor.py:183} INFO - Processing /opt/airflow/dags/downlad_tickers/stocks_dags.py took 0.935 seconds
[2026-02-08T22:37:34.331+0000] {processor.py:161} INFO - Started process (PID=1002) to work on /opt/airflow/dags/downlad_tickers/stocks_dags.py
[2026-02-08T22:37:34.332+0000] {processor.py:830} INFO - Processing file /opt/airflow/dags/downlad_tickers/stocks_dags.py for tasks to queue
[2026-02-08T22:37:34.334+0000] {logging_mixin.py:188} INFO - [2026-02-08T22:37:34.334+0000] {dagbag.py:545} INFO - Filling up the DagBag from /opt/airflow/dags/downlad_tickers/stocks_dags.py
[2026-02-08T22:37:35.325+0000] {processor.py:840} INFO - DAG(s) 'stock_moex.sber', 'stock_aapl', 'stock_nvda', 'stock_msft', 'stock_tsla' retrieved from /opt/airflow/dags/downlad_tickers/stocks_dags.py
[2026-02-08T22:37:35.358+0000] {logging_mixin.py:188} INFO - [2026-02-08T22:37:35.358+0000] {dag.py:3089} INFO - Sync 5 DAGs
[2026-02-08T22:37:35.381+0000] {logging_mixin.py:188} INFO - [2026-02-08T22:37:35.381+0000] {dag.py:3947} INFO - Setting next_dagrun for stock_aapl to 2024-01-02 00:00:00+00:00, run_after=2024-01-03 00:00:00+00:00
[2026-02-08T22:37:35.386+0000] {logging_mixin.py:188} INFO - [2026-02-08T22:37:35.385+0000] {dag.py:3947} INFO - Setting next_dagrun for stock_moex.sber to 2026-02-08 00:00:00+00:00, run_after=2026-02-09 00:00:00+00:00
[2026-02-08T22:37:35.388+0000] {logging_mixin.py:188} INFO - [2026-02-08T22:37:35.388+0000] {dag.py:3947} INFO - Setting next_dagrun for stock_msft to 2024-01-01 00:00:00+00:00, run_after=2024-01-02 00:00:00+00:00
[2026-02-08T22:37:35.390+0000] {logging_mixin.py:188} INFO - [2026-02-08T22:37:35.390+0000] {dag.py:3947} INFO - Setting next_dagrun for stock_nvda to 2024-01-01 00:00:00+00:00, run_after=2024-01-02 00:00:00+00:00
[2026-02-08T22:37:35.392+0000] {logging_mixin.py:188} INFO - [2026-02-08T22:37:35.392+0000] {dag.py:3947} INFO - Setting next_dagrun for stock_tsla to 2024-01-01 00:00:00+00:00, run_after=2024-01-02 00:00:00+00:00
[2026-02-08T22:37:35.411+0000] {processor.py:183} INFO - Processing /opt/airflow/dags/downlad_tickers/stocks_dags.py took 1.086 seconds
[2026-02-08T22:38:05.615+0000] {processor.py:161} INFO - Started process (PID=1020) to work on /opt/airflow/dags/downlad_tickers/stocks_dags.py
[2026-02-08T22:38:05.617+0000] {processor.py:830} INFO - Processing file /opt/airflow/dags/downlad_tickers/stocks_dags.py for tasks to queue
[2026-02-08T22:38:05.619+0000] {logging_mixin.py:188} INFO - [2026-02-08T22:38:05.619+0000] {dagbag.py:545} INFO - Filling up the DagBag from /opt/airflow/dags/downlad_tickers/stocks_dags.py
[2026-02-08T22:38:06.712+0000] {processor.py:840} INFO - DAG(s) 'stock_tsla', 'stock_nvda', 'stock_moex.sber', 'stock_aapl', 'stock_msft' retrieved from /opt/airflow/dags/downlad_tickers/stocks_dags.py
[2026-02-08T22:38:06.751+0000] {logging_mixin.py:188} INFO - [2026-02-08T22:38:06.750+0000] {dag.py:3089} INFO - Sync 5 DAGs
[2026-02-08T22:38:06.781+0000] {logging_mixin.py:188} INFO - [2026-02-08T22:38:06.781+0000] {dag.py:3947} INFO - Setting next_dagrun for stock_aapl to 2024-01-02 00:00:00+00:00, run_after=2024-01-03 00:00:00+00:00
[2026-02-08T22:38:06.787+0000] {logging_mixin.py:188} INFO - [2026-02-08T22:38:06.787+0000] {dag.py:3947} INFO - Setting next_dagrun for stock_moex.sber to 2026-02-08 00:00:00+00:00, run_after=2026-02-09 00:00:00+00:00
[2026-02-08T22:38:06.791+0000] {logging_mixin.py:188} INFO - [2026-02-08T22:38:06.791+0000] {dag.py:3947} INFO - Setting next_dagrun for stock_msft to 2024-01-01 00:00:00+00:00, run_after=2024-01-02 00:00:00+00:00
[2026-02-08T22:38:06.794+0000] {logging_mixin.py:188} INFO - [2026-02-08T22:38:06.794+0000] {dag.py:3947} INFO - Setting next_dagrun for stock_nvda to 2024-01-01 00:00:00+00:00, run_after=2024-01-02 00:00:00+00:00
[2026-02-08T22:38:06.797+0000] {logging_mixin.py:188} INFO - [2026-02-08T22:38:06.796+0000] {dag.py:3947} INFO - Setting next_dagrun for stock_tsla to 2024-01-01 00:00:00+00:00, run_after=2024-01-02 00:00:00+00:00
[2026-02-08T22:38:06.822+0000] {processor.py:183} INFO - Processing /opt/airflow/dags/downlad_tickers/stocks_dags.py took 1.216 seconds
