[2026-02-09T10:35:59.397+0000] {local_task_job_runner.py:120} INFO - ::group::Pre task execution logs
[2026-02-09T10:35:59.431+0000] {taskinstance.py:2076} INFO - Dependencies all met for dep_context=non-requeueable deps ti=<TaskInstance: stock_raw_aapl.download_and_load_raw scheduled__2025-05-30T00:00:00+00:00 [queued]>
[2026-02-09T10:35:59.441+0000] {taskinstance.py:2076} INFO - Dependencies all met for dep_context=requeueable deps ti=<TaskInstance: stock_raw_aapl.download_and_load_raw scheduled__2025-05-30T00:00:00+00:00 [queued]>
[2026-02-09T10:35:59.443+0000] {taskinstance.py:2306} INFO - Starting attempt 1 of 1
[2026-02-09T10:35:59.456+0000] {taskinstance.py:2330} INFO - Executing <Task(PythonOperator): download_and_load_raw> on 2025-05-30 00:00:00+00:00
[2026-02-09T10:35:59.469+0000] {logging_mixin.py:188} WARNING - /home/***/.local/lib/python3.12/site-packages/***/task/task_runner/standard_task_runner.py:62 DeprecationWarning: This process (pid=5629) is multi-threaded, use of fork() may lead to deadlocks in the child.
[2026-02-09T10:35:59.471+0000] {standard_task_runner.py:64} INFO - Started process 5642 to run task
[2026-02-09T10:35:59.470+0000] {standard_task_runner.py:90} INFO - Running: ['***', 'tasks', 'run', 'stock_raw_aapl', 'download_and_load_raw', 'scheduled__2025-05-30T00:00:00+00:00', '--job-id', '5384', '--raw', '--subdir', 'DAGS_FOLDER/stocks_dwh/raw/stocks_raw_dags.py', '--cfg-path', '/tmp/tmp2z3fjw9n']
[2026-02-09T10:35:59.473+0000] {standard_task_runner.py:91} INFO - Job 5384: Subtask download_and_load_raw
[2026-02-09T10:35:59.543+0000] {task_command.py:426} INFO - Running <TaskInstance: stock_raw_aapl.download_and_load_raw scheduled__2025-05-30T00:00:00+00:00 [running]> on host 4886d37bc122
[2026-02-09T10:35:59.644+0000] {taskinstance.py:2648} INFO - Exporting env vars: AIRFLOW_CTX_DAG_OWNER='***' AIRFLOW_CTX_DAG_ID='stock_raw_aapl' AIRFLOW_CTX_TASK_ID='download_and_load_raw' AIRFLOW_CTX_EXECUTION_DATE='2025-05-30T00:00:00+00:00' AIRFLOW_CTX_TRY_NUMBER='1' AIRFLOW_CTX_DAG_RUN_ID='scheduled__2025-05-30T00:00:00+00:00'
[2026-02-09T10:35:59.646+0000] {taskinstance.py:430} INFO - ::endgroup::
[2026-02-09T10:35:59.657+0000] {logging_mixin.py:188} INFO - [RAW] Download AAPL [1d] 2025-05-30..2025-05-31
[2026-02-09T10:35:59.660+0000] {logging_mixin.py:188} WARNING - /opt/***/dags/stocks_dwh/raw/stocks_raw_dags.py:38 FutureWarning: YF.download() has changed argument auto_adjust default to True
[2026-02-09T10:35:59.671+0000] {logging_mixin.py:188} WARNING - /home/***/.local/lib/python3.12/site-packages/yfinance/scrapers/history.py:204 Pandas4Warning: Timestamp.utcnow is deprecated and will be removed in a future version. Use Timestamp.now('UTC') instead.
[2026-02-09T10:36:00.222+0000] {taskinstance.py:441} INFO - ::group::Post task execution logs
[2026-02-09T10:36:00.223+0000] {taskinstance.py:2905} ERROR - Task failed with exception
Traceback (most recent call last):
  File "/home/airflow/.local/lib/python3.12/site-packages/airflow/models/taskinstance.py", line 465, in _execute_task
    result = _execute_callable(context=context, **execute_callable_kwargs)
             ^^^^^^^^^^^^^^^^^^^^^^^^^^^^^^^^^^^^^^^^^^^^^^^^^^^^^^^^^^^^^
  File "/home/airflow/.local/lib/python3.12/site-packages/airflow/models/taskinstance.py", line 432, in _execute_callable
    return execute_callable(context=context, **execute_callable_kwargs)
           ^^^^^^^^^^^^^^^^^^^^^^^^^^^^^^^^^^^^^^^^^^^^^^^^^^^^^^^^^^^^
  File "/home/airflow/.local/lib/python3.12/site-packages/airflow/models/baseoperator.py", line 401, in wrapper
    return func(self, *args, **kwargs)
           ^^^^^^^^^^^^^^^^^^^^^^^^^^^
  File "/home/airflow/.local/lib/python3.12/site-packages/airflow/operators/python.py", line 235, in execute
    return_value = self.execute_callable()
                   ^^^^^^^^^^^^^^^^^^^^^^^
  File "/home/airflow/.local/lib/python3.12/site-packages/airflow/operators/python.py", line 252, in execute_callable
    return self.python_callable(*self.op_args, **self.op_kwargs)
           ^^^^^^^^^^^^^^^^^^^^^^^^^^^^^^^^^^^^^^^^^^^^^^^^^^^^^
  File "/opt/airflow/dags/stocks_dwh/raw/stocks_raw_dags.py", line 86, in download_and_load_raw
    df["volume"] = pd.to_numeric(df["volume"], errors="coerce").fillna(0).astype("int64")
                   ^^^^^^^^^^^^^^^^^^^^^^^^^^^^^^^^^^^^^^^^^^^^
  File "/home/airflow/.local/lib/python3.12/site-packages/pandas/core/tools/numeric.py", line 212, in to_numeric
    raise TypeError("arg must be a list, tuple, 1-d array, or Series")
TypeError: arg must be a list, tuple, 1-d array, or Series
[2026-02-09T10:36:00.242+0000] {taskinstance.py:1206} INFO - Marking task as FAILED. dag_id=stock_raw_aapl, task_id=download_and_load_raw, run_id=scheduled__2025-05-30T00:00:00+00:00, execution_date=20250530T000000, start_date=20260209T103559, end_date=20260209T103600
[2026-02-09T10:36:00.256+0000] {standard_task_runner.py:110} ERROR - Failed to execute job 5384 for task download_and_load_raw (arg must be a list, tuple, 1-d array, or Series; 5642)
[2026-02-09T10:36:00.288+0000] {local_task_job_runner.py:243} INFO - Task exited with return code 1
[2026-02-09T10:36:00.309+0000] {taskinstance.py:3503} INFO - 0 downstream tasks scheduled from follow-on schedule check
[2026-02-09T10:36:00.311+0000] {local_task_job_runner.py:222} INFO - ::endgroup::
[2026-02-09T12:38:01.264+0000] {local_task_job_runner.py:120} INFO - ::group::Pre task execution logs
[2026-02-09T12:38:01.292+0000] {taskinstance.py:2076} INFO - Dependencies all met for dep_context=non-requeueable deps ti=<TaskInstance: stock_raw_aapl.download_and_load_raw scheduled__2025-05-30T00:00:00+00:00 [queued]>
[2026-02-09T12:38:01.300+0000] {taskinstance.py:2076} INFO - Dependencies all met for dep_context=requeueable deps ti=<TaskInstance: stock_raw_aapl.download_and_load_raw scheduled__2025-05-30T00:00:00+00:00 [queued]>
[2026-02-09T12:38:01.300+0000] {taskinstance.py:2306} INFO - Starting attempt 1 of 1
[2026-02-09T12:38:01.318+0000] {taskinstance.py:2330} INFO - Executing <Task(PythonOperator): download_and_load_raw> on 2025-05-30 00:00:00+00:00
[2026-02-09T12:38:01.333+0000] {logging_mixin.py:188} WARNING - /home/***/.local/lib/python3.12/site-packages/***/task/task_runner/standard_task_runner.py:62 DeprecationWarning: This process (pid=17859) is multi-threaded, use of fork() may lead to deadlocks in the child.
[2026-02-09T12:38:01.334+0000] {standard_task_runner.py:64} INFO - Started process 17861 to run task
[2026-02-09T12:38:01.333+0000] {standard_task_runner.py:90} INFO - Running: ['***', 'tasks', 'run', 'stock_raw_aapl', 'download_and_load_raw', 'scheduled__2025-05-30T00:00:00+00:00', '--job-id', '7707', '--raw', '--subdir', 'DAGS_FOLDER/stocks_dwh/raw/stocks_raw_dags.py', '--cfg-path', '/tmp/tmpq9_clogo']
[2026-02-09T12:38:01.335+0000] {standard_task_runner.py:91} INFO - Job 7707: Subtask download_and_load_raw
[2026-02-09T12:38:01.425+0000] {task_command.py:426} INFO - Running <TaskInstance: stock_raw_aapl.download_and_load_raw scheduled__2025-05-30T00:00:00+00:00 [running]> on host 4886d37bc122
[2026-02-09T12:38:01.534+0000] {taskinstance.py:2648} INFO - Exporting env vars: AIRFLOW_CTX_DAG_OWNER='***' AIRFLOW_CTX_DAG_ID='stock_raw_aapl' AIRFLOW_CTX_TASK_ID='download_and_load_raw' AIRFLOW_CTX_EXECUTION_DATE='2025-05-30T00:00:00+00:00' AIRFLOW_CTX_TRY_NUMBER='1' AIRFLOW_CTX_DAG_RUN_ID='scheduled__2025-05-30T00:00:00+00:00'
[2026-02-09T12:38:01.535+0000] {taskinstance.py:430} INFO - ::endgroup::
[2026-02-09T12:38:01.545+0000] {stocks_raw_dags.py:37} INFO - 2025-05-30 00:00:00+00:00, 2025-05-31 00:00:00+00:00
[2026-02-09T12:38:01.546+0000] {logging_mixin.py:188} INFO - [RAW] Download AAPL [1d] 2025-05-29..2025-05-31
[2026-02-09T12:38:01.548+0000] {logging_mixin.py:188} WARNING - /opt/***/dags/stocks_dwh/raw/stocks_raw_dags.py:42 FutureWarning: YF.download() has changed argument auto_adjust default to True
[2026-02-09T12:38:01.556+0000] {logging_mixin.py:188} WARNING - /home/***/.local/lib/python3.12/site-packages/yfinance/scrapers/history.py:204 Pandas4Warning: Timestamp.utcnow is deprecated and will be removed in a future version. Use Timestamp.now('UTC') instead.
[2026-02-09T12:38:02.072+0000] {logging_mixin.py:188} WARNING - [*********************100%***********************]  1 of 1 completed
[2026-02-09T12:38:02.109+0000] {base.py:84} INFO - Using connection ID 'dwh_clickhouse' for task execution.
[2026-02-09T12:38:02.138+0000] {logging_mixin.py:188} INFO - [RAW] Deleted existing rows for AAPL in 2025-05-29..2025-05-31
[2026-02-09T12:38:02.149+0000] {logging_mixin.py:188} INFO - [RAW] Inserted 2 rows into dwh.raw_stock_prices
[2026-02-09T12:38:02.150+0000] {python.py:237} INFO - Done. Returned value was: None
[2026-02-09T12:38:02.152+0000] {taskinstance.py:441} INFO - ::group::Post task execution logs
[2026-02-09T12:38:02.163+0000] {taskinstance.py:1206} INFO - Marking task as SUCCESS. dag_id=stock_raw_aapl, task_id=download_and_load_raw, run_id=scheduled__2025-05-30T00:00:00+00:00, execution_date=20250530T000000, start_date=20260209T123801, end_date=20260209T123802
[2026-02-09T12:38:02.231+0000] {local_task_job_runner.py:243} INFO - Task exited with return code 0
[2026-02-09T12:38:02.252+0000] {taskinstance.py:3503} INFO - 0 downstream tasks scheduled from follow-on schedule check
[2026-02-09T12:38:02.256+0000] {local_task_job_runner.py:222} INFO - ::endgroup::
