[2026-02-09T10:26:35.247+0000] {local_task_job_runner.py:120} INFO - ::group::Pre task execution logs
[2026-02-09T10:26:35.277+0000] {taskinstance.py:2076} INFO - Dependencies all met for dep_context=non-requeueable deps ti=<TaskInstance: stock_raw_nvda.download_and_load_raw scheduled__2024-12-08T00:00:00+00:00 [queued]>
[2026-02-09T10:26:35.284+0000] {taskinstance.py:2076} INFO - Dependencies all met for dep_context=requeueable deps ti=<TaskInstance: stock_raw_nvda.download_and_load_raw scheduled__2024-12-08T00:00:00+00:00 [queued]>
[2026-02-09T10:26:35.285+0000] {taskinstance.py:2306} INFO - Starting attempt 1 of 1
[2026-02-09T10:26:35.297+0000] {taskinstance.py:2330} INFO - Executing <Task(PythonOperator): download_and_load_raw> on 2024-12-08 00:00:00+00:00
[2026-02-09T10:26:35.314+0000] {logging_mixin.py:188} WARNING - /home/***/.local/lib/python3.12/site-packages/***/task/task_runner/standard_task_runner.py:62 DeprecationWarning: This process (pid=1988) is multi-threaded, use of fork() may lead to deadlocks in the child.
[2026-02-09T10:26:35.316+0000] {standard_task_runner.py:64} INFO - Started process 1998 to run task
[2026-02-09T10:26:35.316+0000] {standard_task_runner.py:90} INFO - Running: ['***', 'tasks', 'run', 'stock_raw_nvda', 'download_and_load_raw', 'scheduled__2024-12-08T00:00:00+00:00', '--job-id', '4526', '--raw', '--subdir', 'DAGS_FOLDER/stocks_dwh/raw/stocks_raw_dags.py', '--cfg-path', '/tmp/tmp91efl2gj']
[2026-02-09T10:26:35.319+0000] {standard_task_runner.py:91} INFO - Job 4526: Subtask download_and_load_raw
[2026-02-09T10:26:35.391+0000] {task_command.py:426} INFO - Running <TaskInstance: stock_raw_nvda.download_and_load_raw scheduled__2024-12-08T00:00:00+00:00 [running]> on host 4886d37bc122
[2026-02-09T10:26:35.529+0000] {taskinstance.py:2648} INFO - Exporting env vars: AIRFLOW_CTX_DAG_OWNER='***' AIRFLOW_CTX_DAG_ID='stock_raw_nvda' AIRFLOW_CTX_TASK_ID='download_and_load_raw' AIRFLOW_CTX_EXECUTION_DATE='2024-12-08T00:00:00+00:00' AIRFLOW_CTX_TRY_NUMBER='1' AIRFLOW_CTX_DAG_RUN_ID='scheduled__2024-12-08T00:00:00+00:00'
[2026-02-09T10:26:35.532+0000] {taskinstance.py:430} INFO - ::endgroup::
[2026-02-09T10:26:35.546+0000] {logging_mixin.py:188} INFO - [RAW] Download NVDA [1d] 2024-12-08..2024-12-09
[2026-02-09T10:26:35.549+0000] {logging_mixin.py:188} WARNING - /opt/***/dags/stocks_dwh/raw/stocks_raw_dags.py:38 FutureWarning: YF.download() has changed argument auto_adjust default to True
[2026-02-09T10:26:35.557+0000] {logging_mixin.py:188} WARNING - /home/***/.local/lib/python3.12/site-packages/yfinance/scrapers/history.py:204 Pandas4Warning: Timestamp.utcnow is deprecated and will be removed in a future version. Use Timestamp.now('UTC') instead.
[2026-02-09T10:26:36.240+0000] {multi.py:185} ERROR - 
1 Failed download:
[2026-02-09T10:26:36.241+0000] {multi.py:198} ERROR - ['NVDA']: YFPricesMissingError('possibly delisted; no price data found  (1d 2024-12-08 -> 2024-12-09)')
[2026-02-09T10:26:36.256+0000] {logging_mixin.py:188} INFO - [RAW] No data from yfinance
[2026-02-09T10:26:36.256+0000] {python.py:237} INFO - Done. Returned value was: None
[2026-02-09T10:26:36.257+0000] {taskinstance.py:441} INFO - ::group::Post task execution logs
[2026-02-09T10:26:36.266+0000] {taskinstance.py:1206} INFO - Marking task as SUCCESS. dag_id=stock_raw_nvda, task_id=download_and_load_raw, run_id=scheduled__2024-12-08T00:00:00+00:00, execution_date=20241208T000000, start_date=20260209T102635, end_date=20260209T102636
[2026-02-09T10:26:36.294+0000] {local_task_job_runner.py:243} INFO - Task exited with return code 0
[2026-02-09T10:26:36.310+0000] {taskinstance.py:3503} INFO - 0 downstream tasks scheduled from follow-on schedule check
[2026-02-09T10:26:36.312+0000] {local_task_job_runner.py:222} INFO - ::endgroup::
