[2026-02-09T10:05:17.314+0000] {local_task_job_runner.py:120} INFO - ::group::Pre task execution logs
[2026-02-09T10:05:17.344+0000] {taskinstance.py:2076} INFO - Dependencies all met for dep_context=non-requeueable deps ti=<TaskInstance: stock_raw_tsla.download scheduled__2024-01-01T00:00:00+00:00 [queued]>
[2026-02-09T10:05:17.351+0000] {taskinstance.py:2076} INFO - Dependencies all met for dep_context=requeueable deps ti=<TaskInstance: stock_raw_tsla.download scheduled__2024-01-01T00:00:00+00:00 [queued]>
[2026-02-09T10:05:17.352+0000] {taskinstance.py:2306} INFO - Starting attempt 1 of 1
[2026-02-09T10:05:17.364+0000] {taskinstance.py:2330} INFO - Executing <Task(PythonOperator): download> on 2024-01-01 00:00:00+00:00
[2026-02-09T10:05:17.375+0000] {logging_mixin.py:188} WARNING - /home/***/.local/lib/python3.12/site-packages/***/task/task_runner/standard_task_runner.py:62 DeprecationWarning: This process (pid=989) is multi-threaded, use of fork() may lead to deadlocks in the child.
[2026-02-09T10:05:17.375+0000] {standard_task_runner.py:90} INFO - Running: ['***', 'tasks', 'run', 'stock_raw_tsla', 'download', 'scheduled__2024-01-01T00:00:00+00:00', '--job-id', '2835', '--raw', '--subdir', 'DAGS_FOLDER/stocks_dwh/raw/stocks_raw_dags.py', '--cfg-path', '/tmp/tmp2ykzxuq2']
[2026-02-09T10:05:17.377+0000] {standard_task_runner.py:64} INFO - Started process 995 to run task
[2026-02-09T10:05:17.377+0000] {standard_task_runner.py:91} INFO - Job 2835: Subtask download
[2026-02-09T10:05:17.435+0000] {task_command.py:426} INFO - Running <TaskInstance: stock_raw_tsla.download scheduled__2024-01-01T00:00:00+00:00 [running]> on host b6b9e92e7d61
[2026-02-09T10:05:17.517+0000] {taskinstance.py:2648} INFO - Exporting env vars: AIRFLOW_CTX_DAG_OWNER='***' AIRFLOW_CTX_DAG_ID='stock_raw_tsla' AIRFLOW_CTX_TASK_ID='download' AIRFLOW_CTX_EXECUTION_DATE='2024-01-01T00:00:00+00:00' AIRFLOW_CTX_TRY_NUMBER='1' AIRFLOW_CTX_DAG_RUN_ID='scheduled__2024-01-01T00:00:00+00:00'
[2026-02-09T10:05:17.519+0000] {taskinstance.py:430} INFO - ::endgroup::
[2026-02-09T10:05:17.531+0000] {logging_mixin.py:188} INFO - Downloading TSLA [1d] from 2024-01-01 to 2024-01-02
[2026-02-09T10:05:17.533+0000] {logging_mixin.py:188} WARNING - /opt/***/dags/stocks_dwh/raw/stocks_raw_dags.py:25 FutureWarning: YF.download() has changed argument auto_adjust default to True
[2026-02-09T10:05:17.967+0000] {logging_mixin.py:188} WARNING - /home/***/.local/lib/python3.12/site-packages/yfinance/scrapers/history.py:204 Pandas4Warning: Timestamp.utcnow is deprecated and will be removed in a future version. Use Timestamp.now('UTC') instead.
[2026-02-09T10:05:18.022+0000] {multi.py:185} ERROR - 
1 Failed download:
[2026-02-09T10:05:18.023+0000] {multi.py:198} ERROR - ['TSLA']: YFPricesMissingError('possibly delisted; no price data found  (1d 2024-01-01 -> 2024-01-02)')
[2026-02-09T10:05:18.040+0000] {logging_mixin.py:188} INFO - No data
[2026-02-09T10:05:18.041+0000] {python.py:237} INFO - Done. Returned value was: None
[2026-02-09T10:05:18.041+0000] {taskinstance.py:441} INFO - ::group::Post task execution logs
[2026-02-09T10:05:18.053+0000] {taskinstance.py:1206} INFO - Marking task as SUCCESS. dag_id=stock_raw_tsla, task_id=download, run_id=scheduled__2024-01-01T00:00:00+00:00, execution_date=20240101T000000, start_date=20260209T100517, end_date=20260209T100518
[2026-02-09T10:05:18.113+0000] {local_task_job_runner.py:243} INFO - Task exited with return code 0
[2026-02-09T10:05:18.130+0000] {taskinstance.py:3503} INFO - 0 downstream tasks scheduled from follow-on schedule check
[2026-02-09T10:05:18.132+0000] {local_task_job_runner.py:222} INFO - ::endgroup::
