[2026-02-12T19:02:33.114+0000] {local_task_job_runner.py:120} INFO - ::group::Pre task execution logs
[2026-02-12T19:02:33.162+0000] {taskinstance.py:2076} INFO - Dependencies all met for dep_context=non-requeueable deps ti=<TaskInstance: stock_raw_nvda.download_and_load_raw scheduled__2026-02-11T00:00:00+00:00 [queued]>
[2026-02-12T19:02:33.181+0000] {taskinstance.py:2076} INFO - Dependencies all met for dep_context=requeueable deps ti=<TaskInstance: stock_raw_nvda.download_and_load_raw scheduled__2026-02-11T00:00:00+00:00 [queued]>
[2026-02-12T19:02:33.182+0000] {taskinstance.py:2306} INFO - Starting attempt 1 of 1
[2026-02-12T19:02:33.202+0000] {taskinstance.py:2330} INFO - Executing <Task(PythonOperator): download_and_load_raw> on 2026-02-11 00:00:00+00:00
[2026-02-12T19:02:33.229+0000] {logging_mixin.py:188} WARNING - /home/***/.local/lib/python3.12/site-packages/***/task/task_runner/standard_task_runner.py:62 DeprecationWarning: This process (pid=190) is multi-threaded, use of fork() may lead to deadlocks in the child.
[2026-02-12T19:02:33.233+0000] {standard_task_runner.py:64} INFO - Started process 205 to run task
[2026-02-12T19:02:33.223+0000] {standard_task_runner.py:90} INFO - Running: ['***', 'tasks', 'run', 'stock_raw_nvda', 'download_and_load_raw', 'scheduled__2026-02-11T00:00:00+00:00', '--job-id', '7980', '--raw', '--subdir', 'DAGS_FOLDER/stocks_dwh/raw/stocks_raw_dags.py', '--cfg-path', '/tmp/tmplma25vpk']
[2026-02-12T19:02:33.235+0000] {standard_task_runner.py:91} INFO - Job 7980: Subtask download_and_load_raw
[2026-02-12T19:02:33.356+0000] {task_command.py:426} INFO - Running <TaskInstance: stock_raw_nvda.download_and_load_raw scheduled__2026-02-11T00:00:00+00:00 [running]> on host 4886d37bc122
[2026-02-12T19:02:33.527+0000] {taskinstance.py:2648} INFO - Exporting env vars: AIRFLOW_CTX_DAG_OWNER='***' AIRFLOW_CTX_DAG_ID='stock_raw_nvda' AIRFLOW_CTX_TASK_ID='download_and_load_raw' AIRFLOW_CTX_EXECUTION_DATE='2026-02-11T00:00:00+00:00' AIRFLOW_CTX_TRY_NUMBER='1' AIRFLOW_CTX_DAG_RUN_ID='scheduled__2026-02-11T00:00:00+00:00'
[2026-02-12T19:02:33.529+0000] {taskinstance.py:430} INFO - ::endgroup::
[2026-02-12T19:02:33.557+0000] {stocks_raw_dags.py:37} INFO - 2026-02-11 00:00:00+00:00, 2026-02-12 00:00:00+00:00
[2026-02-12T19:02:33.558+0000] {logging_mixin.py:188} INFO - [RAW] Download NVDA [1d] 2026-02-10..2026-02-12
[2026-02-12T19:02:33.561+0000] {logging_mixin.py:188} WARNING - /opt/***/dags/stocks_dwh/raw/stocks_raw_dags.py:42 FutureWarning: YF.download() has changed argument auto_adjust default to True
[2026-02-12T19:02:33.575+0000] {logging_mixin.py:188} WARNING - /home/***/.local/lib/python3.12/site-packages/yfinance/scrapers/history.py:204 Pandas4Warning: Timestamp.utcnow is deprecated and will be removed in a future version. Use Timestamp.now('UTC') instead.
[2026-02-12T19:02:34.131+0000] {logging_mixin.py:188} WARNING - [*********************100%***********************]  1 of 1 completed
[2026-02-12T19:02:34.187+0000] {base.py:84} INFO - Using connection ID 'dwh_clickhouse' for task execution.
[2026-02-12T19:02:34.227+0000] {logging_mixin.py:188} INFO - [RAW] Deleted existing rows for NVDA in 2026-02-10..2026-02-12
[2026-02-12T19:02:34.246+0000] {logging_mixin.py:188} INFO - [RAW] Inserted 2 rows into dwh.raw_stock_prices
[2026-02-12T19:02:34.248+0000] {python.py:237} INFO - Done. Returned value was: None
[2026-02-12T19:02:34.249+0000] {taskinstance.py:441} INFO - ::group::Post task execution logs
[2026-02-12T19:02:34.262+0000] {taskinstance.py:1206} INFO - Marking task as SUCCESS. dag_id=stock_raw_nvda, task_id=download_and_load_raw, run_id=scheduled__2026-02-11T00:00:00+00:00, execution_date=20260211T000000, start_date=20260212T190233, end_date=20260212T190234
[2026-02-12T19:02:34.332+0000] {local_task_job_runner.py:243} INFO - Task exited with return code 0
[2026-02-12T19:02:34.364+0000] {taskinstance.py:3503} INFO - 0 downstream tasks scheduled from follow-on schedule check
[2026-02-12T19:02:34.369+0000] {local_task_job_runner.py:222} INFO - ::endgroup::
