[2026-02-09T10:37:58.004+0000] {local_task_job_runner.py:120} INFO - ::group::Pre task execution logs
[2026-02-09T10:37:58.041+0000] {taskinstance.py:2076} INFO - Dependencies all met for dep_context=non-requeueable deps ti=<TaskInstance: stock_raw_aapl.download_and_load_raw scheduled__2025-07-04T00:00:00+00:00 [queued]>
[2026-02-09T10:37:58.053+0000] {taskinstance.py:2076} INFO - Dependencies all met for dep_context=requeueable deps ti=<TaskInstance: stock_raw_aapl.download_and_load_raw scheduled__2025-07-04T00:00:00+00:00 [queued]>
[2026-02-09T10:37:58.055+0000] {taskinstance.py:2306} INFO - Starting attempt 1 of 1
[2026-02-09T10:37:58.067+0000] {taskinstance.py:2330} INFO - Executing <Task(PythonOperator): download_and_load_raw> on 2025-07-04 00:00:00+00:00
[2026-02-09T10:37:58.081+0000] {logging_mixin.py:188} WARNING - /home/***/.local/lib/python3.12/site-packages/***/task/task_runner/standard_task_runner.py:62 DeprecationWarning: This process (pid=6368) is multi-threaded, use of fork() may lead to deadlocks in the child.
[2026-02-09T10:37:58.082+0000] {standard_task_runner.py:64} INFO - Started process 6377 to run task
[2026-02-09T10:37:58.082+0000] {standard_task_runner.py:90} INFO - Running: ['***', 'tasks', 'run', 'stock_raw_aapl', 'download_and_load_raw', 'scheduled__2025-07-04T00:00:00+00:00', '--job-id', '5555', '--raw', '--subdir', 'DAGS_FOLDER/stocks_dwh/raw/stocks_raw_dags.py', '--cfg-path', '/tmp/tmp4i6g_v7w']
[2026-02-09T10:37:58.086+0000] {standard_task_runner.py:91} INFO - Job 5555: Subtask download_and_load_raw
[2026-02-09T10:37:58.148+0000] {task_command.py:426} INFO - Running <TaskInstance: stock_raw_aapl.download_and_load_raw scheduled__2025-07-04T00:00:00+00:00 [running]> on host 4886d37bc122
[2026-02-09T10:37:58.242+0000] {taskinstance.py:2648} INFO - Exporting env vars: AIRFLOW_CTX_DAG_OWNER='***' AIRFLOW_CTX_DAG_ID='stock_raw_aapl' AIRFLOW_CTX_TASK_ID='download_and_load_raw' AIRFLOW_CTX_EXECUTION_DATE='2025-07-04T00:00:00+00:00' AIRFLOW_CTX_TRY_NUMBER='1' AIRFLOW_CTX_DAG_RUN_ID='scheduled__2025-07-04T00:00:00+00:00'
[2026-02-09T10:37:58.243+0000] {taskinstance.py:430} INFO - ::endgroup::
[2026-02-09T10:37:58.253+0000] {logging_mixin.py:188} INFO - [RAW] Download AAPL [1d] 2025-07-04..2025-07-05
[2026-02-09T10:37:58.255+0000] {logging_mixin.py:188} WARNING - /opt/***/dags/stocks_dwh/raw/stocks_raw_dags.py:38 FutureWarning: YF.download() has changed argument auto_adjust default to True
[2026-02-09T10:37:58.263+0000] {logging_mixin.py:188} WARNING - /home/***/.local/lib/python3.12/site-packages/yfinance/scrapers/history.py:204 Pandas4Warning: Timestamp.utcnow is deprecated and will be removed in a future version. Use Timestamp.now('UTC') instead.
[2026-02-09T10:37:58.772+0000] {multi.py:185} ERROR - 
1 Failed download:
[2026-02-09T10:37:58.773+0000] {multi.py:198} ERROR - ['AAPL']: YFPricesMissingError('possibly delisted; no price data found  (1d 2025-07-04 -> 2025-07-05)')
[2026-02-09T10:37:58.785+0000] {logging_mixin.py:188} INFO - [RAW] No data from yfinance
[2026-02-09T10:37:58.786+0000] {python.py:237} INFO - Done. Returned value was: None
[2026-02-09T10:37:58.786+0000] {taskinstance.py:441} INFO - ::group::Post task execution logs
[2026-02-09T10:37:58.797+0000] {taskinstance.py:1206} INFO - Marking task as SUCCESS. dag_id=stock_raw_aapl, task_id=download_and_load_raw, run_id=scheduled__2025-07-04T00:00:00+00:00, execution_date=20250704T000000, start_date=20260209T103758, end_date=20260209T103758
[2026-02-09T10:37:58.858+0000] {local_task_job_runner.py:243} INFO - Task exited with return code 0
[2026-02-09T10:37:58.876+0000] {taskinstance.py:3503} INFO - 0 downstream tasks scheduled from follow-on schedule check
[2026-02-09T10:37:58.878+0000] {local_task_job_runner.py:222} INFO - ::endgroup::
[2026-02-09T12:39:45.518+0000] {local_task_job_runner.py:120} INFO - ::group::Pre task execution logs
[2026-02-09T12:39:45.550+0000] {taskinstance.py:2076} INFO - Dependencies all met for dep_context=non-requeueable deps ti=<TaskInstance: stock_raw_aapl.download_and_load_raw scheduled__2025-07-04T00:00:00+00:00 [queued]>
[2026-02-09T12:39:45.561+0000] {taskinstance.py:2076} INFO - Dependencies all met for dep_context=requeueable deps ti=<TaskInstance: stock_raw_aapl.download_and_load_raw scheduled__2025-07-04T00:00:00+00:00 [queued]>
[2026-02-09T12:39:45.562+0000] {taskinstance.py:2306} INFO - Starting attempt 1 of 1
[2026-02-09T12:39:45.577+0000] {taskinstance.py:2330} INFO - Executing <Task(PythonOperator): download_and_load_raw> on 2025-07-04 00:00:00+00:00
[2026-02-09T12:39:45.589+0000] {logging_mixin.py:188} WARNING - /home/***/.local/lib/python3.12/site-packages/***/task/task_runner/standard_task_runner.py:62 DeprecationWarning: This process (pid=18041) is multi-threaded, use of fork() may lead to deadlocks in the child.
[2026-02-09T12:39:45.591+0000] {standard_task_runner.py:64} INFO - Started process 18043 to run task
[2026-02-09T12:39:45.589+0000] {standard_task_runner.py:90} INFO - Running: ['***', 'tasks', 'run', 'stock_raw_aapl', 'download_and_load_raw', 'scheduled__2025-07-04T00:00:00+00:00', '--job-id', '7742', '--raw', '--subdir', 'DAGS_FOLDER/stocks_dwh/raw/stocks_raw_dags.py', '--cfg-path', '/tmp/tmp4x9z0_mu']
[2026-02-09T12:39:45.592+0000] {standard_task_runner.py:91} INFO - Job 7742: Subtask download_and_load_raw
[2026-02-09T12:39:45.662+0000] {task_command.py:426} INFO - Running <TaskInstance: stock_raw_aapl.download_and_load_raw scheduled__2025-07-04T00:00:00+00:00 [running]> on host 4886d37bc122
[2026-02-09T12:39:45.767+0000] {taskinstance.py:2648} INFO - Exporting env vars: AIRFLOW_CTX_DAG_OWNER='***' AIRFLOW_CTX_DAG_ID='stock_raw_aapl' AIRFLOW_CTX_TASK_ID='download_and_load_raw' AIRFLOW_CTX_EXECUTION_DATE='2025-07-04T00:00:00+00:00' AIRFLOW_CTX_TRY_NUMBER='1' AIRFLOW_CTX_DAG_RUN_ID='scheduled__2025-07-04T00:00:00+00:00'
[2026-02-09T12:39:45.769+0000] {taskinstance.py:430} INFO - ::endgroup::
[2026-02-09T12:39:45.780+0000] {stocks_raw_dags.py:37} INFO - 2025-07-04 00:00:00+00:00, 2025-07-05 00:00:00+00:00
[2026-02-09T12:39:45.780+0000] {logging_mixin.py:188} INFO - [RAW] Download AAPL [1d] 2025-07-03..2025-07-05
[2026-02-09T12:39:45.782+0000] {logging_mixin.py:188} WARNING - /opt/***/dags/stocks_dwh/raw/stocks_raw_dags.py:42 FutureWarning: YF.download() has changed argument auto_adjust default to True
[2026-02-09T12:39:45.791+0000] {logging_mixin.py:188} WARNING - /home/***/.local/lib/python3.12/site-packages/yfinance/scrapers/history.py:204 Pandas4Warning: Timestamp.utcnow is deprecated and will be removed in a future version. Use Timestamp.now('UTC') instead.
[2026-02-09T12:39:46.320+0000] {logging_mixin.py:188} WARNING - [*********************100%***********************]  1 of 1 completed
[2026-02-09T12:39:46.390+0000] {base.py:84} INFO - Using connection ID 'dwh_clickhouse' for task execution.
[2026-02-09T12:39:46.427+0000] {logging_mixin.py:188} INFO - [RAW] Deleted existing rows for AAPL in 2025-07-03..2025-07-05
[2026-02-09T12:39:46.441+0000] {logging_mixin.py:188} INFO - [RAW] Inserted 1 rows into dwh.raw_stock_prices
[2026-02-09T12:39:46.442+0000] {python.py:237} INFO - Done. Returned value was: None
[2026-02-09T12:39:46.443+0000] {taskinstance.py:441} INFO - ::group::Post task execution logs
[2026-02-09T12:39:46.458+0000] {taskinstance.py:1206} INFO - Marking task as SUCCESS. dag_id=stock_raw_aapl, task_id=download_and_load_raw, run_id=scheduled__2025-07-04T00:00:00+00:00, execution_date=20250704T000000, start_date=20260209T123945, end_date=20260209T123946
[2026-02-09T12:39:46.527+0000] {local_task_job_runner.py:243} INFO - Task exited with return code 0
[2026-02-09T12:39:46.556+0000] {taskinstance.py:3503} INFO - 0 downstream tasks scheduled from follow-on schedule check
[2026-02-09T12:39:46.561+0000] {local_task_job_runner.py:222} INFO - ::endgroup::
