[2026-02-09T10:39:31.563+0000] {local_task_job_runner.py:120} INFO - ::group::Pre task execution logs
[2026-02-09T10:39:31.593+0000] {taskinstance.py:2076} INFO - Dependencies all met for dep_context=non-requeueable deps ti=<TaskInstance: stock_raw_aapl.download_and_load_raw scheduled__2025-08-03T00:00:00+00:00 [queued]>
[2026-02-09T10:39:31.601+0000] {taskinstance.py:2076} INFO - Dependencies all met for dep_context=requeueable deps ti=<TaskInstance: stock_raw_aapl.download_and_load_raw scheduled__2025-08-03T00:00:00+00:00 [queued]>
[2026-02-09T10:39:31.602+0000] {taskinstance.py:2306} INFO - Starting attempt 1 of 1
[2026-02-09T10:39:31.613+0000] {taskinstance.py:2330} INFO - Executing <Task(PythonOperator): download_and_load_raw> on 2025-08-03 00:00:00+00:00
[2026-02-09T10:39:31.628+0000] {logging_mixin.py:188} WARNING - /home/***/.local/lib/python3.12/site-packages/***/task/task_runner/standard_task_runner.py:62 DeprecationWarning: This process (pid=6997) is multi-threaded, use of fork() may lead to deadlocks in the child.
[2026-02-09T10:39:31.628+0000] {standard_task_runner.py:90} INFO - Running: ['***', 'tasks', 'run', 'stock_raw_aapl', 'download_and_load_raw', 'scheduled__2025-08-03T00:00:00+00:00', '--job-id', '5703', '--raw', '--subdir', 'DAGS_FOLDER/stocks_dwh/raw/stocks_raw_dags.py', '--cfg-path', '/tmp/tmp4qs493qs']
[2026-02-09T10:39:31.631+0000] {standard_task_runner.py:64} INFO - Started process 7008 to run task
[2026-02-09T10:39:31.631+0000] {standard_task_runner.py:91} INFO - Job 5703: Subtask download_and_load_raw
[2026-02-09T10:39:31.693+0000] {task_command.py:426} INFO - Running <TaskInstance: stock_raw_aapl.download_and_load_raw scheduled__2025-08-03T00:00:00+00:00 [running]> on host 4886d37bc122
[2026-02-09T10:39:31.782+0000] {taskinstance.py:2648} INFO - Exporting env vars: AIRFLOW_CTX_DAG_OWNER='***' AIRFLOW_CTX_DAG_ID='stock_raw_aapl' AIRFLOW_CTX_TASK_ID='download_and_load_raw' AIRFLOW_CTX_EXECUTION_DATE='2025-08-03T00:00:00+00:00' AIRFLOW_CTX_TRY_NUMBER='1' AIRFLOW_CTX_DAG_RUN_ID='scheduled__2025-08-03T00:00:00+00:00'
[2026-02-09T10:39:31.783+0000] {taskinstance.py:430} INFO - ::endgroup::
[2026-02-09T10:39:31.794+0000] {logging_mixin.py:188} INFO - [RAW] Download AAPL [1d] 2025-08-03..2025-08-04
[2026-02-09T10:39:31.797+0000] {logging_mixin.py:188} WARNING - /opt/***/dags/stocks_dwh/raw/stocks_raw_dags.py:38 FutureWarning: YF.download() has changed argument auto_adjust default to True
[2026-02-09T10:39:31.806+0000] {logging_mixin.py:188} WARNING - /home/***/.local/lib/python3.12/site-packages/yfinance/scrapers/history.py:204 Pandas4Warning: Timestamp.utcnow is deprecated and will be removed in a future version. Use Timestamp.now('UTC') instead.
[2026-02-09T10:39:32.316+0000] {multi.py:185} ERROR - 
1 Failed download:
[2026-02-09T10:39:32.316+0000] {multi.py:198} ERROR - ['AAPL']: YFPricesMissingError('possibly delisted; no price data found  (1d 2025-08-03 -> 2025-08-04)')
[2026-02-09T10:39:32.328+0000] {logging_mixin.py:188} INFO - [RAW] No data from yfinance
[2026-02-09T10:39:32.328+0000] {python.py:237} INFO - Done. Returned value was: None
[2026-02-09T10:39:32.329+0000] {taskinstance.py:441} INFO - ::group::Post task execution logs
[2026-02-09T10:39:32.337+0000] {taskinstance.py:1206} INFO - Marking task as SUCCESS. dag_id=stock_raw_aapl, task_id=download_and_load_raw, run_id=scheduled__2025-08-03T00:00:00+00:00, execution_date=20250803T000000, start_date=20260209T103931, end_date=20260209T103932
[2026-02-09T10:39:32.366+0000] {local_task_job_runner.py:243} INFO - Task exited with return code 0
[2026-02-09T10:39:32.382+0000] {taskinstance.py:3503} INFO - 0 downstream tasks scheduled from follow-on schedule check
[2026-02-09T10:39:32.384+0000] {local_task_job_runner.py:222} INFO - ::endgroup::
[2026-02-09T12:41:24.075+0000] {local_task_job_runner.py:120} INFO - ::group::Pre task execution logs
[2026-02-09T12:41:24.106+0000] {taskinstance.py:2076} INFO - Dependencies all met for dep_context=non-requeueable deps ti=<TaskInstance: stock_raw_aapl.download_and_load_raw scheduled__2025-08-03T00:00:00+00:00 [queued]>
[2026-02-09T12:41:24.114+0000] {taskinstance.py:2076} INFO - Dependencies all met for dep_context=requeueable deps ti=<TaskInstance: stock_raw_aapl.download_and_load_raw scheduled__2025-08-03T00:00:00+00:00 [queued]>
[2026-02-09T12:41:24.115+0000] {taskinstance.py:2306} INFO - Starting attempt 1 of 1
[2026-02-09T12:41:24.129+0000] {taskinstance.py:2330} INFO - Executing <Task(PythonOperator): download_and_load_raw> on 2025-08-03 00:00:00+00:00
[2026-02-09T12:41:24.142+0000] {logging_mixin.py:188} WARNING - /home/***/.local/lib/python3.12/site-packages/***/task/task_runner/standard_task_runner.py:62 DeprecationWarning: This process (pid=18203) is multi-threaded, use of fork() may lead to deadlocks in the child.
[2026-02-09T12:41:24.144+0000] {standard_task_runner.py:64} INFO - Started process 18205 to run task
[2026-02-09T12:41:24.143+0000] {standard_task_runner.py:90} INFO - Running: ['***', 'tasks', 'run', 'stock_raw_aapl', 'download_and_load_raw', 'scheduled__2025-08-03T00:00:00+00:00', '--job-id', '7772', '--raw', '--subdir', 'DAGS_FOLDER/stocks_dwh/raw/stocks_raw_dags.py', '--cfg-path', '/tmp/tmp317b971m']
[2026-02-09T12:41:24.145+0000] {standard_task_runner.py:91} INFO - Job 7772: Subtask download_and_load_raw
[2026-02-09T12:41:24.212+0000] {task_command.py:426} INFO - Running <TaskInstance: stock_raw_aapl.download_and_load_raw scheduled__2025-08-03T00:00:00+00:00 [running]> on host 4886d37bc122
[2026-02-09T12:41:24.318+0000] {taskinstance.py:2648} INFO - Exporting env vars: AIRFLOW_CTX_DAG_OWNER='***' AIRFLOW_CTX_DAG_ID='stock_raw_aapl' AIRFLOW_CTX_TASK_ID='download_and_load_raw' AIRFLOW_CTX_EXECUTION_DATE='2025-08-03T00:00:00+00:00' AIRFLOW_CTX_TRY_NUMBER='1' AIRFLOW_CTX_DAG_RUN_ID='scheduled__2025-08-03T00:00:00+00:00'
[2026-02-09T12:41:24.319+0000] {taskinstance.py:430} INFO - ::endgroup::
[2026-02-09T12:41:24.332+0000] {stocks_raw_dags.py:37} INFO - 2025-08-03 00:00:00+00:00, 2025-08-04 00:00:00+00:00
[2026-02-09T12:41:24.333+0000] {logging_mixin.py:188} INFO - [RAW] Download AAPL [1d] 2025-08-02..2025-08-04
[2026-02-09T12:41:24.335+0000] {logging_mixin.py:188} WARNING - /opt/***/dags/stocks_dwh/raw/stocks_raw_dags.py:42 FutureWarning: YF.download() has changed argument auto_adjust default to True
[2026-02-09T12:41:24.350+0000] {logging_mixin.py:188} WARNING - /home/***/.local/lib/python3.12/site-packages/yfinance/scrapers/history.py:204 Pandas4Warning: Timestamp.utcnow is deprecated and will be removed in a future version. Use Timestamp.now('UTC') instead.
[2026-02-09T12:41:24.845+0000] {logging_mixin.py:188} WARNING - [*********************100%***********************]  1 of 1 completed
[2026-02-09T12:41:24.846+0000] {multi.py:185} ERROR - 
1 Failed download:
[2026-02-09T12:41:24.848+0000] {multi.py:198} ERROR - ['AAPL']: YFPricesMissingError('possibly delisted; no price data found  (1d 2025-08-02 -> 2025-08-04)')
[2026-02-09T12:41:24.861+0000] {logging_mixin.py:188} INFO - [RAW] No data from yfinance
[2026-02-09T12:41:24.862+0000] {python.py:237} INFO - Done. Returned value was: None
[2026-02-09T12:41:24.862+0000] {taskinstance.py:441} INFO - ::group::Post task execution logs
[2026-02-09T12:41:24.872+0000] {taskinstance.py:1206} INFO - Marking task as SUCCESS. dag_id=stock_raw_aapl, task_id=download_and_load_raw, run_id=scheduled__2025-08-03T00:00:00+00:00, execution_date=20250803T000000, start_date=20260209T124124, end_date=20260209T124124
[2026-02-09T12:41:24.920+0000] {local_task_job_runner.py:243} INFO - Task exited with return code 0
[2026-02-09T12:41:24.937+0000] {taskinstance.py:3503} INFO - 0 downstream tasks scheduled from follow-on schedule check
[2026-02-09T12:41:24.941+0000] {local_task_job_runner.py:222} INFO - ::endgroup::
