[2026-02-09T10:34:58.378+0000] {local_task_job_runner.py:120} INFO - ::group::Pre task execution logs
[2026-02-09T10:34:58.409+0000] {taskinstance.py:2076} INFO - Dependencies all met for dep_context=non-requeueable deps ti=<TaskInstance: stock_raw_aapl.download_and_load_raw scheduled__2025-05-11T00:00:00+00:00 [queued]>
[2026-02-09T10:34:58.418+0000] {taskinstance.py:2076} INFO - Dependencies all met for dep_context=requeueable deps ti=<TaskInstance: stock_raw_aapl.download_and_load_raw scheduled__2025-05-11T00:00:00+00:00 [queued]>
[2026-02-09T10:34:58.421+0000] {taskinstance.py:2306} INFO - Starting attempt 1 of 1
[2026-02-09T10:34:58.435+0000] {taskinstance.py:2330} INFO - Executing <Task(PythonOperator): download_and_load_raw> on 2025-05-11 00:00:00+00:00
[2026-02-09T10:34:58.453+0000] {logging_mixin.py:188} WARNING - /home/***/.local/lib/python3.12/site-packages/***/task/task_runner/standard_task_runner.py:62 DeprecationWarning: This process (pid=5231) is multi-threaded, use of fork() may lead to deadlocks in the child.
[2026-02-09T10:34:58.455+0000] {standard_task_runner.py:64} INFO - Started process 5242 to run task
[2026-02-09T10:34:58.453+0000] {standard_task_runner.py:90} INFO - Running: ['***', 'tasks', 'run', 'stock_raw_aapl', 'download_and_load_raw', 'scheduled__2025-05-11T00:00:00+00:00', '--job-id', '5290', '--raw', '--subdir', 'DAGS_FOLDER/stocks_dwh/raw/stocks_raw_dags.py', '--cfg-path', '/tmp/tmp8o2bslsk']
[2026-02-09T10:34:58.455+0000] {standard_task_runner.py:91} INFO - Job 5290: Subtask download_and_load_raw
[2026-02-09T10:34:58.524+0000] {task_command.py:426} INFO - Running <TaskInstance: stock_raw_aapl.download_and_load_raw scheduled__2025-05-11T00:00:00+00:00 [running]> on host 4886d37bc122
[2026-02-09T10:34:58.631+0000] {taskinstance.py:2648} INFO - Exporting env vars: AIRFLOW_CTX_DAG_OWNER='***' AIRFLOW_CTX_DAG_ID='stock_raw_aapl' AIRFLOW_CTX_TASK_ID='download_and_load_raw' AIRFLOW_CTX_EXECUTION_DATE='2025-05-11T00:00:00+00:00' AIRFLOW_CTX_TRY_NUMBER='1' AIRFLOW_CTX_DAG_RUN_ID='scheduled__2025-05-11T00:00:00+00:00'
[2026-02-09T10:34:58.633+0000] {taskinstance.py:430} INFO - ::endgroup::
[2026-02-09T10:34:58.644+0000] {logging_mixin.py:188} INFO - [RAW] Download AAPL [1d] 2025-05-11..2025-05-12
[2026-02-09T10:34:58.646+0000] {logging_mixin.py:188} WARNING - /opt/***/dags/stocks_dwh/raw/stocks_raw_dags.py:38 FutureWarning: YF.download() has changed argument auto_adjust default to True
[2026-02-09T10:34:58.654+0000] {logging_mixin.py:188} WARNING - /home/***/.local/lib/python3.12/site-packages/yfinance/scrapers/history.py:204 Pandas4Warning: Timestamp.utcnow is deprecated and will be removed in a future version. Use Timestamp.now('UTC') instead.
[2026-02-09T10:34:59.154+0000] {multi.py:185} ERROR - 
1 Failed download:
[2026-02-09T10:34:59.154+0000] {multi.py:198} ERROR - ['AAPL']: YFPricesMissingError('possibly delisted; no price data found  (1d 2025-05-11 -> 2025-05-12)')
[2026-02-09T10:34:59.169+0000] {logging_mixin.py:188} INFO - [RAW] No data from yfinance
[2026-02-09T10:34:59.169+0000] {python.py:237} INFO - Done. Returned value was: None
[2026-02-09T10:34:59.170+0000] {taskinstance.py:441} INFO - ::group::Post task execution logs
[2026-02-09T10:34:59.180+0000] {taskinstance.py:1206} INFO - Marking task as SUCCESS. dag_id=stock_raw_aapl, task_id=download_and_load_raw, run_id=scheduled__2025-05-11T00:00:00+00:00, execution_date=20250511T000000, start_date=20260209T103458, end_date=20260209T103459
[2026-02-09T10:34:59.230+0000] {local_task_job_runner.py:243} INFO - Task exited with return code 0
[2026-02-09T10:34:59.246+0000] {taskinstance.py:3503} INFO - 0 downstream tasks scheduled from follow-on schedule check
[2026-02-09T10:34:59.248+0000] {local_task_job_runner.py:222} INFO - ::endgroup::
[2026-02-09T12:37:03.515+0000] {local_task_job_runner.py:120} INFO - ::group::Pre task execution logs
[2026-02-09T12:37:03.543+0000] {taskinstance.py:2076} INFO - Dependencies all met for dep_context=non-requeueable deps ti=<TaskInstance: stock_raw_aapl.download_and_load_raw scheduled__2025-05-11T00:00:00+00:00 [queued]>
[2026-02-09T12:37:03.550+0000] {taskinstance.py:2076} INFO - Dependencies all met for dep_context=requeueable deps ti=<TaskInstance: stock_raw_aapl.download_and_load_raw scheduled__2025-05-11T00:00:00+00:00 [queued]>
[2026-02-09T12:37:03.551+0000] {taskinstance.py:2306} INFO - Starting attempt 1 of 1
[2026-02-09T12:37:03.564+0000] {taskinstance.py:2330} INFO - Executing <Task(PythonOperator): download_and_load_raw> on 2025-05-11 00:00:00+00:00
[2026-02-09T12:37:03.576+0000] {logging_mixin.py:188} WARNING - /home/***/.local/lib/python3.12/site-packages/***/task/task_runner/standard_task_runner.py:62 DeprecationWarning: This process (pid=17759) is multi-threaded, use of fork() may lead to deadlocks in the child.
[2026-02-09T12:37:03.577+0000] {standard_task_runner.py:64} INFO - Started process 17761 to run task
[2026-02-09T12:37:03.576+0000] {standard_task_runner.py:90} INFO - Running: ['***', 'tasks', 'run', 'stock_raw_aapl', 'download_and_load_raw', 'scheduled__2025-05-11T00:00:00+00:00', '--job-id', '7688', '--raw', '--subdir', 'DAGS_FOLDER/stocks_dwh/raw/stocks_raw_dags.py', '--cfg-path', '/tmp/tmpe1qv61y1']
[2026-02-09T12:37:03.578+0000] {standard_task_runner.py:91} INFO - Job 7688: Subtask download_and_load_raw
[2026-02-09T12:37:03.639+0000] {task_command.py:426} INFO - Running <TaskInstance: stock_raw_aapl.download_and_load_raw scheduled__2025-05-11T00:00:00+00:00 [running]> on host 4886d37bc122
[2026-02-09T12:37:03.735+0000] {taskinstance.py:2648} INFO - Exporting env vars: AIRFLOW_CTX_DAG_OWNER='***' AIRFLOW_CTX_DAG_ID='stock_raw_aapl' AIRFLOW_CTX_TASK_ID='download_and_load_raw' AIRFLOW_CTX_EXECUTION_DATE='2025-05-11T00:00:00+00:00' AIRFLOW_CTX_TRY_NUMBER='1' AIRFLOW_CTX_DAG_RUN_ID='scheduled__2025-05-11T00:00:00+00:00'
[2026-02-09T12:37:03.736+0000] {taskinstance.py:430} INFO - ::endgroup::
[2026-02-09T12:37:03.746+0000] {stocks_raw_dags.py:37} INFO - 2025-05-11 00:00:00+00:00, 2025-05-12 00:00:00+00:00
[2026-02-09T12:37:03.747+0000] {logging_mixin.py:188} INFO - [RAW] Download AAPL [1d] 2025-05-10..2025-05-12
[2026-02-09T12:37:03.749+0000] {logging_mixin.py:188} WARNING - /opt/***/dags/stocks_dwh/raw/stocks_raw_dags.py:42 FutureWarning: YF.download() has changed argument auto_adjust default to True
[2026-02-09T12:37:03.757+0000] {logging_mixin.py:188} WARNING - /home/***/.local/lib/python3.12/site-packages/yfinance/scrapers/history.py:204 Pandas4Warning: Timestamp.utcnow is deprecated and will be removed in a future version. Use Timestamp.now('UTC') instead.
[2026-02-09T12:37:04.258+0000] {logging_mixin.py:188} WARNING - [*********************100%***********************]  1 of 1 completed
[2026-02-09T12:37:04.259+0000] {multi.py:185} ERROR - 
1 Failed download:
[2026-02-09T12:37:04.259+0000] {multi.py:198} ERROR - ['AAPL']: YFPricesMissingError('possibly delisted; no price data found  (1d 2025-05-10 -> 2025-05-12)')
[2026-02-09T12:37:04.273+0000] {logging_mixin.py:188} INFO - [RAW] No data from yfinance
[2026-02-09T12:37:04.273+0000] {python.py:237} INFO - Done. Returned value was: None
[2026-02-09T12:37:04.274+0000] {taskinstance.py:441} INFO - ::group::Post task execution logs
[2026-02-09T12:37:04.283+0000] {taskinstance.py:1206} INFO - Marking task as SUCCESS. dag_id=stock_raw_aapl, task_id=download_and_load_raw, run_id=scheduled__2025-05-11T00:00:00+00:00, execution_date=20250511T000000, start_date=20260209T123703, end_date=20260209T123704
[2026-02-09T12:37:04.313+0000] {local_task_job_runner.py:243} INFO - Task exited with return code 0
[2026-02-09T12:37:04.331+0000] {taskinstance.py:3503} INFO - 0 downstream tasks scheduled from follow-on schedule check
[2026-02-09T12:37:04.335+0000] {local_task_job_runner.py:222} INFO - ::endgroup::
