[2026-02-09T10:43:06.231+0000] {local_task_job_runner.py:120} INFO - ::group::Pre task execution logs
[2026-02-09T10:43:06.272+0000] {taskinstance.py:2076} INFO - Dependencies all met for dep_context=non-requeueable deps ti=<TaskInstance: stock_raw_aapl.download_and_load_raw scheduled__2025-10-05T00:00:00+00:00 [queued]>
[2026-02-09T10:43:06.280+0000] {taskinstance.py:2076} INFO - Dependencies all met for dep_context=requeueable deps ti=<TaskInstance: stock_raw_aapl.download_and_load_raw scheduled__2025-10-05T00:00:00+00:00 [queued]>
[2026-02-09T10:43:06.282+0000] {taskinstance.py:2306} INFO - Starting attempt 1 of 1
[2026-02-09T10:43:06.294+0000] {taskinstance.py:2330} INFO - Executing <Task(PythonOperator): download_and_load_raw> on 2025-10-05 00:00:00+00:00
[2026-02-09T10:43:06.307+0000] {logging_mixin.py:188} WARNING - /home/***/.local/lib/python3.12/site-packages/***/task/task_runner/standard_task_runner.py:62 DeprecationWarning: This process (pid=8306) is multi-threaded, use of fork() may lead to deadlocks in the child.
[2026-02-09T10:43:06.308+0000] {standard_task_runner.py:64} INFO - Started process 8318 to run task
[2026-02-09T10:43:06.307+0000] {standard_task_runner.py:90} INFO - Running: ['***', 'tasks', 'run', 'stock_raw_aapl', 'download_and_load_raw', 'scheduled__2025-10-05T00:00:00+00:00', '--job-id', '6011', '--raw', '--subdir', 'DAGS_FOLDER/stocks_dwh/raw/stocks_raw_dags.py', '--cfg-path', '/tmp/tmp4u3siwkz']
[2026-02-09T10:43:06.309+0000] {standard_task_runner.py:91} INFO - Job 6011: Subtask download_and_load_raw
[2026-02-09T10:43:06.379+0000] {task_command.py:426} INFO - Running <TaskInstance: stock_raw_aapl.download_and_load_raw scheduled__2025-10-05T00:00:00+00:00 [running]> on host 4886d37bc122
[2026-02-09T10:43:06.471+0000] {taskinstance.py:2648} INFO - Exporting env vars: AIRFLOW_CTX_DAG_OWNER='***' AIRFLOW_CTX_DAG_ID='stock_raw_aapl' AIRFLOW_CTX_TASK_ID='download_and_load_raw' AIRFLOW_CTX_EXECUTION_DATE='2025-10-05T00:00:00+00:00' AIRFLOW_CTX_TRY_NUMBER='1' AIRFLOW_CTX_DAG_RUN_ID='scheduled__2025-10-05T00:00:00+00:00'
[2026-02-09T10:43:06.472+0000] {taskinstance.py:430} INFO - ::endgroup::
[2026-02-09T10:43:06.485+0000] {logging_mixin.py:188} INFO - [RAW] Download AAPL [1d] 2025-10-05..2025-10-06
[2026-02-09T10:43:06.487+0000] {logging_mixin.py:188} WARNING - /opt/***/dags/stocks_dwh/raw/stocks_raw_dags.py:38 FutureWarning: YF.download() has changed argument auto_adjust default to True
[2026-02-09T10:43:06.495+0000] {logging_mixin.py:188} WARNING - /home/***/.local/lib/python3.12/site-packages/yfinance/scrapers/history.py:204 Pandas4Warning: Timestamp.utcnow is deprecated and will be removed in a future version. Use Timestamp.now('UTC') instead.
[2026-02-09T10:43:06.995+0000] {multi.py:185} ERROR - 
1 Failed download:
[2026-02-09T10:43:06.996+0000] {multi.py:198} ERROR - ['AAPL']: YFPricesMissingError('possibly delisted; no price data found  (1d 2025-10-05 -> 2025-10-06)')
[2026-02-09T10:43:07.008+0000] {logging_mixin.py:188} INFO - [RAW] No data from yfinance
[2026-02-09T10:43:07.008+0000] {python.py:237} INFO - Done. Returned value was: None
[2026-02-09T10:43:07.009+0000] {taskinstance.py:441} INFO - ::group::Post task execution logs
[2026-02-09T10:43:07.017+0000] {taskinstance.py:1206} INFO - Marking task as SUCCESS. dag_id=stock_raw_aapl, task_id=download_and_load_raw, run_id=scheduled__2025-10-05T00:00:00+00:00, execution_date=20251005T000000, start_date=20260209T104306, end_date=20260209T104307
[2026-02-09T10:43:07.084+0000] {local_task_job_runner.py:243} INFO - Task exited with return code 0
[2026-02-09T10:43:07.094+0000] {local_task_job_runner.py:222} INFO - ::endgroup::
[2026-02-09T12:44:38.618+0000] {local_task_job_runner.py:120} INFO - ::group::Pre task execution logs
[2026-02-09T12:44:38.651+0000] {taskinstance.py:2076} INFO - Dependencies all met for dep_context=non-requeueable deps ti=<TaskInstance: stock_raw_aapl.download_and_load_raw scheduled__2025-10-05T00:00:00+00:00 [queued]>
[2026-02-09T12:44:38.660+0000] {taskinstance.py:2076} INFO - Dependencies all met for dep_context=requeueable deps ti=<TaskInstance: stock_raw_aapl.download_and_load_raw scheduled__2025-10-05T00:00:00+00:00 [queued]>
[2026-02-09T12:44:38.660+0000] {taskinstance.py:2306} INFO - Starting attempt 1 of 1
[2026-02-09T12:44:38.676+0000] {taskinstance.py:2330} INFO - Executing <Task(PythonOperator): download_and_load_raw> on 2025-10-05 00:00:00+00:00
[2026-02-09T12:44:38.688+0000] {logging_mixin.py:188} WARNING - /home/***/.local/lib/python3.12/site-packages/***/task/task_runner/standard_task_runner.py:62 DeprecationWarning: This process (pid=18527) is multi-threaded, use of fork() may lead to deadlocks in the child.
[2026-02-09T12:44:38.689+0000] {standard_task_runner.py:64} INFO - Started process 18529 to run task
[2026-02-09T12:44:38.688+0000] {standard_task_runner.py:90} INFO - Running: ['***', 'tasks', 'run', 'stock_raw_aapl', 'download_and_load_raw', 'scheduled__2025-10-05T00:00:00+00:00', '--job-id', '7835', '--raw', '--subdir', 'DAGS_FOLDER/stocks_dwh/raw/stocks_raw_dags.py', '--cfg-path', '/tmp/tmp2j8hf00l']
[2026-02-09T12:44:38.690+0000] {standard_task_runner.py:91} INFO - Job 7835: Subtask download_and_load_raw
[2026-02-09T12:44:38.755+0000] {task_command.py:426} INFO - Running <TaskInstance: stock_raw_aapl.download_and_load_raw scheduled__2025-10-05T00:00:00+00:00 [running]> on host 4886d37bc122
[2026-02-09T12:44:38.856+0000] {taskinstance.py:2648} INFO - Exporting env vars: AIRFLOW_CTX_DAG_OWNER='***' AIRFLOW_CTX_DAG_ID='stock_raw_aapl' AIRFLOW_CTX_TASK_ID='download_and_load_raw' AIRFLOW_CTX_EXECUTION_DATE='2025-10-05T00:00:00+00:00' AIRFLOW_CTX_TRY_NUMBER='1' AIRFLOW_CTX_DAG_RUN_ID='scheduled__2025-10-05T00:00:00+00:00'
[2026-02-09T12:44:38.858+0000] {taskinstance.py:430} INFO - ::endgroup::
[2026-02-09T12:44:38.869+0000] {stocks_raw_dags.py:37} INFO - 2025-10-05 00:00:00+00:00, 2025-10-06 00:00:00+00:00
[2026-02-09T12:44:38.870+0000] {logging_mixin.py:188} INFO - [RAW] Download AAPL [1d] 2025-10-04..2025-10-06
[2026-02-09T12:44:38.872+0000] {logging_mixin.py:188} WARNING - /opt/***/dags/stocks_dwh/raw/stocks_raw_dags.py:42 FutureWarning: YF.download() has changed argument auto_adjust default to True
[2026-02-09T12:44:38.880+0000] {logging_mixin.py:188} WARNING - /home/***/.local/lib/python3.12/site-packages/yfinance/scrapers/history.py:204 Pandas4Warning: Timestamp.utcnow is deprecated and will be removed in a future version. Use Timestamp.now('UTC') instead.
[2026-02-09T12:44:39.391+0000] {logging_mixin.py:188} WARNING - [*********************100%***********************]  1 of 1 completed
[2026-02-09T12:44:39.392+0000] {multi.py:185} ERROR - 
1 Failed download:
[2026-02-09T12:44:39.393+0000] {multi.py:198} ERROR - ['AAPL']: YFPricesMissingError('possibly delisted; no price data found  (1d 2025-10-04 -> 2025-10-06)')
[2026-02-09T12:44:39.406+0000] {logging_mixin.py:188} INFO - [RAW] No data from yfinance
[2026-02-09T12:44:39.407+0000] {python.py:237} INFO - Done. Returned value was: None
[2026-02-09T12:44:39.407+0000] {taskinstance.py:441} INFO - ::group::Post task execution logs
[2026-02-09T12:44:39.418+0000] {taskinstance.py:1206} INFO - Marking task as SUCCESS. dag_id=stock_raw_aapl, task_id=download_and_load_raw, run_id=scheduled__2025-10-05T00:00:00+00:00, execution_date=20251005T000000, start_date=20260209T124438, end_date=20260209T124439
[2026-02-09T12:44:39.466+0000] {local_task_job_runner.py:243} INFO - Task exited with return code 0
[2026-02-09T12:44:39.484+0000] {taskinstance.py:3503} INFO - 0 downstream tasks scheduled from follow-on schedule check
[2026-02-09T12:44:39.487+0000] {local_task_job_runner.py:222} INFO - ::endgroup::
