[2026-02-09T10:14:27.162+0000] {local_task_job_runner.py:120} INFO - ::group::Pre task execution logs
[2026-02-09T10:14:27.193+0000] {taskinstance.py:2076} INFO - Dependencies all met for dep_context=non-requeueable deps ti=<TaskInstance: stock_raw_aapl.download_and_load_raw scheduled__2024-06-03T00:00:00+00:00 [queued]>
[2026-02-09T10:14:27.201+0000] {taskinstance.py:2076} INFO - Dependencies all met for dep_context=requeueable deps ti=<TaskInstance: stock_raw_aapl.download_and_load_raw scheduled__2024-06-03T00:00:00+00:00 [queued]>
[2026-02-09T10:14:27.202+0000] {taskinstance.py:2306} INFO - Starting attempt 1 of 1
[2026-02-09T10:14:27.213+0000] {taskinstance.py:2330} INFO - Executing <Task(PythonOperator): download_and_load_raw> on 2024-06-03 00:00:00+00:00
[2026-02-09T10:14:27.227+0000] {logging_mixin.py:188} WARNING - /home/***/.local/lib/python3.12/site-packages/***/task/task_runner/standard_task_runner.py:62 DeprecationWarning: This process (pid=4230) is multi-threaded, use of fork() may lead to deadlocks in the child.
[2026-02-09T10:14:27.229+0000] {standard_task_runner.py:64} INFO - Started process 4243 to run task
[2026-02-09T10:14:27.227+0000] {standard_task_runner.py:90} INFO - Running: ['***', 'tasks', 'run', 'stock_raw_aapl', 'download_and_load_raw', 'scheduled__2024-06-03T00:00:00+00:00', '--job-id', '3592', '--raw', '--subdir', 'DAGS_FOLDER/stocks_dwh/raw/stocks_raw_dags.py', '--cfg-path', '/tmp/tmpujsemcsc']
[2026-02-09T10:14:27.230+0000] {standard_task_runner.py:91} INFO - Job 3592: Subtask download_and_load_raw
[2026-02-09T10:14:27.298+0000] {task_command.py:426} INFO - Running <TaskInstance: stock_raw_aapl.download_and_load_raw scheduled__2024-06-03T00:00:00+00:00 [running]> on host b6b9e92e7d61
[2026-02-09T10:14:27.391+0000] {taskinstance.py:2648} INFO - Exporting env vars: AIRFLOW_CTX_DAG_OWNER='***' AIRFLOW_CTX_DAG_ID='stock_raw_aapl' AIRFLOW_CTX_TASK_ID='download_and_load_raw' AIRFLOW_CTX_EXECUTION_DATE='2024-06-03T00:00:00+00:00' AIRFLOW_CTX_TRY_NUMBER='1' AIRFLOW_CTX_DAG_RUN_ID='scheduled__2024-06-03T00:00:00+00:00'
[2026-02-09T10:14:27.393+0000] {taskinstance.py:430} INFO - ::endgroup::
[2026-02-09T10:14:27.404+0000] {logging_mixin.py:188} INFO - [RAW] Download AAPL [1d] 2024-06-03..2024-06-04
[2026-02-09T10:14:27.412+0000] {logging_mixin.py:188} WARNING - /opt/***/dags/stocks_dwh/raw/stocks_raw_dags.py:38 FutureWarning: YF.download() has changed argument auto_adjust default to True
[2026-02-09T10:14:27.420+0000] {logging_mixin.py:188} WARNING - /home/***/.local/lib/python3.12/site-packages/yfinance/scrapers/history.py:204 Pandas4Warning: Timestamp.utcnow is deprecated and will be removed in a future version. Use Timestamp.now('UTC') instead.
[2026-02-09T10:14:28.176+0000] {taskinstance.py:441} INFO - ::group::Post task execution logs
[2026-02-09T10:14:28.177+0000] {taskinstance.py:2905} ERROR - Task failed with exception
Traceback (most recent call last):
  File "/home/airflow/.local/lib/python3.12/site-packages/airflow/models/taskinstance.py", line 465, in _execute_task
    result = _execute_callable(context=context, **execute_callable_kwargs)
             ^^^^^^^^^^^^^^^^^^^^^^^^^^^^^^^^^^^^^^^^^^^^^^^^^^^^^^^^^^^^^
  File "/home/airflow/.local/lib/python3.12/site-packages/airflow/models/taskinstance.py", line 432, in _execute_callable
    return execute_callable(context=context, **execute_callable_kwargs)
           ^^^^^^^^^^^^^^^^^^^^^^^^^^^^^^^^^^^^^^^^^^^^^^^^^^^^^^^^^^^^
  File "/home/airflow/.local/lib/python3.12/site-packages/airflow/models/baseoperator.py", line 401, in wrapper
    return func(self, *args, **kwargs)
           ^^^^^^^^^^^^^^^^^^^^^^^^^^^
  File "/home/airflow/.local/lib/python3.12/site-packages/airflow/operators/python.py", line 235, in execute
    return_value = self.execute_callable()
                   ^^^^^^^^^^^^^^^^^^^^^^^
  File "/home/airflow/.local/lib/python3.12/site-packages/airflow/operators/python.py", line 252, in execute_callable
    return self.python_callable(*self.op_args, **self.op_kwargs)
           ^^^^^^^^^^^^^^^^^^^^^^^^^^^^^^^^^^^^^^^^^^^^^^^^^^^^^
  File "/opt/airflow/dags/stocks_dwh/raw/stocks_raw_dags.py", line 86, in download_and_load_raw
    df["volume"] = pd.to_numeric(df["volume"], errors="coerce").fillna(0).astype("int64")
                   ^^^^^^^^^^^^^^^^^^^^^^^^^^^^^^^^^^^^^^^^^^^^
  File "/home/airflow/.local/lib/python3.12/site-packages/pandas/core/tools/numeric.py", line 212, in to_numeric
    raise TypeError("arg must be a list, tuple, 1-d array, or Series")
TypeError: arg must be a list, tuple, 1-d array, or Series
[2026-02-09T10:14:28.192+0000] {taskinstance.py:1206} INFO - Marking task as FAILED. dag_id=stock_raw_aapl, task_id=download_and_load_raw, run_id=scheduled__2024-06-03T00:00:00+00:00, execution_date=20240603T000000, start_date=20260209T101427, end_date=20260209T101428
[2026-02-09T10:14:28.202+0000] {standard_task_runner.py:110} ERROR - Failed to execute job 3592 for task download_and_load_raw (arg must be a list, tuple, 1-d array, or Series; 4243)
[2026-02-09T10:14:28.245+0000] {local_task_job_runner.py:243} INFO - Task exited with return code 1
[2026-02-09T10:14:28.262+0000] {taskinstance.py:3503} INFO - 0 downstream tasks scheduled from follow-on schedule check
[2026-02-09T10:14:28.265+0000] {local_task_job_runner.py:222} INFO - ::endgroup::
[2026-02-09T12:18:12.426+0000] {local_task_job_runner.py:120} INFO - ::group::Pre task execution logs
[2026-02-09T12:18:12.455+0000] {taskinstance.py:2076} INFO - Dependencies all met for dep_context=non-requeueable deps ti=<TaskInstance: stock_raw_aapl.download_and_load_raw scheduled__2024-06-03T00:00:00+00:00 [queued]>
[2026-02-09T12:18:12.463+0000] {taskinstance.py:2076} INFO - Dependencies all met for dep_context=requeueable deps ti=<TaskInstance: stock_raw_aapl.download_and_load_raw scheduled__2024-06-03T00:00:00+00:00 [queued]>
[2026-02-09T12:18:12.463+0000] {taskinstance.py:2306} INFO - Starting attempt 1 of 1
[2026-02-09T12:18:12.476+0000] {taskinstance.py:2330} INFO - Executing <Task(PythonOperator): download_and_load_raw> on 2024-06-03 00:00:00+00:00
[2026-02-09T12:18:12.489+0000] {logging_mixin.py:188} WARNING - /home/***/.local/lib/python3.12/site-packages/***/task/task_runner/standard_task_runner.py:62 DeprecationWarning: This process (pid=14808) is multi-threaded, use of fork() may lead to deadlocks in the child.
[2026-02-09T12:18:12.490+0000] {standard_task_runner.py:90} INFO - Running: ['***', 'tasks', 'run', 'stock_raw_aapl', 'download_and_load_raw', 'scheduled__2024-06-03T00:00:00+00:00', '--job-id', '7061', '--raw', '--subdir', 'DAGS_FOLDER/stocks_dwh/raw/stocks_raw_dags.py', '--cfg-path', '/tmp/tmp411smvv2']
[2026-02-09T12:18:12.492+0000] {standard_task_runner.py:64} INFO - Started process 14812 to run task
[2026-02-09T12:18:12.492+0000] {standard_task_runner.py:91} INFO - Job 7061: Subtask download_and_load_raw
[2026-02-09T12:18:12.558+0000] {task_command.py:426} INFO - Running <TaskInstance: stock_raw_aapl.download_and_load_raw scheduled__2024-06-03T00:00:00+00:00 [running]> on host 4886d37bc122
[2026-02-09T12:18:12.654+0000] {taskinstance.py:2648} INFO - Exporting env vars: AIRFLOW_CTX_DAG_OWNER='***' AIRFLOW_CTX_DAG_ID='stock_raw_aapl' AIRFLOW_CTX_TASK_ID='download_and_load_raw' AIRFLOW_CTX_EXECUTION_DATE='2024-06-03T00:00:00+00:00' AIRFLOW_CTX_TRY_NUMBER='1' AIRFLOW_CTX_DAG_RUN_ID='scheduled__2024-06-03T00:00:00+00:00'
[2026-02-09T12:18:12.657+0000] {taskinstance.py:430} INFO - ::endgroup::
[2026-02-09T12:18:12.672+0000] {stocks_raw_dags.py:37} INFO - 2024-06-03 00:00:00+00:00, 2024-06-04 00:00:00+00:00
[2026-02-09T12:18:12.673+0000] {logging_mixin.py:188} INFO - [RAW] Download AAPL [1d] 2024-06-02..2024-06-04
[2026-02-09T12:18:12.675+0000] {logging_mixin.py:188} WARNING - /opt/***/dags/stocks_dwh/raw/stocks_raw_dags.py:42 FutureWarning: YF.download() has changed argument auto_adjust default to True
[2026-02-09T12:18:12.684+0000] {logging_mixin.py:188} WARNING - /home/***/.local/lib/python3.12/site-packages/yfinance/scrapers/history.py:204 Pandas4Warning: Timestamp.utcnow is deprecated and will be removed in a future version. Use Timestamp.now('UTC') instead.
[2026-02-09T12:18:13.217+0000] {logging_mixin.py:188} WARNING - [*********************100%***********************]  1 of 1 completed
[2026-02-09T12:18:13.251+0000] {base.py:84} INFO - Using connection ID 'dwh_clickhouse' for task execution.
[2026-02-09T12:18:13.275+0000] {logging_mixin.py:188} INFO - [RAW] Deleted existing rows for AAPL in 2024-06-02..2024-06-04
[2026-02-09T12:18:13.286+0000] {logging_mixin.py:188} INFO - [RAW] Inserted 1 rows into dwh.raw_stock_prices
[2026-02-09T12:18:13.287+0000] {python.py:237} INFO - Done. Returned value was: None
[2026-02-09T12:18:13.288+0000] {taskinstance.py:441} INFO - ::group::Post task execution logs
[2026-02-09T12:18:13.300+0000] {taskinstance.py:1206} INFO - Marking task as SUCCESS. dag_id=stock_raw_aapl, task_id=download_and_load_raw, run_id=scheduled__2024-06-03T00:00:00+00:00, execution_date=20240603T000000, start_date=20260209T121812, end_date=20260209T121813
[2026-02-09T12:18:13.348+0000] {local_task_job_runner.py:243} INFO - Task exited with return code 0
[2026-02-09T12:18:13.370+0000] {taskinstance.py:3503} INFO - 0 downstream tasks scheduled from follow-on schedule check
[2026-02-09T12:18:13.372+0000] {local_task_job_runner.py:222} INFO - ::endgroup::
