[2026-02-09T10:10:56.717+0000] {local_task_job_runner.py:120} INFO - ::group::Pre task execution logs
[2026-02-09T10:10:56.747+0000] {taskinstance.py:2076} INFO - Dependencies all met for dep_context=non-requeueable deps ti=<TaskInstance: stock_raw_aapl.download_and_load_raw scheduled__2024-03-31T00:00:00+00:00 [queued]>
[2026-02-09T10:10:56.755+0000] {taskinstance.py:2076} INFO - Dependencies all met for dep_context=requeueable deps ti=<TaskInstance: stock_raw_aapl.download_and_load_raw scheduled__2024-03-31T00:00:00+00:00 [queued]>
[2026-02-09T10:10:56.756+0000] {taskinstance.py:2306} INFO - Starting attempt 1 of 1
[2026-02-09T10:10:56.766+0000] {taskinstance.py:2330} INFO - Executing <Task(PythonOperator): download_and_load_raw> on 2024-03-31 00:00:00+00:00
[2026-02-09T10:10:56.779+0000] {logging_mixin.py:188} WARNING - /home/***/.local/lib/python3.12/site-packages/***/task/task_runner/standard_task_runner.py:62 DeprecationWarning: This process (pid=2889) is multi-threaded, use of fork() may lead to deadlocks in the child.
[2026-02-09T10:10:56.781+0000] {standard_task_runner.py:64} INFO - Started process 2903 to run task
[2026-02-09T10:10:56.780+0000] {standard_task_runner.py:90} INFO - Running: ['***', 'tasks', 'run', 'stock_raw_aapl', 'download_and_load_raw', 'scheduled__2024-03-31T00:00:00+00:00', '--job-id', '3276', '--raw', '--subdir', 'DAGS_FOLDER/stocks_dwh/raw/stocks_raw_dags.py', '--cfg-path', '/tmp/tmpgdjpjvpd']
[2026-02-09T10:10:56.783+0000] {standard_task_runner.py:91} INFO - Job 3276: Subtask download_and_load_raw
[2026-02-09T10:10:56.848+0000] {task_command.py:426} INFO - Running <TaskInstance: stock_raw_aapl.download_and_load_raw scheduled__2024-03-31T00:00:00+00:00 [running]> on host b6b9e92e7d61
[2026-02-09T10:10:56.949+0000] {taskinstance.py:2648} INFO - Exporting env vars: AIRFLOW_CTX_DAG_OWNER='***' AIRFLOW_CTX_DAG_ID='stock_raw_aapl' AIRFLOW_CTX_TASK_ID='download_and_load_raw' AIRFLOW_CTX_EXECUTION_DATE='2024-03-31T00:00:00+00:00' AIRFLOW_CTX_TRY_NUMBER='1' AIRFLOW_CTX_DAG_RUN_ID='scheduled__2024-03-31T00:00:00+00:00'
[2026-02-09T10:10:56.951+0000] {taskinstance.py:430} INFO - ::endgroup::
[2026-02-09T10:10:56.962+0000] {logging_mixin.py:188} INFO - [RAW] Download AAPL [1d] 2024-03-31..2024-04-01
[2026-02-09T10:10:56.964+0000] {logging_mixin.py:188} WARNING - /opt/***/dags/stocks_dwh/raw/stocks_raw_dags.py:38 FutureWarning: YF.download() has changed argument auto_adjust default to True
[2026-02-09T10:10:56.974+0000] {logging_mixin.py:188} WARNING - /home/***/.local/lib/python3.12/site-packages/yfinance/scrapers/history.py:204 Pandas4Warning: Timestamp.utcnow is deprecated and will be removed in a future version. Use Timestamp.now('UTC') instead.
[2026-02-09T10:10:57.467+0000] {multi.py:185} ERROR - 
1 Failed download:
[2026-02-09T10:10:57.469+0000] {multi.py:198} ERROR - ['AAPL']: YFPricesMissingError('possibly delisted; no price data found  (1d 2024-03-31 -> 2024-04-01)')
[2026-02-09T10:10:57.483+0000] {logging_mixin.py:188} INFO - [RAW] No data from yfinance
[2026-02-09T10:10:57.483+0000] {python.py:237} INFO - Done. Returned value was: None
[2026-02-09T10:10:57.484+0000] {taskinstance.py:441} INFO - ::group::Post task execution logs
[2026-02-09T10:10:57.493+0000] {taskinstance.py:1206} INFO - Marking task as SUCCESS. dag_id=stock_raw_aapl, task_id=download_and_load_raw, run_id=scheduled__2024-03-31T00:00:00+00:00, execution_date=20240331T000000, start_date=20260209T101056, end_date=20260209T101057
[2026-02-09T10:10:57.557+0000] {local_task_job_runner.py:243} INFO - Task exited with return code 0
[2026-02-09T10:10:57.572+0000] {taskinstance.py:3503} INFO - 0 downstream tasks scheduled from follow-on schedule check
[2026-02-09T10:10:57.574+0000] {local_task_job_runner.py:222} INFO - ::endgroup::
[2026-02-09T12:14:52.989+0000] {local_task_job_runner.py:120} INFO - ::group::Pre task execution logs
[2026-02-09T12:14:53.019+0000] {taskinstance.py:2076} INFO - Dependencies all met for dep_context=non-requeueable deps ti=<TaskInstance: stock_raw_aapl.download_and_load_raw scheduled__2024-03-31T00:00:00+00:00 [queued]>
[2026-02-09T12:14:53.026+0000] {taskinstance.py:2076} INFO - Dependencies all met for dep_context=requeueable deps ti=<TaskInstance: stock_raw_aapl.download_and_load_raw scheduled__2024-03-31T00:00:00+00:00 [queued]>
[2026-02-09T12:14:53.027+0000] {taskinstance.py:2306} INFO - Starting attempt 1 of 1
[2026-02-09T12:14:53.038+0000] {taskinstance.py:2330} INFO - Executing <Task(PythonOperator): download_and_load_raw> on 2024-03-31 00:00:00+00:00
[2026-02-09T12:14:53.051+0000] {logging_mixin.py:188} WARNING - /home/***/.local/lib/python3.12/site-packages/***/task/task_runner/standard_task_runner.py:62 DeprecationWarning: This process (pid=14208) is multi-threaded, use of fork() may lead to deadlocks in the child.
[2026-02-09T12:14:53.052+0000] {standard_task_runner.py:64} INFO - Started process 14212 to run task
[2026-02-09T12:14:53.051+0000] {standard_task_runner.py:90} INFO - Running: ['***', 'tasks', 'run', 'stock_raw_aapl', 'download_and_load_raw', 'scheduled__2024-03-31T00:00:00+00:00', '--job-id', '6932', '--raw', '--subdir', 'DAGS_FOLDER/stocks_dwh/raw/stocks_raw_dags.py', '--cfg-path', '/tmp/tmpix44izw0']
[2026-02-09T12:14:53.053+0000] {standard_task_runner.py:91} INFO - Job 6932: Subtask download_and_load_raw
[2026-02-09T12:14:53.112+0000] {task_command.py:426} INFO - Running <TaskInstance: stock_raw_aapl.download_and_load_raw scheduled__2024-03-31T00:00:00+00:00 [running]> on host 4886d37bc122
[2026-02-09T12:14:53.196+0000] {taskinstance.py:2648} INFO - Exporting env vars: AIRFLOW_CTX_DAG_OWNER='***' AIRFLOW_CTX_DAG_ID='stock_raw_aapl' AIRFLOW_CTX_TASK_ID='download_and_load_raw' AIRFLOW_CTX_EXECUTION_DATE='2024-03-31T00:00:00+00:00' AIRFLOW_CTX_TRY_NUMBER='1' AIRFLOW_CTX_DAG_RUN_ID='scheduled__2024-03-31T00:00:00+00:00'
[2026-02-09T12:14:53.197+0000] {taskinstance.py:430} INFO - ::endgroup::
[2026-02-09T12:14:53.206+0000] {stocks_raw_dags.py:37} INFO - 2024-03-31 00:00:00+00:00, 2024-04-01 00:00:00+00:00
[2026-02-09T12:14:53.206+0000] {logging_mixin.py:188} INFO - [RAW] Download AAPL [1d] 2024-03-30..2024-04-01
[2026-02-09T12:14:53.208+0000] {logging_mixin.py:188} WARNING - /opt/***/dags/stocks_dwh/raw/stocks_raw_dags.py:42 FutureWarning: YF.download() has changed argument auto_adjust default to True
[2026-02-09T12:14:53.216+0000] {logging_mixin.py:188} WARNING - /home/***/.local/lib/python3.12/site-packages/yfinance/scrapers/history.py:204 Pandas4Warning: Timestamp.utcnow is deprecated and will be removed in a future version. Use Timestamp.now('UTC') instead.
[2026-02-09T12:14:53.702+0000] {logging_mixin.py:188} WARNING - [*********************100%***********************]  1 of 1 completed
[2026-02-09T12:14:53.703+0000] {multi.py:185} ERROR - 
1 Failed download:
[2026-02-09T12:14:53.704+0000] {multi.py:198} ERROR - ['AAPL']: YFPricesMissingError('possibly delisted; no price data found  (1d 2024-03-30 -> 2024-04-01)')
[2026-02-09T12:14:53.716+0000] {logging_mixin.py:188} INFO - [RAW] No data from yfinance
[2026-02-09T12:14:53.717+0000] {python.py:237} INFO - Done. Returned value was: None
[2026-02-09T12:14:53.718+0000] {taskinstance.py:441} INFO - ::group::Post task execution logs
[2026-02-09T12:14:53.727+0000] {taskinstance.py:1206} INFO - Marking task as SUCCESS. dag_id=stock_raw_aapl, task_id=download_and_load_raw, run_id=scheduled__2024-03-31T00:00:00+00:00, execution_date=20240331T000000, start_date=20260209T121453, end_date=20260209T121453
[2026-02-09T12:14:53.788+0000] {local_task_job_runner.py:243} INFO - Task exited with return code 0
[2026-02-09T12:14:53.811+0000] {taskinstance.py:3503} INFO - 0 downstream tasks scheduled from follow-on schedule check
[2026-02-09T12:14:53.814+0000] {local_task_job_runner.py:222} INFO - ::endgroup::
