[2026-02-07T15:39:02.485+0000] {local_task_job_runner.py:120} INFO - ::group::Pre task execution logs
[2026-02-07T15:39:02.515+0000] {taskinstance.py:2076} INFO - Dependencies all met for dep_context=non-requeueable deps ti=<TaskInstance: stock_moex.sber.download scheduled__2025-11-08T00:00:00+00:00 [queued]>
[2026-02-07T15:39:02.524+0000] {taskinstance.py:2076} INFO - Dependencies all met for dep_context=requeueable deps ti=<TaskInstance: stock_moex.sber.download scheduled__2025-11-08T00:00:00+00:00 [queued]>
[2026-02-07T15:39:02.525+0000] {taskinstance.py:2306} INFO - Starting attempt 1 of 1
[2026-02-07T15:39:02.541+0000] {taskinstance.py:2330} INFO - Executing <Task(PythonOperator): download> on 2025-11-08 00:00:00+00:00
[2026-02-07T15:39:02.552+0000] {logging_mixin.py:188} WARNING - /home/***/.local/lib/python3.12/site-packages/***/task/task_runner/standard_task_runner.py:62 DeprecationWarning: This process (pid=4584) is multi-threaded, use of fork() may lead to deadlocks in the child.
[2026-02-07T15:39:02.554+0000] {standard_task_runner.py:64} INFO - Started process 4590 to run task
[2026-02-07T15:39:02.552+0000] {standard_task_runner.py:90} INFO - Running: ['***', 'tasks', 'run', 'stock_moex.sber', 'download', 'scheduled__2025-11-08T00:00:00+00:00', '--job-id', '2717', '--raw', '--subdir', 'DAGS_FOLDER/downlad_tickers/stocks_dags.py', '--cfg-path', '/tmp/tmp_vfhhmum']
[2026-02-07T15:39:02.555+0000] {standard_task_runner.py:91} INFO - Job 2717: Subtask download
[2026-02-07T15:39:02.621+0000] {task_command.py:426} INFO - Running <TaskInstance: stock_moex.sber.download scheduled__2025-11-08T00:00:00+00:00 [running]> on host 5adf8c44a70f
[2026-02-07T15:39:02.714+0000] {taskinstance.py:2648} INFO - Exporting env vars: AIRFLOW_CTX_DAG_OWNER='***' AIRFLOW_CTX_DAG_ID='stock_moex.sber' AIRFLOW_CTX_TASK_ID='download' AIRFLOW_CTX_EXECUTION_DATE='2025-11-08T00:00:00+00:00' AIRFLOW_CTX_TRY_NUMBER='1' AIRFLOW_CTX_DAG_RUN_ID='scheduled__2025-11-08T00:00:00+00:00'
[2026-02-07T15:39:02.716+0000] {taskinstance.py:430} INFO - ::endgroup::
[2026-02-07T15:39:02.729+0000] {logging_mixin.py:188} INFO - Downloading MOEX.SBER from 2025-11-08 to 2025-11-09
[2026-02-07T15:39:02.732+0000] {logging_mixin.py:188} WARNING - /opt/***/dags/downlad_tickers/stocks_dags.py:22 FutureWarning: YF.download() has changed argument auto_adjust default to True
[2026-02-07T15:39:03.742+0000] {quote.py:592} ERROR - HTTP Error 404: {"quoteSummary":{"result":null,"error":{"code":"Not Found","description":"Quote not found for symbol: MOEX.SBER"}}}
[2026-02-07T15:39:03.788+0000] {logging_mixin.py:188} WARNING - /home/***/.local/lib/python3.12/site-packages/yfinance/scrapers/quote.py:700 Pandas4Warning: Timestamp.utcnow is deprecated and will be removed in a future version. Use Timestamp.now('UTC') instead.
[2026-02-07T15:39:03.791+0000] {logging_mixin.py:188} WARNING - /home/***/.local/lib/python3.12/site-packages/yfinance/scrapers/quote.py:702 Pandas4Warning: Timestamp.utcnow is deprecated and will be removed in a future version. Use Timestamp.now('UTC') instead.
[2026-02-07T15:39:03.850+0000] {multi.py:185} ERROR - 
1 Failed download:
[2026-02-07T15:39:03.850+0000] {multi.py:198} ERROR - ['MOEX.SBER']: YFTzMissingError('possibly delisted; no timezone found')
[2026-02-07T15:39:03.862+0000] {logging_mixin.py:188} INFO - No data
[2026-02-07T15:39:03.863+0000] {python.py:237} INFO - Done. Returned value was: None
[2026-02-07T15:39:03.864+0000] {taskinstance.py:441} INFO - ::group::Post task execution logs
[2026-02-07T15:39:03.873+0000] {taskinstance.py:1206} INFO - Marking task as SUCCESS. dag_id=stock_moex.sber, task_id=download, run_id=scheduled__2025-11-08T00:00:00+00:00, execution_date=20251108T000000, start_date=20260207T153902, end_date=20260207T153903
[2026-02-07T15:39:03.932+0000] {local_task_job_runner.py:243} INFO - Task exited with return code 0
[2026-02-07T15:39:03.949+0000] {taskinstance.py:3503} INFO - 0 downstream tasks scheduled from follow-on schedule check
[2026-02-07T15:39:03.951+0000] {local_task_job_runner.py:222} INFO - ::endgroup::
