[2026-02-07T14:21:45.836+0000] {local_task_job_runner.py:120} INFO - ::group::Pre task execution logs
[2026-02-07T14:21:45.876+0000] {taskinstance.py:2076} INFO - Dependencies all met for dep_context=non-requeueable deps ti=<TaskInstance: stock_tsla.download scheduled__2024-03-30T00:00:00+00:00 [queued]>
[2026-02-07T14:21:45.889+0000] {taskinstance.py:2076} INFO - Dependencies all met for dep_context=requeueable deps ti=<TaskInstance: stock_tsla.download scheduled__2024-03-30T00:00:00+00:00 [queued]>
[2026-02-07T14:21:45.890+0000] {taskinstance.py:2306} INFO - Starting attempt 1 of 1
[2026-02-07T14:21:45.909+0000] {taskinstance.py:2330} INFO - Executing <Task(PythonOperator): download> on 2024-03-30 00:00:00+00:00
[2026-02-07T14:21:45.925+0000] {logging_mixin.py:188} WARNING - /home/***/.local/lib/python3.12/site-packages/***/task/task_runner/standard_task_runner.py:62 DeprecationWarning: This process (pid=2006) is multi-threaded, use of fork() may lead to deadlocks in the child.
[2026-02-07T14:21:45.926+0000] {standard_task_runner.py:64} INFO - Started process 2020 to run task
[2026-02-07T14:21:45.925+0000] {standard_task_runner.py:90} INFO - Running: ['***', 'tasks', 'run', 'stock_tsla', 'download', 'scheduled__2024-03-30T00:00:00+00:00', '--job-id', '395', '--raw', '--subdir', 'DAGS_FOLDER/stocks_dags.py', '--cfg-path', '/tmp/tmpbgp1rvz1']
[2026-02-07T14:21:45.928+0000] {standard_task_runner.py:91} INFO - Job 395: Subtask download
[2026-02-07T14:21:46.022+0000] {task_command.py:426} INFO - Running <TaskInstance: stock_tsla.download scheduled__2024-03-30T00:00:00+00:00 [running]> on host 5adf8c44a70f
[2026-02-07T14:21:46.139+0000] {taskinstance.py:2648} INFO - Exporting env vars: AIRFLOW_CTX_DAG_OWNER='***' AIRFLOW_CTX_DAG_ID='stock_tsla' AIRFLOW_CTX_TASK_ID='download' AIRFLOW_CTX_EXECUTION_DATE='2024-03-30T00:00:00+00:00' AIRFLOW_CTX_TRY_NUMBER='1' AIRFLOW_CTX_DAG_RUN_ID='scheduled__2024-03-30T00:00:00+00:00'
[2026-02-07T14:21:46.141+0000] {taskinstance.py:430} INFO - ::endgroup::
[2026-02-07T14:21:46.156+0000] {logging_mixin.py:188} INFO - Downloading TSLA from 2024-03-30 to 2024-03-31
[2026-02-07T14:21:46.159+0000] {logging_mixin.py:188} WARNING - /opt/***/dags/stocks_dags.py:22 FutureWarning: YF.download() has changed argument auto_adjust default to True
[2026-02-07T14:21:46.170+0000] {logging_mixin.py:188} WARNING - /home/***/.local/lib/python3.12/site-packages/yfinance/scrapers/history.py:204 Pandas4Warning: Timestamp.utcnow is deprecated and will be removed in a future version. Use Timestamp.now('UTC') instead.
[2026-02-07T14:21:46.635+0000] {multi.py:185} ERROR - 
1 Failed download:
[2026-02-07T14:21:46.635+0000] {multi.py:198} ERROR - ['TSLA']: YFPricesMissingError('possibly delisted; no price data found  (1d 2024-03-30 -> 2024-03-31)')
[2026-02-07T14:21:46.653+0000] {logging_mixin.py:188} INFO - No data
[2026-02-07T14:21:46.654+0000] {python.py:237} INFO - Done. Returned value was: None
[2026-02-07T14:21:46.655+0000] {taskinstance.py:441} INFO - ::group::Post task execution logs
[2026-02-07T14:21:46.666+0000] {taskinstance.py:1206} INFO - Marking task as SUCCESS. dag_id=stock_tsla, task_id=download, run_id=scheduled__2024-03-30T00:00:00+00:00, execution_date=20240330T000000, start_date=20260207T142145, end_date=20260207T142146
[2026-02-07T14:21:46.704+0000] {local_task_job_runner.py:243} INFO - Task exited with return code 0
[2026-02-07T14:21:46.730+0000] {taskinstance.py:3503} INFO - 0 downstream tasks scheduled from follow-on schedule check
[2026-02-07T14:21:46.734+0000] {local_task_job_runner.py:222} INFO - ::endgroup::
