[2026-02-09T10:12:08.260+0000] {local_task_job_runner.py:120} INFO - ::group::Pre task execution logs
[2026-02-09T10:12:08.292+0000] {taskinstance.py:2076} INFO - Dependencies all met for dep_context=non-requeueable deps ti=<TaskInstance: stock_raw_aapl.download_and_load_raw scheduled__2024-04-20T00:00:00+00:00 [queued]>
[2026-02-09T10:12:08.301+0000] {taskinstance.py:2076} INFO - Dependencies all met for dep_context=requeueable deps ti=<TaskInstance: stock_raw_aapl.download_and_load_raw scheduled__2024-04-20T00:00:00+00:00 [queued]>
[2026-02-09T10:12:08.302+0000] {taskinstance.py:2306} INFO - Starting attempt 1 of 1
[2026-02-09T10:12:08.315+0000] {taskinstance.py:2330} INFO - Executing <Task(PythonOperator): download_and_load_raw> on 2024-04-20 00:00:00+00:00
[2026-02-09T10:12:08.332+0000] {logging_mixin.py:188} WARNING - /home/***/.local/lib/python3.12/site-packages/***/task/task_runner/standard_task_runner.py:62 DeprecationWarning: This process (pid=3312) is multi-threaded, use of fork() may lead to deadlocks in the child.
[2026-02-09T10:12:08.334+0000] {standard_task_runner.py:64} INFO - Started process 3321 to run task
[2026-02-09T10:12:08.332+0000] {standard_task_runner.py:90} INFO - Running: ['***', 'tasks', 'run', 'stock_raw_aapl', 'download_and_load_raw', 'scheduled__2024-04-20T00:00:00+00:00', '--job-id', '3374', '--raw', '--subdir', 'DAGS_FOLDER/stocks_dwh/raw/stocks_raw_dags.py', '--cfg-path', '/tmp/tmp720a_nda']
[2026-02-09T10:12:08.335+0000] {standard_task_runner.py:91} INFO - Job 3374: Subtask download_and_load_raw
[2026-02-09T10:12:08.404+0000] {task_command.py:426} INFO - Running <TaskInstance: stock_raw_aapl.download_and_load_raw scheduled__2024-04-20T00:00:00+00:00 [running]> on host b6b9e92e7d61
[2026-02-09T10:12:08.504+0000] {taskinstance.py:2648} INFO - Exporting env vars: AIRFLOW_CTX_DAG_OWNER='***' AIRFLOW_CTX_DAG_ID='stock_raw_aapl' AIRFLOW_CTX_TASK_ID='download_and_load_raw' AIRFLOW_CTX_EXECUTION_DATE='2024-04-20T00:00:00+00:00' AIRFLOW_CTX_TRY_NUMBER='1' AIRFLOW_CTX_DAG_RUN_ID='scheduled__2024-04-20T00:00:00+00:00'
[2026-02-09T10:12:08.506+0000] {taskinstance.py:430} INFO - ::endgroup::
[2026-02-09T10:12:08.519+0000] {logging_mixin.py:188} INFO - [RAW] Download AAPL [1d] 2024-04-20..2024-04-21
[2026-02-09T10:12:08.523+0000] {logging_mixin.py:188} WARNING - /opt/***/dags/stocks_dwh/raw/stocks_raw_dags.py:38 FutureWarning: YF.download() has changed argument auto_adjust default to True
[2026-02-09T10:12:08.533+0000] {logging_mixin.py:188} WARNING - /home/***/.local/lib/python3.12/site-packages/yfinance/scrapers/history.py:204 Pandas4Warning: Timestamp.utcnow is deprecated and will be removed in a future version. Use Timestamp.now('UTC') instead.
[2026-02-09T10:12:09.041+0000] {multi.py:185} ERROR - 
1 Failed download:
[2026-02-09T10:12:09.041+0000] {multi.py:198} ERROR - ['AAPL']: YFPricesMissingError('possibly delisted; no price data found  (1d 2024-04-20 -> 2024-04-21)')
[2026-02-09T10:12:09.054+0000] {logging_mixin.py:188} INFO - [RAW] No data from yfinance
[2026-02-09T10:12:09.055+0000] {python.py:237} INFO - Done. Returned value was: None
[2026-02-09T10:12:09.056+0000] {taskinstance.py:441} INFO - ::group::Post task execution logs
[2026-02-09T10:12:09.065+0000] {taskinstance.py:1206} INFO - Marking task as SUCCESS. dag_id=stock_raw_aapl, task_id=download_and_load_raw, run_id=scheduled__2024-04-20T00:00:00+00:00, execution_date=20240420T000000, start_date=20260209T101208, end_date=20260209T101209
[2026-02-09T10:12:09.110+0000] {local_task_job_runner.py:243} INFO - Task exited with return code 0
[2026-02-09T10:12:09.126+0000] {taskinstance.py:3503} INFO - 0 downstream tasks scheduled from follow-on schedule check
[2026-02-09T10:12:09.128+0000] {local_task_job_runner.py:222} INFO - ::endgroup::
[2026-02-09T12:15:57.956+0000] {local_task_job_runner.py:120} INFO - ::group::Pre task execution logs
[2026-02-09T12:15:57.984+0000] {taskinstance.py:2076} INFO - Dependencies all met for dep_context=non-requeueable deps ti=<TaskInstance: stock_raw_aapl.download_and_load_raw scheduled__2024-04-20T00:00:00+00:00 [queued]>
[2026-02-09T12:15:57.991+0000] {taskinstance.py:2076} INFO - Dependencies all met for dep_context=requeueable deps ti=<TaskInstance: stock_raw_aapl.download_and_load_raw scheduled__2024-04-20T00:00:00+00:00 [queued]>
[2026-02-09T12:15:57.992+0000] {taskinstance.py:2306} INFO - Starting attempt 1 of 1
[2026-02-09T12:15:58.004+0000] {taskinstance.py:2330} INFO - Executing <Task(PythonOperator): download_and_load_raw> on 2024-04-20 00:00:00+00:00
[2026-02-09T12:15:58.014+0000] {logging_mixin.py:188} WARNING - /home/***/.local/lib/python3.12/site-packages/***/task/task_runner/standard_task_runner.py:62 DeprecationWarning: This process (pid=14396) is multi-threaded, use of fork() may lead to deadlocks in the child.
[2026-02-09T12:15:58.016+0000] {standard_task_runner.py:64} INFO - Started process 14400 to run task
[2026-02-09T12:15:58.015+0000] {standard_task_runner.py:90} INFO - Running: ['***', 'tasks', 'run', 'stock_raw_aapl', 'download_and_load_raw', 'scheduled__2024-04-20T00:00:00+00:00', '--job-id', '6973', '--raw', '--subdir', 'DAGS_FOLDER/stocks_dwh/raw/stocks_raw_dags.py', '--cfg-path', '/tmp/tmpfr62u079']
[2026-02-09T12:15:58.017+0000] {standard_task_runner.py:91} INFO - Job 6973: Subtask download_and_load_raw
[2026-02-09T12:15:58.072+0000] {task_command.py:426} INFO - Running <TaskInstance: stock_raw_aapl.download_and_load_raw scheduled__2024-04-20T00:00:00+00:00 [running]> on host 4886d37bc122
[2026-02-09T12:15:58.157+0000] {taskinstance.py:2648} INFO - Exporting env vars: AIRFLOW_CTX_DAG_OWNER='***' AIRFLOW_CTX_DAG_ID='stock_raw_aapl' AIRFLOW_CTX_TASK_ID='download_and_load_raw' AIRFLOW_CTX_EXECUTION_DATE='2024-04-20T00:00:00+00:00' AIRFLOW_CTX_TRY_NUMBER='1' AIRFLOW_CTX_DAG_RUN_ID='scheduled__2024-04-20T00:00:00+00:00'
[2026-02-09T12:15:58.160+0000] {taskinstance.py:430} INFO - ::endgroup::
[2026-02-09T12:15:58.169+0000] {stocks_raw_dags.py:37} INFO - 2024-04-20 00:00:00+00:00, 2024-04-21 00:00:00+00:00
[2026-02-09T12:15:58.170+0000] {logging_mixin.py:188} INFO - [RAW] Download AAPL [1d] 2024-04-19..2024-04-21
[2026-02-09T12:15:58.172+0000] {logging_mixin.py:188} WARNING - /opt/***/dags/stocks_dwh/raw/stocks_raw_dags.py:42 FutureWarning: YF.download() has changed argument auto_adjust default to True
[2026-02-09T12:15:58.182+0000] {logging_mixin.py:188} WARNING - /home/***/.local/lib/python3.12/site-packages/yfinance/scrapers/history.py:204 Pandas4Warning: Timestamp.utcnow is deprecated and will be removed in a future version. Use Timestamp.now('UTC') instead.
[2026-02-09T12:15:58.693+0000] {logging_mixin.py:188} WARNING - [*********************100%***********************]  1 of 1 completed
[2026-02-09T12:15:58.727+0000] {base.py:84} INFO - Using connection ID 'dwh_clickhouse' for task execution.
[2026-02-09T12:15:58.750+0000] {logging_mixin.py:188} INFO - [RAW] Deleted existing rows for AAPL in 2024-04-19..2024-04-21
[2026-02-09T12:15:58.763+0000] {logging_mixin.py:188} INFO - [RAW] Inserted 1 rows into dwh.raw_stock_prices
[2026-02-09T12:15:58.764+0000] {python.py:237} INFO - Done. Returned value was: None
[2026-02-09T12:15:58.766+0000] {taskinstance.py:441} INFO - ::group::Post task execution logs
[2026-02-09T12:15:58.779+0000] {taskinstance.py:1206} INFO - Marking task as SUCCESS. dag_id=stock_raw_aapl, task_id=download_and_load_raw, run_id=scheduled__2024-04-20T00:00:00+00:00, execution_date=20240420T000000, start_date=20260209T121557, end_date=20260209T121558
[2026-02-09T12:15:58.832+0000] {local_task_job_runner.py:243} INFO - Task exited with return code 0
[2026-02-09T12:15:58.849+0000] {taskinstance.py:3503} INFO - 0 downstream tasks scheduled from follow-on schedule check
[2026-02-09T12:15:58.851+0000] {local_task_job_runner.py:222} INFO - ::endgroup::
