[2026-02-09T10:40:28.946+0000] {local_task_job_runner.py:120} INFO - ::group::Pre task execution logs
[2026-02-09T10:40:28.980+0000] {taskinstance.py:2076} INFO - Dependencies all met for dep_context=non-requeueable deps ti=<TaskInstance: stock_raw_aapl.download_and_load_raw scheduled__2025-08-23T00:00:00+00:00 [queued]>
[2026-02-09T10:40:28.988+0000] {taskinstance.py:2076} INFO - Dependencies all met for dep_context=requeueable deps ti=<TaskInstance: stock_raw_aapl.download_and_load_raw scheduled__2025-08-23T00:00:00+00:00 [queued]>
[2026-02-09T10:40:28.989+0000] {taskinstance.py:2306} INFO - Starting attempt 1 of 1
[2026-02-09T10:40:29.002+0000] {taskinstance.py:2330} INFO - Executing <Task(PythonOperator): download_and_load_raw> on 2025-08-23 00:00:00+00:00
[2026-02-09T10:40:29.014+0000] {logging_mixin.py:188} WARNING - /home/***/.local/lib/python3.12/site-packages/***/task/task_runner/standard_task_runner.py:62 DeprecationWarning: This process (pid=7409) is multi-threaded, use of fork() may lead to deadlocks in the child.
[2026-02-09T10:40:29.016+0000] {standard_task_runner.py:64} INFO - Started process 7422 to run task
[2026-02-09T10:40:29.014+0000] {standard_task_runner.py:90} INFO - Running: ['***', 'tasks', 'run', 'stock_raw_aapl', 'download_and_load_raw', 'scheduled__2025-08-23T00:00:00+00:00', '--job-id', '5801', '--raw', '--subdir', 'DAGS_FOLDER/stocks_dwh/raw/stocks_raw_dags.py', '--cfg-path', '/tmp/tmp_cm8pjpu']
[2026-02-09T10:40:29.017+0000] {standard_task_runner.py:91} INFO - Job 5801: Subtask download_and_load_raw
[2026-02-09T10:40:29.083+0000] {task_command.py:426} INFO - Running <TaskInstance: stock_raw_aapl.download_and_load_raw scheduled__2025-08-23T00:00:00+00:00 [running]> on host 4886d37bc122
[2026-02-09T10:40:29.182+0000] {taskinstance.py:2648} INFO - Exporting env vars: AIRFLOW_CTX_DAG_OWNER='***' AIRFLOW_CTX_DAG_ID='stock_raw_aapl' AIRFLOW_CTX_TASK_ID='download_and_load_raw' AIRFLOW_CTX_EXECUTION_DATE='2025-08-23T00:00:00+00:00' AIRFLOW_CTX_TRY_NUMBER='1' AIRFLOW_CTX_DAG_RUN_ID='scheduled__2025-08-23T00:00:00+00:00'
[2026-02-09T10:40:29.183+0000] {taskinstance.py:430} INFO - ::endgroup::
[2026-02-09T10:40:29.195+0000] {logging_mixin.py:188} INFO - [RAW] Download AAPL [1d] 2025-08-23..2025-08-24
[2026-02-09T10:40:29.198+0000] {logging_mixin.py:188} WARNING - /opt/***/dags/stocks_dwh/raw/stocks_raw_dags.py:38 FutureWarning: YF.download() has changed argument auto_adjust default to True
[2026-02-09T10:40:29.208+0000] {logging_mixin.py:188} WARNING - /home/***/.local/lib/python3.12/site-packages/yfinance/scrapers/history.py:204 Pandas4Warning: Timestamp.utcnow is deprecated and will be removed in a future version. Use Timestamp.now('UTC') instead.
[2026-02-09T10:40:29.707+0000] {multi.py:185} ERROR - 
1 Failed download:
[2026-02-09T10:40:29.709+0000] {multi.py:198} ERROR - ['AAPL']: YFPricesMissingError('possibly delisted; no price data found  (1d 2025-08-23 -> 2025-08-24)')
[2026-02-09T10:40:29.720+0000] {logging_mixin.py:188} INFO - [RAW] No data from yfinance
[2026-02-09T10:40:29.720+0000] {python.py:237} INFO - Done. Returned value was: None
[2026-02-09T10:40:29.721+0000] {taskinstance.py:441} INFO - ::group::Post task execution logs
[2026-02-09T10:40:29.732+0000] {taskinstance.py:1206} INFO - Marking task as SUCCESS. dag_id=stock_raw_aapl, task_id=download_and_load_raw, run_id=scheduled__2025-08-23T00:00:00+00:00, execution_date=20250823T000000, start_date=20260209T104028, end_date=20260209T104029
[2026-02-09T10:40:29.792+0000] {local_task_job_runner.py:243} INFO - Task exited with return code 0
[2026-02-09T10:40:29.811+0000] {taskinstance.py:3503} INFO - 0 downstream tasks scheduled from follow-on schedule check
[2026-02-09T10:40:29.813+0000] {local_task_job_runner.py:222} INFO - ::endgroup::
[2026-02-09T12:42:26.146+0000] {local_task_job_runner.py:120} INFO - ::group::Pre task execution logs
[2026-02-09T12:42:26.178+0000] {taskinstance.py:2076} INFO - Dependencies all met for dep_context=non-requeueable deps ti=<TaskInstance: stock_raw_aapl.download_and_load_raw scheduled__2025-08-23T00:00:00+00:00 [queued]>
[2026-02-09T12:42:26.186+0000] {taskinstance.py:2076} INFO - Dependencies all met for dep_context=requeueable deps ti=<TaskInstance: stock_raw_aapl.download_and_load_raw scheduled__2025-08-23T00:00:00+00:00 [queued]>
[2026-02-09T12:42:26.187+0000] {taskinstance.py:2306} INFO - Starting attempt 1 of 1
[2026-02-09T12:42:26.200+0000] {taskinstance.py:2330} INFO - Executing <Task(PythonOperator): download_and_load_raw> on 2025-08-23 00:00:00+00:00
[2026-02-09T12:42:26.212+0000] {logging_mixin.py:188} WARNING - /home/***/.local/lib/python3.12/site-packages/***/task/task_runner/standard_task_runner.py:62 DeprecationWarning: This process (pid=18307) is multi-threaded, use of fork() may lead to deadlocks in the child.
[2026-02-09T12:42:26.213+0000] {standard_task_runner.py:64} INFO - Started process 18309 to run task
[2026-02-09T12:42:26.212+0000] {standard_task_runner.py:90} INFO - Running: ['***', 'tasks', 'run', 'stock_raw_aapl', 'download_and_load_raw', 'scheduled__2025-08-23T00:00:00+00:00', '--job-id', '7792', '--raw', '--subdir', 'DAGS_FOLDER/stocks_dwh/raw/stocks_raw_dags.py', '--cfg-path', '/tmp/tmpvdla9xx8']
[2026-02-09T12:42:26.214+0000] {standard_task_runner.py:91} INFO - Job 7792: Subtask download_and_load_raw
[2026-02-09T12:42:26.282+0000] {task_command.py:426} INFO - Running <TaskInstance: stock_raw_aapl.download_and_load_raw scheduled__2025-08-23T00:00:00+00:00 [running]> on host 4886d37bc122
[2026-02-09T12:42:26.385+0000] {taskinstance.py:2648} INFO - Exporting env vars: AIRFLOW_CTX_DAG_OWNER='***' AIRFLOW_CTX_DAG_ID='stock_raw_aapl' AIRFLOW_CTX_TASK_ID='download_and_load_raw' AIRFLOW_CTX_EXECUTION_DATE='2025-08-23T00:00:00+00:00' AIRFLOW_CTX_TRY_NUMBER='1' AIRFLOW_CTX_DAG_RUN_ID='scheduled__2025-08-23T00:00:00+00:00'
[2026-02-09T12:42:26.386+0000] {taskinstance.py:430} INFO - ::endgroup::
[2026-02-09T12:42:26.398+0000] {stocks_raw_dags.py:37} INFO - 2025-08-23 00:00:00+00:00, 2025-08-24 00:00:00+00:00
[2026-02-09T12:42:26.399+0000] {logging_mixin.py:188} INFO - [RAW] Download AAPL [1d] 2025-08-22..2025-08-24
[2026-02-09T12:42:26.401+0000] {logging_mixin.py:188} WARNING - /opt/***/dags/stocks_dwh/raw/stocks_raw_dags.py:42 FutureWarning: YF.download() has changed argument auto_adjust default to True
[2026-02-09T12:42:26.410+0000] {logging_mixin.py:188} WARNING - /home/***/.local/lib/python3.12/site-packages/yfinance/scrapers/history.py:204 Pandas4Warning: Timestamp.utcnow is deprecated and will be removed in a future version. Use Timestamp.now('UTC') instead.
[2026-02-09T12:42:26.984+0000] {logging_mixin.py:188} WARNING - [*********************100%***********************]  1 of 1 completed
[2026-02-09T12:42:27.020+0000] {base.py:84} INFO - Using connection ID 'dwh_clickhouse' for task execution.
[2026-02-09T12:42:27.048+0000] {logging_mixin.py:188} INFO - [RAW] Deleted existing rows for AAPL in 2025-08-22..2025-08-24
[2026-02-09T12:42:27.063+0000] {logging_mixin.py:188} INFO - [RAW] Inserted 1 rows into dwh.raw_stock_prices
[2026-02-09T12:42:27.064+0000] {python.py:237} INFO - Done. Returned value was: None
[2026-02-09T12:42:27.065+0000] {taskinstance.py:441} INFO - ::group::Post task execution logs
[2026-02-09T12:42:27.078+0000] {taskinstance.py:1206} INFO - Marking task as SUCCESS. dag_id=stock_raw_aapl, task_id=download_and_load_raw, run_id=scheduled__2025-08-23T00:00:00+00:00, execution_date=20250823T000000, start_date=20260209T124226, end_date=20260209T124227
[2026-02-09T12:42:27.150+0000] {local_task_job_runner.py:243} INFO - Task exited with return code 0
[2026-02-09T12:42:27.172+0000] {taskinstance.py:3503} INFO - 0 downstream tasks scheduled from follow-on schedule check
[2026-02-09T12:42:27.177+0000] {local_task_job_runner.py:222} INFO - ::endgroup::
