[2026-02-09T10:36:26.503+0000] {local_task_job_runner.py:120} INFO - ::group::Pre task execution logs
[2026-02-09T10:36:26.533+0000] {taskinstance.py:2076} INFO - Dependencies all met for dep_context=non-requeueable deps ti=<TaskInstance: stock_raw_aapl.download_and_load_raw scheduled__2025-06-07T00:00:00+00:00 [queued]>
[2026-02-09T10:36:26.541+0000] {taskinstance.py:2076} INFO - Dependencies all met for dep_context=requeueable deps ti=<TaskInstance: stock_raw_aapl.download_and_load_raw scheduled__2025-06-07T00:00:00+00:00 [queued]>
[2026-02-09T10:36:26.541+0000] {taskinstance.py:2306} INFO - Starting attempt 1 of 1
[2026-02-09T10:36:26.552+0000] {taskinstance.py:2330} INFO - Executing <Task(PythonOperator): download_and_load_raw> on 2025-06-07 00:00:00+00:00
[2026-02-09T10:36:26.563+0000] {logging_mixin.py:188} WARNING - /home/***/.local/lib/python3.12/site-packages/***/task/task_runner/standard_task_runner.py:62 DeprecationWarning: This process (pid=5802) is multi-threaded, use of fork() may lead to deadlocks in the child.
[2026-02-09T10:36:26.565+0000] {standard_task_runner.py:64} INFO - Started process 5811 to run task
[2026-02-09T10:36:26.563+0000] {standard_task_runner.py:90} INFO - Running: ['***', 'tasks', 'run', 'stock_raw_aapl', 'download_and_load_raw', 'scheduled__2025-06-07T00:00:00+00:00', '--job-id', '5422', '--raw', '--subdir', 'DAGS_FOLDER/stocks_dwh/raw/stocks_raw_dags.py', '--cfg-path', '/tmp/tmprsutmwcg']
[2026-02-09T10:36:26.566+0000] {standard_task_runner.py:91} INFO - Job 5422: Subtask download_and_load_raw
[2026-02-09T10:36:26.628+0000] {task_command.py:426} INFO - Running <TaskInstance: stock_raw_aapl.download_and_load_raw scheduled__2025-06-07T00:00:00+00:00 [running]> on host 4886d37bc122
[2026-02-09T10:36:26.716+0000] {taskinstance.py:2648} INFO - Exporting env vars: AIRFLOW_CTX_DAG_OWNER='***' AIRFLOW_CTX_DAG_ID='stock_raw_aapl' AIRFLOW_CTX_TASK_ID='download_and_load_raw' AIRFLOW_CTX_EXECUTION_DATE='2025-06-07T00:00:00+00:00' AIRFLOW_CTX_TRY_NUMBER='1' AIRFLOW_CTX_DAG_RUN_ID='scheduled__2025-06-07T00:00:00+00:00'
[2026-02-09T10:36:26.717+0000] {taskinstance.py:430} INFO - ::endgroup::
[2026-02-09T10:36:26.728+0000] {logging_mixin.py:188} INFO - [RAW] Download AAPL [1d] 2025-06-07..2025-06-08
[2026-02-09T10:36:26.730+0000] {logging_mixin.py:188} WARNING - /opt/***/dags/stocks_dwh/raw/stocks_raw_dags.py:38 FutureWarning: YF.download() has changed argument auto_adjust default to True
[2026-02-09T10:36:26.742+0000] {logging_mixin.py:188} WARNING - /home/***/.local/lib/python3.12/site-packages/yfinance/scrapers/history.py:204 Pandas4Warning: Timestamp.utcnow is deprecated and will be removed in a future version. Use Timestamp.now('UTC') instead.
[2026-02-09T10:36:27.504+0000] {multi.py:185} ERROR - 
1 Failed download:
[2026-02-09T10:36:27.505+0000] {multi.py:198} ERROR - ['AAPL']: YFPricesMissingError('possibly delisted; no price data found  (1d 2025-06-07 -> 2025-06-08)')
[2026-02-09T10:36:27.516+0000] {logging_mixin.py:188} INFO - [RAW] No data from yfinance
[2026-02-09T10:36:27.517+0000] {python.py:237} INFO - Done. Returned value was: None
[2026-02-09T10:36:27.517+0000] {taskinstance.py:441} INFO - ::group::Post task execution logs
[2026-02-09T10:36:27.526+0000] {taskinstance.py:1206} INFO - Marking task as SUCCESS. dag_id=stock_raw_aapl, task_id=download_and_load_raw, run_id=scheduled__2025-06-07T00:00:00+00:00, execution_date=20250607T000000, start_date=20260209T103626, end_date=20260209T103627
[2026-02-09T10:36:27.581+0000] {local_task_job_runner.py:243} INFO - Task exited with return code 0
[2026-02-09T10:36:27.597+0000] {taskinstance.py:3503} INFO - 0 downstream tasks scheduled from follow-on schedule check
[2026-02-09T10:36:27.599+0000] {local_task_job_runner.py:222} INFO - ::endgroup::
[2026-02-09T12:38:25.556+0000] {local_task_job_runner.py:120} INFO - ::group::Pre task execution logs
[2026-02-09T12:38:25.587+0000] {taskinstance.py:2076} INFO - Dependencies all met for dep_context=non-requeueable deps ti=<TaskInstance: stock_raw_aapl.download_and_load_raw scheduled__2025-06-07T00:00:00+00:00 [queued]>
[2026-02-09T12:38:25.596+0000] {taskinstance.py:2076} INFO - Dependencies all met for dep_context=requeueable deps ti=<TaskInstance: stock_raw_aapl.download_and_load_raw scheduled__2025-06-07T00:00:00+00:00 [queued]>
[2026-02-09T12:38:25.597+0000] {taskinstance.py:2306} INFO - Starting attempt 1 of 1
[2026-02-09T12:38:25.612+0000] {taskinstance.py:2330} INFO - Executing <Task(PythonOperator): download_and_load_raw> on 2025-06-07 00:00:00+00:00
[2026-02-09T12:38:25.623+0000] {logging_mixin.py:188} WARNING - /home/***/.local/lib/python3.12/site-packages/***/task/task_runner/standard_task_runner.py:62 DeprecationWarning: This process (pid=17903) is multi-threaded, use of fork() may lead to deadlocks in the child.
[2026-02-09T12:38:25.625+0000] {standard_task_runner.py:64} INFO - Started process 17905 to run task
[2026-02-09T12:38:25.623+0000] {standard_task_runner.py:90} INFO - Running: ['***', 'tasks', 'run', 'stock_raw_aapl', 'download_and_load_raw', 'scheduled__2025-06-07T00:00:00+00:00', '--job-id', '7715', '--raw', '--subdir', 'DAGS_FOLDER/stocks_dwh/raw/stocks_raw_dags.py', '--cfg-path', '/tmp/tmpcby_ilvr']
[2026-02-09T12:38:25.626+0000] {standard_task_runner.py:91} INFO - Job 7715: Subtask download_and_load_raw
[2026-02-09T12:38:25.688+0000] {task_command.py:426} INFO - Running <TaskInstance: stock_raw_aapl.download_and_load_raw scheduled__2025-06-07T00:00:00+00:00 [running]> on host 4886d37bc122
[2026-02-09T12:38:25.784+0000] {taskinstance.py:2648} INFO - Exporting env vars: AIRFLOW_CTX_DAG_OWNER='***' AIRFLOW_CTX_DAG_ID='stock_raw_aapl' AIRFLOW_CTX_TASK_ID='download_and_load_raw' AIRFLOW_CTX_EXECUTION_DATE='2025-06-07T00:00:00+00:00' AIRFLOW_CTX_TRY_NUMBER='1' AIRFLOW_CTX_DAG_RUN_ID='scheduled__2025-06-07T00:00:00+00:00'
[2026-02-09T12:38:25.786+0000] {taskinstance.py:430} INFO - ::endgroup::
[2026-02-09T12:38:25.797+0000] {stocks_raw_dags.py:37} INFO - 2025-06-07 00:00:00+00:00, 2025-06-08 00:00:00+00:00
[2026-02-09T12:38:25.797+0000] {logging_mixin.py:188} INFO - [RAW] Download AAPL [1d] 2025-06-06..2025-06-08
[2026-02-09T12:38:25.799+0000] {logging_mixin.py:188} WARNING - /opt/***/dags/stocks_dwh/raw/stocks_raw_dags.py:42 FutureWarning: YF.download() has changed argument auto_adjust default to True
[2026-02-09T12:38:25.808+0000] {logging_mixin.py:188} WARNING - /home/***/.local/lib/python3.12/site-packages/yfinance/scrapers/history.py:204 Pandas4Warning: Timestamp.utcnow is deprecated and will be removed in a future version. Use Timestamp.now('UTC') instead.
[2026-02-09T12:38:26.312+0000] {logging_mixin.py:188} WARNING - [*********************100%***********************]  1 of 1 completed
[2026-02-09T12:38:26.346+0000] {base.py:84} INFO - Using connection ID 'dwh_clickhouse' for task execution.
[2026-02-09T12:38:26.381+0000] {logging_mixin.py:188} INFO - [RAW] Deleted existing rows for AAPL in 2025-06-06..2025-06-08
[2026-02-09T12:38:26.392+0000] {logging_mixin.py:188} INFO - [RAW] Inserted 1 rows into dwh.raw_stock_prices
[2026-02-09T12:38:26.393+0000] {python.py:237} INFO - Done. Returned value was: None
[2026-02-09T12:38:26.393+0000] {taskinstance.py:441} INFO - ::group::Post task execution logs
[2026-02-09T12:38:26.403+0000] {taskinstance.py:1206} INFO - Marking task as SUCCESS. dag_id=stock_raw_aapl, task_id=download_and_load_raw, run_id=scheduled__2025-06-07T00:00:00+00:00, execution_date=20250607T000000, start_date=20260209T123825, end_date=20260209T123826
[2026-02-09T12:38:26.441+0000] {local_task_job_runner.py:243} INFO - Task exited with return code 0
[2026-02-09T12:38:26.461+0000] {taskinstance.py:3503} INFO - 0 downstream tasks scheduled from follow-on schedule check
[2026-02-09T12:38:26.465+0000] {local_task_job_runner.py:222} INFO - ::endgroup::
