[2026-02-09T10:27:04.498+0000] {local_task_job_runner.py:120} INFO - ::group::Pre task execution logs
[2026-02-09T10:27:04.540+0000] {taskinstance.py:2076} INFO - Dependencies all met for dep_context=non-requeueable deps ti=<TaskInstance: stock_raw_aapl.download_and_load_raw scheduled__2024-12-18T00:00:00+00:00 [queued]>
[2026-02-09T10:27:04.553+0000] {taskinstance.py:2076} INFO - Dependencies all met for dep_context=requeueable deps ti=<TaskInstance: stock_raw_aapl.download_and_load_raw scheduled__2024-12-18T00:00:00+00:00 [queued]>
[2026-02-09T10:27:04.554+0000] {taskinstance.py:2306} INFO - Starting attempt 1 of 1
[2026-02-09T10:27:04.571+0000] {taskinstance.py:2330} INFO - Executing <Task(PythonOperator): download_and_load_raw> on 2024-12-18 00:00:00+00:00
[2026-02-09T10:27:04.584+0000] {logging_mixin.py:188} WARNING - /home/***/.local/lib/python3.12/site-packages/***/task/task_runner/standard_task_runner.py:62 DeprecationWarning: This process (pid=2185) is multi-threaded, use of fork() may lead to deadlocks in the child.
[2026-02-09T10:27:04.586+0000] {standard_task_runner.py:64} INFO - Started process 2192 to run task
[2026-02-09T10:27:04.584+0000] {standard_task_runner.py:90} INFO - Running: ['***', 'tasks', 'run', 'stock_raw_aapl', 'download_and_load_raw', 'scheduled__2024-12-18T00:00:00+00:00', '--job-id', '4574', '--raw', '--subdir', 'DAGS_FOLDER/stocks_dwh/raw/stocks_raw_dags.py', '--cfg-path', '/tmp/tmpyljzmls7']
[2026-02-09T10:27:04.590+0000] {standard_task_runner.py:91} INFO - Job 4574: Subtask download_and_load_raw
[2026-02-09T10:27:04.660+0000] {task_command.py:426} INFO - Running <TaskInstance: stock_raw_aapl.download_and_load_raw scheduled__2024-12-18T00:00:00+00:00 [running]> on host 4886d37bc122
[2026-02-09T10:27:04.758+0000] {taskinstance.py:2648} INFO - Exporting env vars: AIRFLOW_CTX_DAG_OWNER='***' AIRFLOW_CTX_DAG_ID='stock_raw_aapl' AIRFLOW_CTX_TASK_ID='download_and_load_raw' AIRFLOW_CTX_EXECUTION_DATE='2024-12-18T00:00:00+00:00' AIRFLOW_CTX_TRY_NUMBER='1' AIRFLOW_CTX_DAG_RUN_ID='scheduled__2024-12-18T00:00:00+00:00'
[2026-02-09T10:27:04.759+0000] {taskinstance.py:430} INFO - ::endgroup::
[2026-02-09T10:27:04.771+0000] {logging_mixin.py:188} INFO - [RAW] Download AAPL [1d] 2024-12-18..2024-12-19
[2026-02-09T10:27:04.774+0000] {logging_mixin.py:188} WARNING - /opt/***/dags/stocks_dwh/raw/stocks_raw_dags.py:38 FutureWarning: YF.download() has changed argument auto_adjust default to True
[2026-02-09T10:27:04.783+0000] {logging_mixin.py:188} WARNING - /home/***/.local/lib/python3.12/site-packages/yfinance/scrapers/history.py:204 Pandas4Warning: Timestamp.utcnow is deprecated and will be removed in a future version. Use Timestamp.now('UTC') instead.
[2026-02-09T10:27:05.444+0000] {taskinstance.py:441} INFO - ::group::Post task execution logs
[2026-02-09T10:27:05.445+0000] {taskinstance.py:2905} ERROR - Task failed with exception
Traceback (most recent call last):
  File "/home/airflow/.local/lib/python3.12/site-packages/airflow/models/taskinstance.py", line 465, in _execute_task
    result = _execute_callable(context=context, **execute_callable_kwargs)
             ^^^^^^^^^^^^^^^^^^^^^^^^^^^^^^^^^^^^^^^^^^^^^^^^^^^^^^^^^^^^^
  File "/home/airflow/.local/lib/python3.12/site-packages/airflow/models/taskinstance.py", line 432, in _execute_callable
    return execute_callable(context=context, **execute_callable_kwargs)
           ^^^^^^^^^^^^^^^^^^^^^^^^^^^^^^^^^^^^^^^^^^^^^^^^^^^^^^^^^^^^
  File "/home/airflow/.local/lib/python3.12/site-packages/airflow/models/baseoperator.py", line 401, in wrapper
    return func(self, *args, **kwargs)
           ^^^^^^^^^^^^^^^^^^^^^^^^^^^
  File "/home/airflow/.local/lib/python3.12/site-packages/airflow/operators/python.py", line 235, in execute
    return_value = self.execute_callable()
                   ^^^^^^^^^^^^^^^^^^^^^^^
  File "/home/airflow/.local/lib/python3.12/site-packages/airflow/operators/python.py", line 252, in execute_callable
    return self.python_callable(*self.op_args, **self.op_kwargs)
           ^^^^^^^^^^^^^^^^^^^^^^^^^^^^^^^^^^^^^^^^^^^^^^^^^^^^^
  File "/opt/airflow/dags/stocks_dwh/raw/stocks_raw_dags.py", line 86, in download_and_load_raw
    df["volume"] = pd.to_numeric(df["volume"], errors="coerce").fillna(0).astype("int64")
                   ^^^^^^^^^^^^^^^^^^^^^^^^^^^^^^^^^^^^^^^^^^^^
  File "/home/airflow/.local/lib/python3.12/site-packages/pandas/core/tools/numeric.py", line 212, in to_numeric
    raise TypeError("arg must be a list, tuple, 1-d array, or Series")
TypeError: arg must be a list, tuple, 1-d array, or Series
[2026-02-09T10:27:05.466+0000] {taskinstance.py:1206} INFO - Marking task as FAILED. dag_id=stock_raw_aapl, task_id=download_and_load_raw, run_id=scheduled__2024-12-18T00:00:00+00:00, execution_date=20241218T000000, start_date=20260209T102704, end_date=20260209T102705
[2026-02-09T10:27:05.482+0000] {standard_task_runner.py:110} ERROR - Failed to execute job 4574 for task download_and_load_raw (arg must be a list, tuple, 1-d array, or Series; 2192)
[2026-02-09T10:27:05.526+0000] {local_task_job_runner.py:243} INFO - Task exited with return code 1
[2026-02-09T10:27:05.548+0000] {taskinstance.py:3503} INFO - 0 downstream tasks scheduled from follow-on schedule check
[2026-02-09T10:27:05.550+0000] {local_task_job_runner.py:222} INFO - ::endgroup::
[2026-02-09T12:28:43.251+0000] {local_task_job_runner.py:120} INFO - ::group::Pre task execution logs
[2026-02-09T12:28:43.278+0000] {taskinstance.py:2076} INFO - Dependencies all met for dep_context=non-requeueable deps ti=<TaskInstance: stock_raw_aapl.download_and_load_raw scheduled__2024-12-18T00:00:00+00:00 [queued]>
[2026-02-09T12:28:43.285+0000] {taskinstance.py:2076} INFO - Dependencies all met for dep_context=requeueable deps ti=<TaskInstance: stock_raw_aapl.download_and_load_raw scheduled__2024-12-18T00:00:00+00:00 [queued]>
[2026-02-09T12:28:43.285+0000] {taskinstance.py:2306} INFO - Starting attempt 1 of 1
[2026-02-09T12:28:43.297+0000] {taskinstance.py:2330} INFO - Executing <Task(PythonOperator): download_and_load_raw> on 2024-12-18 00:00:00+00:00
[2026-02-09T12:28:43.308+0000] {logging_mixin.py:188} WARNING - /home/***/.local/lib/python3.12/site-packages/***/task/task_runner/standard_task_runner.py:62 DeprecationWarning: This process (pid=16638) is multi-threaded, use of fork() may lead to deadlocks in the child.
[2026-02-09T12:28:43.309+0000] {standard_task_runner.py:64} INFO - Started process 16642 to run task
[2026-02-09T12:28:43.309+0000] {standard_task_runner.py:90} INFO - Running: ['***', 'tasks', 'run', 'stock_raw_aapl', 'download_and_load_raw', 'scheduled__2024-12-18T00:00:00+00:00', '--job-id', '7456', '--raw', '--subdir', 'DAGS_FOLDER/stocks_dwh/raw/stocks_raw_dags.py', '--cfg-path', '/tmp/tmpvxia9ola']
[2026-02-09T12:28:43.311+0000] {standard_task_runner.py:91} INFO - Job 7456: Subtask download_and_load_raw
[2026-02-09T12:28:43.370+0000] {task_command.py:426} INFO - Running <TaskInstance: stock_raw_aapl.download_and_load_raw scheduled__2024-12-18T00:00:00+00:00 [running]> on host 4886d37bc122
[2026-02-09T12:28:43.453+0000] {taskinstance.py:2648} INFO - Exporting env vars: AIRFLOW_CTX_DAG_OWNER='***' AIRFLOW_CTX_DAG_ID='stock_raw_aapl' AIRFLOW_CTX_TASK_ID='download_and_load_raw' AIRFLOW_CTX_EXECUTION_DATE='2024-12-18T00:00:00+00:00' AIRFLOW_CTX_TRY_NUMBER='1' AIRFLOW_CTX_DAG_RUN_ID='scheduled__2024-12-18T00:00:00+00:00'
[2026-02-09T12:28:43.454+0000] {taskinstance.py:430} INFO - ::endgroup::
[2026-02-09T12:28:43.464+0000] {stocks_raw_dags.py:37} INFO - 2024-12-18 00:00:00+00:00, 2024-12-19 00:00:00+00:00
[2026-02-09T12:28:43.464+0000] {logging_mixin.py:188} INFO - [RAW] Download AAPL [1d] 2024-12-17..2024-12-19
[2026-02-09T12:28:43.466+0000] {logging_mixin.py:188} WARNING - /opt/***/dags/stocks_dwh/raw/stocks_raw_dags.py:42 FutureWarning: YF.download() has changed argument auto_adjust default to True
[2026-02-09T12:28:43.474+0000] {logging_mixin.py:188} WARNING - /home/***/.local/lib/python3.12/site-packages/yfinance/scrapers/history.py:204 Pandas4Warning: Timestamp.utcnow is deprecated and will be removed in a future version. Use Timestamp.now('UTC') instead.
[2026-02-09T12:28:43.990+0000] {logging_mixin.py:188} WARNING - [*********************100%***********************]  1 of 1 completed
[2026-02-09T12:28:44.024+0000] {base.py:84} INFO - Using connection ID 'dwh_clickhouse' for task execution.
[2026-02-09T12:28:44.044+0000] {logging_mixin.py:188} INFO - [RAW] Deleted existing rows for AAPL in 2024-12-17..2024-12-19
[2026-02-09T12:28:44.051+0000] {logging_mixin.py:188} INFO - [RAW] Inserted 2 rows into dwh.raw_stock_prices
[2026-02-09T12:28:44.052+0000] {python.py:237} INFO - Done. Returned value was: None
[2026-02-09T12:28:44.052+0000] {taskinstance.py:441} INFO - ::group::Post task execution logs
[2026-02-09T12:28:44.063+0000] {taskinstance.py:1206} INFO - Marking task as SUCCESS. dag_id=stock_raw_aapl, task_id=download_and_load_raw, run_id=scheduled__2024-12-18T00:00:00+00:00, execution_date=20241218T000000, start_date=20260209T122843, end_date=20260209T122844
[2026-02-09T12:28:44.125+0000] {local_task_job_runner.py:243} INFO - Task exited with return code 0
[2026-02-09T12:28:44.145+0000] {taskinstance.py:3503} INFO - 0 downstream tasks scheduled from follow-on schedule check
[2026-02-09T12:28:44.147+0000] {local_task_job_runner.py:222} INFO - ::endgroup::
