[2026-02-09T10:45:50.756+0000] {local_task_job_runner.py:120} INFO - ::group::Pre task execution logs
[2026-02-09T10:45:50.786+0000] {taskinstance.py:2076} INFO - Dependencies all met for dep_context=non-requeueable deps ti=<TaskInstance: stock_raw_aapl.download_and_load_raw scheduled__2025-11-27T00:00:00+00:00 [queued]>
[2026-02-09T10:45:50.794+0000] {taskinstance.py:2076} INFO - Dependencies all met for dep_context=requeueable deps ti=<TaskInstance: stock_raw_aapl.download_and_load_raw scheduled__2025-11-27T00:00:00+00:00 [queued]>
[2026-02-09T10:45:50.795+0000] {taskinstance.py:2306} INFO - Starting attempt 1 of 1
[2026-02-09T10:45:50.807+0000] {taskinstance.py:2330} INFO - Executing <Task(PythonOperator): download_and_load_raw> on 2025-11-27 00:00:00+00:00
[2026-02-09T10:45:50.820+0000] {logging_mixin.py:188} WARNING - /home/***/.local/lib/python3.12/site-packages/***/task/task_runner/standard_task_runner.py:62 DeprecationWarning: This process (pid=9419) is multi-threaded, use of fork() may lead to deadlocks in the child.
[2026-02-09T10:45:50.820+0000] {standard_task_runner.py:90} INFO - Running: ['***', 'tasks', 'run', 'stock_raw_aapl', 'download_and_load_raw', 'scheduled__2025-11-27T00:00:00+00:00', '--job-id', '6273', '--raw', '--subdir', 'DAGS_FOLDER/stocks_dwh/raw/stocks_raw_dags.py', '--cfg-path', '/tmp/tmp4479g0jh']
[2026-02-09T10:45:50.823+0000] {standard_task_runner.py:64} INFO - Started process 9430 to run task
[2026-02-09T10:45:50.823+0000] {standard_task_runner.py:91} INFO - Job 6273: Subtask download_and_load_raw
[2026-02-09T10:45:50.881+0000] {task_command.py:426} INFO - Running <TaskInstance: stock_raw_aapl.download_and_load_raw scheduled__2025-11-27T00:00:00+00:00 [running]> on host 4886d37bc122
[2026-02-09T10:45:50.967+0000] {taskinstance.py:2648} INFO - Exporting env vars: AIRFLOW_CTX_DAG_OWNER='***' AIRFLOW_CTX_DAG_ID='stock_raw_aapl' AIRFLOW_CTX_TASK_ID='download_and_load_raw' AIRFLOW_CTX_EXECUTION_DATE='2025-11-27T00:00:00+00:00' AIRFLOW_CTX_TRY_NUMBER='1' AIRFLOW_CTX_DAG_RUN_ID='scheduled__2025-11-27T00:00:00+00:00'
[2026-02-09T10:45:50.968+0000] {taskinstance.py:430} INFO - ::endgroup::
[2026-02-09T10:45:50.982+0000] {logging_mixin.py:188} INFO - [RAW] Download AAPL [1d] 2025-11-27..2025-11-28
[2026-02-09T10:45:50.984+0000] {logging_mixin.py:188} WARNING - /opt/***/dags/stocks_dwh/raw/stocks_raw_dags.py:38 FutureWarning: YF.download() has changed argument auto_adjust default to True
[2026-02-09T10:45:50.992+0000] {logging_mixin.py:188} WARNING - /home/***/.local/lib/python3.12/site-packages/yfinance/scrapers/history.py:204 Pandas4Warning: Timestamp.utcnow is deprecated and will be removed in a future version. Use Timestamp.now('UTC') instead.
[2026-02-09T10:45:51.472+0000] {multi.py:185} ERROR - 
1 Failed download:
[2026-02-09T10:45:51.472+0000] {multi.py:198} ERROR - ['AAPL']: YFPricesMissingError('possibly delisted; no price data found  (1d 2025-11-27 -> 2025-11-28)')
[2026-02-09T10:45:51.486+0000] {logging_mixin.py:188} INFO - [RAW] No data from yfinance
[2026-02-09T10:45:51.487+0000] {python.py:237} INFO - Done. Returned value was: None
[2026-02-09T10:45:51.487+0000] {taskinstance.py:441} INFO - ::group::Post task execution logs
[2026-02-09T10:45:51.498+0000] {taskinstance.py:1206} INFO - Marking task as SUCCESS. dag_id=stock_raw_aapl, task_id=download_and_load_raw, run_id=scheduled__2025-11-27T00:00:00+00:00, execution_date=20251127T000000, start_date=20260209T104550, end_date=20260209T104551
[2026-02-09T10:45:51.558+0000] {local_task_job_runner.py:243} INFO - Task exited with return code 0
[2026-02-09T10:45:51.575+0000] {taskinstance.py:3503} INFO - 0 downstream tasks scheduled from follow-on schedule check
[2026-02-09T10:45:51.576+0000] {local_task_job_runner.py:222} INFO - ::endgroup::
[2026-02-09T12:47:35.330+0000] {local_task_job_runner.py:120} INFO - ::group::Pre task execution logs
[2026-02-09T12:47:35.369+0000] {taskinstance.py:2076} INFO - Dependencies all met for dep_context=non-requeueable deps ti=<TaskInstance: stock_raw_aapl.download_and_load_raw scheduled__2025-11-27T00:00:00+00:00 [queued]>
[2026-02-09T12:47:35.377+0000] {taskinstance.py:2076} INFO - Dependencies all met for dep_context=requeueable deps ti=<TaskInstance: stock_raw_aapl.download_and_load_raw scheduled__2025-11-27T00:00:00+00:00 [queued]>
[2026-02-09T12:47:35.378+0000] {taskinstance.py:2306} INFO - Starting attempt 1 of 1
[2026-02-09T12:47:35.394+0000] {taskinstance.py:2330} INFO - Executing <Task(PythonOperator): download_and_load_raw> on 2025-11-27 00:00:00+00:00
[2026-02-09T12:47:35.407+0000] {logging_mixin.py:188} WARNING - /home/***/.local/lib/python3.12/site-packages/***/task/task_runner/standard_task_runner.py:62 DeprecationWarning: This process (pid=18805) is multi-threaded, use of fork() may lead to deadlocks in the child.
[2026-02-09T12:47:35.409+0000] {standard_task_runner.py:64} INFO - Started process 18807 to run task
[2026-02-09T12:47:35.407+0000] {standard_task_runner.py:90} INFO - Running: ['***', 'tasks', 'run', 'stock_raw_aapl', 'download_and_load_raw', 'scheduled__2025-11-27T00:00:00+00:00', '--job-id', '7888', '--raw', '--subdir', 'DAGS_FOLDER/stocks_dwh/raw/stocks_raw_dags.py', '--cfg-path', '/tmp/tmp54afi4gm']
[2026-02-09T12:47:35.410+0000] {standard_task_runner.py:91} INFO - Job 7888: Subtask download_and_load_raw
[2026-02-09T12:47:35.488+0000] {task_command.py:426} INFO - Running <TaskInstance: stock_raw_aapl.download_and_load_raw scheduled__2025-11-27T00:00:00+00:00 [running]> on host 4886d37bc122
[2026-02-09T12:47:35.593+0000] {taskinstance.py:2648} INFO - Exporting env vars: AIRFLOW_CTX_DAG_OWNER='***' AIRFLOW_CTX_DAG_ID='stock_raw_aapl' AIRFLOW_CTX_TASK_ID='download_and_load_raw' AIRFLOW_CTX_EXECUTION_DATE='2025-11-27T00:00:00+00:00' AIRFLOW_CTX_TRY_NUMBER='1' AIRFLOW_CTX_DAG_RUN_ID='scheduled__2025-11-27T00:00:00+00:00'
[2026-02-09T12:47:35.596+0000] {taskinstance.py:430} INFO - ::endgroup::
[2026-02-09T12:47:35.607+0000] {stocks_raw_dags.py:37} INFO - 2025-11-27 00:00:00+00:00, 2025-11-28 00:00:00+00:00
[2026-02-09T12:47:35.608+0000] {logging_mixin.py:188} INFO - [RAW] Download AAPL [1d] 2025-11-26..2025-11-28
[2026-02-09T12:47:35.610+0000] {logging_mixin.py:188} WARNING - /opt/***/dags/stocks_dwh/raw/stocks_raw_dags.py:42 FutureWarning: YF.download() has changed argument auto_adjust default to True
[2026-02-09T12:47:35.620+0000] {logging_mixin.py:188} WARNING - /home/***/.local/lib/python3.12/site-packages/yfinance/scrapers/history.py:204 Pandas4Warning: Timestamp.utcnow is deprecated and will be removed in a future version. Use Timestamp.now('UTC') instead.
[2026-02-09T12:47:36.150+0000] {logging_mixin.py:188} WARNING - [*********************100%***********************]  1 of 1 completed
[2026-02-09T12:47:36.192+0000] {base.py:84} INFO - Using connection ID 'dwh_clickhouse' for task execution.
[2026-02-09T12:47:36.227+0000] {logging_mixin.py:188} INFO - [RAW] Deleted existing rows for AAPL in 2025-11-26..2025-11-28
[2026-02-09T12:47:36.239+0000] {logging_mixin.py:188} INFO - [RAW] Inserted 1 rows into dwh.raw_stock_prices
[2026-02-09T12:47:36.242+0000] {python.py:237} INFO - Done. Returned value was: None
[2026-02-09T12:47:36.243+0000] {taskinstance.py:441} INFO - ::group::Post task execution logs
[2026-02-09T12:47:36.257+0000] {taskinstance.py:1206} INFO - Marking task as SUCCESS. dag_id=stock_raw_aapl, task_id=download_and_load_raw, run_id=scheduled__2025-11-27T00:00:00+00:00, execution_date=20251127T000000, start_date=20260209T124735, end_date=20260209T124736
[2026-02-09T12:47:36.305+0000] {local_task_job_runner.py:243} INFO - Task exited with return code 0
[2026-02-09T12:47:36.331+0000] {taskinstance.py:3503} INFO - 0 downstream tasks scheduled from follow-on schedule check
[2026-02-09T12:47:36.335+0000] {local_task_job_runner.py:222} INFO - ::endgroup::
