[2026-02-15T08:57:11.314+0000] {processor.py:161} INFO - Started process (PID=189) to work on /opt/airflow/dags/stocks/dag.py
[2026-02-15T08:57:11.315+0000] {processor.py:830} INFO - Processing file /opt/airflow/dags/stocks/dag.py for tasks to queue
[2026-02-15T08:57:11.317+0000] {logging_mixin.py:188} INFO - [2026-02-15T08:57:11.317+0000] {dagbag.py:545} INFO - Filling up the DagBag from /opt/airflow/dags/stocks/dag.py
[2026-02-15T08:57:12.612+0000] {processor.py:840} INFO - DAG(s) 'stock_raw_tsla', 'stock_raw_msft', 'stock_raw_aapl', 'stock_raw_moex_sber', 'stock_raw_nvda' retrieved from /opt/airflow/dags/stocks/dag.py
[2026-02-15T08:57:12.798+0000] {logging_mixin.py:188} INFO - [2026-02-15T08:57:12.797+0000] {dag.py:3089} INFO - Sync 5 DAGs
[2026-02-15T08:57:12.827+0000] {logging_mixin.py:188} INFO - [2026-02-15T08:57:12.826+0000] {dag.py:3947} INFO - Setting next_dagrun for stock_raw_aapl to 2026-02-15 00:00:00+00:00, run_after=2026-02-16 00:00:00+00:00
[2026-02-15T08:57:12.831+0000] {logging_mixin.py:188} INFO - [2026-02-15T08:57:12.831+0000] {dag.py:3947} INFO - Setting next_dagrun for stock_raw_moex_sber to 2026-02-15 00:00:00+00:00, run_after=2026-02-16 00:00:00+00:00
[2026-02-15T08:57:12.834+0000] {logging_mixin.py:188} INFO - [2026-02-15T08:57:12.833+0000] {dag.py:3947} INFO - Setting next_dagrun for stock_raw_msft to 2026-02-15 00:00:00+00:00, run_after=2026-02-16 00:00:00+00:00
[2026-02-15T08:57:12.836+0000] {logging_mixin.py:188} INFO - [2026-02-15T08:57:12.836+0000] {dag.py:3947} INFO - Setting next_dagrun for stock_raw_nvda to 2026-02-15 00:00:00+00:00, run_after=2026-02-16 00:00:00+00:00
[2026-02-15T08:57:12.838+0000] {logging_mixin.py:188} INFO - [2026-02-15T08:57:12.838+0000] {dag.py:3947} INFO - Setting next_dagrun for stock_raw_tsla to 2026-02-15 00:00:00+00:00, run_after=2026-02-16 00:00:00+00:00
[2026-02-15T08:57:12.860+0000] {processor.py:183} INFO - Processing /opt/airflow/dags/stocks/dag.py took 1.552 seconds
[2026-02-15T08:57:43.078+0000] {processor.py:161} INFO - Started process (PID=201) to work on /opt/airflow/dags/stocks/dag.py
[2026-02-15T08:57:43.079+0000] {processor.py:830} INFO - Processing file /opt/airflow/dags/stocks/dag.py for tasks to queue
[2026-02-15T08:57:43.081+0000] {logging_mixin.py:188} INFO - [2026-02-15T08:57:43.081+0000] {dagbag.py:545} INFO - Filling up the DagBag from /opt/airflow/dags/stocks/dag.py
[2026-02-15T08:57:43.732+0000] {processor.py:840} INFO - DAG(s) 'stock_raw_msft', 'stock_raw_aapl', 'stock_raw_moex_sber', 'stock_raw_tsla', 'stock_raw_nvda' retrieved from /opt/airflow/dags/stocks/dag.py
[2026-02-15T08:57:43.761+0000] {logging_mixin.py:188} INFO - [2026-02-15T08:57:43.760+0000] {dag.py:3089} INFO - Sync 5 DAGs
[2026-02-15T08:57:43.782+0000] {logging_mixin.py:188} INFO - [2026-02-15T08:57:43.781+0000] {dag.py:3947} INFO - Setting next_dagrun for stock_raw_aapl to 2026-02-15 00:00:00+00:00, run_after=2026-02-16 00:00:00+00:00
[2026-02-15T08:57:43.785+0000] {logging_mixin.py:188} INFO - [2026-02-15T08:57:43.785+0000] {dag.py:3947} INFO - Setting next_dagrun for stock_raw_moex_sber to 2026-02-15 00:00:00+00:00, run_after=2026-02-16 00:00:00+00:00
[2026-02-15T08:57:43.787+0000] {logging_mixin.py:188} INFO - [2026-02-15T08:57:43.787+0000] {dag.py:3947} INFO - Setting next_dagrun for stock_raw_msft to 2026-02-15 00:00:00+00:00, run_after=2026-02-16 00:00:00+00:00
[2026-02-15T08:57:43.789+0000] {logging_mixin.py:188} INFO - [2026-02-15T08:57:43.789+0000] {dag.py:3947} INFO - Setting next_dagrun for stock_raw_nvda to 2026-02-15 00:00:00+00:00, run_after=2026-02-16 00:00:00+00:00
[2026-02-15T08:57:43.791+0000] {logging_mixin.py:188} INFO - [2026-02-15T08:57:43.791+0000] {dag.py:3947} INFO - Setting next_dagrun for stock_raw_tsla to 2026-02-15 00:00:00+00:00, run_after=2026-02-16 00:00:00+00:00
[2026-02-15T08:57:43.805+0000] {processor.py:183} INFO - Processing /opt/airflow/dags/stocks/dag.py took 0.733 seconds
[2026-02-15T08:58:14.004+0000] {processor.py:161} INFO - Started process (PID=214) to work on /opt/airflow/dags/stocks/dag.py
[2026-02-15T08:58:14.006+0000] {processor.py:830} INFO - Processing file /opt/airflow/dags/stocks/dag.py for tasks to queue
[2026-02-15T08:58:14.008+0000] {logging_mixin.py:188} INFO - [2026-02-15T08:58:14.008+0000] {dagbag.py:545} INFO - Filling up the DagBag from /opt/airflow/dags/stocks/dag.py
[2026-02-15T08:58:14.697+0000] {processor.py:840} INFO - DAG(s) 'stock_raw_tsla', 'stock_raw_nvda', 'stock_raw_msft', 'stock_raw_moex_sber', 'stock_raw_aapl' retrieved from /opt/airflow/dags/stocks/dag.py
[2026-02-15T08:58:14.816+0000] {logging_mixin.py:188} INFO - [2026-02-15T08:58:14.815+0000] {dag.py:3089} INFO - Sync 5 DAGs
[2026-02-15T08:58:14.837+0000] {logging_mixin.py:188} INFO - [2026-02-15T08:58:14.837+0000] {dag.py:3947} INFO - Setting next_dagrun for stock_raw_aapl to 2026-02-15 00:00:00+00:00, run_after=2026-02-16 00:00:00+00:00
[2026-02-15T08:58:14.841+0000] {logging_mixin.py:188} INFO - [2026-02-15T08:58:14.841+0000] {dag.py:3947} INFO - Setting next_dagrun for stock_raw_moex_sber to 2026-02-15 00:00:00+00:00, run_after=2026-02-16 00:00:00+00:00
[2026-02-15T08:58:14.844+0000] {logging_mixin.py:188} INFO - [2026-02-15T08:58:14.844+0000] {dag.py:3947} INFO - Setting next_dagrun for stock_raw_msft to 2026-02-15 00:00:00+00:00, run_after=2026-02-16 00:00:00+00:00
[2026-02-15T08:58:14.846+0000] {logging_mixin.py:188} INFO - [2026-02-15T08:58:14.846+0000] {dag.py:3947} INFO - Setting next_dagrun for stock_raw_nvda to 2026-02-15 00:00:00+00:00, run_after=2026-02-16 00:00:00+00:00
[2026-02-15T08:58:14.848+0000] {logging_mixin.py:188} INFO - [2026-02-15T08:58:14.848+0000] {dag.py:3947} INFO - Setting next_dagrun for stock_raw_tsla to 2026-02-15 00:00:00+00:00, run_after=2026-02-16 00:00:00+00:00
[2026-02-15T08:58:14.867+0000] {processor.py:183} INFO - Processing /opt/airflow/dags/stocks/dag.py took 0.871 seconds
[2026-02-15T08:58:45.049+0000] {processor.py:161} INFO - Started process (PID=226) to work on /opt/airflow/dags/stocks/dag.py
[2026-02-15T08:58:45.050+0000] {processor.py:830} INFO - Processing file /opt/airflow/dags/stocks/dag.py for tasks to queue
[2026-02-15T08:58:45.052+0000] {logging_mixin.py:188} INFO - [2026-02-15T08:58:45.052+0000] {dagbag.py:545} INFO - Filling up the DagBag from /opt/airflow/dags/stocks/dag.py
[2026-02-15T08:58:45.711+0000] {processor.py:840} INFO - DAG(s) 'stock_raw_nvda', 'stock_raw_msft', 'stock_raw_tsla', 'stock_raw_aapl', 'stock_raw_moex_sber' retrieved from /opt/airflow/dags/stocks/dag.py
[2026-02-15T08:58:45.829+0000] {logging_mixin.py:188} INFO - [2026-02-15T08:58:45.829+0000] {dag.py:3089} INFO - Sync 5 DAGs
[2026-02-15T08:58:45.847+0000] {logging_mixin.py:188} INFO - [2026-02-15T08:58:45.847+0000] {dag.py:3947} INFO - Setting next_dagrun for stock_raw_aapl to 2026-02-15 00:00:00+00:00, run_after=2026-02-16 00:00:00+00:00
[2026-02-15T08:58:45.852+0000] {logging_mixin.py:188} INFO - [2026-02-15T08:58:45.852+0000] {dag.py:3947} INFO - Setting next_dagrun for stock_raw_moex_sber to 2026-02-15 00:00:00+00:00, run_after=2026-02-16 00:00:00+00:00
[2026-02-15T08:58:45.854+0000] {logging_mixin.py:188} INFO - [2026-02-15T08:58:45.853+0000] {dag.py:3947} INFO - Setting next_dagrun for stock_raw_msft to 2026-02-15 00:00:00+00:00, run_after=2026-02-16 00:00:00+00:00
[2026-02-15T08:58:45.855+0000] {logging_mixin.py:188} INFO - [2026-02-15T08:58:45.855+0000] {dag.py:3947} INFO - Setting next_dagrun for stock_raw_nvda to 2026-02-15 00:00:00+00:00, run_after=2026-02-16 00:00:00+00:00
[2026-02-15T08:58:45.857+0000] {logging_mixin.py:188} INFO - [2026-02-15T08:58:45.857+0000] {dag.py:3947} INFO - Setting next_dagrun for stock_raw_tsla to 2026-02-15 00:00:00+00:00, run_after=2026-02-16 00:00:00+00:00
[2026-02-15T08:58:45.871+0000] {processor.py:183} INFO - Processing /opt/airflow/dags/stocks/dag.py took 0.829 seconds
[2026-02-15T08:59:16.043+0000] {processor.py:161} INFO - Started process (PID=238) to work on /opt/airflow/dags/stocks/dag.py
[2026-02-15T08:59:16.044+0000] {processor.py:830} INFO - Processing file /opt/airflow/dags/stocks/dag.py for tasks to queue
[2026-02-15T08:59:16.046+0000] {logging_mixin.py:188} INFO - [2026-02-15T08:59:16.046+0000] {dagbag.py:545} INFO - Filling up the DagBag from /opt/airflow/dags/stocks/dag.py
[2026-02-15T08:59:16.707+0000] {processor.py:840} INFO - DAG(s) 'stock_raw_aapl', 'stock_raw_nvda', 'stock_raw_tsla', 'stock_raw_msft', 'stock_raw_moex_sber' retrieved from /opt/airflow/dags/stocks/dag.py
[2026-02-15T08:59:16.735+0000] {logging_mixin.py:188} INFO - [2026-02-15T08:59:16.735+0000] {dag.py:3089} INFO - Sync 5 DAGs
[2026-02-15T08:59:16.756+0000] {logging_mixin.py:188} INFO - [2026-02-15T08:59:16.755+0000] {dag.py:3947} INFO - Setting next_dagrun for stock_raw_aapl to 2026-02-15 00:00:00+00:00, run_after=2026-02-16 00:00:00+00:00
[2026-02-15T08:59:16.761+0000] {logging_mixin.py:188} INFO - [2026-02-15T08:59:16.761+0000] {dag.py:3947} INFO - Setting next_dagrun for stock_raw_moex_sber to 2026-02-15 00:00:00+00:00, run_after=2026-02-16 00:00:00+00:00
[2026-02-15T08:59:16.763+0000] {logging_mixin.py:188} INFO - [2026-02-15T08:59:16.763+0000] {dag.py:3947} INFO - Setting next_dagrun for stock_raw_msft to 2026-02-15 00:00:00+00:00, run_after=2026-02-16 00:00:00+00:00
[2026-02-15T08:59:16.765+0000] {logging_mixin.py:188} INFO - [2026-02-15T08:59:16.765+0000] {dag.py:3947} INFO - Setting next_dagrun for stock_raw_nvda to 2026-02-15 00:00:00+00:00, run_after=2026-02-16 00:00:00+00:00
[2026-02-15T08:59:16.766+0000] {logging_mixin.py:188} INFO - [2026-02-15T08:59:16.766+0000] {dag.py:3947} INFO - Setting next_dagrun for stock_raw_tsla to 2026-02-15 00:00:00+00:00, run_after=2026-02-16 00:00:00+00:00
[2026-02-15T08:59:16.779+0000] {processor.py:183} INFO - Processing /opt/airflow/dags/stocks/dag.py took 0.743 seconds
[2026-02-15T08:59:46.962+0000] {processor.py:161} INFO - Started process (PID=250) to work on /opt/airflow/dags/stocks/dag.py
[2026-02-15T08:59:46.963+0000] {processor.py:830} INFO - Processing file /opt/airflow/dags/stocks/dag.py for tasks to queue
[2026-02-15T08:59:46.965+0000] {logging_mixin.py:188} INFO - [2026-02-15T08:59:46.965+0000] {dagbag.py:545} INFO - Filling up the DagBag from /opt/airflow/dags/stocks/dag.py
[2026-02-15T08:59:47.647+0000] {processor.py:840} INFO - DAG(s) 'stock_raw_msft', 'stock_raw_moex_sber', 'stock_raw_tsla', 'stock_raw_nvda', 'stock_raw_aapl' retrieved from /opt/airflow/dags/stocks/dag.py
[2026-02-15T08:59:47.675+0000] {logging_mixin.py:188} INFO - [2026-02-15T08:59:47.675+0000] {dag.py:3089} INFO - Sync 5 DAGs
[2026-02-15T08:59:47.700+0000] {logging_mixin.py:188} INFO - [2026-02-15T08:59:47.700+0000] {dag.py:3947} INFO - Setting next_dagrun for stock_raw_aapl to 2026-02-15 00:00:00+00:00, run_after=2026-02-16 00:00:00+00:00
[2026-02-15T08:59:47.706+0000] {logging_mixin.py:188} INFO - [2026-02-15T08:59:47.706+0000] {dag.py:3947} INFO - Setting next_dagrun for stock_raw_moex_sber to 2026-02-15 00:00:00+00:00, run_after=2026-02-16 00:00:00+00:00
[2026-02-15T08:59:47.708+0000] {logging_mixin.py:188} INFO - [2026-02-15T08:59:47.708+0000] {dag.py:3947} INFO - Setting next_dagrun for stock_raw_msft to 2026-02-15 00:00:00+00:00, run_after=2026-02-16 00:00:00+00:00
[2026-02-15T08:59:47.711+0000] {logging_mixin.py:188} INFO - [2026-02-15T08:59:47.710+0000] {dag.py:3947} INFO - Setting next_dagrun for stock_raw_nvda to 2026-02-15 00:00:00+00:00, run_after=2026-02-16 00:00:00+00:00
[2026-02-15T08:59:47.713+0000] {logging_mixin.py:188} INFO - [2026-02-15T08:59:47.712+0000] {dag.py:3947} INFO - Setting next_dagrun for stock_raw_tsla to 2026-02-15 00:00:00+00:00, run_after=2026-02-16 00:00:00+00:00
[2026-02-15T08:59:47.729+0000] {processor.py:183} INFO - Processing /opt/airflow/dags/stocks/dag.py took 0.774 seconds
[2026-02-15T09:00:17.925+0000] {processor.py:161} INFO - Started process (PID=262) to work on /opt/airflow/dags/stocks/dag.py
[2026-02-15T09:00:17.926+0000] {processor.py:830} INFO - Processing file /opt/airflow/dags/stocks/dag.py for tasks to queue
[2026-02-15T09:00:17.928+0000] {logging_mixin.py:188} INFO - [2026-02-15T09:00:17.928+0000] {dagbag.py:545} INFO - Filling up the DagBag from /opt/airflow/dags/stocks/dag.py
[2026-02-15T09:00:18.639+0000] {processor.py:840} INFO - DAG(s) 'stock_raw_tsla', 'stock_raw_moex_sber', 'stock_raw_nvda', 'stock_raw_aapl', 'stock_raw_msft' retrieved from /opt/airflow/dags/stocks/dag.py
[2026-02-15T09:00:18.669+0000] {logging_mixin.py:188} INFO - [2026-02-15T09:00:18.669+0000] {dag.py:3089} INFO - Sync 5 DAGs
[2026-02-15T09:00:18.693+0000] {logging_mixin.py:188} INFO - [2026-02-15T09:00:18.693+0000] {dag.py:3947} INFO - Setting next_dagrun for stock_raw_aapl to 2026-02-15 00:00:00+00:00, run_after=2026-02-16 00:00:00+00:00
[2026-02-15T09:00:18.698+0000] {logging_mixin.py:188} INFO - [2026-02-15T09:00:18.698+0000] {dag.py:3947} INFO - Setting next_dagrun for stock_raw_moex_sber to 2026-02-15 00:00:00+00:00, run_after=2026-02-16 00:00:00+00:00
[2026-02-15T09:00:18.701+0000] {logging_mixin.py:188} INFO - [2026-02-15T09:00:18.700+0000] {dag.py:3947} INFO - Setting next_dagrun for stock_raw_msft to 2026-02-15 00:00:00+00:00, run_after=2026-02-16 00:00:00+00:00
[2026-02-15T09:00:18.705+0000] {logging_mixin.py:188} INFO - [2026-02-15T09:00:18.705+0000] {dag.py:3947} INFO - Setting next_dagrun for stock_raw_nvda to 2026-02-15 00:00:00+00:00, run_after=2026-02-16 00:00:00+00:00
[2026-02-15T09:00:18.708+0000] {logging_mixin.py:188} INFO - [2026-02-15T09:00:18.707+0000] {dag.py:3947} INFO - Setting next_dagrun for stock_raw_tsla to 2026-02-15 00:00:00+00:00, run_after=2026-02-16 00:00:00+00:00
[2026-02-15T09:00:18.722+0000] {processor.py:183} INFO - Processing /opt/airflow/dags/stocks/dag.py took 0.803 seconds
[2026-02-15T09:00:48.914+0000] {processor.py:161} INFO - Started process (PID=274) to work on /opt/airflow/dags/stocks/dag.py
[2026-02-15T09:00:48.915+0000] {processor.py:830} INFO - Processing file /opt/airflow/dags/stocks/dag.py for tasks to queue
[2026-02-15T09:00:48.917+0000] {logging_mixin.py:188} INFO - [2026-02-15T09:00:48.916+0000] {dagbag.py:545} INFO - Filling up the DagBag from /opt/airflow/dags/stocks/dag.py
[2026-02-15T09:00:49.584+0000] {processor.py:840} INFO - DAG(s) 'stock_raw_aapl', 'stock_raw_msft', 'stock_raw_nvda', 'stock_raw_tsla', 'stock_raw_moex_sber' retrieved from /opt/airflow/dags/stocks/dag.py
[2026-02-15T09:00:49.614+0000] {logging_mixin.py:188} INFO - [2026-02-15T09:00:49.614+0000] {dag.py:3089} INFO - Sync 5 DAGs
[2026-02-15T09:00:49.635+0000] {logging_mixin.py:188} INFO - [2026-02-15T09:00:49.635+0000] {dag.py:3947} INFO - Setting next_dagrun for stock_raw_aapl to 2026-02-15 00:00:00+00:00, run_after=2026-02-16 00:00:00+00:00
[2026-02-15T09:00:49.639+0000] {logging_mixin.py:188} INFO - [2026-02-15T09:00:49.639+0000] {dag.py:3947} INFO - Setting next_dagrun for stock_raw_moex_sber to 2026-02-15 00:00:00+00:00, run_after=2026-02-16 00:00:00+00:00
[2026-02-15T09:00:49.641+0000] {logging_mixin.py:188} INFO - [2026-02-15T09:00:49.641+0000] {dag.py:3947} INFO - Setting next_dagrun for stock_raw_msft to 2026-02-15 00:00:00+00:00, run_after=2026-02-16 00:00:00+00:00
[2026-02-15T09:00:49.643+0000] {logging_mixin.py:188} INFO - [2026-02-15T09:00:49.643+0000] {dag.py:3947} INFO - Setting next_dagrun for stock_raw_nvda to 2026-02-15 00:00:00+00:00, run_after=2026-02-16 00:00:00+00:00
[2026-02-15T09:00:49.645+0000] {logging_mixin.py:188} INFO - [2026-02-15T09:00:49.644+0000] {dag.py:3947} INFO - Setting next_dagrun for stock_raw_tsla to 2026-02-15 00:00:00+00:00, run_after=2026-02-16 00:00:00+00:00
[2026-02-15T09:00:49.659+0000] {processor.py:183} INFO - Processing /opt/airflow/dags/stocks/dag.py took 0.751 seconds
[2026-02-15T09:01:19.840+0000] {processor.py:161} INFO - Started process (PID=286) to work on /opt/airflow/dags/stocks/dag.py
[2026-02-15T09:01:19.841+0000] {processor.py:830} INFO - Processing file /opt/airflow/dags/stocks/dag.py for tasks to queue
[2026-02-15T09:01:19.843+0000] {logging_mixin.py:188} INFO - [2026-02-15T09:01:19.842+0000] {dagbag.py:545} INFO - Filling up the DagBag from /opt/airflow/dags/stocks/dag.py
[2026-02-15T09:01:20.491+0000] {processor.py:840} INFO - DAG(s) 'stock_raw_aapl', 'stock_raw_tsla', 'stock_raw_moex_sber', 'stock_raw_nvda', 'stock_raw_msft' retrieved from /opt/airflow/dags/stocks/dag.py
[2026-02-15T09:01:20.518+0000] {logging_mixin.py:188} INFO - [2026-02-15T09:01:20.518+0000] {dag.py:3089} INFO - Sync 5 DAGs
[2026-02-15T09:01:20.538+0000] {logging_mixin.py:188} INFO - [2026-02-15T09:01:20.538+0000] {dag.py:3947} INFO - Setting next_dagrun for stock_raw_aapl to 2026-02-15 00:00:00+00:00, run_after=2026-02-16 00:00:00+00:00
[2026-02-15T09:01:20.542+0000] {logging_mixin.py:188} INFO - [2026-02-15T09:01:20.542+0000] {dag.py:3947} INFO - Setting next_dagrun for stock_raw_moex_sber to 2026-02-15 00:00:00+00:00, run_after=2026-02-16 00:00:00+00:00
[2026-02-15T09:01:20.544+0000] {logging_mixin.py:188} INFO - [2026-02-15T09:01:20.544+0000] {dag.py:3947} INFO - Setting next_dagrun for stock_raw_msft to 2026-02-15 00:00:00+00:00, run_after=2026-02-16 00:00:00+00:00
[2026-02-15T09:01:20.545+0000] {logging_mixin.py:188} INFO - [2026-02-15T09:01:20.545+0000] {dag.py:3947} INFO - Setting next_dagrun for stock_raw_nvda to 2026-02-15 00:00:00+00:00, run_after=2026-02-16 00:00:00+00:00
[2026-02-15T09:01:20.547+0000] {logging_mixin.py:188} INFO - [2026-02-15T09:01:20.547+0000] {dag.py:3947} INFO - Setting next_dagrun for stock_raw_tsla to 2026-02-15 00:00:00+00:00, run_after=2026-02-16 00:00:00+00:00
[2026-02-15T09:01:20.560+0000] {processor.py:183} INFO - Processing /opt/airflow/dags/stocks/dag.py took 0.726 seconds
[2026-02-15T09:01:50.726+0000] {processor.py:161} INFO - Started process (PID=298) to work on /opt/airflow/dags/stocks/dag.py
[2026-02-15T09:01:50.727+0000] {processor.py:830} INFO - Processing file /opt/airflow/dags/stocks/dag.py for tasks to queue
[2026-02-15T09:01:50.729+0000] {logging_mixin.py:188} INFO - [2026-02-15T09:01:50.728+0000] {dagbag.py:545} INFO - Filling up the DagBag from /opt/airflow/dags/stocks/dag.py
[2026-02-15T09:01:51.396+0000] {processor.py:840} INFO - DAG(s) 'stock_raw_tsla', 'stock_raw_aapl', 'stock_raw_msft', 'stock_raw_nvda', 'stock_raw_moex_sber' retrieved from /opt/airflow/dags/stocks/dag.py
[2026-02-15T09:01:51.425+0000] {logging_mixin.py:188} INFO - [2026-02-15T09:01:51.425+0000] {dag.py:3089} INFO - Sync 5 DAGs
[2026-02-15T09:01:51.445+0000] {logging_mixin.py:188} INFO - [2026-02-15T09:01:51.445+0000] {dag.py:3947} INFO - Setting next_dagrun for stock_raw_aapl to 2026-02-15 00:00:00+00:00, run_after=2026-02-16 00:00:00+00:00
[2026-02-15T09:01:51.449+0000] {logging_mixin.py:188} INFO - [2026-02-15T09:01:51.449+0000] {dag.py:3947} INFO - Setting next_dagrun for stock_raw_moex_sber to 2026-02-15 00:00:00+00:00, run_after=2026-02-16 00:00:00+00:00
[2026-02-15T09:01:51.451+0000] {logging_mixin.py:188} INFO - [2026-02-15T09:01:51.451+0000] {dag.py:3947} INFO - Setting next_dagrun for stock_raw_msft to 2026-02-15 00:00:00+00:00, run_after=2026-02-16 00:00:00+00:00
[2026-02-15T09:01:51.453+0000] {logging_mixin.py:188} INFO - [2026-02-15T09:01:51.452+0000] {dag.py:3947} INFO - Setting next_dagrun for stock_raw_nvda to 2026-02-15 00:00:00+00:00, run_after=2026-02-16 00:00:00+00:00
[2026-02-15T09:01:51.454+0000] {logging_mixin.py:188} INFO - [2026-02-15T09:01:51.454+0000] {dag.py:3947} INFO - Setting next_dagrun for stock_raw_tsla to 2026-02-15 00:00:00+00:00, run_after=2026-02-16 00:00:00+00:00
[2026-02-15T09:01:51.467+0000] {processor.py:183} INFO - Processing /opt/airflow/dags/stocks/dag.py took 0.747 seconds
[2026-02-15T09:02:21.751+0000] {processor.py:161} INFO - Started process (PID=310) to work on /opt/airflow/dags/stocks/dag.py
[2026-02-15T09:02:21.752+0000] {processor.py:830} INFO - Processing file /opt/airflow/dags/stocks/dag.py for tasks to queue
[2026-02-15T09:02:21.754+0000] {logging_mixin.py:188} INFO - [2026-02-15T09:02:21.753+0000] {dagbag.py:545} INFO - Filling up the DagBag from /opt/airflow/dags/stocks/dag.py
[2026-02-15T09:02:22.407+0000] {processor.py:840} INFO - DAG(s) 'stock_raw_aapl', 'stock_raw_moex_sber', 'stock_raw_msft', 'stock_raw_tsla', 'stock_raw_nvda' retrieved from /opt/airflow/dags/stocks/dag.py
[2026-02-15T09:02:22.435+0000] {logging_mixin.py:188} INFO - [2026-02-15T09:02:22.434+0000] {dag.py:3089} INFO - Sync 5 DAGs
[2026-02-15T09:02:22.456+0000] {logging_mixin.py:188} INFO - [2026-02-15T09:02:22.455+0000] {dag.py:3947} INFO - Setting next_dagrun for stock_raw_aapl to 2026-02-15 00:00:00+00:00, run_after=2026-02-16 00:00:00+00:00
[2026-02-15T09:02:22.460+0000] {logging_mixin.py:188} INFO - [2026-02-15T09:02:22.459+0000] {dag.py:3947} INFO - Setting next_dagrun for stock_raw_moex_sber to 2026-02-15 00:00:00+00:00, run_after=2026-02-16 00:00:00+00:00
[2026-02-15T09:02:22.461+0000] {logging_mixin.py:188} INFO - [2026-02-15T09:02:22.461+0000] {dag.py:3947} INFO - Setting next_dagrun for stock_raw_msft to 2026-02-15 00:00:00+00:00, run_after=2026-02-16 00:00:00+00:00
[2026-02-15T09:02:22.463+0000] {logging_mixin.py:188} INFO - [2026-02-15T09:02:22.463+0000] {dag.py:3947} INFO - Setting next_dagrun for stock_raw_nvda to 2026-02-15 00:00:00+00:00, run_after=2026-02-16 00:00:00+00:00
[2026-02-15T09:02:22.465+0000] {logging_mixin.py:188} INFO - [2026-02-15T09:02:22.465+0000] {dag.py:3947} INFO - Setting next_dagrun for stock_raw_tsla to 2026-02-15 00:00:00+00:00, run_after=2026-02-16 00:00:00+00:00
[2026-02-15T09:02:22.477+0000] {processor.py:183} INFO - Processing /opt/airflow/dags/stocks/dag.py took 0.732 seconds
[2026-02-15T09:02:52.659+0000] {processor.py:161} INFO - Started process (PID=322) to work on /opt/airflow/dags/stocks/dag.py
[2026-02-15T09:02:52.660+0000] {processor.py:830} INFO - Processing file /opt/airflow/dags/stocks/dag.py for tasks to queue
[2026-02-15T09:02:52.662+0000] {logging_mixin.py:188} INFO - [2026-02-15T09:02:52.662+0000] {dagbag.py:545} INFO - Filling up the DagBag from /opt/airflow/dags/stocks/dag.py
[2026-02-15T09:02:53.313+0000] {processor.py:840} INFO - DAG(s) 'stock_raw_aapl', 'stock_raw_msft', 'stock_raw_moex_sber', 'stock_raw_nvda', 'stock_raw_tsla' retrieved from /opt/airflow/dags/stocks/dag.py
[2026-02-15T09:02:53.342+0000] {logging_mixin.py:188} INFO - [2026-02-15T09:02:53.341+0000] {dag.py:3089} INFO - Sync 5 DAGs
[2026-02-15T09:02:53.363+0000] {logging_mixin.py:188} INFO - [2026-02-15T09:02:53.363+0000] {dag.py:3947} INFO - Setting next_dagrun for stock_raw_aapl to 2026-02-15 00:00:00+00:00, run_after=2026-02-16 00:00:00+00:00
[2026-02-15T09:02:53.367+0000] {logging_mixin.py:188} INFO - [2026-02-15T09:02:53.367+0000] {dag.py:3947} INFO - Setting next_dagrun for stock_raw_moex_sber to 2026-02-15 00:00:00+00:00, run_after=2026-02-16 00:00:00+00:00
[2026-02-15T09:02:53.369+0000] {logging_mixin.py:188} INFO - [2026-02-15T09:02:53.369+0000] {dag.py:3947} INFO - Setting next_dagrun for stock_raw_msft to 2026-02-15 00:00:00+00:00, run_after=2026-02-16 00:00:00+00:00
[2026-02-15T09:02:53.371+0000] {logging_mixin.py:188} INFO - [2026-02-15T09:02:53.371+0000] {dag.py:3947} INFO - Setting next_dagrun for stock_raw_nvda to 2026-02-15 00:00:00+00:00, run_after=2026-02-16 00:00:00+00:00
[2026-02-15T09:02:53.373+0000] {logging_mixin.py:188} INFO - [2026-02-15T09:02:53.373+0000] {dag.py:3947} INFO - Setting next_dagrun for stock_raw_tsla to 2026-02-15 00:00:00+00:00, run_after=2026-02-16 00:00:00+00:00
[2026-02-15T09:02:53.385+0000] {processor.py:183} INFO - Processing /opt/airflow/dags/stocks/dag.py took 0.735 seconds
[2026-02-15T09:03:23.564+0000] {processor.py:161} INFO - Started process (PID=334) to work on /opt/airflow/dags/stocks/dag.py
[2026-02-15T09:03:23.565+0000] {processor.py:830} INFO - Processing file /opt/airflow/dags/stocks/dag.py for tasks to queue
[2026-02-15T09:03:23.567+0000] {logging_mixin.py:188} INFO - [2026-02-15T09:03:23.567+0000] {dagbag.py:545} INFO - Filling up the DagBag from /opt/airflow/dags/stocks/dag.py
[2026-02-15T09:03:24.206+0000] {processor.py:840} INFO - DAG(s) 'stock_raw_tsla', 'stock_raw_moex_sber', 'stock_raw_msft', 'stock_raw_aapl', 'stock_raw_nvda' retrieved from /opt/airflow/dags/stocks/dag.py
[2026-02-15T09:03:24.234+0000] {logging_mixin.py:188} INFO - [2026-02-15T09:03:24.234+0000] {dag.py:3089} INFO - Sync 5 DAGs
[2026-02-15T09:03:24.257+0000] {logging_mixin.py:188} INFO - [2026-02-15T09:03:24.257+0000] {dag.py:3947} INFO - Setting next_dagrun for stock_raw_aapl to 2026-02-15 00:00:00+00:00, run_after=2026-02-16 00:00:00+00:00
[2026-02-15T09:03:24.261+0000] {logging_mixin.py:188} INFO - [2026-02-15T09:03:24.261+0000] {dag.py:3947} INFO - Setting next_dagrun for stock_raw_moex_sber to 2026-02-15 00:00:00+00:00, run_after=2026-02-16 00:00:00+00:00
[2026-02-15T09:03:24.264+0000] {logging_mixin.py:188} INFO - [2026-02-15T09:03:24.264+0000] {dag.py:3947} INFO - Setting next_dagrun for stock_raw_msft to 2026-02-15 00:00:00+00:00, run_after=2026-02-16 00:00:00+00:00
[2026-02-15T09:03:24.266+0000] {logging_mixin.py:188} INFO - [2026-02-15T09:03:24.266+0000] {dag.py:3947} INFO - Setting next_dagrun for stock_raw_nvda to 2026-02-15 00:00:00+00:00, run_after=2026-02-16 00:00:00+00:00
[2026-02-15T09:03:24.267+0000] {logging_mixin.py:188} INFO - [2026-02-15T09:03:24.267+0000] {dag.py:3947} INFO - Setting next_dagrun for stock_raw_tsla to 2026-02-15 00:00:00+00:00, run_after=2026-02-16 00:00:00+00:00
[2026-02-15T09:03:24.281+0000] {processor.py:183} INFO - Processing /opt/airflow/dags/stocks/dag.py took 0.723 seconds
[2026-02-15T09:03:54.462+0000] {processor.py:161} INFO - Started process (PID=346) to work on /opt/airflow/dags/stocks/dag.py
[2026-02-15T09:03:54.463+0000] {processor.py:830} INFO - Processing file /opt/airflow/dags/stocks/dag.py for tasks to queue
[2026-02-15T09:03:54.465+0000] {logging_mixin.py:188} INFO - [2026-02-15T09:03:54.465+0000] {dagbag.py:545} INFO - Filling up the DagBag from /opt/airflow/dags/stocks/dag.py
[2026-02-15T09:03:55.089+0000] {processor.py:840} INFO - DAG(s) 'stock_raw_aapl', 'stock_raw_msft', 'stock_raw_moex_sber', 'stock_raw_tsla', 'stock_raw_nvda' retrieved from /opt/airflow/dags/stocks/dag.py
[2026-02-15T09:03:55.117+0000] {logging_mixin.py:188} INFO - [2026-02-15T09:03:55.116+0000] {dag.py:3089} INFO - Sync 5 DAGs
[2026-02-15T09:03:55.136+0000] {logging_mixin.py:188} INFO - [2026-02-15T09:03:55.136+0000] {dag.py:3947} INFO - Setting next_dagrun for stock_raw_aapl to 2026-02-15 00:00:00+00:00, run_after=2026-02-16 00:00:00+00:00
[2026-02-15T09:03:55.140+0000] {logging_mixin.py:188} INFO - [2026-02-15T09:03:55.139+0000] {dag.py:3947} INFO - Setting next_dagrun for stock_raw_moex_sber to 2026-02-15 00:00:00+00:00, run_after=2026-02-16 00:00:00+00:00
[2026-02-15T09:03:55.141+0000] {logging_mixin.py:188} INFO - [2026-02-15T09:03:55.141+0000] {dag.py:3947} INFO - Setting next_dagrun for stock_raw_msft to 2026-02-15 00:00:00+00:00, run_after=2026-02-16 00:00:00+00:00
[2026-02-15T09:03:55.143+0000] {logging_mixin.py:188} INFO - [2026-02-15T09:03:55.143+0000] {dag.py:3947} INFO - Setting next_dagrun for stock_raw_nvda to 2026-02-15 00:00:00+00:00, run_after=2026-02-16 00:00:00+00:00
[2026-02-15T09:03:55.145+0000] {logging_mixin.py:188} INFO - [2026-02-15T09:03:55.144+0000] {dag.py:3947} INFO - Setting next_dagrun for stock_raw_tsla to 2026-02-15 00:00:00+00:00, run_after=2026-02-16 00:00:00+00:00
[2026-02-15T09:03:55.158+0000] {processor.py:183} INFO - Processing /opt/airflow/dags/stocks/dag.py took 0.702 seconds
[2026-02-15T09:04:25.357+0000] {processor.py:161} INFO - Started process (PID=358) to work on /opt/airflow/dags/stocks/dag.py
[2026-02-15T09:04:25.358+0000] {processor.py:830} INFO - Processing file /opt/airflow/dags/stocks/dag.py for tasks to queue
[2026-02-15T09:04:25.360+0000] {logging_mixin.py:188} INFO - [2026-02-15T09:04:25.360+0000] {dagbag.py:545} INFO - Filling up the DagBag from /opt/airflow/dags/stocks/dag.py
[2026-02-15T09:04:26.088+0000] {processor.py:840} INFO - DAG(s) 'stock_raw_nvda', 'stock_raw_msft', 'stock_raw_moex_sber', 'stock_raw_tsla', 'stock_raw_aapl' retrieved from /opt/airflow/dags/stocks/dag.py
[2026-02-15T09:04:26.117+0000] {logging_mixin.py:188} INFO - [2026-02-15T09:04:26.116+0000] {dag.py:3089} INFO - Sync 5 DAGs
[2026-02-15T09:04:26.138+0000] {logging_mixin.py:188} INFO - [2026-02-15T09:04:26.137+0000] {dag.py:3947} INFO - Setting next_dagrun for stock_raw_aapl to 2026-02-15 00:00:00+00:00, run_after=2026-02-16 00:00:00+00:00
[2026-02-15T09:04:26.142+0000] {logging_mixin.py:188} INFO - [2026-02-15T09:04:26.141+0000] {dag.py:3947} INFO - Setting next_dagrun for stock_raw_moex_sber to 2026-02-15 00:00:00+00:00, run_after=2026-02-16 00:00:00+00:00
[2026-02-15T09:04:26.144+0000] {logging_mixin.py:188} INFO - [2026-02-15T09:04:26.143+0000] {dag.py:3947} INFO - Setting next_dagrun for stock_raw_msft to 2026-02-15 00:00:00+00:00, run_after=2026-02-16 00:00:00+00:00
[2026-02-15T09:04:26.145+0000] {logging_mixin.py:188} INFO - [2026-02-15T09:04:26.145+0000] {dag.py:3947} INFO - Setting next_dagrun for stock_raw_nvda to 2026-02-15 00:00:00+00:00, run_after=2026-02-16 00:00:00+00:00
[2026-02-15T09:04:26.148+0000] {logging_mixin.py:188} INFO - [2026-02-15T09:04:26.148+0000] {dag.py:3947} INFO - Setting next_dagrun for stock_raw_tsla to 2026-02-15 00:00:00+00:00, run_after=2026-02-16 00:00:00+00:00
[2026-02-15T09:04:26.165+0000] {processor.py:183} INFO - Processing /opt/airflow/dags/stocks/dag.py took 0.814 seconds
[2026-02-15T09:04:56.355+0000] {processor.py:161} INFO - Started process (PID=370) to work on /opt/airflow/dags/stocks/dag.py
[2026-02-15T09:04:56.356+0000] {processor.py:830} INFO - Processing file /opt/airflow/dags/stocks/dag.py for tasks to queue
[2026-02-15T09:04:56.358+0000] {logging_mixin.py:188} INFO - [2026-02-15T09:04:56.358+0000] {dagbag.py:545} INFO - Filling up the DagBag from /opt/airflow/dags/stocks/dag.py
[2026-02-15T09:04:57.016+0000] {processor.py:840} INFO - DAG(s) 'stock_raw_tsla', 'stock_raw_moex_sber', 'stock_raw_msft', 'stock_raw_aapl', 'stock_raw_nvda' retrieved from /opt/airflow/dags/stocks/dag.py
[2026-02-15T09:04:57.044+0000] {logging_mixin.py:188} INFO - [2026-02-15T09:04:57.043+0000] {dag.py:3089} INFO - Sync 5 DAGs
[2026-02-15T09:04:57.064+0000] {logging_mixin.py:188} INFO - [2026-02-15T09:04:57.064+0000] {dag.py:3947} INFO - Setting next_dagrun for stock_raw_aapl to 2026-02-15 00:00:00+00:00, run_after=2026-02-16 00:00:00+00:00
[2026-02-15T09:04:57.068+0000] {logging_mixin.py:188} INFO - [2026-02-15T09:04:57.068+0000] {dag.py:3947} INFO - Setting next_dagrun for stock_raw_moex_sber to 2026-02-15 00:00:00+00:00, run_after=2026-02-16 00:00:00+00:00
[2026-02-15T09:04:57.070+0000] {logging_mixin.py:188} INFO - [2026-02-15T09:04:57.070+0000] {dag.py:3947} INFO - Setting next_dagrun for stock_raw_msft to 2026-02-15 00:00:00+00:00, run_after=2026-02-16 00:00:00+00:00
[2026-02-15T09:04:57.071+0000] {logging_mixin.py:188} INFO - [2026-02-15T09:04:57.071+0000] {dag.py:3947} INFO - Setting next_dagrun for stock_raw_nvda to 2026-02-15 00:00:00+00:00, run_after=2026-02-16 00:00:00+00:00
[2026-02-15T09:04:57.073+0000] {logging_mixin.py:188} INFO - [2026-02-15T09:04:57.073+0000] {dag.py:3947} INFO - Setting next_dagrun for stock_raw_tsla to 2026-02-15 00:00:00+00:00, run_after=2026-02-16 00:00:00+00:00
[2026-02-15T09:04:57.087+0000] {processor.py:183} INFO - Processing /opt/airflow/dags/stocks/dag.py took 0.737 seconds
[2026-02-15T09:05:27.268+0000] {processor.py:161} INFO - Started process (PID=382) to work on /opt/airflow/dags/stocks/dag.py
[2026-02-15T09:05:27.269+0000] {processor.py:830} INFO - Processing file /opt/airflow/dags/stocks/dag.py for tasks to queue
[2026-02-15T09:05:27.270+0000] {logging_mixin.py:188} INFO - [2026-02-15T09:05:27.270+0000] {dagbag.py:545} INFO - Filling up the DagBag from /opt/airflow/dags/stocks/dag.py
[2026-02-15T09:05:27.892+0000] {processor.py:840} INFO - DAG(s) 'stock_raw_msft', 'stock_raw_nvda', 'stock_raw_moex_sber', 'stock_raw_aapl', 'stock_raw_tsla' retrieved from /opt/airflow/dags/stocks/dag.py
[2026-02-15T09:05:27.919+0000] {logging_mixin.py:188} INFO - [2026-02-15T09:05:27.919+0000] {dag.py:3089} INFO - Sync 5 DAGs
[2026-02-15T09:05:27.940+0000] {logging_mixin.py:188} INFO - [2026-02-15T09:05:27.940+0000] {dag.py:3947} INFO - Setting next_dagrun for stock_raw_aapl to 2026-02-15 00:00:00+00:00, run_after=2026-02-16 00:00:00+00:00
[2026-02-15T09:05:27.944+0000] {logging_mixin.py:188} INFO - [2026-02-15T09:05:27.944+0000] {dag.py:3947} INFO - Setting next_dagrun for stock_raw_moex_sber to 2026-02-15 00:00:00+00:00, run_after=2026-02-16 00:00:00+00:00
[2026-02-15T09:05:27.946+0000] {logging_mixin.py:188} INFO - [2026-02-15T09:05:27.946+0000] {dag.py:3947} INFO - Setting next_dagrun for stock_raw_msft to 2026-02-15 00:00:00+00:00, run_after=2026-02-16 00:00:00+00:00
[2026-02-15T09:05:27.947+0000] {logging_mixin.py:188} INFO - [2026-02-15T09:05:27.947+0000] {dag.py:3947} INFO - Setting next_dagrun for stock_raw_nvda to 2026-02-15 00:00:00+00:00, run_after=2026-02-16 00:00:00+00:00
[2026-02-15T09:05:27.949+0000] {logging_mixin.py:188} INFO - [2026-02-15T09:05:27.949+0000] {dag.py:3947} INFO - Setting next_dagrun for stock_raw_tsla to 2026-02-15 00:00:00+00:00, run_after=2026-02-16 00:00:00+00:00
[2026-02-15T09:05:27.962+0000] {processor.py:183} INFO - Processing /opt/airflow/dags/stocks/dag.py took 0.700 seconds
[2026-02-15T09:05:58.133+0000] {processor.py:161} INFO - Started process (PID=394) to work on /opt/airflow/dags/stocks/dag.py
[2026-02-15T09:05:58.134+0000] {processor.py:830} INFO - Processing file /opt/airflow/dags/stocks/dag.py for tasks to queue
[2026-02-15T09:05:58.136+0000] {logging_mixin.py:188} INFO - [2026-02-15T09:05:58.135+0000] {dagbag.py:545} INFO - Filling up the DagBag from /opt/airflow/dags/stocks/dag.py
[2026-02-15T09:05:58.784+0000] {processor.py:840} INFO - DAG(s) 'stock_raw_msft', 'stock_raw_moex_sber', 'stock_raw_tsla', 'stock_raw_aapl', 'stock_raw_nvda' retrieved from /opt/airflow/dags/stocks/dag.py
[2026-02-15T09:05:58.815+0000] {logging_mixin.py:188} INFO - [2026-02-15T09:05:58.815+0000] {dag.py:3089} INFO - Sync 5 DAGs
[2026-02-15T09:05:58.836+0000] {logging_mixin.py:188} INFO - [2026-02-15T09:05:58.836+0000] {dag.py:3947} INFO - Setting next_dagrun for stock_raw_aapl to 2026-02-15 00:00:00+00:00, run_after=2026-02-16 00:00:00+00:00
[2026-02-15T09:05:58.840+0000] {logging_mixin.py:188} INFO - [2026-02-15T09:05:58.840+0000] {dag.py:3947} INFO - Setting next_dagrun for stock_raw_moex_sber to 2026-02-15 00:00:00+00:00, run_after=2026-02-16 00:00:00+00:00
[2026-02-15T09:05:58.842+0000] {logging_mixin.py:188} INFO - [2026-02-15T09:05:58.842+0000] {dag.py:3947} INFO - Setting next_dagrun for stock_raw_msft to 2026-02-15 00:00:00+00:00, run_after=2026-02-16 00:00:00+00:00
[2026-02-15T09:05:58.844+0000] {logging_mixin.py:188} INFO - [2026-02-15T09:05:58.844+0000] {dag.py:3947} INFO - Setting next_dagrun for stock_raw_nvda to 2026-02-15 00:00:00+00:00, run_after=2026-02-16 00:00:00+00:00
[2026-02-15T09:05:58.846+0000] {logging_mixin.py:188} INFO - [2026-02-15T09:05:58.846+0000] {dag.py:3947} INFO - Setting next_dagrun for stock_raw_tsla to 2026-02-15 00:00:00+00:00, run_after=2026-02-16 00:00:00+00:00
[2026-02-15T09:05:58.860+0000] {processor.py:183} INFO - Processing /opt/airflow/dags/stocks/dag.py took 0.734 seconds
[2026-02-15T09:06:29.062+0000] {processor.py:161} INFO - Started process (PID=406) to work on /opt/airflow/dags/stocks/dag.py
[2026-02-15T09:06:29.063+0000] {processor.py:830} INFO - Processing file /opt/airflow/dags/stocks/dag.py for tasks to queue
[2026-02-15T09:06:29.066+0000] {logging_mixin.py:188} INFO - [2026-02-15T09:06:29.065+0000] {dagbag.py:545} INFO - Filling up the DagBag from /opt/airflow/dags/stocks/dag.py
[2026-02-15T09:06:29.808+0000] {processor.py:840} INFO - DAG(s) 'stock_raw_nvda', 'stock_raw_msft', 'stock_raw_tsla', 'stock_raw_aapl', 'stock_raw_moex_sber' retrieved from /opt/airflow/dags/stocks/dag.py
[2026-02-15T09:06:29.839+0000] {logging_mixin.py:188} INFO - [2026-02-15T09:06:29.839+0000] {dag.py:3089} INFO - Sync 5 DAGs
[2026-02-15T09:06:29.867+0000] {logging_mixin.py:188} INFO - [2026-02-15T09:06:29.867+0000] {dag.py:3947} INFO - Setting next_dagrun for stock_raw_aapl to 2026-02-15 00:00:00+00:00, run_after=2026-02-16 00:00:00+00:00
[2026-02-15T09:06:29.874+0000] {logging_mixin.py:188} INFO - [2026-02-15T09:06:29.873+0000] {dag.py:3947} INFO - Setting next_dagrun for stock_raw_moex_sber to 2026-02-15 00:00:00+00:00, run_after=2026-02-16 00:00:00+00:00
[2026-02-15T09:06:29.876+0000] {logging_mixin.py:188} INFO - [2026-02-15T09:06:29.876+0000] {dag.py:3947} INFO - Setting next_dagrun for stock_raw_msft to 2026-02-15 00:00:00+00:00, run_after=2026-02-16 00:00:00+00:00
[2026-02-15T09:06:29.879+0000] {logging_mixin.py:188} INFO - [2026-02-15T09:06:29.878+0000] {dag.py:3947} INFO - Setting next_dagrun for stock_raw_nvda to 2026-02-15 00:00:00+00:00, run_after=2026-02-16 00:00:00+00:00
[2026-02-15T09:06:29.881+0000] {logging_mixin.py:188} INFO - [2026-02-15T09:06:29.881+0000] {dag.py:3947} INFO - Setting next_dagrun for stock_raw_tsla to 2026-02-15 00:00:00+00:00, run_after=2026-02-16 00:00:00+00:00
[2026-02-15T09:06:29.900+0000] {processor.py:183} INFO - Processing /opt/airflow/dags/stocks/dag.py took 0.844 seconds
[2026-02-15T09:07:00.089+0000] {processor.py:161} INFO - Started process (PID=419) to work on /opt/airflow/dags/stocks/dag.py
[2026-02-15T09:07:00.090+0000] {processor.py:830} INFO - Processing file /opt/airflow/dags/stocks/dag.py for tasks to queue
[2026-02-15T09:07:00.092+0000] {logging_mixin.py:188} INFO - [2026-02-15T09:07:00.091+0000] {dagbag.py:545} INFO - Filling up the DagBag from /opt/airflow/dags/stocks/dag.py
[2026-02-15T09:07:00.719+0000] {processor.py:840} INFO - DAG(s) 'stock_raw_nvda', 'stock_raw_aapl', 'stock_raw_tsla', 'stock_raw_msft', 'stock_raw_moex_sber' retrieved from /opt/airflow/dags/stocks/dag.py
[2026-02-15T09:07:00.747+0000] {logging_mixin.py:188} INFO - [2026-02-15T09:07:00.746+0000] {dag.py:3089} INFO - Sync 5 DAGs
[2026-02-15T09:07:00.766+0000] {logging_mixin.py:188} INFO - [2026-02-15T09:07:00.766+0000] {dag.py:3947} INFO - Setting next_dagrun for stock_raw_aapl to 2026-02-15 00:00:00+00:00, run_after=2026-02-16 00:00:00+00:00
[2026-02-15T09:07:00.770+0000] {logging_mixin.py:188} INFO - [2026-02-15T09:07:00.770+0000] {dag.py:3947} INFO - Setting next_dagrun for stock_raw_moex_sber to 2026-02-15 00:00:00+00:00, run_after=2026-02-16 00:00:00+00:00
[2026-02-15T09:07:00.772+0000] {logging_mixin.py:188} INFO - [2026-02-15T09:07:00.772+0000] {dag.py:3947} INFO - Setting next_dagrun for stock_raw_msft to 2026-02-15 00:00:00+00:00, run_after=2026-02-16 00:00:00+00:00
[2026-02-15T09:07:00.774+0000] {logging_mixin.py:188} INFO - [2026-02-15T09:07:00.774+0000] {dag.py:3947} INFO - Setting next_dagrun for stock_raw_nvda to 2026-02-15 00:00:00+00:00, run_after=2026-02-16 00:00:00+00:00
[2026-02-15T09:07:00.776+0000] {logging_mixin.py:188} INFO - [2026-02-15T09:07:00.776+0000] {dag.py:3947} INFO - Setting next_dagrun for stock_raw_tsla to 2026-02-15 00:00:00+00:00, run_after=2026-02-16 00:00:00+00:00
[2026-02-15T09:07:00.789+0000] {processor.py:183} INFO - Processing /opt/airflow/dags/stocks/dag.py took 0.706 seconds
[2026-02-15T09:07:31.063+0000] {processor.py:161} INFO - Started process (PID=431) to work on /opt/airflow/dags/stocks/dag.py
[2026-02-15T09:07:31.064+0000] {processor.py:830} INFO - Processing file /opt/airflow/dags/stocks/dag.py for tasks to queue
[2026-02-15T09:07:31.066+0000] {logging_mixin.py:188} INFO - [2026-02-15T09:07:31.065+0000] {dagbag.py:545} INFO - Filling up the DagBag from /opt/airflow/dags/stocks/dag.py
[2026-02-15T09:07:31.689+0000] {processor.py:840} INFO - DAG(s) 'stock_raw_moex_sber', 'stock_raw_aapl', 'stock_raw_msft', 'stock_raw_nvda', 'stock_raw_tsla' retrieved from /opt/airflow/dags/stocks/dag.py
[2026-02-15T09:07:31.717+0000] {logging_mixin.py:188} INFO - [2026-02-15T09:07:31.716+0000] {dag.py:3089} INFO - Sync 5 DAGs
[2026-02-15T09:07:31.737+0000] {logging_mixin.py:188} INFO - [2026-02-15T09:07:31.737+0000] {dag.py:3947} INFO - Setting next_dagrun for stock_raw_aapl to 2026-02-15 00:00:00+00:00, run_after=2026-02-16 00:00:00+00:00
[2026-02-15T09:07:31.741+0000] {logging_mixin.py:188} INFO - [2026-02-15T09:07:31.741+0000] {dag.py:3947} INFO - Setting next_dagrun for stock_raw_moex_sber to 2026-02-15 00:00:00+00:00, run_after=2026-02-16 00:00:00+00:00
[2026-02-15T09:07:31.743+0000] {logging_mixin.py:188} INFO - [2026-02-15T09:07:31.743+0000] {dag.py:3947} INFO - Setting next_dagrun for stock_raw_msft to 2026-02-15 00:00:00+00:00, run_after=2026-02-16 00:00:00+00:00
[2026-02-15T09:07:31.745+0000] {logging_mixin.py:188} INFO - [2026-02-15T09:07:31.745+0000] {dag.py:3947} INFO - Setting next_dagrun for stock_raw_nvda to 2026-02-15 00:00:00+00:00, run_after=2026-02-16 00:00:00+00:00
[2026-02-15T09:07:31.746+0000] {logging_mixin.py:188} INFO - [2026-02-15T09:07:31.746+0000] {dag.py:3947} INFO - Setting next_dagrun for stock_raw_tsla to 2026-02-15 00:00:00+00:00, run_after=2026-02-16 00:00:00+00:00
[2026-02-15T09:07:31.760+0000] {processor.py:183} INFO - Processing /opt/airflow/dags/stocks/dag.py took 0.702 seconds
[2026-02-15T09:08:01.940+0000] {processor.py:161} INFO - Started process (PID=443) to work on /opt/airflow/dags/stocks/dag.py
[2026-02-15T09:08:01.941+0000] {processor.py:830} INFO - Processing file /opt/airflow/dags/stocks/dag.py for tasks to queue
[2026-02-15T09:08:01.942+0000] {logging_mixin.py:188} INFO - [2026-02-15T09:08:01.942+0000] {dagbag.py:545} INFO - Filling up the DagBag from /opt/airflow/dags/stocks/dag.py
[2026-02-15T09:08:02.623+0000] {processor.py:840} INFO - DAG(s) 'stock_raw_tsla', 'stock_raw_moex_sber', 'stock_raw_nvda', 'stock_raw_aapl', 'stock_raw_msft' retrieved from /opt/airflow/dags/stocks/dag.py
[2026-02-15T09:08:02.652+0000] {logging_mixin.py:188} INFO - [2026-02-15T09:08:02.652+0000] {dag.py:3089} INFO - Sync 5 DAGs
[2026-02-15T09:08:02.673+0000] {logging_mixin.py:188} INFO - [2026-02-15T09:08:02.673+0000] {dag.py:3947} INFO - Setting next_dagrun for stock_raw_aapl to 2026-02-15 00:00:00+00:00, run_after=2026-02-16 00:00:00+00:00
[2026-02-15T09:08:02.679+0000] {logging_mixin.py:188} INFO - [2026-02-15T09:08:02.678+0000] {dag.py:3947} INFO - Setting next_dagrun for stock_raw_moex_sber to 2026-02-15 00:00:00+00:00, run_after=2026-02-16 00:00:00+00:00
[2026-02-15T09:08:02.680+0000] {logging_mixin.py:188} INFO - [2026-02-15T09:08:02.680+0000] {dag.py:3947} INFO - Setting next_dagrun for stock_raw_msft to 2026-02-15 00:00:00+00:00, run_after=2026-02-16 00:00:00+00:00
[2026-02-15T09:08:02.682+0000] {logging_mixin.py:188} INFO - [2026-02-15T09:08:02.682+0000] {dag.py:3947} INFO - Setting next_dagrun for stock_raw_nvda to 2026-02-15 00:00:00+00:00, run_after=2026-02-16 00:00:00+00:00
[2026-02-15T09:08:02.684+0000] {logging_mixin.py:188} INFO - [2026-02-15T09:08:02.684+0000] {dag.py:3947} INFO - Setting next_dagrun for stock_raw_tsla to 2026-02-15 00:00:00+00:00, run_after=2026-02-16 00:00:00+00:00
[2026-02-15T09:08:02.697+0000] {processor.py:183} INFO - Processing /opt/airflow/dags/stocks/dag.py took 0.763 seconds
[2026-02-15T09:08:32.810+0000] {processor.py:161} INFO - Started process (PID=455) to work on /opt/airflow/dags/stocks/dag.py
[2026-02-15T09:08:32.811+0000] {processor.py:830} INFO - Processing file /opt/airflow/dags/stocks/dag.py for tasks to queue
[2026-02-15T09:08:32.813+0000] {logging_mixin.py:188} INFO - [2026-02-15T09:08:32.813+0000] {dagbag.py:545} INFO - Filling up the DagBag from /opt/airflow/dags/stocks/dag.py
[2026-02-15T09:08:33.506+0000] {processor.py:840} INFO - DAG(s) 'stock_raw_aapl', 'stock_raw_nvda', 'stock_raw_tsla', 'stock_raw_moex_sber', 'stock_raw_msft' retrieved from /opt/airflow/dags/stocks/dag.py
[2026-02-15T09:08:33.538+0000] {logging_mixin.py:188} INFO - [2026-02-15T09:08:33.538+0000] {dag.py:3089} INFO - Sync 5 DAGs
[2026-02-15T09:08:33.572+0000] {logging_mixin.py:188} INFO - [2026-02-15T09:08:33.570+0000] {dag.py:3947} INFO - Setting next_dagrun for stock_raw_aapl to 2026-02-15 00:00:00+00:00, run_after=2026-02-16 00:00:00+00:00
[2026-02-15T09:08:33.576+0000] {logging_mixin.py:188} INFO - [2026-02-15T09:08:33.576+0000] {dag.py:3947} INFO - Setting next_dagrun for stock_raw_moex_sber to 2026-02-15 00:00:00+00:00, run_after=2026-02-16 00:00:00+00:00
[2026-02-15T09:08:33.579+0000] {logging_mixin.py:188} INFO - [2026-02-15T09:08:33.579+0000] {dag.py:3947} INFO - Setting next_dagrun for stock_raw_msft to 2026-02-15 00:00:00+00:00, run_after=2026-02-16 00:00:00+00:00
[2026-02-15T09:08:33.582+0000] {logging_mixin.py:188} INFO - [2026-02-15T09:08:33.581+0000] {dag.py:3947} INFO - Setting next_dagrun for stock_raw_nvda to 2026-02-15 00:00:00+00:00, run_after=2026-02-16 00:00:00+00:00
[2026-02-15T09:08:33.584+0000] {logging_mixin.py:188} INFO - [2026-02-15T09:08:33.584+0000] {dag.py:3947} INFO - Setting next_dagrun for stock_raw_tsla to 2026-02-15 00:00:00+00:00, run_after=2026-02-16 00:00:00+00:00
[2026-02-15T09:08:33.603+0000] {processor.py:183} INFO - Processing /opt/airflow/dags/stocks/dag.py took 0.799 seconds
[2026-02-15T09:09:03.788+0000] {processor.py:161} INFO - Started process (PID=467) to work on /opt/airflow/dags/stocks/dag.py
[2026-02-15T09:09:03.789+0000] {processor.py:830} INFO - Processing file /opt/airflow/dags/stocks/dag.py for tasks to queue
[2026-02-15T09:09:03.791+0000] {logging_mixin.py:188} INFO - [2026-02-15T09:09:03.791+0000] {dagbag.py:545} INFO - Filling up the DagBag from /opt/airflow/dags/stocks/dag.py
[2026-02-15T09:09:04.435+0000] {processor.py:840} INFO - DAG(s) 'stock_raw_moex_sber', 'stock_raw_nvda', 'stock_raw_msft', 'stock_raw_aapl', 'stock_raw_tsla' retrieved from /opt/airflow/dags/stocks/dag.py
[2026-02-15T09:09:04.463+0000] {logging_mixin.py:188} INFO - [2026-02-15T09:09:04.463+0000] {dag.py:3089} INFO - Sync 5 DAGs
[2026-02-15T09:09:04.486+0000] {logging_mixin.py:188} INFO - [2026-02-15T09:09:04.486+0000] {dag.py:3947} INFO - Setting next_dagrun for stock_raw_aapl to 2026-02-15 00:00:00+00:00, run_after=2026-02-16 00:00:00+00:00
[2026-02-15T09:09:04.490+0000] {logging_mixin.py:188} INFO - [2026-02-15T09:09:04.490+0000] {dag.py:3947} INFO - Setting next_dagrun for stock_raw_moex_sber to 2026-02-15 00:00:00+00:00, run_after=2026-02-16 00:00:00+00:00
[2026-02-15T09:09:04.492+0000] {logging_mixin.py:188} INFO - [2026-02-15T09:09:04.492+0000] {dag.py:3947} INFO - Setting next_dagrun for stock_raw_msft to 2026-02-15 00:00:00+00:00, run_after=2026-02-16 00:00:00+00:00
[2026-02-15T09:09:04.494+0000] {logging_mixin.py:188} INFO - [2026-02-15T09:09:04.494+0000] {dag.py:3947} INFO - Setting next_dagrun for stock_raw_nvda to 2026-02-15 00:00:00+00:00, run_after=2026-02-16 00:00:00+00:00
[2026-02-15T09:09:04.496+0000] {logging_mixin.py:188} INFO - [2026-02-15T09:09:04.496+0000] {dag.py:3947} INFO - Setting next_dagrun for stock_raw_tsla to 2026-02-15 00:00:00+00:00, run_after=2026-02-16 00:00:00+00:00
[2026-02-15T09:09:04.509+0000] {processor.py:183} INFO - Processing /opt/airflow/dags/stocks/dag.py took 0.727 seconds
[2026-02-15T09:09:34.708+0000] {processor.py:161} INFO - Started process (PID=479) to work on /opt/airflow/dags/stocks/dag.py
[2026-02-15T09:09:34.709+0000] {processor.py:830} INFO - Processing file /opt/airflow/dags/stocks/dag.py for tasks to queue
[2026-02-15T09:09:34.712+0000] {logging_mixin.py:188} INFO - [2026-02-15T09:09:34.711+0000] {dagbag.py:545} INFO - Filling up the DagBag from /opt/airflow/dags/stocks/dag.py
[2026-02-15T09:09:35.408+0000] {processor.py:840} INFO - DAG(s) 'stock_raw_aapl', 'stock_raw_msft', 'stock_raw_moex_sber', 'stock_raw_tsla', 'stock_raw_nvda' retrieved from /opt/airflow/dags/stocks/dag.py
[2026-02-15T09:09:35.438+0000] {logging_mixin.py:188} INFO - [2026-02-15T09:09:35.438+0000] {dag.py:3089} INFO - Sync 5 DAGs
[2026-02-15T09:09:35.461+0000] {logging_mixin.py:188} INFO - [2026-02-15T09:09:35.461+0000] {dag.py:3947} INFO - Setting next_dagrun for stock_raw_aapl to 2026-02-15 00:00:00+00:00, run_after=2026-02-16 00:00:00+00:00
[2026-02-15T09:09:35.465+0000] {logging_mixin.py:188} INFO - [2026-02-15T09:09:35.465+0000] {dag.py:3947} INFO - Setting next_dagrun for stock_raw_moex_sber to 2026-02-15 00:00:00+00:00, run_after=2026-02-16 00:00:00+00:00
[2026-02-15T09:09:35.467+0000] {logging_mixin.py:188} INFO - [2026-02-15T09:09:35.467+0000] {dag.py:3947} INFO - Setting next_dagrun for stock_raw_msft to 2026-02-15 00:00:00+00:00, run_after=2026-02-16 00:00:00+00:00
[2026-02-15T09:09:35.469+0000] {logging_mixin.py:188} INFO - [2026-02-15T09:09:35.469+0000] {dag.py:3947} INFO - Setting next_dagrun for stock_raw_nvda to 2026-02-15 00:00:00+00:00, run_after=2026-02-16 00:00:00+00:00
[2026-02-15T09:09:35.471+0000] {logging_mixin.py:188} INFO - [2026-02-15T09:09:35.471+0000] {dag.py:3947} INFO - Setting next_dagrun for stock_raw_tsla to 2026-02-15 00:00:00+00:00, run_after=2026-02-16 00:00:00+00:00
[2026-02-15T09:09:35.486+0000] {processor.py:183} INFO - Processing /opt/airflow/dags/stocks/dag.py took 0.787 seconds
[2026-02-15T09:10:05.691+0000] {processor.py:161} INFO - Started process (PID=492) to work on /opt/airflow/dags/stocks/dag.py
[2026-02-15T09:10:05.693+0000] {processor.py:830} INFO - Processing file /opt/airflow/dags/stocks/dag.py for tasks to queue
[2026-02-15T09:10:05.696+0000] {logging_mixin.py:188} INFO - [2026-02-15T09:10:05.695+0000] {dagbag.py:545} INFO - Filling up the DagBag from /opt/airflow/dags/stocks/dag.py
[2026-02-15T09:10:06.445+0000] {processor.py:840} INFO - DAG(s) 'stock_raw_moex_sber', 'stock_raw_nvda', 'stock_raw_aapl', 'stock_raw_msft', 'stock_raw_tsla' retrieved from /opt/airflow/dags/stocks/dag.py
[2026-02-15T09:10:06.483+0000] {logging_mixin.py:188} INFO - [2026-02-15T09:10:06.483+0000] {dag.py:3089} INFO - Sync 5 DAGs
[2026-02-15T09:10:06.508+0000] {logging_mixin.py:188} INFO - [2026-02-15T09:10:06.508+0000] {dag.py:3947} INFO - Setting next_dagrun for stock_raw_aapl to 2026-02-15 00:00:00+00:00, run_after=2026-02-16 00:00:00+00:00
[2026-02-15T09:10:06.513+0000] {logging_mixin.py:188} INFO - [2026-02-15T09:10:06.513+0000] {dag.py:3947} INFO - Setting next_dagrun for stock_raw_moex_sber to 2026-02-15 00:00:00+00:00, run_after=2026-02-16 00:00:00+00:00
[2026-02-15T09:10:06.516+0000] {logging_mixin.py:188} INFO - [2026-02-15T09:10:06.516+0000] {dag.py:3947} INFO - Setting next_dagrun for stock_raw_msft to 2026-02-15 00:00:00+00:00, run_after=2026-02-16 00:00:00+00:00
[2026-02-15T09:10:06.519+0000] {logging_mixin.py:188} INFO - [2026-02-15T09:10:06.519+0000] {dag.py:3947} INFO - Setting next_dagrun for stock_raw_nvda to 2026-02-15 00:00:00+00:00, run_after=2026-02-16 00:00:00+00:00
[2026-02-15T09:10:06.523+0000] {logging_mixin.py:188} INFO - [2026-02-15T09:10:06.522+0000] {dag.py:3947} INFO - Setting next_dagrun for stock_raw_tsla to 2026-02-15 00:00:00+00:00, run_after=2026-02-16 00:00:00+00:00
[2026-02-15T09:10:06.543+0000] {processor.py:183} INFO - Processing /opt/airflow/dags/stocks/dag.py took 0.863 seconds
[2026-02-15T09:10:36.726+0000] {processor.py:161} INFO - Started process (PID=504) to work on /opt/airflow/dags/stocks/dag.py
[2026-02-15T09:10:36.727+0000] {processor.py:830} INFO - Processing file /opt/airflow/dags/stocks/dag.py for tasks to queue
[2026-02-15T09:10:36.729+0000] {logging_mixin.py:188} INFO - [2026-02-15T09:10:36.729+0000] {dagbag.py:545} INFO - Filling up the DagBag from /opt/airflow/dags/stocks/dag.py
[2026-02-15T09:10:37.384+0000] {processor.py:840} INFO - DAG(s) 'stock_raw_moex_sber', 'stock_raw_tsla', 'stock_raw_nvda', 'stock_raw_msft', 'stock_raw_aapl' retrieved from /opt/airflow/dags/stocks/dag.py
[2026-02-15T09:10:37.426+0000] {logging_mixin.py:188} INFO - [2026-02-15T09:10:37.425+0000] {dag.py:3089} INFO - Sync 5 DAGs
[2026-02-15T09:10:37.456+0000] {logging_mixin.py:188} INFO - [2026-02-15T09:10:37.455+0000] {dag.py:3947} INFO - Setting next_dagrun for stock_raw_aapl to 2026-02-15 00:00:00+00:00, run_after=2026-02-16 00:00:00+00:00
[2026-02-15T09:10:37.460+0000] {logging_mixin.py:188} INFO - [2026-02-15T09:10:37.460+0000] {dag.py:3947} INFO - Setting next_dagrun for stock_raw_moex_sber to 2026-02-15 00:00:00+00:00, run_after=2026-02-16 00:00:00+00:00
[2026-02-15T09:10:37.463+0000] {logging_mixin.py:188} INFO - [2026-02-15T09:10:37.463+0000] {dag.py:3947} INFO - Setting next_dagrun for stock_raw_msft to 2026-02-15 00:00:00+00:00, run_after=2026-02-16 00:00:00+00:00
[2026-02-15T09:10:37.466+0000] {logging_mixin.py:188} INFO - [2026-02-15T09:10:37.465+0000] {dag.py:3947} INFO - Setting next_dagrun for stock_raw_nvda to 2026-02-15 00:00:00+00:00, run_after=2026-02-16 00:00:00+00:00
[2026-02-15T09:10:37.468+0000] {logging_mixin.py:188} INFO - [2026-02-15T09:10:37.468+0000] {dag.py:3947} INFO - Setting next_dagrun for stock_raw_tsla to 2026-02-15 00:00:00+00:00, run_after=2026-02-16 00:00:00+00:00
[2026-02-15T09:10:37.483+0000] {processor.py:183} INFO - Processing /opt/airflow/dags/stocks/dag.py took 0.762 seconds
[2026-02-15T09:11:07.548+0000] {processor.py:161} INFO - Started process (PID=516) to work on /opt/airflow/dags/stocks/dag.py
[2026-02-15T09:11:07.550+0000] {processor.py:830} INFO - Processing file /opt/airflow/dags/stocks/dag.py for tasks to queue
[2026-02-15T09:11:07.552+0000] {logging_mixin.py:188} INFO - [2026-02-15T09:11:07.551+0000] {dagbag.py:545} INFO - Filling up the DagBag from /opt/airflow/dags/stocks/dag.py
[2026-02-15T09:11:08.199+0000] {processor.py:840} INFO - DAG(s) 'stock_raw_tsla', 'stock_raw_moex_sber', 'stock_raw_msft', 'stock_raw_aapl', 'stock_raw_nvda' retrieved from /opt/airflow/dags/stocks/dag.py
[2026-02-15T09:11:08.228+0000] {logging_mixin.py:188} INFO - [2026-02-15T09:11:08.227+0000] {dag.py:3089} INFO - Sync 5 DAGs
[2026-02-15T09:11:08.248+0000] {logging_mixin.py:188} INFO - [2026-02-15T09:11:08.248+0000] {dag.py:3947} INFO - Setting next_dagrun for stock_raw_aapl to 2026-02-15 00:00:00+00:00, run_after=2026-02-16 00:00:00+00:00
[2026-02-15T09:11:08.252+0000] {logging_mixin.py:188} INFO - [2026-02-15T09:11:08.252+0000] {dag.py:3947} INFO - Setting next_dagrun for stock_raw_moex_sber to 2026-02-15 00:00:00+00:00, run_after=2026-02-16 00:00:00+00:00
[2026-02-15T09:11:08.254+0000] {logging_mixin.py:188} INFO - [2026-02-15T09:11:08.254+0000] {dag.py:3947} INFO - Setting next_dagrun for stock_raw_msft to 2026-02-15 00:00:00+00:00, run_after=2026-02-16 00:00:00+00:00
[2026-02-15T09:11:08.256+0000] {logging_mixin.py:188} INFO - [2026-02-15T09:11:08.256+0000] {dag.py:3947} INFO - Setting next_dagrun for stock_raw_nvda to 2026-02-15 00:00:00+00:00, run_after=2026-02-16 00:00:00+00:00
[2026-02-15T09:11:08.258+0000] {logging_mixin.py:188} INFO - [2026-02-15T09:11:08.258+0000] {dag.py:3947} INFO - Setting next_dagrun for stock_raw_tsla to 2026-02-15 00:00:00+00:00, run_after=2026-02-16 00:00:00+00:00
[2026-02-15T09:11:08.272+0000] {processor.py:183} INFO - Processing /opt/airflow/dags/stocks/dag.py took 0.729 seconds
