[2026-02-15T16:24:05.942+0000] {local_task_job_runner.py:120} INFO - ::group::Pre task execution logs
[2026-02-15T16:24:05.971+0000] {taskinstance.py:2076} INFO - Dependencies all met for dep_context=non-requeueable deps ti=<TaskInstance: stock_raw_aapl.load_to_ods manual__2026-02-15T10:03:01.474582+00:00 [queued]>
[2026-02-15T16:24:05.978+0000] {taskinstance.py:2076} INFO - Dependencies all met for dep_context=requeueable deps ti=<TaskInstance: stock_raw_aapl.load_to_ods manual__2026-02-15T10:03:01.474582+00:00 [queued]>
[2026-02-15T16:24:05.978+0000] {taskinstance.py:2306} INFO - Starting attempt 1 of 1
[2026-02-15T16:24:05.988+0000] {taskinstance.py:2330} INFO - Executing <Task(PythonOperator): load_to_ods> on 2026-02-15 10:03:01.474582+00:00
[2026-02-15T16:24:06.003+0000] {logging_mixin.py:188} WARNING - /home/***/.local/lib/python3.12/site-packages/***/task/task_runner/standard_task_runner.py:62 DeprecationWarning: This process (pid=1816) is multi-threaded, use of fork() may lead to deadlocks in the child.
[2026-02-15T16:24:06.005+0000] {standard_task_runner.py:64} INFO - Started process 1818 to run task
[2026-02-15T16:24:06.003+0000] {standard_task_runner.py:90} INFO - Running: ['***', 'tasks', 'run', 'stock_raw_aapl', 'load_to_ods', 'manual__2026-02-15T10:03:01.474582+00:00', '--job-id', '8058', '--raw', '--subdir', 'DAGS_FOLDER/stocks/dag.py', '--cfg-path', '/tmp/tmpjkdqf1e5']
[2026-02-15T16:24:06.006+0000] {standard_task_runner.py:91} INFO - Job 8058: Subtask load_to_ods
[2026-02-15T16:24:06.063+0000] {task_command.py:426} INFO - Running <TaskInstance: stock_raw_aapl.load_to_ods manual__2026-02-15T10:03:01.474582+00:00 [running]> on host 45ef9e308ede
[2026-02-15T16:24:06.144+0000] {taskinstance.py:2648} INFO - Exporting env vars: AIRFLOW_CTX_DAG_OWNER='***' AIRFLOW_CTX_DAG_ID='stock_raw_aapl' AIRFLOW_CTX_TASK_ID='load_to_ods' AIRFLOW_CTX_EXECUTION_DATE='2026-02-15T10:03:01.474582+00:00' AIRFLOW_CTX_TRY_NUMBER='1' AIRFLOW_CTX_DAG_RUN_ID='manual__2026-02-15T10:03:01.474582+00:00'
[2026-02-15T16:24:06.146+0000] {taskinstance.py:430} INFO - ::endgroup::
[2026-02-15T16:24:06.165+0000] {base.py:84} INFO - Using connection ID 'dwh_clickhouse' for task execution.
[2026-02-15T16:24:06.184+0000] {manager.py:75} INFO - Deleted existing ODS rows for AAPL in 2026-02-13..2026-02-15
[2026-02-15T16:24:06.190+0000] {manager.py:88} INFO - Loaded AAPL from raw to ods_stock_daily [2026-02-13..2026-02-15]
[2026-02-15T16:24:06.191+0000] {python.py:237} INFO - Done. Returned value was: None
[2026-02-15T16:24:06.192+0000] {taskinstance.py:441} INFO - ::group::Post task execution logs
[2026-02-15T16:24:06.201+0000] {taskinstance.py:1206} INFO - Marking task as SUCCESS. dag_id=stock_raw_aapl, task_id=load_to_ods, run_id=manual__2026-02-15T10:03:01.474582+00:00, execution_date=20260215T100301, start_date=20260215T162405, end_date=20260215T162406
[2026-02-15T16:24:06.259+0000] {local_task_job_runner.py:243} INFO - Task exited with return code 0
[2026-02-15T16:24:06.274+0000] {taskinstance.py:3503} INFO - 0 downstream tasks scheduled from follow-on schedule check
[2026-02-15T16:24:06.276+0000] {local_task_job_runner.py:222} INFO - ::endgroup::
