[2026-02-09T10:51:14.218+0000] {local_task_job_runner.py:120} INFO - ::group::Pre task execution logs
[2026-02-09T10:51:14.247+0000] {taskinstance.py:2076} INFO - Dependencies all met for dep_context=non-requeueable deps ti=<TaskInstance: stock_raw_moex_sber.download_and_load_raw scheduled__2026-01-10T00:00:00+00:00 [queued]>
[2026-02-09T10:51:14.254+0000] {taskinstance.py:2076} INFO - Dependencies all met for dep_context=requeueable deps ti=<TaskInstance: stock_raw_moex_sber.download_and_load_raw scheduled__2026-01-10T00:00:00+00:00 [queued]>
[2026-02-09T10:51:14.255+0000] {taskinstance.py:2306} INFO - Starting attempt 1 of 1
[2026-02-09T10:51:14.266+0000] {taskinstance.py:2330} INFO - Executing <Task(PythonOperator): download_and_load_raw> on 2026-01-10 00:00:00+00:00
[2026-02-09T10:51:14.279+0000] {logging_mixin.py:188} WARNING - /home/***/.local/lib/python3.12/site-packages/***/task/task_runner/standard_task_runner.py:62 DeprecationWarning: This process (pid=11092) is multi-threaded, use of fork() may lead to deadlocks in the child.
[2026-02-09T10:51:14.279+0000] {standard_task_runner.py:90} INFO - Running: ['***', 'tasks', 'run', 'stock_raw_moex_sber', 'download_and_load_raw', 'scheduled__2026-01-10T00:00:00+00:00', '--job-id', '6658', '--raw', '--subdir', 'DAGS_FOLDER/stocks_dwh/raw/stocks_raw_dags.py', '--cfg-path', '/tmp/tmpyc6kacwp']
[2026-02-09T10:51:14.281+0000] {standard_task_runner.py:64} INFO - Started process 11094 to run task
[2026-02-09T10:51:14.281+0000] {standard_task_runner.py:91} INFO - Job 6658: Subtask download_and_load_raw
[2026-02-09T10:51:14.340+0000] {task_command.py:426} INFO - Running <TaskInstance: stock_raw_moex_sber.download_and_load_raw scheduled__2026-01-10T00:00:00+00:00 [running]> on host 4886d37bc122
[2026-02-09T10:51:14.429+0000] {taskinstance.py:2648} INFO - Exporting env vars: AIRFLOW_CTX_DAG_OWNER='***' AIRFLOW_CTX_DAG_ID='stock_raw_moex_sber' AIRFLOW_CTX_TASK_ID='download_and_load_raw' AIRFLOW_CTX_EXECUTION_DATE='2026-01-10T00:00:00+00:00' AIRFLOW_CTX_TRY_NUMBER='1' AIRFLOW_CTX_DAG_RUN_ID='scheduled__2026-01-10T00:00:00+00:00'
[2026-02-09T10:51:14.431+0000] {taskinstance.py:430} INFO - ::endgroup::
[2026-02-09T10:51:14.440+0000] {logging_mixin.py:188} INFO - [RAW] Download MOEX.SBER [1d] 2026-01-10..2026-01-11
[2026-02-09T10:51:14.442+0000] {logging_mixin.py:188} WARNING - /opt/***/dags/stocks_dwh/raw/stocks_raw_dags.py:38 FutureWarning: YF.download() has changed argument auto_adjust default to True
[2026-02-09T10:51:15.495+0000] {quote.py:592} ERROR - HTTP Error 404: {"quoteSummary":{"result":null,"error":{"code":"Not Found","description":"Quote not found for symbol: MOEX.SBER"}}}
[2026-02-09T10:51:15.542+0000] {logging_mixin.py:188} WARNING - /home/***/.local/lib/python3.12/site-packages/yfinance/scrapers/quote.py:700 Pandas4Warning: Timestamp.utcnow is deprecated and will be removed in a future version. Use Timestamp.now('UTC') instead.
[2026-02-09T10:51:15.544+0000] {logging_mixin.py:188} WARNING - /home/***/.local/lib/python3.12/site-packages/yfinance/scrapers/quote.py:702 Pandas4Warning: Timestamp.utcnow is deprecated and will be removed in a future version. Use Timestamp.now('UTC') instead.
[2026-02-09T10:51:15.595+0000] {multi.py:185} ERROR - 
1 Failed download:
[2026-02-09T10:51:15.596+0000] {multi.py:198} ERROR - ['MOEX.SBER']: YFTzMissingError('possibly delisted; no timezone found')
[2026-02-09T10:51:15.608+0000] {logging_mixin.py:188} INFO - [RAW] No data from yfinance
[2026-02-09T10:51:15.609+0000] {python.py:237} INFO - Done. Returned value was: None
[2026-02-09T10:51:15.609+0000] {taskinstance.py:441} INFO - ::group::Post task execution logs
[2026-02-09T10:51:15.619+0000] {taskinstance.py:1206} INFO - Marking task as SUCCESS. dag_id=stock_raw_moex_sber, task_id=download_and_load_raw, run_id=scheduled__2026-01-10T00:00:00+00:00, execution_date=20260110T000000, start_date=20260209T105114, end_date=20260209T105115
[2026-02-09T10:51:15.658+0000] {local_task_job_runner.py:243} INFO - Task exited with return code 0
[2026-02-09T10:51:15.674+0000] {taskinstance.py:3503} INFO - 0 downstream tasks scheduled from follow-on schedule check
[2026-02-09T10:51:15.675+0000] {local_task_job_runner.py:222} INFO - ::endgroup::
