[2026-02-09T10:22:26.942+0000] {local_task_job_runner.py:120} INFO - ::group::Pre task execution logs
[2026-02-09T10:22:26.972+0000] {taskinstance.py:2076} INFO - Dependencies all met for dep_context=non-requeueable deps ti=<TaskInstance: stock_raw_aapl.download_and_load_raw scheduled__2024-09-29T00:00:00+00:00 [queued]>
[2026-02-09T10:22:26.979+0000] {taskinstance.py:2076} INFO - Dependencies all met for dep_context=requeueable deps ti=<TaskInstance: stock_raw_aapl.download_and_load_raw scheduled__2024-09-29T00:00:00+00:00 [queued]>
[2026-02-09T10:22:26.980+0000] {taskinstance.py:2306} INFO - Starting attempt 1 of 1
[2026-02-09T10:22:26.991+0000] {taskinstance.py:2330} INFO - Executing <Task(PythonOperator): download_and_load_raw> on 2024-09-29 00:00:00+00:00
[2026-02-09T10:22:27.002+0000] {logging_mixin.py:188} WARNING - /home/***/.local/lib/python3.12/site-packages/***/task/task_runner/standard_task_runner.py:62 DeprecationWarning: This process (pid=498) is multi-threaded, use of fork() may lead to deadlocks in the child.
[2026-02-09T10:22:27.004+0000] {standard_task_runner.py:64} INFO - Started process 507 to run task
[2026-02-09T10:22:27.002+0000] {standard_task_runner.py:90} INFO - Running: ['***', 'tasks', 'run', 'stock_raw_aapl', 'download_and_load_raw', 'scheduled__2024-09-29T00:00:00+00:00', '--job-id', '4179', '--raw', '--subdir', 'DAGS_FOLDER/stocks_dwh/raw/stocks_raw_dags.py', '--cfg-path', '/tmp/tmpf021p2tc']
[2026-02-09T10:22:27.005+0000] {standard_task_runner.py:91} INFO - Job 4179: Subtask download_and_load_raw
[2026-02-09T10:22:27.063+0000] {task_command.py:426} INFO - Running <TaskInstance: stock_raw_aapl.download_and_load_raw scheduled__2024-09-29T00:00:00+00:00 [running]> on host 4886d37bc122
[2026-02-09T10:22:27.154+0000] {taskinstance.py:2648} INFO - Exporting env vars: AIRFLOW_CTX_DAG_OWNER='***' AIRFLOW_CTX_DAG_ID='stock_raw_aapl' AIRFLOW_CTX_TASK_ID='download_and_load_raw' AIRFLOW_CTX_EXECUTION_DATE='2024-09-29T00:00:00+00:00' AIRFLOW_CTX_TRY_NUMBER='1' AIRFLOW_CTX_DAG_RUN_ID='scheduled__2024-09-29T00:00:00+00:00'
[2026-02-09T10:22:27.156+0000] {taskinstance.py:430} INFO - ::endgroup::
[2026-02-09T10:22:27.165+0000] {logging_mixin.py:188} INFO - [RAW] Download AAPL [1d] 2024-09-29..2024-09-30
[2026-02-09T10:22:27.169+0000] {logging_mixin.py:188} WARNING - /opt/***/dags/stocks_dwh/raw/stocks_raw_dags.py:38 FutureWarning: YF.download() has changed argument auto_adjust default to True
[2026-02-09T10:22:27.176+0000] {logging_mixin.py:188} WARNING - /home/***/.local/lib/python3.12/site-packages/yfinance/scrapers/history.py:204 Pandas4Warning: Timestamp.utcnow is deprecated and will be removed in a future version. Use Timestamp.now('UTC') instead.
[2026-02-09T10:22:29.114+0000] {multi.py:185} ERROR - 
1 Failed download:
[2026-02-09T10:22:29.115+0000] {multi.py:198} ERROR - ['AAPL']: YFPricesMissingError('possibly delisted; no price data found  (1d 2024-09-29 -> 2024-09-30)')
[2026-02-09T10:22:29.129+0000] {logging_mixin.py:188} INFO - [RAW] No data from yfinance
[2026-02-09T10:22:29.129+0000] {python.py:237} INFO - Done. Returned value was: None
[2026-02-09T10:22:29.130+0000] {taskinstance.py:441} INFO - ::group::Post task execution logs
[2026-02-09T10:22:29.139+0000] {taskinstance.py:1206} INFO - Marking task as SUCCESS. dag_id=stock_raw_aapl, task_id=download_and_load_raw, run_id=scheduled__2024-09-29T00:00:00+00:00, execution_date=20240929T000000, start_date=20260209T102226, end_date=20260209T102229
[2026-02-09T10:22:29.185+0000] {local_task_job_runner.py:243} INFO - Task exited with return code 0
[2026-02-09T10:22:29.201+0000] {taskinstance.py:3503} INFO - 0 downstream tasks scheduled from follow-on schedule check
[2026-02-09T10:22:29.203+0000] {local_task_job_runner.py:222} INFO - ::endgroup::
[2026-02-09T12:24:40.087+0000] {local_task_job_runner.py:120} INFO - ::group::Pre task execution logs
[2026-02-09T12:24:40.120+0000] {taskinstance.py:2076} INFO - Dependencies all met for dep_context=non-requeueable deps ti=<TaskInstance: stock_raw_aapl.download_and_load_raw scheduled__2024-09-29T00:00:00+00:00 [queued]>
[2026-02-09T12:24:40.128+0000] {taskinstance.py:2076} INFO - Dependencies all met for dep_context=requeueable deps ti=<TaskInstance: stock_raw_aapl.download_and_load_raw scheduled__2024-09-29T00:00:00+00:00 [queued]>
[2026-02-09T12:24:40.129+0000] {taskinstance.py:2306} INFO - Starting attempt 1 of 1
[2026-02-09T12:24:40.141+0000] {taskinstance.py:2330} INFO - Executing <Task(PythonOperator): download_and_load_raw> on 2024-09-29 00:00:00+00:00
[2026-02-09T12:24:40.153+0000] {logging_mixin.py:188} WARNING - /home/***/.local/lib/python3.12/site-packages/***/task/task_runner/standard_task_runner.py:62 DeprecationWarning: This process (pid=15903) is multi-threaded, use of fork() may lead to deadlocks in the child.
[2026-02-09T12:24:40.155+0000] {standard_task_runner.py:64} INFO - Started process 15906 to run task
[2026-02-09T12:24:40.153+0000] {standard_task_runner.py:90} INFO - Running: ['***', 'tasks', 'run', 'stock_raw_aapl', 'download_and_load_raw', 'scheduled__2024-09-29T00:00:00+00:00', '--job-id', '7297', '--raw', '--subdir', 'DAGS_FOLDER/stocks_dwh/raw/stocks_raw_dags.py', '--cfg-path', '/tmp/tmptr4xu0s4']
[2026-02-09T12:24:40.156+0000] {standard_task_runner.py:91} INFO - Job 7297: Subtask download_and_load_raw
[2026-02-09T12:24:40.220+0000] {task_command.py:426} INFO - Running <TaskInstance: stock_raw_aapl.download_and_load_raw scheduled__2024-09-29T00:00:00+00:00 [running]> on host 4886d37bc122
[2026-02-09T12:24:40.312+0000] {taskinstance.py:2648} INFO - Exporting env vars: AIRFLOW_CTX_DAG_OWNER='***' AIRFLOW_CTX_DAG_ID='stock_raw_aapl' AIRFLOW_CTX_TASK_ID='download_and_load_raw' AIRFLOW_CTX_EXECUTION_DATE='2024-09-29T00:00:00+00:00' AIRFLOW_CTX_TRY_NUMBER='1' AIRFLOW_CTX_DAG_RUN_ID='scheduled__2024-09-29T00:00:00+00:00'
[2026-02-09T12:24:40.313+0000] {taskinstance.py:430} INFO - ::endgroup::
[2026-02-09T12:24:40.324+0000] {stocks_raw_dags.py:37} INFO - 2024-09-29 00:00:00+00:00, 2024-09-30 00:00:00+00:00
[2026-02-09T12:24:40.325+0000] {logging_mixin.py:188} INFO - [RAW] Download AAPL [1d] 2024-09-28..2024-09-30
[2026-02-09T12:24:40.327+0000] {logging_mixin.py:188} WARNING - /opt/***/dags/stocks_dwh/raw/stocks_raw_dags.py:42 FutureWarning: YF.download() has changed argument auto_adjust default to True
[2026-02-09T12:24:40.335+0000] {logging_mixin.py:188} WARNING - /home/***/.local/lib/python3.12/site-packages/yfinance/scrapers/history.py:204 Pandas4Warning: Timestamp.utcnow is deprecated and will be removed in a future version. Use Timestamp.now('UTC') instead.
[2026-02-09T12:24:40.815+0000] {logging_mixin.py:188} WARNING - [*********************100%***********************]  1 of 1 completed
[2026-02-09T12:24:40.816+0000] {multi.py:185} ERROR - 
1 Failed download:
[2026-02-09T12:24:40.817+0000] {multi.py:198} ERROR - ['AAPL']: YFPricesMissingError('possibly delisted; no price data found  (1d 2024-09-28 -> 2024-09-30)')
[2026-02-09T12:24:40.829+0000] {logging_mixin.py:188} INFO - [RAW] No data from yfinance
[2026-02-09T12:24:40.830+0000] {python.py:237} INFO - Done. Returned value was: None
[2026-02-09T12:24:40.830+0000] {taskinstance.py:441} INFO - ::group::Post task execution logs
[2026-02-09T12:24:40.841+0000] {taskinstance.py:1206} INFO - Marking task as SUCCESS. dag_id=stock_raw_aapl, task_id=download_and_load_raw, run_id=scheduled__2024-09-29T00:00:00+00:00, execution_date=20240929T000000, start_date=20260209T122440, end_date=20260209T122440
[2026-02-09T12:24:40.891+0000] {local_task_job_runner.py:243} INFO - Task exited with return code 0
[2026-02-09T12:24:40.910+0000] {taskinstance.py:3503} INFO - 0 downstream tasks scheduled from follow-on schedule check
[2026-02-09T12:24:40.913+0000] {local_task_job_runner.py:222} INFO - ::endgroup::
