[2026-02-09T10:48:33.729+0000] {local_task_job_runner.py:120} INFO - ::group::Pre task execution logs
[2026-02-09T10:48:33.762+0000] {taskinstance.py:2076} INFO - Dependencies all met for dep_context=non-requeueable deps ti=<TaskInstance: stock_raw_aapl.download_and_load_raw scheduled__2026-01-19T00:00:00+00:00 [queued]>
[2026-02-09T10:48:33.772+0000] {taskinstance.py:2076} INFO - Dependencies all met for dep_context=requeueable deps ti=<TaskInstance: stock_raw_aapl.download_and_load_raw scheduled__2026-01-19T00:00:00+00:00 [queued]>
[2026-02-09T10:48:33.773+0000] {taskinstance.py:2306} INFO - Starting attempt 1 of 1
[2026-02-09T10:48:33.786+0000] {taskinstance.py:2330} INFO - Executing <Task(PythonOperator): download_and_load_raw> on 2026-01-19 00:00:00+00:00
[2026-02-09T10:48:33.803+0000] {logging_mixin.py:188} WARNING - /home/***/.local/lib/python3.12/site-packages/***/task/task_runner/standard_task_runner.py:62 DeprecationWarning: This process (pid=10523) is multi-threaded, use of fork() may lead to deadlocks in the child.
[2026-02-09T10:48:33.805+0000] {standard_task_runner.py:64} INFO - Started process 10533 to run task
[2026-02-09T10:48:33.803+0000] {standard_task_runner.py:90} INFO - Running: ['***', 'tasks', 'run', 'stock_raw_aapl', 'download_and_load_raw', 'scheduled__2026-01-19T00:00:00+00:00', '--job-id', '6533', '--raw', '--subdir', 'DAGS_FOLDER/stocks_dwh/raw/stocks_raw_dags.py', '--cfg-path', '/tmp/tmp99ncxudl']
[2026-02-09T10:48:33.805+0000] {standard_task_runner.py:91} INFO - Job 6533: Subtask download_and_load_raw
[2026-02-09T10:48:33.870+0000] {task_command.py:426} INFO - Running <TaskInstance: stock_raw_aapl.download_and_load_raw scheduled__2026-01-19T00:00:00+00:00 [running]> on host 4886d37bc122
[2026-02-09T10:48:33.978+0000] {taskinstance.py:2648} INFO - Exporting env vars: AIRFLOW_CTX_DAG_OWNER='***' AIRFLOW_CTX_DAG_ID='stock_raw_aapl' AIRFLOW_CTX_TASK_ID='download_and_load_raw' AIRFLOW_CTX_EXECUTION_DATE='2026-01-19T00:00:00+00:00' AIRFLOW_CTX_TRY_NUMBER='1' AIRFLOW_CTX_DAG_RUN_ID='scheduled__2026-01-19T00:00:00+00:00'
[2026-02-09T10:48:33.979+0000] {taskinstance.py:430} INFO - ::endgroup::
[2026-02-09T10:48:33.991+0000] {logging_mixin.py:188} INFO - [RAW] Download AAPL [1d] 2026-01-19..2026-01-20
[2026-02-09T10:48:33.993+0000] {logging_mixin.py:188} WARNING - /opt/***/dags/stocks_dwh/raw/stocks_raw_dags.py:38 FutureWarning: YF.download() has changed argument auto_adjust default to True
[2026-02-09T10:48:34.003+0000] {logging_mixin.py:188} WARNING - /home/***/.local/lib/python3.12/site-packages/yfinance/scrapers/history.py:204 Pandas4Warning: Timestamp.utcnow is deprecated and will be removed in a future version. Use Timestamp.now('UTC') instead.
[2026-02-09T10:48:34.514+0000] {multi.py:185} ERROR - 
1 Failed download:
[2026-02-09T10:48:34.515+0000] {multi.py:198} ERROR - ['AAPL']: YFPricesMissingError('possibly delisted; no price data found  (1d 2026-01-19 -> 2026-01-20)')
[2026-02-09T10:48:34.529+0000] {logging_mixin.py:188} INFO - [RAW] No data from yfinance
[2026-02-09T10:48:34.530+0000] {python.py:237} INFO - Done. Returned value was: None
[2026-02-09T10:48:34.530+0000] {taskinstance.py:441} INFO - ::group::Post task execution logs
[2026-02-09T10:48:34.539+0000] {taskinstance.py:1206} INFO - Marking task as SUCCESS. dag_id=stock_raw_aapl, task_id=download_and_load_raw, run_id=scheduled__2026-01-19T00:00:00+00:00, execution_date=20260119T000000, start_date=20260209T104833, end_date=20260209T104834
[2026-02-09T10:48:34.581+0000] {local_task_job_runner.py:243} INFO - Task exited with return code 0
[2026-02-09T10:48:34.598+0000] {taskinstance.py:3503} INFO - 0 downstream tasks scheduled from follow-on schedule check
[2026-02-09T10:48:34.600+0000] {local_task_job_runner.py:222} INFO - ::endgroup::
[2026-02-09T12:50:36.478+0000] {local_task_job_runner.py:120} INFO - ::group::Pre task execution logs
[2026-02-09T12:50:36.507+0000] {taskinstance.py:2076} INFO - Dependencies all met for dep_context=non-requeueable deps ti=<TaskInstance: stock_raw_aapl.download_and_load_raw scheduled__2026-01-19T00:00:00+00:00 [queued]>
[2026-02-09T12:50:36.516+0000] {taskinstance.py:2076} INFO - Dependencies all met for dep_context=requeueable deps ti=<TaskInstance: stock_raw_aapl.download_and_load_raw scheduled__2026-01-19T00:00:00+00:00 [queued]>
[2026-02-09T12:50:36.517+0000] {taskinstance.py:2306} INFO - Starting attempt 1 of 1
[2026-02-09T12:50:36.533+0000] {taskinstance.py:2330} INFO - Executing <Task(PythonOperator): download_and_load_raw> on 2026-01-19 00:00:00+00:00
[2026-02-09T12:50:36.546+0000] {logging_mixin.py:188} WARNING - /home/***/.local/lib/python3.12/site-packages/***/task/task_runner/standard_task_runner.py:62 DeprecationWarning: This process (pid=19089) is multi-threaded, use of fork() may lead to deadlocks in the child.
[2026-02-09T12:50:36.547+0000] {standard_task_runner.py:64} INFO - Started process 19091 to run task
[2026-02-09T12:50:36.546+0000] {standard_task_runner.py:90} INFO - Running: ['***', 'tasks', 'run', 'stock_raw_aapl', 'download_and_load_raw', 'scheduled__2026-01-19T00:00:00+00:00', '--job-id', '7941', '--raw', '--subdir', 'DAGS_FOLDER/stocks_dwh/raw/stocks_raw_dags.py', '--cfg-path', '/tmp/tmpzmk016ee']
[2026-02-09T12:50:36.548+0000] {standard_task_runner.py:91} INFO - Job 7941: Subtask download_and_load_raw
[2026-02-09T12:50:36.613+0000] {task_command.py:426} INFO - Running <TaskInstance: stock_raw_aapl.download_and_load_raw scheduled__2026-01-19T00:00:00+00:00 [running]> on host 4886d37bc122
[2026-02-09T12:50:36.714+0000] {taskinstance.py:2648} INFO - Exporting env vars: AIRFLOW_CTX_DAG_OWNER='***' AIRFLOW_CTX_DAG_ID='stock_raw_aapl' AIRFLOW_CTX_TASK_ID='download_and_load_raw' AIRFLOW_CTX_EXECUTION_DATE='2026-01-19T00:00:00+00:00' AIRFLOW_CTX_TRY_NUMBER='1' AIRFLOW_CTX_DAG_RUN_ID='scheduled__2026-01-19T00:00:00+00:00'
[2026-02-09T12:50:36.715+0000] {taskinstance.py:430} INFO - ::endgroup::
[2026-02-09T12:50:36.726+0000] {stocks_raw_dags.py:37} INFO - 2026-01-19 00:00:00+00:00, 2026-01-20 00:00:00+00:00
[2026-02-09T12:50:36.726+0000] {logging_mixin.py:188} INFO - [RAW] Download AAPL [1d] 2026-01-18..2026-01-20
[2026-02-09T12:50:36.728+0000] {logging_mixin.py:188} WARNING - /opt/***/dags/stocks_dwh/raw/stocks_raw_dags.py:42 FutureWarning: YF.download() has changed argument auto_adjust default to True
[2026-02-09T12:50:36.737+0000] {logging_mixin.py:188} WARNING - /home/***/.local/lib/python3.12/site-packages/yfinance/scrapers/history.py:204 Pandas4Warning: Timestamp.utcnow is deprecated and will be removed in a future version. Use Timestamp.now('UTC') instead.
[2026-02-09T12:50:37.259+0000] {logging_mixin.py:188} WARNING - [*********************100%***********************]  1 of 1 completed
[2026-02-09T12:50:37.260+0000] {multi.py:185} ERROR - 
1 Failed download:
[2026-02-09T12:50:37.260+0000] {multi.py:198} ERROR - ['AAPL']: YFPricesMissingError('possibly delisted; no price data found  (1d 2026-01-18 -> 2026-01-20)')
[2026-02-09T12:50:37.272+0000] {logging_mixin.py:188} INFO - [RAW] No data from yfinance
[2026-02-09T12:50:37.273+0000] {python.py:237} INFO - Done. Returned value was: None
[2026-02-09T12:50:37.274+0000] {taskinstance.py:441} INFO - ::group::Post task execution logs
[2026-02-09T12:50:37.284+0000] {taskinstance.py:1206} INFO - Marking task as SUCCESS. dag_id=stock_raw_aapl, task_id=download_and_load_raw, run_id=scheduled__2026-01-19T00:00:00+00:00, execution_date=20260119T000000, start_date=20260209T125036, end_date=20260209T125037
[2026-02-09T12:50:37.323+0000] {local_task_job_runner.py:243} INFO - Task exited with return code 0
[2026-02-09T12:50:37.342+0000] {taskinstance.py:3503} INFO - 0 downstream tasks scheduled from follow-on schedule check
[2026-02-09T12:50:37.346+0000] {local_task_job_runner.py:222} INFO - ::endgroup::
