[2026-02-09T10:14:47.075+0000] {local_task_job_runner.py:120} INFO - ::group::Pre task execution logs
[2026-02-09T10:14:47.120+0000] {taskinstance.py:2076} INFO - Dependencies all met for dep_context=non-requeueable deps ti=<TaskInstance: stock_raw_aapl.download_and_load_raw scheduled__2024-06-09T00:00:00+00:00 [queued]>
[2026-02-09T10:14:47.133+0000] {taskinstance.py:2076} INFO - Dependencies all met for dep_context=requeueable deps ti=<TaskInstance: stock_raw_aapl.download_and_load_raw scheduled__2024-06-09T00:00:00+00:00 [queued]>
[2026-02-09T10:14:47.134+0000] {taskinstance.py:2306} INFO - Starting attempt 1 of 1
[2026-02-09T10:14:47.154+0000] {taskinstance.py:2330} INFO - Executing <Task(PythonOperator): download_and_load_raw> on 2024-06-09 00:00:00+00:00
[2026-02-09T10:14:47.168+0000] {logging_mixin.py:188} WARNING - /home/***/.local/lib/python3.12/site-packages/***/task/task_runner/standard_task_runner.py:62 DeprecationWarning: This process (pid=4363) is multi-threaded, use of fork() may lead to deadlocks in the child.
[2026-02-09T10:14:47.170+0000] {standard_task_runner.py:64} INFO - Started process 4372 to run task
[2026-02-09T10:14:47.168+0000] {standard_task_runner.py:90} INFO - Running: ['***', 'tasks', 'run', 'stock_raw_aapl', 'download_and_load_raw', 'scheduled__2024-06-09T00:00:00+00:00', '--job-id', '3620', '--raw', '--subdir', 'DAGS_FOLDER/stocks_dwh/raw/stocks_raw_dags.py', '--cfg-path', '/tmp/tmpscpw5z4k']
[2026-02-09T10:14:47.173+0000] {standard_task_runner.py:91} INFO - Job 3620: Subtask download_and_load_raw
[2026-02-09T10:14:47.250+0000] {task_command.py:426} INFO - Running <TaskInstance: stock_raw_aapl.download_and_load_raw scheduled__2024-06-09T00:00:00+00:00 [running]> on host b6b9e92e7d61
[2026-02-09T10:14:47.358+0000] {taskinstance.py:2648} INFO - Exporting env vars: AIRFLOW_CTX_DAG_OWNER='***' AIRFLOW_CTX_DAG_ID='stock_raw_aapl' AIRFLOW_CTX_TASK_ID='download_and_load_raw' AIRFLOW_CTX_EXECUTION_DATE='2024-06-09T00:00:00+00:00' AIRFLOW_CTX_TRY_NUMBER='1' AIRFLOW_CTX_DAG_RUN_ID='scheduled__2024-06-09T00:00:00+00:00'
[2026-02-09T10:14:47.359+0000] {taskinstance.py:430} INFO - ::endgroup::
[2026-02-09T10:14:47.378+0000] {logging_mixin.py:188} INFO - [RAW] Download AAPL [1d] 2024-06-09..2024-06-10
[2026-02-09T10:14:47.382+0000] {logging_mixin.py:188} WARNING - /opt/***/dags/stocks_dwh/raw/stocks_raw_dags.py:38 FutureWarning: YF.download() has changed argument auto_adjust default to True
[2026-02-09T10:14:47.393+0000] {logging_mixin.py:188} WARNING - /home/***/.local/lib/python3.12/site-packages/yfinance/scrapers/history.py:204 Pandas4Warning: Timestamp.utcnow is deprecated and will be removed in a future version. Use Timestamp.now('UTC') instead.
[2026-02-09T10:14:47.921+0000] {multi.py:185} ERROR - 
1 Failed download:
[2026-02-09T10:14:47.921+0000] {multi.py:198} ERROR - ['AAPL']: YFPricesMissingError('possibly delisted; no price data found  (1d 2024-06-09 -> 2024-06-10)')
[2026-02-09T10:14:47.933+0000] {logging_mixin.py:188} INFO - [RAW] No data from yfinance
[2026-02-09T10:14:47.934+0000] {python.py:237} INFO - Done. Returned value was: None
[2026-02-09T10:14:47.935+0000] {taskinstance.py:441} INFO - ::group::Post task execution logs
[2026-02-09T10:14:47.945+0000] {taskinstance.py:1206} INFO - Marking task as SUCCESS. dag_id=stock_raw_aapl, task_id=download_and_load_raw, run_id=scheduled__2024-06-09T00:00:00+00:00, execution_date=20240609T000000, start_date=20260209T101447, end_date=20260209T101447
[2026-02-09T10:14:47.988+0000] {local_task_job_runner.py:243} INFO - Task exited with return code 0
[2026-02-09T10:14:48.005+0000] {taskinstance.py:3503} INFO - 0 downstream tasks scheduled from follow-on schedule check
[2026-02-09T10:14:48.007+0000] {local_task_job_runner.py:222} INFO - ::endgroup::
[2026-02-09T12:18:30.361+0000] {local_task_job_runner.py:120} INFO - ::group::Pre task execution logs
[2026-02-09T12:18:30.389+0000] {taskinstance.py:2076} INFO - Dependencies all met for dep_context=non-requeueable deps ti=<TaskInstance: stock_raw_aapl.download_and_load_raw scheduled__2024-06-09T00:00:00+00:00 [queued]>
[2026-02-09T12:18:30.397+0000] {taskinstance.py:2076} INFO - Dependencies all met for dep_context=requeueable deps ti=<TaskInstance: stock_raw_aapl.download_and_load_raw scheduled__2024-06-09T00:00:00+00:00 [queued]>
[2026-02-09T12:18:30.398+0000] {taskinstance.py:2306} INFO - Starting attempt 1 of 1
[2026-02-09T12:18:30.410+0000] {taskinstance.py:2330} INFO - Executing <Task(PythonOperator): download_and_load_raw> on 2024-06-09 00:00:00+00:00
[2026-02-09T12:18:30.426+0000] {logging_mixin.py:188} WARNING - /home/***/.local/lib/python3.12/site-packages/***/task/task_runner/standard_task_runner.py:62 DeprecationWarning: This process (pid=14856) is multi-threaded, use of fork() may lead to deadlocks in the child.
[2026-02-09T12:18:30.427+0000] {standard_task_runner.py:64} INFO - Started process 14859 to run task
[2026-02-09T12:18:30.426+0000] {standard_task_runner.py:90} INFO - Running: ['***', 'tasks', 'run', 'stock_raw_aapl', 'download_and_load_raw', 'scheduled__2024-06-09T00:00:00+00:00', '--job-id', '7072', '--raw', '--subdir', 'DAGS_FOLDER/stocks_dwh/raw/stocks_raw_dags.py', '--cfg-path', '/tmp/tmpfc0a37zp']
[2026-02-09T12:18:30.428+0000] {standard_task_runner.py:91} INFO - Job 7072: Subtask download_and_load_raw
[2026-02-09T12:18:30.512+0000] {task_command.py:426} INFO - Running <TaskInstance: stock_raw_aapl.download_and_load_raw scheduled__2024-06-09T00:00:00+00:00 [running]> on host 4886d37bc122
[2026-02-09T12:18:30.627+0000] {taskinstance.py:2648} INFO - Exporting env vars: AIRFLOW_CTX_DAG_OWNER='***' AIRFLOW_CTX_DAG_ID='stock_raw_aapl' AIRFLOW_CTX_TASK_ID='download_and_load_raw' AIRFLOW_CTX_EXECUTION_DATE='2024-06-09T00:00:00+00:00' AIRFLOW_CTX_TRY_NUMBER='1' AIRFLOW_CTX_DAG_RUN_ID='scheduled__2024-06-09T00:00:00+00:00'
[2026-02-09T12:18:30.628+0000] {taskinstance.py:430} INFO - ::endgroup::
[2026-02-09T12:18:30.640+0000] {stocks_raw_dags.py:37} INFO - 2024-06-09 00:00:00+00:00, 2024-06-10 00:00:00+00:00
[2026-02-09T12:18:30.641+0000] {logging_mixin.py:188} INFO - [RAW] Download AAPL [1d] 2024-06-08..2024-06-10
[2026-02-09T12:18:30.644+0000] {logging_mixin.py:188} WARNING - /opt/***/dags/stocks_dwh/raw/stocks_raw_dags.py:42 FutureWarning: YF.download() has changed argument auto_adjust default to True
[2026-02-09T12:18:30.652+0000] {logging_mixin.py:188} WARNING - /home/***/.local/lib/python3.12/site-packages/yfinance/scrapers/history.py:204 Pandas4Warning: Timestamp.utcnow is deprecated and will be removed in a future version. Use Timestamp.now('UTC') instead.
[2026-02-09T12:18:31.275+0000] {logging_mixin.py:188} WARNING - [*********************100%***********************]  1 of 1 completed
[2026-02-09T12:18:31.277+0000] {multi.py:185} ERROR - 
1 Failed download:
[2026-02-09T12:18:31.279+0000] {multi.py:198} ERROR - ['AAPL']: YFPricesMissingError('possibly delisted; no price data found  (1d 2024-06-08 -> 2024-06-10)')
[2026-02-09T12:18:31.298+0000] {logging_mixin.py:188} INFO - [RAW] No data from yfinance
[2026-02-09T12:18:31.300+0000] {python.py:237} INFO - Done. Returned value was: None
[2026-02-09T12:18:31.301+0000] {taskinstance.py:441} INFO - ::group::Post task execution logs
[2026-02-09T12:18:31.314+0000] {taskinstance.py:1206} INFO - Marking task as SUCCESS. dag_id=stock_raw_aapl, task_id=download_and_load_raw, run_id=scheduled__2024-06-09T00:00:00+00:00, execution_date=20240609T000000, start_date=20260209T121830, end_date=20260209T121831
[2026-02-09T12:18:31.364+0000] {local_task_job_runner.py:243} INFO - Task exited with return code 0
[2026-02-09T12:18:31.390+0000] {taskinstance.py:3503} INFO - 0 downstream tasks scheduled from follow-on schedule check
[2026-02-09T12:18:31.392+0000] {local_task_job_runner.py:222} INFO - ::endgroup::
