[2026-02-09T10:27:59.771+0000] {local_task_job_runner.py:120} INFO - ::group::Pre task execution logs
[2026-02-09T10:27:59.801+0000] {taskinstance.py:2076} INFO - Dependencies all met for dep_context=non-requeueable deps ti=<TaskInstance: stock_raw_aapl.download_and_load_raw scheduled__2025-01-04T00:00:00+00:00 [queued]>
[2026-02-09T10:27:59.812+0000] {taskinstance.py:2076} INFO - Dependencies all met for dep_context=requeueable deps ti=<TaskInstance: stock_raw_aapl.download_and_load_raw scheduled__2025-01-04T00:00:00+00:00 [queued]>
[2026-02-09T10:27:59.812+0000] {taskinstance.py:2306} INFO - Starting attempt 1 of 1
[2026-02-09T10:27:59.828+0000] {taskinstance.py:2330} INFO - Executing <Task(PythonOperator): download_and_load_raw> on 2025-01-04 00:00:00+00:00
[2026-02-09T10:27:59.842+0000] {logging_mixin.py:188} WARNING - /home/***/.local/lib/python3.12/site-packages/***/task/task_runner/standard_task_runner.py:62 DeprecationWarning: This process (pid=2540) is multi-threaded, use of fork() may lead to deadlocks in the child.
[2026-02-09T10:27:59.843+0000] {standard_task_runner.py:64} INFO - Started process 2555 to run task
[2026-02-09T10:27:59.841+0000] {standard_task_runner.py:90} INFO - Running: ['***', 'tasks', 'run', 'stock_raw_aapl', 'download_and_load_raw', 'scheduled__2025-01-04T00:00:00+00:00', '--job-id', '4658', '--raw', '--subdir', 'DAGS_FOLDER/stocks_dwh/raw/stocks_raw_dags.py', '--cfg-path', '/tmp/tmpk3wgujpt']
[2026-02-09T10:27:59.844+0000] {standard_task_runner.py:91} INFO - Job 4658: Subtask download_and_load_raw
[2026-02-09T10:27:59.911+0000] {task_command.py:426} INFO - Running <TaskInstance: stock_raw_aapl.download_and_load_raw scheduled__2025-01-04T00:00:00+00:00 [running]> on host 4886d37bc122
[2026-02-09T10:28:00.010+0000] {taskinstance.py:2648} INFO - Exporting env vars: AIRFLOW_CTX_DAG_OWNER='***' AIRFLOW_CTX_DAG_ID='stock_raw_aapl' AIRFLOW_CTX_TASK_ID='download_and_load_raw' AIRFLOW_CTX_EXECUTION_DATE='2025-01-04T00:00:00+00:00' AIRFLOW_CTX_TRY_NUMBER='1' AIRFLOW_CTX_DAG_RUN_ID='scheduled__2025-01-04T00:00:00+00:00'
[2026-02-09T10:28:00.012+0000] {taskinstance.py:430} INFO - ::endgroup::
[2026-02-09T10:28:00.025+0000] {logging_mixin.py:188} INFO - [RAW] Download AAPL [1d] 2025-01-04..2025-01-05
[2026-02-09T10:28:00.028+0000] {logging_mixin.py:188} WARNING - /opt/***/dags/stocks_dwh/raw/stocks_raw_dags.py:38 FutureWarning: YF.download() has changed argument auto_adjust default to True
[2026-02-09T10:28:00.036+0000] {logging_mixin.py:188} WARNING - /home/***/.local/lib/python3.12/site-packages/yfinance/scrapers/history.py:204 Pandas4Warning: Timestamp.utcnow is deprecated and will be removed in a future version. Use Timestamp.now('UTC') instead.
[2026-02-09T10:28:00.516+0000] {multi.py:185} ERROR - 
1 Failed download:
[2026-02-09T10:28:00.517+0000] {multi.py:198} ERROR - ['AAPL']: YFPricesMissingError('possibly delisted; no price data found  (1d 2025-01-04 -> 2025-01-05)')
[2026-02-09T10:28:00.530+0000] {logging_mixin.py:188} INFO - [RAW] No data from yfinance
[2026-02-09T10:28:00.530+0000] {python.py:237} INFO - Done. Returned value was: None
[2026-02-09T10:28:00.531+0000] {taskinstance.py:441} INFO - ::group::Post task execution logs
[2026-02-09T10:28:00.541+0000] {taskinstance.py:1206} INFO - Marking task as SUCCESS. dag_id=stock_raw_aapl, task_id=download_and_load_raw, run_id=scheduled__2025-01-04T00:00:00+00:00, execution_date=20250104T000000, start_date=20260209T102759, end_date=20260209T102800
[2026-02-09T10:28:00.619+0000] {local_task_job_runner.py:243} INFO - Task exited with return code 0
[2026-02-09T10:28:00.635+0000] {taskinstance.py:3503} INFO - 0 downstream tasks scheduled from follow-on schedule check
[2026-02-09T10:28:00.638+0000] {local_task_job_runner.py:222} INFO - ::endgroup::
[2026-02-09T12:29:37.190+0000] {local_task_job_runner.py:120} INFO - ::group::Pre task execution logs
[2026-02-09T12:29:37.223+0000] {taskinstance.py:2076} INFO - Dependencies all met for dep_context=non-requeueable deps ti=<TaskInstance: stock_raw_aapl.download_and_load_raw scheduled__2025-01-04T00:00:00+00:00 [queued]>
[2026-02-09T12:29:37.231+0000] {taskinstance.py:2076} INFO - Dependencies all met for dep_context=requeueable deps ti=<TaskInstance: stock_raw_aapl.download_and_load_raw scheduled__2025-01-04T00:00:00+00:00 [queued]>
[2026-02-09T12:29:37.232+0000] {taskinstance.py:2306} INFO - Starting attempt 1 of 1
[2026-02-09T12:29:37.247+0000] {taskinstance.py:2330} INFO - Executing <Task(PythonOperator): download_and_load_raw> on 2025-01-04 00:00:00+00:00
[2026-02-09T12:29:37.264+0000] {logging_mixin.py:188} WARNING - /home/***/.local/lib/python3.12/site-packages/***/task/task_runner/standard_task_runner.py:62 DeprecationWarning: This process (pid=16792) is multi-threaded, use of fork() may lead to deadlocks in the child.
[2026-02-09T12:29:37.266+0000] {standard_task_runner.py:64} INFO - Started process 16803 to run task
[2026-02-09T12:29:37.264+0000] {standard_task_runner.py:90} INFO - Running: ['***', 'tasks', 'run', 'stock_raw_aapl', 'download_and_load_raw', 'scheduled__2025-01-04T00:00:00+00:00', '--job-id', '7490', '--raw', '--subdir', 'DAGS_FOLDER/stocks_dwh/raw/stocks_raw_dags.py', '--cfg-path', '/tmp/tmph30qcy8u']
[2026-02-09T12:29:37.269+0000] {standard_task_runner.py:91} INFO - Job 7490: Subtask download_and_load_raw
[2026-02-09T12:29:37.339+0000] {task_command.py:426} INFO - Running <TaskInstance: stock_raw_aapl.download_and_load_raw scheduled__2025-01-04T00:00:00+00:00 [running]> on host 4886d37bc122
[2026-02-09T12:29:37.427+0000] {taskinstance.py:2648} INFO - Exporting env vars: AIRFLOW_CTX_DAG_OWNER='***' AIRFLOW_CTX_DAG_ID='stock_raw_aapl' AIRFLOW_CTX_TASK_ID='download_and_load_raw' AIRFLOW_CTX_EXECUTION_DATE='2025-01-04T00:00:00+00:00' AIRFLOW_CTX_TRY_NUMBER='1' AIRFLOW_CTX_DAG_RUN_ID='scheduled__2025-01-04T00:00:00+00:00'
[2026-02-09T12:29:37.429+0000] {taskinstance.py:430} INFO - ::endgroup::
[2026-02-09T12:29:37.439+0000] {stocks_raw_dags.py:37} INFO - 2025-01-04 00:00:00+00:00, 2025-01-05 00:00:00+00:00
[2026-02-09T12:29:37.440+0000] {logging_mixin.py:188} INFO - [RAW] Download AAPL [1d] 2025-01-03..2025-01-05
[2026-02-09T12:29:37.442+0000] {logging_mixin.py:188} WARNING - /opt/***/dags/stocks_dwh/raw/stocks_raw_dags.py:42 FutureWarning: YF.download() has changed argument auto_adjust default to True
[2026-02-09T12:29:37.481+0000] {logging_mixin.py:188} WARNING - /home/***/.local/lib/python3.12/site-packages/yfinance/scrapers/history.py:204 Pandas4Warning: Timestamp.utcnow is deprecated and will be removed in a future version. Use Timestamp.now('UTC') instead.
[2026-02-09T12:29:37.985+0000] {logging_mixin.py:188} WARNING - [*********************100%***********************]  1 of 1 completed
[2026-02-09T12:29:38.026+0000] {base.py:84} INFO - Using connection ID 'dwh_clickhouse' for task execution.
[2026-02-09T12:29:38.052+0000] {logging_mixin.py:188} INFO - [RAW] Deleted existing rows for AAPL in 2025-01-03..2025-01-05
[2026-02-09T12:29:38.064+0000] {logging_mixin.py:188} INFO - [RAW] Inserted 1 rows into dwh.raw_stock_prices
[2026-02-09T12:29:38.065+0000] {python.py:237} INFO - Done. Returned value was: None
[2026-02-09T12:29:38.066+0000] {taskinstance.py:441} INFO - ::group::Post task execution logs
[2026-02-09T12:29:38.080+0000] {taskinstance.py:1206} INFO - Marking task as SUCCESS. dag_id=stock_raw_aapl, task_id=download_and_load_raw, run_id=scheduled__2025-01-04T00:00:00+00:00, execution_date=20250104T000000, start_date=20260209T122937, end_date=20260209T122938
[2026-02-09T12:29:38.124+0000] {local_task_job_runner.py:243} INFO - Task exited with return code 0
[2026-02-09T12:29:38.149+0000] {taskinstance.py:3503} INFO - 0 downstream tasks scheduled from follow-on schedule check
[2026-02-09T12:29:38.152+0000] {local_task_job_runner.py:222} INFO - ::endgroup::
