[2026-02-09T10:43:33.628+0000] {local_task_job_runner.py:120} INFO - ::group::Pre task execution logs
[2026-02-09T10:43:33.661+0000] {taskinstance.py:2076} INFO - Dependencies all met for dep_context=non-requeueable deps ti=<TaskInstance: stock_raw_moex_sber.download_and_load_raw scheduled__2025-09-01T00:00:00+00:00 [queued]>
[2026-02-09T10:43:33.669+0000] {taskinstance.py:2076} INFO - Dependencies all met for dep_context=requeueable deps ti=<TaskInstance: stock_raw_moex_sber.download_and_load_raw scheduled__2025-09-01T00:00:00+00:00 [queued]>
[2026-02-09T10:43:33.670+0000] {taskinstance.py:2306} INFO - Starting attempt 1 of 1
[2026-02-09T10:43:33.682+0000] {taskinstance.py:2330} INFO - Executing <Task(PythonOperator): download_and_load_raw> on 2025-09-01 00:00:00+00:00
[2026-02-09T10:43:33.695+0000] {logging_mixin.py:188} WARNING - /home/***/.local/lib/python3.12/site-packages/***/task/task_runner/standard_task_runner.py:62 DeprecationWarning: This process (pid=8507) is multi-threaded, use of fork() may lead to deadlocks in the child.
[2026-02-09T10:43:33.695+0000] {standard_task_runner.py:90} INFO - Running: ['***', 'tasks', 'run', 'stock_raw_moex_sber', 'download_and_load_raw', 'scheduled__2025-09-01T00:00:00+00:00', '--job-id', '6059', '--raw', '--subdir', 'DAGS_FOLDER/stocks_dwh/raw/stocks_raw_dags.py', '--cfg-path', '/tmp/tmpajjvzb4j']
[2026-02-09T10:43:33.697+0000] {standard_task_runner.py:64} INFO - Started process 8513 to run task
[2026-02-09T10:43:33.697+0000] {standard_task_runner.py:91} INFO - Job 6059: Subtask download_and_load_raw
[2026-02-09T10:43:33.767+0000] {task_command.py:426} INFO - Running <TaskInstance: stock_raw_moex_sber.download_and_load_raw scheduled__2025-09-01T00:00:00+00:00 [running]> on host 4886d37bc122
[2026-02-09T10:43:33.851+0000] {taskinstance.py:2648} INFO - Exporting env vars: AIRFLOW_CTX_DAG_OWNER='***' AIRFLOW_CTX_DAG_ID='stock_raw_moex_sber' AIRFLOW_CTX_TASK_ID='download_and_load_raw' AIRFLOW_CTX_EXECUTION_DATE='2025-09-01T00:00:00+00:00' AIRFLOW_CTX_TRY_NUMBER='1' AIRFLOW_CTX_DAG_RUN_ID='scheduled__2025-09-01T00:00:00+00:00'
[2026-02-09T10:43:33.852+0000] {taskinstance.py:430} INFO - ::endgroup::
[2026-02-09T10:43:33.862+0000] {logging_mixin.py:188} INFO - [RAW] Download MOEX.SBER [1d] 2025-09-01..2025-09-02
[2026-02-09T10:43:33.865+0000] {logging_mixin.py:188} WARNING - /opt/***/dags/stocks_dwh/raw/stocks_raw_dags.py:38 FutureWarning: YF.download() has changed argument auto_adjust default to True
[2026-02-09T10:43:34.886+0000] {quote.py:592} ERROR - HTTP Error 404: {"quoteSummary":{"result":null,"error":{"code":"Not Found","description":"Quote not found for symbol: MOEX.SBER"}}}
[2026-02-09T10:43:34.933+0000] {logging_mixin.py:188} WARNING - /home/***/.local/lib/python3.12/site-packages/yfinance/scrapers/quote.py:700 Pandas4Warning: Timestamp.utcnow is deprecated and will be removed in a future version. Use Timestamp.now('UTC') instead.
[2026-02-09T10:43:34.936+0000] {logging_mixin.py:188} WARNING - /home/***/.local/lib/python3.12/site-packages/yfinance/scrapers/quote.py:702 Pandas4Warning: Timestamp.utcnow is deprecated and will be removed in a future version. Use Timestamp.now('UTC') instead.
[2026-02-09T10:43:34.998+0000] {multi.py:185} ERROR - 
1 Failed download:
[2026-02-09T10:43:34.999+0000] {multi.py:198} ERROR - ['MOEX.SBER']: YFTzMissingError('possibly delisted; no timezone found')
[2026-02-09T10:43:35.012+0000] {logging_mixin.py:188} INFO - [RAW] No data from yfinance
[2026-02-09T10:43:35.013+0000] {python.py:237} INFO - Done. Returned value was: None
[2026-02-09T10:43:35.014+0000] {taskinstance.py:441} INFO - ::group::Post task execution logs
[2026-02-09T10:43:35.023+0000] {taskinstance.py:1206} INFO - Marking task as SUCCESS. dag_id=stock_raw_moex_sber, task_id=download_and_load_raw, run_id=scheduled__2025-09-01T00:00:00+00:00, execution_date=20250901T000000, start_date=20260209T104333, end_date=20260209T104335
[2026-02-09T10:43:35.074+0000] {local_task_job_runner.py:243} INFO - Task exited with return code 0
[2026-02-09T10:43:35.091+0000] {taskinstance.py:3503} INFO - 0 downstream tasks scheduled from follow-on schedule check
[2026-02-09T10:43:35.093+0000] {local_task_job_runner.py:222} INFO - ::endgroup::
