[2026-02-09T10:05:13.371+0000] {local_task_job_runner.py:120} INFO - ::group::Pre task execution logs
[2026-02-09T10:05:13.400+0000] {taskinstance.py:2076} INFO - Dependencies all met for dep_context=non-requeueable deps ti=<TaskInstance: stock_raw_aapl.download manual__2026-02-09T10:05:08.864008+00:00 [queued]>
[2026-02-09T10:05:13.412+0000] {taskinstance.py:2076} INFO - Dependencies all met for dep_context=requeueable deps ti=<TaskInstance: stock_raw_aapl.download manual__2026-02-09T10:05:08.864008+00:00 [queued]>
[2026-02-09T10:05:13.413+0000] {taskinstance.py:2306} INFO - Starting attempt 1 of 1
[2026-02-09T10:05:13.425+0000] {taskinstance.py:2330} INFO - Executing <Task(PythonOperator): download> on 2026-02-09 10:05:08.864008+00:00
[2026-02-09T10:05:13.436+0000] {logging_mixin.py:188} WARNING - /home/***/.local/lib/python3.12/site-packages/***/task/task_runner/standard_task_runner.py:62 DeprecationWarning: This process (pid=974) is multi-threaded, use of fork() may lead to deadlocks in the child.
[2026-02-09T10:05:13.438+0000] {standard_task_runner.py:64} INFO - Started process 977 to run task
[2026-02-09T10:05:13.436+0000] {standard_task_runner.py:90} INFO - Running: ['***', 'tasks', 'run', 'stock_raw_aapl', 'download', 'manual__2026-02-09T10:05:08.864008+00:00', '--job-id', '2831', '--raw', '--subdir', 'DAGS_FOLDER/stocks_dwh/raw/stocks_raw_dags.py', '--cfg-path', '/tmp/tmp22bxf_u2']
[2026-02-09T10:05:13.438+0000] {standard_task_runner.py:91} INFO - Job 2831: Subtask download
[2026-02-09T10:05:13.504+0000] {task_command.py:426} INFO - Running <TaskInstance: stock_raw_aapl.download manual__2026-02-09T10:05:08.864008+00:00 [running]> on host b6b9e92e7d61
[2026-02-09T10:05:13.600+0000] {taskinstance.py:2648} INFO - Exporting env vars: AIRFLOW_CTX_DAG_OWNER='***' AIRFLOW_CTX_DAG_ID='stock_raw_aapl' AIRFLOW_CTX_TASK_ID='download' AIRFLOW_CTX_EXECUTION_DATE='2026-02-09T10:05:08.864008+00:00' AIRFLOW_CTX_TRY_NUMBER='1' AIRFLOW_CTX_DAG_RUN_ID='manual__2026-02-09T10:05:08.864008+00:00'
[2026-02-09T10:05:13.603+0000] {taskinstance.py:430} INFO - ::endgroup::
[2026-02-09T10:05:13.626+0000] {logging_mixin.py:188} INFO - Downloading AAPL [1d] from 2026-02-08 to 2026-02-09
[2026-02-09T10:05:13.629+0000] {logging_mixin.py:188} WARNING - /opt/***/dags/stocks_dwh/raw/stocks_raw_dags.py:25 FutureWarning: YF.download() has changed argument auto_adjust default to True
[2026-02-09T10:05:13.641+0000] {logging_mixin.py:188} WARNING - /home/***/.local/lib/python3.12/site-packages/yfinance/scrapers/history.py:204 Pandas4Warning: Timestamp.utcnow is deprecated and will be removed in a future version. Use Timestamp.now('UTC') instead.
[2026-02-09T10:05:14.159+0000] {multi.py:185} ERROR - 
1 Failed download:
[2026-02-09T10:05:14.160+0000] {multi.py:198} ERROR - ['AAPL']: YFPricesMissingError('possibly delisted; no price data found  (1d 2026-02-08 -> 2026-02-09)')
[2026-02-09T10:05:14.177+0000] {logging_mixin.py:188} INFO - No data
[2026-02-09T10:05:14.178+0000] {python.py:237} INFO - Done. Returned value was: None
[2026-02-09T10:05:14.179+0000] {taskinstance.py:441} INFO - ::group::Post task execution logs
[2026-02-09T10:05:14.189+0000] {taskinstance.py:1206} INFO - Marking task as SUCCESS. dag_id=stock_raw_aapl, task_id=download, run_id=manual__2026-02-09T10:05:08.864008+00:00, execution_date=20260209T100508, start_date=20260209T100513, end_date=20260209T100514
[2026-02-09T10:05:14.254+0000] {local_task_job_runner.py:243} INFO - Task exited with return code 0
[2026-02-09T10:05:14.277+0000] {taskinstance.py:3503} INFO - 0 downstream tasks scheduled from follow-on schedule check
[2026-02-09T10:05:14.279+0000] {local_task_job_runner.py:222} INFO - ::endgroup::
