[2026-02-09T12:33:22.701+0000] {local_task_job_runner.py:120} INFO - ::group::Pre task execution logs
[2026-02-09T12:33:22.736+0000] {taskinstance.py:2076} INFO - Dependencies all met for dep_context=non-requeueable deps ti=<TaskInstance: stock_raw_msft.download_and_load_raw scheduled__2026-01-23T00:00:00+00:00 [queued]>
[2026-02-09T12:33:22.747+0000] {taskinstance.py:2076} INFO - Dependencies all met for dep_context=requeueable deps ti=<TaskInstance: stock_raw_msft.download_and_load_raw scheduled__2026-01-23T00:00:00+00:00 [queued]>
[2026-02-09T12:33:22.747+0000] {taskinstance.py:2306} INFO - Starting attempt 2 of 2
[2026-02-09T12:33:22.763+0000] {taskinstance.py:2330} INFO - Executing <Task(PythonOperator): download_and_load_raw> on 2026-01-23 00:00:00+00:00
[2026-02-09T12:33:22.778+0000] {logging_mixin.py:188} WARNING - /home/***/.local/lib/python3.12/site-packages/***/task/task_runner/standard_task_runner.py:62 DeprecationWarning: This process (pid=17355) is multi-threaded, use of fork() may lead to deadlocks in the child.
[2026-02-09T12:33:22.779+0000] {standard_task_runner.py:64} INFO - Started process 17358 to run task
[2026-02-09T12:33:22.778+0000] {standard_task_runner.py:90} INFO - Running: ['***', 'tasks', 'run', 'stock_raw_msft', 'download_and_load_raw', 'scheduled__2026-01-23T00:00:00+00:00', '--job-id', '7609', '--raw', '--subdir', 'DAGS_FOLDER/stocks_dwh/raw/stocks_raw_dags.py', '--cfg-path', '/tmp/tmppsismhc_']
[2026-02-09T12:33:22.782+0000] {standard_task_runner.py:91} INFO - Job 7609: Subtask download_and_load_raw
[2026-02-09T12:33:22.863+0000] {task_command.py:426} INFO - Running <TaskInstance: stock_raw_msft.download_and_load_raw scheduled__2026-01-23T00:00:00+00:00 [running]> on host 4886d37bc122
[2026-02-09T12:33:22.977+0000] {taskinstance.py:2648} INFO - Exporting env vars: AIRFLOW_CTX_DAG_OWNER='***' AIRFLOW_CTX_DAG_ID='stock_raw_msft' AIRFLOW_CTX_TASK_ID='download_and_load_raw' AIRFLOW_CTX_EXECUTION_DATE='2026-01-23T00:00:00+00:00' AIRFLOW_CTX_TRY_NUMBER='2' AIRFLOW_CTX_DAG_RUN_ID='scheduled__2026-01-23T00:00:00+00:00'
[2026-02-09T12:33:22.978+0000] {taskinstance.py:430} INFO - ::endgroup::
[2026-02-09T12:33:22.991+0000] {stocks_raw_dags.py:37} INFO - 2026-01-23 00:00:00+00:00, 2026-01-24 00:00:00+00:00
[2026-02-09T12:33:22.992+0000] {logging_mixin.py:188} INFO - [RAW] Download MSFT [1d] 2026-01-22..2026-01-24
[2026-02-09T12:33:22.995+0000] {logging_mixin.py:188} WARNING - /opt/***/dags/stocks_dwh/raw/stocks_raw_dags.py:42 FutureWarning: YF.download() has changed argument auto_adjust default to True
[2026-02-09T12:33:23.005+0000] {logging_mixin.py:188} WARNING - /home/***/.local/lib/python3.12/site-packages/yfinance/scrapers/history.py:204 Pandas4Warning: Timestamp.utcnow is deprecated and will be removed in a future version. Use Timestamp.now('UTC') instead.
[2026-02-09T12:33:23.526+0000] {logging_mixin.py:188} WARNING - [*********************100%***********************]  1 of 1 completed
[2026-02-09T12:33:23.565+0000] {base.py:84} INFO - Using connection ID 'dwh_clickhouse' for task execution.
[2026-02-09T12:33:23.611+0000] {logging_mixin.py:188} INFO - [RAW] Deleted existing rows for MSFT in 2026-01-22..2026-01-24
[2026-02-09T12:33:23.623+0000] {logging_mixin.py:188} INFO - [RAW] Inserted 2 rows into dwh.raw_stock_prices
[2026-02-09T12:33:23.624+0000] {python.py:237} INFO - Done. Returned value was: None
[2026-02-09T12:33:23.625+0000] {taskinstance.py:441} INFO - ::group::Post task execution logs
[2026-02-09T12:33:23.638+0000] {taskinstance.py:1206} INFO - Marking task as SUCCESS. dag_id=stock_raw_msft, task_id=download_and_load_raw, run_id=scheduled__2026-01-23T00:00:00+00:00, execution_date=20260123T000000, start_date=20260209T123322, end_date=20260209T123323
[2026-02-09T12:33:23.677+0000] {local_task_job_runner.py:243} INFO - Task exited with return code 0
[2026-02-09T12:33:23.702+0000] {taskinstance.py:3503} INFO - 0 downstream tasks scheduled from follow-on schedule check
[2026-02-09T12:33:23.706+0000] {local_task_job_runner.py:222} INFO - ::endgroup::
