[2026-02-09T10:18:56.899+0000] {local_task_job_runner.py:120} INFO - ::group::Pre task execution logs
[2026-02-09T10:18:56.931+0000] {taskinstance.py:2076} INFO - Dependencies all met for dep_context=non-requeueable deps ti=<TaskInstance: stock_raw_aapl.download_and_load_raw scheduled__2024-08-25T00:00:00+00:00 [queued]>
[2026-02-09T10:18:56.940+0000] {taskinstance.py:2076} INFO - Dependencies all met for dep_context=requeueable deps ti=<TaskInstance: stock_raw_aapl.download_and_load_raw scheduled__2024-08-25T00:00:00+00:00 [queued]>
[2026-02-09T10:18:56.941+0000] {taskinstance.py:2306} INFO - Starting attempt 1 of 1
[2026-02-09T10:18:56.952+0000] {taskinstance.py:2330} INFO - Executing <Task(PythonOperator): download_and_load_raw> on 2024-08-25 00:00:00+00:00
[2026-02-09T10:18:56.964+0000] {logging_mixin.py:188} WARNING - /home/***/.local/lib/python3.12/site-packages/***/task/task_runner/standard_task_runner.py:62 DeprecationWarning: This process (pid=5993) is multi-threaded, use of fork() may lead to deadlocks in the child.
[2026-02-09T10:18:56.965+0000] {standard_task_runner.py:64} INFO - Started process 5998 to run task
[2026-02-09T10:18:56.963+0000] {standard_task_runner.py:90} INFO - Running: ['***', 'tasks', 'run', 'stock_raw_aapl', 'download_and_load_raw', 'scheduled__2024-08-25T00:00:00+00:00', '--job-id', '4003', '--raw', '--subdir', 'DAGS_FOLDER/stocks_dwh/raw/stocks_raw_dags.py', '--cfg-path', '/tmp/tmpe4bq11x0']
[2026-02-09T10:18:56.966+0000] {standard_task_runner.py:91} INFO - Job 4003: Subtask download_and_load_raw
[2026-02-09T10:18:57.027+0000] {task_command.py:426} INFO - Running <TaskInstance: stock_raw_aapl.download_and_load_raw scheduled__2024-08-25T00:00:00+00:00 [running]> on host b6b9e92e7d61
[2026-02-09T10:18:57.117+0000] {taskinstance.py:2648} INFO - Exporting env vars: AIRFLOW_CTX_DAG_OWNER='***' AIRFLOW_CTX_DAG_ID='stock_raw_aapl' AIRFLOW_CTX_TASK_ID='download_and_load_raw' AIRFLOW_CTX_EXECUTION_DATE='2024-08-25T00:00:00+00:00' AIRFLOW_CTX_TRY_NUMBER='1' AIRFLOW_CTX_DAG_RUN_ID='scheduled__2024-08-25T00:00:00+00:00'
[2026-02-09T10:18:57.119+0000] {taskinstance.py:430} INFO - ::endgroup::
[2026-02-09T10:18:57.131+0000] {logging_mixin.py:188} INFO - [RAW] Download AAPL [1d] 2024-08-25..2024-08-26
[2026-02-09T10:18:57.133+0000] {logging_mixin.py:188} WARNING - /opt/***/dags/stocks_dwh/raw/stocks_raw_dags.py:38 FutureWarning: YF.download() has changed argument auto_adjust default to True
[2026-02-09T10:18:57.141+0000] {logging_mixin.py:188} WARNING - /home/***/.local/lib/python3.12/site-packages/yfinance/scrapers/history.py:204 Pandas4Warning: Timestamp.utcnow is deprecated and will be removed in a future version. Use Timestamp.now('UTC') instead.
[2026-02-09T10:18:57.666+0000] {multi.py:185} ERROR - 
1 Failed download:
[2026-02-09T10:18:57.667+0000] {multi.py:198} ERROR - ['AAPL']: YFPricesMissingError('possibly delisted; no price data found  (1d 2024-08-25 -> 2024-08-26)')
[2026-02-09T10:18:57.682+0000] {logging_mixin.py:188} INFO - [RAW] No data from yfinance
[2026-02-09T10:18:57.686+0000] {python.py:237} INFO - Done. Returned value was: None
[2026-02-09T10:18:57.687+0000] {taskinstance.py:441} INFO - ::group::Post task execution logs
[2026-02-09T10:18:57.697+0000] {taskinstance.py:1206} INFO - Marking task as SUCCESS. dag_id=stock_raw_aapl, task_id=download_and_load_raw, run_id=scheduled__2024-08-25T00:00:00+00:00, execution_date=20240825T000000, start_date=20260209T101856, end_date=20260209T101857
[2026-02-09T10:18:57.741+0000] {local_task_job_runner.py:243} INFO - Task exited with return code 0
[2026-02-09T10:18:57.759+0000] {taskinstance.py:3503} INFO - 0 downstream tasks scheduled from follow-on schedule check
[2026-02-09T10:18:57.760+0000] {local_task_job_runner.py:222} INFO - ::endgroup::
[2026-02-09T12:22:53.965+0000] {local_task_job_runner.py:120} INFO - ::group::Pre task execution logs
[2026-02-09T12:22:53.994+0000] {taskinstance.py:2076} INFO - Dependencies all met for dep_context=non-requeueable deps ti=<TaskInstance: stock_raw_aapl.download_and_load_raw scheduled__2024-08-25T00:00:00+00:00 [queued]>
[2026-02-09T12:22:54.001+0000] {taskinstance.py:2076} INFO - Dependencies all met for dep_context=requeueable deps ti=<TaskInstance: stock_raw_aapl.download_and_load_raw scheduled__2024-08-25T00:00:00+00:00 [queued]>
[2026-02-09T12:22:54.002+0000] {taskinstance.py:2306} INFO - Starting attempt 1 of 1
[2026-02-09T12:22:54.015+0000] {taskinstance.py:2330} INFO - Executing <Task(PythonOperator): download_and_load_raw> on 2024-08-25 00:00:00+00:00
[2026-02-09T12:22:54.027+0000] {logging_mixin.py:188} WARNING - /home/***/.local/lib/python3.12/site-packages/***/task/task_runner/standard_task_runner.py:62 DeprecationWarning: This process (pid=15580) is multi-threaded, use of fork() may lead to deadlocks in the child.
[2026-02-09T12:22:54.028+0000] {standard_task_runner.py:64} INFO - Started process 15584 to run task
[2026-02-09T12:22:54.027+0000] {standard_task_runner.py:90} INFO - Running: ['***', 'tasks', 'run', 'stock_raw_aapl', 'download_and_load_raw', 'scheduled__2024-08-25T00:00:00+00:00', '--job-id', '7227', '--raw', '--subdir', 'DAGS_FOLDER/stocks_dwh/raw/stocks_raw_dags.py', '--cfg-path', '/tmp/tmpkk4pfzct']
[2026-02-09T12:22:54.029+0000] {standard_task_runner.py:91} INFO - Job 7227: Subtask download_and_load_raw
[2026-02-09T12:22:54.086+0000] {task_command.py:426} INFO - Running <TaskInstance: stock_raw_aapl.download_and_load_raw scheduled__2024-08-25T00:00:00+00:00 [running]> on host 4886d37bc122
[2026-02-09T12:22:54.172+0000] {taskinstance.py:2648} INFO - Exporting env vars: AIRFLOW_CTX_DAG_OWNER='***' AIRFLOW_CTX_DAG_ID='stock_raw_aapl' AIRFLOW_CTX_TASK_ID='download_and_load_raw' AIRFLOW_CTX_EXECUTION_DATE='2024-08-25T00:00:00+00:00' AIRFLOW_CTX_TRY_NUMBER='1' AIRFLOW_CTX_DAG_RUN_ID='scheduled__2024-08-25T00:00:00+00:00'
[2026-02-09T12:22:54.173+0000] {taskinstance.py:430} INFO - ::endgroup::
[2026-02-09T12:22:54.183+0000] {stocks_raw_dags.py:37} INFO - 2024-08-25 00:00:00+00:00, 2024-08-26 00:00:00+00:00
[2026-02-09T12:22:54.183+0000] {logging_mixin.py:188} INFO - [RAW] Download AAPL [1d] 2024-08-24..2024-08-26
[2026-02-09T12:22:54.185+0000] {logging_mixin.py:188} WARNING - /opt/***/dags/stocks_dwh/raw/stocks_raw_dags.py:42 FutureWarning: YF.download() has changed argument auto_adjust default to True
[2026-02-09T12:22:54.193+0000] {logging_mixin.py:188} WARNING - /home/***/.local/lib/python3.12/site-packages/yfinance/scrapers/history.py:204 Pandas4Warning: Timestamp.utcnow is deprecated and will be removed in a future version. Use Timestamp.now('UTC') instead.
[2026-02-09T12:22:54.709+0000] {logging_mixin.py:188} WARNING - [*********************100%***********************]  1 of 1 completed
[2026-02-09T12:22:54.709+0000] {multi.py:185} ERROR - 
1 Failed download:
[2026-02-09T12:22:54.710+0000] {multi.py:198} ERROR - ['AAPL']: YFPricesMissingError('possibly delisted; no price data found  (1d 2024-08-24 -> 2024-08-26)')
[2026-02-09T12:22:54.724+0000] {logging_mixin.py:188} INFO - [RAW] No data from yfinance
[2026-02-09T12:22:54.725+0000] {python.py:237} INFO - Done. Returned value was: None
[2026-02-09T12:22:54.726+0000] {taskinstance.py:441} INFO - ::group::Post task execution logs
[2026-02-09T12:22:54.735+0000] {taskinstance.py:1206} INFO - Marking task as SUCCESS. dag_id=stock_raw_aapl, task_id=download_and_load_raw, run_id=scheduled__2024-08-25T00:00:00+00:00, execution_date=20240825T000000, start_date=20260209T122253, end_date=20260209T122254
[2026-02-09T12:22:54.804+0000] {local_task_job_runner.py:243} INFO - Task exited with return code 0
[2026-02-09T12:22:54.819+0000] {local_task_job_runner.py:222} INFO - ::endgroup::
