[2026-02-09T10:51:40.734+0000] {local_task_job_runner.py:120} INFO - ::group::Pre task execution logs
[2026-02-09T10:51:40.770+0000] {taskinstance.py:2076} INFO - Dependencies all met for dep_context=non-requeueable deps ti=<TaskInstance: stock_raw_moex_sber.download_and_load_raw scheduled__2026-01-17T00:00:00+00:00 [queued]>
[2026-02-09T10:51:40.780+0000] {taskinstance.py:2076} INFO - Dependencies all met for dep_context=requeueable deps ti=<TaskInstance: stock_raw_moex_sber.download_and_load_raw scheduled__2026-01-17T00:00:00+00:00 [queued]>
[2026-02-09T10:51:40.781+0000] {taskinstance.py:2306} INFO - Starting attempt 1 of 1
[2026-02-09T10:51:40.797+0000] {taskinstance.py:2330} INFO - Executing <Task(PythonOperator): download_and_load_raw> on 2026-01-17 00:00:00+00:00
[2026-02-09T10:51:40.811+0000] {logging_mixin.py:188} WARNING - /home/***/.local/lib/python3.12/site-packages/***/task/task_runner/standard_task_runner.py:62 DeprecationWarning: This process (pid=11132) is multi-threaded, use of fork() may lead to deadlocks in the child.
[2026-02-09T10:51:40.813+0000] {standard_task_runner.py:64} INFO - Started process 11134 to run task
[2026-02-09T10:51:40.812+0000] {standard_task_runner.py:90} INFO - Running: ['***', 'tasks', 'run', 'stock_raw_moex_sber', 'download_and_load_raw', 'scheduled__2026-01-17T00:00:00+00:00', '--job-id', '6665', '--raw', '--subdir', 'DAGS_FOLDER/stocks_dwh/raw/stocks_raw_dags.py', '--cfg-path', '/tmp/tmp_ejvhx_a']
[2026-02-09T10:51:40.815+0000] {standard_task_runner.py:91} INFO - Job 6665: Subtask download_and_load_raw
[2026-02-09T10:51:40.891+0000] {task_command.py:426} INFO - Running <TaskInstance: stock_raw_moex_sber.download_and_load_raw scheduled__2026-01-17T00:00:00+00:00 [running]> on host 4886d37bc122
[2026-02-09T10:51:40.983+0000] {taskinstance.py:2648} INFO - Exporting env vars: AIRFLOW_CTX_DAG_OWNER='***' AIRFLOW_CTX_DAG_ID='stock_raw_moex_sber' AIRFLOW_CTX_TASK_ID='download_and_load_raw' AIRFLOW_CTX_EXECUTION_DATE='2026-01-17T00:00:00+00:00' AIRFLOW_CTX_TRY_NUMBER='1' AIRFLOW_CTX_DAG_RUN_ID='scheduled__2026-01-17T00:00:00+00:00'
[2026-02-09T10:51:40.984+0000] {taskinstance.py:430} INFO - ::endgroup::
[2026-02-09T10:51:40.994+0000] {logging_mixin.py:188} INFO - [RAW] Download MOEX.SBER [1d] 2026-01-17..2026-01-18
[2026-02-09T10:51:40.996+0000] {logging_mixin.py:188} WARNING - /opt/***/dags/stocks_dwh/raw/stocks_raw_dags.py:38 FutureWarning: YF.download() has changed argument auto_adjust default to True
[2026-02-09T10:51:41.984+0000] {quote.py:592} ERROR - HTTP Error 404: {"quoteSummary":{"result":null,"error":{"code":"Not Found","description":"Quote not found for symbol: MOEX.SBER"}}}
[2026-02-09T10:51:42.032+0000] {logging_mixin.py:188} WARNING - /home/***/.local/lib/python3.12/site-packages/yfinance/scrapers/quote.py:700 Pandas4Warning: Timestamp.utcnow is deprecated and will be removed in a future version. Use Timestamp.now('UTC') instead.
[2026-02-09T10:51:42.034+0000] {logging_mixin.py:188} WARNING - /home/***/.local/lib/python3.12/site-packages/yfinance/scrapers/quote.py:702 Pandas4Warning: Timestamp.utcnow is deprecated and will be removed in a future version. Use Timestamp.now('UTC') instead.
[2026-02-09T10:51:42.079+0000] {multi.py:185} ERROR - 
1 Failed download:
[2026-02-09T10:51:42.080+0000] {multi.py:198} ERROR - ['MOEX.SBER']: YFTzMissingError('possibly delisted; no timezone found')
[2026-02-09T10:51:42.093+0000] {logging_mixin.py:188} INFO - [RAW] No data from yfinance
[2026-02-09T10:51:42.094+0000] {python.py:237} INFO - Done. Returned value was: None
[2026-02-09T10:51:42.095+0000] {taskinstance.py:441} INFO - ::group::Post task execution logs
[2026-02-09T10:51:42.106+0000] {taskinstance.py:1206} INFO - Marking task as SUCCESS. dag_id=stock_raw_moex_sber, task_id=download_and_load_raw, run_id=scheduled__2026-01-17T00:00:00+00:00, execution_date=20260117T000000, start_date=20260209T105140, end_date=20260209T105142
[2026-02-09T10:51:42.152+0000] {local_task_job_runner.py:243} INFO - Task exited with return code 0
[2026-02-09T10:51:42.169+0000] {taskinstance.py:3503} INFO - 0 downstream tasks scheduled from follow-on schedule check
[2026-02-09T10:51:42.171+0000] {local_task_job_runner.py:222} INFO - ::endgroup::
