[2026-02-09T10:49:10.770+0000] {local_task_job_runner.py:120} INFO - ::group::Pre task execution logs
[2026-02-09T10:49:10.805+0000] {taskinstance.py:2076} INFO - Dependencies all met for dep_context=non-requeueable deps ti=<TaskInstance: stock_raw_aapl.download_and_load_raw scheduled__2026-01-30T00:00:00+00:00 [queued]>
[2026-02-09T10:49:10.814+0000] {taskinstance.py:2076} INFO - Dependencies all met for dep_context=requeueable deps ti=<TaskInstance: stock_raw_aapl.download_and_load_raw scheduled__2026-01-30T00:00:00+00:00 [queued]>
[2026-02-09T10:49:10.815+0000] {taskinstance.py:2306} INFO - Starting attempt 1 of 1
[2026-02-09T10:49:10.831+0000] {taskinstance.py:2330} INFO - Executing <Task(PythonOperator): download_and_load_raw> on 2026-01-30 00:00:00+00:00
[2026-02-09T10:49:10.843+0000] {logging_mixin.py:188} WARNING - /home/***/.local/lib/python3.12/site-packages/***/task/task_runner/standard_task_runner.py:62 DeprecationWarning: This process (pid=10752) is multi-threaded, use of fork() may lead to deadlocks in the child.
[2026-02-09T10:49:10.845+0000] {standard_task_runner.py:64} INFO - Started process 10764 to run task
[2026-02-09T10:49:10.843+0000] {standard_task_runner.py:90} INFO - Running: ['***', 'tasks', 'run', 'stock_raw_aapl', 'download_and_load_raw', 'scheduled__2026-01-30T00:00:00+00:00', '--job-id', '6587', '--raw', '--subdir', 'DAGS_FOLDER/stocks_dwh/raw/stocks_raw_dags.py', '--cfg-path', '/tmp/tmprxcb8ut9']
[2026-02-09T10:49:10.846+0000] {standard_task_runner.py:91} INFO - Job 6587: Subtask download_and_load_raw
[2026-02-09T10:49:10.919+0000] {task_command.py:426} INFO - Running <TaskInstance: stock_raw_aapl.download_and_load_raw scheduled__2026-01-30T00:00:00+00:00 [running]> on host 4886d37bc122
[2026-02-09T10:49:11.030+0000] {taskinstance.py:2648} INFO - Exporting env vars: AIRFLOW_CTX_DAG_OWNER='***' AIRFLOW_CTX_DAG_ID='stock_raw_aapl' AIRFLOW_CTX_TASK_ID='download_and_load_raw' AIRFLOW_CTX_EXECUTION_DATE='2026-01-30T00:00:00+00:00' AIRFLOW_CTX_TRY_NUMBER='1' AIRFLOW_CTX_DAG_RUN_ID='scheduled__2026-01-30T00:00:00+00:00'
[2026-02-09T10:49:11.032+0000] {taskinstance.py:430} INFO - ::endgroup::
[2026-02-09T10:49:11.045+0000] {logging_mixin.py:188} INFO - [RAW] Download AAPL [1d] 2026-01-30..2026-01-31
[2026-02-09T10:49:11.048+0000] {logging_mixin.py:188} WARNING - /opt/***/dags/stocks_dwh/raw/stocks_raw_dags.py:38 FutureWarning: YF.download() has changed argument auto_adjust default to True
[2026-02-09T10:49:11.060+0000] {logging_mixin.py:188} WARNING - /home/***/.local/lib/python3.12/site-packages/yfinance/scrapers/history.py:204 Pandas4Warning: Timestamp.utcnow is deprecated and will be removed in a future version. Use Timestamp.now('UTC') instead.
[2026-02-09T10:49:11.621+0000] {taskinstance.py:441} INFO - ::group::Post task execution logs
[2026-02-09T10:49:11.623+0000] {taskinstance.py:2905} ERROR - Task failed with exception
Traceback (most recent call last):
  File "/home/airflow/.local/lib/python3.12/site-packages/airflow/models/taskinstance.py", line 465, in _execute_task
    result = _execute_callable(context=context, **execute_callable_kwargs)
             ^^^^^^^^^^^^^^^^^^^^^^^^^^^^^^^^^^^^^^^^^^^^^^^^^^^^^^^^^^^^^
  File "/home/airflow/.local/lib/python3.12/site-packages/airflow/models/taskinstance.py", line 432, in _execute_callable
    return execute_callable(context=context, **execute_callable_kwargs)
           ^^^^^^^^^^^^^^^^^^^^^^^^^^^^^^^^^^^^^^^^^^^^^^^^^^^^^^^^^^^^
  File "/home/airflow/.local/lib/python3.12/site-packages/airflow/models/baseoperator.py", line 401, in wrapper
    return func(self, *args, **kwargs)
           ^^^^^^^^^^^^^^^^^^^^^^^^^^^
  File "/home/airflow/.local/lib/python3.12/site-packages/airflow/operators/python.py", line 235, in execute
    return_value = self.execute_callable()
                   ^^^^^^^^^^^^^^^^^^^^^^^
  File "/home/airflow/.local/lib/python3.12/site-packages/airflow/operators/python.py", line 252, in execute_callable
    return self.python_callable(*self.op_args, **self.op_kwargs)
           ^^^^^^^^^^^^^^^^^^^^^^^^^^^^^^^^^^^^^^^^^^^^^^^^^^^^^
  File "/opt/airflow/dags/stocks_dwh/raw/stocks_raw_dags.py", line 86, in download_and_load_raw
    df["volume"] = pd.to_numeric(df["volume"], errors="coerce").fillna(0).astype("int64")
                   ^^^^^^^^^^^^^^^^^^^^^^^^^^^^^^^^^^^^^^^^^^^^
  File "/home/airflow/.local/lib/python3.12/site-packages/pandas/core/tools/numeric.py", line 212, in to_numeric
    raise TypeError("arg must be a list, tuple, 1-d array, or Series")
TypeError: arg must be a list, tuple, 1-d array, or Series
[2026-02-09T10:49:11.643+0000] {taskinstance.py:1206} INFO - Marking task as FAILED. dag_id=stock_raw_aapl, task_id=download_and_load_raw, run_id=scheduled__2026-01-30T00:00:00+00:00, execution_date=20260130T000000, start_date=20260209T104910, end_date=20260209T104911
[2026-02-09T10:49:11.658+0000] {standard_task_runner.py:110} ERROR - Failed to execute job 6587 for task download_and_load_raw (arg must be a list, tuple, 1-d array, or Series; 10764)
[2026-02-09T10:49:11.701+0000] {local_task_job_runner.py:243} INFO - Task exited with return code 1
[2026-02-09T10:49:11.719+0000] {taskinstance.py:3503} INFO - 0 downstream tasks scheduled from follow-on schedule check
[2026-02-09T10:49:11.721+0000] {local_task_job_runner.py:222} INFO - ::endgroup::
[2026-02-09T12:51:12.907+0000] {local_task_job_runner.py:120} INFO - ::group::Pre task execution logs
[2026-02-09T12:51:12.940+0000] {taskinstance.py:2076} INFO - Dependencies all met for dep_context=non-requeueable deps ti=<TaskInstance: stock_raw_aapl.download_and_load_raw scheduled__2026-01-30T00:00:00+00:00 [queued]>
[2026-02-09T12:51:12.948+0000] {taskinstance.py:2076} INFO - Dependencies all met for dep_context=requeueable deps ti=<TaskInstance: stock_raw_aapl.download_and_load_raw scheduled__2026-01-30T00:00:00+00:00 [queued]>
[2026-02-09T12:51:12.949+0000] {taskinstance.py:2306} INFO - Starting attempt 1 of 1
[2026-02-09T12:51:12.965+0000] {taskinstance.py:2330} INFO - Executing <Task(PythonOperator): download_and_load_raw> on 2026-01-30 00:00:00+00:00
[2026-02-09T12:51:12.978+0000] {logging_mixin.py:188} WARNING - /home/***/.local/lib/python3.12/site-packages/***/task/task_runner/standard_task_runner.py:62 DeprecationWarning: This process (pid=19151) is multi-threaded, use of fork() may lead to deadlocks in the child.
[2026-02-09T12:51:12.980+0000] {standard_task_runner.py:64} INFO - Started process 19153 to run task
[2026-02-09T12:51:12.978+0000] {standard_task_runner.py:90} INFO - Running: ['***', 'tasks', 'run', 'stock_raw_aapl', 'download_and_load_raw', 'scheduled__2026-01-30T00:00:00+00:00', '--job-id', '7952', '--raw', '--subdir', 'DAGS_FOLDER/stocks_dwh/raw/stocks_raw_dags.py', '--cfg-path', '/tmp/tmp2kzqv2xi']
[2026-02-09T12:51:12.981+0000] {standard_task_runner.py:91} INFO - Job 7952: Subtask download_and_load_raw
[2026-02-09T12:51:13.054+0000] {task_command.py:426} INFO - Running <TaskInstance: stock_raw_aapl.download_and_load_raw scheduled__2026-01-30T00:00:00+00:00 [running]> on host 4886d37bc122
[2026-02-09T12:51:13.197+0000] {taskinstance.py:2648} INFO - Exporting env vars: AIRFLOW_CTX_DAG_OWNER='***' AIRFLOW_CTX_DAG_ID='stock_raw_aapl' AIRFLOW_CTX_TASK_ID='download_and_load_raw' AIRFLOW_CTX_EXECUTION_DATE='2026-01-30T00:00:00+00:00' AIRFLOW_CTX_TRY_NUMBER='1' AIRFLOW_CTX_DAG_RUN_ID='scheduled__2026-01-30T00:00:00+00:00'
[2026-02-09T12:51:13.199+0000] {taskinstance.py:430} INFO - ::endgroup::
[2026-02-09T12:51:13.211+0000] {stocks_raw_dags.py:37} INFO - 2026-01-30 00:00:00+00:00, 2026-01-31 00:00:00+00:00
[2026-02-09T12:51:13.212+0000] {logging_mixin.py:188} INFO - [RAW] Download AAPL [1d] 2026-01-29..2026-01-31
[2026-02-09T12:51:13.215+0000] {logging_mixin.py:188} WARNING - /opt/***/dags/stocks_dwh/raw/stocks_raw_dags.py:42 FutureWarning: YF.download() has changed argument auto_adjust default to True
[2026-02-09T12:51:13.223+0000] {logging_mixin.py:188} WARNING - /home/***/.local/lib/python3.12/site-packages/yfinance/scrapers/history.py:204 Pandas4Warning: Timestamp.utcnow is deprecated and will be removed in a future version. Use Timestamp.now('UTC') instead.
[2026-02-09T12:51:13.793+0000] {logging_mixin.py:188} WARNING - [*********************100%***********************]  1 of 1 completed
[2026-02-09T12:51:13.832+0000] {base.py:84} INFO - Using connection ID 'dwh_clickhouse' for task execution.
[2026-02-09T12:51:13.876+0000] {logging_mixin.py:188} INFO - [RAW] Deleted existing rows for AAPL in 2026-01-29..2026-01-31
[2026-02-09T12:51:13.887+0000] {logging_mixin.py:188} INFO - [RAW] Inserted 2 rows into dwh.raw_stock_prices
[2026-02-09T12:51:13.888+0000] {python.py:237} INFO - Done. Returned value was: None
[2026-02-09T12:51:13.889+0000] {taskinstance.py:441} INFO - ::group::Post task execution logs
[2026-02-09T12:51:13.903+0000] {taskinstance.py:1206} INFO - Marking task as SUCCESS. dag_id=stock_raw_aapl, task_id=download_and_load_raw, run_id=scheduled__2026-01-30T00:00:00+00:00, execution_date=20260130T000000, start_date=20260209T125112, end_date=20260209T125113
[2026-02-09T12:51:13.957+0000] {local_task_job_runner.py:243} INFO - Task exited with return code 0
[2026-02-09T12:51:13.979+0000] {taskinstance.py:3503} INFO - 0 downstream tasks scheduled from follow-on schedule check
[2026-02-09T12:51:13.984+0000] {local_task_job_runner.py:222} INFO - ::endgroup::
