[2026-02-09T10:10:46.636+0000] {local_task_job_runner.py:120} INFO - ::group::Pre task execution logs
[2026-02-09T10:10:46.671+0000] {taskinstance.py:2076} INFO - Dependencies all met for dep_context=non-requeueable deps ti=<TaskInstance: stock_raw_aapl.download_and_load_raw scheduled__2024-03-28T00:00:00+00:00 [queued]>
[2026-02-09T10:10:46.679+0000] {taskinstance.py:2076} INFO - Dependencies all met for dep_context=requeueable deps ti=<TaskInstance: stock_raw_aapl.download_and_load_raw scheduled__2024-03-28T00:00:00+00:00 [queued]>
[2026-02-09T10:10:46.680+0000] {taskinstance.py:2306} INFO - Starting attempt 1 of 1
[2026-02-09T10:10:46.692+0000] {taskinstance.py:2330} INFO - Executing <Task(PythonOperator): download_and_load_raw> on 2024-03-28 00:00:00+00:00
[2026-02-09T10:10:46.705+0000] {logging_mixin.py:188} WARNING - /home/***/.local/lib/python3.12/site-packages/***/task/task_runner/standard_task_runner.py:62 DeprecationWarning: This process (pid=2822) is multi-threaded, use of fork() may lead to deadlocks in the child.
[2026-02-09T10:10:46.707+0000] {standard_task_runner.py:64} INFO - Started process 2831 to run task
[2026-02-09T10:10:46.706+0000] {standard_task_runner.py:90} INFO - Running: ['***', 'tasks', 'run', 'stock_raw_aapl', 'download_and_load_raw', 'scheduled__2024-03-28T00:00:00+00:00', '--job-id', '3259', '--raw', '--subdir', 'DAGS_FOLDER/stocks_dwh/raw/stocks_raw_dags.py', '--cfg-path', '/tmp/tmpy6elro26']
[2026-02-09T10:10:46.709+0000] {standard_task_runner.py:91} INFO - Job 3259: Subtask download_and_load_raw
[2026-02-09T10:10:46.778+0000] {task_command.py:426} INFO - Running <TaskInstance: stock_raw_aapl.download_and_load_raw scheduled__2024-03-28T00:00:00+00:00 [running]> on host b6b9e92e7d61
[2026-02-09T10:10:46.885+0000] {taskinstance.py:2648} INFO - Exporting env vars: AIRFLOW_CTX_DAG_OWNER='***' AIRFLOW_CTX_DAG_ID='stock_raw_aapl' AIRFLOW_CTX_TASK_ID='download_and_load_raw' AIRFLOW_CTX_EXECUTION_DATE='2024-03-28T00:00:00+00:00' AIRFLOW_CTX_TRY_NUMBER='1' AIRFLOW_CTX_DAG_RUN_ID='scheduled__2024-03-28T00:00:00+00:00'
[2026-02-09T10:10:46.887+0000] {taskinstance.py:430} INFO - ::endgroup::
[2026-02-09T10:10:46.900+0000] {logging_mixin.py:188} INFO - [RAW] Download AAPL [1d] 2024-03-28..2024-03-29
[2026-02-09T10:10:46.902+0000] {logging_mixin.py:188} WARNING - /opt/***/dags/stocks_dwh/raw/stocks_raw_dags.py:38 FutureWarning: YF.download() has changed argument auto_adjust default to True
[2026-02-09T10:10:46.914+0000] {logging_mixin.py:188} WARNING - /home/***/.local/lib/python3.12/site-packages/yfinance/scrapers/history.py:204 Pandas4Warning: Timestamp.utcnow is deprecated and will be removed in a future version. Use Timestamp.now('UTC') instead.
[2026-02-09T10:10:47.493+0000] {taskinstance.py:441} INFO - ::group::Post task execution logs
[2026-02-09T10:10:47.493+0000] {taskinstance.py:2905} ERROR - Task failed with exception
Traceback (most recent call last):
  File "/home/airflow/.local/lib/python3.12/site-packages/airflow/models/taskinstance.py", line 465, in _execute_task
    result = _execute_callable(context=context, **execute_callable_kwargs)
             ^^^^^^^^^^^^^^^^^^^^^^^^^^^^^^^^^^^^^^^^^^^^^^^^^^^^^^^^^^^^^
  File "/home/airflow/.local/lib/python3.12/site-packages/airflow/models/taskinstance.py", line 432, in _execute_callable
    return execute_callable(context=context, **execute_callable_kwargs)
           ^^^^^^^^^^^^^^^^^^^^^^^^^^^^^^^^^^^^^^^^^^^^^^^^^^^^^^^^^^^^
  File "/home/airflow/.local/lib/python3.12/site-packages/airflow/models/baseoperator.py", line 401, in wrapper
    return func(self, *args, **kwargs)
           ^^^^^^^^^^^^^^^^^^^^^^^^^^^
  File "/home/airflow/.local/lib/python3.12/site-packages/airflow/operators/python.py", line 235, in execute
    return_value = self.execute_callable()
                   ^^^^^^^^^^^^^^^^^^^^^^^
  File "/home/airflow/.local/lib/python3.12/site-packages/airflow/operators/python.py", line 252, in execute_callable
    return self.python_callable(*self.op_args, **self.op_kwargs)
           ^^^^^^^^^^^^^^^^^^^^^^^^^^^^^^^^^^^^^^^^^^^^^^^^^^^^^
  File "/opt/airflow/dags/stocks_dwh/raw/stocks_raw_dags.py", line 86, in download_and_load_raw
    df["volume"] = pd.to_numeric(df["volume"], errors="coerce").fillna(0).astype("int64")
                   ^^^^^^^^^^^^^^^^^^^^^^^^^^^^^^^^^^^^^^^^^^^^
  File "/home/airflow/.local/lib/python3.12/site-packages/pandas/core/tools/numeric.py", line 212, in to_numeric
    raise TypeError("arg must be a list, tuple, 1-d array, or Series")
TypeError: arg must be a list, tuple, 1-d array, or Series
[2026-02-09T10:10:47.511+0000] {taskinstance.py:1206} INFO - Marking task as FAILED. dag_id=stock_raw_aapl, task_id=download_and_load_raw, run_id=scheduled__2024-03-28T00:00:00+00:00, execution_date=20240328T000000, start_date=20260209T101046, end_date=20260209T101047
[2026-02-09T10:10:47.524+0000] {standard_task_runner.py:110} ERROR - Failed to execute job 3259 for task download_and_load_raw (arg must be a list, tuple, 1-d array, or Series; 2831)
[2026-02-09T10:10:47.565+0000] {local_task_job_runner.py:243} INFO - Task exited with return code 1
[2026-02-09T10:10:47.583+0000] {taskinstance.py:3503} INFO - 0 downstream tasks scheduled from follow-on schedule check
[2026-02-09T10:10:47.585+0000] {local_task_job_runner.py:222} INFO - ::endgroup::
[2026-02-09T12:14:44.250+0000] {local_task_job_runner.py:120} INFO - ::group::Pre task execution logs
[2026-02-09T12:14:44.281+0000] {taskinstance.py:2076} INFO - Dependencies all met for dep_context=non-requeueable deps ti=<TaskInstance: stock_raw_aapl.download_and_load_raw scheduled__2024-03-28T00:00:00+00:00 [queued]>
[2026-02-09T12:14:44.289+0000] {taskinstance.py:2076} INFO - Dependencies all met for dep_context=requeueable deps ti=<TaskInstance: stock_raw_aapl.download_and_load_raw scheduled__2024-03-28T00:00:00+00:00 [queued]>
[2026-02-09T12:14:44.290+0000] {taskinstance.py:2306} INFO - Starting attempt 1 of 1
[2026-02-09T12:14:44.303+0000] {taskinstance.py:2330} INFO - Executing <Task(PythonOperator): download_and_load_raw> on 2024-03-28 00:00:00+00:00
[2026-02-09T12:14:44.314+0000] {logging_mixin.py:188} WARNING - /home/***/.local/lib/python3.12/site-packages/***/task/task_runner/standard_task_runner.py:62 DeprecationWarning: This process (pid=14184) is multi-threaded, use of fork() may lead to deadlocks in the child.
[2026-02-09T12:14:44.316+0000] {standard_task_runner.py:64} INFO - Started process 14188 to run task
[2026-02-09T12:14:44.314+0000] {standard_task_runner.py:90} INFO - Running: ['***', 'tasks', 'run', 'stock_raw_aapl', 'download_and_load_raw', 'scheduled__2024-03-28T00:00:00+00:00', '--job-id', '6926', '--raw', '--subdir', 'DAGS_FOLDER/stocks_dwh/raw/stocks_raw_dags.py', '--cfg-path', '/tmp/tmpqm7gq3lx']
[2026-02-09T12:14:44.316+0000] {standard_task_runner.py:91} INFO - Job 6926: Subtask download_and_load_raw
[2026-02-09T12:14:44.378+0000] {task_command.py:426} INFO - Running <TaskInstance: stock_raw_aapl.download_and_load_raw scheduled__2024-03-28T00:00:00+00:00 [running]> on host 4886d37bc122
[2026-02-09T12:14:44.467+0000] {taskinstance.py:2648} INFO - Exporting env vars: AIRFLOW_CTX_DAG_OWNER='***' AIRFLOW_CTX_DAG_ID='stock_raw_aapl' AIRFLOW_CTX_TASK_ID='download_and_load_raw' AIRFLOW_CTX_EXECUTION_DATE='2024-03-28T00:00:00+00:00' AIRFLOW_CTX_TRY_NUMBER='1' AIRFLOW_CTX_DAG_RUN_ID='scheduled__2024-03-28T00:00:00+00:00'
[2026-02-09T12:14:44.469+0000] {taskinstance.py:430} INFO - ::endgroup::
[2026-02-09T12:14:44.481+0000] {stocks_raw_dags.py:37} INFO - 2024-03-28 00:00:00+00:00, 2024-03-29 00:00:00+00:00
[2026-02-09T12:14:44.482+0000] {logging_mixin.py:188} INFO - [RAW] Download AAPL [1d] 2024-03-27..2024-03-29
[2026-02-09T12:14:44.484+0000] {logging_mixin.py:188} WARNING - /opt/***/dags/stocks_dwh/raw/stocks_raw_dags.py:42 FutureWarning: YF.download() has changed argument auto_adjust default to True
[2026-02-09T12:14:44.493+0000] {logging_mixin.py:188} WARNING - /home/***/.local/lib/python3.12/site-packages/yfinance/scrapers/history.py:204 Pandas4Warning: Timestamp.utcnow is deprecated and will be removed in a future version. Use Timestamp.now('UTC') instead.
[2026-02-09T12:14:45.010+0000] {logging_mixin.py:188} WARNING - [*********************100%***********************]  1 of 1 completed
[2026-02-09T12:14:45.046+0000] {base.py:84} INFO - Using connection ID 'dwh_clickhouse' for task execution.
[2026-02-09T12:14:45.070+0000] {logging_mixin.py:188} INFO - [RAW] Deleted existing rows for AAPL in 2024-03-27..2024-03-29
[2026-02-09T12:14:45.082+0000] {logging_mixin.py:188} INFO - [RAW] Inserted 2 rows into dwh.raw_stock_prices
[2026-02-09T12:14:45.083+0000] {python.py:237} INFO - Done. Returned value was: None
[2026-02-09T12:14:45.084+0000] {taskinstance.py:441} INFO - ::group::Post task execution logs
[2026-02-09T12:14:45.096+0000] {taskinstance.py:1206} INFO - Marking task as SUCCESS. dag_id=stock_raw_aapl, task_id=download_and_load_raw, run_id=scheduled__2024-03-28T00:00:00+00:00, execution_date=20240328T000000, start_date=20260209T121444, end_date=20260209T121445
[2026-02-09T12:14:45.172+0000] {local_task_job_runner.py:243} INFO - Task exited with return code 0
[2026-02-09T12:14:45.191+0000] {taskinstance.py:3503} INFO - 0 downstream tasks scheduled from follow-on schedule check
[2026-02-09T12:14:45.193+0000] {local_task_job_runner.py:222} INFO - ::endgroup::
