[2026-02-09T10:24:05.184+0000] {local_task_job_runner.py:120} INFO - ::group::Pre task execution logs
[2026-02-09T10:24:05.219+0000] {taskinstance.py:2076} INFO - Dependencies all met for dep_context=non-requeueable deps ti=<TaskInstance: stock_raw_nvda.download_and_load_raw scheduled__2024-10-20T00:00:00+00:00 [queued]>
[2026-02-09T10:24:05.232+0000] {taskinstance.py:2076} INFO - Dependencies all met for dep_context=requeueable deps ti=<TaskInstance: stock_raw_nvda.download_and_load_raw scheduled__2024-10-20T00:00:00+00:00 [queued]>
[2026-02-09T10:24:05.233+0000] {taskinstance.py:2306} INFO - Starting attempt 1 of 1
[2026-02-09T10:24:05.252+0000] {taskinstance.py:2330} INFO - Executing <Task(PythonOperator): download_and_load_raw> on 2024-10-20 00:00:00+00:00
[2026-02-09T10:24:05.269+0000] {logging_mixin.py:188} WARNING - /home/***/.local/lib/python3.12/site-packages/***/task/task_runner/standard_task_runner.py:62 DeprecationWarning: This process (pid=963) is multi-threaded, use of fork() may lead to deadlocks in the child.
[2026-02-09T10:24:05.268+0000] {standard_task_runner.py:90} INFO - Running: ['***', 'tasks', 'run', 'stock_raw_nvda', 'download_and_load_raw', 'scheduled__2024-10-20T00:00:00+00:00', '--job-id', '4285', '--raw', '--subdir', 'DAGS_FOLDER/stocks_dwh/raw/stocks_raw_dags.py', '--cfg-path', '/tmp/tmp4lxto2v9']
[2026-02-09T10:24:05.271+0000] {standard_task_runner.py:64} INFO - Started process 969 to run task
[2026-02-09T10:24:05.271+0000] {standard_task_runner.py:91} INFO - Job 4285: Subtask download_and_load_raw
[2026-02-09T10:24:05.363+0000] {task_command.py:426} INFO - Running <TaskInstance: stock_raw_nvda.download_and_load_raw scheduled__2024-10-20T00:00:00+00:00 [running]> on host 4886d37bc122
[2026-02-09T10:24:05.490+0000] {taskinstance.py:2648} INFO - Exporting env vars: AIRFLOW_CTX_DAG_OWNER='***' AIRFLOW_CTX_DAG_ID='stock_raw_nvda' AIRFLOW_CTX_TASK_ID='download_and_load_raw' AIRFLOW_CTX_EXECUTION_DATE='2024-10-20T00:00:00+00:00' AIRFLOW_CTX_TRY_NUMBER='1' AIRFLOW_CTX_DAG_RUN_ID='scheduled__2024-10-20T00:00:00+00:00'
[2026-02-09T10:24:05.491+0000] {taskinstance.py:430} INFO - ::endgroup::
[2026-02-09T10:24:05.504+0000] {logging_mixin.py:188} INFO - [RAW] Download NVDA [1d] 2024-10-20..2024-10-21
[2026-02-09T10:24:05.506+0000] {logging_mixin.py:188} WARNING - /opt/***/dags/stocks_dwh/raw/stocks_raw_dags.py:38 FutureWarning: YF.download() has changed argument auto_adjust default to True
[2026-02-09T10:24:05.515+0000] {logging_mixin.py:188} WARNING - /home/***/.local/lib/python3.12/site-packages/yfinance/scrapers/history.py:204 Pandas4Warning: Timestamp.utcnow is deprecated and will be removed in a future version. Use Timestamp.now('UTC') instead.
[2026-02-09T10:24:06.014+0000] {multi.py:185} ERROR - 
1 Failed download:
[2026-02-09T10:24:06.015+0000] {multi.py:198} ERROR - ['NVDA']: YFPricesMissingError('possibly delisted; no price data found  (1d 2024-10-20 -> 2024-10-21)')
[2026-02-09T10:24:06.026+0000] {logging_mixin.py:188} INFO - [RAW] No data from yfinance
[2026-02-09T10:24:06.027+0000] {python.py:237} INFO - Done. Returned value was: None
[2026-02-09T10:24:06.028+0000] {taskinstance.py:441} INFO - ::group::Post task execution logs
[2026-02-09T10:24:06.036+0000] {taskinstance.py:1206} INFO - Marking task as SUCCESS. dag_id=stock_raw_nvda, task_id=download_and_load_raw, run_id=scheduled__2024-10-20T00:00:00+00:00, execution_date=20241020T000000, start_date=20260209T102405, end_date=20260209T102406
[2026-02-09T10:24:06.088+0000] {local_task_job_runner.py:243} INFO - Task exited with return code 0
[2026-02-09T10:24:06.103+0000] {taskinstance.py:3503} INFO - 0 downstream tasks scheduled from follow-on schedule check
[2026-02-09T10:24:06.106+0000] {local_task_job_runner.py:222} INFO - ::endgroup::
