[2026-02-09T10:06:00.393+0000] {local_task_job_runner.py:120} INFO - ::group::Pre task execution logs
[2026-02-09T10:06:00.436+0000] {taskinstance.py:2076} INFO - Dependencies all met for dep_context=non-requeueable deps ti=<TaskInstance: stock_raw_aapl.download scheduled__2024-01-10T00:00:00+00:00 [queued]>
[2026-02-09T10:06:00.450+0000] {taskinstance.py:2076} INFO - Dependencies all met for dep_context=requeueable deps ti=<TaskInstance: stock_raw_aapl.download scheduled__2024-01-10T00:00:00+00:00 [queued]>
[2026-02-09T10:06:00.451+0000] {taskinstance.py:2306} INFO - Starting attempt 1 of 1
[2026-02-09T10:06:00.468+0000] {taskinstance.py:2330} INFO - Executing <Task(PythonOperator): download> on 2024-01-10 00:00:00+00:00
[2026-02-09T10:06:00.481+0000] {logging_mixin.py:188} WARNING - /home/***/.local/lib/python3.12/site-packages/***/task/task_runner/standard_task_runner.py:62 DeprecationWarning: This process (pid=1165) is multi-threaded, use of fork() may lead to deadlocks in the child.
[2026-02-09T10:06:00.483+0000] {standard_task_runner.py:64} INFO - Started process 1175 to run task
[2026-02-09T10:06:00.482+0000] {standard_task_runner.py:90} INFO - Running: ['***', 'tasks', 'run', 'stock_raw_aapl', 'download', 'scheduled__2024-01-10T00:00:00+00:00', '--job-id', '2877', '--raw', '--subdir', 'DAGS_FOLDER/stocks_dwh/raw/stocks_raw_dags.py', '--cfg-path', '/tmp/tmpn5fej_sx']
[2026-02-09T10:06:00.485+0000] {standard_task_runner.py:91} INFO - Job 2877: Subtask download
[2026-02-09T10:06:00.561+0000] {task_command.py:426} INFO - Running <TaskInstance: stock_raw_aapl.download scheduled__2024-01-10T00:00:00+00:00 [running]> on host b6b9e92e7d61
[2026-02-09T10:06:00.694+0000] {taskinstance.py:2648} INFO - Exporting env vars: AIRFLOW_CTX_DAG_OWNER='***' AIRFLOW_CTX_DAG_ID='stock_raw_aapl' AIRFLOW_CTX_TASK_ID='download' AIRFLOW_CTX_EXECUTION_DATE='2024-01-10T00:00:00+00:00' AIRFLOW_CTX_TRY_NUMBER='1' AIRFLOW_CTX_DAG_RUN_ID='scheduled__2024-01-10T00:00:00+00:00'
[2026-02-09T10:06:00.697+0000] {taskinstance.py:430} INFO - ::endgroup::
[2026-02-09T10:06:00.717+0000] {logging_mixin.py:188} INFO - Downloading AAPL [1d] from 2024-01-10 to 2024-01-11
[2026-02-09T10:06:00.720+0000] {logging_mixin.py:188} WARNING - /opt/***/dags/stocks_dwh/raw/stocks_raw_dags.py:25 FutureWarning: YF.download() has changed argument auto_adjust default to True
[2026-02-09T10:06:00.733+0000] {logging_mixin.py:188} WARNING - /home/***/.local/lib/python3.12/site-packages/yfinance/scrapers/history.py:204 Pandas4Warning: Timestamp.utcnow is deprecated and will be removed in a future version. Use Timestamp.now('UTC') instead.
[2026-02-09T10:06:01.322+0000] {logging_mixin.py:188} INFO - Saved -> /opt/***/data/aapl__2024-01-10__2024-01-11__1d.parquet
[2026-02-09T10:06:01.323+0000] {python.py:237} INFO - Done. Returned value was: None
[2026-02-09T10:06:01.324+0000] {taskinstance.py:441} INFO - ::group::Post task execution logs
[2026-02-09T10:06:01.334+0000] {taskinstance.py:1206} INFO - Marking task as SUCCESS. dag_id=stock_raw_aapl, task_id=download, run_id=scheduled__2024-01-10T00:00:00+00:00, execution_date=20240110T000000, start_date=20260209T100600, end_date=20260209T100601
[2026-02-09T10:06:01.380+0000] {local_task_job_runner.py:243} INFO - Task exited with return code 0
[2026-02-09T10:06:01.401+0000] {taskinstance.py:3503} INFO - 0 downstream tasks scheduled from follow-on schedule check
[2026-02-09T10:06:01.403+0000] {local_task_job_runner.py:222} INFO - ::endgroup::
