[2026-02-09T10:50:25.967+0000] {local_task_job_runner.py:120} INFO - ::group::Pre task execution logs
[2026-02-09T10:50:25.996+0000] {taskinstance.py:2076} INFO - Dependencies all met for dep_context=non-requeueable deps ti=<TaskInstance: stock_raw_moex_sber.download_and_load_raw scheduled__2026-01-01T00:00:00+00:00 [queued]>
[2026-02-09T10:50:26.004+0000] {taskinstance.py:2076} INFO - Dependencies all met for dep_context=requeueable deps ti=<TaskInstance: stock_raw_moex_sber.download_and_load_raw scheduled__2026-01-01T00:00:00+00:00 [queued]>
[2026-02-09T10:50:26.005+0000] {taskinstance.py:2306} INFO - Starting attempt 1 of 1
[2026-02-09T10:50:26.017+0000] {taskinstance.py:2330} INFO - Executing <Task(PythonOperator): download_and_load_raw> on 2026-01-01 00:00:00+00:00
[2026-02-09T10:50:26.029+0000] {logging_mixin.py:188} WARNING - /home/***/.local/lib/python3.12/site-packages/***/task/task_runner/standard_task_runner.py:62 DeprecationWarning: This process (pid=11044) is multi-threaded, use of fork() may lead to deadlocks in the child.
[2026-02-09T10:50:26.030+0000] {standard_task_runner.py:64} INFO - Started process 11046 to run task
[2026-02-09T10:50:26.029+0000] {standard_task_runner.py:90} INFO - Running: ['***', 'tasks', 'run', 'stock_raw_moex_sber', 'download_and_load_raw', 'scheduled__2026-01-01T00:00:00+00:00', '--job-id', '6649', '--raw', '--subdir', 'DAGS_FOLDER/stocks_dwh/raw/stocks_raw_dags.py', '--cfg-path', '/tmp/tmp9dwz4ecc']
[2026-02-09T10:50:26.031+0000] {standard_task_runner.py:91} INFO - Job 6649: Subtask download_and_load_raw
[2026-02-09T10:50:26.089+0000] {task_command.py:426} INFO - Running <TaskInstance: stock_raw_moex_sber.download_and_load_raw scheduled__2026-01-01T00:00:00+00:00 [running]> on host 4886d37bc122
[2026-02-09T10:50:26.179+0000] {taskinstance.py:2648} INFO - Exporting env vars: AIRFLOW_CTX_DAG_OWNER='***' AIRFLOW_CTX_DAG_ID='stock_raw_moex_sber' AIRFLOW_CTX_TASK_ID='download_and_load_raw' AIRFLOW_CTX_EXECUTION_DATE='2026-01-01T00:00:00+00:00' AIRFLOW_CTX_TRY_NUMBER='1' AIRFLOW_CTX_DAG_RUN_ID='scheduled__2026-01-01T00:00:00+00:00'
[2026-02-09T10:50:26.180+0000] {taskinstance.py:430} INFO - ::endgroup::
[2026-02-09T10:50:26.191+0000] {logging_mixin.py:188} INFO - [RAW] Download MOEX.SBER [1d] 2026-01-01..2026-01-02
[2026-02-09T10:50:26.193+0000] {logging_mixin.py:188} WARNING - /opt/***/dags/stocks_dwh/raw/stocks_raw_dags.py:38 FutureWarning: YF.download() has changed argument auto_adjust default to True
[2026-02-09T10:50:30.523+0000] {quote.py:592} ERROR - HTTP Error 404: {"quoteSummary":{"result":null,"error":{"code":"Not Found","description":"Quote not found for symbol: MOEX.SBER"}}}
[2026-02-09T10:50:30.975+0000] {logging_mixin.py:188} WARNING - /home/***/.local/lib/python3.12/site-packages/yfinance/scrapers/quote.py:700 Pandas4Warning: Timestamp.utcnow is deprecated and will be removed in a future version. Use Timestamp.now('UTC') instead.
[2026-02-09T10:50:30.977+0000] {logging_mixin.py:188} WARNING - /home/***/.local/lib/python3.12/site-packages/yfinance/scrapers/quote.py:702 Pandas4Warning: Timestamp.utcnow is deprecated and will be removed in a future version. Use Timestamp.now('UTC') instead.
[2026-02-09T10:50:31.435+0000] {multi.py:185} ERROR - 
1 Failed download:
[2026-02-09T10:50:31.436+0000] {multi.py:198} ERROR - ['MOEX.SBER']: YFTzMissingError('possibly delisted; no timezone found')
[2026-02-09T10:50:31.448+0000] {logging_mixin.py:188} INFO - [RAW] No data from yfinance
[2026-02-09T10:50:31.448+0000] {python.py:237} INFO - Done. Returned value was: None
[2026-02-09T10:50:31.449+0000] {taskinstance.py:441} INFO - ::group::Post task execution logs
[2026-02-09T10:50:31.458+0000] {taskinstance.py:1206} INFO - Marking task as SUCCESS. dag_id=stock_raw_moex_sber, task_id=download_and_load_raw, run_id=scheduled__2026-01-01T00:00:00+00:00, execution_date=20260101T000000, start_date=20260209T105025, end_date=20260209T105031
[2026-02-09T10:50:31.496+0000] {local_task_job_runner.py:243} INFO - Task exited with return code 0
[2026-02-09T10:50:31.505+0000] {local_task_job_runner.py:222} INFO - ::endgroup::
