[2026-02-09T10:42:39.732+0000] {local_task_job_runner.py:120} INFO - ::group::Pre task execution logs
[2026-02-09T10:42:39.762+0000] {taskinstance.py:2076} INFO - Dependencies all met for dep_context=non-requeueable deps ti=<TaskInstance: stock_raw_aapl.download_and_load_raw scheduled__2025-09-27T00:00:00+00:00 [queued]>
[2026-02-09T10:42:39.770+0000] {taskinstance.py:2076} INFO - Dependencies all met for dep_context=requeueable deps ti=<TaskInstance: stock_raw_aapl.download_and_load_raw scheduled__2025-09-27T00:00:00+00:00 [queued]>
[2026-02-09T10:42:39.771+0000] {taskinstance.py:2306} INFO - Starting attempt 1 of 1
[2026-02-09T10:42:39.784+0000] {taskinstance.py:2330} INFO - Executing <Task(PythonOperator): download_and_load_raw> on 2025-09-27 00:00:00+00:00
[2026-02-09T10:42:39.798+0000] {logging_mixin.py:188} WARNING - /home/***/.local/lib/python3.12/site-packages/***/task/task_runner/standard_task_runner.py:62 DeprecationWarning: This process (pid=8133) is multi-threaded, use of fork() may lead to deadlocks in the child.
[2026-02-09T10:42:39.800+0000] {standard_task_runner.py:64} INFO - Started process 8143 to run task
[2026-02-09T10:42:39.798+0000] {standard_task_runner.py:90} INFO - Running: ['***', 'tasks', 'run', 'stock_raw_aapl', 'download_and_load_raw', 'scheduled__2025-09-27T00:00:00+00:00', '--job-id', '5968', '--raw', '--subdir', 'DAGS_FOLDER/stocks_dwh/raw/stocks_raw_dags.py', '--cfg-path', '/tmp/tmpzrjmfxqr']
[2026-02-09T10:42:39.801+0000] {standard_task_runner.py:91} INFO - Job 5968: Subtask download_and_load_raw
[2026-02-09T10:42:39.871+0000] {task_command.py:426} INFO - Running <TaskInstance: stock_raw_aapl.download_and_load_raw scheduled__2025-09-27T00:00:00+00:00 [running]> on host 4886d37bc122
[2026-02-09T10:42:39.966+0000] {taskinstance.py:2648} INFO - Exporting env vars: AIRFLOW_CTX_DAG_OWNER='***' AIRFLOW_CTX_DAG_ID='stock_raw_aapl' AIRFLOW_CTX_TASK_ID='download_and_load_raw' AIRFLOW_CTX_EXECUTION_DATE='2025-09-27T00:00:00+00:00' AIRFLOW_CTX_TRY_NUMBER='1' AIRFLOW_CTX_DAG_RUN_ID='scheduled__2025-09-27T00:00:00+00:00'
[2026-02-09T10:42:39.969+0000] {taskinstance.py:430} INFO - ::endgroup::
[2026-02-09T10:42:39.983+0000] {logging_mixin.py:188} INFO - [RAW] Download AAPL [1d] 2025-09-27..2025-09-28
[2026-02-09T10:42:39.986+0000] {logging_mixin.py:188} WARNING - /opt/***/dags/stocks_dwh/raw/stocks_raw_dags.py:38 FutureWarning: YF.download() has changed argument auto_adjust default to True
[2026-02-09T10:42:39.995+0000] {logging_mixin.py:188} WARNING - /home/***/.local/lib/python3.12/site-packages/yfinance/scrapers/history.py:204 Pandas4Warning: Timestamp.utcnow is deprecated and will be removed in a future version. Use Timestamp.now('UTC') instead.
[2026-02-09T10:42:40.523+0000] {multi.py:185} ERROR - 
1 Failed download:
[2026-02-09T10:42:40.523+0000] {multi.py:198} ERROR - ['AAPL']: YFPricesMissingError('possibly delisted; no price data found  (1d 2025-09-27 -> 2025-09-28)')
[2026-02-09T10:42:40.537+0000] {logging_mixin.py:188} INFO - [RAW] No data from yfinance
[2026-02-09T10:42:40.537+0000] {python.py:237} INFO - Done. Returned value was: None
[2026-02-09T10:42:40.538+0000] {taskinstance.py:441} INFO - ::group::Post task execution logs
[2026-02-09T10:42:40.547+0000] {taskinstance.py:1206} INFO - Marking task as SUCCESS. dag_id=stock_raw_aapl, task_id=download_and_load_raw, run_id=scheduled__2025-09-27T00:00:00+00:00, execution_date=20250927T000000, start_date=20260209T104239, end_date=20260209T104240
[2026-02-09T10:42:40.616+0000] {local_task_job_runner.py:243} INFO - Task exited with return code 0
[2026-02-09T10:42:40.633+0000] {taskinstance.py:3503} INFO - 0 downstream tasks scheduled from follow-on schedule check
[2026-02-09T10:42:40.634+0000] {local_task_job_runner.py:222} INFO - ::endgroup::
[2026-02-09T12:44:13.592+0000] {local_task_job_runner.py:120} INFO - ::group::Pre task execution logs
[2026-02-09T12:44:13.624+0000] {taskinstance.py:2076} INFO - Dependencies all met for dep_context=non-requeueable deps ti=<TaskInstance: stock_raw_aapl.download_and_load_raw scheduled__2025-09-27T00:00:00+00:00 [queued]>
[2026-02-09T12:44:13.631+0000] {taskinstance.py:2076} INFO - Dependencies all met for dep_context=requeueable deps ti=<TaskInstance: stock_raw_aapl.download_and_load_raw scheduled__2025-09-27T00:00:00+00:00 [queued]>
[2026-02-09T12:44:13.632+0000] {taskinstance.py:2306} INFO - Starting attempt 1 of 1
[2026-02-09T12:44:13.645+0000] {taskinstance.py:2330} INFO - Executing <Task(PythonOperator): download_and_load_raw> on 2025-09-27 00:00:00+00:00
[2026-02-09T12:44:13.657+0000] {logging_mixin.py:188} WARNING - /home/***/.local/lib/python3.12/site-packages/***/task/task_runner/standard_task_runner.py:62 DeprecationWarning: This process (pid=18489) is multi-threaded, use of fork() may lead to deadlocks in the child.
[2026-02-09T12:44:13.658+0000] {standard_task_runner.py:64} INFO - Started process 18491 to run task
[2026-02-09T12:44:13.657+0000] {standard_task_runner.py:90} INFO - Running: ['***', 'tasks', 'run', 'stock_raw_aapl', 'download_and_load_raw', 'scheduled__2025-09-27T00:00:00+00:00', '--job-id', '7827', '--raw', '--subdir', 'DAGS_FOLDER/stocks_dwh/raw/stocks_raw_dags.py', '--cfg-path', '/tmp/tmpgt0o7pr8']
[2026-02-09T12:44:13.659+0000] {standard_task_runner.py:91} INFO - Job 7827: Subtask download_and_load_raw
[2026-02-09T12:44:13.731+0000] {task_command.py:426} INFO - Running <TaskInstance: stock_raw_aapl.download_and_load_raw scheduled__2025-09-27T00:00:00+00:00 [running]> on host 4886d37bc122
[2026-02-09T12:44:13.825+0000] {taskinstance.py:2648} INFO - Exporting env vars: AIRFLOW_CTX_DAG_OWNER='***' AIRFLOW_CTX_DAG_ID='stock_raw_aapl' AIRFLOW_CTX_TASK_ID='download_and_load_raw' AIRFLOW_CTX_EXECUTION_DATE='2025-09-27T00:00:00+00:00' AIRFLOW_CTX_TRY_NUMBER='1' AIRFLOW_CTX_DAG_RUN_ID='scheduled__2025-09-27T00:00:00+00:00'
[2026-02-09T12:44:13.826+0000] {taskinstance.py:430} INFO - ::endgroup::
[2026-02-09T12:44:13.836+0000] {stocks_raw_dags.py:37} INFO - 2025-09-27 00:00:00+00:00, 2025-09-28 00:00:00+00:00
[2026-02-09T12:44:13.837+0000] {logging_mixin.py:188} INFO - [RAW] Download AAPL [1d] 2025-09-26..2025-09-28
[2026-02-09T12:44:13.839+0000] {logging_mixin.py:188} WARNING - /opt/***/dags/stocks_dwh/raw/stocks_raw_dags.py:42 FutureWarning: YF.download() has changed argument auto_adjust default to True
[2026-02-09T12:44:13.846+0000] {logging_mixin.py:188} WARNING - /home/***/.local/lib/python3.12/site-packages/yfinance/scrapers/history.py:204 Pandas4Warning: Timestamp.utcnow is deprecated and will be removed in a future version. Use Timestamp.now('UTC') instead.
[2026-02-09T12:44:14.496+0000] {logging_mixin.py:188} WARNING - [*********************100%***********************]  1 of 1 completed
[2026-02-09T12:44:14.531+0000] {base.py:84} INFO - Using connection ID 'dwh_clickhouse' for task execution.
[2026-02-09T12:44:14.561+0000] {logging_mixin.py:188} INFO - [RAW] Deleted existing rows for AAPL in 2025-09-26..2025-09-28
[2026-02-09T12:44:14.574+0000] {logging_mixin.py:188} INFO - [RAW] Inserted 1 rows into dwh.raw_stock_prices
[2026-02-09T12:44:14.575+0000] {python.py:237} INFO - Done. Returned value was: None
[2026-02-09T12:44:14.576+0000] {taskinstance.py:441} INFO - ::group::Post task execution logs
[2026-02-09T12:44:14.587+0000] {taskinstance.py:1206} INFO - Marking task as SUCCESS. dag_id=stock_raw_aapl, task_id=download_and_load_raw, run_id=scheduled__2025-09-27T00:00:00+00:00, execution_date=20250927T000000, start_date=20260209T124413, end_date=20260209T124414
[2026-02-09T12:44:14.636+0000] {local_task_job_runner.py:243} INFO - Task exited with return code 0
[2026-02-09T12:44:14.656+0000] {taskinstance.py:3503} INFO - 0 downstream tasks scheduled from follow-on schedule check
[2026-02-09T12:44:14.660+0000] {local_task_job_runner.py:222} INFO - ::endgroup::
