[2026-02-11T16:06:40.475+0000] {local_task_job_runner.py:120} INFO - ::group::Pre task execution logs
[2026-02-11T16:06:40.530+0000] {taskinstance.py:2076} INFO - Dependencies all met for dep_context=non-requeueable deps ti=<TaskInstance: stock_raw_moex_sber.download_and_load_raw scheduled__2026-02-09T00:00:00+00:00 [queued]>
[2026-02-11T16:06:40.544+0000] {taskinstance.py:2076} INFO - Dependencies all met for dep_context=requeueable deps ti=<TaskInstance: stock_raw_moex_sber.download_and_load_raw scheduled__2026-02-09T00:00:00+00:00 [queued]>
[2026-02-11T16:06:40.545+0000] {taskinstance.py:2306} INFO - Starting attempt 1 of 1
[2026-02-11T16:06:40.566+0000] {taskinstance.py:2330} INFO - Executing <Task(PythonOperator): download_and_load_raw> on 2026-02-09 00:00:00+00:00
[2026-02-11T16:06:40.592+0000] {logging_mixin.py:188} WARNING - /home/***/.local/lib/python3.12/site-packages/***/task/task_runner/standard_task_runner.py:62 DeprecationWarning: This process (pid=191) is multi-threaded, use of fork() may lead to deadlocks in the child.
[2026-02-11T16:06:40.591+0000] {standard_task_runner.py:90} INFO - Running: ['***', 'tasks', 'run', 'stock_raw_moex_sber', 'download_and_load_raw', 'scheduled__2026-02-09T00:00:00+00:00', '--job-id', '7969', '--raw', '--subdir', 'DAGS_FOLDER/stocks_dwh/raw/stocks_raw_dags.py', '--cfg-path', '/tmp/tmppldpwxdf']
[2026-02-11T16:06:40.597+0000] {standard_task_runner.py:64} INFO - Started process 204 to run task
[2026-02-11T16:06:40.597+0000] {standard_task_runner.py:91} INFO - Job 7969: Subtask download_and_load_raw
[2026-02-11T16:06:40.711+0000] {task_command.py:426} INFO - Running <TaskInstance: stock_raw_moex_sber.download_and_load_raw scheduled__2026-02-09T00:00:00+00:00 [running]> on host 4886d37bc122
[2026-02-11T16:06:40.858+0000] {taskinstance.py:2648} INFO - Exporting env vars: AIRFLOW_CTX_DAG_OWNER='***' AIRFLOW_CTX_DAG_ID='stock_raw_moex_sber' AIRFLOW_CTX_TASK_ID='download_and_load_raw' AIRFLOW_CTX_EXECUTION_DATE='2026-02-09T00:00:00+00:00' AIRFLOW_CTX_TRY_NUMBER='1' AIRFLOW_CTX_DAG_RUN_ID='scheduled__2026-02-09T00:00:00+00:00'
[2026-02-11T16:06:40.861+0000] {taskinstance.py:430} INFO - ::endgroup::
[2026-02-11T16:06:40.887+0000] {stocks_raw_dags.py:37} INFO - 2026-02-09 00:00:00+00:00, 2026-02-10 00:00:00+00:00
[2026-02-11T16:06:40.888+0000] {logging_mixin.py:188} INFO - [RAW] Download MOEX.SBER [1d] 2026-02-08..2026-02-10
[2026-02-11T16:06:40.891+0000] {logging_mixin.py:188} WARNING - /opt/***/dags/stocks_dwh/raw/stocks_raw_dags.py:42 FutureWarning: YF.download() has changed argument auto_adjust default to True
[2026-02-11T16:06:41.975+0000] {quote.py:592} ERROR - HTTP Error 404: {"quoteSummary":{"result":null,"error":{"code":"Not Found","description":"Quote not found for symbol: MOEX.SBER"}}}
[2026-02-11T16:06:42.026+0000] {logging_mixin.py:188} WARNING - /home/***/.local/lib/python3.12/site-packages/yfinance/scrapers/quote.py:700 Pandas4Warning: Timestamp.utcnow is deprecated and will be removed in a future version. Use Timestamp.now('UTC') instead.
[2026-02-11T16:06:42.029+0000] {logging_mixin.py:188} WARNING - /home/***/.local/lib/python3.12/site-packages/yfinance/scrapers/quote.py:702 Pandas4Warning: Timestamp.utcnow is deprecated and will be removed in a future version. Use Timestamp.now('UTC') instead.
[2026-02-11T16:06:42.090+0000] {logging_mixin.py:188} WARNING - [*********************100%***********************]  1 of 1 completed
[2026-02-11T16:06:42.097+0000] {multi.py:185} ERROR - 
1 Failed download:
[2026-02-11T16:06:42.097+0000] {multi.py:198} ERROR - ['MOEX.SBER']: YFTzMissingError('possibly delisted; no timezone found')
[2026-02-11T16:06:42.114+0000] {logging_mixin.py:188} INFO - [RAW] No data from yfinance
[2026-02-11T16:06:42.114+0000] {python.py:237} INFO - Done. Returned value was: None
[2026-02-11T16:06:42.115+0000] {taskinstance.py:441} INFO - ::group::Post task execution logs
[2026-02-11T16:06:42.126+0000] {taskinstance.py:1206} INFO - Marking task as SUCCESS. dag_id=stock_raw_moex_sber, task_id=download_and_load_raw, run_id=scheduled__2026-02-09T00:00:00+00:00, execution_date=20260209T000000, start_date=20260211T160640, end_date=20260211T160642
[2026-02-11T16:06:42.181+0000] {local_task_job_runner.py:243} INFO - Task exited with return code 0
[2026-02-11T16:06:42.205+0000] {taskinstance.py:3503} INFO - 0 downstream tasks scheduled from follow-on schedule check
[2026-02-11T16:06:42.208+0000] {local_task_job_runner.py:222} INFO - ::endgroup::
