[2026-02-09T10:26:08.334+0000] {local_task_job_runner.py:120} INFO - ::group::Pre task execution logs
[2026-02-09T10:26:08.373+0000] {taskinstance.py:2076} INFO - Dependencies all met for dep_context=non-requeueable deps ti=<TaskInstance: stock_raw_aapl.download_and_load_raw scheduled__2024-11-30T00:00:00+00:00 [queued]>
[2026-02-09T10:26:08.383+0000] {taskinstance.py:2076} INFO - Dependencies all met for dep_context=requeueable deps ti=<TaskInstance: stock_raw_aapl.download_and_load_raw scheduled__2024-11-30T00:00:00+00:00 [queued]>
[2026-02-09T10:26:08.384+0000] {taskinstance.py:2306} INFO - Starting attempt 1 of 1
[2026-02-09T10:26:08.399+0000] {taskinstance.py:2330} INFO - Executing <Task(PythonOperator): download_and_load_raw> on 2024-11-30 00:00:00+00:00
[2026-02-09T10:26:08.412+0000] {logging_mixin.py:188} WARNING - /home/***/.local/lib/python3.12/site-packages/***/task/task_runner/standard_task_runner.py:62 DeprecationWarning: This process (pid=1804) is multi-threaded, use of fork() may lead to deadlocks in the child.
[2026-02-09T10:26:08.414+0000] {standard_task_runner.py:64} INFO - Started process 1811 to run task
[2026-02-09T10:26:08.412+0000] {standard_task_runner.py:90} INFO - Running: ['***', 'tasks', 'run', 'stock_raw_aapl', 'download_and_load_raw', 'scheduled__2024-11-30T00:00:00+00:00', '--job-id', '4484', '--raw', '--subdir', 'DAGS_FOLDER/stocks_dwh/raw/stocks_raw_dags.py', '--cfg-path', '/tmp/tmpa5zd2lf3']
[2026-02-09T10:26:08.414+0000] {standard_task_runner.py:91} INFO - Job 4484: Subtask download_and_load_raw
[2026-02-09T10:26:08.480+0000] {task_command.py:426} INFO - Running <TaskInstance: stock_raw_aapl.download_and_load_raw scheduled__2024-11-30T00:00:00+00:00 [running]> on host 4886d37bc122
[2026-02-09T10:26:08.584+0000] {taskinstance.py:2648} INFO - Exporting env vars: AIRFLOW_CTX_DAG_OWNER='***' AIRFLOW_CTX_DAG_ID='stock_raw_aapl' AIRFLOW_CTX_TASK_ID='download_and_load_raw' AIRFLOW_CTX_EXECUTION_DATE='2024-11-30T00:00:00+00:00' AIRFLOW_CTX_TRY_NUMBER='1' AIRFLOW_CTX_DAG_RUN_ID='scheduled__2024-11-30T00:00:00+00:00'
[2026-02-09T10:26:08.586+0000] {taskinstance.py:430} INFO - ::endgroup::
[2026-02-09T10:26:08.598+0000] {logging_mixin.py:188} INFO - [RAW] Download AAPL [1d] 2024-11-30..2024-12-01
[2026-02-09T10:26:08.601+0000] {logging_mixin.py:188} WARNING - /opt/***/dags/stocks_dwh/raw/stocks_raw_dags.py:38 FutureWarning: YF.download() has changed argument auto_adjust default to True
[2026-02-09T10:26:08.609+0000] {logging_mixin.py:188} WARNING - /home/***/.local/lib/python3.12/site-packages/yfinance/scrapers/history.py:204 Pandas4Warning: Timestamp.utcnow is deprecated and will be removed in a future version. Use Timestamp.now('UTC') instead.
[2026-02-09T10:26:09.109+0000] {multi.py:185} ERROR - 
1 Failed download:
[2026-02-09T10:26:09.110+0000] {multi.py:198} ERROR - ['AAPL']: YFPricesMissingError('possibly delisted; no price data found  (1d 2024-11-30 -> 2024-12-01)')
[2026-02-09T10:26:09.126+0000] {logging_mixin.py:188} INFO - [RAW] No data from yfinance
[2026-02-09T10:26:09.126+0000] {python.py:237} INFO - Done. Returned value was: None
[2026-02-09T10:26:09.127+0000] {taskinstance.py:441} INFO - ::group::Post task execution logs
[2026-02-09T10:26:09.136+0000] {taskinstance.py:1206} INFO - Marking task as SUCCESS. dag_id=stock_raw_aapl, task_id=download_and_load_raw, run_id=scheduled__2024-11-30T00:00:00+00:00, execution_date=20241130T000000, start_date=20260209T102608, end_date=20260209T102609
[2026-02-09T10:26:09.189+0000] {local_task_job_runner.py:243} INFO - Task exited with return code 0
[2026-02-09T10:26:09.206+0000] {taskinstance.py:3503} INFO - 0 downstream tasks scheduled from follow-on schedule check
[2026-02-09T10:26:09.208+0000] {local_task_job_runner.py:222} INFO - ::endgroup::
[2026-02-09T12:27:48.580+0000] {local_task_job_runner.py:120} INFO - ::group::Pre task execution logs
[2026-02-09T12:27:48.610+0000] {taskinstance.py:2076} INFO - Dependencies all met for dep_context=non-requeueable deps ti=<TaskInstance: stock_raw_aapl.download_and_load_raw scheduled__2024-11-30T00:00:00+00:00 [queued]>
[2026-02-09T12:27:48.618+0000] {taskinstance.py:2076} INFO - Dependencies all met for dep_context=requeueable deps ti=<TaskInstance: stock_raw_aapl.download_and_load_raw scheduled__2024-11-30T00:00:00+00:00 [queued]>
[2026-02-09T12:27:48.618+0000] {taskinstance.py:2306} INFO - Starting attempt 1 of 1
[2026-02-09T12:27:48.630+0000] {taskinstance.py:2330} INFO - Executing <Task(PythonOperator): download_and_load_raw> on 2024-11-30 00:00:00+00:00
[2026-02-09T12:27:48.641+0000] {logging_mixin.py:188} WARNING - /home/***/.local/lib/python3.12/site-packages/***/task/task_runner/standard_task_runner.py:62 DeprecationWarning: This process (pid=16472) is multi-threaded, use of fork() may lead to deadlocks in the child.
[2026-02-09T12:27:48.643+0000] {standard_task_runner.py:64} INFO - Started process 16478 to run task
[2026-02-09T12:27:48.642+0000] {standard_task_runner.py:90} INFO - Running: ['***', 'tasks', 'run', 'stock_raw_aapl', 'download_and_load_raw', 'scheduled__2024-11-30T00:00:00+00:00', '--job-id', '7421', '--raw', '--subdir', 'DAGS_FOLDER/stocks_dwh/raw/stocks_raw_dags.py', '--cfg-path', '/tmp/tmpnccni4kw']
[2026-02-09T12:27:48.644+0000] {standard_task_runner.py:91} INFO - Job 7421: Subtask download_and_load_raw
[2026-02-09T12:27:48.702+0000] {task_command.py:426} INFO - Running <TaskInstance: stock_raw_aapl.download_and_load_raw scheduled__2024-11-30T00:00:00+00:00 [running]> on host 4886d37bc122
[2026-02-09T12:27:48.783+0000] {taskinstance.py:2648} INFO - Exporting env vars: AIRFLOW_CTX_DAG_OWNER='***' AIRFLOW_CTX_DAG_ID='stock_raw_aapl' AIRFLOW_CTX_TASK_ID='download_and_load_raw' AIRFLOW_CTX_EXECUTION_DATE='2024-11-30T00:00:00+00:00' AIRFLOW_CTX_TRY_NUMBER='1' AIRFLOW_CTX_DAG_RUN_ID='scheduled__2024-11-30T00:00:00+00:00'
[2026-02-09T12:27:48.785+0000] {taskinstance.py:430} INFO - ::endgroup::
[2026-02-09T12:27:48.795+0000] {stocks_raw_dags.py:37} INFO - 2024-11-30 00:00:00+00:00, 2024-12-01 00:00:00+00:00
[2026-02-09T12:27:48.796+0000] {logging_mixin.py:188} INFO - [RAW] Download AAPL [1d] 2024-11-29..2024-12-01
[2026-02-09T12:27:48.798+0000] {logging_mixin.py:188} WARNING - /opt/***/dags/stocks_dwh/raw/stocks_raw_dags.py:42 FutureWarning: YF.download() has changed argument auto_adjust default to True
[2026-02-09T12:27:48.806+0000] {logging_mixin.py:188} WARNING - /home/***/.local/lib/python3.12/site-packages/yfinance/scrapers/history.py:204 Pandas4Warning: Timestamp.utcnow is deprecated and will be removed in a future version. Use Timestamp.now('UTC') instead.
[2026-02-09T12:27:49.334+0000] {logging_mixin.py:188} WARNING - [*********************100%***********************]  1 of 1 completed
[2026-02-09T12:27:49.381+0000] {base.py:84} INFO - Using connection ID 'dwh_clickhouse' for task execution.
[2026-02-09T12:27:49.412+0000] {logging_mixin.py:188} INFO - [RAW] Deleted existing rows for AAPL in 2024-11-29..2024-12-01
[2026-02-09T12:27:49.422+0000] {logging_mixin.py:188} INFO - [RAW] Inserted 1 rows into dwh.raw_stock_prices
[2026-02-09T12:27:49.423+0000] {python.py:237} INFO - Done. Returned value was: None
[2026-02-09T12:27:49.425+0000] {taskinstance.py:441} INFO - ::group::Post task execution logs
[2026-02-09T12:27:49.436+0000] {taskinstance.py:1206} INFO - Marking task as SUCCESS. dag_id=stock_raw_aapl, task_id=download_and_load_raw, run_id=scheduled__2024-11-30T00:00:00+00:00, execution_date=20241130T000000, start_date=20260209T122748, end_date=20260209T122749
[2026-02-09T12:27:49.499+0000] {local_task_job_runner.py:243} INFO - Task exited with return code 0
[2026-02-09T12:27:49.521+0000] {taskinstance.py:3503} INFO - 0 downstream tasks scheduled from follow-on schedule check
[2026-02-09T12:27:49.523+0000] {local_task_job_runner.py:222} INFO - ::endgroup::
