[2026-02-09T10:42:42.685+0000] {local_task_job_runner.py:120} INFO - ::group::Pre task execution logs
[2026-02-09T10:42:42.716+0000] {taskinstance.py:2076} INFO - Dependencies all met for dep_context=non-requeueable deps ti=<TaskInstance: stock_raw_aapl.download_and_load_raw scheduled__2025-09-28T00:00:00+00:00 [queued]>
[2026-02-09T10:42:42.724+0000] {taskinstance.py:2076} INFO - Dependencies all met for dep_context=requeueable deps ti=<TaskInstance: stock_raw_aapl.download_and_load_raw scheduled__2025-09-28T00:00:00+00:00 [queued]>
[2026-02-09T10:42:42.725+0000] {taskinstance.py:2306} INFO - Starting attempt 1 of 1
[2026-02-09T10:42:42.737+0000] {taskinstance.py:2330} INFO - Executing <Task(PythonOperator): download_and_load_raw> on 2025-09-28 00:00:00+00:00
[2026-02-09T10:42:42.751+0000] {logging_mixin.py:188} WARNING - /home/***/.local/lib/python3.12/site-packages/***/task/task_runner/standard_task_runner.py:62 DeprecationWarning: This process (pid=8154) is multi-threaded, use of fork() may lead to deadlocks in the child.
[2026-02-09T10:42:42.752+0000] {standard_task_runner.py:90} INFO - Running: ['***', 'tasks', 'run', 'stock_raw_aapl', 'download_and_load_raw', 'scheduled__2025-09-28T00:00:00+00:00', '--job-id', '5975', '--raw', '--subdir', 'DAGS_FOLDER/stocks_dwh/raw/stocks_raw_dags.py', '--cfg-path', '/tmp/tmpy6sedn24']
[2026-02-09T10:42:42.753+0000] {standard_task_runner.py:64} INFO - Started process 8166 to run task
[2026-02-09T10:42:42.754+0000] {standard_task_runner.py:91} INFO - Job 5975: Subtask download_and_load_raw
[2026-02-09T10:42:42.818+0000] {task_command.py:426} INFO - Running <TaskInstance: stock_raw_aapl.download_and_load_raw scheduled__2025-09-28T00:00:00+00:00 [running]> on host 4886d37bc122
[2026-02-09T10:42:42.914+0000] {taskinstance.py:2648} INFO - Exporting env vars: AIRFLOW_CTX_DAG_OWNER='***' AIRFLOW_CTX_DAG_ID='stock_raw_aapl' AIRFLOW_CTX_TASK_ID='download_and_load_raw' AIRFLOW_CTX_EXECUTION_DATE='2025-09-28T00:00:00+00:00' AIRFLOW_CTX_TRY_NUMBER='1' AIRFLOW_CTX_DAG_RUN_ID='scheduled__2025-09-28T00:00:00+00:00'
[2026-02-09T10:42:42.916+0000] {taskinstance.py:430} INFO - ::endgroup::
[2026-02-09T10:42:42.926+0000] {logging_mixin.py:188} INFO - [RAW] Download AAPL [1d] 2025-09-28..2025-09-29
[2026-02-09T10:42:42.929+0000] {logging_mixin.py:188} WARNING - /opt/***/dags/stocks_dwh/raw/stocks_raw_dags.py:38 FutureWarning: YF.download() has changed argument auto_adjust default to True
[2026-02-09T10:42:42.937+0000] {logging_mixin.py:188} WARNING - /home/***/.local/lib/python3.12/site-packages/yfinance/scrapers/history.py:204 Pandas4Warning: Timestamp.utcnow is deprecated and will be removed in a future version. Use Timestamp.now('UTC') instead.
[2026-02-09T10:42:43.426+0000] {multi.py:185} ERROR - 
1 Failed download:
[2026-02-09T10:42:43.427+0000] {multi.py:198} ERROR - ['AAPL']: YFPricesMissingError('possibly delisted; no price data found  (1d 2025-09-28 -> 2025-09-29)')
[2026-02-09T10:42:43.440+0000] {logging_mixin.py:188} INFO - [RAW] No data from yfinance
[2026-02-09T10:42:43.440+0000] {python.py:237} INFO - Done. Returned value was: None
[2026-02-09T10:42:43.441+0000] {taskinstance.py:441} INFO - ::group::Post task execution logs
[2026-02-09T10:42:43.451+0000] {taskinstance.py:1206} INFO - Marking task as SUCCESS. dag_id=stock_raw_aapl, task_id=download_and_load_raw, run_id=scheduled__2025-09-28T00:00:00+00:00, execution_date=20250928T000000, start_date=20260209T104242, end_date=20260209T104243
[2026-02-09T10:42:43.490+0000] {local_task_job_runner.py:243} INFO - Task exited with return code 0
[2026-02-09T10:42:43.508+0000] {taskinstance.py:3503} INFO - 0 downstream tasks scheduled from follow-on schedule check
[2026-02-09T10:42:43.510+0000] {local_task_job_runner.py:222} INFO - ::endgroup::
[2026-02-09T12:44:17.064+0000] {local_task_job_runner.py:120} INFO - ::group::Pre task execution logs
[2026-02-09T12:44:17.091+0000] {taskinstance.py:2076} INFO - Dependencies all met for dep_context=non-requeueable deps ti=<TaskInstance: stock_raw_aapl.download_and_load_raw scheduled__2025-09-28T00:00:00+00:00 [queued]>
[2026-02-09T12:44:17.098+0000] {taskinstance.py:2076} INFO - Dependencies all met for dep_context=requeueable deps ti=<TaskInstance: stock_raw_aapl.download_and_load_raw scheduled__2025-09-28T00:00:00+00:00 [queued]>
[2026-02-09T12:44:17.099+0000] {taskinstance.py:2306} INFO - Starting attempt 1 of 1
[2026-02-09T12:44:17.111+0000] {taskinstance.py:2330} INFO - Executing <Task(PythonOperator): download_and_load_raw> on 2025-09-28 00:00:00+00:00
[2026-02-09T12:44:17.123+0000] {logging_mixin.py:188} WARNING - /home/***/.local/lib/python3.12/site-packages/***/task/task_runner/standard_task_runner.py:62 DeprecationWarning: This process (pid=18493) is multi-threaded, use of fork() may lead to deadlocks in the child.
[2026-02-09T12:44:17.124+0000] {standard_task_runner.py:64} INFO - Started process 18495 to run task
[2026-02-09T12:44:17.123+0000] {standard_task_runner.py:90} INFO - Running: ['***', 'tasks', 'run', 'stock_raw_aapl', 'download_and_load_raw', 'scheduled__2025-09-28T00:00:00+00:00', '--job-id', '7828', '--raw', '--subdir', 'DAGS_FOLDER/stocks_dwh/raw/stocks_raw_dags.py', '--cfg-path', '/tmp/tmpauwxcp_w']
[2026-02-09T12:44:17.125+0000] {standard_task_runner.py:91} INFO - Job 7828: Subtask download_and_load_raw
[2026-02-09T12:44:17.187+0000] {task_command.py:426} INFO - Running <TaskInstance: stock_raw_aapl.download_and_load_raw scheduled__2025-09-28T00:00:00+00:00 [running]> on host 4886d37bc122
[2026-02-09T12:44:17.280+0000] {taskinstance.py:2648} INFO - Exporting env vars: AIRFLOW_CTX_DAG_OWNER='***' AIRFLOW_CTX_DAG_ID='stock_raw_aapl' AIRFLOW_CTX_TASK_ID='download_and_load_raw' AIRFLOW_CTX_EXECUTION_DATE='2025-09-28T00:00:00+00:00' AIRFLOW_CTX_TRY_NUMBER='1' AIRFLOW_CTX_DAG_RUN_ID='scheduled__2025-09-28T00:00:00+00:00'
[2026-02-09T12:44:17.281+0000] {taskinstance.py:430} INFO - ::endgroup::
[2026-02-09T12:44:17.291+0000] {stocks_raw_dags.py:37} INFO - 2025-09-28 00:00:00+00:00, 2025-09-29 00:00:00+00:00
[2026-02-09T12:44:17.291+0000] {logging_mixin.py:188} INFO - [RAW] Download AAPL [1d] 2025-09-27..2025-09-29
[2026-02-09T12:44:17.293+0000] {logging_mixin.py:188} WARNING - /opt/***/dags/stocks_dwh/raw/stocks_raw_dags.py:42 FutureWarning: YF.download() has changed argument auto_adjust default to True
[2026-02-09T12:44:17.301+0000] {logging_mixin.py:188} WARNING - /home/***/.local/lib/python3.12/site-packages/yfinance/scrapers/history.py:204 Pandas4Warning: Timestamp.utcnow is deprecated and will be removed in a future version. Use Timestamp.now('UTC') instead.
[2026-02-09T12:44:17.854+0000] {logging_mixin.py:188} WARNING - [*********************100%***********************]  1 of 1 completed
[2026-02-09T12:44:17.855+0000] {multi.py:185} ERROR - 
1 Failed download:
[2026-02-09T12:44:17.855+0000] {multi.py:198} ERROR - ['AAPL']: YFPricesMissingError('possibly delisted; no price data found  (1d 2025-09-27 -> 2025-09-29)')
[2026-02-09T12:44:17.868+0000] {logging_mixin.py:188} INFO - [RAW] No data from yfinance
[2026-02-09T12:44:17.868+0000] {python.py:237} INFO - Done. Returned value was: None
[2026-02-09T12:44:17.869+0000] {taskinstance.py:441} INFO - ::group::Post task execution logs
[2026-02-09T12:44:17.878+0000] {taskinstance.py:1206} INFO - Marking task as SUCCESS. dag_id=stock_raw_aapl, task_id=download_and_load_raw, run_id=scheduled__2025-09-28T00:00:00+00:00, execution_date=20250928T000000, start_date=20260209T124417, end_date=20260209T124417
[2026-02-09T12:44:17.940+0000] {local_task_job_runner.py:243} INFO - Task exited with return code 0
[2026-02-09T12:44:17.956+0000] {taskinstance.py:3503} INFO - 0 downstream tasks scheduled from follow-on schedule check
[2026-02-09T12:44:17.960+0000] {local_task_job_runner.py:222} INFO - ::endgroup::
