[2026-02-09T10:40:18.009+0000] {local_task_job_runner.py:120} INFO - ::group::Pre task execution logs
[2026-02-09T10:40:18.038+0000] {taskinstance.py:2076} INFO - Dependencies all met for dep_context=non-requeueable deps ti=<TaskInstance: stock_raw_nvda.download_and_load_raw scheduled__2025-08-18T00:00:00+00:00 [queued]>
[2026-02-09T10:40:18.046+0000] {taskinstance.py:2076} INFO - Dependencies all met for dep_context=requeueable deps ti=<TaskInstance: stock_raw_nvda.download_and_load_raw scheduled__2025-08-18T00:00:00+00:00 [queued]>
[2026-02-09T10:40:18.049+0000] {taskinstance.py:2306} INFO - Starting attempt 1 of 1
[2026-02-09T10:40:18.065+0000] {taskinstance.py:2330} INFO - Executing <Task(PythonOperator): download_and_load_raw> on 2025-08-18 00:00:00+00:00
[2026-02-09T10:40:18.082+0000] {logging_mixin.py:188} WARNING - /home/***/.local/lib/python3.12/site-packages/***/task/task_runner/standard_task_runner.py:62 DeprecationWarning: This process (pid=7325) is multi-threaded, use of fork() may lead to deadlocks in the child.
[2026-02-09T10:40:18.084+0000] {standard_task_runner.py:64} INFO - Started process 7335 to run task
[2026-02-09T10:40:18.083+0000] {standard_task_runner.py:90} INFO - Running: ['***', 'tasks', 'run', 'stock_raw_nvda', 'download_and_load_raw', 'scheduled__2025-08-18T00:00:00+00:00', '--job-id', '5784', '--raw', '--subdir', 'DAGS_FOLDER/stocks_dwh/raw/stocks_raw_dags.py', '--cfg-path', '/tmp/tmpbubi92wq']
[2026-02-09T10:40:18.087+0000] {standard_task_runner.py:91} INFO - Job 5784: Subtask download_and_load_raw
[2026-02-09T10:40:18.156+0000] {task_command.py:426} INFO - Running <TaskInstance: stock_raw_nvda.download_and_load_raw scheduled__2025-08-18T00:00:00+00:00 [running]> on host 4886d37bc122
[2026-02-09T10:40:18.245+0000] {taskinstance.py:2648} INFO - Exporting env vars: AIRFLOW_CTX_DAG_OWNER='***' AIRFLOW_CTX_DAG_ID='stock_raw_nvda' AIRFLOW_CTX_TASK_ID='download_and_load_raw' AIRFLOW_CTX_EXECUTION_DATE='2025-08-18T00:00:00+00:00' AIRFLOW_CTX_TRY_NUMBER='1' AIRFLOW_CTX_DAG_RUN_ID='scheduled__2025-08-18T00:00:00+00:00'
[2026-02-09T10:40:18.246+0000] {taskinstance.py:430} INFO - ::endgroup::
[2026-02-09T10:40:18.259+0000] {logging_mixin.py:188} INFO - [RAW] Download NVDA [1d] 2025-08-18..2025-08-19
[2026-02-09T10:40:18.262+0000] {logging_mixin.py:188} WARNING - /opt/***/dags/stocks_dwh/raw/stocks_raw_dags.py:38 FutureWarning: YF.download() has changed argument auto_adjust default to True
[2026-02-09T10:40:18.269+0000] {logging_mixin.py:188} WARNING - /home/***/.local/lib/python3.12/site-packages/yfinance/scrapers/history.py:204 Pandas4Warning: Timestamp.utcnow is deprecated and will be removed in a future version. Use Timestamp.now('UTC') instead.
[2026-02-09T10:40:18.766+0000] {taskinstance.py:441} INFO - ::group::Post task execution logs
[2026-02-09T10:40:18.766+0000] {taskinstance.py:2905} ERROR - Task failed with exception
Traceback (most recent call last):
  File "/home/airflow/.local/lib/python3.12/site-packages/airflow/models/taskinstance.py", line 465, in _execute_task
    result = _execute_callable(context=context, **execute_callable_kwargs)
             ^^^^^^^^^^^^^^^^^^^^^^^^^^^^^^^^^^^^^^^^^^^^^^^^^^^^^^^^^^^^^
  File "/home/airflow/.local/lib/python3.12/site-packages/airflow/models/taskinstance.py", line 432, in _execute_callable
    return execute_callable(context=context, **execute_callable_kwargs)
           ^^^^^^^^^^^^^^^^^^^^^^^^^^^^^^^^^^^^^^^^^^^^^^^^^^^^^^^^^^^^
  File "/home/airflow/.local/lib/python3.12/site-packages/airflow/models/baseoperator.py", line 401, in wrapper
    return func(self, *args, **kwargs)
           ^^^^^^^^^^^^^^^^^^^^^^^^^^^
  File "/home/airflow/.local/lib/python3.12/site-packages/airflow/operators/python.py", line 235, in execute
    return_value = self.execute_callable()
                   ^^^^^^^^^^^^^^^^^^^^^^^
  File "/home/airflow/.local/lib/python3.12/site-packages/airflow/operators/python.py", line 252, in execute_callable
    return self.python_callable(*self.op_args, **self.op_kwargs)
           ^^^^^^^^^^^^^^^^^^^^^^^^^^^^^^^^^^^^^^^^^^^^^^^^^^^^^
  File "/opt/airflow/dags/stocks_dwh/raw/stocks_raw_dags.py", line 86, in download_and_load_raw
    df["volume"] = pd.to_numeric(df["volume"], errors="coerce").fillna(0).astype("int64")
                   ^^^^^^^^^^^^^^^^^^^^^^^^^^^^^^^^^^^^^^^^^^^^
  File "/home/airflow/.local/lib/python3.12/site-packages/pandas/core/tools/numeric.py", line 212, in to_numeric
    raise TypeError("arg must be a list, tuple, 1-d array, or Series")
TypeError: arg must be a list, tuple, 1-d array, or Series
[2026-02-09T10:40:18.780+0000] {taskinstance.py:1206} INFO - Marking task as FAILED. dag_id=stock_raw_nvda, task_id=download_and_load_raw, run_id=scheduled__2025-08-18T00:00:00+00:00, execution_date=20250818T000000, start_date=20260209T104018, end_date=20260209T104018
[2026-02-09T10:40:18.792+0000] {standard_task_runner.py:110} ERROR - Failed to execute job 5784 for task download_and_load_raw (arg must be a list, tuple, 1-d array, or Series; 7335)
[2026-02-09T10:40:18.821+0000] {local_task_job_runner.py:243} INFO - Task exited with return code 1
[2026-02-09T10:40:18.836+0000] {taskinstance.py:3503} INFO - 0 downstream tasks scheduled from follow-on schedule check
[2026-02-09T10:40:18.838+0000] {local_task_job_runner.py:222} INFO - ::endgroup::
