[2026-02-09T10:41:21.630+0000] {local_task_job_runner.py:120} INFO - ::group::Pre task execution logs
[2026-02-09T10:41:21.667+0000] {taskinstance.py:2076} INFO - Dependencies all met for dep_context=non-requeueable deps ti=<TaskInstance: stock_raw_aapl.download_and_load_raw scheduled__2025-09-06T00:00:00+00:00 [queued]>
[2026-02-09T10:41:21.679+0000] {taskinstance.py:2076} INFO - Dependencies all met for dep_context=requeueable deps ti=<TaskInstance: stock_raw_aapl.download_and_load_raw scheduled__2025-09-06T00:00:00+00:00 [queued]>
[2026-02-09T10:41:21.679+0000] {taskinstance.py:2306} INFO - Starting attempt 1 of 1
[2026-02-09T10:41:21.693+0000] {taskinstance.py:2330} INFO - Executing <Task(PythonOperator): download_and_load_raw> on 2025-09-06 00:00:00+00:00
[2026-02-09T10:41:21.709+0000] {logging_mixin.py:188} WARNING - /home/***/.local/lib/python3.12/site-packages/***/task/task_runner/standard_task_runner.py:62 DeprecationWarning: This process (pid=7701) is multi-threaded, use of fork() may lead to deadlocks in the child.
[2026-02-09T10:41:21.710+0000] {standard_task_runner.py:64} INFO - Started process 7710 to run task
[2026-02-09T10:41:21.709+0000] {standard_task_runner.py:90} INFO - Running: ['***', 'tasks', 'run', 'stock_raw_aapl', 'download_and_load_raw', 'scheduled__2025-09-06T00:00:00+00:00', '--job-id', '5869', '--raw', '--subdir', 'DAGS_FOLDER/stocks_dwh/raw/stocks_raw_dags.py', '--cfg-path', '/tmp/tmpgieplawq']
[2026-02-09T10:41:21.713+0000] {standard_task_runner.py:91} INFO - Job 5869: Subtask download_and_load_raw
[2026-02-09T10:41:21.786+0000] {task_command.py:426} INFO - Running <TaskInstance: stock_raw_aapl.download_and_load_raw scheduled__2025-09-06T00:00:00+00:00 [running]> on host 4886d37bc122
[2026-02-09T10:41:21.887+0000] {taskinstance.py:2648} INFO - Exporting env vars: AIRFLOW_CTX_DAG_OWNER='***' AIRFLOW_CTX_DAG_ID='stock_raw_aapl' AIRFLOW_CTX_TASK_ID='download_and_load_raw' AIRFLOW_CTX_EXECUTION_DATE='2025-09-06T00:00:00+00:00' AIRFLOW_CTX_TRY_NUMBER='1' AIRFLOW_CTX_DAG_RUN_ID='scheduled__2025-09-06T00:00:00+00:00'
[2026-02-09T10:41:21.888+0000] {taskinstance.py:430} INFO - ::endgroup::
[2026-02-09T10:41:21.899+0000] {logging_mixin.py:188} INFO - [RAW] Download AAPL [1d] 2025-09-06..2025-09-07
[2026-02-09T10:41:21.902+0000] {logging_mixin.py:188} WARNING - /opt/***/dags/stocks_dwh/raw/stocks_raw_dags.py:38 FutureWarning: YF.download() has changed argument auto_adjust default to True
[2026-02-09T10:41:21.940+0000] {logging_mixin.py:188} WARNING - /home/***/.local/lib/python3.12/site-packages/yfinance/scrapers/history.py:204 Pandas4Warning: Timestamp.utcnow is deprecated and will be removed in a future version. Use Timestamp.now('UTC') instead.
[2026-02-09T10:41:23.918+0000] {multi.py:185} ERROR - 
1 Failed download:
[2026-02-09T10:41:23.919+0000] {multi.py:198} ERROR - ['AAPL']: YFPricesMissingError('possibly delisted; no price data found  (1d 2025-09-06 -> 2025-09-07)')
[2026-02-09T10:41:23.931+0000] {logging_mixin.py:188} INFO - [RAW] No data from yfinance
[2026-02-09T10:41:23.932+0000] {python.py:237} INFO - Done. Returned value was: None
[2026-02-09T10:41:23.933+0000] {taskinstance.py:441} INFO - ::group::Post task execution logs
[2026-02-09T10:41:23.943+0000] {taskinstance.py:1206} INFO - Marking task as SUCCESS. dag_id=stock_raw_aapl, task_id=download_and_load_raw, run_id=scheduled__2025-09-06T00:00:00+00:00, execution_date=20250906T000000, start_date=20260209T104121, end_date=20260209T104123
[2026-02-09T10:41:24.014+0000] {local_task_job_runner.py:243} INFO - Task exited with return code 0
[2026-02-09T10:41:24.029+0000] {taskinstance.py:3503} INFO - 0 downstream tasks scheduled from follow-on schedule check
[2026-02-09T10:41:24.031+0000] {local_task_job_runner.py:222} INFO - ::endgroup::
[2026-02-09T12:43:07.810+0000] {local_task_job_runner.py:120} INFO - ::group::Pre task execution logs
[2026-02-09T12:43:07.837+0000] {taskinstance.py:2076} INFO - Dependencies all met for dep_context=non-requeueable deps ti=<TaskInstance: stock_raw_aapl.download_and_load_raw scheduled__2025-09-06T00:00:00+00:00 [queued]>
[2026-02-09T12:43:07.844+0000] {taskinstance.py:2076} INFO - Dependencies all met for dep_context=requeueable deps ti=<TaskInstance: stock_raw_aapl.download_and_load_raw scheduled__2025-09-06T00:00:00+00:00 [queued]>
[2026-02-09T12:43:07.845+0000] {taskinstance.py:2306} INFO - Starting attempt 1 of 1
[2026-02-09T12:43:07.857+0000] {taskinstance.py:2330} INFO - Executing <Task(PythonOperator): download_and_load_raw> on 2025-09-06 00:00:00+00:00
[2026-02-09T12:43:07.871+0000] {standard_task_runner.py:90} INFO - Running: ['***', 'tasks', 'run', 'stock_raw_aapl', 'download_and_load_raw', 'scheduled__2025-09-06T00:00:00+00:00', '--job-id', '7806', '--raw', '--subdir', 'DAGS_FOLDER/stocks_dwh/raw/stocks_raw_dags.py', '--cfg-path', '/tmp/tmpj3o8jfnx']
[2026-02-09T12:43:07.873+0000] {logging_mixin.py:188} WARNING - /home/***/.local/lib/python3.12/site-packages/***/task/task_runner/standard_task_runner.py:62 DeprecationWarning: This process (pid=18375) is multi-threaded, use of fork() may lead to deadlocks in the child.
[2026-02-09T12:43:07.874+0000] {standard_task_runner.py:91} INFO - Job 7806: Subtask download_and_load_raw
[2026-02-09T12:43:07.874+0000] {standard_task_runner.py:64} INFO - Started process 18377 to run task
[2026-02-09T12:43:07.952+0000] {task_command.py:426} INFO - Running <TaskInstance: stock_raw_aapl.download_and_load_raw scheduled__2025-09-06T00:00:00+00:00 [running]> on host 4886d37bc122
[2026-02-09T12:43:08.099+0000] {taskinstance.py:2648} INFO - Exporting env vars: AIRFLOW_CTX_DAG_OWNER='***' AIRFLOW_CTX_DAG_ID='stock_raw_aapl' AIRFLOW_CTX_TASK_ID='download_and_load_raw' AIRFLOW_CTX_EXECUTION_DATE='2025-09-06T00:00:00+00:00' AIRFLOW_CTX_TRY_NUMBER='1' AIRFLOW_CTX_DAG_RUN_ID='scheduled__2025-09-06T00:00:00+00:00'
[2026-02-09T12:43:08.101+0000] {taskinstance.py:430} INFO - ::endgroup::
[2026-02-09T12:43:08.117+0000] {stocks_raw_dags.py:37} INFO - 2025-09-06 00:00:00+00:00, 2025-09-07 00:00:00+00:00
[2026-02-09T12:43:08.118+0000] {logging_mixin.py:188} INFO - [RAW] Download AAPL [1d] 2025-09-05..2025-09-07
[2026-02-09T12:43:08.121+0000] {logging_mixin.py:188} WARNING - /opt/***/dags/stocks_dwh/raw/stocks_raw_dags.py:42 FutureWarning: YF.download() has changed argument auto_adjust default to True
[2026-02-09T12:43:08.134+0000] {logging_mixin.py:188} WARNING - /home/***/.local/lib/python3.12/site-packages/yfinance/scrapers/history.py:204 Pandas4Warning: Timestamp.utcnow is deprecated and will be removed in a future version. Use Timestamp.now('UTC') instead.
[2026-02-09T12:43:08.658+0000] {logging_mixin.py:188} WARNING - [*********************100%***********************]  1 of 1 completed
[2026-02-09T12:43:08.707+0000] {base.py:84} INFO - Using connection ID 'dwh_clickhouse' for task execution.
[2026-02-09T12:43:08.746+0000] {logging_mixin.py:188} INFO - [RAW] Deleted existing rows for AAPL in 2025-09-05..2025-09-07
[2026-02-09T12:43:08.760+0000] {logging_mixin.py:188} INFO - [RAW] Inserted 1 rows into dwh.raw_stock_prices
[2026-02-09T12:43:08.761+0000] {python.py:237} INFO - Done. Returned value was: None
[2026-02-09T12:43:08.761+0000] {taskinstance.py:441} INFO - ::group::Post task execution logs
[2026-02-09T12:43:08.773+0000] {taskinstance.py:1206} INFO - Marking task as SUCCESS. dag_id=stock_raw_aapl, task_id=download_and_load_raw, run_id=scheduled__2025-09-06T00:00:00+00:00, execution_date=20250906T000000, start_date=20260209T124307, end_date=20260209T124308
[2026-02-09T12:43:08.852+0000] {local_task_job_runner.py:243} INFO - Task exited with return code 0
[2026-02-09T12:43:08.876+0000] {taskinstance.py:3503} INFO - 0 downstream tasks scheduled from follow-on schedule check
[2026-02-09T12:43:08.883+0000] {local_task_job_runner.py:222} INFO - ::endgroup::
