[2026-02-09T10:09:25.897+0000] {local_task_job_runner.py:120} INFO - ::group::Pre task execution logs
[2026-02-09T10:09:25.927+0000] {taskinstance.py:2076} INFO - Dependencies all met for dep_context=non-requeueable deps ti=<TaskInstance: stock_raw_msft.download_and_load_raw scheduled__2024-03-03T00:00:00+00:00 [queued]>
[2026-02-09T10:09:25.937+0000] {taskinstance.py:2076} INFO - Dependencies all met for dep_context=requeueable deps ti=<TaskInstance: stock_raw_msft.download_and_load_raw scheduled__2024-03-03T00:00:00+00:00 [queued]>
[2026-02-09T10:09:25.938+0000] {taskinstance.py:2306} INFO - Starting attempt 1 of 1
[2026-02-09T10:09:25.948+0000] {taskinstance.py:2330} INFO - Executing <Task(PythonOperator): download_and_load_raw> on 2024-03-03 00:00:00+00:00
[2026-02-09T10:09:25.960+0000] {logging_mixin.py:188} WARNING - /home/***/.local/lib/python3.12/site-packages/***/task/task_runner/standard_task_runner.py:62 DeprecationWarning: This process (pid=2324) is multi-threaded, use of fork() may lead to deadlocks in the child.
[2026-02-09T10:09:25.961+0000] {standard_task_runner.py:64} INFO - Started process 2331 to run task
[2026-02-09T10:09:25.960+0000] {standard_task_runner.py:90} INFO - Running: ['***', 'tasks', 'run', 'stock_raw_msft', 'download_and_load_raw', 'scheduled__2024-03-03T00:00:00+00:00', '--job-id', '3142', '--raw', '--subdir', 'DAGS_FOLDER/stocks_dwh/raw/stocks_raw_dags.py', '--cfg-path', '/tmp/tmpmxiiolyx']
[2026-02-09T10:09:25.963+0000] {standard_task_runner.py:91} INFO - Job 3142: Subtask download_and_load_raw
[2026-02-09T10:09:26.034+0000] {task_command.py:426} INFO - Running <TaskInstance: stock_raw_msft.download_and_load_raw scheduled__2024-03-03T00:00:00+00:00 [running]> on host b6b9e92e7d61
[2026-02-09T10:09:26.140+0000] {taskinstance.py:2648} INFO - Exporting env vars: AIRFLOW_CTX_DAG_OWNER='***' AIRFLOW_CTX_DAG_ID='stock_raw_msft' AIRFLOW_CTX_TASK_ID='download_and_load_raw' AIRFLOW_CTX_EXECUTION_DATE='2024-03-03T00:00:00+00:00' AIRFLOW_CTX_TRY_NUMBER='1' AIRFLOW_CTX_DAG_RUN_ID='scheduled__2024-03-03T00:00:00+00:00'
[2026-02-09T10:09:26.141+0000] {taskinstance.py:430} INFO - ::endgroup::
[2026-02-09T10:09:26.152+0000] {logging_mixin.py:188} INFO - [RAW] Download MSFT [1d] 2024-03-03..2024-03-04
[2026-02-09T10:09:26.155+0000] {logging_mixin.py:188} WARNING - /opt/***/dags/stocks_dwh/raw/stocks_raw_dags.py:38 FutureWarning: YF.download() has changed argument auto_adjust default to True
[2026-02-09T10:09:26.164+0000] {logging_mixin.py:188} WARNING - /home/***/.local/lib/python3.12/site-packages/yfinance/scrapers/history.py:204 Pandas4Warning: Timestamp.utcnow is deprecated and will be removed in a future version. Use Timestamp.now('UTC') instead.
[2026-02-09T10:09:26.643+0000] {multi.py:185} ERROR - 
1 Failed download:
[2026-02-09T10:09:26.644+0000] {multi.py:198} ERROR - ['MSFT']: YFPricesMissingError('possibly delisted; no price data found  (1d 2024-03-03 -> 2024-03-04)')
[2026-02-09T10:09:26.657+0000] {logging_mixin.py:188} INFO - [RAW] No data from yfinance
[2026-02-09T10:09:26.658+0000] {python.py:237} INFO - Done. Returned value was: None
[2026-02-09T10:09:26.659+0000] {taskinstance.py:441} INFO - ::group::Post task execution logs
[2026-02-09T10:09:26.670+0000] {taskinstance.py:1206} INFO - Marking task as SUCCESS. dag_id=stock_raw_msft, task_id=download_and_load_raw, run_id=scheduled__2024-03-03T00:00:00+00:00, execution_date=20240303T000000, start_date=20260209T100925, end_date=20260209T100926
[2026-02-09T10:09:26.737+0000] {local_task_job_runner.py:243} INFO - Task exited with return code 0
[2026-02-09T10:09:26.759+0000] {taskinstance.py:3503} INFO - 0 downstream tasks scheduled from follow-on schedule check
[2026-02-09T10:09:26.761+0000] {local_task_job_runner.py:222} INFO - ::endgroup::
