[2026-02-09T10:09:00.377+0000] {local_task_job_runner.py:120} INFO - ::group::Pre task execution logs
[2026-02-09T10:09:00.421+0000] {taskinstance.py:2076} INFO - Dependencies all met for dep_context=non-requeueable deps ti=<TaskInstance: stock_raw_aapl.download_and_load_raw scheduled__2024-02-25T00:00:00+00:00 [queued]>
[2026-02-09T10:09:00.433+0000] {taskinstance.py:2076} INFO - Dependencies all met for dep_context=requeueable deps ti=<TaskInstance: stock_raw_aapl.download_and_load_raw scheduled__2024-02-25T00:00:00+00:00 [queued]>
[2026-02-09T10:09:00.434+0000] {taskinstance.py:2306} INFO - Starting attempt 1 of 1
[2026-02-09T10:09:00.451+0000] {taskinstance.py:2330} INFO - Executing <Task(PythonOperator): download_and_load_raw> on 2024-02-25 00:00:00+00:00
[2026-02-09T10:09:00.466+0000] {logging_mixin.py:188} WARNING - /home/***/.local/lib/python3.12/site-packages/***/task/task_runner/standard_task_runner.py:62 DeprecationWarning: This process (pid=2161) is multi-threaded, use of fork() may lead to deadlocks in the child.
[2026-02-09T10:09:00.468+0000] {standard_task_runner.py:64} INFO - Started process 2171 to run task
[2026-02-09T10:09:00.466+0000] {standard_task_runner.py:90} INFO - Running: ['***', 'tasks', 'run', 'stock_raw_aapl', 'download_and_load_raw', 'scheduled__2024-02-25T00:00:00+00:00', '--job-id', '3103', '--raw', '--subdir', 'DAGS_FOLDER/stocks_dwh/raw/stocks_raw_dags.py', '--cfg-path', '/tmp/tmp7a2h2adh']
[2026-02-09T10:09:00.469+0000] {standard_task_runner.py:91} INFO - Job 3103: Subtask download_and_load_raw
[2026-02-09T10:09:00.559+0000] {task_command.py:426} INFO - Running <TaskInstance: stock_raw_aapl.download_and_load_raw scheduled__2024-02-25T00:00:00+00:00 [running]> on host b6b9e92e7d61
[2026-02-09T10:09:00.689+0000] {taskinstance.py:2648} INFO - Exporting env vars: AIRFLOW_CTX_DAG_OWNER='***' AIRFLOW_CTX_DAG_ID='stock_raw_aapl' AIRFLOW_CTX_TASK_ID='download_and_load_raw' AIRFLOW_CTX_EXECUTION_DATE='2024-02-25T00:00:00+00:00' AIRFLOW_CTX_TRY_NUMBER='1' AIRFLOW_CTX_DAG_RUN_ID='scheduled__2024-02-25T00:00:00+00:00'
[2026-02-09T10:09:00.691+0000] {taskinstance.py:430} INFO - ::endgroup::
[2026-02-09T10:09:00.710+0000] {logging_mixin.py:188} INFO - [RAW] Download AAPL [1d] 2024-02-25..2024-02-26
[2026-02-09T10:09:00.713+0000] {logging_mixin.py:188} WARNING - /opt/***/dags/stocks_dwh/raw/stocks_raw_dags.py:38 FutureWarning: YF.download() has changed argument auto_adjust default to True
[2026-02-09T10:09:00.740+0000] {logging_mixin.py:188} WARNING - /home/***/.local/lib/python3.12/site-packages/yfinance/scrapers/history.py:204 Pandas4Warning: Timestamp.utcnow is deprecated and will be removed in a future version. Use Timestamp.now('UTC') instead.
[2026-02-09T10:09:01.254+0000] {multi.py:185} ERROR - 
1 Failed download:
[2026-02-09T10:09:01.255+0000] {multi.py:198} ERROR - ['AAPL']: YFPricesMissingError('possibly delisted; no price data found  (1d 2024-02-25 -> 2024-02-26)')
[2026-02-09T10:09:01.269+0000] {logging_mixin.py:188} INFO - [RAW] No data from yfinance
[2026-02-09T10:09:01.270+0000] {python.py:237} INFO - Done. Returned value was: None
[2026-02-09T10:09:01.270+0000] {taskinstance.py:441} INFO - ::group::Post task execution logs
[2026-02-09T10:09:01.280+0000] {taskinstance.py:1206} INFO - Marking task as SUCCESS. dag_id=stock_raw_aapl, task_id=download_and_load_raw, run_id=scheduled__2024-02-25T00:00:00+00:00, execution_date=20240225T000000, start_date=20260209T100900, end_date=20260209T100901
[2026-02-09T10:09:01.325+0000] {local_task_job_runner.py:243} INFO - Task exited with return code 0
[2026-02-09T10:09:01.343+0000] {taskinstance.py:3503} INFO - 0 downstream tasks scheduled from follow-on schedule check
[2026-02-09T10:09:01.345+0000] {local_task_job_runner.py:222} INFO - ::endgroup::
[2026-02-09T12:13:04.863+0000] {local_task_job_runner.py:120} INFO - ::group::Pre task execution logs
[2026-02-09T12:13:04.893+0000] {taskinstance.py:2076} INFO - Dependencies all met for dep_context=non-requeueable deps ti=<TaskInstance: stock_raw_aapl.download_and_load_raw scheduled__2024-02-25T00:00:00+00:00 [queued]>
[2026-02-09T12:13:04.900+0000] {taskinstance.py:2076} INFO - Dependencies all met for dep_context=requeueable deps ti=<TaskInstance: stock_raw_aapl.download_and_load_raw scheduled__2024-02-25T00:00:00+00:00 [queued]>
[2026-02-09T12:13:04.901+0000] {taskinstance.py:2306} INFO - Starting attempt 1 of 1
[2026-02-09T12:13:04.912+0000] {taskinstance.py:2330} INFO - Executing <Task(PythonOperator): download_and_load_raw> on 2024-02-25 00:00:00+00:00
[2026-02-09T12:13:04.925+0000] {logging_mixin.py:188} WARNING - /home/***/.local/lib/python3.12/site-packages/***/task/task_runner/standard_task_runner.py:62 DeprecationWarning: This process (pid=13885) is multi-threaded, use of fork() may lead to deadlocks in the child.
[2026-02-09T12:13:04.927+0000] {standard_task_runner.py:64} INFO - Started process 13896 to run task
[2026-02-09T12:13:04.926+0000] {standard_task_runner.py:90} INFO - Running: ['***', 'tasks', 'run', 'stock_raw_aapl', 'download_and_load_raw', 'scheduled__2024-02-25T00:00:00+00:00', '--job-id', '6862', '--raw', '--subdir', 'DAGS_FOLDER/stocks_dwh/raw/stocks_raw_dags.py', '--cfg-path', '/tmp/tmp2zl8_yp8']
[2026-02-09T12:13:04.928+0000] {standard_task_runner.py:91} INFO - Job 6862: Subtask download_and_load_raw
[2026-02-09T12:13:04.993+0000] {task_command.py:426} INFO - Running <TaskInstance: stock_raw_aapl.download_and_load_raw scheduled__2024-02-25T00:00:00+00:00 [running]> on host 4886d37bc122
[2026-02-09T12:13:05.087+0000] {taskinstance.py:2648} INFO - Exporting env vars: AIRFLOW_CTX_DAG_OWNER='***' AIRFLOW_CTX_DAG_ID='stock_raw_aapl' AIRFLOW_CTX_TASK_ID='download_and_load_raw' AIRFLOW_CTX_EXECUTION_DATE='2024-02-25T00:00:00+00:00' AIRFLOW_CTX_TRY_NUMBER='1' AIRFLOW_CTX_DAG_RUN_ID='scheduled__2024-02-25T00:00:00+00:00'
[2026-02-09T12:13:05.088+0000] {taskinstance.py:430} INFO - ::endgroup::
[2026-02-09T12:13:05.098+0000] {stocks_raw_dags.py:37} INFO - 2024-02-25 00:00:00+00:00, 2024-02-26 00:00:00+00:00
[2026-02-09T12:13:05.099+0000] {logging_mixin.py:188} INFO - [RAW] Download AAPL [1d] 2024-02-24..2024-02-26
[2026-02-09T12:13:05.101+0000] {logging_mixin.py:188} WARNING - /opt/***/dags/stocks_dwh/raw/stocks_raw_dags.py:42 FutureWarning: YF.download() has changed argument auto_adjust default to True
[2026-02-09T12:13:05.109+0000] {logging_mixin.py:188} WARNING - /home/***/.local/lib/python3.12/site-packages/yfinance/scrapers/history.py:204 Pandas4Warning: Timestamp.utcnow is deprecated and will be removed in a future version. Use Timestamp.now('UTC') instead.
[2026-02-09T12:13:05.630+0000] {logging_mixin.py:188} WARNING - [*********************100%***********************]  1 of 1 completed
[2026-02-09T12:13:05.631+0000] {multi.py:185} ERROR - 
1 Failed download:
[2026-02-09T12:13:05.633+0000] {multi.py:198} ERROR - ['AAPL']: YFPricesMissingError('possibly delisted; no price data found  (1d 2024-02-24 -> 2024-02-26)')
[2026-02-09T12:13:05.648+0000] {logging_mixin.py:188} INFO - [RAW] No data from yfinance
[2026-02-09T12:13:05.649+0000] {python.py:237} INFO - Done. Returned value was: None
[2026-02-09T12:13:05.650+0000] {taskinstance.py:441} INFO - ::group::Post task execution logs
[2026-02-09T12:13:05.665+0000] {taskinstance.py:1206} INFO - Marking task as SUCCESS. dag_id=stock_raw_aapl, task_id=download_and_load_raw, run_id=scheduled__2024-02-25T00:00:00+00:00, execution_date=20240225T000000, start_date=20260209T121304, end_date=20260209T121305
[2026-02-09T12:13:05.703+0000] {local_task_job_runner.py:243} INFO - Task exited with return code 0
[2026-02-09T12:13:05.725+0000] {taskinstance.py:3503} INFO - 0 downstream tasks scheduled from follow-on schedule check
[2026-02-09T12:13:05.728+0000] {local_task_job_runner.py:222} INFO - ::endgroup::
