[2026-02-07T14:18:06.952+0000] {local_task_job_runner.py:120} INFO - ::group::Pre task execution logs
[2026-02-07T14:18:06.981+0000] {taskinstance.py:2076} INFO - Dependencies all met for dep_context=non-requeueable deps ti=<TaskInstance: stock_tsla.download scheduled__2024-01-26T00:00:00+00:00 [queued]>
[2026-02-07T14:18:06.991+0000] {taskinstance.py:2076} INFO - Dependencies all met for dep_context=requeueable deps ti=<TaskInstance: stock_tsla.download scheduled__2024-01-26T00:00:00+00:00 [queued]>
[2026-02-07T14:18:06.992+0000] {taskinstance.py:2306} INFO - Starting attempt 1 of 1
[2026-02-07T14:18:07.007+0000] {taskinstance.py:2330} INFO - Executing <Task(PythonOperator): download> on 2024-01-26 00:00:00+00:00
[2026-02-07T14:18:07.021+0000] {logging_mixin.py:188} WARNING - /home/***/.local/lib/python3.12/site-packages/***/task/task_runner/standard_task_runner.py:62 DeprecationWarning: This process (pid=855) is multi-threaded, use of fork() may lead to deadlocks in the child.
[2026-02-07T14:18:07.023+0000] {standard_task_runner.py:64} INFO - Started process 865 to run task
[2026-02-07T14:18:07.021+0000] {standard_task_runner.py:90} INFO - Running: ['***', 'tasks', 'run', 'stock_tsla', 'download', 'scheduled__2024-01-26T00:00:00+00:00', '--job-id', '138', '--raw', '--subdir', 'DAGS_FOLDER/stocks_dags.py', '--cfg-path', '/tmp/tmppzgx871h']
[2026-02-07T14:18:07.024+0000] {standard_task_runner.py:91} INFO - Job 138: Subtask download
[2026-02-07T14:18:07.096+0000] {task_command.py:426} INFO - Running <TaskInstance: stock_tsla.download scheduled__2024-01-26T00:00:00+00:00 [running]> on host 5adf8c44a70f
[2026-02-07T14:18:07.195+0000] {taskinstance.py:2648} INFO - Exporting env vars: AIRFLOW_CTX_DAG_OWNER='***' AIRFLOW_CTX_DAG_ID='stock_tsla' AIRFLOW_CTX_TASK_ID='download' AIRFLOW_CTX_EXECUTION_DATE='2024-01-26T00:00:00+00:00' AIRFLOW_CTX_TRY_NUMBER='1' AIRFLOW_CTX_DAG_RUN_ID='scheduled__2024-01-26T00:00:00+00:00'
[2026-02-07T14:18:07.198+0000] {taskinstance.py:430} INFO - ::endgroup::
[2026-02-07T14:18:07.212+0000] {logging_mixin.py:188} INFO - Downloading TSLA from 2024-01-26 to 2024-01-27
[2026-02-07T14:18:07.215+0000] {logging_mixin.py:188} WARNING - /opt/***/dags/stocks_dags.py:22 FutureWarning: YF.download() has changed argument auto_adjust default to True
[2026-02-07T14:18:07.224+0000] {logging_mixin.py:188} WARNING - /home/***/.local/lib/python3.12/site-packages/yfinance/scrapers/history.py:204 Pandas4Warning: Timestamp.utcnow is deprecated and will be removed in a future version. Use Timestamp.now('UTC') instead.
[2026-02-07T14:18:07.749+0000] {taskinstance.py:441} INFO - ::group::Post task execution logs
[2026-02-07T14:18:07.750+0000] {taskinstance.py:2905} ERROR - Task failed with exception
Traceback (most recent call last):
  File "/home/airflow/.local/lib/python3.12/site-packages/airflow/models/taskinstance.py", line 465, in _execute_task
    result = _execute_callable(context=context, **execute_callable_kwargs)
             ^^^^^^^^^^^^^^^^^^^^^^^^^^^^^^^^^^^^^^^^^^^^^^^^^^^^^^^^^^^^^
  File "/home/airflow/.local/lib/python3.12/site-packages/airflow/models/taskinstance.py", line 432, in _execute_callable
    return execute_callable(context=context, **execute_callable_kwargs)
           ^^^^^^^^^^^^^^^^^^^^^^^^^^^^^^^^^^^^^^^^^^^^^^^^^^^^^^^^^^^^
  File "/home/airflow/.local/lib/python3.12/site-packages/airflow/models/baseoperator.py", line 401, in wrapper
    return func(self, *args, **kwargs)
           ^^^^^^^^^^^^^^^^^^^^^^^^^^^
  File "/home/airflow/.local/lib/python3.12/site-packages/airflow/operators/python.py", line 235, in execute
    return_value = self.execute_callable()
                   ^^^^^^^^^^^^^^^^^^^^^^^
  File "/home/airflow/.local/lib/python3.12/site-packages/airflow/operators/python.py", line 252, in execute_callable
    return self.python_callable(*self.op_args, **self.op_kwargs)
           ^^^^^^^^^^^^^^^^^^^^^^^^^^^^^^^^^^^^^^^^^^^^^^^^^^^^^
  File "/opt/airflow/dags/stocks_dags.py", line 35, in download_stock
    df.to_parquet(output_path)
  File "/home/airflow/.local/lib/python3.12/site-packages/pandas/core/frame.py", line 3135, in to_parquet
    return to_parquet(
           ^^^^^^^^^^^
  File "/home/airflow/.local/lib/python3.12/site-packages/pandas/io/parquet.py", line 490, in to_parquet
    impl.write(
  File "/home/airflow/.local/lib/python3.12/site-packages/pandas/io/parquet.py", line 199, in write
    path_or_handle, handles, filesystem = _get_path_or_handle(
                                          ^^^^^^^^^^^^^^^^^^^^
  File "/home/airflow/.local/lib/python3.12/site-packages/pandas/io/parquet.py", line 141, in _get_path_or_handle
    handles = get_handle(
              ^^^^^^^^^^^
  File "/home/airflow/.local/lib/python3.12/site-packages/pandas/io/common.py", line 793, in get_handle
    check_parent_directory(str(handle))
  File "/home/airflow/.local/lib/python3.12/site-packages/pandas/io/common.py", line 652, in check_parent_directory
    raise OSError(rf"Cannot save file into a non-existent directory: '{parent}'")
OSError: Cannot save file into a non-existent directory: '/opt/***/data'
[2026-02-07T14:18:07.772+0000] {taskinstance.py:1206} INFO - Marking task as FAILED. dag_id=stock_tsla, task_id=download, run_id=scheduled__2024-01-26T00:00:00+00:00, execution_date=20240126T000000, start_date=20260207T141806, end_date=20260207T141807
[2026-02-07T14:18:07.790+0000] {standard_task_runner.py:110} ERROR - Failed to execute job 138 for task download (Cannot save file into a non-existent directory: '/opt/***/data'; 865)
[2026-02-07T14:18:07.839+0000] {local_task_job_runner.py:243} INFO - Task exited with return code 1
[2026-02-07T14:18:07.860+0000] {taskinstance.py:3503} INFO - 0 downstream tasks scheduled from follow-on schedule check
[2026-02-07T14:18:07.864+0000] {local_task_job_runner.py:222} INFO - ::endgroup::
