[2026-02-09T10:41:53.365+0000] {local_task_job_runner.py:120} INFO - ::group::Pre task execution logs
[2026-02-09T10:41:53.397+0000] {taskinstance.py:2076} INFO - Dependencies all met for dep_context=non-requeueable deps ti=<TaskInstance: stock_raw_aapl.download_and_load_raw scheduled__2025-09-13T00:00:00+00:00 [queued]>
[2026-02-09T10:41:53.405+0000] {taskinstance.py:2076} INFO - Dependencies all met for dep_context=requeueable deps ti=<TaskInstance: stock_raw_aapl.download_and_load_raw scheduled__2025-09-13T00:00:00+00:00 [queued]>
[2026-02-09T10:41:53.406+0000] {taskinstance.py:2306} INFO - Starting attempt 1 of 1
[2026-02-09T10:41:53.418+0000] {taskinstance.py:2330} INFO - Executing <Task(PythonOperator): download_and_load_raw> on 2025-09-13 00:00:00+00:00
[2026-02-09T10:41:53.430+0000] {logging_mixin.py:188} WARNING - /home/***/.local/lib/python3.12/site-packages/***/task/task_runner/standard_task_runner.py:62 DeprecationWarning: This process (pid=7843) is multi-threaded, use of fork() may lead to deadlocks in the child.
[2026-02-09T10:41:53.431+0000] {standard_task_runner.py:64} INFO - Started process 7851 to run task
[2026-02-09T10:41:53.430+0000] {standard_task_runner.py:90} INFO - Running: ['***', 'tasks', 'run', 'stock_raw_aapl', 'download_and_load_raw', 'scheduled__2025-09-13T00:00:00+00:00', '--job-id', '5900', '--raw', '--subdir', 'DAGS_FOLDER/stocks_dwh/raw/stocks_raw_dags.py', '--cfg-path', '/tmp/tmpqttce8__']
[2026-02-09T10:41:53.432+0000] {standard_task_runner.py:91} INFO - Job 5900: Subtask download_and_load_raw
[2026-02-09T10:41:53.497+0000] {task_command.py:426} INFO - Running <TaskInstance: stock_raw_aapl.download_and_load_raw scheduled__2025-09-13T00:00:00+00:00 [running]> on host 4886d37bc122
[2026-02-09T10:41:53.593+0000] {taskinstance.py:2648} INFO - Exporting env vars: AIRFLOW_CTX_DAG_OWNER='***' AIRFLOW_CTX_DAG_ID='stock_raw_aapl' AIRFLOW_CTX_TASK_ID='download_and_load_raw' AIRFLOW_CTX_EXECUTION_DATE='2025-09-13T00:00:00+00:00' AIRFLOW_CTX_TRY_NUMBER='1' AIRFLOW_CTX_DAG_RUN_ID='scheduled__2025-09-13T00:00:00+00:00'
[2026-02-09T10:41:53.594+0000] {taskinstance.py:430} INFO - ::endgroup::
[2026-02-09T10:41:53.610+0000] {logging_mixin.py:188} INFO - [RAW] Download AAPL [1d] 2025-09-13..2025-09-14
[2026-02-09T10:41:53.612+0000] {logging_mixin.py:188} WARNING - /opt/***/dags/stocks_dwh/raw/stocks_raw_dags.py:38 FutureWarning: YF.download() has changed argument auto_adjust default to True
[2026-02-09T10:41:53.623+0000] {logging_mixin.py:188} WARNING - /home/***/.local/lib/python3.12/site-packages/yfinance/scrapers/history.py:204 Pandas4Warning: Timestamp.utcnow is deprecated and will be removed in a future version. Use Timestamp.now('UTC') instead.
[2026-02-09T10:41:54.133+0000] {multi.py:185} ERROR - 
1 Failed download:
[2026-02-09T10:41:54.133+0000] {multi.py:198} ERROR - ['AAPL']: YFPricesMissingError('possibly delisted; no price data found  (1d 2025-09-13 -> 2025-09-14)')
[2026-02-09T10:41:54.147+0000] {logging_mixin.py:188} INFO - [RAW] No data from yfinance
[2026-02-09T10:41:54.148+0000] {python.py:237} INFO - Done. Returned value was: None
[2026-02-09T10:41:54.148+0000] {taskinstance.py:441} INFO - ::group::Post task execution logs
[2026-02-09T10:41:54.159+0000] {taskinstance.py:1206} INFO - Marking task as SUCCESS. dag_id=stock_raw_aapl, task_id=download_and_load_raw, run_id=scheduled__2025-09-13T00:00:00+00:00, execution_date=20250913T000000, start_date=20260209T104153, end_date=20260209T104154
[2026-02-09T10:41:54.207+0000] {local_task_job_runner.py:243} INFO - Task exited with return code 0
[2026-02-09T10:41:54.224+0000] {taskinstance.py:3503} INFO - 0 downstream tasks scheduled from follow-on schedule check
[2026-02-09T10:41:54.227+0000] {local_task_job_runner.py:222} INFO - ::endgroup::
[2026-02-09T12:43:28.245+0000] {local_task_job_runner.py:120} INFO - ::group::Pre task execution logs
[2026-02-09T12:43:28.274+0000] {taskinstance.py:2076} INFO - Dependencies all met for dep_context=non-requeueable deps ti=<TaskInstance: stock_raw_aapl.download_and_load_raw scheduled__2025-09-13T00:00:00+00:00 [queued]>
[2026-02-09T12:43:28.282+0000] {taskinstance.py:2076} INFO - Dependencies all met for dep_context=requeueable deps ti=<TaskInstance: stock_raw_aapl.download_and_load_raw scheduled__2025-09-13T00:00:00+00:00 [queued]>
[2026-02-09T12:43:28.282+0000] {taskinstance.py:2306} INFO - Starting attempt 1 of 1
[2026-02-09T12:43:28.295+0000] {taskinstance.py:2330} INFO - Executing <Task(PythonOperator): download_and_load_raw> on 2025-09-13 00:00:00+00:00
[2026-02-09T12:43:28.307+0000] {logging_mixin.py:188} WARNING - /home/***/.local/lib/python3.12/site-packages/***/task/task_runner/standard_task_runner.py:62 DeprecationWarning: This process (pid=18415) is multi-threaded, use of fork() may lead to deadlocks in the child.
[2026-02-09T12:43:28.309+0000] {standard_task_runner.py:64} INFO - Started process 18417 to run task
[2026-02-09T12:43:28.307+0000] {standard_task_runner.py:90} INFO - Running: ['***', 'tasks', 'run', 'stock_raw_aapl', 'download_and_load_raw', 'scheduled__2025-09-13T00:00:00+00:00', '--job-id', '7813', '--raw', '--subdir', 'DAGS_FOLDER/stocks_dwh/raw/stocks_raw_dags.py', '--cfg-path', '/tmp/tmpapknud7f']
[2026-02-09T12:43:28.309+0000] {standard_task_runner.py:91} INFO - Job 7813: Subtask download_and_load_raw
[2026-02-09T12:43:28.381+0000] {task_command.py:426} INFO - Running <TaskInstance: stock_raw_aapl.download_and_load_raw scheduled__2025-09-13T00:00:00+00:00 [running]> on host 4886d37bc122
[2026-02-09T12:43:28.481+0000] {taskinstance.py:2648} INFO - Exporting env vars: AIRFLOW_CTX_DAG_OWNER='***' AIRFLOW_CTX_DAG_ID='stock_raw_aapl' AIRFLOW_CTX_TASK_ID='download_and_load_raw' AIRFLOW_CTX_EXECUTION_DATE='2025-09-13T00:00:00+00:00' AIRFLOW_CTX_TRY_NUMBER='1' AIRFLOW_CTX_DAG_RUN_ID='scheduled__2025-09-13T00:00:00+00:00'
[2026-02-09T12:43:28.482+0000] {taskinstance.py:430} INFO - ::endgroup::
[2026-02-09T12:43:28.496+0000] {stocks_raw_dags.py:37} INFO - 2025-09-13 00:00:00+00:00, 2025-09-14 00:00:00+00:00
[2026-02-09T12:43:28.496+0000] {logging_mixin.py:188} INFO - [RAW] Download AAPL [1d] 2025-09-12..2025-09-14
[2026-02-09T12:43:28.498+0000] {logging_mixin.py:188} WARNING - /opt/***/dags/stocks_dwh/raw/stocks_raw_dags.py:42 FutureWarning: YF.download() has changed argument auto_adjust default to True
[2026-02-09T12:43:28.507+0000] {logging_mixin.py:188} WARNING - /home/***/.local/lib/python3.12/site-packages/yfinance/scrapers/history.py:204 Pandas4Warning: Timestamp.utcnow is deprecated and will be removed in a future version. Use Timestamp.now('UTC') instead.
[2026-02-09T12:43:29.041+0000] {logging_mixin.py:188} WARNING - [*********************100%***********************]  1 of 1 completed
[2026-02-09T12:43:29.077+0000] {base.py:84} INFO - Using connection ID 'dwh_clickhouse' for task execution.
[2026-02-09T12:43:29.108+0000] {logging_mixin.py:188} INFO - [RAW] Deleted existing rows for AAPL in 2025-09-12..2025-09-14
[2026-02-09T12:43:29.123+0000] {logging_mixin.py:188} INFO - [RAW] Inserted 1 rows into dwh.raw_stock_prices
[2026-02-09T12:43:29.123+0000] {python.py:237} INFO - Done. Returned value was: None
[2026-02-09T12:43:29.124+0000] {taskinstance.py:441} INFO - ::group::Post task execution logs
[2026-02-09T12:43:29.136+0000] {taskinstance.py:1206} INFO - Marking task as SUCCESS. dag_id=stock_raw_aapl, task_id=download_and_load_raw, run_id=scheduled__2025-09-13T00:00:00+00:00, execution_date=20250913T000000, start_date=20260209T124328, end_date=20260209T124329
[2026-02-09T12:43:29.206+0000] {local_task_job_runner.py:243} INFO - Task exited with return code 0
[2026-02-09T12:43:29.226+0000] {taskinstance.py:3503} INFO - 0 downstream tasks scheduled from follow-on schedule check
[2026-02-09T12:43:29.230+0000] {local_task_job_runner.py:222} INFO - ::endgroup::
