[2026-02-09T10:48:30.615+0000] {local_task_job_runner.py:120} INFO - ::group::Pre task execution logs
[2026-02-09T10:48:30.646+0000] {taskinstance.py:2076} INFO - Dependencies all met for dep_context=non-requeueable deps ti=<TaskInstance: stock_raw_aapl.download_and_load_raw scheduled__2026-01-18T00:00:00+00:00 [queued]>
[2026-02-09T10:48:30.655+0000] {taskinstance.py:2076} INFO - Dependencies all met for dep_context=requeueable deps ti=<TaskInstance: stock_raw_aapl.download_and_load_raw scheduled__2026-01-18T00:00:00+00:00 [queued]>
[2026-02-09T10:48:30.656+0000] {taskinstance.py:2306} INFO - Starting attempt 1 of 1
[2026-02-09T10:48:30.668+0000] {taskinstance.py:2330} INFO - Executing <Task(PythonOperator): download_and_load_raw> on 2026-01-18 00:00:00+00:00
[2026-02-09T10:48:30.681+0000] {logging_mixin.py:188} WARNING - /home/***/.local/lib/python3.12/site-packages/***/task/task_runner/standard_task_runner.py:62 DeprecationWarning: This process (pid=10500) is multi-threaded, use of fork() may lead to deadlocks in the child.
[2026-02-09T10:48:30.681+0000] {standard_task_runner.py:90} INFO - Running: ['***', 'tasks', 'run', 'stock_raw_aapl', 'download_and_load_raw', 'scheduled__2026-01-18T00:00:00+00:00', '--job-id', '6525', '--raw', '--subdir', 'DAGS_FOLDER/stocks_dwh/raw/stocks_raw_dags.py', '--cfg-path', '/tmp/tmpotrofras']
[2026-02-09T10:48:30.683+0000] {standard_task_runner.py:64} INFO - Started process 10510 to run task
[2026-02-09T10:48:30.683+0000] {standard_task_runner.py:91} INFO - Job 6525: Subtask download_and_load_raw
[2026-02-09T10:48:30.747+0000] {task_command.py:426} INFO - Running <TaskInstance: stock_raw_aapl.download_and_load_raw scheduled__2026-01-18T00:00:00+00:00 [running]> on host 4886d37bc122
[2026-02-09T10:48:30.845+0000] {taskinstance.py:2648} INFO - Exporting env vars: AIRFLOW_CTX_DAG_OWNER='***' AIRFLOW_CTX_DAG_ID='stock_raw_aapl' AIRFLOW_CTX_TASK_ID='download_and_load_raw' AIRFLOW_CTX_EXECUTION_DATE='2026-01-18T00:00:00+00:00' AIRFLOW_CTX_TRY_NUMBER='1' AIRFLOW_CTX_DAG_RUN_ID='scheduled__2026-01-18T00:00:00+00:00'
[2026-02-09T10:48:30.846+0000] {taskinstance.py:430} INFO - ::endgroup::
[2026-02-09T10:48:30.858+0000] {logging_mixin.py:188} INFO - [RAW] Download AAPL [1d] 2026-01-18..2026-01-19
[2026-02-09T10:48:30.860+0000] {logging_mixin.py:188} WARNING - /opt/***/dags/stocks_dwh/raw/stocks_raw_dags.py:38 FutureWarning: YF.download() has changed argument auto_adjust default to True
[2026-02-09T10:48:30.870+0000] {logging_mixin.py:188} WARNING - /home/***/.local/lib/python3.12/site-packages/yfinance/scrapers/history.py:204 Pandas4Warning: Timestamp.utcnow is deprecated and will be removed in a future version. Use Timestamp.now('UTC') instead.
[2026-02-09T10:48:31.572+0000] {multi.py:185} ERROR - 
1 Failed download:
[2026-02-09T10:48:31.572+0000] {multi.py:198} ERROR - ['AAPL']: YFPricesMissingError('possibly delisted; no price data found  (1d 2026-01-18 -> 2026-01-19)')
[2026-02-09T10:48:31.585+0000] {logging_mixin.py:188} INFO - [RAW] No data from yfinance
[2026-02-09T10:48:31.586+0000] {python.py:237} INFO - Done. Returned value was: None
[2026-02-09T10:48:31.586+0000] {taskinstance.py:441} INFO - ::group::Post task execution logs
[2026-02-09T10:48:31.596+0000] {taskinstance.py:1206} INFO - Marking task as SUCCESS. dag_id=stock_raw_aapl, task_id=download_and_load_raw, run_id=scheduled__2026-01-18T00:00:00+00:00, execution_date=20260118T000000, start_date=20260209T104830, end_date=20260209T104831
[2026-02-09T10:48:31.660+0000] {local_task_job_runner.py:243} INFO - Task exited with return code 0
[2026-02-09T10:48:31.676+0000] {taskinstance.py:3503} INFO - 0 downstream tasks scheduled from follow-on schedule check
[2026-02-09T10:48:31.678+0000] {local_task_job_runner.py:222} INFO - ::endgroup::
[2026-02-09T12:50:33.254+0000] {local_task_job_runner.py:120} INFO - ::group::Pre task execution logs
[2026-02-09T12:50:33.285+0000] {taskinstance.py:2076} INFO - Dependencies all met for dep_context=non-requeueable deps ti=<TaskInstance: stock_raw_aapl.download_and_load_raw scheduled__2026-01-18T00:00:00+00:00 [queued]>
[2026-02-09T12:50:33.293+0000] {taskinstance.py:2076} INFO - Dependencies all met for dep_context=requeueable deps ti=<TaskInstance: stock_raw_aapl.download_and_load_raw scheduled__2026-01-18T00:00:00+00:00 [queued]>
[2026-02-09T12:50:33.294+0000] {taskinstance.py:2306} INFO - Starting attempt 1 of 1
[2026-02-09T12:50:33.307+0000] {taskinstance.py:2330} INFO - Executing <Task(PythonOperator): download_and_load_raw> on 2026-01-18 00:00:00+00:00
[2026-02-09T12:50:33.319+0000] {logging_mixin.py:188} WARNING - /home/***/.local/lib/python3.12/site-packages/***/task/task_runner/standard_task_runner.py:62 DeprecationWarning: This process (pid=19085) is multi-threaded, use of fork() may lead to deadlocks in the child.
[2026-02-09T12:50:33.320+0000] {standard_task_runner.py:64} INFO - Started process 19087 to run task
[2026-02-09T12:50:33.319+0000] {standard_task_runner.py:90} INFO - Running: ['***', 'tasks', 'run', 'stock_raw_aapl', 'download_and_load_raw', 'scheduled__2026-01-18T00:00:00+00:00', '--job-id', '7940', '--raw', '--subdir', 'DAGS_FOLDER/stocks_dwh/raw/stocks_raw_dags.py', '--cfg-path', '/tmp/tmpiwiw9okd']
[2026-02-09T12:50:33.321+0000] {standard_task_runner.py:91} INFO - Job 7940: Subtask download_and_load_raw
[2026-02-09T12:50:33.390+0000] {task_command.py:426} INFO - Running <TaskInstance: stock_raw_aapl.download_and_load_raw scheduled__2026-01-18T00:00:00+00:00 [running]> on host 4886d37bc122
[2026-02-09T12:50:33.496+0000] {taskinstance.py:2648} INFO - Exporting env vars: AIRFLOW_CTX_DAG_OWNER='***' AIRFLOW_CTX_DAG_ID='stock_raw_aapl' AIRFLOW_CTX_TASK_ID='download_and_load_raw' AIRFLOW_CTX_EXECUTION_DATE='2026-01-18T00:00:00+00:00' AIRFLOW_CTX_TRY_NUMBER='1' AIRFLOW_CTX_DAG_RUN_ID='scheduled__2026-01-18T00:00:00+00:00'
[2026-02-09T12:50:33.497+0000] {taskinstance.py:430} INFO - ::endgroup::
[2026-02-09T12:50:33.509+0000] {stocks_raw_dags.py:37} INFO - 2026-01-18 00:00:00+00:00, 2026-01-19 00:00:00+00:00
[2026-02-09T12:50:33.510+0000] {logging_mixin.py:188} INFO - [RAW] Download AAPL [1d] 2026-01-17..2026-01-19
[2026-02-09T12:50:33.513+0000] {logging_mixin.py:188} WARNING - /opt/***/dags/stocks_dwh/raw/stocks_raw_dags.py:42 FutureWarning: YF.download() has changed argument auto_adjust default to True
[2026-02-09T12:50:33.522+0000] {logging_mixin.py:188} WARNING - /home/***/.local/lib/python3.12/site-packages/yfinance/scrapers/history.py:204 Pandas4Warning: Timestamp.utcnow is deprecated and will be removed in a future version. Use Timestamp.now('UTC') instead.
[2026-02-09T12:50:34.026+0000] {logging_mixin.py:188} WARNING - [*********************100%***********************]  1 of 1 completed
[2026-02-09T12:50:34.027+0000] {multi.py:185} ERROR - 
1 Failed download:
[2026-02-09T12:50:34.028+0000] {multi.py:198} ERROR - ['AAPL']: YFPricesMissingError('possibly delisted; no price data found  (1d 2026-01-17 -> 2026-01-19)')
[2026-02-09T12:50:34.044+0000] {logging_mixin.py:188} INFO - [RAW] No data from yfinance
[2026-02-09T12:50:34.045+0000] {python.py:237} INFO - Done. Returned value was: None
[2026-02-09T12:50:34.046+0000] {taskinstance.py:441} INFO - ::group::Post task execution logs
[2026-02-09T12:50:34.056+0000] {taskinstance.py:1206} INFO - Marking task as SUCCESS. dag_id=stock_raw_aapl, task_id=download_and_load_raw, run_id=scheduled__2026-01-18T00:00:00+00:00, execution_date=20260118T000000, start_date=20260209T125033, end_date=20260209T125034
[2026-02-09T12:50:34.096+0000] {local_task_job_runner.py:243} INFO - Task exited with return code 0
[2026-02-09T12:50:34.117+0000] {taskinstance.py:3503} INFO - 0 downstream tasks scheduled from follow-on schedule check
[2026-02-09T12:50:34.121+0000] {local_task_job_runner.py:222} INFO - ::endgroup::
