[2026-02-09T10:35:42.787+0000] {local_task_job_runner.py:120} INFO - ::group::Pre task execution logs
[2026-02-09T10:35:42.820+0000] {taskinstance.py:2076} INFO - Dependencies all met for dep_context=non-requeueable deps ti=<TaskInstance: stock_raw_aapl.download_and_load_raw scheduled__2025-05-25T00:00:00+00:00 [queued]>
[2026-02-09T10:35:42.828+0000] {taskinstance.py:2076} INFO - Dependencies all met for dep_context=requeueable deps ti=<TaskInstance: stock_raw_aapl.download_and_load_raw scheduled__2025-05-25T00:00:00+00:00 [queued]>
[2026-02-09T10:35:42.829+0000] {taskinstance.py:2306} INFO - Starting attempt 1 of 1
[2026-02-09T10:35:42.843+0000] {taskinstance.py:2330} INFO - Executing <Task(PythonOperator): download_and_load_raw> on 2025-05-25 00:00:00+00:00
[2026-02-09T10:35:42.854+0000] {logging_mixin.py:188} WARNING - /home/***/.local/lib/python3.12/site-packages/***/task/task_runner/standard_task_runner.py:62 DeprecationWarning: This process (pid=5518) is multi-threaded, use of fork() may lead to deadlocks in the child.
[2026-02-09T10:35:42.856+0000] {standard_task_runner.py:64} INFO - Started process 5527 to run task
[2026-02-09T10:35:42.854+0000] {standard_task_runner.py:90} INFO - Running: ['***', 'tasks', 'run', 'stock_raw_aapl', 'download_and_load_raw', 'scheduled__2025-05-25T00:00:00+00:00', '--job-id', '5356', '--raw', '--subdir', 'DAGS_FOLDER/stocks_dwh/raw/stocks_raw_dags.py', '--cfg-path', '/tmp/tmpls2fg11q']
[2026-02-09T10:35:42.857+0000] {standard_task_runner.py:91} INFO - Job 5356: Subtask download_and_load_raw
[2026-02-09T10:35:42.930+0000] {task_command.py:426} INFO - Running <TaskInstance: stock_raw_aapl.download_and_load_raw scheduled__2025-05-25T00:00:00+00:00 [running]> on host 4886d37bc122
[2026-02-09T10:35:43.031+0000] {taskinstance.py:2648} INFO - Exporting env vars: AIRFLOW_CTX_DAG_OWNER='***' AIRFLOW_CTX_DAG_ID='stock_raw_aapl' AIRFLOW_CTX_TASK_ID='download_and_load_raw' AIRFLOW_CTX_EXECUTION_DATE='2025-05-25T00:00:00+00:00' AIRFLOW_CTX_TRY_NUMBER='1' AIRFLOW_CTX_DAG_RUN_ID='scheduled__2025-05-25T00:00:00+00:00'
[2026-02-09T10:35:43.032+0000] {taskinstance.py:430} INFO - ::endgroup::
[2026-02-09T10:35:43.045+0000] {logging_mixin.py:188} INFO - [RAW] Download AAPL [1d] 2025-05-25..2025-05-26
[2026-02-09T10:35:43.047+0000] {logging_mixin.py:188} WARNING - /opt/***/dags/stocks_dwh/raw/stocks_raw_dags.py:38 FutureWarning: YF.download() has changed argument auto_adjust default to True
[2026-02-09T10:35:43.056+0000] {logging_mixin.py:188} WARNING - /home/***/.local/lib/python3.12/site-packages/yfinance/scrapers/history.py:204 Pandas4Warning: Timestamp.utcnow is deprecated and will be removed in a future version. Use Timestamp.now('UTC') instead.
[2026-02-09T10:35:43.546+0000] {multi.py:185} ERROR - 
1 Failed download:
[2026-02-09T10:35:43.547+0000] {multi.py:198} ERROR - ['AAPL']: YFPricesMissingError('possibly delisted; no price data found  (1d 2025-05-25 -> 2025-05-26)')
[2026-02-09T10:35:43.559+0000] {logging_mixin.py:188} INFO - [RAW] No data from yfinance
[2026-02-09T10:35:43.560+0000] {python.py:237} INFO - Done. Returned value was: None
[2026-02-09T10:35:43.561+0000] {taskinstance.py:441} INFO - ::group::Post task execution logs
[2026-02-09T10:35:43.570+0000] {taskinstance.py:1206} INFO - Marking task as SUCCESS. dag_id=stock_raw_aapl, task_id=download_and_load_raw, run_id=scheduled__2025-05-25T00:00:00+00:00, execution_date=20250525T000000, start_date=20260209T103542, end_date=20260209T103543
[2026-02-09T10:35:43.633+0000] {local_task_job_runner.py:243} INFO - Task exited with return code 0
[2026-02-09T10:35:43.649+0000] {taskinstance.py:3503} INFO - 0 downstream tasks scheduled from follow-on schedule check
[2026-02-09T10:35:43.652+0000] {local_task_job_runner.py:222} INFO - ::endgroup::
[2026-02-09T12:37:44.999+0000] {local_task_job_runner.py:120} INFO - ::group::Pre task execution logs
[2026-02-09T12:37:45.028+0000] {taskinstance.py:2076} INFO - Dependencies all met for dep_context=non-requeueable deps ti=<TaskInstance: stock_raw_aapl.download_and_load_raw scheduled__2025-05-25T00:00:00+00:00 [queued]>
[2026-02-09T12:37:45.034+0000] {taskinstance.py:2076} INFO - Dependencies all met for dep_context=requeueable deps ti=<TaskInstance: stock_raw_aapl.download_and_load_raw scheduled__2025-05-25T00:00:00+00:00 [queued]>
[2026-02-09T12:37:45.035+0000] {taskinstance.py:2306} INFO - Starting attempt 1 of 1
[2026-02-09T12:37:45.047+0000] {taskinstance.py:2330} INFO - Executing <Task(PythonOperator): download_and_load_raw> on 2025-05-25 00:00:00+00:00
[2026-02-09T12:37:45.059+0000] {logging_mixin.py:188} WARNING - /home/***/.local/lib/python3.12/site-packages/***/task/task_runner/standard_task_runner.py:62 DeprecationWarning: This process (pid=17839) is multi-threaded, use of fork() may lead to deadlocks in the child.
[2026-02-09T12:37:45.060+0000] {standard_task_runner.py:64} INFO - Started process 17841 to run task
[2026-02-09T12:37:45.059+0000] {standard_task_runner.py:90} INFO - Running: ['***', 'tasks', 'run', 'stock_raw_aapl', 'download_and_load_raw', 'scheduled__2025-05-25T00:00:00+00:00', '--job-id', '7702', '--raw', '--subdir', 'DAGS_FOLDER/stocks_dwh/raw/stocks_raw_dags.py', '--cfg-path', '/tmp/tmpi6iz5y9i']
[2026-02-09T12:37:45.061+0000] {standard_task_runner.py:91} INFO - Job 7702: Subtask download_and_load_raw
[2026-02-09T12:37:45.122+0000] {task_command.py:426} INFO - Running <TaskInstance: stock_raw_aapl.download_and_load_raw scheduled__2025-05-25T00:00:00+00:00 [running]> on host 4886d37bc122
[2026-02-09T12:37:45.219+0000] {taskinstance.py:2648} INFO - Exporting env vars: AIRFLOW_CTX_DAG_OWNER='***' AIRFLOW_CTX_DAG_ID='stock_raw_aapl' AIRFLOW_CTX_TASK_ID='download_and_load_raw' AIRFLOW_CTX_EXECUTION_DATE='2025-05-25T00:00:00+00:00' AIRFLOW_CTX_TRY_NUMBER='1' AIRFLOW_CTX_DAG_RUN_ID='scheduled__2025-05-25T00:00:00+00:00'
[2026-02-09T12:37:45.220+0000] {taskinstance.py:430} INFO - ::endgroup::
[2026-02-09T12:37:45.230+0000] {stocks_raw_dags.py:37} INFO - 2025-05-25 00:00:00+00:00, 2025-05-26 00:00:00+00:00
[2026-02-09T12:37:45.231+0000] {logging_mixin.py:188} INFO - [RAW] Download AAPL [1d] 2025-05-24..2025-05-26
[2026-02-09T12:37:45.233+0000] {logging_mixin.py:188} WARNING - /opt/***/dags/stocks_dwh/raw/stocks_raw_dags.py:42 FutureWarning: YF.download() has changed argument auto_adjust default to True
[2026-02-09T12:37:45.241+0000] {logging_mixin.py:188} WARNING - /home/***/.local/lib/python3.12/site-packages/yfinance/scrapers/history.py:204 Pandas4Warning: Timestamp.utcnow is deprecated and will be removed in a future version. Use Timestamp.now('UTC') instead.
[2026-02-09T12:37:45.750+0000] {logging_mixin.py:188} WARNING - [*********************100%***********************]  1 of 1 completed
[2026-02-09T12:37:45.751+0000] {multi.py:185} ERROR - 
1 Failed download:
[2026-02-09T12:37:45.753+0000] {multi.py:198} ERROR - ['AAPL']: YFPricesMissingError('possibly delisted; no price data found  (1d 2025-05-24 -> 2025-05-26)')
[2026-02-09T12:37:45.766+0000] {logging_mixin.py:188} INFO - [RAW] No data from yfinance
[2026-02-09T12:37:45.766+0000] {python.py:237} INFO - Done. Returned value was: None
[2026-02-09T12:37:45.767+0000] {taskinstance.py:441} INFO - ::group::Post task execution logs
[2026-02-09T12:37:45.776+0000] {taskinstance.py:1206} INFO - Marking task as SUCCESS. dag_id=stock_raw_aapl, task_id=download_and_load_raw, run_id=scheduled__2025-05-25T00:00:00+00:00, execution_date=20250525T000000, start_date=20260209T123745, end_date=20260209T123745
[2026-02-09T12:37:45.835+0000] {local_task_job_runner.py:243} INFO - Task exited with return code 0
[2026-02-09T12:37:45.852+0000] {taskinstance.py:3503} INFO - 0 downstream tasks scheduled from follow-on schedule check
[2026-02-09T12:37:45.855+0000] {local_task_job_runner.py:222} INFO - ::endgroup::
