[2026-02-09T10:24:02.280+0000] {local_task_job_runner.py:120} INFO - ::group::Pre task execution logs
[2026-02-09T10:24:02.314+0000] {taskinstance.py:2076} INFO - Dependencies all met for dep_context=non-requeueable deps ti=<TaskInstance: stock_raw_aapl.download_and_load_raw scheduled__2024-10-20T00:00:00+00:00 [queued]>
[2026-02-09T10:24:02.322+0000] {taskinstance.py:2076} INFO - Dependencies all met for dep_context=requeueable deps ti=<TaskInstance: stock_raw_aapl.download_and_load_raw scheduled__2024-10-20T00:00:00+00:00 [queued]>
[2026-02-09T10:24:02.323+0000] {taskinstance.py:2306} INFO - Starting attempt 1 of 1
[2026-02-09T10:24:02.339+0000] {taskinstance.py:2330} INFO - Executing <Task(PythonOperator): download_and_load_raw> on 2024-10-20 00:00:00+00:00
[2026-02-09T10:24:02.352+0000] {logging_mixin.py:188} WARNING - /home/***/.local/lib/python3.12/site-packages/***/task/task_runner/standard_task_runner.py:62 DeprecationWarning: This process (pid=941) is multi-threaded, use of fork() may lead to deadlocks in the child.
[2026-02-09T10:24:02.354+0000] {standard_task_runner.py:64} INFO - Started process 948 to run task
[2026-02-09T10:24:02.352+0000] {standard_task_runner.py:90} INFO - Running: ['***', 'tasks', 'run', 'stock_raw_aapl', 'download_and_load_raw', 'scheduled__2024-10-20T00:00:00+00:00', '--job-id', '4279', '--raw', '--subdir', 'DAGS_FOLDER/stocks_dwh/raw/stocks_raw_dags.py', '--cfg-path', '/tmp/tmp1vlvgbmy']
[2026-02-09T10:24:02.355+0000] {standard_task_runner.py:91} INFO - Job 4279: Subtask download_and_load_raw
[2026-02-09T10:24:02.426+0000] {task_command.py:426} INFO - Running <TaskInstance: stock_raw_aapl.download_and_load_raw scheduled__2024-10-20T00:00:00+00:00 [running]> on host 4886d37bc122
[2026-02-09T10:24:02.538+0000] {taskinstance.py:2648} INFO - Exporting env vars: AIRFLOW_CTX_DAG_OWNER='***' AIRFLOW_CTX_DAG_ID='stock_raw_aapl' AIRFLOW_CTX_TASK_ID='download_and_load_raw' AIRFLOW_CTX_EXECUTION_DATE='2024-10-20T00:00:00+00:00' AIRFLOW_CTX_TRY_NUMBER='1' AIRFLOW_CTX_DAG_RUN_ID='scheduled__2024-10-20T00:00:00+00:00'
[2026-02-09T10:24:02.541+0000] {taskinstance.py:430} INFO - ::endgroup::
[2026-02-09T10:24:02.557+0000] {logging_mixin.py:188} INFO - [RAW] Download AAPL [1d] 2024-10-20..2024-10-21
[2026-02-09T10:24:02.564+0000] {logging_mixin.py:188} WARNING - /opt/***/dags/stocks_dwh/raw/stocks_raw_dags.py:38 FutureWarning: YF.download() has changed argument auto_adjust default to True
[2026-02-09T10:24:02.574+0000] {logging_mixin.py:188} WARNING - /home/***/.local/lib/python3.12/site-packages/yfinance/scrapers/history.py:204 Pandas4Warning: Timestamp.utcnow is deprecated and will be removed in a future version. Use Timestamp.now('UTC') instead.
[2026-02-09T10:24:03.126+0000] {multi.py:185} ERROR - 
1 Failed download:
[2026-02-09T10:24:03.127+0000] {multi.py:198} ERROR - ['AAPL']: YFPricesMissingError('possibly delisted; no price data found  (1d 2024-10-20 -> 2024-10-21)')
[2026-02-09T10:24:03.139+0000] {logging_mixin.py:188} INFO - [RAW] No data from yfinance
[2026-02-09T10:24:03.140+0000] {python.py:237} INFO - Done. Returned value was: None
[2026-02-09T10:24:03.140+0000] {taskinstance.py:441} INFO - ::group::Post task execution logs
[2026-02-09T10:24:03.151+0000] {taskinstance.py:1206} INFO - Marking task as SUCCESS. dag_id=stock_raw_aapl, task_id=download_and_load_raw, run_id=scheduled__2024-10-20T00:00:00+00:00, execution_date=20241020T000000, start_date=20260209T102402, end_date=20260209T102403
[2026-02-09T10:24:03.210+0000] {local_task_job_runner.py:243} INFO - Task exited with return code 0
[2026-02-09T10:24:03.227+0000] {taskinstance.py:3503} INFO - 0 downstream tasks scheduled from follow-on schedule check
[2026-02-09T10:24:03.229+0000] {local_task_job_runner.py:222} INFO - ::endgroup::
[2026-02-09T12:25:42.706+0000] {local_task_job_runner.py:120} INFO - ::group::Pre task execution logs
[2026-02-09T12:25:42.735+0000] {taskinstance.py:2076} INFO - Dependencies all met for dep_context=non-requeueable deps ti=<TaskInstance: stock_raw_aapl.download_and_load_raw scheduled__2024-10-20T00:00:00+00:00 [queued]>
[2026-02-09T12:25:42.742+0000] {taskinstance.py:2076} INFO - Dependencies all met for dep_context=requeueable deps ti=<TaskInstance: stock_raw_aapl.download_and_load_raw scheduled__2024-10-20T00:00:00+00:00 [queued]>
[2026-02-09T12:25:42.743+0000] {taskinstance.py:2306} INFO - Starting attempt 1 of 1
[2026-02-09T12:25:42.754+0000] {taskinstance.py:2330} INFO - Executing <Task(PythonOperator): download_and_load_raw> on 2024-10-20 00:00:00+00:00
[2026-02-09T12:25:42.764+0000] {logging_mixin.py:188} WARNING - /home/***/.local/lib/python3.12/site-packages/***/task/task_runner/standard_task_runner.py:62 DeprecationWarning: This process (pid=16093) is multi-threaded, use of fork() may lead to deadlocks in the child.
[2026-02-09T12:25:42.766+0000] {standard_task_runner.py:64} INFO - Started process 16097 to run task
[2026-02-09T12:25:42.765+0000] {standard_task_runner.py:90} INFO - Running: ['***', 'tasks', 'run', 'stock_raw_aapl', 'download_and_load_raw', 'scheduled__2024-10-20T00:00:00+00:00', '--job-id', '7338', '--raw', '--subdir', 'DAGS_FOLDER/stocks_dwh/raw/stocks_raw_dags.py', '--cfg-path', '/tmp/tmpyvjztyr3']
[2026-02-09T12:25:42.767+0000] {standard_task_runner.py:91} INFO - Job 7338: Subtask download_and_load_raw
[2026-02-09T12:25:42.825+0000] {task_command.py:426} INFO - Running <TaskInstance: stock_raw_aapl.download_and_load_raw scheduled__2024-10-20T00:00:00+00:00 [running]> on host 4886d37bc122
[2026-02-09T12:25:42.921+0000] {taskinstance.py:2648} INFO - Exporting env vars: AIRFLOW_CTX_DAG_OWNER='***' AIRFLOW_CTX_DAG_ID='stock_raw_aapl' AIRFLOW_CTX_TASK_ID='download_and_load_raw' AIRFLOW_CTX_EXECUTION_DATE='2024-10-20T00:00:00+00:00' AIRFLOW_CTX_TRY_NUMBER='1' AIRFLOW_CTX_DAG_RUN_ID='scheduled__2024-10-20T00:00:00+00:00'
[2026-02-09T12:25:42.922+0000] {taskinstance.py:430} INFO - ::endgroup::
[2026-02-09T12:25:42.935+0000] {stocks_raw_dags.py:37} INFO - 2024-10-20 00:00:00+00:00, 2024-10-21 00:00:00+00:00
[2026-02-09T12:25:42.936+0000] {logging_mixin.py:188} INFO - [RAW] Download AAPL [1d] 2024-10-19..2024-10-21
[2026-02-09T12:25:42.938+0000] {logging_mixin.py:188} WARNING - /opt/***/dags/stocks_dwh/raw/stocks_raw_dags.py:42 FutureWarning: YF.download() has changed argument auto_adjust default to True
[2026-02-09T12:25:42.947+0000] {logging_mixin.py:188} WARNING - /home/***/.local/lib/python3.12/site-packages/yfinance/scrapers/history.py:204 Pandas4Warning: Timestamp.utcnow is deprecated and will be removed in a future version. Use Timestamp.now('UTC') instead.
[2026-02-09T12:25:43.457+0000] {logging_mixin.py:188} WARNING - [*********************100%***********************]  1 of 1 completed
[2026-02-09T12:25:43.458+0000] {multi.py:185} ERROR - 
1 Failed download:
[2026-02-09T12:25:43.458+0000] {multi.py:198} ERROR - ['AAPL']: YFPricesMissingError('possibly delisted; no price data found  (1d 2024-10-19 -> 2024-10-21)')
[2026-02-09T12:25:43.471+0000] {logging_mixin.py:188} INFO - [RAW] No data from yfinance
[2026-02-09T12:25:43.472+0000] {python.py:237} INFO - Done. Returned value was: None
[2026-02-09T12:25:43.472+0000] {taskinstance.py:441} INFO - ::group::Post task execution logs
[2026-02-09T12:25:43.484+0000] {taskinstance.py:1206} INFO - Marking task as SUCCESS. dag_id=stock_raw_aapl, task_id=download_and_load_raw, run_id=scheduled__2024-10-20T00:00:00+00:00, execution_date=20241020T000000, start_date=20260209T122542, end_date=20260209T122543
[2026-02-09T12:25:43.541+0000] {local_task_job_runner.py:243} INFO - Task exited with return code 0
[2026-02-09T12:25:43.560+0000] {taskinstance.py:3503} INFO - 0 downstream tasks scheduled from follow-on schedule check
[2026-02-09T12:25:43.562+0000] {local_task_job_runner.py:222} INFO - ::endgroup::
