[2026-02-09T10:28:23.310+0000] {local_task_job_runner.py:120} INFO - ::group::Pre task execution logs
[2026-02-09T10:28:23.344+0000] {taskinstance.py:2076} INFO - Dependencies all met for dep_context=non-requeueable deps ti=<TaskInstance: stock_raw_aapl.download_and_load_raw scheduled__2025-01-11T00:00:00+00:00 [queued]>
[2026-02-09T10:28:23.354+0000] {taskinstance.py:2076} INFO - Dependencies all met for dep_context=requeueable deps ti=<TaskInstance: stock_raw_aapl.download_and_load_raw scheduled__2025-01-11T00:00:00+00:00 [queued]>
[2026-02-09T10:28:23.355+0000] {taskinstance.py:2306} INFO - Starting attempt 1 of 1
[2026-02-09T10:28:23.368+0000] {taskinstance.py:2330} INFO - Executing <Task(PythonOperator): download_and_load_raw> on 2025-01-11 00:00:00+00:00
[2026-02-09T10:28:23.383+0000] {logging_mixin.py:188} WARNING - /home/***/.local/lib/python3.12/site-packages/***/task/task_runner/standard_task_runner.py:62 DeprecationWarning: This process (pid=2691) is multi-threaded, use of fork() may lead to deadlocks in the child.
[2026-02-09T10:28:23.384+0000] {standard_task_runner.py:64} INFO - Started process 2700 to run task
[2026-02-09T10:28:23.383+0000] {standard_task_runner.py:90} INFO - Running: ['***', 'tasks', 'run', 'stock_raw_aapl', 'download_and_load_raw', 'scheduled__2025-01-11T00:00:00+00:00', '--job-id', '4693', '--raw', '--subdir', 'DAGS_FOLDER/stocks_dwh/raw/stocks_raw_dags.py', '--cfg-path', '/tmp/tmp3obvi0np']
[2026-02-09T10:28:23.386+0000] {standard_task_runner.py:91} INFO - Job 4693: Subtask download_and_load_raw
[2026-02-09T10:28:23.459+0000] {task_command.py:426} INFO - Running <TaskInstance: stock_raw_aapl.download_and_load_raw scheduled__2025-01-11T00:00:00+00:00 [running]> on host 4886d37bc122
[2026-02-09T10:28:23.567+0000] {taskinstance.py:2648} INFO - Exporting env vars: AIRFLOW_CTX_DAG_OWNER='***' AIRFLOW_CTX_DAG_ID='stock_raw_aapl' AIRFLOW_CTX_TASK_ID='download_and_load_raw' AIRFLOW_CTX_EXECUTION_DATE='2025-01-11T00:00:00+00:00' AIRFLOW_CTX_TRY_NUMBER='1' AIRFLOW_CTX_DAG_RUN_ID='scheduled__2025-01-11T00:00:00+00:00'
[2026-02-09T10:28:23.569+0000] {taskinstance.py:430} INFO - ::endgroup::
[2026-02-09T10:28:23.582+0000] {logging_mixin.py:188} INFO - [RAW] Download AAPL [1d] 2025-01-11..2025-01-12
[2026-02-09T10:28:23.584+0000] {logging_mixin.py:188} WARNING - /opt/***/dags/stocks_dwh/raw/stocks_raw_dags.py:38 FutureWarning: YF.download() has changed argument auto_adjust default to True
[2026-02-09T10:28:23.594+0000] {logging_mixin.py:188} WARNING - /home/***/.local/lib/python3.12/site-packages/yfinance/scrapers/history.py:204 Pandas4Warning: Timestamp.utcnow is deprecated and will be removed in a future version. Use Timestamp.now('UTC') instead.
[2026-02-09T10:28:24.099+0000] {multi.py:185} ERROR - 
1 Failed download:
[2026-02-09T10:28:24.100+0000] {multi.py:198} ERROR - ['AAPL']: YFPricesMissingError('possibly delisted; no price data found  (1d 2025-01-11 -> 2025-01-12)')
[2026-02-09T10:28:24.117+0000] {logging_mixin.py:188} INFO - [RAW] No data from yfinance
[2026-02-09T10:28:24.118+0000] {python.py:237} INFO - Done. Returned value was: None
[2026-02-09T10:28:24.119+0000] {taskinstance.py:441} INFO - ::group::Post task execution logs
[2026-02-09T10:28:24.133+0000] {taskinstance.py:1206} INFO - Marking task as SUCCESS. dag_id=stock_raw_aapl, task_id=download_and_load_raw, run_id=scheduled__2025-01-11T00:00:00+00:00, execution_date=20250111T000000, start_date=20260209T102823, end_date=20260209T102824
[2026-02-09T10:28:24.201+0000] {local_task_job_runner.py:243} INFO - Task exited with return code 0
[2026-02-09T10:28:24.223+0000] {taskinstance.py:3503} INFO - 0 downstream tasks scheduled from follow-on schedule check
[2026-02-09T10:28:24.225+0000] {local_task_job_runner.py:222} INFO - ::endgroup::
[2026-02-09T12:29:59.130+0000] {local_task_job_runner.py:120} INFO - ::group::Pre task execution logs
[2026-02-09T12:29:59.161+0000] {taskinstance.py:2076} INFO - Dependencies all met for dep_context=non-requeueable deps ti=<TaskInstance: stock_raw_aapl.download_and_load_raw scheduled__2025-01-11T00:00:00+00:00 [queued]>
[2026-02-09T12:29:59.169+0000] {taskinstance.py:2076} INFO - Dependencies all met for dep_context=requeueable deps ti=<TaskInstance: stock_raw_aapl.download_and_load_raw scheduled__2025-01-11T00:00:00+00:00 [queued]>
[2026-02-09T12:29:59.170+0000] {taskinstance.py:2306} INFO - Starting attempt 1 of 1
[2026-02-09T12:29:59.181+0000] {taskinstance.py:2330} INFO - Executing <Task(PythonOperator): download_and_load_raw> on 2025-01-11 00:00:00+00:00
[2026-02-09T12:29:59.193+0000] {logging_mixin.py:188} WARNING - /home/***/.local/lib/python3.12/site-packages/***/task/task_runner/standard_task_runner.py:62 DeprecationWarning: This process (pid=16860) is multi-threaded, use of fork() may lead to deadlocks in the child.
[2026-02-09T12:29:59.195+0000] {standard_task_runner.py:64} INFO - Started process 16865 to run task
[2026-02-09T12:29:59.193+0000] {standard_task_runner.py:90} INFO - Running: ['***', 'tasks', 'run', 'stock_raw_aapl', 'download_and_load_raw', 'scheduled__2025-01-11T00:00:00+00:00', '--job-id', '7505', '--raw', '--subdir', 'DAGS_FOLDER/stocks_dwh/raw/stocks_raw_dags.py', '--cfg-path', '/tmp/tmpj42pi22m']
[2026-02-09T12:29:59.196+0000] {standard_task_runner.py:91} INFO - Job 7505: Subtask download_and_load_raw
[2026-02-09T12:29:59.256+0000] {task_command.py:426} INFO - Running <TaskInstance: stock_raw_aapl.download_and_load_raw scheduled__2025-01-11T00:00:00+00:00 [running]> on host 4886d37bc122
[2026-02-09T12:29:59.344+0000] {taskinstance.py:2648} INFO - Exporting env vars: AIRFLOW_CTX_DAG_OWNER='***' AIRFLOW_CTX_DAG_ID='stock_raw_aapl' AIRFLOW_CTX_TASK_ID='download_and_load_raw' AIRFLOW_CTX_EXECUTION_DATE='2025-01-11T00:00:00+00:00' AIRFLOW_CTX_TRY_NUMBER='1' AIRFLOW_CTX_DAG_RUN_ID='scheduled__2025-01-11T00:00:00+00:00'
[2026-02-09T12:29:59.345+0000] {taskinstance.py:430} INFO - ::endgroup::
[2026-02-09T12:29:59.356+0000] {stocks_raw_dags.py:37} INFO - 2025-01-11 00:00:00+00:00, 2025-01-12 00:00:00+00:00
[2026-02-09T12:29:59.357+0000] {logging_mixin.py:188} INFO - [RAW] Download AAPL [1d] 2025-01-10..2025-01-12
[2026-02-09T12:29:59.359+0000] {logging_mixin.py:188} WARNING - /opt/***/dags/stocks_dwh/raw/stocks_raw_dags.py:42 FutureWarning: YF.download() has changed argument auto_adjust default to True
[2026-02-09T12:29:59.367+0000] {logging_mixin.py:188} WARNING - /home/***/.local/lib/python3.12/site-packages/yfinance/scrapers/history.py:204 Pandas4Warning: Timestamp.utcnow is deprecated and will be removed in a future version. Use Timestamp.now('UTC') instead.
[2026-02-09T12:29:59.893+0000] {logging_mixin.py:188} WARNING - [*********************100%***********************]  1 of 1 completed
[2026-02-09T12:29:59.942+0000] {base.py:84} INFO - Using connection ID 'dwh_clickhouse' for task execution.
[2026-02-09T12:29:59.970+0000] {logging_mixin.py:188} INFO - [RAW] Deleted existing rows for AAPL in 2025-01-10..2025-01-12
[2026-02-09T12:29:59.982+0000] {logging_mixin.py:188} INFO - [RAW] Inserted 1 rows into dwh.raw_stock_prices
[2026-02-09T12:29:59.985+0000] {python.py:237} INFO - Done. Returned value was: None
[2026-02-09T12:29:59.986+0000] {taskinstance.py:441} INFO - ::group::Post task execution logs
[2026-02-09T12:29:59.997+0000] {taskinstance.py:1206} INFO - Marking task as SUCCESS. dag_id=stock_raw_aapl, task_id=download_and_load_raw, run_id=scheduled__2025-01-11T00:00:00+00:00, execution_date=20250111T000000, start_date=20260209T122959, end_date=20260209T122959
[2026-02-09T12:30:00.051+0000] {local_task_job_runner.py:243} INFO - Task exited with return code 0
[2026-02-09T12:30:00.071+0000] {taskinstance.py:3503} INFO - 0 downstream tasks scheduled from follow-on schedule check
[2026-02-09T12:30:00.075+0000] {local_task_job_runner.py:222} INFO - ::endgroup::
