[2026-02-07T14:24:13.662+0000] {local_task_job_runner.py:120} INFO - ::group::Pre task execution logs
[2026-02-07T14:24:13.702+0000] {taskinstance.py:2076} INFO - Dependencies all met for dep_context=non-requeueable deps ti=<TaskInstance: stock_tsla.download scheduled__2024-05-03T00:00:00+00:00 [queued]>
[2026-02-07T14:24:13.716+0000] {taskinstance.py:2076} INFO - Dependencies all met for dep_context=requeueable deps ti=<TaskInstance: stock_tsla.download scheduled__2024-05-03T00:00:00+00:00 [queued]>
[2026-02-07T14:24:13.717+0000] {taskinstance.py:2306} INFO - Starting attempt 1 of 1
[2026-02-07T14:24:13.736+0000] {taskinstance.py:2330} INFO - Executing <Task(PythonOperator): download> on 2024-05-03 00:00:00+00:00
[2026-02-07T14:24:13.750+0000] {logging_mixin.py:188} WARNING - /home/***/.local/lib/python3.12/site-packages/***/task/task_runner/standard_task_runner.py:62 DeprecationWarning: This process (pid=2641) is multi-threaded, use of fork() may lead to deadlocks in the child.
[2026-02-07T14:24:13.753+0000] {standard_task_runner.py:64} INFO - Started process 2648 to run task
[2026-02-07T14:24:13.750+0000] {standard_task_runner.py:90} INFO - Running: ['***', 'tasks', 'run', 'stock_tsla', 'download', 'scheduled__2024-05-03T00:00:00+00:00', '--job-id', '531', '--raw', '--subdir', 'DAGS_FOLDER/stocks_dags.py', '--cfg-path', '/tmp/tmp44e4bv2k']
[2026-02-07T14:24:13.754+0000] {standard_task_runner.py:91} INFO - Job 531: Subtask download
[2026-02-07T14:24:13.836+0000] {task_command.py:426} INFO - Running <TaskInstance: stock_tsla.download scheduled__2024-05-03T00:00:00+00:00 [running]> on host 5adf8c44a70f
[2026-02-07T14:24:13.951+0000] {taskinstance.py:2648} INFO - Exporting env vars: AIRFLOW_CTX_DAG_OWNER='***' AIRFLOW_CTX_DAG_ID='stock_tsla' AIRFLOW_CTX_TASK_ID='download' AIRFLOW_CTX_EXECUTION_DATE='2024-05-03T00:00:00+00:00' AIRFLOW_CTX_TRY_NUMBER='1' AIRFLOW_CTX_DAG_RUN_ID='scheduled__2024-05-03T00:00:00+00:00'
[2026-02-07T14:24:13.953+0000] {taskinstance.py:430} INFO - ::endgroup::
[2026-02-07T14:24:13.970+0000] {logging_mixin.py:188} INFO - Downloading TSLA from 2024-05-03 to 2024-05-04
[2026-02-07T14:24:13.972+0000] {logging_mixin.py:188} WARNING - /opt/***/dags/stocks_dags.py:22 FutureWarning: YF.download() has changed argument auto_adjust default to True
[2026-02-07T14:24:13.981+0000] {logging_mixin.py:188} WARNING - /home/***/.local/lib/python3.12/site-packages/yfinance/scrapers/history.py:204 Pandas4Warning: Timestamp.utcnow is deprecated and will be removed in a future version. Use Timestamp.now('UTC') instead.
[2026-02-07T14:24:16.231+0000] {taskinstance.py:441} INFO - ::group::Post task execution logs
[2026-02-07T14:24:16.232+0000] {taskinstance.py:2905} ERROR - Task failed with exception
Traceback (most recent call last):
  File "/home/airflow/.local/lib/python3.12/site-packages/airflow/models/taskinstance.py", line 465, in _execute_task
    result = _execute_callable(context=context, **execute_callable_kwargs)
             ^^^^^^^^^^^^^^^^^^^^^^^^^^^^^^^^^^^^^^^^^^^^^^^^^^^^^^^^^^^^^
  File "/home/airflow/.local/lib/python3.12/site-packages/airflow/models/taskinstance.py", line 432, in _execute_callable
    return execute_callable(context=context, **execute_callable_kwargs)
           ^^^^^^^^^^^^^^^^^^^^^^^^^^^^^^^^^^^^^^^^^^^^^^^^^^^^^^^^^^^^
  File "/home/airflow/.local/lib/python3.12/site-packages/airflow/models/baseoperator.py", line 401, in wrapper
    return func(self, *args, **kwargs)
           ^^^^^^^^^^^^^^^^^^^^^^^^^^^
  File "/home/airflow/.local/lib/python3.12/site-packages/airflow/operators/python.py", line 235, in execute
    return_value = self.execute_callable()
                   ^^^^^^^^^^^^^^^^^^^^^^^
  File "/home/airflow/.local/lib/python3.12/site-packages/airflow/operators/python.py", line 252, in execute_callable
    return self.python_callable(*self.op_args, **self.op_kwargs)
           ^^^^^^^^^^^^^^^^^^^^^^^^^^^^^^^^^^^^^^^^^^^^^^^^^^^^^
  File "/opt/airflow/dags/stocks_dags.py", line 35, in download_stock
    df.to_parquet(output_path)
  File "/home/airflow/.local/lib/python3.12/site-packages/pandas/core/frame.py", line 3135, in to_parquet
    return to_parquet(
           ^^^^^^^^^^^
  File "/home/airflow/.local/lib/python3.12/site-packages/pandas/io/parquet.py", line 490, in to_parquet
    impl.write(
  File "/home/airflow/.local/lib/python3.12/site-packages/pandas/io/parquet.py", line 199, in write
    path_or_handle, handles, filesystem = _get_path_or_handle(
                                          ^^^^^^^^^^^^^^^^^^^^
  File "/home/airflow/.local/lib/python3.12/site-packages/pandas/io/parquet.py", line 141, in _get_path_or_handle
    handles = get_handle(
              ^^^^^^^^^^^
  File "/home/airflow/.local/lib/python3.12/site-packages/pandas/io/common.py", line 793, in get_handle
    check_parent_directory(str(handle))
  File "/home/airflow/.local/lib/python3.12/site-packages/pandas/io/common.py", line 652, in check_parent_directory
    raise OSError(rf"Cannot save file into a non-existent directory: '{parent}'")
OSError: Cannot save file into a non-existent directory: '/opt/***/data'
[2026-02-07T14:24:16.248+0000] {taskinstance.py:1206} INFO - Marking task as FAILED. dag_id=stock_tsla, task_id=download, run_id=scheduled__2024-05-03T00:00:00+00:00, execution_date=20240503T000000, start_date=20260207T142413, end_date=20260207T142416
[2026-02-07T14:24:16.266+0000] {standard_task_runner.py:110} ERROR - Failed to execute job 531 for task download (Cannot save file into a non-existent directory: '/opt/***/data'; 2648)
[2026-02-07T14:24:16.298+0000] {local_task_job_runner.py:243} INFO - Task exited with return code 1
[2026-02-07T14:24:16.316+0000] {taskinstance.py:3503} INFO - 0 downstream tasks scheduled from follow-on schedule check
[2026-02-07T14:24:16.321+0000] {local_task_job_runner.py:222} INFO - ::endgroup::
