[2026-02-09T10:46:16.217+0000] {local_task_job_runner.py:120} INFO - ::group::Pre task execution logs
[2026-02-09T10:46:16.257+0000] {taskinstance.py:2076} INFO - Dependencies all met for dep_context=non-requeueable deps ti=<TaskInstance: stock_raw_aapl.download_and_load_raw scheduled__2025-12-06T00:00:00+00:00 [queued]>
[2026-02-09T10:46:16.273+0000] {taskinstance.py:2076} INFO - Dependencies all met for dep_context=requeueable deps ti=<TaskInstance: stock_raw_aapl.download_and_load_raw scheduled__2025-12-06T00:00:00+00:00 [queued]>
[2026-02-09T10:46:16.274+0000] {taskinstance.py:2306} INFO - Starting attempt 1 of 1
[2026-02-09T10:46:16.299+0000] {taskinstance.py:2330} INFO - Executing <Task(PythonOperator): download_and_load_raw> on 2025-12-06 00:00:00+00:00
[2026-02-09T10:46:16.316+0000] {logging_mixin.py:188} WARNING - /home/***/.local/lib/python3.12/site-packages/***/task/task_runner/standard_task_runner.py:62 DeprecationWarning: This process (pid=9598) is multi-threaded, use of fork() may lead to deadlocks in the child.
[2026-02-09T10:46:16.319+0000] {standard_task_runner.py:64} INFO - Started process 9610 to run task
[2026-02-09T10:46:16.316+0000] {standard_task_runner.py:90} INFO - Running: ['***', 'tasks', 'run', 'stock_raw_aapl', 'download_and_load_raw', 'scheduled__2025-12-06T00:00:00+00:00', '--job-id', '6316', '--raw', '--subdir', 'DAGS_FOLDER/stocks_dwh/raw/stocks_raw_dags.py', '--cfg-path', '/tmp/tmpw8hecld2']
[2026-02-09T10:46:16.320+0000] {standard_task_runner.py:91} INFO - Job 6316: Subtask download_and_load_raw
[2026-02-09T10:46:16.421+0000] {task_command.py:426} INFO - Running <TaskInstance: stock_raw_aapl.download_and_load_raw scheduled__2025-12-06T00:00:00+00:00 [running]> on host 4886d37bc122
[2026-02-09T10:46:16.522+0000] {taskinstance.py:2648} INFO - Exporting env vars: AIRFLOW_CTX_DAG_OWNER='***' AIRFLOW_CTX_DAG_ID='stock_raw_aapl' AIRFLOW_CTX_TASK_ID='download_and_load_raw' AIRFLOW_CTX_EXECUTION_DATE='2025-12-06T00:00:00+00:00' AIRFLOW_CTX_TRY_NUMBER='1' AIRFLOW_CTX_DAG_RUN_ID='scheduled__2025-12-06T00:00:00+00:00'
[2026-02-09T10:46:16.523+0000] {taskinstance.py:430} INFO - ::endgroup::
[2026-02-09T10:46:16.535+0000] {logging_mixin.py:188} INFO - [RAW] Download AAPL [1d] 2025-12-06..2025-12-07
[2026-02-09T10:46:16.537+0000] {logging_mixin.py:188} WARNING - /opt/***/dags/stocks_dwh/raw/stocks_raw_dags.py:38 FutureWarning: YF.download() has changed argument auto_adjust default to True
[2026-02-09T10:46:16.546+0000] {logging_mixin.py:188} WARNING - /home/***/.local/lib/python3.12/site-packages/yfinance/scrapers/history.py:204 Pandas4Warning: Timestamp.utcnow is deprecated and will be removed in a future version. Use Timestamp.now('UTC') instead.
[2026-02-09T10:46:17.014+0000] {multi.py:185} ERROR - 
1 Failed download:
[2026-02-09T10:46:17.016+0000] {multi.py:198} ERROR - ['AAPL']: YFPricesMissingError('possibly delisted; no price data found  (1d 2025-12-06 -> 2025-12-07)')
[2026-02-09T10:46:17.030+0000] {logging_mixin.py:188} INFO - [RAW] No data from yfinance
[2026-02-09T10:46:17.031+0000] {python.py:237} INFO - Done. Returned value was: None
[2026-02-09T10:46:17.031+0000] {taskinstance.py:441} INFO - ::group::Post task execution logs
[2026-02-09T10:46:17.042+0000] {taskinstance.py:1206} INFO - Marking task as SUCCESS. dag_id=stock_raw_aapl, task_id=download_and_load_raw, run_id=scheduled__2025-12-06T00:00:00+00:00, execution_date=20251206T000000, start_date=20260209T104616, end_date=20260209T104617
[2026-02-09T10:46:17.095+0000] {local_task_job_runner.py:243} INFO - Task exited with return code 0
[2026-02-09T10:46:17.111+0000] {taskinstance.py:3503} INFO - 0 downstream tasks scheduled from follow-on schedule check
[2026-02-09T10:46:17.113+0000] {local_task_job_runner.py:222} INFO - ::endgroup::
[2026-02-09T12:48:04.629+0000] {local_task_job_runner.py:120} INFO - ::group::Pre task execution logs
[2026-02-09T12:48:04.659+0000] {taskinstance.py:2076} INFO - Dependencies all met for dep_context=non-requeueable deps ti=<TaskInstance: stock_raw_aapl.download_and_load_raw scheduled__2025-12-06T00:00:00+00:00 [queued]>
[2026-02-09T12:48:04.668+0000] {taskinstance.py:2076} INFO - Dependencies all met for dep_context=requeueable deps ti=<TaskInstance: stock_raw_aapl.download_and_load_raw scheduled__2025-12-06T00:00:00+00:00 [queued]>
[2026-02-09T12:48:04.669+0000] {taskinstance.py:2306} INFO - Starting attempt 1 of 1
[2026-02-09T12:48:04.683+0000] {taskinstance.py:2330} INFO - Executing <Task(PythonOperator): download_and_load_raw> on 2025-12-06 00:00:00+00:00
[2026-02-09T12:48:04.694+0000] {logging_mixin.py:188} WARNING - /home/***/.local/lib/python3.12/site-packages/***/task/task_runner/standard_task_runner.py:62 DeprecationWarning: This process (pid=18853) is multi-threaded, use of fork() may lead to deadlocks in the child.
[2026-02-09T12:48:04.696+0000] {standard_task_runner.py:64} INFO - Started process 18855 to run task
[2026-02-09T12:48:04.694+0000] {standard_task_runner.py:90} INFO - Running: ['***', 'tasks', 'run', 'stock_raw_aapl', 'download_and_load_raw', 'scheduled__2025-12-06T00:00:00+00:00', '--job-id', '7897', '--raw', '--subdir', 'DAGS_FOLDER/stocks_dwh/raw/stocks_raw_dags.py', '--cfg-path', '/tmp/tmph9j7k_lz']
[2026-02-09T12:48:04.697+0000] {standard_task_runner.py:91} INFO - Job 7897: Subtask download_and_load_raw
[2026-02-09T12:48:04.762+0000] {task_command.py:426} INFO - Running <TaskInstance: stock_raw_aapl.download_and_load_raw scheduled__2025-12-06T00:00:00+00:00 [running]> on host 4886d37bc122
[2026-02-09T12:48:04.858+0000] {taskinstance.py:2648} INFO - Exporting env vars: AIRFLOW_CTX_DAG_OWNER='***' AIRFLOW_CTX_DAG_ID='stock_raw_aapl' AIRFLOW_CTX_TASK_ID='download_and_load_raw' AIRFLOW_CTX_EXECUTION_DATE='2025-12-06T00:00:00+00:00' AIRFLOW_CTX_TRY_NUMBER='1' AIRFLOW_CTX_DAG_RUN_ID='scheduled__2025-12-06T00:00:00+00:00'
[2026-02-09T12:48:04.859+0000] {taskinstance.py:430} INFO - ::endgroup::
[2026-02-09T12:48:04.870+0000] {stocks_raw_dags.py:37} INFO - 2025-12-06 00:00:00+00:00, 2025-12-07 00:00:00+00:00
[2026-02-09T12:48:04.871+0000] {logging_mixin.py:188} INFO - [RAW] Download AAPL [1d] 2025-12-05..2025-12-07
[2026-02-09T12:48:04.873+0000] {logging_mixin.py:188} WARNING - /opt/***/dags/stocks_dwh/raw/stocks_raw_dags.py:42 FutureWarning: YF.download() has changed argument auto_adjust default to True
[2026-02-09T12:48:04.881+0000] {logging_mixin.py:188} WARNING - /home/***/.local/lib/python3.12/site-packages/yfinance/scrapers/history.py:204 Pandas4Warning: Timestamp.utcnow is deprecated and will be removed in a future version. Use Timestamp.now('UTC') instead.
[2026-02-09T12:48:05.423+0000] {logging_mixin.py:188} WARNING - [*********************100%***********************]  1 of 1 completed
[2026-02-09T12:48:05.458+0000] {base.py:84} INFO - Using connection ID 'dwh_clickhouse' for task execution.
[2026-02-09T12:48:05.489+0000] {logging_mixin.py:188} INFO - [RAW] Deleted existing rows for AAPL in 2025-12-05..2025-12-07
[2026-02-09T12:48:05.502+0000] {logging_mixin.py:188} INFO - [RAW] Inserted 1 rows into dwh.raw_stock_prices
[2026-02-09T12:48:05.503+0000] {python.py:237} INFO - Done. Returned value was: None
[2026-02-09T12:48:05.504+0000] {taskinstance.py:441} INFO - ::group::Post task execution logs
[2026-02-09T12:48:05.516+0000] {taskinstance.py:1206} INFO - Marking task as SUCCESS. dag_id=stock_raw_aapl, task_id=download_and_load_raw, run_id=scheduled__2025-12-06T00:00:00+00:00, execution_date=20251206T000000, start_date=20260209T124804, end_date=20260209T124805
[2026-02-09T12:48:05.592+0000] {local_task_job_runner.py:243} INFO - Task exited with return code 0
[2026-02-09T12:48:05.614+0000] {taskinstance.py:3503} INFO - 0 downstream tasks scheduled from follow-on schedule check
[2026-02-09T12:48:05.618+0000] {local_task_job_runner.py:222} INFO - ::endgroup::
