[2026-02-09T10:41:26.081+0000] {local_task_job_runner.py:120} INFO - ::group::Pre task execution logs
[2026-02-09T10:41:26.127+0000] {taskinstance.py:2076} INFO - Dependencies all met for dep_context=non-requeueable deps ti=<TaskInstance: stock_raw_aapl.download_and_load_raw scheduled__2025-09-07T00:00:00+00:00 [queued]>
[2026-02-09T10:41:26.140+0000] {taskinstance.py:2076} INFO - Dependencies all met for dep_context=requeueable deps ti=<TaskInstance: stock_raw_aapl.download_and_load_raw scheduled__2025-09-07T00:00:00+00:00 [queued]>
[2026-02-09T10:41:26.141+0000] {taskinstance.py:2306} INFO - Starting attempt 1 of 1
[2026-02-09T10:41:26.161+0000] {taskinstance.py:2330} INFO - Executing <Task(PythonOperator): download_and_load_raw> on 2025-09-07 00:00:00+00:00
[2026-02-09T10:41:26.183+0000] {logging_mixin.py:188} WARNING - /home/***/.local/lib/python3.12/site-packages/***/task/task_runner/standard_task_runner.py:62 DeprecationWarning: This process (pid=7719) is multi-threaded, use of fork() may lead to deadlocks in the child.
[2026-02-09T10:41:26.183+0000] {standard_task_runner.py:90} INFO - Running: ['***', 'tasks', 'run', 'stock_raw_aapl', 'download_and_load_raw', 'scheduled__2025-09-07T00:00:00+00:00', '--job-id', '5872', '--raw', '--subdir', 'DAGS_FOLDER/stocks_dwh/raw/stocks_raw_dags.py', '--cfg-path', '/tmp/tmpatwl50qe']
[2026-02-09T10:41:26.185+0000] {standard_task_runner.py:64} INFO - Started process 7727 to run task
[2026-02-09T10:41:26.186+0000] {standard_task_runner.py:91} INFO - Job 5872: Subtask download_and_load_raw
[2026-02-09T10:41:26.263+0000] {task_command.py:426} INFO - Running <TaskInstance: stock_raw_aapl.download_and_load_raw scheduled__2025-09-07T00:00:00+00:00 [running]> on host 4886d37bc122
[2026-02-09T10:41:26.372+0000] {taskinstance.py:2648} INFO - Exporting env vars: AIRFLOW_CTX_DAG_OWNER='***' AIRFLOW_CTX_DAG_ID='stock_raw_aapl' AIRFLOW_CTX_TASK_ID='download_and_load_raw' AIRFLOW_CTX_EXECUTION_DATE='2025-09-07T00:00:00+00:00' AIRFLOW_CTX_TRY_NUMBER='1' AIRFLOW_CTX_DAG_RUN_ID='scheduled__2025-09-07T00:00:00+00:00'
[2026-02-09T10:41:26.376+0000] {taskinstance.py:430} INFO - ::endgroup::
[2026-02-09T10:41:26.389+0000] {logging_mixin.py:188} INFO - [RAW] Download AAPL [1d] 2025-09-07..2025-09-08
[2026-02-09T10:41:26.392+0000] {logging_mixin.py:188} WARNING - /opt/***/dags/stocks_dwh/raw/stocks_raw_dags.py:38 FutureWarning: YF.download() has changed argument auto_adjust default to True
[2026-02-09T10:41:26.405+0000] {logging_mixin.py:188} WARNING - /home/***/.local/lib/python3.12/site-packages/yfinance/scrapers/history.py:204 Pandas4Warning: Timestamp.utcnow is deprecated and will be removed in a future version. Use Timestamp.now('UTC') instead.
[2026-02-09T10:41:28.439+0000] {multi.py:185} ERROR - 
1 Failed download:
[2026-02-09T10:41:28.440+0000] {multi.py:198} ERROR - ['AAPL']: YFPricesMissingError('possibly delisted; no price data found  (1d 2025-09-07 -> 2025-09-08)')
[2026-02-09T10:41:28.455+0000] {logging_mixin.py:188} INFO - [RAW] No data from yfinance
[2026-02-09T10:41:28.455+0000] {python.py:237} INFO - Done. Returned value was: None
[2026-02-09T10:41:28.456+0000] {taskinstance.py:441} INFO - ::group::Post task execution logs
[2026-02-09T10:41:28.465+0000] {taskinstance.py:1206} INFO - Marking task as SUCCESS. dag_id=stock_raw_aapl, task_id=download_and_load_raw, run_id=scheduled__2025-09-07T00:00:00+00:00, execution_date=20250907T000000, start_date=20260209T104126, end_date=20260209T104128
[2026-02-09T10:41:28.526+0000] {local_task_job_runner.py:243} INFO - Task exited with return code 0
[2026-02-09T10:41:28.545+0000] {taskinstance.py:3503} INFO - 0 downstream tasks scheduled from follow-on schedule check
[2026-02-09T10:41:28.547+0000] {local_task_job_runner.py:222} INFO - ::endgroup::
[2026-02-09T12:43:11.478+0000] {local_task_job_runner.py:120} INFO - ::group::Pre task execution logs
[2026-02-09T12:43:11.513+0000] {taskinstance.py:2076} INFO - Dependencies all met for dep_context=non-requeueable deps ti=<TaskInstance: stock_raw_aapl.download_and_load_raw scheduled__2025-09-07T00:00:00+00:00 [queued]>
[2026-02-09T12:43:11.525+0000] {taskinstance.py:2076} INFO - Dependencies all met for dep_context=requeueable deps ti=<TaskInstance: stock_raw_aapl.download_and_load_raw scheduled__2025-09-07T00:00:00+00:00 [queued]>
[2026-02-09T12:43:11.526+0000] {taskinstance.py:2306} INFO - Starting attempt 1 of 1
[2026-02-09T12:43:11.546+0000] {taskinstance.py:2330} INFO - Executing <Task(PythonOperator): download_and_load_raw> on 2025-09-07 00:00:00+00:00
[2026-02-09T12:43:11.565+0000] {logging_mixin.py:188} WARNING - /home/***/.local/lib/python3.12/site-packages/***/task/task_runner/standard_task_runner.py:62 DeprecationWarning: This process (pid=18385) is multi-threaded, use of fork() may lead to deadlocks in the child.
[2026-02-09T12:43:11.565+0000] {standard_task_runner.py:90} INFO - Running: ['***', 'tasks', 'run', 'stock_raw_aapl', 'download_and_load_raw', 'scheduled__2025-09-07T00:00:00+00:00', '--job-id', '7807', '--raw', '--subdir', 'DAGS_FOLDER/stocks_dwh/raw/stocks_raw_dags.py', '--cfg-path', '/tmp/tmpsk1rmtub']
[2026-02-09T12:43:11.568+0000] {standard_task_runner.py:91} INFO - Job 7807: Subtask download_and_load_raw
[2026-02-09T12:43:11.568+0000] {standard_task_runner.py:64} INFO - Started process 18387 to run task
[2026-02-09T12:43:11.674+0000] {task_command.py:426} INFO - Running <TaskInstance: stock_raw_aapl.download_and_load_raw scheduled__2025-09-07T00:00:00+00:00 [running]> on host 4886d37bc122
[2026-02-09T12:43:11.800+0000] {taskinstance.py:2648} INFO - Exporting env vars: AIRFLOW_CTX_DAG_OWNER='***' AIRFLOW_CTX_DAG_ID='stock_raw_aapl' AIRFLOW_CTX_TASK_ID='download_and_load_raw' AIRFLOW_CTX_EXECUTION_DATE='2025-09-07T00:00:00+00:00' AIRFLOW_CTX_TRY_NUMBER='1' AIRFLOW_CTX_DAG_RUN_ID='scheduled__2025-09-07T00:00:00+00:00'
[2026-02-09T12:43:11.802+0000] {taskinstance.py:430} INFO - ::endgroup::
[2026-02-09T12:43:11.812+0000] {stocks_raw_dags.py:37} INFO - 2025-09-07 00:00:00+00:00, 2025-09-08 00:00:00+00:00
[2026-02-09T12:43:11.813+0000] {logging_mixin.py:188} INFO - [RAW] Download AAPL [1d] 2025-09-06..2025-09-08
[2026-02-09T12:43:11.815+0000] {logging_mixin.py:188} WARNING - /opt/***/dags/stocks_dwh/raw/stocks_raw_dags.py:42 FutureWarning: YF.download() has changed argument auto_adjust default to True
[2026-02-09T12:43:11.823+0000] {logging_mixin.py:188} WARNING - /home/***/.local/lib/python3.12/site-packages/yfinance/scrapers/history.py:204 Pandas4Warning: Timestamp.utcnow is deprecated and will be removed in a future version. Use Timestamp.now('UTC') instead.
[2026-02-09T12:43:12.739+0000] {logging_mixin.py:188} WARNING - [*********************100%***********************]  1 of 1 completed
[2026-02-09T12:43:12.739+0000] {multi.py:185} ERROR - 
1 Failed download:
[2026-02-09T12:43:12.740+0000] {multi.py:198} ERROR - ['AAPL']: YFPricesMissingError('possibly delisted; no price data found  (1d 2025-09-06 -> 2025-09-08)')
[2026-02-09T12:43:12.749+0000] {logging_mixin.py:188} INFO - [RAW] No data from yfinance
[2026-02-09T12:43:12.750+0000] {python.py:237} INFO - Done. Returned value was: None
[2026-02-09T12:43:12.751+0000] {taskinstance.py:441} INFO - ::group::Post task execution logs
[2026-02-09T12:43:12.760+0000] {taskinstance.py:1206} INFO - Marking task as SUCCESS. dag_id=stock_raw_aapl, task_id=download_and_load_raw, run_id=scheduled__2025-09-07T00:00:00+00:00, execution_date=20250907T000000, start_date=20260209T124311, end_date=20260209T124312
[2026-02-09T12:43:12.789+0000] {local_task_job_runner.py:243} INFO - Task exited with return code 0
[2026-02-09T12:43:12.809+0000] {taskinstance.py:3503} INFO - 0 downstream tasks scheduled from follow-on schedule check
[2026-02-09T12:43:12.813+0000] {local_task_job_runner.py:222} INFO - ::endgroup::
