[2026-02-09T10:40:10.244+0000] {local_task_job_runner.py:120} INFO - ::group::Pre task execution logs
[2026-02-09T10:40:10.280+0000] {taskinstance.py:2076} INFO - Dependencies all met for dep_context=non-requeueable deps ti=<TaskInstance: stock_raw_aapl.download_and_load_raw scheduled__2025-08-16T00:00:00+00:00 [queued]>
[2026-02-09T10:40:10.291+0000] {taskinstance.py:2076} INFO - Dependencies all met for dep_context=requeueable deps ti=<TaskInstance: stock_raw_aapl.download_and_load_raw scheduled__2025-08-16T00:00:00+00:00 [queued]>
[2026-02-09T10:40:10.292+0000] {taskinstance.py:2306} INFO - Starting attempt 1 of 1
[2026-02-09T10:40:10.305+0000] {taskinstance.py:2330} INFO - Executing <Task(PythonOperator): download_and_load_raw> on 2025-08-16 00:00:00+00:00
[2026-02-09T10:40:10.320+0000] {logging_mixin.py:188} WARNING - /home/***/.local/lib/python3.12/site-packages/***/task/task_runner/standard_task_runner.py:62 DeprecationWarning: This process (pid=7265) is multi-threaded, use of fork() may lead to deadlocks in the child.
[2026-02-09T10:40:10.321+0000] {standard_task_runner.py:64} INFO - Started process 7278 to run task
[2026-02-09T10:40:10.320+0000] {standard_task_runner.py:90} INFO - Running: ['***', 'tasks', 'run', 'stock_raw_aapl', 'download_and_load_raw', 'scheduled__2025-08-16T00:00:00+00:00', '--job-id', '5768', '--raw', '--subdir', 'DAGS_FOLDER/stocks_dwh/raw/stocks_raw_dags.py', '--cfg-path', '/tmp/tmpzszykp13']
[2026-02-09T10:40:10.323+0000] {standard_task_runner.py:91} INFO - Job 5768: Subtask download_and_load_raw
[2026-02-09T10:40:10.386+0000] {task_command.py:426} INFO - Running <TaskInstance: stock_raw_aapl.download_and_load_raw scheduled__2025-08-16T00:00:00+00:00 [running]> on host 4886d37bc122
[2026-02-09T10:40:10.485+0000] {taskinstance.py:2648} INFO - Exporting env vars: AIRFLOW_CTX_DAG_OWNER='***' AIRFLOW_CTX_DAG_ID='stock_raw_aapl' AIRFLOW_CTX_TASK_ID='download_and_load_raw' AIRFLOW_CTX_EXECUTION_DATE='2025-08-16T00:00:00+00:00' AIRFLOW_CTX_TRY_NUMBER='1' AIRFLOW_CTX_DAG_RUN_ID='scheduled__2025-08-16T00:00:00+00:00'
[2026-02-09T10:40:10.487+0000] {taskinstance.py:430} INFO - ::endgroup::
[2026-02-09T10:40:10.498+0000] {logging_mixin.py:188} INFO - [RAW] Download AAPL [1d] 2025-08-16..2025-08-17
[2026-02-09T10:40:10.500+0000] {logging_mixin.py:188} WARNING - /opt/***/dags/stocks_dwh/raw/stocks_raw_dags.py:38 FutureWarning: YF.download() has changed argument auto_adjust default to True
[2026-02-09T10:40:10.509+0000] {logging_mixin.py:188} WARNING - /home/***/.local/lib/python3.12/site-packages/yfinance/scrapers/history.py:204 Pandas4Warning: Timestamp.utcnow is deprecated and will be removed in a future version. Use Timestamp.now('UTC') instead.
[2026-02-09T10:40:11.030+0000] {multi.py:185} ERROR - 
1 Failed download:
[2026-02-09T10:40:11.031+0000] {multi.py:198} ERROR - ['AAPL']: YFPricesMissingError('possibly delisted; no price data found  (1d 2025-08-16 -> 2025-08-17)')
[2026-02-09T10:40:11.047+0000] {logging_mixin.py:188} INFO - [RAW] No data from yfinance
[2026-02-09T10:40:11.048+0000] {python.py:237} INFO - Done. Returned value was: None
[2026-02-09T10:40:11.049+0000] {taskinstance.py:441} INFO - ::group::Post task execution logs
[2026-02-09T10:40:11.058+0000] {taskinstance.py:1206} INFO - Marking task as SUCCESS. dag_id=stock_raw_aapl, task_id=download_and_load_raw, run_id=scheduled__2025-08-16T00:00:00+00:00, execution_date=20250816T000000, start_date=20260209T104010, end_date=20260209T104011
[2026-02-09T10:40:11.098+0000] {local_task_job_runner.py:243} INFO - Task exited with return code 0
[2026-02-09T10:40:11.115+0000] {taskinstance.py:3503} INFO - 0 downstream tasks scheduled from follow-on schedule check
[2026-02-09T10:40:11.117+0000] {local_task_job_runner.py:222} INFO - ::endgroup::
[2026-02-09T12:42:05.238+0000] {local_task_job_runner.py:120} INFO - ::group::Pre task execution logs
[2026-02-09T12:42:05.271+0000] {taskinstance.py:2076} INFO - Dependencies all met for dep_context=non-requeueable deps ti=<TaskInstance: stock_raw_aapl.download_and_load_raw scheduled__2025-08-16T00:00:00+00:00 [queued]>
[2026-02-09T12:42:05.280+0000] {taskinstance.py:2076} INFO - Dependencies all met for dep_context=requeueable deps ti=<TaskInstance: stock_raw_aapl.download_and_load_raw scheduled__2025-08-16T00:00:00+00:00 [queued]>
[2026-02-09T12:42:05.281+0000] {taskinstance.py:2306} INFO - Starting attempt 1 of 1
[2026-02-09T12:42:05.295+0000] {taskinstance.py:2330} INFO - Executing <Task(PythonOperator): download_and_load_raw> on 2025-08-16 00:00:00+00:00
[2026-02-09T12:42:05.306+0000] {logging_mixin.py:188} WARNING - /home/***/.local/lib/python3.12/site-packages/***/task/task_runner/standard_task_runner.py:62 DeprecationWarning: This process (pid=18267) is multi-threaded, use of fork() may lead to deadlocks in the child.
[2026-02-09T12:42:05.308+0000] {standard_task_runner.py:64} INFO - Started process 18269 to run task
[2026-02-09T12:42:05.307+0000] {standard_task_runner.py:90} INFO - Running: ['***', 'tasks', 'run', 'stock_raw_aapl', 'download_and_load_raw', 'scheduled__2025-08-16T00:00:00+00:00', '--job-id', '7785', '--raw', '--subdir', 'DAGS_FOLDER/stocks_dwh/raw/stocks_raw_dags.py', '--cfg-path', '/tmp/tmpkd3sukwd']
[2026-02-09T12:42:05.309+0000] {standard_task_runner.py:91} INFO - Job 7785: Subtask download_and_load_raw
[2026-02-09T12:42:05.377+0000] {task_command.py:426} INFO - Running <TaskInstance: stock_raw_aapl.download_and_load_raw scheduled__2025-08-16T00:00:00+00:00 [running]> on host 4886d37bc122
[2026-02-09T12:42:05.480+0000] {taskinstance.py:2648} INFO - Exporting env vars: AIRFLOW_CTX_DAG_OWNER='***' AIRFLOW_CTX_DAG_ID='stock_raw_aapl' AIRFLOW_CTX_TASK_ID='download_and_load_raw' AIRFLOW_CTX_EXECUTION_DATE='2025-08-16T00:00:00+00:00' AIRFLOW_CTX_TRY_NUMBER='1' AIRFLOW_CTX_DAG_RUN_ID='scheduled__2025-08-16T00:00:00+00:00'
[2026-02-09T12:42:05.482+0000] {taskinstance.py:430} INFO - ::endgroup::
[2026-02-09T12:42:05.493+0000] {stocks_raw_dags.py:37} INFO - 2025-08-16 00:00:00+00:00, 2025-08-17 00:00:00+00:00
[2026-02-09T12:42:05.493+0000] {logging_mixin.py:188} INFO - [RAW] Download AAPL [1d] 2025-08-15..2025-08-17
[2026-02-09T12:42:05.496+0000] {logging_mixin.py:188} WARNING - /opt/***/dags/stocks_dwh/raw/stocks_raw_dags.py:42 FutureWarning: YF.download() has changed argument auto_adjust default to True
[2026-02-09T12:42:05.504+0000] {logging_mixin.py:188} WARNING - /home/***/.local/lib/python3.12/site-packages/yfinance/scrapers/history.py:204 Pandas4Warning: Timestamp.utcnow is deprecated and will be removed in a future version. Use Timestamp.now('UTC') instead.
[2026-02-09T12:42:06.047+0000] {logging_mixin.py:188} WARNING - [*********************100%***********************]  1 of 1 completed
[2026-02-09T12:42:06.082+0000] {base.py:84} INFO - Using connection ID 'dwh_clickhouse' for task execution.
[2026-02-09T12:42:06.112+0000] {logging_mixin.py:188} INFO - [RAW] Deleted existing rows for AAPL in 2025-08-15..2025-08-17
[2026-02-09T12:42:06.123+0000] {logging_mixin.py:188} INFO - [RAW] Inserted 1 rows into dwh.raw_stock_prices
[2026-02-09T12:42:06.124+0000] {python.py:237} INFO - Done. Returned value was: None
[2026-02-09T12:42:06.125+0000] {taskinstance.py:441} INFO - ::group::Post task execution logs
[2026-02-09T12:42:06.135+0000] {taskinstance.py:1206} INFO - Marking task as SUCCESS. dag_id=stock_raw_aapl, task_id=download_and_load_raw, run_id=scheduled__2025-08-16T00:00:00+00:00, execution_date=20250816T000000, start_date=20260209T124205, end_date=20260209T124206
[2026-02-09T12:42:06.204+0000] {local_task_job_runner.py:243} INFO - Task exited with return code 0
[2026-02-09T12:42:06.226+0000] {taskinstance.py:3503} INFO - 0 downstream tasks scheduled from follow-on schedule check
[2026-02-09T12:42:06.231+0000] {local_task_job_runner.py:222} INFO - ::endgroup::
