[2026-02-09T10:29:20.207+0000] {local_task_job_runner.py:120} INFO - ::group::Pre task execution logs
[2026-02-09T10:29:20.238+0000] {taskinstance.py:2076} INFO - Dependencies all met for dep_context=non-requeueable deps ti=<TaskInstance: stock_raw_aapl.download_and_load_raw scheduled__2025-01-28T00:00:00+00:00 [queued]>
[2026-02-09T10:29:20.248+0000] {taskinstance.py:2076} INFO - Dependencies all met for dep_context=requeueable deps ti=<TaskInstance: stock_raw_aapl.download_and_load_raw scheduled__2025-01-28T00:00:00+00:00 [queued]>
[2026-02-09T10:29:20.248+0000] {taskinstance.py:2306} INFO - Starting attempt 1 of 1
[2026-02-09T10:29:20.260+0000] {taskinstance.py:2330} INFO - Executing <Task(PythonOperator): download_and_load_raw> on 2025-01-28 00:00:00+00:00
[2026-02-09T10:29:20.272+0000] {logging_mixin.py:188} WARNING - /home/***/.local/lib/python3.12/site-packages/***/task/task_runner/standard_task_runner.py:62 DeprecationWarning: This process (pid=3054) is multi-threaded, use of fork() may lead to deadlocks in the child.
[2026-02-09T10:29:20.273+0000] {standard_task_runner.py:64} INFO - Started process 3062 to run task
[2026-02-09T10:29:20.272+0000] {standard_task_runner.py:90} INFO - Running: ['***', 'tasks', 'run', 'stock_raw_aapl', 'download_and_load_raw', 'scheduled__2025-01-28T00:00:00+00:00', '--job-id', '4776', '--raw', '--subdir', 'DAGS_FOLDER/stocks_dwh/raw/stocks_raw_dags.py', '--cfg-path', '/tmp/tmplsgk9y6a']
[2026-02-09T10:29:20.274+0000] {standard_task_runner.py:91} INFO - Job 4776: Subtask download_and_load_raw
[2026-02-09T10:29:20.341+0000] {task_command.py:426} INFO - Running <TaskInstance: stock_raw_aapl.download_and_load_raw scheduled__2025-01-28T00:00:00+00:00 [running]> on host 4886d37bc122
[2026-02-09T10:29:20.438+0000] {taskinstance.py:2648} INFO - Exporting env vars: AIRFLOW_CTX_DAG_OWNER='***' AIRFLOW_CTX_DAG_ID='stock_raw_aapl' AIRFLOW_CTX_TASK_ID='download_and_load_raw' AIRFLOW_CTX_EXECUTION_DATE='2025-01-28T00:00:00+00:00' AIRFLOW_CTX_TRY_NUMBER='1' AIRFLOW_CTX_DAG_RUN_ID='scheduled__2025-01-28T00:00:00+00:00'
[2026-02-09T10:29:20.445+0000] {taskinstance.py:430} INFO - ::endgroup::
[2026-02-09T10:29:20.461+0000] {logging_mixin.py:188} INFO - [RAW] Download AAPL [1d] 2025-01-28..2025-01-29
[2026-02-09T10:29:20.463+0000] {logging_mixin.py:188} WARNING - /opt/***/dags/stocks_dwh/raw/stocks_raw_dags.py:38 FutureWarning: YF.download() has changed argument auto_adjust default to True
[2026-02-09T10:29:20.472+0000] {logging_mixin.py:188} WARNING - /home/***/.local/lib/python3.12/site-packages/yfinance/scrapers/history.py:204 Pandas4Warning: Timestamp.utcnow is deprecated and will be removed in a future version. Use Timestamp.now('UTC') instead.
[2026-02-09T10:29:21.041+0000] {taskinstance.py:441} INFO - ::group::Post task execution logs
[2026-02-09T10:29:21.042+0000] {taskinstance.py:2905} ERROR - Task failed with exception
Traceback (most recent call last):
  File "/home/airflow/.local/lib/python3.12/site-packages/airflow/models/taskinstance.py", line 465, in _execute_task
    result = _execute_callable(context=context, **execute_callable_kwargs)
             ^^^^^^^^^^^^^^^^^^^^^^^^^^^^^^^^^^^^^^^^^^^^^^^^^^^^^^^^^^^^^
  File "/home/airflow/.local/lib/python3.12/site-packages/airflow/models/taskinstance.py", line 432, in _execute_callable
    return execute_callable(context=context, **execute_callable_kwargs)
           ^^^^^^^^^^^^^^^^^^^^^^^^^^^^^^^^^^^^^^^^^^^^^^^^^^^^^^^^^^^^
  File "/home/airflow/.local/lib/python3.12/site-packages/airflow/models/baseoperator.py", line 401, in wrapper
    return func(self, *args, **kwargs)
           ^^^^^^^^^^^^^^^^^^^^^^^^^^^
  File "/home/airflow/.local/lib/python3.12/site-packages/airflow/operators/python.py", line 235, in execute
    return_value = self.execute_callable()
                   ^^^^^^^^^^^^^^^^^^^^^^^
  File "/home/airflow/.local/lib/python3.12/site-packages/airflow/operators/python.py", line 252, in execute_callable
    return self.python_callable(*self.op_args, **self.op_kwargs)
           ^^^^^^^^^^^^^^^^^^^^^^^^^^^^^^^^^^^^^^^^^^^^^^^^^^^^^
  File "/opt/airflow/dags/stocks_dwh/raw/stocks_raw_dags.py", line 86, in download_and_load_raw
    df["volume"] = pd.to_numeric(df["volume"], errors="coerce").fillna(0).astype("int64")
                   ^^^^^^^^^^^^^^^^^^^^^^^^^^^^^^^^^^^^^^^^^^^^
  File "/home/airflow/.local/lib/python3.12/site-packages/pandas/core/tools/numeric.py", line 212, in to_numeric
    raise TypeError("arg must be a list, tuple, 1-d array, or Series")
TypeError: arg must be a list, tuple, 1-d array, or Series
[2026-02-09T10:29:21.056+0000] {taskinstance.py:1206} INFO - Marking task as FAILED. dag_id=stock_raw_aapl, task_id=download_and_load_raw, run_id=scheduled__2025-01-28T00:00:00+00:00, execution_date=20250128T000000, start_date=20260209T102920, end_date=20260209T102921
[2026-02-09T10:29:21.068+0000] {standard_task_runner.py:110} ERROR - Failed to execute job 4776 for task download_and_load_raw (arg must be a list, tuple, 1-d array, or Series; 3062)
[2026-02-09T10:29:21.129+0000] {local_task_job_runner.py:243} INFO - Task exited with return code 1
[2026-02-09T10:29:21.146+0000] {taskinstance.py:3503} INFO - 0 downstream tasks scheduled from follow-on schedule check
[2026-02-09T10:29:21.149+0000] {local_task_job_runner.py:222} INFO - ::endgroup::
[2026-02-09T12:30:50.685+0000] {local_task_job_runner.py:120} INFO - ::group::Pre task execution logs
[2026-02-09T12:30:50.715+0000] {taskinstance.py:2076} INFO - Dependencies all met for dep_context=non-requeueable deps ti=<TaskInstance: stock_raw_aapl.download_and_load_raw scheduled__2025-01-28T00:00:00+00:00 [queued]>
[2026-02-09T12:30:50.722+0000] {taskinstance.py:2076} INFO - Dependencies all met for dep_context=requeueable deps ti=<TaskInstance: stock_raw_aapl.download_and_load_raw scheduled__2025-01-28T00:00:00+00:00 [queued]>
[2026-02-09T12:30:50.723+0000] {taskinstance.py:2306} INFO - Starting attempt 1 of 1
[2026-02-09T12:30:50.734+0000] {taskinstance.py:2330} INFO - Executing <Task(PythonOperator): download_and_load_raw> on 2025-01-28 00:00:00+00:00
[2026-02-09T12:30:50.745+0000] {logging_mixin.py:188} WARNING - /home/***/.local/lib/python3.12/site-packages/***/task/task_runner/standard_task_runner.py:62 DeprecationWarning: This process (pid=17015) is multi-threaded, use of fork() may lead to deadlocks in the child.
[2026-02-09T12:30:50.747+0000] {standard_task_runner.py:64} INFO - Started process 17018 to run task
[2026-02-09T12:30:50.745+0000] {standard_task_runner.py:90} INFO - Running: ['***', 'tasks', 'run', 'stock_raw_aapl', 'download_and_load_raw', 'scheduled__2025-01-28T00:00:00+00:00', '--job-id', '7538', '--raw', '--subdir', 'DAGS_FOLDER/stocks_dwh/raw/stocks_raw_dags.py', '--cfg-path', '/tmp/tmps65rl8c1']
[2026-02-09T12:30:50.747+0000] {standard_task_runner.py:91} INFO - Job 7538: Subtask download_and_load_raw
[2026-02-09T12:30:50.811+0000] {task_command.py:426} INFO - Running <TaskInstance: stock_raw_aapl.download_and_load_raw scheduled__2025-01-28T00:00:00+00:00 [running]> on host 4886d37bc122
[2026-02-09T12:30:50.902+0000] {taskinstance.py:2648} INFO - Exporting env vars: AIRFLOW_CTX_DAG_OWNER='***' AIRFLOW_CTX_DAG_ID='stock_raw_aapl' AIRFLOW_CTX_TASK_ID='download_and_load_raw' AIRFLOW_CTX_EXECUTION_DATE='2025-01-28T00:00:00+00:00' AIRFLOW_CTX_TRY_NUMBER='1' AIRFLOW_CTX_DAG_RUN_ID='scheduled__2025-01-28T00:00:00+00:00'
[2026-02-09T12:30:50.903+0000] {taskinstance.py:430} INFO - ::endgroup::
[2026-02-09T12:30:50.914+0000] {stocks_raw_dags.py:37} INFO - 2025-01-28 00:00:00+00:00, 2025-01-29 00:00:00+00:00
[2026-02-09T12:30:50.915+0000] {logging_mixin.py:188} INFO - [RAW] Download AAPL [1d] 2025-01-27..2025-01-29
[2026-02-09T12:30:50.917+0000] {logging_mixin.py:188} WARNING - /opt/***/dags/stocks_dwh/raw/stocks_raw_dags.py:42 FutureWarning: YF.download() has changed argument auto_adjust default to True
[2026-02-09T12:30:50.925+0000] {logging_mixin.py:188} WARNING - /home/***/.local/lib/python3.12/site-packages/yfinance/scrapers/history.py:204 Pandas4Warning: Timestamp.utcnow is deprecated and will be removed in a future version. Use Timestamp.now('UTC') instead.
[2026-02-09T12:30:52.846+0000] {logging_mixin.py:188} WARNING - [*********************100%***********************]  1 of 1 completed
[2026-02-09T12:30:52.880+0000] {base.py:84} INFO - Using connection ID 'dwh_clickhouse' for task execution.
[2026-02-09T12:30:52.907+0000] {logging_mixin.py:188} INFO - [RAW] Deleted existing rows for AAPL in 2025-01-27..2025-01-29
[2026-02-09T12:30:52.917+0000] {logging_mixin.py:188} INFO - [RAW] Inserted 2 rows into dwh.raw_stock_prices
[2026-02-09T12:30:52.917+0000] {python.py:237} INFO - Done. Returned value was: None
[2026-02-09T12:30:52.918+0000] {taskinstance.py:441} INFO - ::group::Post task execution logs
[2026-02-09T12:30:52.928+0000] {taskinstance.py:1206} INFO - Marking task as SUCCESS. dag_id=stock_raw_aapl, task_id=download_and_load_raw, run_id=scheduled__2025-01-28T00:00:00+00:00, execution_date=20250128T000000, start_date=20260209T123050, end_date=20260209T123052
[2026-02-09T12:30:52.967+0000] {local_task_job_runner.py:243} INFO - Task exited with return code 0
[2026-02-09T12:30:52.985+0000] {taskinstance.py:3503} INFO - 0 downstream tasks scheduled from follow-on schedule check
[2026-02-09T12:30:52.986+0000] {local_task_job_runner.py:222} INFO - ::endgroup::
