[2026-02-09T10:27:14.428+0000] {local_task_job_runner.py:120} INFO - ::group::Pre task execution logs
[2026-02-09T10:27:14.470+0000] {taskinstance.py:2076} INFO - Dependencies all met for dep_context=non-requeueable deps ti=<TaskInstance: stock_raw_aapl.download_and_load_raw scheduled__2024-12-21T00:00:00+00:00 [queued]>
[2026-02-09T10:27:14.482+0000] {taskinstance.py:2076} INFO - Dependencies all met for dep_context=requeueable deps ti=<TaskInstance: stock_raw_aapl.download_and_load_raw scheduled__2024-12-21T00:00:00+00:00 [queued]>
[2026-02-09T10:27:14.483+0000] {taskinstance.py:2306} INFO - Starting attempt 1 of 1
[2026-02-09T10:27:14.504+0000] {taskinstance.py:2330} INFO - Executing <Task(PythonOperator): download_and_load_raw> on 2024-12-21 00:00:00+00:00
[2026-02-09T10:27:14.521+0000] {logging_mixin.py:188} WARNING - /home/***/.local/lib/python3.12/site-packages/***/task/task_runner/standard_task_runner.py:62 DeprecationWarning: This process (pid=2240) is multi-threaded, use of fork() may lead to deadlocks in the child.
[2026-02-09T10:27:14.521+0000] {standard_task_runner.py:90} INFO - Running: ['***', 'tasks', 'run', 'stock_raw_aapl', 'download_and_load_raw', 'scheduled__2024-12-21T00:00:00+00:00', '--job-id', '4588', '--raw', '--subdir', 'DAGS_FOLDER/stocks_dwh/raw/stocks_raw_dags.py', '--cfg-path', '/tmp/tmpifkjxxkl']
[2026-02-09T10:27:14.523+0000] {standard_task_runner.py:64} INFO - Started process 2250 to run task
[2026-02-09T10:27:14.524+0000] {standard_task_runner.py:91} INFO - Job 4588: Subtask download_and_load_raw
[2026-02-09T10:27:14.600+0000] {task_command.py:426} INFO - Running <TaskInstance: stock_raw_aapl.download_and_load_raw scheduled__2024-12-21T00:00:00+00:00 [running]> on host 4886d37bc122
[2026-02-09T10:27:14.712+0000] {taskinstance.py:2648} INFO - Exporting env vars: AIRFLOW_CTX_DAG_OWNER='***' AIRFLOW_CTX_DAG_ID='stock_raw_aapl' AIRFLOW_CTX_TASK_ID='download_and_load_raw' AIRFLOW_CTX_EXECUTION_DATE='2024-12-21T00:00:00+00:00' AIRFLOW_CTX_TRY_NUMBER='1' AIRFLOW_CTX_DAG_RUN_ID='scheduled__2024-12-21T00:00:00+00:00'
[2026-02-09T10:27:14.713+0000] {taskinstance.py:430} INFO - ::endgroup::
[2026-02-09T10:27:14.727+0000] {logging_mixin.py:188} INFO - [RAW] Download AAPL [1d] 2024-12-21..2024-12-22
[2026-02-09T10:27:14.730+0000] {logging_mixin.py:188} WARNING - /opt/***/dags/stocks_dwh/raw/stocks_raw_dags.py:38 FutureWarning: YF.download() has changed argument auto_adjust default to True
[2026-02-09T10:27:14.741+0000] {logging_mixin.py:188} WARNING - /home/***/.local/lib/python3.12/site-packages/yfinance/scrapers/history.py:204 Pandas4Warning: Timestamp.utcnow is deprecated and will be removed in a future version. Use Timestamp.now('UTC') instead.
[2026-02-09T10:27:15.234+0000] {multi.py:185} ERROR - 
1 Failed download:
[2026-02-09T10:27:15.235+0000] {multi.py:198} ERROR - ['AAPL']: YFPricesMissingError('possibly delisted; no price data found  (1d 2024-12-21 -> 2024-12-22)')
[2026-02-09T10:27:15.252+0000] {logging_mixin.py:188} INFO - [RAW] No data from yfinance
[2026-02-09T10:27:15.252+0000] {python.py:237} INFO - Done. Returned value was: None
[2026-02-09T10:27:15.253+0000] {taskinstance.py:441} INFO - ::group::Post task execution logs
[2026-02-09T10:27:15.264+0000] {taskinstance.py:1206} INFO - Marking task as SUCCESS. dag_id=stock_raw_aapl, task_id=download_and_load_raw, run_id=scheduled__2024-12-21T00:00:00+00:00, execution_date=20241221T000000, start_date=20260209T102714, end_date=20260209T102715
[2026-02-09T10:27:15.300+0000] {local_task_job_runner.py:243} INFO - Task exited with return code 0
[2026-02-09T10:27:15.318+0000] {taskinstance.py:3503} INFO - 0 downstream tasks scheduled from follow-on schedule check
[2026-02-09T10:27:15.320+0000] {local_task_job_runner.py:222} INFO - ::endgroup::
[2026-02-09T12:28:53.249+0000] {local_task_job_runner.py:120} INFO - ::group::Pre task execution logs
[2026-02-09T12:28:53.277+0000] {taskinstance.py:2076} INFO - Dependencies all met for dep_context=non-requeueable deps ti=<TaskInstance: stock_raw_aapl.download_and_load_raw scheduled__2024-12-21T00:00:00+00:00 [queued]>
[2026-02-09T12:28:53.285+0000] {taskinstance.py:2076} INFO - Dependencies all met for dep_context=requeueable deps ti=<TaskInstance: stock_raw_aapl.download_and_load_raw scheduled__2024-12-21T00:00:00+00:00 [queued]>
[2026-02-09T12:28:53.285+0000] {taskinstance.py:2306} INFO - Starting attempt 1 of 1
[2026-02-09T12:28:53.297+0000] {taskinstance.py:2330} INFO - Executing <Task(PythonOperator): download_and_load_raw> on 2024-12-21 00:00:00+00:00
[2026-02-09T12:28:53.309+0000] {logging_mixin.py:188} WARNING - /home/***/.local/lib/python3.12/site-packages/***/task/task_runner/standard_task_runner.py:62 DeprecationWarning: This process (pid=16668) is multi-threaded, use of fork() may lead to deadlocks in the child.
[2026-02-09T12:28:53.309+0000] {standard_task_runner.py:90} INFO - Running: ['***', 'tasks', 'run', 'stock_raw_aapl', 'download_and_load_raw', 'scheduled__2024-12-21T00:00:00+00:00', '--job-id', '7462', '--raw', '--subdir', 'DAGS_FOLDER/stocks_dwh/raw/stocks_raw_dags.py', '--cfg-path', '/tmp/tmph8zg6vef']
[2026-02-09T12:28:53.310+0000] {standard_task_runner.py:64} INFO - Started process 16672 to run task
[2026-02-09T12:28:53.311+0000] {standard_task_runner.py:91} INFO - Job 7462: Subtask download_and_load_raw
[2026-02-09T12:28:53.375+0000] {task_command.py:426} INFO - Running <TaskInstance: stock_raw_aapl.download_and_load_raw scheduled__2024-12-21T00:00:00+00:00 [running]> on host 4886d37bc122
[2026-02-09T12:28:53.460+0000] {taskinstance.py:2648} INFO - Exporting env vars: AIRFLOW_CTX_DAG_OWNER='***' AIRFLOW_CTX_DAG_ID='stock_raw_aapl' AIRFLOW_CTX_TASK_ID='download_and_load_raw' AIRFLOW_CTX_EXECUTION_DATE='2024-12-21T00:00:00+00:00' AIRFLOW_CTX_TRY_NUMBER='1' AIRFLOW_CTX_DAG_RUN_ID='scheduled__2024-12-21T00:00:00+00:00'
[2026-02-09T12:28:53.461+0000] {taskinstance.py:430} INFO - ::endgroup::
[2026-02-09T12:28:53.471+0000] {stocks_raw_dags.py:37} INFO - 2024-12-21 00:00:00+00:00, 2024-12-22 00:00:00+00:00
[2026-02-09T12:28:53.471+0000] {logging_mixin.py:188} INFO - [RAW] Download AAPL [1d] 2024-12-20..2024-12-22
[2026-02-09T12:28:53.474+0000] {logging_mixin.py:188} WARNING - /opt/***/dags/stocks_dwh/raw/stocks_raw_dags.py:42 FutureWarning: YF.download() has changed argument auto_adjust default to True
[2026-02-09T12:28:53.481+0000] {logging_mixin.py:188} WARNING - /home/***/.local/lib/python3.12/site-packages/yfinance/scrapers/history.py:204 Pandas4Warning: Timestamp.utcnow is deprecated and will be removed in a future version. Use Timestamp.now('UTC') instead.
[2026-02-09T12:28:54.057+0000] {logging_mixin.py:188} WARNING - [*********************100%***********************]  1 of 1 completed
[2026-02-09T12:28:54.091+0000] {base.py:84} INFO - Using connection ID 'dwh_clickhouse' for task execution.
[2026-02-09T12:28:54.117+0000] {logging_mixin.py:188} INFO - [RAW] Deleted existing rows for AAPL in 2024-12-20..2024-12-22
[2026-02-09T12:28:54.128+0000] {logging_mixin.py:188} INFO - [RAW] Inserted 1 rows into dwh.raw_stock_prices
[2026-02-09T12:28:54.129+0000] {python.py:237} INFO - Done. Returned value was: None
[2026-02-09T12:28:54.130+0000] {taskinstance.py:441} INFO - ::group::Post task execution logs
[2026-02-09T12:28:54.141+0000] {taskinstance.py:1206} INFO - Marking task as SUCCESS. dag_id=stock_raw_aapl, task_id=download_and_load_raw, run_id=scheduled__2024-12-21T00:00:00+00:00, execution_date=20241221T000000, start_date=20260209T122853, end_date=20260209T122854
[2026-02-09T12:28:54.210+0000] {local_task_job_runner.py:243} INFO - Task exited with return code 0
[2026-02-09T12:28:54.230+0000] {taskinstance.py:3503} INFO - 0 downstream tasks scheduled from follow-on schedule check
[2026-02-09T12:28:54.232+0000] {local_task_job_runner.py:222} INFO - ::endgroup::
