[2026-02-09T10:47:01.152+0000] {local_task_job_runner.py:120} INFO - ::group::Pre task execution logs
[2026-02-09T10:47:01.186+0000] {taskinstance.py:2076} INFO - Dependencies all met for dep_context=non-requeueable deps ti=<TaskInstance: stock_raw_aapl.download_and_load_raw scheduled__2025-12-21T00:00:00+00:00 [queued]>
[2026-02-09T10:47:01.198+0000] {taskinstance.py:2076} INFO - Dependencies all met for dep_context=requeueable deps ti=<TaskInstance: stock_raw_aapl.download_and_load_raw scheduled__2025-12-21T00:00:00+00:00 [queued]>
[2026-02-09T10:47:01.200+0000] {taskinstance.py:2306} INFO - Starting attempt 1 of 1
[2026-02-09T10:47:01.215+0000] {taskinstance.py:2330} INFO - Executing <Task(PythonOperator): download_and_load_raw> on 2025-12-21 00:00:00+00:00
[2026-02-09T10:47:01.230+0000] {logging_mixin.py:188} WARNING - /home/***/.local/lib/python3.12/site-packages/***/task/task_runner/standard_task_runner.py:62 DeprecationWarning: This process (pid=9911) is multi-threaded, use of fork() may lead to deadlocks in the child.
[2026-02-09T10:47:01.231+0000] {standard_task_runner.py:64} INFO - Started process 9920 to run task
[2026-02-09T10:47:01.230+0000] {standard_task_runner.py:90} INFO - Running: ['***', 'tasks', 'run', 'stock_raw_aapl', 'download_and_load_raw', 'scheduled__2025-12-21T00:00:00+00:00', '--job-id', '6389', '--raw', '--subdir', 'DAGS_FOLDER/stocks_dwh/raw/stocks_raw_dags.py', '--cfg-path', '/tmp/tmpeg6schmq']
[2026-02-09T10:47:01.235+0000] {standard_task_runner.py:91} INFO - Job 6389: Subtask download_and_load_raw
[2026-02-09T10:47:01.302+0000] {task_command.py:426} INFO - Running <TaskInstance: stock_raw_aapl.download_and_load_raw scheduled__2025-12-21T00:00:00+00:00 [running]> on host 4886d37bc122
[2026-02-09T10:47:01.416+0000] {taskinstance.py:2648} INFO - Exporting env vars: AIRFLOW_CTX_DAG_OWNER='***' AIRFLOW_CTX_DAG_ID='stock_raw_aapl' AIRFLOW_CTX_TASK_ID='download_and_load_raw' AIRFLOW_CTX_EXECUTION_DATE='2025-12-21T00:00:00+00:00' AIRFLOW_CTX_TRY_NUMBER='1' AIRFLOW_CTX_DAG_RUN_ID='scheduled__2025-12-21T00:00:00+00:00'
[2026-02-09T10:47:01.420+0000] {taskinstance.py:430} INFO - ::endgroup::
[2026-02-09T10:47:01.431+0000] {logging_mixin.py:188} INFO - [RAW] Download AAPL [1d] 2025-12-21..2025-12-22
[2026-02-09T10:47:01.434+0000] {logging_mixin.py:188} WARNING - /opt/***/dags/stocks_dwh/raw/stocks_raw_dags.py:38 FutureWarning: YF.download() has changed argument auto_adjust default to True
[2026-02-09T10:47:01.443+0000] {logging_mixin.py:188} WARNING - /home/***/.local/lib/python3.12/site-packages/yfinance/scrapers/history.py:204 Pandas4Warning: Timestamp.utcnow is deprecated and will be removed in a future version. Use Timestamp.now('UTC') instead.
[2026-02-09T10:47:01.923+0000] {multi.py:185} ERROR - 
1 Failed download:
[2026-02-09T10:47:01.925+0000] {multi.py:198} ERROR - ['AAPL']: YFPricesMissingError('possibly delisted; no price data found  (1d 2025-12-21 -> 2025-12-22)')
[2026-02-09T10:47:01.939+0000] {logging_mixin.py:188} INFO - [RAW] No data from yfinance
[2026-02-09T10:47:01.940+0000] {python.py:237} INFO - Done. Returned value was: None
[2026-02-09T10:47:01.940+0000] {taskinstance.py:441} INFO - ::group::Post task execution logs
[2026-02-09T10:47:01.950+0000] {taskinstance.py:1206} INFO - Marking task as SUCCESS. dag_id=stock_raw_aapl, task_id=download_and_load_raw, run_id=scheduled__2025-12-21T00:00:00+00:00, execution_date=20251221T000000, start_date=20260209T104701, end_date=20260209T104701
[2026-02-09T10:47:02.010+0000] {local_task_job_runner.py:243} INFO - Task exited with return code 0
[2026-02-09T10:47:02.027+0000] {taskinstance.py:3503} INFO - 0 downstream tasks scheduled from follow-on schedule check
[2026-02-09T10:47:02.029+0000] {local_task_job_runner.py:222} INFO - ::endgroup::
[2026-02-09T12:48:54.243+0000] {local_task_job_runner.py:120} INFO - ::group::Pre task execution logs
[2026-02-09T12:48:54.280+0000] {taskinstance.py:2076} INFO - Dependencies all met for dep_context=non-requeueable deps ti=<TaskInstance: stock_raw_aapl.download_and_load_raw scheduled__2025-12-21T00:00:00+00:00 [queued]>
[2026-02-09T12:48:54.291+0000] {taskinstance.py:2076} INFO - Dependencies all met for dep_context=requeueable deps ti=<TaskInstance: stock_raw_aapl.download_and_load_raw scheduled__2025-12-21T00:00:00+00:00 [queued]>
[2026-02-09T12:48:54.291+0000] {taskinstance.py:2306} INFO - Starting attempt 1 of 1
[2026-02-09T12:48:54.307+0000] {taskinstance.py:2330} INFO - Executing <Task(PythonOperator): download_and_load_raw> on 2025-12-21 00:00:00+00:00
[2026-02-09T12:48:54.319+0000] {logging_mixin.py:188} WARNING - /home/***/.local/lib/python3.12/site-packages/***/task/task_runner/standard_task_runner.py:62 DeprecationWarning: This process (pid=18937) is multi-threaded, use of fork() may lead to deadlocks in the child.
[2026-02-09T12:48:54.320+0000] {standard_task_runner.py:64} INFO - Started process 18939 to run task
[2026-02-09T12:48:54.319+0000] {standard_task_runner.py:90} INFO - Running: ['***', 'tasks', 'run', 'stock_raw_aapl', 'download_and_load_raw', 'scheduled__2025-12-21T00:00:00+00:00', '--job-id', '7912', '--raw', '--subdir', 'DAGS_FOLDER/stocks_dwh/raw/stocks_raw_dags.py', '--cfg-path', '/tmp/tmpcabj8rsl']
[2026-02-09T12:48:54.321+0000] {standard_task_runner.py:91} INFO - Job 7912: Subtask download_and_load_raw
[2026-02-09T12:48:54.389+0000] {task_command.py:426} INFO - Running <TaskInstance: stock_raw_aapl.download_and_load_raw scheduled__2025-12-21T00:00:00+00:00 [running]> on host 4886d37bc122
[2026-02-09T12:48:54.491+0000] {taskinstance.py:2648} INFO - Exporting env vars: AIRFLOW_CTX_DAG_OWNER='***' AIRFLOW_CTX_DAG_ID='stock_raw_aapl' AIRFLOW_CTX_TASK_ID='download_and_load_raw' AIRFLOW_CTX_EXECUTION_DATE='2025-12-21T00:00:00+00:00' AIRFLOW_CTX_TRY_NUMBER='1' AIRFLOW_CTX_DAG_RUN_ID='scheduled__2025-12-21T00:00:00+00:00'
[2026-02-09T12:48:54.492+0000] {taskinstance.py:430} INFO - ::endgroup::
[2026-02-09T12:48:54.504+0000] {stocks_raw_dags.py:37} INFO - 2025-12-21 00:00:00+00:00, 2025-12-22 00:00:00+00:00
[2026-02-09T12:48:54.504+0000] {logging_mixin.py:188} INFO - [RAW] Download AAPL [1d] 2025-12-20..2025-12-22
[2026-02-09T12:48:54.507+0000] {logging_mixin.py:188} WARNING - /opt/***/dags/stocks_dwh/raw/stocks_raw_dags.py:42 FutureWarning: YF.download() has changed argument auto_adjust default to True
[2026-02-09T12:48:54.515+0000] {logging_mixin.py:188} WARNING - /home/***/.local/lib/python3.12/site-packages/yfinance/scrapers/history.py:204 Pandas4Warning: Timestamp.utcnow is deprecated and will be removed in a future version. Use Timestamp.now('UTC') instead.
[2026-02-09T12:48:55.009+0000] {logging_mixin.py:188} WARNING - [*********************100%***********************]  1 of 1 completed
[2026-02-09T12:48:55.011+0000] {multi.py:185} ERROR - 
1 Failed download:
[2026-02-09T12:48:55.012+0000] {multi.py:198} ERROR - ['AAPL']: YFPricesMissingError('possibly delisted; no price data found  (1d 2025-12-20 -> 2025-12-22)')
[2026-02-09T12:48:55.024+0000] {logging_mixin.py:188} INFO - [RAW] No data from yfinance
[2026-02-09T12:48:55.025+0000] {python.py:237} INFO - Done. Returned value was: None
[2026-02-09T12:48:55.025+0000] {taskinstance.py:441} INFO - ::group::Post task execution logs
[2026-02-09T12:48:55.036+0000] {taskinstance.py:1206} INFO - Marking task as SUCCESS. dag_id=stock_raw_aapl, task_id=download_and_load_raw, run_id=scheduled__2025-12-21T00:00:00+00:00, execution_date=20251221T000000, start_date=20260209T124854, end_date=20260209T124855
[2026-02-09T12:48:55.097+0000] {local_task_job_runner.py:243} INFO - Task exited with return code 0
[2026-02-09T12:48:55.117+0000] {taskinstance.py:3503} INFO - 0 downstream tasks scheduled from follow-on schedule check
[2026-02-09T12:48:55.122+0000] {local_task_job_runner.py:222} INFO - ::endgroup::
