[2026-02-09T10:05:47.985+0000] {local_task_job_runner.py:120} INFO - ::group::Pre task execution logs
[2026-02-09T10:05:48.019+0000] {taskinstance.py:2076} INFO - Dependencies all met for dep_context=non-requeueable deps ti=<TaskInstance: stock_raw_msft.download scheduled__2024-01-05T00:00:00+00:00 [queued]>
[2026-02-09T10:05:48.029+0000] {taskinstance.py:2076} INFO - Dependencies all met for dep_context=requeueable deps ti=<TaskInstance: stock_raw_msft.download scheduled__2024-01-05T00:00:00+00:00 [queued]>
[2026-02-09T10:05:48.030+0000] {taskinstance.py:2306} INFO - Starting attempt 1 of 1
[2026-02-09T10:05:48.044+0000] {taskinstance.py:2330} INFO - Executing <Task(PythonOperator): download> on 2024-01-05 00:00:00+00:00
[2026-02-09T10:05:48.056+0000] {logging_mixin.py:188} WARNING - /home/***/.local/lib/python3.12/site-packages/***/task/task_runner/standard_task_runner.py:62 DeprecationWarning: This process (pid=1080) is multi-threaded, use of fork() may lead to deadlocks in the child.
[2026-02-09T10:05:48.058+0000] {standard_task_runner.py:64} INFO - Started process 1089 to run task
[2026-02-09T10:05:48.056+0000] {standard_task_runner.py:90} INFO - Running: ['***', 'tasks', 'run', 'stock_raw_msft', 'download', 'scheduled__2024-01-05T00:00:00+00:00', '--job-id', '2856', '--raw', '--subdir', 'DAGS_FOLDER/stocks_dwh/raw/stocks_raw_dags.py', '--cfg-path', '/tmp/tmpihxh6t9o']
[2026-02-09T10:05:48.059+0000] {standard_task_runner.py:91} INFO - Job 2856: Subtask download
[2026-02-09T10:05:48.125+0000] {task_command.py:426} INFO - Running <TaskInstance: stock_raw_msft.download scheduled__2024-01-05T00:00:00+00:00 [running]> on host b6b9e92e7d61
[2026-02-09T10:05:48.224+0000] {taskinstance.py:2648} INFO - Exporting env vars: AIRFLOW_CTX_DAG_OWNER='***' AIRFLOW_CTX_DAG_ID='stock_raw_msft' AIRFLOW_CTX_TASK_ID='download' AIRFLOW_CTX_EXECUTION_DATE='2024-01-05T00:00:00+00:00' AIRFLOW_CTX_TRY_NUMBER='1' AIRFLOW_CTX_DAG_RUN_ID='scheduled__2024-01-05T00:00:00+00:00'
[2026-02-09T10:05:48.225+0000] {taskinstance.py:430} INFO - ::endgroup::
[2026-02-09T10:05:48.241+0000] {logging_mixin.py:188} INFO - Downloading MSFT [1d] from 2024-01-05 to 2024-01-06
[2026-02-09T10:05:48.244+0000] {logging_mixin.py:188} WARNING - /opt/***/dags/stocks_dwh/raw/stocks_raw_dags.py:25 FutureWarning: YF.download() has changed argument auto_adjust default to True
[2026-02-09T10:05:48.254+0000] {logging_mixin.py:188} WARNING - /home/***/.local/lib/python3.12/site-packages/yfinance/scrapers/history.py:204 Pandas4Warning: Timestamp.utcnow is deprecated and will be removed in a future version. Use Timestamp.now('UTC') instead.
[2026-02-09T10:05:48.774+0000] {logging_mixin.py:188} INFO - Saved -> /opt/***/data/msft__2024-01-05__2024-01-06__1d.parquet
[2026-02-09T10:05:48.775+0000] {python.py:237} INFO - Done. Returned value was: None
[2026-02-09T10:05:48.775+0000] {taskinstance.py:441} INFO - ::group::Post task execution logs
[2026-02-09T10:05:48.785+0000] {taskinstance.py:1206} INFO - Marking task as SUCCESS. dag_id=stock_raw_msft, task_id=download, run_id=scheduled__2024-01-05T00:00:00+00:00, execution_date=20240105T000000, start_date=20260209T100548, end_date=20260209T100548
[2026-02-09T10:05:48.834+0000] {local_task_job_runner.py:243} INFO - Task exited with return code 0
[2026-02-09T10:05:48.850+0000] {taskinstance.py:3503} INFO - 0 downstream tasks scheduled from follow-on schedule check
[2026-02-09T10:05:48.852+0000] {local_task_job_runner.py:222} INFO - ::endgroup::
