[2026-02-09T10:10:50.261+0000] {local_task_job_runner.py:120} INFO - ::group::Pre task execution logs
[2026-02-09T10:10:50.366+0000] {taskinstance.py:2076} INFO - Dependencies all met for dep_context=non-requeueable deps ti=<TaskInstance: stock_raw_aapl.download_and_load_raw scheduled__2024-03-29T00:00:00+00:00 [queued]>
[2026-02-09T10:10:50.394+0000] {taskinstance.py:2076} INFO - Dependencies all met for dep_context=requeueable deps ti=<TaskInstance: stock_raw_aapl.download_and_load_raw scheduled__2024-03-29T00:00:00+00:00 [queued]>
[2026-02-09T10:10:50.395+0000] {taskinstance.py:2306} INFO - Starting attempt 1 of 1
[2026-02-09T10:10:50.413+0000] {taskinstance.py:2330} INFO - Executing <Task(PythonOperator): download_and_load_raw> on 2024-03-29 00:00:00+00:00
[2026-02-09T10:10:50.432+0000] {logging_mixin.py:188} WARNING - /home/***/.local/lib/python3.12/site-packages/***/task/task_runner/standard_task_runner.py:62 DeprecationWarning: This process (pid=2841) is multi-threaded, use of fork() may lead to deadlocks in the child.
[2026-02-09T10:10:50.434+0000] {standard_task_runner.py:64} INFO - Started process 2854 to run task
[2026-02-09T10:10:50.432+0000] {standard_task_runner.py:90} INFO - Running: ['***', 'tasks', 'run', 'stock_raw_aapl', 'download_and_load_raw', 'scheduled__2024-03-29T00:00:00+00:00', '--job-id', '3266', '--raw', '--subdir', 'DAGS_FOLDER/stocks_dwh/raw/stocks_raw_dags.py', '--cfg-path', '/tmp/tmprbvm8fyj']
[2026-02-09T10:10:50.435+0000] {standard_task_runner.py:91} INFO - Job 3266: Subtask download_and_load_raw
[2026-02-09T10:10:50.529+0000] {task_command.py:426} INFO - Running <TaskInstance: stock_raw_aapl.download_and_load_raw scheduled__2024-03-29T00:00:00+00:00 [running]> on host b6b9e92e7d61
[2026-02-09T10:10:50.657+0000] {taskinstance.py:2648} INFO - Exporting env vars: AIRFLOW_CTX_DAG_OWNER='***' AIRFLOW_CTX_DAG_ID='stock_raw_aapl' AIRFLOW_CTX_TASK_ID='download_and_load_raw' AIRFLOW_CTX_EXECUTION_DATE='2024-03-29T00:00:00+00:00' AIRFLOW_CTX_TRY_NUMBER='1' AIRFLOW_CTX_DAG_RUN_ID='scheduled__2024-03-29T00:00:00+00:00'
[2026-02-09T10:10:50.658+0000] {taskinstance.py:430} INFO - ::endgroup::
[2026-02-09T10:10:50.673+0000] {logging_mixin.py:188} INFO - [RAW] Download AAPL [1d] 2024-03-29..2024-03-30
[2026-02-09T10:10:50.675+0000] {logging_mixin.py:188} WARNING - /opt/***/dags/stocks_dwh/raw/stocks_raw_dags.py:38 FutureWarning: YF.download() has changed argument auto_adjust default to True
[2026-02-09T10:10:50.687+0000] {logging_mixin.py:188} WARNING - /home/***/.local/lib/python3.12/site-packages/yfinance/scrapers/history.py:204 Pandas4Warning: Timestamp.utcnow is deprecated and will be removed in a future version. Use Timestamp.now('UTC') instead.
[2026-02-09T10:10:51.177+0000] {multi.py:185} ERROR - 
1 Failed download:
[2026-02-09T10:10:51.178+0000] {multi.py:198} ERROR - ['AAPL']: YFPricesMissingError('possibly delisted; no price data found  (1d 2024-03-29 -> 2024-03-30)')
[2026-02-09T10:10:51.193+0000] {logging_mixin.py:188} INFO - [RAW] No data from yfinance
[2026-02-09T10:10:51.193+0000] {python.py:237} INFO - Done. Returned value was: None
[2026-02-09T10:10:51.194+0000] {taskinstance.py:441} INFO - ::group::Post task execution logs
[2026-02-09T10:10:51.204+0000] {taskinstance.py:1206} INFO - Marking task as SUCCESS. dag_id=stock_raw_aapl, task_id=download_and_load_raw, run_id=scheduled__2024-03-29T00:00:00+00:00, execution_date=20240329T000000, start_date=20260209T101050, end_date=20260209T101051
[2026-02-09T10:10:51.250+0000] {local_task_job_runner.py:243} INFO - Task exited with return code 0
[2026-02-09T10:10:51.270+0000] {taskinstance.py:3503} INFO - 0 downstream tasks scheduled from follow-on schedule check
[2026-02-09T10:10:51.272+0000] {local_task_job_runner.py:222} INFO - ::endgroup::
[2026-02-09T12:14:47.109+0000] {local_task_job_runner.py:120} INFO - ::group::Pre task execution logs
[2026-02-09T12:14:47.137+0000] {taskinstance.py:2076} INFO - Dependencies all met for dep_context=non-requeueable deps ti=<TaskInstance: stock_raw_aapl.download_and_load_raw scheduled__2024-03-29T00:00:00+00:00 [queued]>
[2026-02-09T12:14:47.144+0000] {taskinstance.py:2076} INFO - Dependencies all met for dep_context=requeueable deps ti=<TaskInstance: stock_raw_aapl.download_and_load_raw scheduled__2024-03-29T00:00:00+00:00 [queued]>
[2026-02-09T12:14:47.144+0000] {taskinstance.py:2306} INFO - Starting attempt 1 of 1
[2026-02-09T12:14:47.156+0000] {taskinstance.py:2330} INFO - Executing <Task(PythonOperator): download_and_load_raw> on 2024-03-29 00:00:00+00:00
[2026-02-09T12:14:47.167+0000] {logging_mixin.py:188} WARNING - /home/***/.local/lib/python3.12/site-packages/***/task/task_runner/standard_task_runner.py:62 DeprecationWarning: This process (pid=14191) is multi-threaded, use of fork() may lead to deadlocks in the child.
[2026-02-09T12:14:47.169+0000] {standard_task_runner.py:64} INFO - Started process 14195 to run task
[2026-02-09T12:14:47.167+0000] {standard_task_runner.py:90} INFO - Running: ['***', 'tasks', 'run', 'stock_raw_aapl', 'download_and_load_raw', 'scheduled__2024-03-29T00:00:00+00:00', '--job-id', '6927', '--raw', '--subdir', 'DAGS_FOLDER/stocks_dwh/raw/stocks_raw_dags.py', '--cfg-path', '/tmp/tmpsjtef95h']
[2026-02-09T12:14:47.170+0000] {standard_task_runner.py:91} INFO - Job 6927: Subtask download_and_load_raw
[2026-02-09T12:14:47.227+0000] {task_command.py:426} INFO - Running <TaskInstance: stock_raw_aapl.download_and_load_raw scheduled__2024-03-29T00:00:00+00:00 [running]> on host 4886d37bc122
[2026-02-09T12:14:47.310+0000] {taskinstance.py:2648} INFO - Exporting env vars: AIRFLOW_CTX_DAG_OWNER='***' AIRFLOW_CTX_DAG_ID='stock_raw_aapl' AIRFLOW_CTX_TASK_ID='download_and_load_raw' AIRFLOW_CTX_EXECUTION_DATE='2024-03-29T00:00:00+00:00' AIRFLOW_CTX_TRY_NUMBER='1' AIRFLOW_CTX_DAG_RUN_ID='scheduled__2024-03-29T00:00:00+00:00'
[2026-02-09T12:14:47.311+0000] {taskinstance.py:430} INFO - ::endgroup::
[2026-02-09T12:14:47.321+0000] {stocks_raw_dags.py:37} INFO - 2024-03-29 00:00:00+00:00, 2024-03-30 00:00:00+00:00
[2026-02-09T12:14:47.322+0000] {logging_mixin.py:188} INFO - [RAW] Download AAPL [1d] 2024-03-28..2024-03-30
[2026-02-09T12:14:47.324+0000] {logging_mixin.py:188} WARNING - /opt/***/dags/stocks_dwh/raw/stocks_raw_dags.py:42 FutureWarning: YF.download() has changed argument auto_adjust default to True
[2026-02-09T12:14:47.332+0000] {logging_mixin.py:188} WARNING - /home/***/.local/lib/python3.12/site-packages/yfinance/scrapers/history.py:204 Pandas4Warning: Timestamp.utcnow is deprecated and will be removed in a future version. Use Timestamp.now('UTC') instead.
[2026-02-09T12:14:47.846+0000] {logging_mixin.py:188} WARNING - [*********************100%***********************]  1 of 1 completed
[2026-02-09T12:14:47.877+0000] {base.py:84} INFO - Using connection ID 'dwh_clickhouse' for task execution.
[2026-02-09T12:14:47.903+0000] {logging_mixin.py:188} INFO - [RAW] Deleted existing rows for AAPL in 2024-03-28..2024-03-30
[2026-02-09T12:14:47.915+0000] {logging_mixin.py:188} INFO - [RAW] Inserted 1 rows into dwh.raw_stock_prices
[2026-02-09T12:14:47.916+0000] {python.py:237} INFO - Done. Returned value was: None
[2026-02-09T12:14:47.918+0000] {taskinstance.py:441} INFO - ::group::Post task execution logs
[2026-02-09T12:14:47.932+0000] {taskinstance.py:1206} INFO - Marking task as SUCCESS. dag_id=stock_raw_aapl, task_id=download_and_load_raw, run_id=scheduled__2024-03-29T00:00:00+00:00, execution_date=20240329T000000, start_date=20260209T121447, end_date=20260209T121447
[2026-02-09T12:14:47.985+0000] {local_task_job_runner.py:243} INFO - Task exited with return code 0
[2026-02-09T12:14:48.001+0000] {taskinstance.py:3503} INFO - 0 downstream tasks scheduled from follow-on schedule check
[2026-02-09T12:14:48.003+0000] {local_task_job_runner.py:222} INFO - ::endgroup::
