[2026-02-09T10:31:32.693+0000] {local_task_job_runner.py:120} INFO - ::group::Pre task execution logs
[2026-02-09T10:31:32.732+0000] {taskinstance.py:2076} INFO - Dependencies all met for dep_context=non-requeueable deps ti=<TaskInstance: stock_raw_aapl.download_and_load_raw scheduled__2025-03-09T00:00:00+00:00 [queued]>
[2026-02-09T10:31:32.740+0000] {taskinstance.py:2076} INFO - Dependencies all met for dep_context=requeueable deps ti=<TaskInstance: stock_raw_aapl.download_and_load_raw scheduled__2025-03-09T00:00:00+00:00 [queued]>
[2026-02-09T10:31:32.741+0000] {taskinstance.py:2306} INFO - Starting attempt 1 of 1
[2026-02-09T10:31:32.757+0000] {taskinstance.py:2330} INFO - Executing <Task(PythonOperator): download_and_load_raw> on 2025-03-09 00:00:00+00:00
[2026-02-09T10:31:32.774+0000] {logging_mixin.py:188} WARNING - /home/***/.local/lib/python3.12/site-packages/***/task/task_runner/standard_task_runner.py:62 DeprecationWarning: This process (pid=3900) is multi-threaded, use of fork() may lead to deadlocks in the child.
[2026-02-09T10:31:32.773+0000] {standard_task_runner.py:90} INFO - Running: ['***', 'tasks', 'run', 'stock_raw_aapl', 'download_and_load_raw', 'scheduled__2025-03-09T00:00:00+00:00', '--job-id', '4976', '--raw', '--subdir', 'DAGS_FOLDER/stocks_dwh/raw/stocks_raw_dags.py', '--cfg-path', '/tmp/tmpvur3mio2']
[2026-02-09T10:31:32.775+0000] {standard_task_runner.py:64} INFO - Started process 3910 to run task
[2026-02-09T10:31:32.776+0000] {standard_task_runner.py:91} INFO - Job 4976: Subtask download_and_load_raw
[2026-02-09T10:31:32.851+0000] {task_command.py:426} INFO - Running <TaskInstance: stock_raw_aapl.download_and_load_raw scheduled__2025-03-09T00:00:00+00:00 [running]> on host 4886d37bc122
[2026-02-09T10:31:32.975+0000] {taskinstance.py:2648} INFO - Exporting env vars: AIRFLOW_CTX_DAG_OWNER='***' AIRFLOW_CTX_DAG_ID='stock_raw_aapl' AIRFLOW_CTX_TASK_ID='download_and_load_raw' AIRFLOW_CTX_EXECUTION_DATE='2025-03-09T00:00:00+00:00' AIRFLOW_CTX_TRY_NUMBER='1' AIRFLOW_CTX_DAG_RUN_ID='scheduled__2025-03-09T00:00:00+00:00'
[2026-02-09T10:31:32.977+0000] {taskinstance.py:430} INFO - ::endgroup::
[2026-02-09T10:31:32.995+0000] {logging_mixin.py:188} INFO - [RAW] Download AAPL [1d] 2025-03-09..2025-03-10
[2026-02-09T10:31:32.998+0000] {logging_mixin.py:188} WARNING - /opt/***/dags/stocks_dwh/raw/stocks_raw_dags.py:38 FutureWarning: YF.download() has changed argument auto_adjust default to True
[2026-02-09T10:31:33.010+0000] {logging_mixin.py:188} WARNING - /home/***/.local/lib/python3.12/site-packages/yfinance/scrapers/history.py:204 Pandas4Warning: Timestamp.utcnow is deprecated and will be removed in a future version. Use Timestamp.now('UTC') instead.
[2026-02-09T10:31:33.523+0000] {multi.py:185} ERROR - 
1 Failed download:
[2026-02-09T10:31:33.525+0000] {multi.py:198} ERROR - ['AAPL']: YFPricesMissingError('possibly delisted; no price data found  (1d 2025-03-09 -> 2025-03-10)')
[2026-02-09T10:31:33.543+0000] {logging_mixin.py:188} INFO - [RAW] No data from yfinance
[2026-02-09T10:31:33.543+0000] {python.py:237} INFO - Done. Returned value was: None
[2026-02-09T10:31:33.544+0000] {taskinstance.py:441} INFO - ::group::Post task execution logs
[2026-02-09T10:31:33.555+0000] {taskinstance.py:1206} INFO - Marking task as SUCCESS. dag_id=stock_raw_aapl, task_id=download_and_load_raw, run_id=scheduled__2025-03-09T00:00:00+00:00, execution_date=20250309T000000, start_date=20260209T103132, end_date=20260209T103133
[2026-02-09T10:31:33.592+0000] {local_task_job_runner.py:243} INFO - Task exited with return code 0
[2026-02-09T10:31:33.609+0000] {taskinstance.py:3503} INFO - 0 downstream tasks scheduled from follow-on schedule check
[2026-02-09T10:31:33.611+0000] {local_task_job_runner.py:222} INFO - ::endgroup::
[2026-02-09T12:33:38.007+0000] {local_task_job_runner.py:120} INFO - ::group::Pre task execution logs
[2026-02-09T12:33:38.037+0000] {taskinstance.py:2076} INFO - Dependencies all met for dep_context=non-requeueable deps ti=<TaskInstance: stock_raw_aapl.download_and_load_raw scheduled__2025-03-09T00:00:00+00:00 [queued]>
[2026-02-09T12:33:38.045+0000] {taskinstance.py:2076} INFO - Dependencies all met for dep_context=requeueable deps ti=<TaskInstance: stock_raw_aapl.download_and_load_raw scheduled__2025-03-09T00:00:00+00:00 [queued]>
[2026-02-09T12:33:38.046+0000] {taskinstance.py:2306} INFO - Starting attempt 1 of 1
[2026-02-09T12:33:38.059+0000] {taskinstance.py:2330} INFO - Executing <Task(PythonOperator): download_and_load_raw> on 2025-03-09 00:00:00+00:00
[2026-02-09T12:33:38.071+0000] {logging_mixin.py:188} WARNING - /home/***/.local/lib/python3.12/site-packages/***/task/task_runner/standard_task_runner.py:62 DeprecationWarning: This process (pid=17402) is multi-threaded, use of fork() may lead to deadlocks in the child.
[2026-02-09T12:33:38.073+0000] {standard_task_runner.py:64} INFO - Started process 17411 to run task
[2026-02-09T12:33:38.071+0000] {standard_task_runner.py:90} INFO - Running: ['***', 'tasks', 'run', 'stock_raw_aapl', 'download_and_load_raw', 'scheduled__2025-03-09T00:00:00+00:00', '--job-id', '7619', '--raw', '--subdir', 'DAGS_FOLDER/stocks_dwh/raw/stocks_raw_dags.py', '--cfg-path', '/tmp/tmpfnepchx9']
[2026-02-09T12:33:38.074+0000] {standard_task_runner.py:91} INFO - Job 7619: Subtask download_and_load_raw
[2026-02-09T12:33:38.139+0000] {task_command.py:426} INFO - Running <TaskInstance: stock_raw_aapl.download_and_load_raw scheduled__2025-03-09T00:00:00+00:00 [running]> on host 4886d37bc122
[2026-02-09T12:33:38.245+0000] {taskinstance.py:2648} INFO - Exporting env vars: AIRFLOW_CTX_DAG_OWNER='***' AIRFLOW_CTX_DAG_ID='stock_raw_aapl' AIRFLOW_CTX_TASK_ID='download_and_load_raw' AIRFLOW_CTX_EXECUTION_DATE='2025-03-09T00:00:00+00:00' AIRFLOW_CTX_TRY_NUMBER='1' AIRFLOW_CTX_DAG_RUN_ID='scheduled__2025-03-09T00:00:00+00:00'
[2026-02-09T12:33:38.247+0000] {taskinstance.py:430} INFO - ::endgroup::
[2026-02-09T12:33:38.259+0000] {stocks_raw_dags.py:37} INFO - 2025-03-09 00:00:00+00:00, 2025-03-10 00:00:00+00:00
[2026-02-09T12:33:38.259+0000] {logging_mixin.py:188} INFO - [RAW] Download AAPL [1d] 2025-03-08..2025-03-10
[2026-02-09T12:33:38.263+0000] {logging_mixin.py:188} WARNING - /opt/***/dags/stocks_dwh/raw/stocks_raw_dags.py:42 FutureWarning: YF.download() has changed argument auto_adjust default to True
[2026-02-09T12:33:38.294+0000] {logging_mixin.py:188} WARNING - /home/***/.local/lib/python3.12/site-packages/yfinance/scrapers/history.py:204 Pandas4Warning: Timestamp.utcnow is deprecated and will be removed in a future version. Use Timestamp.now('UTC') instead.
[2026-02-09T12:33:38.772+0000] {logging_mixin.py:188} WARNING - [*********************100%***********************]  1 of 1 completed
[2026-02-09T12:33:38.773+0000] {multi.py:185} ERROR - 
1 Failed download:
[2026-02-09T12:33:38.773+0000] {multi.py:198} ERROR - ['AAPL']: YFPricesMissingError('possibly delisted; no price data found  (1d 2025-03-08 -> 2025-03-10)')
[2026-02-09T12:33:38.785+0000] {logging_mixin.py:188} INFO - [RAW] No data from yfinance
[2026-02-09T12:33:38.786+0000] {python.py:237} INFO - Done. Returned value was: None
[2026-02-09T12:33:38.786+0000] {taskinstance.py:441} INFO - ::group::Post task execution logs
[2026-02-09T12:33:38.796+0000] {taskinstance.py:1206} INFO - Marking task as SUCCESS. dag_id=stock_raw_aapl, task_id=download_and_load_raw, run_id=scheduled__2025-03-09T00:00:00+00:00, execution_date=20250309T000000, start_date=20260209T123338, end_date=20260209T123338
[2026-02-09T12:33:38.849+0000] {local_task_job_runner.py:243} INFO - Task exited with return code 0
[2026-02-09T12:33:38.871+0000] {taskinstance.py:3503} INFO - 0 downstream tasks scheduled from follow-on schedule check
[2026-02-09T12:33:38.875+0000] {local_task_job_runner.py:222} INFO - ::endgroup::
