[2026-02-09T10:41:56.408+0000] {local_task_job_runner.py:120} INFO - ::group::Pre task execution logs
[2026-02-09T10:41:56.440+0000] {taskinstance.py:2076} INFO - Dependencies all met for dep_context=non-requeueable deps ti=<TaskInstance: stock_raw_aapl.download_and_load_raw scheduled__2025-09-14T00:00:00+00:00 [queued]>
[2026-02-09T10:41:56.450+0000] {taskinstance.py:2076} INFO - Dependencies all met for dep_context=requeueable deps ti=<TaskInstance: stock_raw_aapl.download_and_load_raw scheduled__2025-09-14T00:00:00+00:00 [queued]>
[2026-02-09T10:41:56.451+0000] {taskinstance.py:2306} INFO - Starting attempt 1 of 1
[2026-02-09T10:41:56.468+0000] {taskinstance.py:2330} INFO - Executing <Task(PythonOperator): download_and_load_raw> on 2025-09-14 00:00:00+00:00
[2026-02-09T10:41:56.485+0000] {logging_mixin.py:188} WARNING - /home/***/.local/lib/python3.12/site-packages/***/task/task_runner/standard_task_runner.py:62 DeprecationWarning: This process (pid=7859) is multi-threaded, use of fork() may lead to deadlocks in the child.
[2026-02-09T10:41:56.485+0000] {standard_task_runner.py:90} INFO - Running: ['***', 'tasks', 'run', 'stock_raw_aapl', 'download_and_load_raw', 'scheduled__2025-09-14T00:00:00+00:00', '--job-id', '5906', '--raw', '--subdir', 'DAGS_FOLDER/stocks_dwh/raw/stocks_raw_dags.py', '--cfg-path', '/tmp/tmpjgdlqwzd']
[2026-02-09T10:41:56.487+0000] {standard_task_runner.py:64} INFO - Started process 7869 to run task
[2026-02-09T10:41:56.487+0000] {standard_task_runner.py:91} INFO - Job 5906: Subtask download_and_load_raw
[2026-02-09T10:41:56.555+0000] {task_command.py:426} INFO - Running <TaskInstance: stock_raw_aapl.download_and_load_raw scheduled__2025-09-14T00:00:00+00:00 [running]> on host 4886d37bc122
[2026-02-09T10:41:56.654+0000] {taskinstance.py:2648} INFO - Exporting env vars: AIRFLOW_CTX_DAG_OWNER='***' AIRFLOW_CTX_DAG_ID='stock_raw_aapl' AIRFLOW_CTX_TASK_ID='download_and_load_raw' AIRFLOW_CTX_EXECUTION_DATE='2025-09-14T00:00:00+00:00' AIRFLOW_CTX_TRY_NUMBER='1' AIRFLOW_CTX_DAG_RUN_ID='scheduled__2025-09-14T00:00:00+00:00'
[2026-02-09T10:41:56.656+0000] {taskinstance.py:430} INFO - ::endgroup::
[2026-02-09T10:41:56.667+0000] {logging_mixin.py:188} INFO - [RAW] Download AAPL [1d] 2025-09-14..2025-09-15
[2026-02-09T10:41:56.669+0000] {logging_mixin.py:188} WARNING - /opt/***/dags/stocks_dwh/raw/stocks_raw_dags.py:38 FutureWarning: YF.download() has changed argument auto_adjust default to True
[2026-02-09T10:41:56.677+0000] {logging_mixin.py:188} WARNING - /home/***/.local/lib/python3.12/site-packages/yfinance/scrapers/history.py:204 Pandas4Warning: Timestamp.utcnow is deprecated and will be removed in a future version. Use Timestamp.now('UTC') instead.
[2026-02-09T10:41:57.228+0000] {multi.py:185} ERROR - 
1 Failed download:
[2026-02-09T10:41:57.229+0000] {multi.py:198} ERROR - ['AAPL']: YFPricesMissingError('possibly delisted; no price data found  (1d 2025-09-14 -> 2025-09-15)')
[2026-02-09T10:41:57.241+0000] {logging_mixin.py:188} INFO - [RAW] No data from yfinance
[2026-02-09T10:41:57.242+0000] {python.py:237} INFO - Done. Returned value was: None
[2026-02-09T10:41:57.242+0000] {taskinstance.py:441} INFO - ::group::Post task execution logs
[2026-02-09T10:41:57.254+0000] {taskinstance.py:1206} INFO - Marking task as SUCCESS. dag_id=stock_raw_aapl, task_id=download_and_load_raw, run_id=scheduled__2025-09-14T00:00:00+00:00, execution_date=20250914T000000, start_date=20260209T104156, end_date=20260209T104157
[2026-02-09T10:41:57.303+0000] {local_task_job_runner.py:243} INFO - Task exited with return code 0
[2026-02-09T10:41:57.320+0000] {taskinstance.py:3503} INFO - 0 downstream tasks scheduled from follow-on schedule check
[2026-02-09T10:41:57.322+0000] {local_task_job_runner.py:222} INFO - ::endgroup::
[2026-02-09T12:43:31.989+0000] {local_task_job_runner.py:120} INFO - ::group::Pre task execution logs
[2026-02-09T12:43:32.017+0000] {taskinstance.py:2076} INFO - Dependencies all met for dep_context=non-requeueable deps ti=<TaskInstance: stock_raw_aapl.download_and_load_raw scheduled__2025-09-14T00:00:00+00:00 [queued]>
[2026-02-09T12:43:32.024+0000] {taskinstance.py:2076} INFO - Dependencies all met for dep_context=requeueable deps ti=<TaskInstance: stock_raw_aapl.download_and_load_raw scheduled__2025-09-14T00:00:00+00:00 [queued]>
[2026-02-09T12:43:32.024+0000] {taskinstance.py:2306} INFO - Starting attempt 1 of 1
[2026-02-09T12:43:32.036+0000] {taskinstance.py:2330} INFO - Executing <Task(PythonOperator): download_and_load_raw> on 2025-09-14 00:00:00+00:00
[2026-02-09T12:43:32.048+0000] {logging_mixin.py:188} WARNING - /home/***/.local/lib/python3.12/site-packages/***/task/task_runner/standard_task_runner.py:62 DeprecationWarning: This process (pid=18419) is multi-threaded, use of fork() may lead to deadlocks in the child.
[2026-02-09T12:43:32.049+0000] {standard_task_runner.py:64} INFO - Started process 18421 to run task
[2026-02-09T12:43:32.048+0000] {standard_task_runner.py:90} INFO - Running: ['***', 'tasks', 'run', 'stock_raw_aapl', 'download_and_load_raw', 'scheduled__2025-09-14T00:00:00+00:00', '--job-id', '7814', '--raw', '--subdir', 'DAGS_FOLDER/stocks_dwh/raw/stocks_raw_dags.py', '--cfg-path', '/tmp/tmpx3p458ji']
[2026-02-09T12:43:32.050+0000] {standard_task_runner.py:91} INFO - Job 7814: Subtask download_and_load_raw
[2026-02-09T12:43:32.109+0000] {task_command.py:426} INFO - Running <TaskInstance: stock_raw_aapl.download_and_load_raw scheduled__2025-09-14T00:00:00+00:00 [running]> on host 4886d37bc122
[2026-02-09T12:43:32.197+0000] {taskinstance.py:2648} INFO - Exporting env vars: AIRFLOW_CTX_DAG_OWNER='***' AIRFLOW_CTX_DAG_ID='stock_raw_aapl' AIRFLOW_CTX_TASK_ID='download_and_load_raw' AIRFLOW_CTX_EXECUTION_DATE='2025-09-14T00:00:00+00:00' AIRFLOW_CTX_TRY_NUMBER='1' AIRFLOW_CTX_DAG_RUN_ID='scheduled__2025-09-14T00:00:00+00:00'
[2026-02-09T12:43:32.198+0000] {taskinstance.py:430} INFO - ::endgroup::
[2026-02-09T12:43:32.208+0000] {stocks_raw_dags.py:37} INFO - 2025-09-14 00:00:00+00:00, 2025-09-15 00:00:00+00:00
[2026-02-09T12:43:32.208+0000] {logging_mixin.py:188} INFO - [RAW] Download AAPL [1d] 2025-09-13..2025-09-15
[2026-02-09T12:43:32.211+0000] {logging_mixin.py:188} WARNING - /opt/***/dags/stocks_dwh/raw/stocks_raw_dags.py:42 FutureWarning: YF.download() has changed argument auto_adjust default to True
[2026-02-09T12:43:32.220+0000] {logging_mixin.py:188} WARNING - /home/***/.local/lib/python3.12/site-packages/yfinance/scrapers/history.py:204 Pandas4Warning: Timestamp.utcnow is deprecated and will be removed in a future version. Use Timestamp.now('UTC') instead.
[2026-02-09T12:43:32.739+0000] {logging_mixin.py:188} WARNING - [*********************100%***********************]  1 of 1 completed
[2026-02-09T12:43:32.740+0000] {multi.py:185} ERROR - 
1 Failed download:
[2026-02-09T12:43:32.740+0000] {multi.py:198} ERROR - ['AAPL']: YFPricesMissingError('possibly delisted; no price data found  (1d 2025-09-13 -> 2025-09-15)')
[2026-02-09T12:43:32.754+0000] {logging_mixin.py:188} INFO - [RAW] No data from yfinance
[2026-02-09T12:43:32.754+0000] {python.py:237} INFO - Done. Returned value was: None
[2026-02-09T12:43:32.755+0000] {taskinstance.py:441} INFO - ::group::Post task execution logs
[2026-02-09T12:43:32.764+0000] {taskinstance.py:1206} INFO - Marking task as SUCCESS. dag_id=stock_raw_aapl, task_id=download_and_load_raw, run_id=scheduled__2025-09-14T00:00:00+00:00, execution_date=20250914T000000, start_date=20260209T124332, end_date=20260209T124332
[2026-02-09T12:43:32.825+0000] {local_task_job_runner.py:243} INFO - Task exited with return code 0
[2026-02-09T12:43:32.841+0000] {taskinstance.py:3503} INFO - 0 downstream tasks scheduled from follow-on schedule check
[2026-02-09T12:43:32.845+0000] {local_task_job_runner.py:222} INFO - ::endgroup::
