[2026-02-09T10:27:49.678+0000] {local_task_job_runner.py:120} INFO - ::group::Pre task execution logs
[2026-02-09T10:27:49.711+0000] {taskinstance.py:2076} INFO - Dependencies all met for dep_context=non-requeueable deps ti=<TaskInstance: stock_raw_aapl.download_and_load_raw scheduled__2025-01-01T00:00:00+00:00 [queued]>
[2026-02-09T10:27:49.720+0000] {taskinstance.py:2076} INFO - Dependencies all met for dep_context=requeueable deps ti=<TaskInstance: stock_raw_aapl.download_and_load_raw scheduled__2025-01-01T00:00:00+00:00 [queued]>
[2026-02-09T10:27:49.721+0000] {taskinstance.py:2306} INFO - Starting attempt 1 of 1
[2026-02-09T10:27:49.732+0000] {taskinstance.py:2330} INFO - Executing <Task(PythonOperator): download_and_load_raw> on 2025-01-01 00:00:00+00:00
[2026-02-09T10:27:49.746+0000] {logging_mixin.py:188} WARNING - /home/***/.local/lib/python3.12/site-packages/***/task/task_runner/standard_task_runner.py:62 DeprecationWarning: This process (pid=2479) is multi-threaded, use of fork() may lead to deadlocks in the child.
[2026-02-09T10:27:49.746+0000] {standard_task_runner.py:90} INFO - Running: ['***', 'tasks', 'run', 'stock_raw_aapl', 'download_and_load_raw', 'scheduled__2025-01-01T00:00:00+00:00', '--job-id', '4641', '--raw', '--subdir', 'DAGS_FOLDER/stocks_dwh/raw/stocks_raw_dags.py', '--cfg-path', '/tmp/tmp5cb27rnl']
[2026-02-09T10:27:49.749+0000] {standard_task_runner.py:64} INFO - Started process 2486 to run task
[2026-02-09T10:27:49.749+0000] {standard_task_runner.py:91} INFO - Job 4641: Subtask download_and_load_raw
[2026-02-09T10:27:49.822+0000] {task_command.py:426} INFO - Running <TaskInstance: stock_raw_aapl.download_and_load_raw scheduled__2025-01-01T00:00:00+00:00 [running]> on host 4886d37bc122
[2026-02-09T10:27:49.924+0000] {taskinstance.py:2648} INFO - Exporting env vars: AIRFLOW_CTX_DAG_OWNER='***' AIRFLOW_CTX_DAG_ID='stock_raw_aapl' AIRFLOW_CTX_TASK_ID='download_and_load_raw' AIRFLOW_CTX_EXECUTION_DATE='2025-01-01T00:00:00+00:00' AIRFLOW_CTX_TRY_NUMBER='1' AIRFLOW_CTX_DAG_RUN_ID='scheduled__2025-01-01T00:00:00+00:00'
[2026-02-09T10:27:49.926+0000] {taskinstance.py:430} INFO - ::endgroup::
[2026-02-09T10:27:49.944+0000] {logging_mixin.py:188} INFO - [RAW] Download AAPL [1d] 2025-01-01..2025-01-02
[2026-02-09T10:27:49.947+0000] {logging_mixin.py:188} WARNING - /opt/***/dags/stocks_dwh/raw/stocks_raw_dags.py:38 FutureWarning: YF.download() has changed argument auto_adjust default to True
[2026-02-09T10:27:49.956+0000] {logging_mixin.py:188} WARNING - /home/***/.local/lib/python3.12/site-packages/yfinance/scrapers/history.py:204 Pandas4Warning: Timestamp.utcnow is deprecated and will be removed in a future version. Use Timestamp.now('UTC') instead.
[2026-02-09T10:27:50.474+0000] {multi.py:185} ERROR - 
1 Failed download:
[2026-02-09T10:27:50.475+0000] {multi.py:198} ERROR - ['AAPL']: YFPricesMissingError('possibly delisted; no price data found  (1d 2025-01-01 -> 2025-01-02)')
[2026-02-09T10:27:50.487+0000] {logging_mixin.py:188} INFO - [RAW] No data from yfinance
[2026-02-09T10:27:50.488+0000] {python.py:237} INFO - Done. Returned value was: None
[2026-02-09T10:27:50.488+0000] {taskinstance.py:441} INFO - ::group::Post task execution logs
[2026-02-09T10:27:50.498+0000] {taskinstance.py:1206} INFO - Marking task as SUCCESS. dag_id=stock_raw_aapl, task_id=download_and_load_raw, run_id=scheduled__2025-01-01T00:00:00+00:00, execution_date=20250101T000000, start_date=20260209T102749, end_date=20260209T102750
[2026-02-09T10:27:50.565+0000] {local_task_job_runner.py:243} INFO - Task exited with return code 0
[2026-02-09T10:27:50.583+0000] {taskinstance.py:3503} INFO - 0 downstream tasks scheduled from follow-on schedule check
[2026-02-09T10:27:50.585+0000] {local_task_job_runner.py:222} INFO - ::endgroup::
[2026-02-09T12:29:28.692+0000] {local_task_job_runner.py:120} INFO - ::group::Pre task execution logs
[2026-02-09T12:29:28.720+0000] {taskinstance.py:2076} INFO - Dependencies all met for dep_context=non-requeueable deps ti=<TaskInstance: stock_raw_aapl.download_and_load_raw scheduled__2025-01-01T00:00:00+00:00 [queued]>
[2026-02-09T12:29:28.727+0000] {taskinstance.py:2076} INFO - Dependencies all met for dep_context=requeueable deps ti=<TaskInstance: stock_raw_aapl.download_and_load_raw scheduled__2025-01-01T00:00:00+00:00 [queued]>
[2026-02-09T12:29:28.727+0000] {taskinstance.py:2306} INFO - Starting attempt 1 of 1
[2026-02-09T12:29:28.738+0000] {taskinstance.py:2330} INFO - Executing <Task(PythonOperator): download_and_load_raw> on 2025-01-01 00:00:00+00:00
[2026-02-09T12:29:28.750+0000] {logging_mixin.py:188} WARNING - /home/***/.local/lib/python3.12/site-packages/***/task/task_runner/standard_task_runner.py:62 DeprecationWarning: This process (pid=16768) is multi-threaded, use of fork() may lead to deadlocks in the child.
[2026-02-09T12:29:28.750+0000] {standard_task_runner.py:90} INFO - Running: ['***', 'tasks', 'run', 'stock_raw_aapl', 'download_and_load_raw', 'scheduled__2025-01-01T00:00:00+00:00', '--job-id', '7485', '--raw', '--subdir', 'DAGS_FOLDER/stocks_dwh/raw/stocks_raw_dags.py', '--cfg-path', '/tmp/tmpk688_g5e']
[2026-02-09T12:29:28.752+0000] {standard_task_runner.py:64} INFO - Started process 16773 to run task
[2026-02-09T12:29:28.752+0000] {standard_task_runner.py:91} INFO - Job 7485: Subtask download_and_load_raw
[2026-02-09T12:29:28.810+0000] {task_command.py:426} INFO - Running <TaskInstance: stock_raw_aapl.download_and_load_raw scheduled__2025-01-01T00:00:00+00:00 [running]> on host 4886d37bc122
[2026-02-09T12:29:28.898+0000] {taskinstance.py:2648} INFO - Exporting env vars: AIRFLOW_CTX_DAG_OWNER='***' AIRFLOW_CTX_DAG_ID='stock_raw_aapl' AIRFLOW_CTX_TASK_ID='download_and_load_raw' AIRFLOW_CTX_EXECUTION_DATE='2025-01-01T00:00:00+00:00' AIRFLOW_CTX_TRY_NUMBER='1' AIRFLOW_CTX_DAG_RUN_ID='scheduled__2025-01-01T00:00:00+00:00'
[2026-02-09T12:29:28.899+0000] {taskinstance.py:430} INFO - ::endgroup::
[2026-02-09T12:29:28.909+0000] {stocks_raw_dags.py:37} INFO - 2025-01-01 00:00:00+00:00, 2025-01-02 00:00:00+00:00
[2026-02-09T12:29:28.909+0000] {logging_mixin.py:188} INFO - [RAW] Download AAPL [1d] 2024-12-31..2025-01-02
[2026-02-09T12:29:28.911+0000] {logging_mixin.py:188} WARNING - /opt/***/dags/stocks_dwh/raw/stocks_raw_dags.py:42 FutureWarning: YF.download() has changed argument auto_adjust default to True
[2026-02-09T12:29:28.920+0000] {logging_mixin.py:188} WARNING - /home/***/.local/lib/python3.12/site-packages/yfinance/scrapers/history.py:204 Pandas4Warning: Timestamp.utcnow is deprecated and will be removed in a future version. Use Timestamp.now('UTC') instead.
[2026-02-09T12:29:29.432+0000] {logging_mixin.py:188} WARNING - [*********************100%***********************]  1 of 1 completed
[2026-02-09T12:29:29.469+0000] {base.py:84} INFO - Using connection ID 'dwh_clickhouse' for task execution.
[2026-02-09T12:29:29.495+0000] {logging_mixin.py:188} INFO - [RAW] Deleted existing rows for AAPL in 2024-12-31..2025-01-02
[2026-02-09T12:29:29.507+0000] {logging_mixin.py:188} INFO - [RAW] Inserted 1 rows into dwh.raw_stock_prices
[2026-02-09T12:29:29.508+0000] {python.py:237} INFO - Done. Returned value was: None
[2026-02-09T12:29:29.509+0000] {taskinstance.py:441} INFO - ::group::Post task execution logs
[2026-02-09T12:29:29.519+0000] {taskinstance.py:1206} INFO - Marking task as SUCCESS. dag_id=stock_raw_aapl, task_id=download_and_load_raw, run_id=scheduled__2025-01-01T00:00:00+00:00, execution_date=20250101T000000, start_date=20260209T122928, end_date=20260209T122929
[2026-02-09T12:29:29.568+0000] {local_task_job_runner.py:243} INFO - Task exited with return code 0
[2026-02-09T12:29:29.590+0000] {taskinstance.py:3503} INFO - 0 downstream tasks scheduled from follow-on schedule check
[2026-02-09T12:29:29.592+0000] {local_task_job_runner.py:222} INFO - ::endgroup::
