[2026-02-09T10:37:22.323+0000] {local_task_job_runner.py:120} INFO - ::group::Pre task execution logs
[2026-02-09T10:37:22.351+0000] {taskinstance.py:2076} INFO - Dependencies all met for dep_context=non-requeueable deps ti=<TaskInstance: stock_raw_aapl.download_and_load_raw scheduled__2025-06-22T00:00:00+00:00 [queued]>
[2026-02-09T10:37:22.358+0000] {taskinstance.py:2076} INFO - Dependencies all met for dep_context=requeueable deps ti=<TaskInstance: stock_raw_aapl.download_and_load_raw scheduled__2025-06-22T00:00:00+00:00 [queued]>
[2026-02-09T10:37:22.359+0000] {taskinstance.py:2306} INFO - Starting attempt 1 of 1
[2026-02-09T10:37:22.371+0000] {taskinstance.py:2330} INFO - Executing <Task(PythonOperator): download_and_load_raw> on 2025-06-22 00:00:00+00:00
[2026-02-09T10:37:22.383+0000] {logging_mixin.py:188} WARNING - /home/***/.local/lib/python3.12/site-packages/***/task/task_runner/standard_task_runner.py:62 DeprecationWarning: This process (pid=6118) is multi-threaded, use of fork() may lead to deadlocks in the child.
[2026-02-09T10:37:22.384+0000] {standard_task_runner.py:64} INFO - Started process 6125 to run task
[2026-02-09T10:37:22.383+0000] {standard_task_runner.py:90} INFO - Running: ['***', 'tasks', 'run', 'stock_raw_aapl', 'download_and_load_raw', 'scheduled__2025-06-22T00:00:00+00:00', '--job-id', '5494', '--raw', '--subdir', 'DAGS_FOLDER/stocks_dwh/raw/stocks_raw_dags.py', '--cfg-path', '/tmp/tmpoh_7233u']
[2026-02-09T10:37:22.385+0000] {standard_task_runner.py:91} INFO - Job 5494: Subtask download_and_load_raw
[2026-02-09T10:37:22.445+0000] {task_command.py:426} INFO - Running <TaskInstance: stock_raw_aapl.download_and_load_raw scheduled__2025-06-22T00:00:00+00:00 [running]> on host 4886d37bc122
[2026-02-09T10:37:22.533+0000] {taskinstance.py:2648} INFO - Exporting env vars: AIRFLOW_CTX_DAG_OWNER='***' AIRFLOW_CTX_DAG_ID='stock_raw_aapl' AIRFLOW_CTX_TASK_ID='download_and_load_raw' AIRFLOW_CTX_EXECUTION_DATE='2025-06-22T00:00:00+00:00' AIRFLOW_CTX_TRY_NUMBER='1' AIRFLOW_CTX_DAG_RUN_ID='scheduled__2025-06-22T00:00:00+00:00'
[2026-02-09T10:37:22.534+0000] {taskinstance.py:430} INFO - ::endgroup::
[2026-02-09T10:37:22.545+0000] {logging_mixin.py:188} INFO - [RAW] Download AAPL [1d] 2025-06-22..2025-06-23
[2026-02-09T10:37:22.547+0000] {logging_mixin.py:188} WARNING - /opt/***/dags/stocks_dwh/raw/stocks_raw_dags.py:38 FutureWarning: YF.download() has changed argument auto_adjust default to True
[2026-02-09T10:37:22.555+0000] {logging_mixin.py:188} WARNING - /home/***/.local/lib/python3.12/site-packages/yfinance/scrapers/history.py:204 Pandas4Warning: Timestamp.utcnow is deprecated and will be removed in a future version. Use Timestamp.now('UTC') instead.
[2026-02-09T10:37:23.064+0000] {multi.py:185} ERROR - 
1 Failed download:
[2026-02-09T10:37:23.064+0000] {multi.py:198} ERROR - ['AAPL']: YFPricesMissingError('possibly delisted; no price data found  (1d 2025-06-22 -> 2025-06-23)')
[2026-02-09T10:37:23.075+0000] {logging_mixin.py:188} INFO - [RAW] No data from yfinance
[2026-02-09T10:37:23.076+0000] {python.py:237} INFO - Done. Returned value was: None
[2026-02-09T10:37:23.076+0000] {taskinstance.py:441} INFO - ::group::Post task execution logs
[2026-02-09T10:37:23.085+0000] {taskinstance.py:1206} INFO - Marking task as SUCCESS. dag_id=stock_raw_aapl, task_id=download_and_load_raw, run_id=scheduled__2025-06-22T00:00:00+00:00, execution_date=20250622T000000, start_date=20260209T103722, end_date=20260209T103723
[2026-02-09T10:37:23.120+0000] {local_task_job_runner.py:243} INFO - Task exited with return code 0
[2026-02-09T10:37:23.135+0000] {taskinstance.py:3503} INFO - 0 downstream tasks scheduled from follow-on schedule check
[2026-02-09T10:37:23.137+0000] {local_task_job_runner.py:222} INFO - ::endgroup::
[2026-02-09T12:39:11.159+0000] {local_task_job_runner.py:120} INFO - ::group::Pre task execution logs
[2026-02-09T12:39:11.191+0000] {taskinstance.py:2076} INFO - Dependencies all met for dep_context=non-requeueable deps ti=<TaskInstance: stock_raw_aapl.download_and_load_raw scheduled__2025-06-22T00:00:00+00:00 [queued]>
[2026-02-09T12:39:11.199+0000] {taskinstance.py:2076} INFO - Dependencies all met for dep_context=requeueable deps ti=<TaskInstance: stock_raw_aapl.download_and_load_raw scheduled__2025-06-22T00:00:00+00:00 [queued]>
[2026-02-09T12:39:11.200+0000] {taskinstance.py:2306} INFO - Starting attempt 1 of 1
[2026-02-09T12:39:11.212+0000] {taskinstance.py:2330} INFO - Executing <Task(PythonOperator): download_and_load_raw> on 2025-06-22 00:00:00+00:00
[2026-02-09T12:39:11.224+0000] {logging_mixin.py:188} WARNING - /home/***/.local/lib/python3.12/site-packages/***/task/task_runner/standard_task_runner.py:62 DeprecationWarning: This process (pid=17981) is multi-threaded, use of fork() may lead to deadlocks in the child.
[2026-02-09T12:39:11.226+0000] {standard_task_runner.py:64} INFO - Started process 17983 to run task
[2026-02-09T12:39:11.225+0000] {standard_task_runner.py:90} INFO - Running: ['***', 'tasks', 'run', 'stock_raw_aapl', 'download_and_load_raw', 'scheduled__2025-06-22T00:00:00+00:00', '--job-id', '7730', '--raw', '--subdir', 'DAGS_FOLDER/stocks_dwh/raw/stocks_raw_dags.py', '--cfg-path', '/tmp/tmpth41et84']
[2026-02-09T12:39:11.227+0000] {standard_task_runner.py:91} INFO - Job 7730: Subtask download_and_load_raw
[2026-02-09T12:39:11.288+0000] {task_command.py:426} INFO - Running <TaskInstance: stock_raw_aapl.download_and_load_raw scheduled__2025-06-22T00:00:00+00:00 [running]> on host 4886d37bc122
[2026-02-09T12:39:11.396+0000] {taskinstance.py:2648} INFO - Exporting env vars: AIRFLOW_CTX_DAG_OWNER='***' AIRFLOW_CTX_DAG_ID='stock_raw_aapl' AIRFLOW_CTX_TASK_ID='download_and_load_raw' AIRFLOW_CTX_EXECUTION_DATE='2025-06-22T00:00:00+00:00' AIRFLOW_CTX_TRY_NUMBER='1' AIRFLOW_CTX_DAG_RUN_ID='scheduled__2025-06-22T00:00:00+00:00'
[2026-02-09T12:39:11.399+0000] {taskinstance.py:430} INFO - ::endgroup::
[2026-02-09T12:39:11.419+0000] {stocks_raw_dags.py:37} INFO - 2025-06-22 00:00:00+00:00, 2025-06-23 00:00:00+00:00
[2026-02-09T12:39:11.420+0000] {logging_mixin.py:188} INFO - [RAW] Download AAPL [1d] 2025-06-21..2025-06-23
[2026-02-09T12:39:11.426+0000] {logging_mixin.py:188} WARNING - /opt/***/dags/stocks_dwh/raw/stocks_raw_dags.py:42 FutureWarning: YF.download() has changed argument auto_adjust default to True
[2026-02-09T12:39:11.439+0000] {logging_mixin.py:188} WARNING - /home/***/.local/lib/python3.12/site-packages/yfinance/scrapers/history.py:204 Pandas4Warning: Timestamp.utcnow is deprecated and will be removed in a future version. Use Timestamp.now('UTC') instead.
[2026-02-09T12:39:11.936+0000] {logging_mixin.py:188} WARNING - [*********************100%***********************]  1 of 1 completed
[2026-02-09T12:39:11.936+0000] {multi.py:185} ERROR - 
1 Failed download:
[2026-02-09T12:39:11.937+0000] {multi.py:198} ERROR - ['AAPL']: YFPricesMissingError('possibly delisted; no price data found  (1d 2025-06-21 -> 2025-06-23)')
[2026-02-09T12:39:11.948+0000] {logging_mixin.py:188} INFO - [RAW] No data from yfinance
[2026-02-09T12:39:11.949+0000] {python.py:237} INFO - Done. Returned value was: None
[2026-02-09T12:39:11.950+0000] {taskinstance.py:441} INFO - ::group::Post task execution logs
[2026-02-09T12:39:11.959+0000] {taskinstance.py:1206} INFO - Marking task as SUCCESS. dag_id=stock_raw_aapl, task_id=download_and_load_raw, run_id=scheduled__2025-06-22T00:00:00+00:00, execution_date=20250622T000000, start_date=20260209T123911, end_date=20260209T123911
[2026-02-09T12:39:12.002+0000] {local_task_job_runner.py:243} INFO - Task exited with return code 0
[2026-02-09T12:39:12.019+0000] {taskinstance.py:3503} INFO - 0 downstream tasks scheduled from follow-on schedule check
[2026-02-09T12:39:12.022+0000] {local_task_job_runner.py:222} INFO - ::endgroup::
