[2026-02-09T10:39:50.931+0000] {local_task_job_runner.py:120} INFO - ::group::Pre task execution logs
[2026-02-09T10:39:50.962+0000] {taskinstance.py:2076} INFO - Dependencies all met for dep_context=non-requeueable deps ti=<TaskInstance: stock_raw_moex_sber.download_and_load_raw scheduled__2025-07-07T00:00:00+00:00 [queued]>
[2026-02-09T10:39:50.970+0000] {taskinstance.py:2076} INFO - Dependencies all met for dep_context=requeueable deps ti=<TaskInstance: stock_raw_moex_sber.download_and_load_raw scheduled__2025-07-07T00:00:00+00:00 [queued]>
[2026-02-09T10:39:50.971+0000] {taskinstance.py:2306} INFO - Starting attempt 1 of 1
[2026-02-09T10:39:50.983+0000] {taskinstance.py:2330} INFO - Executing <Task(PythonOperator): download_and_load_raw> on 2025-07-07 00:00:00+00:00
[2026-02-09T10:39:50.994+0000] {logging_mixin.py:188} WARNING - /home/***/.local/lib/python3.12/site-packages/***/task/task_runner/standard_task_runner.py:62 DeprecationWarning: This process (pid=7131) is multi-threaded, use of fork() may lead to deadlocks in the child.
[2026-02-09T10:39:50.995+0000] {standard_task_runner.py:64} INFO - Started process 7137 to run task
[2026-02-09T10:39:50.994+0000] {standard_task_runner.py:90} INFO - Running: ['***', 'tasks', 'run', 'stock_raw_moex_sber', 'download_and_load_raw', 'scheduled__2025-07-07T00:00:00+00:00', '--job-id', '5736', '--raw', '--subdir', 'DAGS_FOLDER/stocks_dwh/raw/stocks_raw_dags.py', '--cfg-path', '/tmp/tmpkhw7d8eh']
[2026-02-09T10:39:50.996+0000] {standard_task_runner.py:91} INFO - Job 5736: Subtask download_and_load_raw
[2026-02-09T10:39:51.057+0000] {task_command.py:426} INFO - Running <TaskInstance: stock_raw_moex_sber.download_and_load_raw scheduled__2025-07-07T00:00:00+00:00 [running]> on host 4886d37bc122
[2026-02-09T10:39:51.140+0000] {taskinstance.py:2648} INFO - Exporting env vars: AIRFLOW_CTX_DAG_OWNER='***' AIRFLOW_CTX_DAG_ID='stock_raw_moex_sber' AIRFLOW_CTX_TASK_ID='download_and_load_raw' AIRFLOW_CTX_EXECUTION_DATE='2025-07-07T00:00:00+00:00' AIRFLOW_CTX_TRY_NUMBER='1' AIRFLOW_CTX_DAG_RUN_ID='scheduled__2025-07-07T00:00:00+00:00'
[2026-02-09T10:39:51.143+0000] {taskinstance.py:430} INFO - ::endgroup::
[2026-02-09T10:39:51.153+0000] {logging_mixin.py:188} INFO - [RAW] Download MOEX.SBER [1d] 2025-07-07..2025-07-08
[2026-02-09T10:39:51.156+0000] {logging_mixin.py:188} WARNING - /opt/***/dags/stocks_dwh/raw/stocks_raw_dags.py:38 FutureWarning: YF.download() has changed argument auto_adjust default to True
[2026-02-09T10:39:52.261+0000] {quote.py:592} ERROR - HTTP Error 404: {"quoteSummary":{"result":null,"error":{"code":"Not Found","description":"Quote not found for symbol: MOEX.SBER"}}}
[2026-02-09T10:39:52.310+0000] {logging_mixin.py:188} WARNING - /home/***/.local/lib/python3.12/site-packages/yfinance/scrapers/quote.py:700 Pandas4Warning: Timestamp.utcnow is deprecated and will be removed in a future version. Use Timestamp.now('UTC') instead.
[2026-02-09T10:39:52.312+0000] {logging_mixin.py:188} WARNING - /home/***/.local/lib/python3.12/site-packages/yfinance/scrapers/quote.py:702 Pandas4Warning: Timestamp.utcnow is deprecated and will be removed in a future version. Use Timestamp.now('UTC') instead.
[2026-02-09T10:39:52.369+0000] {multi.py:185} ERROR - 
1 Failed download:
[2026-02-09T10:39:52.370+0000] {multi.py:198} ERROR - ['MOEX.SBER']: YFTzMissingError('possibly delisted; no timezone found')
[2026-02-09T10:39:52.381+0000] {logging_mixin.py:188} INFO - [RAW] No data from yfinance
[2026-02-09T10:39:52.382+0000] {python.py:237} INFO - Done. Returned value was: None
[2026-02-09T10:39:52.382+0000] {taskinstance.py:441} INFO - ::group::Post task execution logs
[2026-02-09T10:39:52.391+0000] {taskinstance.py:1206} INFO - Marking task as SUCCESS. dag_id=stock_raw_moex_sber, task_id=download_and_load_raw, run_id=scheduled__2025-07-07T00:00:00+00:00, execution_date=20250707T000000, start_date=20260209T103950, end_date=20260209T103952
[2026-02-09T10:39:52.453+0000] {local_task_job_runner.py:243} INFO - Task exited with return code 0
[2026-02-09T10:39:52.468+0000] {taskinstance.py:3503} INFO - 0 downstream tasks scheduled from follow-on schedule check
[2026-02-09T10:39:52.470+0000] {local_task_job_runner.py:222} INFO - ::endgroup::
