[2026-02-09T10:48:57.802+0000] {local_task_job_runner.py:120} INFO - ::group::Pre task execution logs
[2026-02-09T10:48:57.830+0000] {taskinstance.py:2076} INFO - Dependencies all met for dep_context=non-requeueable deps ti=<TaskInstance: stock_raw_aapl.download_and_load_raw scheduled__2026-01-26T00:00:00+00:00 [queued]>
[2026-02-09T10:48:57.839+0000] {taskinstance.py:2076} INFO - Dependencies all met for dep_context=requeueable deps ti=<TaskInstance: stock_raw_aapl.download_and_load_raw scheduled__2026-01-26T00:00:00+00:00 [queued]>
[2026-02-09T10:48:57.840+0000] {taskinstance.py:2306} INFO - Starting attempt 1 of 1
[2026-02-09T10:48:57.852+0000] {taskinstance.py:2330} INFO - Executing <Task(PythonOperator): download_and_load_raw> on 2026-01-26 00:00:00+00:00
[2026-02-09T10:48:57.865+0000] {logging_mixin.py:188} WARNING - /home/***/.local/lib/python3.12/site-packages/***/task/task_runner/standard_task_runner.py:62 DeprecationWarning: This process (pid=10675) is multi-threaded, use of fork() may lead to deadlocks in the child.
[2026-02-09T10:48:57.867+0000] {standard_task_runner.py:64} INFO - Started process 10682 to run task
[2026-02-09T10:48:57.866+0000] {standard_task_runner.py:90} INFO - Running: ['***', 'tasks', 'run', 'stock_raw_aapl', 'download_and_load_raw', 'scheduled__2026-01-26T00:00:00+00:00', '--job-id', '6568', '--raw', '--subdir', 'DAGS_FOLDER/stocks_dwh/raw/stocks_raw_dags.py', '--cfg-path', '/tmp/tmpfmp1kvcn']
[2026-02-09T10:48:57.870+0000] {standard_task_runner.py:91} INFO - Job 6568: Subtask download_and_load_raw
[2026-02-09T10:48:57.937+0000] {task_command.py:426} INFO - Running <TaskInstance: stock_raw_aapl.download_and_load_raw scheduled__2026-01-26T00:00:00+00:00 [running]> on host 4886d37bc122
[2026-02-09T10:48:58.038+0000] {taskinstance.py:2648} INFO - Exporting env vars: AIRFLOW_CTX_DAG_OWNER='***' AIRFLOW_CTX_DAG_ID='stock_raw_aapl' AIRFLOW_CTX_TASK_ID='download_and_load_raw' AIRFLOW_CTX_EXECUTION_DATE='2026-01-26T00:00:00+00:00' AIRFLOW_CTX_TRY_NUMBER='1' AIRFLOW_CTX_DAG_RUN_ID='scheduled__2026-01-26T00:00:00+00:00'
[2026-02-09T10:48:58.040+0000] {taskinstance.py:430} INFO - ::endgroup::
[2026-02-09T10:48:58.051+0000] {logging_mixin.py:188} INFO - [RAW] Download AAPL [1d] 2026-01-26..2026-01-27
[2026-02-09T10:48:58.053+0000] {logging_mixin.py:188} WARNING - /opt/***/dags/stocks_dwh/raw/stocks_raw_dags.py:38 FutureWarning: YF.download() has changed argument auto_adjust default to True
[2026-02-09T10:48:58.063+0000] {logging_mixin.py:188} WARNING - /home/***/.local/lib/python3.12/site-packages/yfinance/scrapers/history.py:204 Pandas4Warning: Timestamp.utcnow is deprecated and will be removed in a future version. Use Timestamp.now('UTC') instead.
[2026-02-09T10:48:58.636+0000] {taskinstance.py:441} INFO - ::group::Post task execution logs
[2026-02-09T10:48:58.638+0000] {taskinstance.py:2905} ERROR - Task failed with exception
Traceback (most recent call last):
  File "/home/airflow/.local/lib/python3.12/site-packages/airflow/models/taskinstance.py", line 465, in _execute_task
    result = _execute_callable(context=context, **execute_callable_kwargs)
             ^^^^^^^^^^^^^^^^^^^^^^^^^^^^^^^^^^^^^^^^^^^^^^^^^^^^^^^^^^^^^
  File "/home/airflow/.local/lib/python3.12/site-packages/airflow/models/taskinstance.py", line 432, in _execute_callable
    return execute_callable(context=context, **execute_callable_kwargs)
           ^^^^^^^^^^^^^^^^^^^^^^^^^^^^^^^^^^^^^^^^^^^^^^^^^^^^^^^^^^^^
  File "/home/airflow/.local/lib/python3.12/site-packages/airflow/models/baseoperator.py", line 401, in wrapper
    return func(self, *args, **kwargs)
           ^^^^^^^^^^^^^^^^^^^^^^^^^^^
  File "/home/airflow/.local/lib/python3.12/site-packages/airflow/operators/python.py", line 235, in execute
    return_value = self.execute_callable()
                   ^^^^^^^^^^^^^^^^^^^^^^^
  File "/home/airflow/.local/lib/python3.12/site-packages/airflow/operators/python.py", line 252, in execute_callable
    return self.python_callable(*self.op_args, **self.op_kwargs)
           ^^^^^^^^^^^^^^^^^^^^^^^^^^^^^^^^^^^^^^^^^^^^^^^^^^^^^
  File "/opt/airflow/dags/stocks_dwh/raw/stocks_raw_dags.py", line 86, in download_and_load_raw
    df["volume"] = pd.to_numeric(df["volume"], errors="coerce").fillna(0).astype("int64")
                   ^^^^^^^^^^^^^^^^^^^^^^^^^^^^^^^^^^^^^^^^^^^^
  File "/home/airflow/.local/lib/python3.12/site-packages/pandas/core/tools/numeric.py", line 212, in to_numeric
    raise TypeError("arg must be a list, tuple, 1-d array, or Series")
TypeError: arg must be a list, tuple, 1-d array, or Series
[2026-02-09T10:48:58.655+0000] {taskinstance.py:1206} INFO - Marking task as FAILED. dag_id=stock_raw_aapl, task_id=download_and_load_raw, run_id=scheduled__2026-01-26T00:00:00+00:00, execution_date=20260126T000000, start_date=20260209T104857, end_date=20260209T104858
[2026-02-09T10:48:58.666+0000] {standard_task_runner.py:110} ERROR - Failed to execute job 6568 for task download_and_load_raw (arg must be a list, tuple, 1-d array, or Series; 10682)
[2026-02-09T10:48:58.725+0000] {local_task_job_runner.py:243} INFO - Task exited with return code 1
[2026-02-09T10:48:58.741+0000] {taskinstance.py:3503} INFO - 0 downstream tasks scheduled from follow-on schedule check
[2026-02-09T10:48:58.743+0000] {local_task_job_runner.py:222} INFO - ::endgroup::
[2026-02-09T12:50:58.661+0000] {local_task_job_runner.py:120} INFO - ::group::Pre task execution logs
[2026-02-09T12:50:58.696+0000] {taskinstance.py:2076} INFO - Dependencies all met for dep_context=non-requeueable deps ti=<TaskInstance: stock_raw_aapl.download_and_load_raw scheduled__2026-01-26T00:00:00+00:00 [queued]>
[2026-02-09T12:50:58.706+0000] {taskinstance.py:2076} INFO - Dependencies all met for dep_context=requeueable deps ti=<TaskInstance: stock_raw_aapl.download_and_load_raw scheduled__2026-01-26T00:00:00+00:00 [queued]>
[2026-02-09T12:50:58.706+0000] {taskinstance.py:2306} INFO - Starting attempt 1 of 1
[2026-02-09T12:50:58.720+0000] {taskinstance.py:2330} INFO - Executing <Task(PythonOperator): download_and_load_raw> on 2026-01-26 00:00:00+00:00
[2026-02-09T12:50:58.734+0000] {logging_mixin.py:188} WARNING - /home/***/.local/lib/python3.12/site-packages/***/task/task_runner/standard_task_runner.py:62 DeprecationWarning: This process (pid=19129) is multi-threaded, use of fork() may lead to deadlocks in the child.
[2026-02-09T12:50:58.735+0000] {standard_task_runner.py:64} INFO - Started process 19131 to run task
[2026-02-09T12:50:58.734+0000] {standard_task_runner.py:90} INFO - Running: ['***', 'tasks', 'run', 'stock_raw_aapl', 'download_and_load_raw', 'scheduled__2026-01-26T00:00:00+00:00', '--job-id', '7948', '--raw', '--subdir', 'DAGS_FOLDER/stocks_dwh/raw/stocks_raw_dags.py', '--cfg-path', '/tmp/tmplqb653cn']
[2026-02-09T12:50:58.736+0000] {standard_task_runner.py:91} INFO - Job 7948: Subtask download_and_load_raw
[2026-02-09T12:50:58.804+0000] {task_command.py:426} INFO - Running <TaskInstance: stock_raw_aapl.download_and_load_raw scheduled__2026-01-26T00:00:00+00:00 [running]> on host 4886d37bc122
[2026-02-09T12:50:58.912+0000] {taskinstance.py:2648} INFO - Exporting env vars: AIRFLOW_CTX_DAG_OWNER='***' AIRFLOW_CTX_DAG_ID='stock_raw_aapl' AIRFLOW_CTX_TASK_ID='download_and_load_raw' AIRFLOW_CTX_EXECUTION_DATE='2026-01-26T00:00:00+00:00' AIRFLOW_CTX_TRY_NUMBER='1' AIRFLOW_CTX_DAG_RUN_ID='scheduled__2026-01-26T00:00:00+00:00'
[2026-02-09T12:50:58.914+0000] {taskinstance.py:430} INFO - ::endgroup::
[2026-02-09T12:50:58.928+0000] {stocks_raw_dags.py:37} INFO - 2026-01-26 00:00:00+00:00, 2026-01-27 00:00:00+00:00
[2026-02-09T12:50:58.929+0000] {logging_mixin.py:188} INFO - [RAW] Download AAPL [1d] 2026-01-25..2026-01-27
[2026-02-09T12:50:58.931+0000] {logging_mixin.py:188} WARNING - /opt/***/dags/stocks_dwh/raw/stocks_raw_dags.py:42 FutureWarning: YF.download() has changed argument auto_adjust default to True
[2026-02-09T12:50:58.941+0000] {logging_mixin.py:188} WARNING - /home/***/.local/lib/python3.12/site-packages/yfinance/scrapers/history.py:204 Pandas4Warning: Timestamp.utcnow is deprecated and will be removed in a future version. Use Timestamp.now('UTC') instead.
[2026-02-09T12:50:59.598+0000] {logging_mixin.py:188} WARNING - [*********************100%***********************]  1 of 1 completed
[2026-02-09T12:50:59.636+0000] {base.py:84} INFO - Using connection ID 'dwh_clickhouse' for task execution.
[2026-02-09T12:50:59.660+0000] {logging_mixin.py:188} INFO - [RAW] Deleted existing rows for AAPL in 2026-01-25..2026-01-27
[2026-02-09T12:50:59.670+0000] {logging_mixin.py:188} INFO - [RAW] Inserted 1 rows into dwh.raw_stock_prices
[2026-02-09T12:50:59.671+0000] {python.py:237} INFO - Done. Returned value was: None
[2026-02-09T12:50:59.672+0000] {taskinstance.py:441} INFO - ::group::Post task execution logs
[2026-02-09T12:50:59.683+0000] {taskinstance.py:1206} INFO - Marking task as SUCCESS. dag_id=stock_raw_aapl, task_id=download_and_load_raw, run_id=scheduled__2026-01-26T00:00:00+00:00, execution_date=20260126T000000, start_date=20260209T125058, end_date=20260209T125059
[2026-02-09T12:50:59.752+0000] {local_task_job_runner.py:243} INFO - Task exited with return code 0
[2026-02-09T12:50:59.772+0000] {taskinstance.py:3503} INFO - 0 downstream tasks scheduled from follow-on schedule check
[2026-02-09T12:50:59.777+0000] {local_task_job_runner.py:222} INFO - ::endgroup::
