[2026-02-09T10:43:06.253+0000] {local_task_job_runner.py:120} INFO - ::group::Pre task execution logs
[2026-02-09T10:43:06.287+0000] {taskinstance.py:2076} INFO - Dependencies all met for dep_context=non-requeueable deps ti=<TaskInstance: stock_raw_nvda.download_and_load_raw scheduled__2025-10-04T00:00:00+00:00 [queued]>
[2026-02-09T10:43:06.296+0000] {taskinstance.py:2076} INFO - Dependencies all met for dep_context=requeueable deps ti=<TaskInstance: stock_raw_nvda.download_and_load_raw scheduled__2025-10-04T00:00:00+00:00 [queued]>
[2026-02-09T10:43:06.298+0000] {taskinstance.py:2306} INFO - Starting attempt 1 of 1
[2026-02-09T10:43:06.311+0000] {taskinstance.py:2330} INFO - Executing <Task(PythonOperator): download_and_load_raw> on 2025-10-04 00:00:00+00:00
[2026-02-09T10:43:06.326+0000] {logging_mixin.py:188} WARNING - /home/***/.local/lib/python3.12/site-packages/***/task/task_runner/standard_task_runner.py:62 DeprecationWarning: This process (pid=8307) is multi-threaded, use of fork() may lead to deadlocks in the child.
[2026-02-09T10:43:06.327+0000] {standard_task_runner.py:64} INFO - Started process 8319 to run task
[2026-02-09T10:43:06.326+0000] {standard_task_runner.py:90} INFO - Running: ['***', 'tasks', 'run', 'stock_raw_nvda', 'download_and_load_raw', 'scheduled__2025-10-04T00:00:00+00:00', '--job-id', '6012', '--raw', '--subdir', 'DAGS_FOLDER/stocks_dwh/raw/stocks_raw_dags.py', '--cfg-path', '/tmp/tmpddr7m_hr']
[2026-02-09T10:43:06.329+0000] {standard_task_runner.py:91} INFO - Job 6012: Subtask download_and_load_raw
[2026-02-09T10:43:06.391+0000] {task_command.py:426} INFO - Running <TaskInstance: stock_raw_nvda.download_and_load_raw scheduled__2025-10-04T00:00:00+00:00 [running]> on host 4886d37bc122
[2026-02-09T10:43:06.484+0000] {taskinstance.py:2648} INFO - Exporting env vars: AIRFLOW_CTX_DAG_OWNER='***' AIRFLOW_CTX_DAG_ID='stock_raw_nvda' AIRFLOW_CTX_TASK_ID='download_and_load_raw' AIRFLOW_CTX_EXECUTION_DATE='2025-10-04T00:00:00+00:00' AIRFLOW_CTX_TRY_NUMBER='1' AIRFLOW_CTX_DAG_RUN_ID='scheduled__2025-10-04T00:00:00+00:00'
[2026-02-09T10:43:06.485+0000] {taskinstance.py:430} INFO - ::endgroup::
[2026-02-09T10:43:06.495+0000] {logging_mixin.py:188} INFO - [RAW] Download NVDA [1d] 2025-10-04..2025-10-05
[2026-02-09T10:43:06.497+0000] {logging_mixin.py:188} WARNING - /opt/***/dags/stocks_dwh/raw/stocks_raw_dags.py:38 FutureWarning: YF.download() has changed argument auto_adjust default to True
[2026-02-09T10:43:06.505+0000] {logging_mixin.py:188} WARNING - /home/***/.local/lib/python3.12/site-packages/yfinance/scrapers/history.py:204 Pandas4Warning: Timestamp.utcnow is deprecated and will be removed in a future version. Use Timestamp.now('UTC') instead.
[2026-02-09T10:43:07.500+0000] {multi.py:185} ERROR - 
1 Failed download:
[2026-02-09T10:43:07.501+0000] {multi.py:198} ERROR - ['NVDA']: YFPricesMissingError('possibly delisted; no price data found  (1d 2025-10-04 -> 2025-10-05)')
[2026-02-09T10:43:07.516+0000] {logging_mixin.py:188} INFO - [RAW] No data from yfinance
[2026-02-09T10:43:07.516+0000] {python.py:237} INFO - Done. Returned value was: None
[2026-02-09T10:43:07.517+0000] {taskinstance.py:441} INFO - ::group::Post task execution logs
[2026-02-09T10:43:07.528+0000] {taskinstance.py:1206} INFO - Marking task as SUCCESS. dag_id=stock_raw_nvda, task_id=download_and_load_raw, run_id=scheduled__2025-10-04T00:00:00+00:00, execution_date=20251004T000000, start_date=20260209T104306, end_date=20260209T104307
[2026-02-09T10:43:07.585+0000] {local_task_job_runner.py:243} INFO - Task exited with return code 0
[2026-02-09T10:43:07.607+0000] {taskinstance.py:3503} INFO - 0 downstream tasks scheduled from follow-on schedule check
[2026-02-09T10:43:07.609+0000] {local_task_job_runner.py:222} INFO - ::endgroup::
