[2026-02-09T10:16:33.725+0000] {local_task_job_runner.py:120} INFO - ::group::Pre task execution logs
[2026-02-09T10:16:33.758+0000] {taskinstance.py:2076} INFO - Dependencies all met for dep_context=non-requeueable deps ti=<TaskInstance: stock_raw_aapl.download_and_load_raw scheduled__2024-07-11T00:00:00+00:00 [queued]>
[2026-02-09T10:16:33.771+0000] {taskinstance.py:2076} INFO - Dependencies all met for dep_context=requeueable deps ti=<TaskInstance: stock_raw_aapl.download_and_load_raw scheduled__2024-07-11T00:00:00+00:00 [queued]>
[2026-02-09T10:16:33.772+0000] {taskinstance.py:2306} INFO - Starting attempt 1 of 1
[2026-02-09T10:16:33.789+0000] {taskinstance.py:2330} INFO - Executing <Task(PythonOperator): download_and_load_raw> on 2024-07-11 00:00:00+00:00
[2026-02-09T10:16:33.806+0000] {logging_mixin.py:188} WARNING - /home/***/.local/lib/python3.12/site-packages/***/task/task_runner/standard_task_runner.py:62 DeprecationWarning: This process (pid=5047) is multi-threaded, use of fork() may lead to deadlocks in the child.
[2026-02-09T10:16:33.807+0000] {standard_task_runner.py:64} INFO - Started process 5057 to run task
[2026-02-09T10:16:33.806+0000] {standard_task_runner.py:90} INFO - Running: ['***', 'tasks', 'run', 'stock_raw_aapl', 'download_and_load_raw', 'scheduled__2024-07-11T00:00:00+00:00', '--job-id', '3783', '--raw', '--subdir', 'DAGS_FOLDER/stocks_dwh/raw/stocks_raw_dags.py', '--cfg-path', '/tmp/tmp9f1e_f0k']
[2026-02-09T10:16:33.809+0000] {standard_task_runner.py:91} INFO - Job 3783: Subtask download_and_load_raw
[2026-02-09T10:16:33.870+0000] {task_command.py:426} INFO - Running <TaskInstance: stock_raw_aapl.download_and_load_raw scheduled__2024-07-11T00:00:00+00:00 [running]> on host b6b9e92e7d61
[2026-02-09T10:16:33.966+0000] {taskinstance.py:2648} INFO - Exporting env vars: AIRFLOW_CTX_DAG_OWNER='***' AIRFLOW_CTX_DAG_ID='stock_raw_aapl' AIRFLOW_CTX_TASK_ID='download_and_load_raw' AIRFLOW_CTX_EXECUTION_DATE='2024-07-11T00:00:00+00:00' AIRFLOW_CTX_TRY_NUMBER='1' AIRFLOW_CTX_DAG_RUN_ID='scheduled__2024-07-11T00:00:00+00:00'
[2026-02-09T10:16:33.967+0000] {taskinstance.py:430} INFO - ::endgroup::
[2026-02-09T10:16:33.980+0000] {logging_mixin.py:188} INFO - [RAW] Download AAPL [1d] 2024-07-11..2024-07-12
[2026-02-09T10:16:33.983+0000] {logging_mixin.py:188} WARNING - /opt/***/dags/stocks_dwh/raw/stocks_raw_dags.py:38 FutureWarning: YF.download() has changed argument auto_adjust default to True
[2026-02-09T10:16:33.991+0000] {logging_mixin.py:188} WARNING - /home/***/.local/lib/python3.12/site-packages/yfinance/scrapers/history.py:204 Pandas4Warning: Timestamp.utcnow is deprecated and will be removed in a future version. Use Timestamp.now('UTC') instead.
[2026-02-09T10:16:34.563+0000] {taskinstance.py:441} INFO - ::group::Post task execution logs
[2026-02-09T10:16:34.565+0000] {taskinstance.py:2905} ERROR - Task failed with exception
Traceback (most recent call last):
  File "/home/airflow/.local/lib/python3.12/site-packages/airflow/models/taskinstance.py", line 465, in _execute_task
    result = _execute_callable(context=context, **execute_callable_kwargs)
             ^^^^^^^^^^^^^^^^^^^^^^^^^^^^^^^^^^^^^^^^^^^^^^^^^^^^^^^^^^^^^
  File "/home/airflow/.local/lib/python3.12/site-packages/airflow/models/taskinstance.py", line 432, in _execute_callable
    return execute_callable(context=context, **execute_callable_kwargs)
           ^^^^^^^^^^^^^^^^^^^^^^^^^^^^^^^^^^^^^^^^^^^^^^^^^^^^^^^^^^^^
  File "/home/airflow/.local/lib/python3.12/site-packages/airflow/models/baseoperator.py", line 401, in wrapper
    return func(self, *args, **kwargs)
           ^^^^^^^^^^^^^^^^^^^^^^^^^^^
  File "/home/airflow/.local/lib/python3.12/site-packages/airflow/operators/python.py", line 235, in execute
    return_value = self.execute_callable()
                   ^^^^^^^^^^^^^^^^^^^^^^^
  File "/home/airflow/.local/lib/python3.12/site-packages/airflow/operators/python.py", line 252, in execute_callable
    return self.python_callable(*self.op_args, **self.op_kwargs)
           ^^^^^^^^^^^^^^^^^^^^^^^^^^^^^^^^^^^^^^^^^^^^^^^^^^^^^
  File "/opt/airflow/dags/stocks_dwh/raw/stocks_raw_dags.py", line 86, in download_and_load_raw
    df["volume"] = pd.to_numeric(df["volume"], errors="coerce").fillna(0).astype("int64")
                   ^^^^^^^^^^^^^^^^^^^^^^^^^^^^^^^^^^^^^^^^^^^^
  File "/home/airflow/.local/lib/python3.12/site-packages/pandas/core/tools/numeric.py", line 212, in to_numeric
    raise TypeError("arg must be a list, tuple, 1-d array, or Series")
TypeError: arg must be a list, tuple, 1-d array, or Series
[2026-02-09T10:16:34.586+0000] {taskinstance.py:1206} INFO - Marking task as FAILED. dag_id=stock_raw_aapl, task_id=download_and_load_raw, run_id=scheduled__2024-07-11T00:00:00+00:00, execution_date=20240711T000000, start_date=20260209T101633, end_date=20260209T101634
[2026-02-09T10:16:34.599+0000] {standard_task_runner.py:110} ERROR - Failed to execute job 3783 for task download_and_load_raw (arg must be a list, tuple, 1-d array, or Series; 5057)
[2026-02-09T10:16:34.664+0000] {local_task_job_runner.py:243} INFO - Task exited with return code 1
[2026-02-09T10:16:34.681+0000] {taskinstance.py:3503} INFO - 0 downstream tasks scheduled from follow-on schedule check
[2026-02-09T10:16:34.683+0000] {local_task_job_runner.py:222} INFO - ::endgroup::
[2026-02-09T12:20:15.295+0000] {local_task_job_runner.py:120} INFO - ::group::Pre task execution logs
[2026-02-09T12:20:15.330+0000] {taskinstance.py:2076} INFO - Dependencies all met for dep_context=non-requeueable deps ti=<TaskInstance: stock_raw_aapl.download_and_load_raw scheduled__2024-07-11T00:00:00+00:00 [queued]>
[2026-02-09T12:20:15.340+0000] {taskinstance.py:2076} INFO - Dependencies all met for dep_context=requeueable deps ti=<TaskInstance: stock_raw_aapl.download_and_load_raw scheduled__2024-07-11T00:00:00+00:00 [queued]>
[2026-02-09T12:20:15.341+0000] {taskinstance.py:2306} INFO - Starting attempt 1 of 1
[2026-02-09T12:20:15.356+0000] {taskinstance.py:2330} INFO - Executing <Task(PythonOperator): download_and_load_raw> on 2024-07-11 00:00:00+00:00
[2026-02-09T12:20:15.373+0000] {logging_mixin.py:188} WARNING - /home/***/.local/lib/python3.12/site-packages/***/task/task_runner/standard_task_runner.py:62 DeprecationWarning: This process (pid=15154) is multi-threaded, use of fork() may lead to deadlocks in the child.
[2026-02-09T12:20:15.373+0000] {standard_task_runner.py:90} INFO - Running: ['***', 'tasks', 'run', 'stock_raw_aapl', 'download_and_load_raw', 'scheduled__2024-07-11T00:00:00+00:00', '--job-id', '7136', '--raw', '--subdir', 'DAGS_FOLDER/stocks_dwh/raw/stocks_raw_dags.py', '--cfg-path', '/tmp/tmp0qo2bheu']
[2026-02-09T12:20:15.375+0000] {standard_task_runner.py:64} INFO - Started process 15161 to run task
[2026-02-09T12:20:15.375+0000] {standard_task_runner.py:91} INFO - Job 7136: Subtask download_and_load_raw
[2026-02-09T12:20:15.443+0000] {task_command.py:426} INFO - Running <TaskInstance: stock_raw_aapl.download_and_load_raw scheduled__2024-07-11T00:00:00+00:00 [running]> on host 4886d37bc122
[2026-02-09T12:20:15.537+0000] {taskinstance.py:2648} INFO - Exporting env vars: AIRFLOW_CTX_DAG_OWNER='***' AIRFLOW_CTX_DAG_ID='stock_raw_aapl' AIRFLOW_CTX_TASK_ID='download_and_load_raw' AIRFLOW_CTX_EXECUTION_DATE='2024-07-11T00:00:00+00:00' AIRFLOW_CTX_TRY_NUMBER='1' AIRFLOW_CTX_DAG_RUN_ID='scheduled__2024-07-11T00:00:00+00:00'
[2026-02-09T12:20:15.538+0000] {taskinstance.py:430} INFO - ::endgroup::
[2026-02-09T12:20:15.551+0000] {stocks_raw_dags.py:37} INFO - 2024-07-11 00:00:00+00:00, 2024-07-12 00:00:00+00:00
[2026-02-09T12:20:15.551+0000] {logging_mixin.py:188} INFO - [RAW] Download AAPL [1d] 2024-07-10..2024-07-12
[2026-02-09T12:20:15.554+0000] {logging_mixin.py:188} WARNING - /opt/***/dags/stocks_dwh/raw/stocks_raw_dags.py:42 FutureWarning: YF.download() has changed argument auto_adjust default to True
[2026-02-09T12:20:15.564+0000] {logging_mixin.py:188} WARNING - /home/***/.local/lib/python3.12/site-packages/yfinance/scrapers/history.py:204 Pandas4Warning: Timestamp.utcnow is deprecated and will be removed in a future version. Use Timestamp.now('UTC') instead.
[2026-02-09T12:20:16.098+0000] {logging_mixin.py:188} WARNING - [*********************100%***********************]  1 of 1 completed
[2026-02-09T12:20:16.146+0000] {base.py:84} INFO - Using connection ID 'dwh_clickhouse' for task execution.
[2026-02-09T12:20:16.180+0000] {logging_mixin.py:188} INFO - [RAW] Deleted existing rows for AAPL in 2024-07-10..2024-07-12
[2026-02-09T12:20:16.193+0000] {logging_mixin.py:188} INFO - [RAW] Inserted 2 rows into dwh.raw_stock_prices
[2026-02-09T12:20:16.194+0000] {python.py:237} INFO - Done. Returned value was: None
[2026-02-09T12:20:16.198+0000] {taskinstance.py:441} INFO - ::group::Post task execution logs
[2026-02-09T12:20:16.212+0000] {taskinstance.py:1206} INFO - Marking task as SUCCESS. dag_id=stock_raw_aapl, task_id=download_and_load_raw, run_id=scheduled__2024-07-11T00:00:00+00:00, execution_date=20240711T000000, start_date=20260209T122015, end_date=20260209T122016
[2026-02-09T12:20:16.271+0000] {local_task_job_runner.py:243} INFO - Task exited with return code 0
[2026-02-09T12:20:16.295+0000] {taskinstance.py:3503} INFO - 0 downstream tasks scheduled from follow-on schedule check
[2026-02-09T12:20:16.298+0000] {local_task_job_runner.py:222} INFO - ::endgroup::
