[2026-02-09T10:14:06.244+0000] {local_task_job_runner.py:120} INFO - ::group::Pre task execution logs
[2026-02-09T10:14:06.275+0000] {taskinstance.py:2076} INFO - Dependencies all met for dep_context=non-requeueable deps ti=<TaskInstance: stock_raw_aapl.download_and_load_raw scheduled__2024-05-27T00:00:00+00:00 [queued]>
[2026-02-09T10:14:06.285+0000] {taskinstance.py:2076} INFO - Dependencies all met for dep_context=requeueable deps ti=<TaskInstance: stock_raw_aapl.download_and_load_raw scheduled__2024-05-27T00:00:00+00:00 [queued]>
[2026-02-09T10:14:06.287+0000] {taskinstance.py:2306} INFO - Starting attempt 1 of 1
[2026-02-09T10:14:06.299+0000] {taskinstance.py:2330} INFO - Executing <Task(PythonOperator): download_and_load_raw> on 2024-05-27 00:00:00+00:00
[2026-02-09T10:14:06.313+0000] {logging_mixin.py:188} WARNING - /home/***/.local/lib/python3.12/site-packages/***/task/task_runner/standard_task_runner.py:62 DeprecationWarning: This process (pid=4097) is multi-threaded, use of fork() may lead to deadlocks in the child.
[2026-02-09T10:14:06.313+0000] {standard_task_runner.py:90} INFO - Running: ['***', 'tasks', 'run', 'stock_raw_aapl', 'download_and_load_raw', 'scheduled__2024-05-27T00:00:00+00:00', '--job-id', '3559', '--raw', '--subdir', 'DAGS_FOLDER/stocks_dwh/raw/stocks_raw_dags.py', '--cfg-path', '/tmp/tmpyv5i5asm']
[2026-02-09T10:14:06.315+0000] {standard_task_runner.py:64} INFO - Started process 4107 to run task
[2026-02-09T10:14:06.315+0000] {standard_task_runner.py:91} INFO - Job 3559: Subtask download_and_load_raw
[2026-02-09T10:14:06.379+0000] {task_command.py:426} INFO - Running <TaskInstance: stock_raw_aapl.download_and_load_raw scheduled__2024-05-27T00:00:00+00:00 [running]> on host b6b9e92e7d61
[2026-02-09T10:14:06.476+0000] {taskinstance.py:2648} INFO - Exporting env vars: AIRFLOW_CTX_DAG_OWNER='***' AIRFLOW_CTX_DAG_ID='stock_raw_aapl' AIRFLOW_CTX_TASK_ID='download_and_load_raw' AIRFLOW_CTX_EXECUTION_DATE='2024-05-27T00:00:00+00:00' AIRFLOW_CTX_TRY_NUMBER='1' AIRFLOW_CTX_DAG_RUN_ID='scheduled__2024-05-27T00:00:00+00:00'
[2026-02-09T10:14:06.478+0000] {taskinstance.py:430} INFO - ::endgroup::
[2026-02-09T10:14:06.488+0000] {logging_mixin.py:188} INFO - [RAW] Download AAPL [1d] 2024-05-27..2024-05-28
[2026-02-09T10:14:06.490+0000] {logging_mixin.py:188} WARNING - /opt/***/dags/stocks_dwh/raw/stocks_raw_dags.py:38 FutureWarning: YF.download() has changed argument auto_adjust default to True
[2026-02-09T10:14:06.498+0000] {logging_mixin.py:188} WARNING - /home/***/.local/lib/python3.12/site-packages/yfinance/scrapers/history.py:204 Pandas4Warning: Timestamp.utcnow is deprecated and will be removed in a future version. Use Timestamp.now('UTC') instead.
[2026-02-09T10:14:06.971+0000] {multi.py:185} ERROR - 
1 Failed download:
[2026-02-09T10:14:06.973+0000] {multi.py:198} ERROR - ['AAPL']: YFPricesMissingError('possibly delisted; no price data found  (1d 2024-05-27 -> 2024-05-28)')
[2026-02-09T10:14:06.988+0000] {logging_mixin.py:188} INFO - [RAW] No data from yfinance
[2026-02-09T10:14:06.989+0000] {python.py:237} INFO - Done. Returned value was: None
[2026-02-09T10:14:06.989+0000] {taskinstance.py:441} INFO - ::group::Post task execution logs
[2026-02-09T10:14:06.998+0000] {taskinstance.py:1206} INFO - Marking task as SUCCESS. dag_id=stock_raw_aapl, task_id=download_and_load_raw, run_id=scheduled__2024-05-27T00:00:00+00:00, execution_date=20240527T000000, start_date=20260209T101406, end_date=20260209T101406
[2026-02-09T10:14:07.051+0000] {local_task_job_runner.py:243} INFO - Task exited with return code 0
[2026-02-09T10:14:07.068+0000] {taskinstance.py:3503} INFO - 0 downstream tasks scheduled from follow-on schedule check
[2026-02-09T10:14:07.070+0000] {local_task_job_runner.py:222} INFO - ::endgroup::
[2026-02-09T12:17:51.336+0000] {local_task_job_runner.py:120} INFO - ::group::Pre task execution logs
[2026-02-09T12:17:51.367+0000] {taskinstance.py:2076} INFO - Dependencies all met for dep_context=non-requeueable deps ti=<TaskInstance: stock_raw_aapl.download_and_load_raw scheduled__2024-05-27T00:00:00+00:00 [queued]>
[2026-02-09T12:17:51.374+0000] {taskinstance.py:2076} INFO - Dependencies all met for dep_context=requeueable deps ti=<TaskInstance: stock_raw_aapl.download_and_load_raw scheduled__2024-05-27T00:00:00+00:00 [queued]>
[2026-02-09T12:17:51.376+0000] {taskinstance.py:2306} INFO - Starting attempt 1 of 1
[2026-02-09T12:17:51.390+0000] {taskinstance.py:2330} INFO - Executing <Task(PythonOperator): download_and_load_raw> on 2024-05-27 00:00:00+00:00
[2026-02-09T12:17:51.400+0000] {logging_mixin.py:188} WARNING - /home/***/.local/lib/python3.12/site-packages/***/task/task_runner/standard_task_runner.py:62 DeprecationWarning: This process (pid=14739) is multi-threaded, use of fork() may lead to deadlocks in the child.
[2026-02-09T12:17:51.402+0000] {standard_task_runner.py:64} INFO - Started process 14743 to run task
[2026-02-09T12:17:51.401+0000] {standard_task_runner.py:90} INFO - Running: ['***', 'tasks', 'run', 'stock_raw_aapl', 'download_and_load_raw', 'scheduled__2024-05-27T00:00:00+00:00', '--job-id', '7046', '--raw', '--subdir', 'DAGS_FOLDER/stocks_dwh/raw/stocks_raw_dags.py', '--cfg-path', '/tmp/tmpwgzer8dv']
[2026-02-09T12:17:51.403+0000] {standard_task_runner.py:91} INFO - Job 7046: Subtask download_and_load_raw
[2026-02-09T12:17:51.465+0000] {task_command.py:426} INFO - Running <TaskInstance: stock_raw_aapl.download_and_load_raw scheduled__2024-05-27T00:00:00+00:00 [running]> on host 4886d37bc122
[2026-02-09T12:17:51.550+0000] {taskinstance.py:2648} INFO - Exporting env vars: AIRFLOW_CTX_DAG_OWNER='***' AIRFLOW_CTX_DAG_ID='stock_raw_aapl' AIRFLOW_CTX_TASK_ID='download_and_load_raw' AIRFLOW_CTX_EXECUTION_DATE='2024-05-27T00:00:00+00:00' AIRFLOW_CTX_TRY_NUMBER='1' AIRFLOW_CTX_DAG_RUN_ID='scheduled__2024-05-27T00:00:00+00:00'
[2026-02-09T12:17:51.551+0000] {taskinstance.py:430} INFO - ::endgroup::
[2026-02-09T12:17:51.562+0000] {stocks_raw_dags.py:37} INFO - 2024-05-27 00:00:00+00:00, 2024-05-28 00:00:00+00:00
[2026-02-09T12:17:51.563+0000] {logging_mixin.py:188} INFO - [RAW] Download AAPL [1d] 2024-05-26..2024-05-28
[2026-02-09T12:17:51.565+0000] {logging_mixin.py:188} WARNING - /opt/***/dags/stocks_dwh/raw/stocks_raw_dags.py:42 FutureWarning: YF.download() has changed argument auto_adjust default to True
[2026-02-09T12:17:51.574+0000] {logging_mixin.py:188} WARNING - /home/***/.local/lib/python3.12/site-packages/yfinance/scrapers/history.py:204 Pandas4Warning: Timestamp.utcnow is deprecated and will be removed in a future version. Use Timestamp.now('UTC') instead.
[2026-02-09T12:17:52.053+0000] {logging_mixin.py:188} WARNING - [*********************100%***********************]  1 of 1 completed
[2026-02-09T12:17:52.054+0000] {multi.py:185} ERROR - 
1 Failed download:
[2026-02-09T12:17:52.054+0000] {multi.py:198} ERROR - ['AAPL']: YFPricesMissingError('possibly delisted; no price data found  (1d 2024-05-26 -> 2024-05-28)')
[2026-02-09T12:17:52.067+0000] {logging_mixin.py:188} INFO - [RAW] No data from yfinance
[2026-02-09T12:17:52.067+0000] {python.py:237} INFO - Done. Returned value was: None
[2026-02-09T12:17:52.068+0000] {taskinstance.py:441} INFO - ::group::Post task execution logs
[2026-02-09T12:17:52.078+0000] {taskinstance.py:1206} INFO - Marking task as SUCCESS. dag_id=stock_raw_aapl, task_id=download_and_load_raw, run_id=scheduled__2024-05-27T00:00:00+00:00, execution_date=20240527T000000, start_date=20260209T121751, end_date=20260209T121752
[2026-02-09T12:17:52.138+0000] {local_task_job_runner.py:243} INFO - Task exited with return code 0
[2026-02-09T12:17:52.157+0000] {taskinstance.py:3503} INFO - 0 downstream tasks scheduled from follow-on schedule check
[2026-02-09T12:17:52.159+0000] {local_task_job_runner.py:222} INFO - ::endgroup::
