[2026-02-07T14:28:13.250+0000] {local_task_job_runner.py:120} INFO - ::group::Pre task execution logs
[2026-02-07T14:28:13.277+0000] {taskinstance.py:2076} INFO - Dependencies all met for dep_context=non-requeueable deps ti=<TaskInstance: stock_tsla.download scheduled__2024-07-04T00:00:00+00:00 [queued]>
[2026-02-07T14:28:13.286+0000] {taskinstance.py:2076} INFO - Dependencies all met for dep_context=requeueable deps ti=<TaskInstance: stock_tsla.download scheduled__2024-07-04T00:00:00+00:00 [queued]>
[2026-02-07T14:28:13.287+0000] {taskinstance.py:2306} INFO - Starting attempt 1 of 1
[2026-02-07T14:28:13.303+0000] {taskinstance.py:2330} INFO - Executing <Task(PythonOperator): download> on 2024-07-04 00:00:00+00:00
[2026-02-07T14:28:13.314+0000] {logging_mixin.py:188} WARNING - /home/***/.local/lib/python3.12/site-packages/***/task/task_runner/standard_task_runner.py:62 DeprecationWarning: This process (pid=3772) is multi-threaded, use of fork() may lead to deadlocks in the child.
[2026-02-07T14:28:13.316+0000] {standard_task_runner.py:64} INFO - Started process 3781 to run task
[2026-02-07T14:28:13.314+0000] {standard_task_runner.py:90} INFO - Running: ['***', 'tasks', 'run', 'stock_tsla', 'download', 'scheduled__2024-07-04T00:00:00+00:00', '--job-id', '779', '--raw', '--subdir', 'DAGS_FOLDER/stocks_dags.py', '--cfg-path', '/tmp/tmpf35roiud']
[2026-02-07T14:28:13.316+0000] {standard_task_runner.py:91} INFO - Job 779: Subtask download
[2026-02-07T14:28:13.378+0000] {task_command.py:426} INFO - Running <TaskInstance: stock_tsla.download scheduled__2024-07-04T00:00:00+00:00 [running]> on host 5adf8c44a70f
[2026-02-07T14:28:13.485+0000] {taskinstance.py:2648} INFO - Exporting env vars: AIRFLOW_CTX_DAG_OWNER='***' AIRFLOW_CTX_DAG_ID='stock_tsla' AIRFLOW_CTX_TASK_ID='download' AIRFLOW_CTX_EXECUTION_DATE='2024-07-04T00:00:00+00:00' AIRFLOW_CTX_TRY_NUMBER='1' AIRFLOW_CTX_DAG_RUN_ID='scheduled__2024-07-04T00:00:00+00:00'
[2026-02-07T14:28:13.487+0000] {taskinstance.py:430} INFO - ::endgroup::
[2026-02-07T14:28:13.500+0000] {logging_mixin.py:188} INFO - Downloading TSLA from 2024-07-04 to 2024-07-05
[2026-02-07T14:28:13.503+0000] {logging_mixin.py:188} WARNING - /opt/***/dags/stocks_dags.py:22 FutureWarning: YF.download() has changed argument auto_adjust default to True
[2026-02-07T14:28:13.511+0000] {logging_mixin.py:188} WARNING - /home/***/.local/lib/python3.12/site-packages/yfinance/scrapers/history.py:204 Pandas4Warning: Timestamp.utcnow is deprecated and will be removed in a future version. Use Timestamp.now('UTC') instead.
[2026-02-07T14:28:13.973+0000] {multi.py:185} ERROR - 
1 Failed download:
[2026-02-07T14:28:13.977+0000] {multi.py:198} ERROR - ['TSLA']: YFPricesMissingError('possibly delisted; no price data found  (1d 2024-07-04 -> 2024-07-05)')
[2026-02-07T14:28:13.991+0000] {logging_mixin.py:188} INFO - No data
[2026-02-07T14:28:13.991+0000] {python.py:237} INFO - Done. Returned value was: None
[2026-02-07T14:28:13.992+0000] {taskinstance.py:441} INFO - ::group::Post task execution logs
[2026-02-07T14:28:14.001+0000] {taskinstance.py:1206} INFO - Marking task as SUCCESS. dag_id=stock_tsla, task_id=download, run_id=scheduled__2024-07-04T00:00:00+00:00, execution_date=20240704T000000, start_date=20260207T142813, end_date=20260207T142814
[2026-02-07T14:28:14.051+0000] {local_task_job_runner.py:243} INFO - Task exited with return code 0
[2026-02-07T14:28:14.069+0000] {taskinstance.py:3503} INFO - 0 downstream tasks scheduled from follow-on schedule check
[2026-02-07T14:28:14.072+0000] {local_task_job_runner.py:222} INFO - ::endgroup::
