[2026-02-09T10:38:49.831+0000] {local_task_job_runner.py:120} INFO - ::group::Pre task execution logs
[2026-02-09T10:38:49.864+0000] {taskinstance.py:2076} INFO - Dependencies all met for dep_context=non-requeueable deps ti=<TaskInstance: stock_raw_aapl.download_and_load_raw scheduled__2025-07-20T00:00:00+00:00 [queued]>
[2026-02-09T10:38:49.871+0000] {taskinstance.py:2076} INFO - Dependencies all met for dep_context=requeueable deps ti=<TaskInstance: stock_raw_aapl.download_and_load_raw scheduled__2025-07-20T00:00:00+00:00 [queued]>
[2026-02-09T10:38:49.871+0000] {taskinstance.py:2306} INFO - Starting attempt 1 of 1
[2026-02-09T10:38:49.883+0000] {taskinstance.py:2330} INFO - Executing <Task(PythonOperator): download_and_load_raw> on 2025-07-20 00:00:00+00:00
[2026-02-09T10:38:49.894+0000] {logging_mixin.py:188} WARNING - /home/***/.local/lib/python3.12/site-packages/***/task/task_runner/standard_task_runner.py:62 DeprecationWarning: This process (pid=6704) is multi-threaded, use of fork() may lead to deadlocks in the child.
[2026-02-09T10:38:49.896+0000] {standard_task_runner.py:64} INFO - Started process 6714 to run task
[2026-02-09T10:38:49.896+0000] {standard_task_runner.py:90} INFO - Running: ['***', 'tasks', 'run', 'stock_raw_aapl', 'download_and_load_raw', 'scheduled__2025-07-20T00:00:00+00:00', '--job-id', '5634', '--raw', '--subdir', 'DAGS_FOLDER/stocks_dwh/raw/stocks_raw_dags.py', '--cfg-path', '/tmp/tmp_akiqrcz']
[2026-02-09T10:38:49.898+0000] {standard_task_runner.py:91} INFO - Job 5634: Subtask download_and_load_raw
[2026-02-09T10:38:49.956+0000] {task_command.py:426} INFO - Running <TaskInstance: stock_raw_aapl.download_and_load_raw scheduled__2025-07-20T00:00:00+00:00 [running]> on host 4886d37bc122
[2026-02-09T10:38:50.048+0000] {taskinstance.py:2648} INFO - Exporting env vars: AIRFLOW_CTX_DAG_OWNER='***' AIRFLOW_CTX_DAG_ID='stock_raw_aapl' AIRFLOW_CTX_TASK_ID='download_and_load_raw' AIRFLOW_CTX_EXECUTION_DATE='2025-07-20T00:00:00+00:00' AIRFLOW_CTX_TRY_NUMBER='1' AIRFLOW_CTX_DAG_RUN_ID='scheduled__2025-07-20T00:00:00+00:00'
[2026-02-09T10:38:50.049+0000] {taskinstance.py:430} INFO - ::endgroup::
[2026-02-09T10:38:50.062+0000] {logging_mixin.py:188} INFO - [RAW] Download AAPL [1d] 2025-07-20..2025-07-21
[2026-02-09T10:38:50.064+0000] {logging_mixin.py:188} WARNING - /opt/***/dags/stocks_dwh/raw/stocks_raw_dags.py:38 FutureWarning: YF.download() has changed argument auto_adjust default to True
[2026-02-09T10:38:50.072+0000] {logging_mixin.py:188} WARNING - /home/***/.local/lib/python3.12/site-packages/yfinance/scrapers/history.py:204 Pandas4Warning: Timestamp.utcnow is deprecated and will be removed in a future version. Use Timestamp.now('UTC') instead.
[2026-02-09T10:38:50.601+0000] {multi.py:185} ERROR - 
1 Failed download:
[2026-02-09T10:38:50.602+0000] {multi.py:198} ERROR - ['AAPL']: YFPricesMissingError('possibly delisted; no price data found  (1d 2025-07-20 -> 2025-07-21)')
[2026-02-09T10:38:50.613+0000] {logging_mixin.py:188} INFO - [RAW] No data from yfinance
[2026-02-09T10:38:50.614+0000] {python.py:237} INFO - Done. Returned value was: None
[2026-02-09T10:38:50.615+0000] {taskinstance.py:441} INFO - ::group::Post task execution logs
[2026-02-09T10:38:50.624+0000] {taskinstance.py:1206} INFO - Marking task as SUCCESS. dag_id=stock_raw_aapl, task_id=download_and_load_raw, run_id=scheduled__2025-07-20T00:00:00+00:00, execution_date=20250720T000000, start_date=20260209T103849, end_date=20260209T103850
[2026-02-09T10:38:50.671+0000] {local_task_job_runner.py:243} INFO - Task exited with return code 0
[2026-02-09T10:38:50.688+0000] {taskinstance.py:3503} INFO - 0 downstream tasks scheduled from follow-on schedule check
[2026-02-09T10:38:50.689+0000] {local_task_job_runner.py:222} INFO - ::endgroup::
[2026-02-09T12:40:39.553+0000] {local_task_job_runner.py:120} INFO - ::group::Pre task execution logs
[2026-02-09T12:40:39.582+0000] {taskinstance.py:2076} INFO - Dependencies all met for dep_context=non-requeueable deps ti=<TaskInstance: stock_raw_aapl.download_and_load_raw scheduled__2025-07-20T00:00:00+00:00 [queued]>
[2026-02-09T12:40:39.592+0000] {taskinstance.py:2076} INFO - Dependencies all met for dep_context=requeueable deps ti=<TaskInstance: stock_raw_aapl.download_and_load_raw scheduled__2025-07-20T00:00:00+00:00 [queued]>
[2026-02-09T12:40:39.592+0000] {taskinstance.py:2306} INFO - Starting attempt 1 of 1
[2026-02-09T12:40:39.606+0000] {taskinstance.py:2330} INFO - Executing <Task(PythonOperator): download_and_load_raw> on 2025-07-20 00:00:00+00:00
[2026-02-09T12:40:39.618+0000] {logging_mixin.py:188} WARNING - /home/***/.local/lib/python3.12/site-packages/***/task/task_runner/standard_task_runner.py:62 DeprecationWarning: This process (pid=18123) is multi-threaded, use of fork() may lead to deadlocks in the child.
[2026-02-09T12:40:39.618+0000] {standard_task_runner.py:90} INFO - Running: ['***', 'tasks', 'run', 'stock_raw_aapl', 'download_and_load_raw', 'scheduled__2025-07-20T00:00:00+00:00', '--job-id', '7758', '--raw', '--subdir', 'DAGS_FOLDER/stocks_dwh/raw/stocks_raw_dags.py', '--cfg-path', '/tmp/tmpd2nuo7bd']
[2026-02-09T12:40:39.620+0000] {standard_task_runner.py:64} INFO - Started process 18131 to run task
[2026-02-09T12:40:39.620+0000] {standard_task_runner.py:91} INFO - Job 7758: Subtask download_and_load_raw
[2026-02-09T12:40:39.688+0000] {task_command.py:426} INFO - Running <TaskInstance: stock_raw_aapl.download_and_load_raw scheduled__2025-07-20T00:00:00+00:00 [running]> on host 4886d37bc122
[2026-02-09T12:40:39.796+0000] {taskinstance.py:2648} INFO - Exporting env vars: AIRFLOW_CTX_DAG_OWNER='***' AIRFLOW_CTX_DAG_ID='stock_raw_aapl' AIRFLOW_CTX_TASK_ID='download_and_load_raw' AIRFLOW_CTX_EXECUTION_DATE='2025-07-20T00:00:00+00:00' AIRFLOW_CTX_TRY_NUMBER='1' AIRFLOW_CTX_DAG_RUN_ID='scheduled__2025-07-20T00:00:00+00:00'
[2026-02-09T12:40:39.797+0000] {taskinstance.py:430} INFO - ::endgroup::
[2026-02-09T12:40:39.806+0000] {stocks_raw_dags.py:37} INFO - 2025-07-20 00:00:00+00:00, 2025-07-21 00:00:00+00:00
[2026-02-09T12:40:39.807+0000] {logging_mixin.py:188} INFO - [RAW] Download AAPL [1d] 2025-07-19..2025-07-21
[2026-02-09T12:40:39.809+0000] {logging_mixin.py:188} WARNING - /opt/***/dags/stocks_dwh/raw/stocks_raw_dags.py:42 FutureWarning: YF.download() has changed argument auto_adjust default to True
[2026-02-09T12:40:39.817+0000] {logging_mixin.py:188} WARNING - /home/***/.local/lib/python3.12/site-packages/yfinance/scrapers/history.py:204 Pandas4Warning: Timestamp.utcnow is deprecated and will be removed in a future version. Use Timestamp.now('UTC') instead.
[2026-02-09T12:40:40.350+0000] {logging_mixin.py:188} WARNING - [*********************100%***********************]  1 of 1 completed
[2026-02-09T12:40:40.351+0000] {multi.py:185} ERROR - 
1 Failed download:
[2026-02-09T12:40:40.351+0000] {multi.py:198} ERROR - ['AAPL']: YFPricesMissingError('possibly delisted; no price data found  (1d 2025-07-19 -> 2025-07-21)')
[2026-02-09T12:40:40.366+0000] {logging_mixin.py:188} INFO - [RAW] No data from yfinance
[2026-02-09T12:40:40.366+0000] {python.py:237} INFO - Done. Returned value was: None
[2026-02-09T12:40:40.367+0000] {taskinstance.py:441} INFO - ::group::Post task execution logs
[2026-02-09T12:40:40.376+0000] {taskinstance.py:1206} INFO - Marking task as SUCCESS. dag_id=stock_raw_aapl, task_id=download_and_load_raw, run_id=scheduled__2025-07-20T00:00:00+00:00, execution_date=20250720T000000, start_date=20260209T124039, end_date=20260209T124040
[2026-02-09T12:40:40.436+0000] {local_task_job_runner.py:243} INFO - Task exited with return code 0
[2026-02-09T12:40:40.452+0000] {taskinstance.py:3503} INFO - 0 downstream tasks scheduled from follow-on schedule check
[2026-02-09T12:40:40.455+0000] {local_task_job_runner.py:222} INFO - ::endgroup::
