[2026-02-09T10:31:52.849+0000] {local_task_job_runner.py:120} INFO - ::group::Pre task execution logs
[2026-02-09T10:31:52.886+0000] {taskinstance.py:2076} INFO - Dependencies all met for dep_context=non-requeueable deps ti=<TaskInstance: stock_raw_aapl.download_and_load_raw scheduled__2025-03-16T00:00:00+00:00 [queued]>
[2026-02-09T10:31:52.895+0000] {taskinstance.py:2076} INFO - Dependencies all met for dep_context=requeueable deps ti=<TaskInstance: stock_raw_aapl.download_and_load_raw scheduled__2025-03-16T00:00:00+00:00 [queued]>
[2026-02-09T10:31:52.897+0000] {taskinstance.py:2306} INFO - Starting attempt 1 of 1
[2026-02-09T10:31:52.911+0000] {taskinstance.py:2330} INFO - Executing <Task(PythonOperator): download_and_load_raw> on 2025-03-16 00:00:00+00:00
[2026-02-09T10:31:52.925+0000] {logging_mixin.py:188} WARNING - /home/***/.local/lib/python3.12/site-packages/***/task/task_runner/standard_task_runner.py:62 DeprecationWarning: This process (pid=4050) is multi-threaded, use of fork() may lead to deadlocks in the child.
[2026-02-09T10:31:52.927+0000] {standard_task_runner.py:64} INFO - Started process 4061 to run task
[2026-02-09T10:31:52.925+0000] {standard_task_runner.py:90} INFO - Running: ['***', 'tasks', 'run', 'stock_raw_aapl', 'download_and_load_raw', 'scheduled__2025-03-16T00:00:00+00:00', '--job-id', '5013', '--raw', '--subdir', 'DAGS_FOLDER/stocks_dwh/raw/stocks_raw_dags.py', '--cfg-path', '/tmp/tmpxlinhogn']
[2026-02-09T10:31:52.928+0000] {standard_task_runner.py:91} INFO - Job 5013: Subtask download_and_load_raw
[2026-02-09T10:31:52.993+0000] {task_command.py:426} INFO - Running <TaskInstance: stock_raw_aapl.download_and_load_raw scheduled__2025-03-16T00:00:00+00:00 [running]> on host 4886d37bc122
[2026-02-09T10:31:53.087+0000] {taskinstance.py:2648} INFO - Exporting env vars: AIRFLOW_CTX_DAG_OWNER='***' AIRFLOW_CTX_DAG_ID='stock_raw_aapl' AIRFLOW_CTX_TASK_ID='download_and_load_raw' AIRFLOW_CTX_EXECUTION_DATE='2025-03-16T00:00:00+00:00' AIRFLOW_CTX_TRY_NUMBER='1' AIRFLOW_CTX_DAG_RUN_ID='scheduled__2025-03-16T00:00:00+00:00'
[2026-02-09T10:31:53.088+0000] {taskinstance.py:430} INFO - ::endgroup::
[2026-02-09T10:31:53.098+0000] {logging_mixin.py:188} INFO - [RAW] Download AAPL [1d] 2025-03-16..2025-03-17
[2026-02-09T10:31:53.101+0000] {logging_mixin.py:188} WARNING - /opt/***/dags/stocks_dwh/raw/stocks_raw_dags.py:38 FutureWarning: YF.download() has changed argument auto_adjust default to True
[2026-02-09T10:31:53.109+0000] {logging_mixin.py:188} WARNING - /home/***/.local/lib/python3.12/site-packages/yfinance/scrapers/history.py:204 Pandas4Warning: Timestamp.utcnow is deprecated and will be removed in a future version. Use Timestamp.now('UTC') instead.
[2026-02-09T10:31:53.619+0000] {multi.py:185} ERROR - 
1 Failed download:
[2026-02-09T10:31:53.620+0000] {multi.py:198} ERROR - ['AAPL']: YFPricesMissingError('possibly delisted; no price data found  (1d 2025-03-16 -> 2025-03-17)')
[2026-02-09T10:31:53.631+0000] {logging_mixin.py:188} INFO - [RAW] No data from yfinance
[2026-02-09T10:31:53.632+0000] {python.py:237} INFO - Done. Returned value was: None
[2026-02-09T10:31:53.632+0000] {taskinstance.py:441} INFO - ::group::Post task execution logs
[2026-02-09T10:31:53.641+0000] {taskinstance.py:1206} INFO - Marking task as SUCCESS. dag_id=stock_raw_aapl, task_id=download_and_load_raw, run_id=scheduled__2025-03-16T00:00:00+00:00, execution_date=20250316T000000, start_date=20260209T103152, end_date=20260209T103153
[2026-02-09T10:31:53.703+0000] {local_task_job_runner.py:243} INFO - Task exited with return code 0
[2026-02-09T10:31:53.719+0000] {taskinstance.py:3503} INFO - 0 downstream tasks scheduled from follow-on schedule check
[2026-02-09T10:31:53.721+0000] {local_task_job_runner.py:222} INFO - ::endgroup::
[2026-02-09T12:34:01.137+0000] {local_task_job_runner.py:120} INFO - ::group::Pre task execution logs
[2026-02-09T12:34:01.171+0000] {taskinstance.py:2076} INFO - Dependencies all met for dep_context=non-requeueable deps ti=<TaskInstance: stock_raw_aapl.download_and_load_raw scheduled__2025-03-16T00:00:00+00:00 [queued]>
[2026-02-09T12:34:01.187+0000] {taskinstance.py:2076} INFO - Dependencies all met for dep_context=requeueable deps ti=<TaskInstance: stock_raw_aapl.download_and_load_raw scheduled__2025-03-16T00:00:00+00:00 [queued]>
[2026-02-09T12:34:01.188+0000] {taskinstance.py:2306} INFO - Starting attempt 1 of 1
[2026-02-09T12:34:01.205+0000] {taskinstance.py:2330} INFO - Executing <Task(PythonOperator): download_and_load_raw> on 2025-03-16 00:00:00+00:00
[2026-02-09T12:34:01.219+0000] {logging_mixin.py:188} WARNING - /home/***/.local/lib/python3.12/site-packages/***/task/task_runner/standard_task_runner.py:62 DeprecationWarning: This process (pid=17462) is multi-threaded, use of fork() may lead to deadlocks in the child.
[2026-02-09T12:34:01.219+0000] {standard_task_runner.py:90} INFO - Running: ['***', 'tasks', 'run', 'stock_raw_aapl', 'download_and_load_raw', 'scheduled__2025-03-16T00:00:00+00:00', '--job-id', '7632', '--raw', '--subdir', 'DAGS_FOLDER/stocks_dwh/raw/stocks_raw_dags.py', '--cfg-path', '/tmp/tmpehufl9du']
[2026-02-09T12:34:01.222+0000] {standard_task_runner.py:64} INFO - Started process 17464 to run task
[2026-02-09T12:34:01.222+0000] {standard_task_runner.py:91} INFO - Job 7632: Subtask download_and_load_raw
[2026-02-09T12:34:01.305+0000] {task_command.py:426} INFO - Running <TaskInstance: stock_raw_aapl.download_and_load_raw scheduled__2025-03-16T00:00:00+00:00 [running]> on host 4886d37bc122
[2026-02-09T12:34:01.401+0000] {taskinstance.py:2648} INFO - Exporting env vars: AIRFLOW_CTX_DAG_OWNER='***' AIRFLOW_CTX_DAG_ID='stock_raw_aapl' AIRFLOW_CTX_TASK_ID='download_and_load_raw' AIRFLOW_CTX_EXECUTION_DATE='2025-03-16T00:00:00+00:00' AIRFLOW_CTX_TRY_NUMBER='1' AIRFLOW_CTX_DAG_RUN_ID='scheduled__2025-03-16T00:00:00+00:00'
[2026-02-09T12:34:01.402+0000] {taskinstance.py:430} INFO - ::endgroup::
[2026-02-09T12:34:01.412+0000] {stocks_raw_dags.py:37} INFO - 2025-03-16 00:00:00+00:00, 2025-03-17 00:00:00+00:00
[2026-02-09T12:34:01.412+0000] {logging_mixin.py:188} INFO - [RAW] Download AAPL [1d] 2025-03-15..2025-03-17
[2026-02-09T12:34:01.414+0000] {logging_mixin.py:188} WARNING - /opt/***/dags/stocks_dwh/raw/stocks_raw_dags.py:42 FutureWarning: YF.download() has changed argument auto_adjust default to True
[2026-02-09T12:34:01.423+0000] {logging_mixin.py:188} WARNING - /home/***/.local/lib/python3.12/site-packages/yfinance/scrapers/history.py:204 Pandas4Warning: Timestamp.utcnow is deprecated and will be removed in a future version. Use Timestamp.now('UTC') instead.
[2026-02-09T12:34:01.943+0000] {logging_mixin.py:188} WARNING - [*********************100%***********************]  1 of 1 completed
[2026-02-09T12:34:01.943+0000] {multi.py:185} ERROR - 
1 Failed download:
[2026-02-09T12:34:01.944+0000] {multi.py:198} ERROR - ['AAPL']: YFPricesMissingError('possibly delisted; no price data found  (1d 2025-03-15 -> 2025-03-17)')
[2026-02-09T12:34:01.956+0000] {logging_mixin.py:188} INFO - [RAW] No data from yfinance
[2026-02-09T12:34:01.957+0000] {python.py:237} INFO - Done. Returned value was: None
[2026-02-09T12:34:01.957+0000] {taskinstance.py:441} INFO - ::group::Post task execution logs
[2026-02-09T12:34:01.967+0000] {taskinstance.py:1206} INFO - Marking task as SUCCESS. dag_id=stock_raw_aapl, task_id=download_and_load_raw, run_id=scheduled__2025-03-16T00:00:00+00:00, execution_date=20250316T000000, start_date=20260209T123401, end_date=20260209T123401
[2026-02-09T12:34:01.998+0000] {local_task_job_runner.py:243} INFO - Task exited with return code 0
[2026-02-09T12:34:02.014+0000] {taskinstance.py:3503} INFO - 0 downstream tasks scheduled from follow-on schedule check
[2026-02-09T12:34:02.018+0000] {local_task_job_runner.py:222} INFO - ::endgroup::
