[2026-02-09T12:09:59.379+0000] {local_task_job_runner.py:120} INFO - ::group::Pre task execution logs
[2026-02-09T12:09:59.407+0000] {taskinstance.py:2076} INFO - Dependencies all met for dep_context=non-requeueable deps ti=<TaskInstance: stock_raw_aapl.download_and_load_raw scheduled__2024-01-01T00:00:00+00:00 [queued]>
[2026-02-09T12:09:59.414+0000] {taskinstance.py:2076} INFO - Dependencies all met for dep_context=requeueable deps ti=<TaskInstance: stock_raw_aapl.download_and_load_raw scheduled__2024-01-01T00:00:00+00:00 [queued]>
[2026-02-09T12:09:59.415+0000] {taskinstance.py:2306} INFO - Starting attempt 1 of 1
[2026-02-09T12:09:59.426+0000] {taskinstance.py:2330} INFO - Executing <Task(PythonOperator): download_and_load_raw> on 2024-01-01 00:00:00+00:00
[2026-02-09T12:09:59.437+0000] {logging_mixin.py:188} WARNING - /home/***/.local/lib/python3.12/site-packages/***/task/task_runner/standard_task_runner.py:62 DeprecationWarning: This process (pid=13349) is multi-threaded, use of fork() may lead to deadlocks in the child.
[2026-02-09T12:09:59.438+0000] {standard_task_runner.py:64} INFO - Started process 13351 to run task
[2026-02-09T12:09:59.437+0000] {standard_task_runner.py:90} INFO - Running: ['***', 'tasks', 'run', 'stock_raw_aapl', 'download_and_load_raw', 'scheduled__2024-01-01T00:00:00+00:00', '--job-id', '6745', '--raw', '--subdir', 'DAGS_FOLDER/stocks_dwh/raw/stocks_raw_dags.py', '--cfg-path', '/tmp/tmpc5g6rls8']
[2026-02-09T12:09:59.439+0000] {standard_task_runner.py:91} INFO - Job 6745: Subtask download_and_load_raw
[2026-02-09T12:09:59.497+0000] {task_command.py:426} INFO - Running <TaskInstance: stock_raw_aapl.download_and_load_raw scheduled__2024-01-01T00:00:00+00:00 [running]> on host 4886d37bc122
[2026-02-09T12:09:59.576+0000] {taskinstance.py:2648} INFO - Exporting env vars: AIRFLOW_CTX_DAG_OWNER='***' AIRFLOW_CTX_DAG_ID='stock_raw_aapl' AIRFLOW_CTX_TASK_ID='download_and_load_raw' AIRFLOW_CTX_EXECUTION_DATE='2024-01-01T00:00:00+00:00' AIRFLOW_CTX_TRY_NUMBER='1' AIRFLOW_CTX_DAG_RUN_ID='scheduled__2024-01-01T00:00:00+00:00'
[2026-02-09T12:09:59.577+0000] {taskinstance.py:430} INFO - ::endgroup::
[2026-02-09T12:09:59.590+0000] {stocks_raw_dags.py:37} INFO - 2024-01-01 00:00:00+00:00, 2024-01-02 00:00:00+00:00
[2026-02-09T12:09:59.591+0000] {logging_mixin.py:188} INFO - [RAW] Download AAPL [1d] 2023-12-31..2024-01-02
[2026-02-09T12:09:59.593+0000] {logging_mixin.py:188} WARNING - /opt/***/dags/stocks_dwh/raw/stocks_raw_dags.py:42 FutureWarning: YF.download() has changed argument auto_adjust default to True
[2026-02-09T12:09:59.601+0000] {logging_mixin.py:188} WARNING - /home/***/.local/lib/python3.12/site-packages/yfinance/scrapers/history.py:204 Pandas4Warning: Timestamp.utcnow is deprecated and will be removed in a future version. Use Timestamp.now('UTC') instead.
[2026-02-09T12:10:00.097+0000] {logging_mixin.py:188} WARNING - [*********************100%***********************]  1 of 1 completed
[2026-02-09T12:10:00.098+0000] {multi.py:185} ERROR - 
1 Failed download:
[2026-02-09T12:10:00.100+0000] {multi.py:198} ERROR - ['AAPL']: YFPricesMissingError('possibly delisted; no price data found  (1d 2023-12-31 -> 2024-01-02)')
[2026-02-09T12:10:00.128+0000] {logging_mixin.py:188} INFO - [RAW] No data from yfinance
[2026-02-09T12:10:00.129+0000] {python.py:237} INFO - Done. Returned value was: None
[2026-02-09T12:10:00.132+0000] {taskinstance.py:441} INFO - ::group::Post task execution logs
[2026-02-09T12:10:00.148+0000] {taskinstance.py:1206} INFO - Marking task as SUCCESS. dag_id=stock_raw_aapl, task_id=download_and_load_raw, run_id=scheduled__2024-01-01T00:00:00+00:00, execution_date=20240101T000000, start_date=20260209T120959, end_date=20260209T121000
[2026-02-09T12:10:00.215+0000] {local_task_job_runner.py:243} INFO - Task exited with return code 0
[2026-02-09T12:10:00.243+0000] {taskinstance.py:3503} INFO - 0 downstream tasks scheduled from follow-on schedule check
[2026-02-09T12:10:00.245+0000] {local_task_job_runner.py:222} INFO - ::endgroup::
