[2026-02-09T10:29:47.691+0000] {local_task_job_runner.py:120} INFO - ::group::Pre task execution logs
[2026-02-09T10:29:47.729+0000] {taskinstance.py:2076} INFO - Dependencies all met for dep_context=non-requeueable deps ti=<TaskInstance: stock_raw_nvda.download_and_load_raw scheduled__2025-02-04T00:00:00+00:00 [queued]>
[2026-02-09T10:29:47.738+0000] {taskinstance.py:2076} INFO - Dependencies all met for dep_context=requeueable deps ti=<TaskInstance: stock_raw_nvda.download_and_load_raw scheduled__2025-02-04T00:00:00+00:00 [queued]>
[2026-02-09T10:29:47.739+0000] {taskinstance.py:2306} INFO - Starting attempt 1 of 1
[2026-02-09T10:29:47.753+0000] {taskinstance.py:2330} INFO - Executing <Task(PythonOperator): download_and_load_raw> on 2025-02-04 00:00:00+00:00
[2026-02-09T10:29:47.765+0000] {logging_mixin.py:188} WARNING - /home/***/.local/lib/python3.12/site-packages/***/task/task_runner/standard_task_runner.py:62 DeprecationWarning: This process (pid=3228) is multi-threaded, use of fork() may lead to deadlocks in the child.
[2026-02-09T10:29:47.766+0000] {standard_task_runner.py:64} INFO - Started process 3234 to run task
[2026-02-09T10:29:47.765+0000] {standard_task_runner.py:90} INFO - Running: ['***', 'tasks', 'run', 'stock_raw_nvda', 'download_and_load_raw', 'scheduled__2025-02-04T00:00:00+00:00', '--job-id', '4816', '--raw', '--subdir', 'DAGS_FOLDER/stocks_dwh/raw/stocks_raw_dags.py', '--cfg-path', '/tmp/tmprj43jgf9']
[2026-02-09T10:29:47.770+0000] {standard_task_runner.py:91} INFO - Job 4816: Subtask download_and_load_raw
[2026-02-09T10:29:47.857+0000] {task_command.py:426} INFO - Running <TaskInstance: stock_raw_nvda.download_and_load_raw scheduled__2025-02-04T00:00:00+00:00 [running]> on host 4886d37bc122
[2026-02-09T10:29:47.959+0000] {taskinstance.py:2648} INFO - Exporting env vars: AIRFLOW_CTX_DAG_OWNER='***' AIRFLOW_CTX_DAG_ID='stock_raw_nvda' AIRFLOW_CTX_TASK_ID='download_and_load_raw' AIRFLOW_CTX_EXECUTION_DATE='2025-02-04T00:00:00+00:00' AIRFLOW_CTX_TRY_NUMBER='1' AIRFLOW_CTX_DAG_RUN_ID='scheduled__2025-02-04T00:00:00+00:00'
[2026-02-09T10:29:47.962+0000] {taskinstance.py:430} INFO - ::endgroup::
[2026-02-09T10:29:47.975+0000] {logging_mixin.py:188} INFO - [RAW] Download NVDA [1d] 2025-02-04..2025-02-05
[2026-02-09T10:29:47.978+0000] {logging_mixin.py:188} WARNING - /opt/***/dags/stocks_dwh/raw/stocks_raw_dags.py:38 FutureWarning: YF.download() has changed argument auto_adjust default to True
[2026-02-09T10:29:47.987+0000] {logging_mixin.py:188} WARNING - /home/***/.local/lib/python3.12/site-packages/yfinance/scrapers/history.py:204 Pandas4Warning: Timestamp.utcnow is deprecated and will be removed in a future version. Use Timestamp.now('UTC') instead.
[2026-02-09T10:29:48.498+0000] {taskinstance.py:441} INFO - ::group::Post task execution logs
[2026-02-09T10:29:48.499+0000] {taskinstance.py:2905} ERROR - Task failed with exception
Traceback (most recent call last):
  File "/home/airflow/.local/lib/python3.12/site-packages/airflow/models/taskinstance.py", line 465, in _execute_task
    result = _execute_callable(context=context, **execute_callable_kwargs)
             ^^^^^^^^^^^^^^^^^^^^^^^^^^^^^^^^^^^^^^^^^^^^^^^^^^^^^^^^^^^^^
  File "/home/airflow/.local/lib/python3.12/site-packages/airflow/models/taskinstance.py", line 432, in _execute_callable
    return execute_callable(context=context, **execute_callable_kwargs)
           ^^^^^^^^^^^^^^^^^^^^^^^^^^^^^^^^^^^^^^^^^^^^^^^^^^^^^^^^^^^^
  File "/home/airflow/.local/lib/python3.12/site-packages/airflow/models/baseoperator.py", line 401, in wrapper
    return func(self, *args, **kwargs)
           ^^^^^^^^^^^^^^^^^^^^^^^^^^^
  File "/home/airflow/.local/lib/python3.12/site-packages/airflow/operators/python.py", line 235, in execute
    return_value = self.execute_callable()
                   ^^^^^^^^^^^^^^^^^^^^^^^
  File "/home/airflow/.local/lib/python3.12/site-packages/airflow/operators/python.py", line 252, in execute_callable
    return self.python_callable(*self.op_args, **self.op_kwargs)
           ^^^^^^^^^^^^^^^^^^^^^^^^^^^^^^^^^^^^^^^^^^^^^^^^^^^^^
  File "/opt/airflow/dags/stocks_dwh/raw/stocks_raw_dags.py", line 86, in download_and_load_raw
    df["volume"] = pd.to_numeric(df["volume"], errors="coerce").fillna(0).astype("int64")
                   ^^^^^^^^^^^^^^^^^^^^^^^^^^^^^^^^^^^^^^^^^^^^
  File "/home/airflow/.local/lib/python3.12/site-packages/pandas/core/tools/numeric.py", line 212, in to_numeric
    raise TypeError("arg must be a list, tuple, 1-d array, or Series")
TypeError: arg must be a list, tuple, 1-d array, or Series
[2026-02-09T10:29:48.516+0000] {taskinstance.py:1206} INFO - Marking task as FAILED. dag_id=stock_raw_nvda, task_id=download_and_load_raw, run_id=scheduled__2025-02-04T00:00:00+00:00, execution_date=20250204T000000, start_date=20260209T102947, end_date=20260209T102948
[2026-02-09T10:29:48.539+0000] {standard_task_runner.py:110} ERROR - Failed to execute job 4816 for task download_and_load_raw (arg must be a list, tuple, 1-d array, or Series; 3234)
[2026-02-09T10:29:48.586+0000] {local_task_job_runner.py:243} INFO - Task exited with return code 1
[2026-02-09T10:29:48.601+0000] {taskinstance.py:3503} INFO - 0 downstream tasks scheduled from follow-on schedule check
[2026-02-09T10:29:48.604+0000] {local_task_job_runner.py:222} INFO - ::endgroup::
