[2026-02-09T10:44:54.329+0000] {local_task_job_runner.py:120} INFO - ::group::Pre task execution logs
[2026-02-09T10:44:54.362+0000] {taskinstance.py:2076} INFO - Dependencies all met for dep_context=non-requeueable deps ti=<TaskInstance: stock_raw_aapl.download_and_load_raw scheduled__2025-11-09T00:00:00+00:00 [queued]>
[2026-02-09T10:44:54.373+0000] {taskinstance.py:2076} INFO - Dependencies all met for dep_context=requeueable deps ti=<TaskInstance: stock_raw_aapl.download_and_load_raw scheduled__2025-11-09T00:00:00+00:00 [queued]>
[2026-02-09T10:44:54.374+0000] {taskinstance.py:2306} INFO - Starting attempt 1 of 1
[2026-02-09T10:44:54.386+0000] {taskinstance.py:2330} INFO - Executing <Task(PythonOperator): download_and_load_raw> on 2025-11-09 00:00:00+00:00
[2026-02-09T10:44:54.399+0000] {logging_mixin.py:188} WARNING - /home/***/.local/lib/python3.12/site-packages/***/task/task_runner/standard_task_runner.py:62 DeprecationWarning: This process (pid=9036) is multi-threaded, use of fork() may lead to deadlocks in the child.
[2026-02-09T10:44:54.401+0000] {standard_task_runner.py:64} INFO - Started process 9046 to run task
[2026-02-09T10:44:54.400+0000] {standard_task_runner.py:90} INFO - Running: ['***', 'tasks', 'run', 'stock_raw_aapl', 'download_and_load_raw', 'scheduled__2025-11-09T00:00:00+00:00', '--job-id', '6180', '--raw', '--subdir', 'DAGS_FOLDER/stocks_dwh/raw/stocks_raw_dags.py', '--cfg-path', '/tmp/tmp5tc7cr65']
[2026-02-09T10:44:54.402+0000] {standard_task_runner.py:91} INFO - Job 6180: Subtask download_and_load_raw
[2026-02-09T10:44:54.467+0000] {task_command.py:426} INFO - Running <TaskInstance: stock_raw_aapl.download_and_load_raw scheduled__2025-11-09T00:00:00+00:00 [running]> on host 4886d37bc122
[2026-02-09T10:44:54.560+0000] {taskinstance.py:2648} INFO - Exporting env vars: AIRFLOW_CTX_DAG_OWNER='***' AIRFLOW_CTX_DAG_ID='stock_raw_aapl' AIRFLOW_CTX_TASK_ID='download_and_load_raw' AIRFLOW_CTX_EXECUTION_DATE='2025-11-09T00:00:00+00:00' AIRFLOW_CTX_TRY_NUMBER='1' AIRFLOW_CTX_DAG_RUN_ID='scheduled__2025-11-09T00:00:00+00:00'
[2026-02-09T10:44:54.561+0000] {taskinstance.py:430} INFO - ::endgroup::
[2026-02-09T10:44:54.571+0000] {logging_mixin.py:188} INFO - [RAW] Download AAPL [1d] 2025-11-09..2025-11-10
[2026-02-09T10:44:54.574+0000] {logging_mixin.py:188} WARNING - /opt/***/dags/stocks_dwh/raw/stocks_raw_dags.py:38 FutureWarning: YF.download() has changed argument auto_adjust default to True
[2026-02-09T10:44:54.582+0000] {logging_mixin.py:188} WARNING - /home/***/.local/lib/python3.12/site-packages/yfinance/scrapers/history.py:204 Pandas4Warning: Timestamp.utcnow is deprecated and will be removed in a future version. Use Timestamp.now('UTC') instead.
[2026-02-09T10:44:55.075+0000] {multi.py:185} ERROR - 
1 Failed download:
[2026-02-09T10:44:55.076+0000] {multi.py:198} ERROR - ['AAPL']: YFPricesMissingError('possibly delisted; no price data found  (1d 2025-11-09 -> 2025-11-10)')
[2026-02-09T10:44:55.091+0000] {logging_mixin.py:188} INFO - [RAW] No data from yfinance
[2026-02-09T10:44:55.092+0000] {python.py:237} INFO - Done. Returned value was: None
[2026-02-09T10:44:55.092+0000] {taskinstance.py:441} INFO - ::group::Post task execution logs
[2026-02-09T10:44:55.102+0000] {taskinstance.py:1206} INFO - Marking task as SUCCESS. dag_id=stock_raw_aapl, task_id=download_and_load_raw, run_id=scheduled__2025-11-09T00:00:00+00:00, execution_date=20251109T000000, start_date=20260209T104454, end_date=20260209T104455
[2026-02-09T10:44:55.137+0000] {local_task_job_runner.py:243} INFO - Task exited with return code 0
[2026-02-09T10:44:55.153+0000] {taskinstance.py:3503} INFO - 0 downstream tasks scheduled from follow-on schedule check
[2026-02-09T10:44:55.155+0000] {local_task_job_runner.py:222} INFO - ::endgroup::
[2026-02-09T12:46:35.354+0000] {local_task_job_runner.py:120} INFO - ::group::Pre task execution logs
[2026-02-09T12:46:35.389+0000] {taskinstance.py:2076} INFO - Dependencies all met for dep_context=non-requeueable deps ti=<TaskInstance: stock_raw_aapl.download_and_load_raw scheduled__2025-11-09T00:00:00+00:00 [queued]>
[2026-02-09T12:46:35.399+0000] {taskinstance.py:2076} INFO - Dependencies all met for dep_context=requeueable deps ti=<TaskInstance: stock_raw_aapl.download_and_load_raw scheduled__2025-11-09T00:00:00+00:00 [queued]>
[2026-02-09T12:46:35.400+0000] {taskinstance.py:2306} INFO - Starting attempt 1 of 1
[2026-02-09T12:46:35.416+0000] {taskinstance.py:2330} INFO - Executing <Task(PythonOperator): download_and_load_raw> on 2025-11-09 00:00:00+00:00
[2026-02-09T12:46:35.429+0000] {standard_task_runner.py:90} INFO - Running: ['***', 'tasks', 'run', 'stock_raw_aapl', 'download_and_load_raw', 'scheduled__2025-11-09T00:00:00+00:00', '--job-id', '7870', '--raw', '--subdir', 'DAGS_FOLDER/stocks_dwh/raw/stocks_raw_dags.py', '--cfg-path', '/tmp/tmp6ncvutl4']
[2026-02-09T12:46:35.430+0000] {logging_mixin.py:188} WARNING - /home/***/.local/lib/python3.12/site-packages/***/task/task_runner/standard_task_runner.py:62 DeprecationWarning: This process (pid=18715) is multi-threaded, use of fork() may lead to deadlocks in the child.
[2026-02-09T12:46:35.432+0000] {standard_task_runner.py:91} INFO - Job 7870: Subtask download_and_load_raw
[2026-02-09T12:46:35.432+0000] {standard_task_runner.py:64} INFO - Started process 18717 to run task
[2026-02-09T12:46:35.509+0000] {task_command.py:426} INFO - Running <TaskInstance: stock_raw_aapl.download_and_load_raw scheduled__2025-11-09T00:00:00+00:00 [running]> on host 4886d37bc122
[2026-02-09T12:46:35.610+0000] {taskinstance.py:2648} INFO - Exporting env vars: AIRFLOW_CTX_DAG_OWNER='***' AIRFLOW_CTX_DAG_ID='stock_raw_aapl' AIRFLOW_CTX_TASK_ID='download_and_load_raw' AIRFLOW_CTX_EXECUTION_DATE='2025-11-09T00:00:00+00:00' AIRFLOW_CTX_TRY_NUMBER='1' AIRFLOW_CTX_DAG_RUN_ID='scheduled__2025-11-09T00:00:00+00:00'
[2026-02-09T12:46:35.611+0000] {taskinstance.py:430} INFO - ::endgroup::
[2026-02-09T12:46:35.624+0000] {stocks_raw_dags.py:37} INFO - 2025-11-09 00:00:00+00:00, 2025-11-10 00:00:00+00:00
[2026-02-09T12:46:35.625+0000] {logging_mixin.py:188} INFO - [RAW] Download AAPL [1d] 2025-11-08..2025-11-10
[2026-02-09T12:46:35.627+0000] {logging_mixin.py:188} WARNING - /opt/***/dags/stocks_dwh/raw/stocks_raw_dags.py:42 FutureWarning: YF.download() has changed argument auto_adjust default to True
[2026-02-09T12:46:35.637+0000] {logging_mixin.py:188} WARNING - /home/***/.local/lib/python3.12/site-packages/yfinance/scrapers/history.py:204 Pandas4Warning: Timestamp.utcnow is deprecated and will be removed in a future version. Use Timestamp.now('UTC') instead.
[2026-02-09T12:46:36.199+0000] {logging_mixin.py:188} WARNING - [*********************100%***********************]  1 of 1 completed
[2026-02-09T12:46:36.200+0000] {multi.py:185} ERROR - 
1 Failed download:
[2026-02-09T12:46:36.200+0000] {multi.py:198} ERROR - ['AAPL']: YFPricesMissingError('possibly delisted; no price data found  (1d 2025-11-08 -> 2025-11-10)')
[2026-02-09T12:46:36.214+0000] {logging_mixin.py:188} INFO - [RAW] No data from yfinance
[2026-02-09T12:46:36.215+0000] {python.py:237} INFO - Done. Returned value was: None
[2026-02-09T12:46:36.215+0000] {taskinstance.py:441} INFO - ::group::Post task execution logs
[2026-02-09T12:46:36.225+0000] {taskinstance.py:1206} INFO - Marking task as SUCCESS. dag_id=stock_raw_aapl, task_id=download_and_load_raw, run_id=scheduled__2025-11-09T00:00:00+00:00, execution_date=20251109T000000, start_date=20260209T124635, end_date=20260209T124636
[2026-02-09T12:46:36.289+0000] {local_task_job_runner.py:243} INFO - Task exited with return code 0
[2026-02-09T12:46:36.307+0000] {taskinstance.py:3503} INFO - 0 downstream tasks scheduled from follow-on schedule check
[2026-02-09T12:46:36.311+0000] {local_task_job_runner.py:222} INFO - ::endgroup::
