[2026-02-09T10:46:09.696+0000] {local_task_job_runner.py:120} INFO - ::group::Pre task execution logs
[2026-02-09T10:46:09.724+0000] {taskinstance.py:2076} INFO - Dependencies all met for dep_context=non-requeueable deps ti=<TaskInstance: stock_raw_aapl.download_and_load_raw scheduled__2025-12-04T00:00:00+00:00 [queued]>
[2026-02-09T10:46:09.732+0000] {taskinstance.py:2076} INFO - Dependencies all met for dep_context=requeueable deps ti=<TaskInstance: stock_raw_aapl.download_and_load_raw scheduled__2025-12-04T00:00:00+00:00 [queued]>
[2026-02-09T10:46:09.732+0000] {taskinstance.py:2306} INFO - Starting attempt 1 of 1
[2026-02-09T10:46:09.744+0000] {taskinstance.py:2330} INFO - Executing <Task(PythonOperator): download_and_load_raw> on 2025-12-04 00:00:00+00:00
[2026-02-09T10:46:09.757+0000] {logging_mixin.py:188} WARNING - /home/***/.local/lib/python3.12/site-packages/***/task/task_runner/standard_task_runner.py:62 DeprecationWarning: This process (pid=9551) is multi-threaded, use of fork() may lead to deadlocks in the child.
[2026-02-09T10:46:09.758+0000] {standard_task_runner.py:64} INFO - Started process 9562 to run task
[2026-02-09T10:46:09.757+0000] {standard_task_runner.py:90} INFO - Running: ['***', 'tasks', 'run', 'stock_raw_aapl', 'download_and_load_raw', 'scheduled__2025-12-04T00:00:00+00:00', '--job-id', '6306', '--raw', '--subdir', 'DAGS_FOLDER/stocks_dwh/raw/stocks_raw_dags.py', '--cfg-path', '/tmp/tmprwhxcb7o']
[2026-02-09T10:46:09.759+0000] {standard_task_runner.py:91} INFO - Job 6306: Subtask download_and_load_raw
[2026-02-09T10:46:09.815+0000] {task_command.py:426} INFO - Running <TaskInstance: stock_raw_aapl.download_and_load_raw scheduled__2025-12-04T00:00:00+00:00 [running]> on host 4886d37bc122
[2026-02-09T10:46:09.903+0000] {taskinstance.py:2648} INFO - Exporting env vars: AIRFLOW_CTX_DAG_OWNER='***' AIRFLOW_CTX_DAG_ID='stock_raw_aapl' AIRFLOW_CTX_TASK_ID='download_and_load_raw' AIRFLOW_CTX_EXECUTION_DATE='2025-12-04T00:00:00+00:00' AIRFLOW_CTX_TRY_NUMBER='1' AIRFLOW_CTX_DAG_RUN_ID='scheduled__2025-12-04T00:00:00+00:00'
[2026-02-09T10:46:09.905+0000] {taskinstance.py:430} INFO - ::endgroup::
[2026-02-09T10:46:09.915+0000] {logging_mixin.py:188} INFO - [RAW] Download AAPL [1d] 2025-12-04..2025-12-05
[2026-02-09T10:46:09.917+0000] {logging_mixin.py:188} WARNING - /opt/***/dags/stocks_dwh/raw/stocks_raw_dags.py:38 FutureWarning: YF.download() has changed argument auto_adjust default to True
[2026-02-09T10:46:09.924+0000] {logging_mixin.py:188} WARNING - /home/***/.local/lib/python3.12/site-packages/yfinance/scrapers/history.py:204 Pandas4Warning: Timestamp.utcnow is deprecated and will be removed in a future version. Use Timestamp.now('UTC') instead.
[2026-02-09T10:46:10.482+0000] {taskinstance.py:441} INFO - ::group::Post task execution logs
[2026-02-09T10:46:10.483+0000] {taskinstance.py:2905} ERROR - Task failed with exception
Traceback (most recent call last):
  File "/home/airflow/.local/lib/python3.12/site-packages/airflow/models/taskinstance.py", line 465, in _execute_task
    result = _execute_callable(context=context, **execute_callable_kwargs)
             ^^^^^^^^^^^^^^^^^^^^^^^^^^^^^^^^^^^^^^^^^^^^^^^^^^^^^^^^^^^^^
  File "/home/airflow/.local/lib/python3.12/site-packages/airflow/models/taskinstance.py", line 432, in _execute_callable
    return execute_callable(context=context, **execute_callable_kwargs)
           ^^^^^^^^^^^^^^^^^^^^^^^^^^^^^^^^^^^^^^^^^^^^^^^^^^^^^^^^^^^^
  File "/home/airflow/.local/lib/python3.12/site-packages/airflow/models/baseoperator.py", line 401, in wrapper
    return func(self, *args, **kwargs)
           ^^^^^^^^^^^^^^^^^^^^^^^^^^^
  File "/home/airflow/.local/lib/python3.12/site-packages/airflow/operators/python.py", line 235, in execute
    return_value = self.execute_callable()
                   ^^^^^^^^^^^^^^^^^^^^^^^
  File "/home/airflow/.local/lib/python3.12/site-packages/airflow/operators/python.py", line 252, in execute_callable
    return self.python_callable(*self.op_args, **self.op_kwargs)
           ^^^^^^^^^^^^^^^^^^^^^^^^^^^^^^^^^^^^^^^^^^^^^^^^^^^^^
  File "/opt/airflow/dags/stocks_dwh/raw/stocks_raw_dags.py", line 86, in download_and_load_raw
    df["volume"] = pd.to_numeric(df["volume"], errors="coerce").fillna(0).astype("int64")
                   ^^^^^^^^^^^^^^^^^^^^^^^^^^^^^^^^^^^^^^^^^^^^
  File "/home/airflow/.local/lib/python3.12/site-packages/pandas/core/tools/numeric.py", line 212, in to_numeric
    raise TypeError("arg must be a list, tuple, 1-d array, or Series")
TypeError: arg must be a list, tuple, 1-d array, or Series
[2026-02-09T10:46:10.499+0000] {taskinstance.py:1206} INFO - Marking task as FAILED. dag_id=stock_raw_aapl, task_id=download_and_load_raw, run_id=scheduled__2025-12-04T00:00:00+00:00, execution_date=20251204T000000, start_date=20260209T104609, end_date=20260209T104610
[2026-02-09T10:46:10.511+0000] {standard_task_runner.py:110} ERROR - Failed to execute job 6306 for task download_and_load_raw (arg must be a list, tuple, 1-d array, or Series; 9562)
[2026-02-09T10:46:10.533+0000] {local_task_job_runner.py:243} INFO - Task exited with return code 1
[2026-02-09T10:46:10.550+0000] {taskinstance.py:3503} INFO - 0 downstream tasks scheduled from follow-on schedule check
[2026-02-09T10:46:10.554+0000] {local_task_job_runner.py:222} INFO - ::endgroup::
[2026-02-09T12:47:58.418+0000] {local_task_job_runner.py:120} INFO - ::group::Pre task execution logs
[2026-02-09T12:47:58.448+0000] {taskinstance.py:2076} INFO - Dependencies all met for dep_context=non-requeueable deps ti=<TaskInstance: stock_raw_aapl.download_and_load_raw scheduled__2025-12-04T00:00:00+00:00 [queued]>
[2026-02-09T12:47:58.457+0000] {taskinstance.py:2076} INFO - Dependencies all met for dep_context=requeueable deps ti=<TaskInstance: stock_raw_aapl.download_and_load_raw scheduled__2025-12-04T00:00:00+00:00 [queued]>
[2026-02-09T12:47:58.458+0000] {taskinstance.py:2306} INFO - Starting attempt 1 of 1
[2026-02-09T12:47:58.471+0000] {taskinstance.py:2330} INFO - Executing <Task(PythonOperator): download_and_load_raw> on 2025-12-04 00:00:00+00:00
[2026-02-09T12:47:58.484+0000] {standard_task_runner.py:90} INFO - Running: ['***', 'tasks', 'run', 'stock_raw_aapl', 'download_and_load_raw', 'scheduled__2025-12-04T00:00:00+00:00', '--job-id', '7895', '--raw', '--subdir', 'DAGS_FOLDER/stocks_dwh/raw/stocks_raw_dags.py', '--cfg-path', '/tmp/tmpob3wv3i4']
[2026-02-09T12:47:58.484+0000] {logging_mixin.py:188} WARNING - /home/***/.local/lib/python3.12/site-packages/***/task/task_runner/standard_task_runner.py:62 DeprecationWarning: This process (pid=18845) is multi-threaded, use of fork() may lead to deadlocks in the child.
[2026-02-09T12:47:58.486+0000] {standard_task_runner.py:91} INFO - Job 7895: Subtask download_and_load_raw
[2026-02-09T12:47:58.486+0000] {standard_task_runner.py:64} INFO - Started process 18847 to run task
[2026-02-09T12:47:58.553+0000] {task_command.py:426} INFO - Running <TaskInstance: stock_raw_aapl.download_and_load_raw scheduled__2025-12-04T00:00:00+00:00 [running]> on host 4886d37bc122
[2026-02-09T12:47:58.650+0000] {taskinstance.py:2648} INFO - Exporting env vars: AIRFLOW_CTX_DAG_OWNER='***' AIRFLOW_CTX_DAG_ID='stock_raw_aapl' AIRFLOW_CTX_TASK_ID='download_and_load_raw' AIRFLOW_CTX_EXECUTION_DATE='2025-12-04T00:00:00+00:00' AIRFLOW_CTX_TRY_NUMBER='1' AIRFLOW_CTX_DAG_RUN_ID='scheduled__2025-12-04T00:00:00+00:00'
[2026-02-09T12:47:58.651+0000] {taskinstance.py:430} INFO - ::endgroup::
[2026-02-09T12:47:58.662+0000] {stocks_raw_dags.py:37} INFO - 2025-12-04 00:00:00+00:00, 2025-12-05 00:00:00+00:00
[2026-02-09T12:47:58.663+0000] {logging_mixin.py:188} INFO - [RAW] Download AAPL [1d] 2025-12-03..2025-12-05
[2026-02-09T12:47:58.665+0000] {logging_mixin.py:188} WARNING - /opt/***/dags/stocks_dwh/raw/stocks_raw_dags.py:42 FutureWarning: YF.download() has changed argument auto_adjust default to True
[2026-02-09T12:47:58.674+0000] {logging_mixin.py:188} WARNING - /home/***/.local/lib/python3.12/site-packages/yfinance/scrapers/history.py:204 Pandas4Warning: Timestamp.utcnow is deprecated and will be removed in a future version. Use Timestamp.now('UTC') instead.
[2026-02-09T12:47:59.196+0000] {logging_mixin.py:188} WARNING - [*********************100%***********************]  1 of 1 completed
[2026-02-09T12:47:59.232+0000] {base.py:84} INFO - Using connection ID 'dwh_clickhouse' for task execution.
[2026-02-09T12:47:59.262+0000] {logging_mixin.py:188} INFO - [RAW] Deleted existing rows for AAPL in 2025-12-03..2025-12-05
[2026-02-09T12:47:59.274+0000] {logging_mixin.py:188} INFO - [RAW] Inserted 2 rows into dwh.raw_stock_prices
[2026-02-09T12:47:59.275+0000] {python.py:237} INFO - Done. Returned value was: None
[2026-02-09T12:47:59.276+0000] {taskinstance.py:441} INFO - ::group::Post task execution logs
[2026-02-09T12:47:59.286+0000] {taskinstance.py:1206} INFO - Marking task as SUCCESS. dag_id=stock_raw_aapl, task_id=download_and_load_raw, run_id=scheduled__2025-12-04T00:00:00+00:00, execution_date=20251204T000000, start_date=20260209T124758, end_date=20260209T124759
[2026-02-09T12:47:59.343+0000] {local_task_job_runner.py:243} INFO - Task exited with return code 0
[2026-02-09T12:47:59.365+0000] {taskinstance.py:3503} INFO - 0 downstream tasks scheduled from follow-on schedule check
[2026-02-09T12:47:59.370+0000] {local_task_job_runner.py:222} INFO - ::endgroup::
