[2026-02-09T10:33:48.931+0000] {local_task_job_runner.py:120} INFO - ::group::Pre task execution logs
[2026-02-09T10:33:48.972+0000] {taskinstance.py:2076} INFO - Dependencies all met for dep_context=non-requeueable deps ti=<TaskInstance: stock_raw_aapl.download_and_load_raw scheduled__2025-04-20T00:00:00+00:00 [queued]>
[2026-02-09T10:33:48.982+0000] {taskinstance.py:2076} INFO - Dependencies all met for dep_context=requeueable deps ti=<TaskInstance: stock_raw_aapl.download_and_load_raw scheduled__2025-04-20T00:00:00+00:00 [queued]>
[2026-02-09T10:33:48.983+0000] {taskinstance.py:2306} INFO - Starting attempt 1 of 1
[2026-02-09T10:33:49.002+0000] {taskinstance.py:2330} INFO - Executing <Task(PythonOperator): download_and_load_raw> on 2025-04-20 00:00:00+00:00
[2026-02-09T10:33:49.019+0000] {logging_mixin.py:188} WARNING - /home/***/.local/lib/python3.12/site-packages/***/task/task_runner/standard_task_runner.py:62 DeprecationWarning: This process (pid=4792) is multi-threaded, use of fork() may lead to deadlocks in the child.
[2026-02-09T10:33:49.021+0000] {standard_task_runner.py:64} INFO - Started process 4799 to run task
[2026-02-09T10:33:49.019+0000] {standard_task_runner.py:90} INFO - Running: ['***', 'tasks', 'run', 'stock_raw_aapl', 'download_and_load_raw', 'scheduled__2025-04-20T00:00:00+00:00', '--job-id', '5185', '--raw', '--subdir', 'DAGS_FOLDER/stocks_dwh/raw/stocks_raw_dags.py', '--cfg-path', '/tmp/tmpjuq9ghe8']
[2026-02-09T10:33:49.023+0000] {standard_task_runner.py:91} INFO - Job 5185: Subtask download_and_load_raw
[2026-02-09T10:33:49.104+0000] {task_command.py:426} INFO - Running <TaskInstance: stock_raw_aapl.download_and_load_raw scheduled__2025-04-20T00:00:00+00:00 [running]> on host 4886d37bc122
[2026-02-09T10:33:49.224+0000] {taskinstance.py:2648} INFO - Exporting env vars: AIRFLOW_CTX_DAG_OWNER='***' AIRFLOW_CTX_DAG_ID='stock_raw_aapl' AIRFLOW_CTX_TASK_ID='download_and_load_raw' AIRFLOW_CTX_EXECUTION_DATE='2025-04-20T00:00:00+00:00' AIRFLOW_CTX_TRY_NUMBER='1' AIRFLOW_CTX_DAG_RUN_ID='scheduled__2025-04-20T00:00:00+00:00'
[2026-02-09T10:33:49.225+0000] {taskinstance.py:430} INFO - ::endgroup::
[2026-02-09T10:33:49.237+0000] {logging_mixin.py:188} INFO - [RAW] Download AAPL [1d] 2025-04-20..2025-04-21
[2026-02-09T10:33:49.240+0000] {logging_mixin.py:188} WARNING - /opt/***/dags/stocks_dwh/raw/stocks_raw_dags.py:38 FutureWarning: YF.download() has changed argument auto_adjust default to True
[2026-02-09T10:33:49.248+0000] {logging_mixin.py:188} WARNING - /home/***/.local/lib/python3.12/site-packages/yfinance/scrapers/history.py:204 Pandas4Warning: Timestamp.utcnow is deprecated and will be removed in a future version. Use Timestamp.now('UTC') instead.
[2026-02-09T10:33:50.014+0000] {multi.py:185} ERROR - 
1 Failed download:
[2026-02-09T10:33:50.015+0000] {multi.py:198} ERROR - ['AAPL']: YFPricesMissingError('possibly delisted; no price data found  (1d 2025-04-20 -> 2025-04-21)')
[2026-02-09T10:33:50.030+0000] {logging_mixin.py:188} INFO - [RAW] No data from yfinance
[2026-02-09T10:33:50.031+0000] {python.py:237} INFO - Done. Returned value was: None
[2026-02-09T10:33:50.032+0000] {taskinstance.py:441} INFO - ::group::Post task execution logs
[2026-02-09T10:33:50.043+0000] {taskinstance.py:1206} INFO - Marking task as SUCCESS. dag_id=stock_raw_aapl, task_id=download_and_load_raw, run_id=scheduled__2025-04-20T00:00:00+00:00, execution_date=20250420T000000, start_date=20260209T103348, end_date=20260209T103350
[2026-02-09T10:33:50.119+0000] {local_task_job_runner.py:243} INFO - Task exited with return code 0
[2026-02-09T10:33:50.138+0000] {taskinstance.py:3503} INFO - 0 downstream tasks scheduled from follow-on schedule check
[2026-02-09T10:33:50.141+0000] {local_task_job_runner.py:222} INFO - ::endgroup::
[2026-02-09T12:35:58.729+0000] {local_task_job_runner.py:120} INFO - ::group::Pre task execution logs
[2026-02-09T12:35:58.759+0000] {taskinstance.py:2076} INFO - Dependencies all met for dep_context=non-requeueable deps ti=<TaskInstance: stock_raw_aapl.download_and_load_raw scheduled__2025-04-20T00:00:00+00:00 [queued]>
[2026-02-09T12:35:58.766+0000] {taskinstance.py:2076} INFO - Dependencies all met for dep_context=requeueable deps ti=<TaskInstance: stock_raw_aapl.download_and_load_raw scheduled__2025-04-20T00:00:00+00:00 [queued]>
[2026-02-09T12:35:58.767+0000] {taskinstance.py:2306} INFO - Starting attempt 1 of 1
[2026-02-09T12:35:58.779+0000] {taskinstance.py:2330} INFO - Executing <Task(PythonOperator): download_and_load_raw> on 2025-04-20 00:00:00+00:00
[2026-02-09T12:35:58.790+0000] {logging_mixin.py:188} WARNING - /home/***/.local/lib/python3.12/site-packages/***/task/task_runner/standard_task_runner.py:62 DeprecationWarning: This process (pid=17650) is multi-threaded, use of fork() may lead to deadlocks in the child.
[2026-02-09T12:35:58.791+0000] {standard_task_runner.py:64} INFO - Started process 17652 to run task
[2026-02-09T12:35:58.790+0000] {standard_task_runner.py:90} INFO - Running: ['***', 'tasks', 'run', 'stock_raw_aapl', 'download_and_load_raw', 'scheduled__2025-04-20T00:00:00+00:00', '--job-id', '7667', '--raw', '--subdir', 'DAGS_FOLDER/stocks_dwh/raw/stocks_raw_dags.py', '--cfg-path', '/tmp/tmp_02fjlhx']
[2026-02-09T12:35:58.793+0000] {standard_task_runner.py:91} INFO - Job 7667: Subtask download_and_load_raw
[2026-02-09T12:35:58.851+0000] {task_command.py:426} INFO - Running <TaskInstance: stock_raw_aapl.download_and_load_raw scheduled__2025-04-20T00:00:00+00:00 [running]> on host 4886d37bc122
[2026-02-09T12:35:58.942+0000] {taskinstance.py:2648} INFO - Exporting env vars: AIRFLOW_CTX_DAG_OWNER='***' AIRFLOW_CTX_DAG_ID='stock_raw_aapl' AIRFLOW_CTX_TASK_ID='download_and_load_raw' AIRFLOW_CTX_EXECUTION_DATE='2025-04-20T00:00:00+00:00' AIRFLOW_CTX_TRY_NUMBER='1' AIRFLOW_CTX_DAG_RUN_ID='scheduled__2025-04-20T00:00:00+00:00'
[2026-02-09T12:35:58.944+0000] {taskinstance.py:430} INFO - ::endgroup::
[2026-02-09T12:35:58.953+0000] {stocks_raw_dags.py:37} INFO - 2025-04-20 00:00:00+00:00, 2025-04-21 00:00:00+00:00
[2026-02-09T12:35:58.954+0000] {logging_mixin.py:188} INFO - [RAW] Download AAPL [1d] 2025-04-19..2025-04-21
[2026-02-09T12:35:58.957+0000] {logging_mixin.py:188} WARNING - /opt/***/dags/stocks_dwh/raw/stocks_raw_dags.py:42 FutureWarning: YF.download() has changed argument auto_adjust default to True
[2026-02-09T12:35:58.965+0000] {logging_mixin.py:188} WARNING - /home/***/.local/lib/python3.12/site-packages/yfinance/scrapers/history.py:204 Pandas4Warning: Timestamp.utcnow is deprecated and will be removed in a future version. Use Timestamp.now('UTC') instead.
[2026-02-09T12:35:59.481+0000] {logging_mixin.py:188} WARNING - [*********************100%***********************]  1 of 1 completed
[2026-02-09T12:35:59.481+0000] {multi.py:185} ERROR - 
1 Failed download:
[2026-02-09T12:35:59.482+0000] {multi.py:198} ERROR - ['AAPL']: YFPricesMissingError('possibly delisted; no price data found  (1d 2025-04-19 -> 2025-04-21)')
[2026-02-09T12:35:59.496+0000] {logging_mixin.py:188} INFO - [RAW] No data from yfinance
[2026-02-09T12:35:59.497+0000] {python.py:237} INFO - Done. Returned value was: None
[2026-02-09T12:35:59.497+0000] {taskinstance.py:441} INFO - ::group::Post task execution logs
[2026-02-09T12:35:59.506+0000] {taskinstance.py:1206} INFO - Marking task as SUCCESS. dag_id=stock_raw_aapl, task_id=download_and_load_raw, run_id=scheduled__2025-04-20T00:00:00+00:00, execution_date=20250420T000000, start_date=20260209T123558, end_date=20260209T123559
[2026-02-09T12:35:59.567+0000] {local_task_job_runner.py:243} INFO - Task exited with return code 0
[2026-02-09T12:35:59.584+0000] {taskinstance.py:3503} INFO - 0 downstream tasks scheduled from follow-on schedule check
[2026-02-09T12:35:59.588+0000] {local_task_job_runner.py:222} INFO - ::endgroup::
