[2026-02-09T10:32:49.765+0000] {local_task_job_runner.py:120} INFO - ::group::Pre task execution logs
[2026-02-09T10:32:49.798+0000] {taskinstance.py:2076} INFO - Dependencies all met for dep_context=non-requeueable deps ti=<TaskInstance: stock_raw_aapl.download_and_load_raw scheduled__2025-04-02T00:00:00+00:00 [queued]>
[2026-02-09T10:32:49.808+0000] {taskinstance.py:2076} INFO - Dependencies all met for dep_context=requeueable deps ti=<TaskInstance: stock_raw_aapl.download_and_load_raw scheduled__2025-04-02T00:00:00+00:00 [queued]>
[2026-02-09T10:32:49.810+0000] {taskinstance.py:2306} INFO - Starting attempt 1 of 1
[2026-02-09T10:32:49.826+0000] {taskinstance.py:2330} INFO - Executing <Task(PythonOperator): download_and_load_raw> on 2025-04-02 00:00:00+00:00
[2026-02-09T10:32:49.841+0000] {logging_mixin.py:188} WARNING - /home/***/.local/lib/python3.12/site-packages/***/task/task_runner/standard_task_runner.py:62 DeprecationWarning: This process (pid=4413) is multi-threaded, use of fork() may lead to deadlocks in the child.
[2026-02-09T10:32:49.843+0000] {standard_task_runner.py:64} INFO - Started process 4424 to run task
[2026-02-09T10:32:49.842+0000] {standard_task_runner.py:90} INFO - Running: ['***', 'tasks', 'run', 'stock_raw_aapl', 'download_and_load_raw', 'scheduled__2025-04-02T00:00:00+00:00', '--job-id', '5097', '--raw', '--subdir', 'DAGS_FOLDER/stocks_dwh/raw/stocks_raw_dags.py', '--cfg-path', '/tmp/tmprsba512b']
[2026-02-09T10:32:49.845+0000] {standard_task_runner.py:91} INFO - Job 5097: Subtask download_and_load_raw
[2026-02-09T10:32:49.920+0000] {task_command.py:426} INFO - Running <TaskInstance: stock_raw_aapl.download_and_load_raw scheduled__2025-04-02T00:00:00+00:00 [running]> on host 4886d37bc122
[2026-02-09T10:32:50.027+0000] {taskinstance.py:2648} INFO - Exporting env vars: AIRFLOW_CTX_DAG_OWNER='***' AIRFLOW_CTX_DAG_ID='stock_raw_aapl' AIRFLOW_CTX_TASK_ID='download_and_load_raw' AIRFLOW_CTX_EXECUTION_DATE='2025-04-02T00:00:00+00:00' AIRFLOW_CTX_TRY_NUMBER='1' AIRFLOW_CTX_DAG_RUN_ID='scheduled__2025-04-02T00:00:00+00:00'
[2026-02-09T10:32:50.028+0000] {taskinstance.py:430} INFO - ::endgroup::
[2026-02-09T10:32:50.043+0000] {logging_mixin.py:188} INFO - [RAW] Download AAPL [1d] 2025-04-02..2025-04-03
[2026-02-09T10:32:50.045+0000] {logging_mixin.py:188} WARNING - /opt/***/dags/stocks_dwh/raw/stocks_raw_dags.py:38 FutureWarning: YF.download() has changed argument auto_adjust default to True
[2026-02-09T10:32:50.054+0000] {logging_mixin.py:188} WARNING - /home/***/.local/lib/python3.12/site-packages/yfinance/scrapers/history.py:204 Pandas4Warning: Timestamp.utcnow is deprecated and will be removed in a future version. Use Timestamp.now('UTC') instead.
[2026-02-09T10:32:50.660+0000] {taskinstance.py:441} INFO - ::group::Post task execution logs
[2026-02-09T10:32:50.661+0000] {taskinstance.py:2905} ERROR - Task failed with exception
Traceback (most recent call last):
  File "/home/airflow/.local/lib/python3.12/site-packages/airflow/models/taskinstance.py", line 465, in _execute_task
    result = _execute_callable(context=context, **execute_callable_kwargs)
             ^^^^^^^^^^^^^^^^^^^^^^^^^^^^^^^^^^^^^^^^^^^^^^^^^^^^^^^^^^^^^
  File "/home/airflow/.local/lib/python3.12/site-packages/airflow/models/taskinstance.py", line 432, in _execute_callable
    return execute_callable(context=context, **execute_callable_kwargs)
           ^^^^^^^^^^^^^^^^^^^^^^^^^^^^^^^^^^^^^^^^^^^^^^^^^^^^^^^^^^^^
  File "/home/airflow/.local/lib/python3.12/site-packages/airflow/models/baseoperator.py", line 401, in wrapper
    return func(self, *args, **kwargs)
           ^^^^^^^^^^^^^^^^^^^^^^^^^^^
  File "/home/airflow/.local/lib/python3.12/site-packages/airflow/operators/python.py", line 235, in execute
    return_value = self.execute_callable()
                   ^^^^^^^^^^^^^^^^^^^^^^^
  File "/home/airflow/.local/lib/python3.12/site-packages/airflow/operators/python.py", line 252, in execute_callable
    return self.python_callable(*self.op_args, **self.op_kwargs)
           ^^^^^^^^^^^^^^^^^^^^^^^^^^^^^^^^^^^^^^^^^^^^^^^^^^^^^
  File "/opt/airflow/dags/stocks_dwh/raw/stocks_raw_dags.py", line 86, in download_and_load_raw
    df["volume"] = pd.to_numeric(df["volume"], errors="coerce").fillna(0).astype("int64")
                   ^^^^^^^^^^^^^^^^^^^^^^^^^^^^^^^^^^^^^^^^^^^^
  File "/home/airflow/.local/lib/python3.12/site-packages/pandas/core/tools/numeric.py", line 212, in to_numeric
    raise TypeError("arg must be a list, tuple, 1-d array, or Series")
TypeError: arg must be a list, tuple, 1-d array, or Series
[2026-02-09T10:32:50.682+0000] {taskinstance.py:1206} INFO - Marking task as FAILED. dag_id=stock_raw_aapl, task_id=download_and_load_raw, run_id=scheduled__2025-04-02T00:00:00+00:00, execution_date=20250402T000000, start_date=20260209T103249, end_date=20260209T103250
[2026-02-09T10:32:50.697+0000] {standard_task_runner.py:110} ERROR - Failed to execute job 5097 for task download_and_load_raw (arg must be a list, tuple, 1-d array, or Series; 4424)
[2026-02-09T10:32:50.740+0000] {local_task_job_runner.py:243} INFO - Task exited with return code 1
[2026-02-09T10:32:50.759+0000] {taskinstance.py:3503} INFO - 0 downstream tasks scheduled from follow-on schedule check
[2026-02-09T10:32:50.761+0000] {local_task_job_runner.py:222} INFO - ::endgroup::
[2026-02-09T12:34:58.365+0000] {local_task_job_runner.py:120} INFO - ::group::Pre task execution logs
[2026-02-09T12:34:58.399+0000] {taskinstance.py:2076} INFO - Dependencies all met for dep_context=non-requeueable deps ti=<TaskInstance: stock_raw_aapl.download_and_load_raw scheduled__2025-04-02T00:00:00+00:00 [queued]>
[2026-02-09T12:34:58.408+0000] {taskinstance.py:2076} INFO - Dependencies all met for dep_context=requeueable deps ti=<TaskInstance: stock_raw_aapl.download_and_load_raw scheduled__2025-04-02T00:00:00+00:00 [queued]>
[2026-02-09T12:34:58.410+0000] {taskinstance.py:2306} INFO - Starting attempt 1 of 1
[2026-02-09T12:34:58.424+0000] {taskinstance.py:2330} INFO - Executing <Task(PythonOperator): download_and_load_raw> on 2025-04-02 00:00:00+00:00
[2026-02-09T12:34:58.438+0000] {logging_mixin.py:188} WARNING - /home/***/.local/lib/python3.12/site-packages/***/task/task_runner/standard_task_runner.py:62 DeprecationWarning: This process (pid=17554) is multi-threaded, use of fork() may lead to deadlocks in the child.
[2026-02-09T12:34:58.439+0000] {standard_task_runner.py:64} INFO - Started process 17556 to run task
[2026-02-09T12:34:58.438+0000] {standard_task_runner.py:90} INFO - Running: ['***', 'tasks', 'run', 'stock_raw_aapl', 'download_and_load_raw', 'scheduled__2025-04-02T00:00:00+00:00', '--job-id', '7649', '--raw', '--subdir', 'DAGS_FOLDER/stocks_dwh/raw/stocks_raw_dags.py', '--cfg-path', '/tmp/tmpne7abtwm']
[2026-02-09T12:34:58.440+0000] {standard_task_runner.py:91} INFO - Job 7649: Subtask download_and_load_raw
[2026-02-09T12:34:58.515+0000] {task_command.py:426} INFO - Running <TaskInstance: stock_raw_aapl.download_and_load_raw scheduled__2025-04-02T00:00:00+00:00 [running]> on host 4886d37bc122
[2026-02-09T12:34:58.622+0000] {taskinstance.py:2648} INFO - Exporting env vars: AIRFLOW_CTX_DAG_OWNER='***' AIRFLOW_CTX_DAG_ID='stock_raw_aapl' AIRFLOW_CTX_TASK_ID='download_and_load_raw' AIRFLOW_CTX_EXECUTION_DATE='2025-04-02T00:00:00+00:00' AIRFLOW_CTX_TRY_NUMBER='1' AIRFLOW_CTX_DAG_RUN_ID='scheduled__2025-04-02T00:00:00+00:00'
[2026-02-09T12:34:58.624+0000] {taskinstance.py:430} INFO - ::endgroup::
[2026-02-09T12:34:58.636+0000] {stocks_raw_dags.py:37} INFO - 2025-04-02 00:00:00+00:00, 2025-04-03 00:00:00+00:00
[2026-02-09T12:34:58.637+0000] {logging_mixin.py:188} INFO - [RAW] Download AAPL [1d] 2025-04-01..2025-04-03
[2026-02-09T12:34:58.639+0000] {logging_mixin.py:188} WARNING - /opt/***/dags/stocks_dwh/raw/stocks_raw_dags.py:42 FutureWarning: YF.download() has changed argument auto_adjust default to True
[2026-02-09T12:34:58.648+0000] {logging_mixin.py:188} WARNING - /home/***/.local/lib/python3.12/site-packages/yfinance/scrapers/history.py:204 Pandas4Warning: Timestamp.utcnow is deprecated and will be removed in a future version. Use Timestamp.now('UTC') instead.
[2026-02-09T12:34:59.204+0000] {logging_mixin.py:188} WARNING - [*********************100%***********************]  1 of 1 completed
[2026-02-09T12:34:59.250+0000] {base.py:84} INFO - Using connection ID 'dwh_clickhouse' for task execution.
[2026-02-09T12:34:59.290+0000] {logging_mixin.py:188} INFO - [RAW] Deleted existing rows for AAPL in 2025-04-01..2025-04-03
[2026-02-09T12:34:59.303+0000] {logging_mixin.py:188} INFO - [RAW] Inserted 2 rows into dwh.raw_stock_prices
[2026-02-09T12:34:59.304+0000] {python.py:237} INFO - Done. Returned value was: None
[2026-02-09T12:34:59.305+0000] {taskinstance.py:441} INFO - ::group::Post task execution logs
[2026-02-09T12:34:59.318+0000] {taskinstance.py:1206} INFO - Marking task as SUCCESS. dag_id=stock_raw_aapl, task_id=download_and_load_raw, run_id=scheduled__2025-04-02T00:00:00+00:00, execution_date=20250402T000000, start_date=20260209T123458, end_date=20260209T123459
[2026-02-09T12:34:59.376+0000] {local_task_job_runner.py:243} INFO - Task exited with return code 0
[2026-02-09T12:34:59.401+0000] {taskinstance.py:3503} INFO - 0 downstream tasks scheduled from follow-on schedule check
[2026-02-09T12:34:59.406+0000] {local_task_job_runner.py:222} INFO - ::endgroup::
