[2026-02-09T10:30:49.513+0000] {local_task_job_runner.py:120} INFO - ::group::Pre task execution logs
[2026-02-09T10:30:49.542+0000] {taskinstance.py:2076} INFO - Dependencies all met for dep_context=non-requeueable deps ti=<TaskInstance: stock_raw_tsla.download_and_load_raw scheduled__2025-02-23T00:00:00+00:00 [queued]>
[2026-02-09T10:30:49.549+0000] {taskinstance.py:2076} INFO - Dependencies all met for dep_context=requeueable deps ti=<TaskInstance: stock_raw_tsla.download_and_load_raw scheduled__2025-02-23T00:00:00+00:00 [queued]>
[2026-02-09T10:30:49.550+0000] {taskinstance.py:2306} INFO - Starting attempt 1 of 1
[2026-02-09T10:30:49.562+0000] {taskinstance.py:2330} INFO - Executing <Task(PythonOperator): download_and_load_raw> on 2025-02-23 00:00:00+00:00
[2026-02-09T10:30:49.576+0000] {logging_mixin.py:188} WARNING - /home/***/.local/lib/python3.12/site-packages/***/task/task_runner/standard_task_runner.py:62 DeprecationWarning: This process (pid=3630) is multi-threaded, use of fork() may lead to deadlocks in the child.
[2026-02-09T10:30:49.576+0000] {standard_task_runner.py:90} INFO - Running: ['***', 'tasks', 'run', 'stock_raw_tsla', 'download_and_load_raw', 'scheduled__2025-02-23T00:00:00+00:00', '--job-id', '4913', '--raw', '--subdir', 'DAGS_FOLDER/stocks_dwh/raw/stocks_raw_dags.py', '--cfg-path', '/tmp/tmpmm2v0qmd']
[2026-02-09T10:30:49.580+0000] {standard_task_runner.py:64} INFO - Started process 3638 to run task
[2026-02-09T10:30:49.581+0000] {standard_task_runner.py:91} INFO - Job 4913: Subtask download_and_load_raw
[2026-02-09T10:30:49.644+0000] {task_command.py:426} INFO - Running <TaskInstance: stock_raw_tsla.download_and_load_raw scheduled__2025-02-23T00:00:00+00:00 [running]> on host 4886d37bc122
[2026-02-09T10:30:49.746+0000] {taskinstance.py:2648} INFO - Exporting env vars: AIRFLOW_CTX_DAG_OWNER='***' AIRFLOW_CTX_DAG_ID='stock_raw_tsla' AIRFLOW_CTX_TASK_ID='download_and_load_raw' AIRFLOW_CTX_EXECUTION_DATE='2025-02-23T00:00:00+00:00' AIRFLOW_CTX_TRY_NUMBER='1' AIRFLOW_CTX_DAG_RUN_ID='scheduled__2025-02-23T00:00:00+00:00'
[2026-02-09T10:30:49.747+0000] {taskinstance.py:430} INFO - ::endgroup::
[2026-02-09T10:30:49.761+0000] {logging_mixin.py:188} INFO - [RAW] Download TSLA [1d] 2025-02-23..2025-02-24
[2026-02-09T10:30:49.763+0000] {logging_mixin.py:188} WARNING - /opt/***/dags/stocks_dwh/raw/stocks_raw_dags.py:38 FutureWarning: YF.download() has changed argument auto_adjust default to True
[2026-02-09T10:30:49.772+0000] {logging_mixin.py:188} WARNING - /home/***/.local/lib/python3.12/site-packages/yfinance/scrapers/history.py:204 Pandas4Warning: Timestamp.utcnow is deprecated and will be removed in a future version. Use Timestamp.now('UTC') instead.
[2026-02-09T10:30:50.209+0000] {multi.py:185} ERROR - 
1 Failed download:
[2026-02-09T10:30:50.210+0000] {multi.py:198} ERROR - ['TSLA']: YFPricesMissingError('possibly delisted; no price data found  (1d 2025-02-23 -> 2025-02-24)')
[2026-02-09T10:30:50.222+0000] {logging_mixin.py:188} INFO - [RAW] No data from yfinance
[2026-02-09T10:30:50.223+0000] {python.py:237} INFO - Done. Returned value was: None
[2026-02-09T10:30:50.224+0000] {taskinstance.py:441} INFO - ::group::Post task execution logs
[2026-02-09T10:30:50.234+0000] {taskinstance.py:1206} INFO - Marking task as SUCCESS. dag_id=stock_raw_tsla, task_id=download_and_load_raw, run_id=scheduled__2025-02-23T00:00:00+00:00, execution_date=20250223T000000, start_date=20260209T103049, end_date=20260209T103050
[2026-02-09T10:30:50.276+0000] {local_task_job_runner.py:243} INFO - Task exited with return code 0
[2026-02-09T10:30:50.287+0000] {local_task_job_runner.py:222} INFO - ::endgroup::
