[2026-02-09T10:09:22.095+0000] {local_task_job_runner.py:120} INFO - ::group::Pre task execution logs
[2026-02-09T10:09:22.123+0000] {taskinstance.py:2076} INFO - Dependencies all met for dep_context=non-requeueable deps ti=<TaskInstance: stock_raw_aapl.download_and_load_raw scheduled__2024-03-03T00:00:00+00:00 [queued]>
[2026-02-09T10:09:22.131+0000] {taskinstance.py:2076} INFO - Dependencies all met for dep_context=requeueable deps ti=<TaskInstance: stock_raw_aapl.download_and_load_raw scheduled__2024-03-03T00:00:00+00:00 [queued]>
[2026-02-09T10:09:22.132+0000] {taskinstance.py:2306} INFO - Starting attempt 1 of 1
[2026-02-09T10:09:22.143+0000] {taskinstance.py:2330} INFO - Executing <Task(PythonOperator): download_and_load_raw> on 2024-03-03 00:00:00+00:00
[2026-02-09T10:09:22.155+0000] {logging_mixin.py:188} WARNING - /home/***/.local/lib/python3.12/site-packages/***/task/task_runner/standard_task_runner.py:62 DeprecationWarning: This process (pid=2305) is multi-threaded, use of fork() may lead to deadlocks in the child.
[2026-02-09T10:09:22.157+0000] {standard_task_runner.py:64} INFO - Started process 2312 to run task
[2026-02-09T10:09:22.155+0000] {standard_task_runner.py:90} INFO - Running: ['***', 'tasks', 'run', 'stock_raw_aapl', 'download_and_load_raw', 'scheduled__2024-03-03T00:00:00+00:00', '--job-id', '3138', '--raw', '--subdir', 'DAGS_FOLDER/stocks_dwh/raw/stocks_raw_dags.py', '--cfg-path', '/tmp/tmpxl9vqvwy']
[2026-02-09T10:09:22.158+0000] {standard_task_runner.py:91} INFO - Job 3138: Subtask download_and_load_raw
[2026-02-09T10:09:22.219+0000] {task_command.py:426} INFO - Running <TaskInstance: stock_raw_aapl.download_and_load_raw scheduled__2024-03-03T00:00:00+00:00 [running]> on host b6b9e92e7d61
[2026-02-09T10:09:22.330+0000] {taskinstance.py:2648} INFO - Exporting env vars: AIRFLOW_CTX_DAG_OWNER='***' AIRFLOW_CTX_DAG_ID='stock_raw_aapl' AIRFLOW_CTX_TASK_ID='download_and_load_raw' AIRFLOW_CTX_EXECUTION_DATE='2024-03-03T00:00:00+00:00' AIRFLOW_CTX_TRY_NUMBER='1' AIRFLOW_CTX_DAG_RUN_ID='scheduled__2024-03-03T00:00:00+00:00'
[2026-02-09T10:09:22.332+0000] {taskinstance.py:430} INFO - ::endgroup::
[2026-02-09T10:09:22.345+0000] {logging_mixin.py:188} INFO - [RAW] Download AAPL [1d] 2024-03-03..2024-03-04
[2026-02-09T10:09:22.350+0000] {logging_mixin.py:188} WARNING - /opt/***/dags/stocks_dwh/raw/stocks_raw_dags.py:38 FutureWarning: YF.download() has changed argument auto_adjust default to True
[2026-02-09T10:09:22.359+0000] {logging_mixin.py:188} WARNING - /home/***/.local/lib/python3.12/site-packages/yfinance/scrapers/history.py:204 Pandas4Warning: Timestamp.utcnow is deprecated and will be removed in a future version. Use Timestamp.now('UTC') instead.
[2026-02-09T10:09:22.849+0000] {multi.py:185} ERROR - 
1 Failed download:
[2026-02-09T10:09:22.850+0000] {multi.py:198} ERROR - ['AAPL']: YFPricesMissingError('possibly delisted; no price data found  (1d 2024-03-03 -> 2024-03-04)')
[2026-02-09T10:09:22.864+0000] {logging_mixin.py:188} INFO - [RAW] No data from yfinance
[2026-02-09T10:09:22.865+0000] {python.py:237} INFO - Done. Returned value was: None
[2026-02-09T10:09:22.865+0000] {taskinstance.py:441} INFO - ::group::Post task execution logs
[2026-02-09T10:09:22.876+0000] {taskinstance.py:1206} INFO - Marking task as SUCCESS. dag_id=stock_raw_aapl, task_id=download_and_load_raw, run_id=scheduled__2024-03-03T00:00:00+00:00, execution_date=20240303T000000, start_date=20260209T100922, end_date=20260209T100922
[2026-02-09T10:09:22.933+0000] {local_task_job_runner.py:243} INFO - Task exited with return code 0
[2026-02-09T10:09:22.950+0000] {taskinstance.py:3503} INFO - 0 downstream tasks scheduled from follow-on schedule check
[2026-02-09T10:09:22.952+0000] {local_task_job_runner.py:222} INFO - ::endgroup::
[2026-02-09T12:13:25.737+0000] {local_task_job_runner.py:120} INFO - ::group::Pre task execution logs
[2026-02-09T12:13:25.764+0000] {taskinstance.py:2076} INFO - Dependencies all met for dep_context=non-requeueable deps ti=<TaskInstance: stock_raw_aapl.download_and_load_raw scheduled__2024-03-03T00:00:00+00:00 [queued]>
[2026-02-09T12:13:25.771+0000] {taskinstance.py:2076} INFO - Dependencies all met for dep_context=requeueable deps ti=<TaskInstance: stock_raw_aapl.download_and_load_raw scheduled__2024-03-03T00:00:00+00:00 [queued]>
[2026-02-09T12:13:25.772+0000] {taskinstance.py:2306} INFO - Starting attempt 1 of 1
[2026-02-09T12:13:25.782+0000] {taskinstance.py:2330} INFO - Executing <Task(PythonOperator): download_and_load_raw> on 2024-03-03 00:00:00+00:00
[2026-02-09T12:13:25.793+0000] {logging_mixin.py:188} WARNING - /home/***/.local/lib/python3.12/site-packages/***/task/task_runner/standard_task_runner.py:62 DeprecationWarning: This process (pid=13948) is multi-threaded, use of fork() may lead to deadlocks in the child.
[2026-02-09T12:13:25.795+0000] {standard_task_runner.py:64} INFO - Started process 13952 to run task
[2026-02-09T12:13:25.794+0000] {standard_task_runner.py:90} INFO - Running: ['***', 'tasks', 'run', 'stock_raw_aapl', 'download_and_load_raw', 'scheduled__2024-03-03T00:00:00+00:00', '--job-id', '6876', '--raw', '--subdir', 'DAGS_FOLDER/stocks_dwh/raw/stocks_raw_dags.py', '--cfg-path', '/tmp/tmpxgq6zaws']
[2026-02-09T12:13:25.796+0000] {standard_task_runner.py:91} INFO - Job 6876: Subtask download_and_load_raw
[2026-02-09T12:13:25.854+0000] {task_command.py:426} INFO - Running <TaskInstance: stock_raw_aapl.download_and_load_raw scheduled__2024-03-03T00:00:00+00:00 [running]> on host 4886d37bc122
[2026-02-09T12:13:25.943+0000] {taskinstance.py:2648} INFO - Exporting env vars: AIRFLOW_CTX_DAG_OWNER='***' AIRFLOW_CTX_DAG_ID='stock_raw_aapl' AIRFLOW_CTX_TASK_ID='download_and_load_raw' AIRFLOW_CTX_EXECUTION_DATE='2024-03-03T00:00:00+00:00' AIRFLOW_CTX_TRY_NUMBER='1' AIRFLOW_CTX_DAG_RUN_ID='scheduled__2024-03-03T00:00:00+00:00'
[2026-02-09T12:13:25.944+0000] {taskinstance.py:430} INFO - ::endgroup::
[2026-02-09T12:13:25.954+0000] {stocks_raw_dags.py:37} INFO - 2024-03-03 00:00:00+00:00, 2024-03-04 00:00:00+00:00
[2026-02-09T12:13:25.954+0000] {logging_mixin.py:188} INFO - [RAW] Download AAPL [1d] 2024-03-02..2024-03-04
[2026-02-09T12:13:25.956+0000] {logging_mixin.py:188} WARNING - /opt/***/dags/stocks_dwh/raw/stocks_raw_dags.py:42 FutureWarning: YF.download() has changed argument auto_adjust default to True
[2026-02-09T12:13:25.963+0000] {logging_mixin.py:188} WARNING - /home/***/.local/lib/python3.12/site-packages/yfinance/scrapers/history.py:204 Pandas4Warning: Timestamp.utcnow is deprecated and will be removed in a future version. Use Timestamp.now('UTC') instead.
[2026-02-09T12:13:26.435+0000] {logging_mixin.py:188} WARNING - [*********************100%***********************]  1 of 1 completed
[2026-02-09T12:13:26.436+0000] {multi.py:185} ERROR - 
1 Failed download:
[2026-02-09T12:13:26.437+0000] {multi.py:198} ERROR - ['AAPL']: YFPricesMissingError('possibly delisted; no price data found  (1d 2024-03-02 -> 2024-03-04)')
[2026-02-09T12:13:26.452+0000] {logging_mixin.py:188} INFO - [RAW] No data from yfinance
[2026-02-09T12:13:26.453+0000] {python.py:237} INFO - Done. Returned value was: None
[2026-02-09T12:13:26.453+0000] {taskinstance.py:441} INFO - ::group::Post task execution logs
[2026-02-09T12:13:26.463+0000] {taskinstance.py:1206} INFO - Marking task as SUCCESS. dag_id=stock_raw_aapl, task_id=download_and_load_raw, run_id=scheduled__2024-03-03T00:00:00+00:00, execution_date=20240303T000000, start_date=20260209T121325, end_date=20260209T121326
[2026-02-09T12:13:26.530+0000] {local_task_job_runner.py:243} INFO - Task exited with return code 0
[2026-02-09T12:13:26.552+0000] {taskinstance.py:3503} INFO - 0 downstream tasks scheduled from follow-on schedule check
[2026-02-09T12:13:26.555+0000] {local_task_job_runner.py:222} INFO - ::endgroup::
