[2026-02-09T10:30:26.364+0000] {local_task_job_runner.py:120} INFO - ::group::Pre task execution logs
[2026-02-09T10:30:26.396+0000] {taskinstance.py:2076} INFO - Dependencies all met for dep_context=non-requeueable deps ti=<TaskInstance: stock_raw_aapl.download_and_load_raw scheduled__2025-02-17T00:00:00+00:00 [queued]>
[2026-02-09T10:30:26.404+0000] {taskinstance.py:2076} INFO - Dependencies all met for dep_context=requeueable deps ti=<TaskInstance: stock_raw_aapl.download_and_load_raw scheduled__2025-02-17T00:00:00+00:00 [queued]>
[2026-02-09T10:30:26.405+0000] {taskinstance.py:2306} INFO - Starting attempt 1 of 1
[2026-02-09T10:30:26.417+0000] {taskinstance.py:2330} INFO - Executing <Task(PythonOperator): download_and_load_raw> on 2025-02-17 00:00:00+00:00
[2026-02-09T10:30:26.431+0000] {logging_mixin.py:188} WARNING - /home/***/.local/lib/python3.12/site-packages/***/task/task_runner/standard_task_runner.py:62 DeprecationWarning: This process (pid=3483) is multi-threaded, use of fork() may lead to deadlocks in the child.
[2026-02-09T10:30:26.433+0000] {standard_task_runner.py:64} INFO - Started process 3489 to run task
[2026-02-09T10:30:26.431+0000] {standard_task_runner.py:90} INFO - Running: ['***', 'tasks', 'run', 'stock_raw_aapl', 'download_and_load_raw', 'scheduled__2025-02-17T00:00:00+00:00', '--job-id', '4879', '--raw', '--subdir', 'DAGS_FOLDER/stocks_dwh/raw/stocks_raw_dags.py', '--cfg-path', '/tmp/tmpajysncxn']
[2026-02-09T10:30:26.435+0000] {standard_task_runner.py:91} INFO - Job 4879: Subtask download_and_load_raw
[2026-02-09T10:30:26.504+0000] {task_command.py:426} INFO - Running <TaskInstance: stock_raw_aapl.download_and_load_raw scheduled__2025-02-17T00:00:00+00:00 [running]> on host 4886d37bc122
[2026-02-09T10:30:26.597+0000] {taskinstance.py:2648} INFO - Exporting env vars: AIRFLOW_CTX_DAG_OWNER='***' AIRFLOW_CTX_DAG_ID='stock_raw_aapl' AIRFLOW_CTX_TASK_ID='download_and_load_raw' AIRFLOW_CTX_EXECUTION_DATE='2025-02-17T00:00:00+00:00' AIRFLOW_CTX_TRY_NUMBER='1' AIRFLOW_CTX_DAG_RUN_ID='scheduled__2025-02-17T00:00:00+00:00'
[2026-02-09T10:30:26.598+0000] {taskinstance.py:430} INFO - ::endgroup::
[2026-02-09T10:30:26.609+0000] {logging_mixin.py:188} INFO - [RAW] Download AAPL [1d] 2025-02-17..2025-02-18
[2026-02-09T10:30:26.611+0000] {logging_mixin.py:188} WARNING - /opt/***/dags/stocks_dwh/raw/stocks_raw_dags.py:38 FutureWarning: YF.download() has changed argument auto_adjust default to True
[2026-02-09T10:30:26.620+0000] {logging_mixin.py:188} WARNING - /home/***/.local/lib/python3.12/site-packages/yfinance/scrapers/history.py:204 Pandas4Warning: Timestamp.utcnow is deprecated and will be removed in a future version. Use Timestamp.now('UTC') instead.
[2026-02-09T10:30:27.119+0000] {multi.py:185} ERROR - 
1 Failed download:
[2026-02-09T10:30:27.120+0000] {multi.py:198} ERROR - ['AAPL']: YFPricesMissingError('possibly delisted; no price data found  (1d 2025-02-17 -> 2025-02-18)')
[2026-02-09T10:30:27.132+0000] {logging_mixin.py:188} INFO - [RAW] No data from yfinance
[2026-02-09T10:30:27.132+0000] {python.py:237} INFO - Done. Returned value was: None
[2026-02-09T10:30:27.133+0000] {taskinstance.py:441} INFO - ::group::Post task execution logs
[2026-02-09T10:30:27.143+0000] {taskinstance.py:1206} INFO - Marking task as SUCCESS. dag_id=stock_raw_aapl, task_id=download_and_load_raw, run_id=scheduled__2025-02-17T00:00:00+00:00, execution_date=20250217T000000, start_date=20260209T103026, end_date=20260209T103027
[2026-02-09T10:30:27.209+0000] {local_task_job_runner.py:243} INFO - Task exited with return code 0
[2026-02-09T10:30:27.228+0000] {taskinstance.py:3503} INFO - 0 downstream tasks scheduled from follow-on schedule check
[2026-02-09T10:30:27.230+0000] {local_task_job_runner.py:222} INFO - ::endgroup::
[2026-02-09T12:32:18.047+0000] {local_task_job_runner.py:120} INFO - ::group::Pre task execution logs
[2026-02-09T12:32:18.080+0000] {taskinstance.py:2076} INFO - Dependencies all met for dep_context=non-requeueable deps ti=<TaskInstance: stock_raw_aapl.download_and_load_raw scheduled__2025-02-17T00:00:00+00:00 [queued]>
[2026-02-09T12:32:18.089+0000] {taskinstance.py:2076} INFO - Dependencies all met for dep_context=requeueable deps ti=<TaskInstance: stock_raw_aapl.download_and_load_raw scheduled__2025-02-17T00:00:00+00:00 [queued]>
[2026-02-09T12:32:18.090+0000] {taskinstance.py:2306} INFO - Starting attempt 1 of 1
[2026-02-09T12:32:18.104+0000] {taskinstance.py:2330} INFO - Executing <Task(PythonOperator): download_and_load_raw> on 2025-02-17 00:00:00+00:00
[2026-02-09T12:32:18.118+0000] {logging_mixin.py:188} WARNING - /home/***/.local/lib/python3.12/site-packages/***/task/task_runner/standard_task_runner.py:62 DeprecationWarning: This process (pid=17211) is multi-threaded, use of fork() may lead to deadlocks in the child.
[2026-02-09T12:32:18.119+0000] {standard_task_runner.py:64} INFO - Started process 17214 to run task
[2026-02-09T12:32:18.118+0000] {standard_task_runner.py:90} INFO - Running: ['***', 'tasks', 'run', 'stock_raw_aapl', 'download_and_load_raw', 'scheduled__2025-02-17T00:00:00+00:00', '--job-id', '7578', '--raw', '--subdir', 'DAGS_FOLDER/stocks_dwh/raw/stocks_raw_dags.py', '--cfg-path', '/tmp/tmpo3islkaq']
[2026-02-09T12:32:18.120+0000] {standard_task_runner.py:91} INFO - Job 7578: Subtask download_and_load_raw
[2026-02-09T12:32:18.188+0000] {task_command.py:426} INFO - Running <TaskInstance: stock_raw_aapl.download_and_load_raw scheduled__2025-02-17T00:00:00+00:00 [running]> on host 4886d37bc122
[2026-02-09T12:32:18.290+0000] {taskinstance.py:2648} INFO - Exporting env vars: AIRFLOW_CTX_DAG_OWNER='***' AIRFLOW_CTX_DAG_ID='stock_raw_aapl' AIRFLOW_CTX_TASK_ID='download_and_load_raw' AIRFLOW_CTX_EXECUTION_DATE='2025-02-17T00:00:00+00:00' AIRFLOW_CTX_TRY_NUMBER='1' AIRFLOW_CTX_DAG_RUN_ID='scheduled__2025-02-17T00:00:00+00:00'
[2026-02-09T12:32:18.292+0000] {taskinstance.py:430} INFO - ::endgroup::
[2026-02-09T12:32:18.309+0000] {stocks_raw_dags.py:37} INFO - 2025-02-17 00:00:00+00:00, 2025-02-18 00:00:00+00:00
[2026-02-09T12:32:18.310+0000] {logging_mixin.py:188} INFO - [RAW] Download AAPL [1d] 2025-02-16..2025-02-18
[2026-02-09T12:32:18.312+0000] {logging_mixin.py:188} WARNING - /opt/***/dags/stocks_dwh/raw/stocks_raw_dags.py:42 FutureWarning: YF.download() has changed argument auto_adjust default to True
[2026-02-09T12:32:18.321+0000] {logging_mixin.py:188} WARNING - /home/***/.local/lib/python3.12/site-packages/yfinance/scrapers/history.py:204 Pandas4Warning: Timestamp.utcnow is deprecated and will be removed in a future version. Use Timestamp.now('UTC') instead.
[2026-02-09T12:32:20.168+0000] {logging_mixin.py:188} WARNING - [*********************100%***********************]  1 of 1 completed
[2026-02-09T12:32:20.169+0000] {multi.py:185} ERROR - 
1 Failed download:
[2026-02-09T12:32:20.169+0000] {multi.py:198} ERROR - ['AAPL']: YFPricesMissingError('possibly delisted; no price data found  (1d 2025-02-16 -> 2025-02-18)')
[2026-02-09T12:32:20.181+0000] {logging_mixin.py:188} INFO - [RAW] No data from yfinance
[2026-02-09T12:32:20.181+0000] {python.py:237} INFO - Done. Returned value was: None
[2026-02-09T12:32:20.182+0000] {taskinstance.py:441} INFO - ::group::Post task execution logs
[2026-02-09T12:32:20.194+0000] {taskinstance.py:1206} INFO - Marking task as SUCCESS. dag_id=stock_raw_aapl, task_id=download_and_load_raw, run_id=scheduled__2025-02-17T00:00:00+00:00, execution_date=20250217T000000, start_date=20260209T123218, end_date=20260209T123220
[2026-02-09T12:32:20.261+0000] {local_task_job_runner.py:243} INFO - Task exited with return code 0
[2026-02-09T12:32:20.286+0000] {taskinstance.py:3503} INFO - 0 downstream tasks scheduled from follow-on schedule check
[2026-02-09T12:32:20.289+0000] {local_task_job_runner.py:222} INFO - ::endgroup::
