[2026-02-15T16:24:19.997+0000] {local_task_job_runner.py:120} INFO - ::group::Pre task execution logs
[2026-02-15T16:24:20.026+0000] {taskinstance.py:2076} INFO - Dependencies all met for dep_context=non-requeueable deps ti=<TaskInstance: stock_raw_aapl.load_to_ods manual__2026-02-15T15:04:31.589730+00:00 [queued]>
[2026-02-15T16:24:20.032+0000] {taskinstance.py:2076} INFO - Dependencies all met for dep_context=requeueable deps ti=<TaskInstance: stock_raw_aapl.load_to_ods manual__2026-02-15T15:04:31.589730+00:00 [queued]>
[2026-02-15T16:24:20.033+0000] {taskinstance.py:2306} INFO - Starting attempt 1 of 1
[2026-02-15T16:24:20.043+0000] {taskinstance.py:2330} INFO - Executing <Task(PythonOperator): load_to_ods> on 2026-02-15 15:04:31.589730+00:00
[2026-02-15T16:24:20.054+0000] {logging_mixin.py:188} WARNING - /home/***/.local/lib/python3.12/site-packages/***/task/task_runner/standard_task_runner.py:62 DeprecationWarning: This process (pid=1837) is multi-threaded, use of fork() may lead to deadlocks in the child.
[2026-02-15T16:24:20.053+0000] {standard_task_runner.py:90} INFO - Running: ['***', 'tasks', 'run', 'stock_raw_aapl', 'load_to_ods', 'manual__2026-02-15T15:04:31.589730+00:00', '--job-id', '8064', '--raw', '--subdir', 'DAGS_FOLDER/stocks/dag.py', '--cfg-path', '/tmp/tmpbq38ov89']
[2026-02-15T16:24:20.055+0000] {standard_task_runner.py:64} INFO - Started process 1839 to run task
[2026-02-15T16:24:20.056+0000] {standard_task_runner.py:91} INFO - Job 8064: Subtask load_to_ods
[2026-02-15T16:24:20.107+0000] {task_command.py:426} INFO - Running <TaskInstance: stock_raw_aapl.load_to_ods manual__2026-02-15T15:04:31.589730+00:00 [running]> on host 45ef9e308ede
[2026-02-15T16:24:20.182+0000] {taskinstance.py:2648} INFO - Exporting env vars: AIRFLOW_CTX_DAG_OWNER='***' AIRFLOW_CTX_DAG_ID='stock_raw_aapl' AIRFLOW_CTX_TASK_ID='load_to_ods' AIRFLOW_CTX_EXECUTION_DATE='2026-02-15T15:04:31.589730+00:00' AIRFLOW_CTX_TRY_NUMBER='1' AIRFLOW_CTX_DAG_RUN_ID='manual__2026-02-15T15:04:31.589730+00:00'
[2026-02-15T16:24:20.183+0000] {taskinstance.py:430} INFO - ::endgroup::
[2026-02-15T16:24:20.200+0000] {base.py:84} INFO - Using connection ID 'dwh_clickhouse' for task execution.
[2026-02-15T16:24:20.217+0000] {manager.py:75} INFO - Deleted existing ODS rows for AAPL in 2026-02-13..2026-02-15
[2026-02-15T16:24:20.223+0000] {manager.py:88} INFO - Loaded AAPL from raw to ods_stock_daily [2026-02-13..2026-02-15]
[2026-02-15T16:24:20.223+0000] {python.py:237} INFO - Done. Returned value was: None
[2026-02-15T16:24:20.224+0000] {taskinstance.py:441} INFO - ::group::Post task execution logs
[2026-02-15T16:24:20.232+0000] {taskinstance.py:1206} INFO - Marking task as SUCCESS. dag_id=stock_raw_aapl, task_id=load_to_ods, run_id=manual__2026-02-15T15:04:31.589730+00:00, execution_date=20260215T150431, start_date=20260215T162420, end_date=20260215T162420
[2026-02-15T16:24:20.269+0000] {local_task_job_runner.py:243} INFO - Task exited with return code 0
[2026-02-15T16:24:20.284+0000] {taskinstance.py:3503} INFO - 0 downstream tasks scheduled from follow-on schedule check
[2026-02-15T16:24:20.286+0000] {local_task_job_runner.py:222} INFO - ::endgroup::
