[2026-02-09T10:30:43.323+0000] {local_task_job_runner.py:120} INFO - ::group::Pre task execution logs
[2026-02-09T10:30:43.355+0000] {taskinstance.py:2076} INFO - Dependencies all met for dep_context=non-requeueable deps ti=<TaskInstance: stock_raw_aapl.download_and_load_raw scheduled__2025-02-22T00:00:00+00:00 [queued]>
[2026-02-09T10:30:43.364+0000] {taskinstance.py:2076} INFO - Dependencies all met for dep_context=requeueable deps ti=<TaskInstance: stock_raw_aapl.download_and_load_raw scheduled__2025-02-22T00:00:00+00:00 [queued]>
[2026-02-09T10:30:43.367+0000] {taskinstance.py:2306} INFO - Starting attempt 1 of 1
[2026-02-09T10:30:43.379+0000] {taskinstance.py:2330} INFO - Executing <Task(PythonOperator): download_and_load_raw> on 2025-02-22 00:00:00+00:00
[2026-02-09T10:30:43.398+0000] {logging_mixin.py:188} WARNING - /home/***/.local/lib/python3.12/site-packages/***/task/task_runner/standard_task_runner.py:62 DeprecationWarning: This process (pid=3585) is multi-threaded, use of fork() may lead to deadlocks in the child.
[2026-02-09T10:30:43.398+0000] {standard_task_runner.py:90} INFO - Running: ['***', 'tasks', 'run', 'stock_raw_aapl', 'download_and_load_raw', 'scheduled__2025-02-22T00:00:00+00:00', '--job-id', '4904', '--raw', '--subdir', 'DAGS_FOLDER/stocks_dwh/raw/stocks_raw_dags.py', '--cfg-path', '/tmp/tmp9dzef2o5']
[2026-02-09T10:30:43.401+0000] {standard_task_runner.py:91} INFO - Job 4904: Subtask download_and_load_raw
[2026-02-09T10:30:43.401+0000] {standard_task_runner.py:64} INFO - Started process 3595 to run task
[2026-02-09T10:30:43.466+0000] {task_command.py:426} INFO - Running <TaskInstance: stock_raw_aapl.download_and_load_raw scheduled__2025-02-22T00:00:00+00:00 [running]> on host 4886d37bc122
[2026-02-09T10:30:43.562+0000] {taskinstance.py:2648} INFO - Exporting env vars: AIRFLOW_CTX_DAG_OWNER='***' AIRFLOW_CTX_DAG_ID='stock_raw_aapl' AIRFLOW_CTX_TASK_ID='download_and_load_raw' AIRFLOW_CTX_EXECUTION_DATE='2025-02-22T00:00:00+00:00' AIRFLOW_CTX_TRY_NUMBER='1' AIRFLOW_CTX_DAG_RUN_ID='scheduled__2025-02-22T00:00:00+00:00'
[2026-02-09T10:30:43.564+0000] {taskinstance.py:430} INFO - ::endgroup::
[2026-02-09T10:30:43.576+0000] {logging_mixin.py:188} INFO - [RAW] Download AAPL [1d] 2025-02-22..2025-02-23
[2026-02-09T10:30:43.578+0000] {logging_mixin.py:188} WARNING - /opt/***/dags/stocks_dwh/raw/stocks_raw_dags.py:38 FutureWarning: YF.download() has changed argument auto_adjust default to True
[2026-02-09T10:30:43.586+0000] {logging_mixin.py:188} WARNING - /home/***/.local/lib/python3.12/site-packages/yfinance/scrapers/history.py:204 Pandas4Warning: Timestamp.utcnow is deprecated and will be removed in a future version. Use Timestamp.now('UTC') instead.
[2026-02-09T10:30:44.117+0000] {multi.py:185} ERROR - 
1 Failed download:
[2026-02-09T10:30:44.118+0000] {multi.py:198} ERROR - ['AAPL']: YFPricesMissingError('possibly delisted; no price data found  (1d 2025-02-22 -> 2025-02-23)')
[2026-02-09T10:30:44.131+0000] {logging_mixin.py:188} INFO - [RAW] No data from yfinance
[2026-02-09T10:30:44.132+0000] {python.py:237} INFO - Done. Returned value was: None
[2026-02-09T10:30:44.133+0000] {taskinstance.py:441} INFO - ::group::Post task execution logs
[2026-02-09T10:30:44.144+0000] {taskinstance.py:1206} INFO - Marking task as SUCCESS. dag_id=stock_raw_aapl, task_id=download_and_load_raw, run_id=scheduled__2025-02-22T00:00:00+00:00, execution_date=20250222T000000, start_date=20260209T103043, end_date=20260209T103044
[2026-02-09T10:30:44.217+0000] {local_task_job_runner.py:243} INFO - Task exited with return code 0
[2026-02-09T10:30:44.234+0000] {taskinstance.py:3503} INFO - 0 downstream tasks scheduled from follow-on schedule check
[2026-02-09T10:30:44.236+0000] {local_task_job_runner.py:222} INFO - ::endgroup::
[2026-02-09T12:32:41.813+0000] {local_task_job_runner.py:120} INFO - ::group::Pre task execution logs
[2026-02-09T12:32:41.848+0000] {taskinstance.py:2076} INFO - Dependencies all met for dep_context=non-requeueable deps ti=<TaskInstance: stock_raw_aapl.download_and_load_raw scheduled__2025-02-22T00:00:00+00:00 [queued]>
[2026-02-09T12:32:41.857+0000] {taskinstance.py:2076} INFO - Dependencies all met for dep_context=requeueable deps ti=<TaskInstance: stock_raw_aapl.download_and_load_raw scheduled__2025-02-22T00:00:00+00:00 [queued]>
[2026-02-09T12:32:41.858+0000] {taskinstance.py:2306} INFO - Starting attempt 1 of 1
[2026-02-09T12:32:41.872+0000] {taskinstance.py:2330} INFO - Executing <Task(PythonOperator): download_and_load_raw> on 2025-02-22 00:00:00+00:00
[2026-02-09T12:32:41.888+0000] {logging_mixin.py:188} WARNING - /home/***/.local/lib/python3.12/site-packages/***/task/task_runner/standard_task_runner.py:62 DeprecationWarning: This process (pid=17262) is multi-threaded, use of fork() may lead to deadlocks in the child.
[2026-02-09T12:32:41.887+0000] {standard_task_runner.py:90} INFO - Running: ['***', 'tasks', 'run', 'stock_raw_aapl', 'download_and_load_raw', 'scheduled__2025-02-22T00:00:00+00:00', '--job-id', '7588', '--raw', '--subdir', 'DAGS_FOLDER/stocks_dwh/raw/stocks_raw_dags.py', '--cfg-path', '/tmp/tmpy8rhwssn']
[2026-02-09T12:32:41.890+0000] {standard_task_runner.py:64} INFO - Started process 17266 to run task
[2026-02-09T12:32:41.890+0000] {standard_task_runner.py:91} INFO - Job 7588: Subtask download_and_load_raw
[2026-02-09T12:32:41.956+0000] {task_command.py:426} INFO - Running <TaskInstance: stock_raw_aapl.download_and_load_raw scheduled__2025-02-22T00:00:00+00:00 [running]> on host 4886d37bc122
[2026-02-09T12:32:42.056+0000] {taskinstance.py:2648} INFO - Exporting env vars: AIRFLOW_CTX_DAG_OWNER='***' AIRFLOW_CTX_DAG_ID='stock_raw_aapl' AIRFLOW_CTX_TASK_ID='download_and_load_raw' AIRFLOW_CTX_EXECUTION_DATE='2025-02-22T00:00:00+00:00' AIRFLOW_CTX_TRY_NUMBER='1' AIRFLOW_CTX_DAG_RUN_ID='scheduled__2025-02-22T00:00:00+00:00'
[2026-02-09T12:32:42.057+0000] {taskinstance.py:430} INFO - ::endgroup::
[2026-02-09T12:32:42.070+0000] {stocks_raw_dags.py:37} INFO - 2025-02-22 00:00:00+00:00, 2025-02-23 00:00:00+00:00
[2026-02-09T12:32:42.071+0000] {logging_mixin.py:188} INFO - [RAW] Download AAPL [1d] 2025-02-21..2025-02-23
[2026-02-09T12:32:42.073+0000] {logging_mixin.py:188} WARNING - /opt/***/dags/stocks_dwh/raw/stocks_raw_dags.py:42 FutureWarning: YF.download() has changed argument auto_adjust default to True
[2026-02-09T12:32:42.083+0000] {logging_mixin.py:188} WARNING - /home/***/.local/lib/python3.12/site-packages/yfinance/scrapers/history.py:204 Pandas4Warning: Timestamp.utcnow is deprecated and will be removed in a future version. Use Timestamp.now('UTC') instead.
[2026-02-09T12:32:44.199+0000] {logging_mixin.py:188} WARNING - [*********************100%***********************]  1 of 1 completed
[2026-02-09T12:32:44.255+0000] {base.py:84} INFO - Using connection ID 'dwh_clickhouse' for task execution.
[2026-02-09T12:32:44.292+0000] {logging_mixin.py:188} INFO - [RAW] Deleted existing rows for AAPL in 2025-02-21..2025-02-23
[2026-02-09T12:32:44.306+0000] {logging_mixin.py:188} INFO - [RAW] Inserted 1 rows into dwh.raw_stock_prices
[2026-02-09T12:32:44.307+0000] {python.py:237} INFO - Done. Returned value was: None
[2026-02-09T12:32:44.308+0000] {taskinstance.py:441} INFO - ::group::Post task execution logs
[2026-02-09T12:32:44.322+0000] {taskinstance.py:1206} INFO - Marking task as SUCCESS. dag_id=stock_raw_aapl, task_id=download_and_load_raw, run_id=scheduled__2025-02-22T00:00:00+00:00, execution_date=20250222T000000, start_date=20260209T123241, end_date=20260209T123244
[2026-02-09T12:32:44.393+0000] {local_task_job_runner.py:243} INFO - Task exited with return code 0
[2026-02-09T12:32:44.419+0000] {taskinstance.py:3503} INFO - 0 downstream tasks scheduled from follow-on schedule check
[2026-02-09T12:32:44.423+0000] {local_task_job_runner.py:222} INFO - ::endgroup::
