[2026-02-09T10:19:00.243+0000] {local_task_job_runner.py:120} INFO - ::group::Pre task execution logs
[2026-02-09T10:19:00.271+0000] {taskinstance.py:2076} INFO - Dependencies all met for dep_context=non-requeueable deps ti=<TaskInstance: stock_raw_tsla.download_and_load_raw scheduled__2024-08-25T00:00:00+00:00 [queued]>
[2026-02-09T10:19:00.281+0000] {taskinstance.py:2076} INFO - Dependencies all met for dep_context=requeueable deps ti=<TaskInstance: stock_raw_tsla.download_and_load_raw scheduled__2024-08-25T00:00:00+00:00 [queued]>
[2026-02-09T10:19:00.283+0000] {taskinstance.py:2306} INFO - Starting attempt 1 of 1
[2026-02-09T10:19:00.295+0000] {taskinstance.py:2330} INFO - Executing <Task(PythonOperator): download_and_load_raw> on 2024-08-25 00:00:00+00:00
[2026-02-09T10:19:00.307+0000] {logging_mixin.py:188} WARNING - /home/***/.local/lib/python3.12/site-packages/***/task/task_runner/standard_task_runner.py:62 DeprecationWarning: This process (pid=6017) is multi-threaded, use of fork() may lead to deadlocks in the child.
[2026-02-09T10:19:00.308+0000] {standard_task_runner.py:64} INFO - Started process 6027 to run task
[2026-02-09T10:19:00.308+0000] {standard_task_runner.py:90} INFO - Running: ['***', 'tasks', 'run', 'stock_raw_tsla', 'download_and_load_raw', 'scheduled__2024-08-25T00:00:00+00:00', '--job-id', '4011', '--raw', '--subdir', 'DAGS_FOLDER/stocks_dwh/raw/stocks_raw_dags.py', '--cfg-path', '/tmp/tmpezg830b8']
[2026-02-09T10:19:00.310+0000] {standard_task_runner.py:91} INFO - Job 4011: Subtask download_and_load_raw
[2026-02-09T10:19:00.366+0000] {task_command.py:426} INFO - Running <TaskInstance: stock_raw_tsla.download_and_load_raw scheduled__2024-08-25T00:00:00+00:00 [running]> on host b6b9e92e7d61
[2026-02-09T10:19:00.460+0000] {taskinstance.py:2648} INFO - Exporting env vars: AIRFLOW_CTX_DAG_OWNER='***' AIRFLOW_CTX_DAG_ID='stock_raw_tsla' AIRFLOW_CTX_TASK_ID='download_and_load_raw' AIRFLOW_CTX_EXECUTION_DATE='2024-08-25T00:00:00+00:00' AIRFLOW_CTX_TRY_NUMBER='1' AIRFLOW_CTX_DAG_RUN_ID='scheduled__2024-08-25T00:00:00+00:00'
[2026-02-09T10:19:00.461+0000] {taskinstance.py:430} INFO - ::endgroup::
[2026-02-09T10:19:00.471+0000] {logging_mixin.py:188} INFO - [RAW] Download TSLA [1d] 2024-08-25..2024-08-26
[2026-02-09T10:19:00.474+0000] {logging_mixin.py:188} WARNING - /opt/***/dags/stocks_dwh/raw/stocks_raw_dags.py:38 FutureWarning: YF.download() has changed argument auto_adjust default to True
[2026-02-09T10:19:00.482+0000] {logging_mixin.py:188} WARNING - /home/***/.local/lib/python3.12/site-packages/yfinance/scrapers/history.py:204 Pandas4Warning: Timestamp.utcnow is deprecated and will be removed in a future version. Use Timestamp.now('UTC') instead.
[2026-02-09T10:19:00.931+0000] {multi.py:185} ERROR - 
1 Failed download:
[2026-02-09T10:19:00.932+0000] {multi.py:198} ERROR - ['TSLA']: YFPricesMissingError('possibly delisted; no price data found  (1d 2024-08-25 -> 2024-08-26)')
[2026-02-09T10:19:00.943+0000] {logging_mixin.py:188} INFO - [RAW] No data from yfinance
[2026-02-09T10:19:00.943+0000] {python.py:237} INFO - Done. Returned value was: None
[2026-02-09T10:19:00.944+0000] {taskinstance.py:441} INFO - ::group::Post task execution logs
[2026-02-09T10:19:00.953+0000] {taskinstance.py:1206} INFO - Marking task as SUCCESS. dag_id=stock_raw_tsla, task_id=download_and_load_raw, run_id=scheduled__2024-08-25T00:00:00+00:00, execution_date=20240825T000000, start_date=20260209T101900, end_date=20260209T101900
[2026-02-09T10:19:01.004+0000] {local_task_job_runner.py:243} INFO - Task exited with return code 0
[2026-02-09T10:19:01.014+0000] {local_task_job_runner.py:222} INFO - ::endgroup::
