[2026-02-09T10:15:26.844+0000] {local_task_job_runner.py:120} INFO - ::group::Pre task execution logs
[2026-02-09T10:15:26.873+0000] {taskinstance.py:2076} INFO - Dependencies all met for dep_context=non-requeueable deps ti=<TaskInstance: stock_raw_aapl.download_and_load_raw scheduled__2024-06-21T00:00:00+00:00 [queued]>
[2026-02-09T10:15:26.880+0000] {taskinstance.py:2076} INFO - Dependencies all met for dep_context=requeueable deps ti=<TaskInstance: stock_raw_aapl.download_and_load_raw scheduled__2024-06-21T00:00:00+00:00 [queued]>
[2026-02-09T10:15:26.881+0000] {taskinstance.py:2306} INFO - Starting attempt 1 of 1
[2026-02-09T10:15:26.894+0000] {taskinstance.py:2330} INFO - Executing <Task(PythonOperator): download_and_load_raw> on 2024-06-21 00:00:00+00:00
[2026-02-09T10:15:26.908+0000] {logging_mixin.py:188} WARNING - /home/***/.local/lib/python3.12/site-packages/***/task/task_runner/standard_task_runner.py:62 DeprecationWarning: This process (pid=4618) is multi-threaded, use of fork() may lead to deadlocks in the child.
[2026-02-09T10:15:26.910+0000] {standard_task_runner.py:64} INFO - Started process 4624 to run task
[2026-02-09T10:15:26.908+0000] {standard_task_runner.py:90} INFO - Running: ['***', 'tasks', 'run', 'stock_raw_aapl', 'download_and_load_raw', 'scheduled__2024-06-21T00:00:00+00:00', '--job-id', '3680', '--raw', '--subdir', 'DAGS_FOLDER/stocks_dwh/raw/stocks_raw_dags.py', '--cfg-path', '/tmp/tmpqw0iq6l_']
[2026-02-09T10:15:26.911+0000] {standard_task_runner.py:91} INFO - Job 3680: Subtask download_and_load_raw
[2026-02-09T10:15:26.978+0000] {task_command.py:426} INFO - Running <TaskInstance: stock_raw_aapl.download_and_load_raw scheduled__2024-06-21T00:00:00+00:00 [running]> on host b6b9e92e7d61
[2026-02-09T10:15:27.069+0000] {taskinstance.py:2648} INFO - Exporting env vars: AIRFLOW_CTX_DAG_OWNER='***' AIRFLOW_CTX_DAG_ID='stock_raw_aapl' AIRFLOW_CTX_TASK_ID='download_and_load_raw' AIRFLOW_CTX_EXECUTION_DATE='2024-06-21T00:00:00+00:00' AIRFLOW_CTX_TRY_NUMBER='1' AIRFLOW_CTX_DAG_RUN_ID='scheduled__2024-06-21T00:00:00+00:00'
[2026-02-09T10:15:27.071+0000] {taskinstance.py:430} INFO - ::endgroup::
[2026-02-09T10:15:27.082+0000] {logging_mixin.py:188} INFO - [RAW] Download AAPL [1d] 2024-06-21..2024-06-22
[2026-02-09T10:15:27.084+0000] {logging_mixin.py:188} WARNING - /opt/***/dags/stocks_dwh/raw/stocks_raw_dags.py:38 FutureWarning: YF.download() has changed argument auto_adjust default to True
[2026-02-09T10:15:27.092+0000] {logging_mixin.py:188} WARNING - /home/***/.local/lib/python3.12/site-packages/yfinance/scrapers/history.py:204 Pandas4Warning: Timestamp.utcnow is deprecated and will be removed in a future version. Use Timestamp.now('UTC') instead.
[2026-02-09T10:15:27.668+0000] {taskinstance.py:441} INFO - ::group::Post task execution logs
[2026-02-09T10:15:27.669+0000] {taskinstance.py:2905} ERROR - Task failed with exception
Traceback (most recent call last):
  File "/home/airflow/.local/lib/python3.12/site-packages/airflow/models/taskinstance.py", line 465, in _execute_task
    result = _execute_callable(context=context, **execute_callable_kwargs)
             ^^^^^^^^^^^^^^^^^^^^^^^^^^^^^^^^^^^^^^^^^^^^^^^^^^^^^^^^^^^^^
  File "/home/airflow/.local/lib/python3.12/site-packages/airflow/models/taskinstance.py", line 432, in _execute_callable
    return execute_callable(context=context, **execute_callable_kwargs)
           ^^^^^^^^^^^^^^^^^^^^^^^^^^^^^^^^^^^^^^^^^^^^^^^^^^^^^^^^^^^^
  File "/home/airflow/.local/lib/python3.12/site-packages/airflow/models/baseoperator.py", line 401, in wrapper
    return func(self, *args, **kwargs)
           ^^^^^^^^^^^^^^^^^^^^^^^^^^^
  File "/home/airflow/.local/lib/python3.12/site-packages/airflow/operators/python.py", line 235, in execute
    return_value = self.execute_callable()
                   ^^^^^^^^^^^^^^^^^^^^^^^
  File "/home/airflow/.local/lib/python3.12/site-packages/airflow/operators/python.py", line 252, in execute_callable
    return self.python_callable(*self.op_args, **self.op_kwargs)
           ^^^^^^^^^^^^^^^^^^^^^^^^^^^^^^^^^^^^^^^^^^^^^^^^^^^^^
  File "/opt/airflow/dags/stocks_dwh/raw/stocks_raw_dags.py", line 86, in download_and_load_raw
    df["volume"] = pd.to_numeric(df["volume"], errors="coerce").fillna(0).astype("int64")
                   ^^^^^^^^^^^^^^^^^^^^^^^^^^^^^^^^^^^^^^^^^^^^
  File "/home/airflow/.local/lib/python3.12/site-packages/pandas/core/tools/numeric.py", line 212, in to_numeric
    raise TypeError("arg must be a list, tuple, 1-d array, or Series")
TypeError: arg must be a list, tuple, 1-d array, or Series
[2026-02-09T10:15:27.685+0000] {taskinstance.py:1206} INFO - Marking task as FAILED. dag_id=stock_raw_aapl, task_id=download_and_load_raw, run_id=scheduled__2024-06-21T00:00:00+00:00, execution_date=20240621T000000, start_date=20260209T101526, end_date=20260209T101527
[2026-02-09T10:15:27.695+0000] {standard_task_runner.py:110} ERROR - Failed to execute job 3680 for task download_and_load_raw (arg must be a list, tuple, 1-d array, or Series; 4624)
[2026-02-09T10:15:27.726+0000] {local_task_job_runner.py:243} INFO - Task exited with return code 1
[2026-02-09T10:15:27.742+0000] {taskinstance.py:3503} INFO - 0 downstream tasks scheduled from follow-on schedule check
[2026-02-09T10:15:27.744+0000] {local_task_job_runner.py:222} INFO - ::endgroup::
[2026-02-09T12:19:10.183+0000] {local_task_job_runner.py:120} INFO - ::group::Pre task execution logs
[2026-02-09T12:19:10.220+0000] {taskinstance.py:2076} INFO - Dependencies all met for dep_context=non-requeueable deps ti=<TaskInstance: stock_raw_aapl.download_and_load_raw scheduled__2024-06-21T00:00:00+00:00 [queued]>
[2026-02-09T12:19:10.234+0000] {taskinstance.py:2076} INFO - Dependencies all met for dep_context=requeueable deps ti=<TaskInstance: stock_raw_aapl.download_and_load_raw scheduled__2024-06-21T00:00:00+00:00 [queued]>
[2026-02-09T12:19:10.235+0000] {taskinstance.py:2306} INFO - Starting attempt 1 of 1
[2026-02-09T12:19:10.252+0000] {taskinstance.py:2330} INFO - Executing <Task(PythonOperator): download_and_load_raw> on 2024-06-21 00:00:00+00:00
[2026-02-09T12:19:10.269+0000] {logging_mixin.py:188} WARNING - /home/***/.local/lib/python3.12/site-packages/***/task/task_runner/standard_task_runner.py:62 DeprecationWarning: This process (pid=14969) is multi-threaded, use of fork() may lead to deadlocks in the child.
[2026-02-09T12:19:10.271+0000] {standard_task_runner.py:64} INFO - Started process 14974 to run task
[2026-02-09T12:19:10.269+0000] {standard_task_runner.py:90} INFO - Running: ['***', 'tasks', 'run', 'stock_raw_aapl', 'download_and_load_raw', 'scheduled__2024-06-21T00:00:00+00:00', '--job-id', '7097', '--raw', '--subdir', 'DAGS_FOLDER/stocks_dwh/raw/stocks_raw_dags.py', '--cfg-path', '/tmp/tmpuhptp2br']
[2026-02-09T12:19:10.272+0000] {standard_task_runner.py:91} INFO - Job 7097: Subtask download_and_load_raw
[2026-02-09T12:19:10.366+0000] {task_command.py:426} INFO - Running <TaskInstance: stock_raw_aapl.download_and_load_raw scheduled__2024-06-21T00:00:00+00:00 [running]> on host 4886d37bc122
[2026-02-09T12:19:10.505+0000] {taskinstance.py:2648} INFO - Exporting env vars: AIRFLOW_CTX_DAG_OWNER='***' AIRFLOW_CTX_DAG_ID='stock_raw_aapl' AIRFLOW_CTX_TASK_ID='download_and_load_raw' AIRFLOW_CTX_EXECUTION_DATE='2024-06-21T00:00:00+00:00' AIRFLOW_CTX_TRY_NUMBER='1' AIRFLOW_CTX_DAG_RUN_ID='scheduled__2024-06-21T00:00:00+00:00'
[2026-02-09T12:19:10.507+0000] {taskinstance.py:430} INFO - ::endgroup::
[2026-02-09T12:19:10.529+0000] {stocks_raw_dags.py:37} INFO - 2024-06-21 00:00:00+00:00, 2024-06-22 00:00:00+00:00
[2026-02-09T12:19:10.530+0000] {logging_mixin.py:188} INFO - [RAW] Download AAPL [1d] 2024-06-20..2024-06-22
[2026-02-09T12:19:10.536+0000] {logging_mixin.py:188} WARNING - /opt/***/dags/stocks_dwh/raw/stocks_raw_dags.py:42 FutureWarning: YF.download() has changed argument auto_adjust default to True
[2026-02-09T12:19:10.559+0000] {logging_mixin.py:188} WARNING - /home/***/.local/lib/python3.12/site-packages/yfinance/scrapers/history.py:204 Pandas4Warning: Timestamp.utcnow is deprecated and will be removed in a future version. Use Timestamp.now('UTC') instead.
[2026-02-09T12:19:11.105+0000] {logging_mixin.py:188} WARNING - [*********************100%***********************]  1 of 1 completed
[2026-02-09T12:19:11.159+0000] {base.py:84} INFO - Using connection ID 'dwh_clickhouse' for task execution.
[2026-02-09T12:19:11.188+0000] {logging_mixin.py:188} INFO - [RAW] Deleted existing rows for AAPL in 2024-06-20..2024-06-22
[2026-02-09T12:19:11.201+0000] {logging_mixin.py:188} INFO - [RAW] Inserted 2 rows into dwh.raw_stock_prices
[2026-02-09T12:19:11.202+0000] {python.py:237} INFO - Done. Returned value was: None
[2026-02-09T12:19:11.203+0000] {taskinstance.py:441} INFO - ::group::Post task execution logs
[2026-02-09T12:19:11.220+0000] {taskinstance.py:1206} INFO - Marking task as SUCCESS. dag_id=stock_raw_aapl, task_id=download_and_load_raw, run_id=scheduled__2024-06-21T00:00:00+00:00, execution_date=20240621T000000, start_date=20260209T121910, end_date=20260209T121911
[2026-02-09T12:19:11.289+0000] {local_task_job_runner.py:243} INFO - Task exited with return code 0
[2026-02-09T12:19:11.316+0000] {taskinstance.py:3503} INFO - 0 downstream tasks scheduled from follow-on schedule check
[2026-02-09T12:19:11.319+0000] {local_task_job_runner.py:222} INFO - ::endgroup::
