[2026-02-09T10:34:54.904+0000] {local_task_job_runner.py:120} INFO - ::group::Pre task execution logs
[2026-02-09T10:34:54.934+0000] {taskinstance.py:2076} INFO - Dependencies all met for dep_context=non-requeueable deps ti=<TaskInstance: stock_raw_aapl.download_and_load_raw scheduled__2025-05-10T00:00:00+00:00 [queued]>
[2026-02-09T10:34:54.943+0000] {taskinstance.py:2076} INFO - Dependencies all met for dep_context=requeueable deps ti=<TaskInstance: stock_raw_aapl.download_and_load_raw scheduled__2025-05-10T00:00:00+00:00 [queued]>
[2026-02-09T10:34:54.944+0000] {taskinstance.py:2306} INFO - Starting attempt 1 of 1
[2026-02-09T10:34:54.956+0000] {taskinstance.py:2330} INFO - Executing <Task(PythonOperator): download_and_load_raw> on 2025-05-10 00:00:00+00:00
[2026-02-09T10:34:54.973+0000] {logging_mixin.py:188} WARNING - /home/***/.local/lib/python3.12/site-packages/***/task/task_runner/standard_task_runner.py:62 DeprecationWarning: This process (pid=5211) is multi-threaded, use of fork() may lead to deadlocks in the child.
[2026-02-09T10:34:54.974+0000] {standard_task_runner.py:64} INFO - Started process 5221 to run task
[2026-02-09T10:34:54.973+0000] {standard_task_runner.py:90} INFO - Running: ['***', 'tasks', 'run', 'stock_raw_aapl', 'download_and_load_raw', 'scheduled__2025-05-10T00:00:00+00:00', '--job-id', '5284', '--raw', '--subdir', 'DAGS_FOLDER/stocks_dwh/raw/stocks_raw_dags.py', '--cfg-path', '/tmp/tmpnmubhyxh']
[2026-02-09T10:34:54.975+0000] {standard_task_runner.py:91} INFO - Job 5284: Subtask download_and_load_raw
[2026-02-09T10:34:55.050+0000] {task_command.py:426} INFO - Running <TaskInstance: stock_raw_aapl.download_and_load_raw scheduled__2025-05-10T00:00:00+00:00 [running]> on host 4886d37bc122
[2026-02-09T10:34:55.163+0000] {taskinstance.py:2648} INFO - Exporting env vars: AIRFLOW_CTX_DAG_OWNER='***' AIRFLOW_CTX_DAG_ID='stock_raw_aapl' AIRFLOW_CTX_TASK_ID='download_and_load_raw' AIRFLOW_CTX_EXECUTION_DATE='2025-05-10T00:00:00+00:00' AIRFLOW_CTX_TRY_NUMBER='1' AIRFLOW_CTX_DAG_RUN_ID='scheduled__2025-05-10T00:00:00+00:00'
[2026-02-09T10:34:55.164+0000] {taskinstance.py:430} INFO - ::endgroup::
[2026-02-09T10:34:55.177+0000] {logging_mixin.py:188} INFO - [RAW] Download AAPL [1d] 2025-05-10..2025-05-11
[2026-02-09T10:34:55.181+0000] {logging_mixin.py:188} WARNING - /opt/***/dags/stocks_dwh/raw/stocks_raw_dags.py:38 FutureWarning: YF.download() has changed argument auto_adjust default to True
[2026-02-09T10:34:55.189+0000] {logging_mixin.py:188} WARNING - /home/***/.local/lib/python3.12/site-packages/yfinance/scrapers/history.py:204 Pandas4Warning: Timestamp.utcnow is deprecated and will be removed in a future version. Use Timestamp.now('UTC') instead.
[2026-02-09T10:34:55.679+0000] {multi.py:185} ERROR - 
1 Failed download:
[2026-02-09T10:34:55.680+0000] {multi.py:198} ERROR - ['AAPL']: YFPricesMissingError('possibly delisted; no price data found  (1d 2025-05-10 -> 2025-05-11)')
[2026-02-09T10:34:55.692+0000] {logging_mixin.py:188} INFO - [RAW] No data from yfinance
[2026-02-09T10:34:55.693+0000] {python.py:237} INFO - Done. Returned value was: None
[2026-02-09T10:34:55.693+0000] {taskinstance.py:441} INFO - ::group::Post task execution logs
[2026-02-09T10:34:55.704+0000] {taskinstance.py:1206} INFO - Marking task as SUCCESS. dag_id=stock_raw_aapl, task_id=download_and_load_raw, run_id=scheduled__2025-05-10T00:00:00+00:00, execution_date=20250510T000000, start_date=20260209T103454, end_date=20260209T103455
[2026-02-09T10:34:55.750+0000] {local_task_job_runner.py:243} INFO - Task exited with return code 0
[2026-02-09T10:34:55.771+0000] {taskinstance.py:3503} INFO - 0 downstream tasks scheduled from follow-on schedule check
[2026-02-09T10:34:55.773+0000] {local_task_job_runner.py:222} INFO - ::endgroup::
[2026-02-09T12:37:00.524+0000] {local_task_job_runner.py:120} INFO - ::group::Pre task execution logs
[2026-02-09T12:37:00.554+0000] {taskinstance.py:2076} INFO - Dependencies all met for dep_context=non-requeueable deps ti=<TaskInstance: stock_raw_aapl.download_and_load_raw scheduled__2025-05-10T00:00:00+00:00 [queued]>
[2026-02-09T12:37:00.562+0000] {taskinstance.py:2076} INFO - Dependencies all met for dep_context=requeueable deps ti=<TaskInstance: stock_raw_aapl.download_and_load_raw scheduled__2025-05-10T00:00:00+00:00 [queued]>
[2026-02-09T12:37:00.562+0000] {taskinstance.py:2306} INFO - Starting attempt 1 of 1
[2026-02-09T12:37:00.575+0000] {taskinstance.py:2330} INFO - Executing <Task(PythonOperator): download_and_load_raw> on 2025-05-10 00:00:00+00:00
[2026-02-09T12:37:00.588+0000] {logging_mixin.py:188} WARNING - /home/***/.local/lib/python3.12/site-packages/***/task/task_runner/standard_task_runner.py:62 DeprecationWarning: This process (pid=17755) is multi-threaded, use of fork() may lead to deadlocks in the child.
[2026-02-09T12:37:00.588+0000] {standard_task_runner.py:90} INFO - Running: ['***', 'tasks', 'run', 'stock_raw_aapl', 'download_and_load_raw', 'scheduled__2025-05-10T00:00:00+00:00', '--job-id', '7687', '--raw', '--subdir', 'DAGS_FOLDER/stocks_dwh/raw/stocks_raw_dags.py', '--cfg-path', '/tmp/tmpm59_l7ql']
[2026-02-09T12:37:00.590+0000] {standard_task_runner.py:64} INFO - Started process 17757 to run task
[2026-02-09T12:37:00.590+0000] {standard_task_runner.py:91} INFO - Job 7687: Subtask download_and_load_raw
[2026-02-09T12:37:00.651+0000] {task_command.py:426} INFO - Running <TaskInstance: stock_raw_aapl.download_and_load_raw scheduled__2025-05-10T00:00:00+00:00 [running]> on host 4886d37bc122
[2026-02-09T12:37:00.744+0000] {taskinstance.py:2648} INFO - Exporting env vars: AIRFLOW_CTX_DAG_OWNER='***' AIRFLOW_CTX_DAG_ID='stock_raw_aapl' AIRFLOW_CTX_TASK_ID='download_and_load_raw' AIRFLOW_CTX_EXECUTION_DATE='2025-05-10T00:00:00+00:00' AIRFLOW_CTX_TRY_NUMBER='1' AIRFLOW_CTX_DAG_RUN_ID='scheduled__2025-05-10T00:00:00+00:00'
[2026-02-09T12:37:00.745+0000] {taskinstance.py:430} INFO - ::endgroup::
[2026-02-09T12:37:00.755+0000] {stocks_raw_dags.py:37} INFO - 2025-05-10 00:00:00+00:00, 2025-05-11 00:00:00+00:00
[2026-02-09T12:37:00.756+0000] {logging_mixin.py:188} INFO - [RAW] Download AAPL [1d] 2025-05-09..2025-05-11
[2026-02-09T12:37:00.758+0000] {logging_mixin.py:188} WARNING - /opt/***/dags/stocks_dwh/raw/stocks_raw_dags.py:42 FutureWarning: YF.download() has changed argument auto_adjust default to True
[2026-02-09T12:37:00.766+0000] {logging_mixin.py:188} WARNING - /home/***/.local/lib/python3.12/site-packages/yfinance/scrapers/history.py:204 Pandas4Warning: Timestamp.utcnow is deprecated and will be removed in a future version. Use Timestamp.now('UTC') instead.
[2026-02-09T12:37:01.550+0000] {logging_mixin.py:188} WARNING - [*********************100%***********************]  1 of 1 completed
[2026-02-09T12:37:01.584+0000] {base.py:84} INFO - Using connection ID 'dwh_clickhouse' for task execution.
[2026-02-09T12:37:01.613+0000] {logging_mixin.py:188} INFO - [RAW] Deleted existing rows for AAPL in 2025-05-09..2025-05-11
[2026-02-09T12:37:01.622+0000] {logging_mixin.py:188} INFO - [RAW] Inserted 1 rows into dwh.raw_stock_prices
[2026-02-09T12:37:01.623+0000] {python.py:237} INFO - Done. Returned value was: None
[2026-02-09T12:37:01.624+0000] {taskinstance.py:441} INFO - ::group::Post task execution logs
[2026-02-09T12:37:01.634+0000] {taskinstance.py:1206} INFO - Marking task as SUCCESS. dag_id=stock_raw_aapl, task_id=download_and_load_raw, run_id=scheduled__2025-05-10T00:00:00+00:00, execution_date=20250510T000000, start_date=20260209T123700, end_date=20260209T123701
[2026-02-09T12:37:01.687+0000] {local_task_job_runner.py:243} INFO - Task exited with return code 0
[2026-02-09T12:37:01.706+0000] {taskinstance.py:3503} INFO - 0 downstream tasks scheduled from follow-on schedule check
[2026-02-09T12:37:01.709+0000] {local_task_job_runner.py:222} INFO - ::endgroup::
