[2026-02-09T10:36:51.279+0000] {local_task_job_runner.py:120} INFO - ::group::Pre task execution logs
[2026-02-09T10:36:51.316+0000] {taskinstance.py:2076} INFO - Dependencies all met for dep_context=non-requeueable deps ti=<TaskInstance: stock_raw_aapl.download_and_load_raw scheduled__2025-06-14T00:00:00+00:00 [queued]>
[2026-02-09T10:36:51.327+0000] {taskinstance.py:2076} INFO - Dependencies all met for dep_context=requeueable deps ti=<TaskInstance: stock_raw_aapl.download_and_load_raw scheduled__2025-06-14T00:00:00+00:00 [queued]>
[2026-02-09T10:36:51.328+0000] {taskinstance.py:2306} INFO - Starting attempt 1 of 1
[2026-02-09T10:36:51.342+0000] {taskinstance.py:2330} INFO - Executing <Task(PythonOperator): download_and_load_raw> on 2025-06-14 00:00:00+00:00
[2026-02-09T10:36:51.356+0000] {logging_mixin.py:188} WARNING - /home/***/.local/lib/python3.12/site-packages/***/task/task_runner/standard_task_runner.py:62 DeprecationWarning: This process (pid=5951) is multi-threaded, use of fork() may lead to deadlocks in the child.
[2026-02-09T10:36:51.356+0000] {standard_task_runner.py:90} INFO - Running: ['***', 'tasks', 'run', 'stock_raw_aapl', 'download_and_load_raw', 'scheduled__2025-06-14T00:00:00+00:00', '--job-id', '5456', '--raw', '--subdir', 'DAGS_FOLDER/stocks_dwh/raw/stocks_raw_dags.py', '--cfg-path', '/tmp/tmplmqhu46b']
[2026-02-09T10:36:51.358+0000] {standard_task_runner.py:64} INFO - Started process 5961 to run task
[2026-02-09T10:36:51.358+0000] {standard_task_runner.py:91} INFO - Job 5456: Subtask download_and_load_raw
[2026-02-09T10:36:51.431+0000] {task_command.py:426} INFO - Running <TaskInstance: stock_raw_aapl.download_and_load_raw scheduled__2025-06-14T00:00:00+00:00 [running]> on host 4886d37bc122
[2026-02-09T10:36:51.534+0000] {taskinstance.py:2648} INFO - Exporting env vars: AIRFLOW_CTX_DAG_OWNER='***' AIRFLOW_CTX_DAG_ID='stock_raw_aapl' AIRFLOW_CTX_TASK_ID='download_and_load_raw' AIRFLOW_CTX_EXECUTION_DATE='2025-06-14T00:00:00+00:00' AIRFLOW_CTX_TRY_NUMBER='1' AIRFLOW_CTX_DAG_RUN_ID='scheduled__2025-06-14T00:00:00+00:00'
[2026-02-09T10:36:51.536+0000] {taskinstance.py:430} INFO - ::endgroup::
[2026-02-09T10:36:51.546+0000] {logging_mixin.py:188} INFO - [RAW] Download AAPL [1d] 2025-06-14..2025-06-15
[2026-02-09T10:36:51.549+0000] {logging_mixin.py:188} WARNING - /opt/***/dags/stocks_dwh/raw/stocks_raw_dags.py:38 FutureWarning: YF.download() has changed argument auto_adjust default to True
[2026-02-09T10:36:51.557+0000] {logging_mixin.py:188} WARNING - /home/***/.local/lib/python3.12/site-packages/yfinance/scrapers/history.py:204 Pandas4Warning: Timestamp.utcnow is deprecated and will be removed in a future version. Use Timestamp.now('UTC') instead.
[2026-02-09T10:36:53.526+0000] {multi.py:185} ERROR - 
1 Failed download:
[2026-02-09T10:36:53.527+0000] {multi.py:198} ERROR - ['AAPL']: YFPricesMissingError('possibly delisted; no price data found  (1d 2025-06-14 -> 2025-06-15)')
[2026-02-09T10:36:53.541+0000] {logging_mixin.py:188} INFO - [RAW] No data from yfinance
[2026-02-09T10:36:53.542+0000] {python.py:237} INFO - Done. Returned value was: None
[2026-02-09T10:36:53.543+0000] {taskinstance.py:441} INFO - ::group::Post task execution logs
[2026-02-09T10:36:53.552+0000] {taskinstance.py:1206} INFO - Marking task as SUCCESS. dag_id=stock_raw_aapl, task_id=download_and_load_raw, run_id=scheduled__2025-06-14T00:00:00+00:00, execution_date=20250614T000000, start_date=20260209T103651, end_date=20260209T103653
[2026-02-09T10:36:53.619+0000] {local_task_job_runner.py:243} INFO - Task exited with return code 0
[2026-02-09T10:36:53.635+0000] {taskinstance.py:3503} INFO - 0 downstream tasks scheduled from follow-on schedule check
[2026-02-09T10:36:53.637+0000] {local_task_job_runner.py:222} INFO - ::endgroup::
[2026-02-09T12:38:46.754+0000] {local_task_job_runner.py:120} INFO - ::group::Pre task execution logs
[2026-02-09T12:38:46.782+0000] {taskinstance.py:2076} INFO - Dependencies all met for dep_context=non-requeueable deps ti=<TaskInstance: stock_raw_aapl.download_and_load_raw scheduled__2025-06-14T00:00:00+00:00 [queued]>
[2026-02-09T12:38:46.790+0000] {taskinstance.py:2076} INFO - Dependencies all met for dep_context=requeueable deps ti=<TaskInstance: stock_raw_aapl.download_and_load_raw scheduled__2025-06-14T00:00:00+00:00 [queued]>
[2026-02-09T12:38:46.790+0000] {taskinstance.py:2306} INFO - Starting attempt 1 of 1
[2026-02-09T12:38:46.802+0000] {taskinstance.py:2330} INFO - Executing <Task(PythonOperator): download_and_load_raw> on 2025-06-14 00:00:00+00:00
[2026-02-09T12:38:46.813+0000] {logging_mixin.py:188} WARNING - /home/***/.local/lib/python3.12/site-packages/***/task/task_runner/standard_task_runner.py:62 DeprecationWarning: This process (pid=17943) is multi-threaded, use of fork() may lead to deadlocks in the child.
[2026-02-09T12:38:46.815+0000] {standard_task_runner.py:64} INFO - Started process 17945 to run task
[2026-02-09T12:38:46.813+0000] {standard_task_runner.py:90} INFO - Running: ['***', 'tasks', 'run', 'stock_raw_aapl', 'download_and_load_raw', 'scheduled__2025-06-14T00:00:00+00:00', '--job-id', '7722', '--raw', '--subdir', 'DAGS_FOLDER/stocks_dwh/raw/stocks_raw_dags.py', '--cfg-path', '/tmp/tmpvpovonhn']
[2026-02-09T12:38:46.815+0000] {standard_task_runner.py:91} INFO - Job 7722: Subtask download_and_load_raw
[2026-02-09T12:38:46.877+0000] {task_command.py:426} INFO - Running <TaskInstance: stock_raw_aapl.download_and_load_raw scheduled__2025-06-14T00:00:00+00:00 [running]> on host 4886d37bc122
[2026-02-09T12:38:46.967+0000] {taskinstance.py:2648} INFO - Exporting env vars: AIRFLOW_CTX_DAG_OWNER='***' AIRFLOW_CTX_DAG_ID='stock_raw_aapl' AIRFLOW_CTX_TASK_ID='download_and_load_raw' AIRFLOW_CTX_EXECUTION_DATE='2025-06-14T00:00:00+00:00' AIRFLOW_CTX_TRY_NUMBER='1' AIRFLOW_CTX_DAG_RUN_ID='scheduled__2025-06-14T00:00:00+00:00'
[2026-02-09T12:38:46.968+0000] {taskinstance.py:430} INFO - ::endgroup::
[2026-02-09T12:38:46.978+0000] {stocks_raw_dags.py:37} INFO - 2025-06-14 00:00:00+00:00, 2025-06-15 00:00:00+00:00
[2026-02-09T12:38:46.979+0000] {logging_mixin.py:188} INFO - [RAW] Download AAPL [1d] 2025-06-13..2025-06-15
[2026-02-09T12:38:46.981+0000] {logging_mixin.py:188} WARNING - /opt/***/dags/stocks_dwh/raw/stocks_raw_dags.py:42 FutureWarning: YF.download() has changed argument auto_adjust default to True
[2026-02-09T12:38:46.989+0000] {logging_mixin.py:188} WARNING - /home/***/.local/lib/python3.12/site-packages/yfinance/scrapers/history.py:204 Pandas4Warning: Timestamp.utcnow is deprecated and will be removed in a future version. Use Timestamp.now('UTC') instead.
[2026-02-09T12:38:47.524+0000] {logging_mixin.py:188} WARNING - [*********************100%***********************]  1 of 1 completed
[2026-02-09T12:38:47.557+0000] {base.py:84} INFO - Using connection ID 'dwh_clickhouse' for task execution.
[2026-02-09T12:38:47.589+0000] {logging_mixin.py:188} INFO - [RAW] Deleted existing rows for AAPL in 2025-06-13..2025-06-15
[2026-02-09T12:38:47.603+0000] {logging_mixin.py:188} INFO - [RAW] Inserted 1 rows into dwh.raw_stock_prices
[2026-02-09T12:38:47.604+0000] {python.py:237} INFO - Done. Returned value was: None
[2026-02-09T12:38:47.605+0000] {taskinstance.py:441} INFO - ::group::Post task execution logs
[2026-02-09T12:38:47.616+0000] {taskinstance.py:1206} INFO - Marking task as SUCCESS. dag_id=stock_raw_aapl, task_id=download_and_load_raw, run_id=scheduled__2025-06-14T00:00:00+00:00, execution_date=20250614T000000, start_date=20260209T123846, end_date=20260209T123847
[2026-02-09T12:38:47.671+0000] {local_task_job_runner.py:243} INFO - Task exited with return code 0
[2026-02-09T12:38:47.690+0000] {taskinstance.py:3503} INFO - 0 downstream tasks scheduled from follow-on schedule check
[2026-02-09T12:38:47.694+0000] {local_task_job_runner.py:222} INFO - ::endgroup::
