[2026-02-09T10:17:14.163+0000] {local_task_job_runner.py:120} INFO - ::group::Pre task execution logs
[2026-02-09T10:17:14.196+0000] {taskinstance.py:2076} INFO - Dependencies all met for dep_context=non-requeueable deps ti=<TaskInstance: stock_raw_aapl.download_and_load_raw scheduled__2024-07-25T00:00:00+00:00 [queued]>
[2026-02-09T10:17:14.205+0000] {taskinstance.py:2076} INFO - Dependencies all met for dep_context=requeueable deps ti=<TaskInstance: stock_raw_aapl.download_and_load_raw scheduled__2024-07-25T00:00:00+00:00 [queued]>
[2026-02-09T10:17:14.205+0000] {taskinstance.py:2306} INFO - Starting attempt 1 of 1
[2026-02-09T10:17:14.220+0000] {taskinstance.py:2330} INFO - Executing <Task(PythonOperator): download_and_load_raw> on 2024-07-25 00:00:00+00:00
[2026-02-09T10:17:14.235+0000] {logging_mixin.py:188} WARNING - /home/***/.local/lib/python3.12/site-packages/***/task/task_runner/standard_task_runner.py:62 DeprecationWarning: This process (pid=5338) is multi-threaded, use of fork() may lead to deadlocks in the child.
[2026-02-09T10:17:14.236+0000] {standard_task_runner.py:64} INFO - Started process 5346 to run task
[2026-02-09T10:17:14.234+0000] {standard_task_runner.py:90} INFO - Running: ['***', 'tasks', 'run', 'stock_raw_aapl', 'download_and_load_raw', 'scheduled__2024-07-25T00:00:00+00:00', '--job-id', '3851', '--raw', '--subdir', 'DAGS_FOLDER/stocks_dwh/raw/stocks_raw_dags.py', '--cfg-path', '/tmp/tmpnpn_68k5']
[2026-02-09T10:17:14.237+0000] {standard_task_runner.py:91} INFO - Job 3851: Subtask download_and_load_raw
[2026-02-09T10:17:14.306+0000] {task_command.py:426} INFO - Running <TaskInstance: stock_raw_aapl.download_and_load_raw scheduled__2024-07-25T00:00:00+00:00 [running]> on host b6b9e92e7d61
[2026-02-09T10:17:14.408+0000] {taskinstance.py:2648} INFO - Exporting env vars: AIRFLOW_CTX_DAG_OWNER='***' AIRFLOW_CTX_DAG_ID='stock_raw_aapl' AIRFLOW_CTX_TASK_ID='download_and_load_raw' AIRFLOW_CTX_EXECUTION_DATE='2024-07-25T00:00:00+00:00' AIRFLOW_CTX_TRY_NUMBER='1' AIRFLOW_CTX_DAG_RUN_ID='scheduled__2024-07-25T00:00:00+00:00'
[2026-02-09T10:17:14.410+0000] {taskinstance.py:430} INFO - ::endgroup::
[2026-02-09T10:17:14.422+0000] {logging_mixin.py:188} INFO - [RAW] Download AAPL [1d] 2024-07-25..2024-07-26
[2026-02-09T10:17:14.424+0000] {logging_mixin.py:188} WARNING - /opt/***/dags/stocks_dwh/raw/stocks_raw_dags.py:38 FutureWarning: YF.download() has changed argument auto_adjust default to True
[2026-02-09T10:17:14.432+0000] {logging_mixin.py:188} WARNING - /home/***/.local/lib/python3.12/site-packages/yfinance/scrapers/history.py:204 Pandas4Warning: Timestamp.utcnow is deprecated and will be removed in a future version. Use Timestamp.now('UTC') instead.
[2026-02-09T10:17:14.970+0000] {taskinstance.py:441} INFO - ::group::Post task execution logs
[2026-02-09T10:17:14.971+0000] {taskinstance.py:2905} ERROR - Task failed with exception
Traceback (most recent call last):
  File "/home/airflow/.local/lib/python3.12/site-packages/airflow/models/taskinstance.py", line 465, in _execute_task
    result = _execute_callable(context=context, **execute_callable_kwargs)
             ^^^^^^^^^^^^^^^^^^^^^^^^^^^^^^^^^^^^^^^^^^^^^^^^^^^^^^^^^^^^^
  File "/home/airflow/.local/lib/python3.12/site-packages/airflow/models/taskinstance.py", line 432, in _execute_callable
    return execute_callable(context=context, **execute_callable_kwargs)
           ^^^^^^^^^^^^^^^^^^^^^^^^^^^^^^^^^^^^^^^^^^^^^^^^^^^^^^^^^^^^
  File "/home/airflow/.local/lib/python3.12/site-packages/airflow/models/baseoperator.py", line 401, in wrapper
    return func(self, *args, **kwargs)
           ^^^^^^^^^^^^^^^^^^^^^^^^^^^
  File "/home/airflow/.local/lib/python3.12/site-packages/airflow/operators/python.py", line 235, in execute
    return_value = self.execute_callable()
                   ^^^^^^^^^^^^^^^^^^^^^^^
  File "/home/airflow/.local/lib/python3.12/site-packages/airflow/operators/python.py", line 252, in execute_callable
    return self.python_callable(*self.op_args, **self.op_kwargs)
           ^^^^^^^^^^^^^^^^^^^^^^^^^^^^^^^^^^^^^^^^^^^^^^^^^^^^^
  File "/opt/airflow/dags/stocks_dwh/raw/stocks_raw_dags.py", line 86, in download_and_load_raw
    df["volume"] = pd.to_numeric(df["volume"], errors="coerce").fillna(0).astype("int64")
                   ^^^^^^^^^^^^^^^^^^^^^^^^^^^^^^^^^^^^^^^^^^^^
  File "/home/airflow/.local/lib/python3.12/site-packages/pandas/core/tools/numeric.py", line 212, in to_numeric
    raise TypeError("arg must be a list, tuple, 1-d array, or Series")
TypeError: arg must be a list, tuple, 1-d array, or Series
[2026-02-09T10:17:14.988+0000] {taskinstance.py:1206} INFO - Marking task as FAILED. dag_id=stock_raw_aapl, task_id=download_and_load_raw, run_id=scheduled__2024-07-25T00:00:00+00:00, execution_date=20240725T000000, start_date=20260209T101714, end_date=20260209T101714
[2026-02-09T10:17:14.998+0000] {standard_task_runner.py:110} ERROR - Failed to execute job 3851 for task download_and_load_raw (arg must be a list, tuple, 1-d array, or Series; 5346)
[2026-02-09T10:17:15.053+0000] {local_task_job_runner.py:243} INFO - Task exited with return code 1
[2026-02-09T10:17:15.073+0000] {taskinstance.py:3503} INFO - 0 downstream tasks scheduled from follow-on schedule check
[2026-02-09T10:17:15.075+0000] {local_task_job_runner.py:222} INFO - ::endgroup::
[2026-02-09T12:20:59.696+0000] {local_task_job_runner.py:120} INFO - ::group::Pre task execution logs
[2026-02-09T12:20:59.726+0000] {taskinstance.py:2076} INFO - Dependencies all met for dep_context=non-requeueable deps ti=<TaskInstance: stock_raw_aapl.download_and_load_raw scheduled__2024-07-25T00:00:00+00:00 [queued]>
[2026-02-09T12:20:59.735+0000] {taskinstance.py:2076} INFO - Dependencies all met for dep_context=requeueable deps ti=<TaskInstance: stock_raw_aapl.download_and_load_raw scheduled__2024-07-25T00:00:00+00:00 [queued]>
[2026-02-09T12:20:59.736+0000] {taskinstance.py:2306} INFO - Starting attempt 1 of 1
[2026-02-09T12:20:59.747+0000] {taskinstance.py:2330} INFO - Executing <Task(PythonOperator): download_and_load_raw> on 2024-07-25 00:00:00+00:00
[2026-02-09T12:20:59.758+0000] {logging_mixin.py:188} WARNING - /home/***/.local/lib/python3.12/site-packages/***/task/task_runner/standard_task_runner.py:62 DeprecationWarning: This process (pid=15284) is multi-threaded, use of fork() may lead to deadlocks in the child.
[2026-02-09T12:20:59.760+0000] {standard_task_runner.py:64} INFO - Started process 15288 to run task
[2026-02-09T12:20:59.758+0000] {standard_task_runner.py:90} INFO - Running: ['***', 'tasks', 'run', 'stock_raw_aapl', 'download_and_load_raw', 'scheduled__2024-07-25T00:00:00+00:00', '--job-id', '7165', '--raw', '--subdir', 'DAGS_FOLDER/stocks_dwh/raw/stocks_raw_dags.py', '--cfg-path', '/tmp/tmpd3ic_e2u']
[2026-02-09T12:20:59.760+0000] {standard_task_runner.py:91} INFO - Job 7165: Subtask download_and_load_raw
[2026-02-09T12:20:59.819+0000] {task_command.py:426} INFO - Running <TaskInstance: stock_raw_aapl.download_and_load_raw scheduled__2024-07-25T00:00:00+00:00 [running]> on host 4886d37bc122
[2026-02-09T12:20:59.906+0000] {taskinstance.py:2648} INFO - Exporting env vars: AIRFLOW_CTX_DAG_OWNER='***' AIRFLOW_CTX_DAG_ID='stock_raw_aapl' AIRFLOW_CTX_TASK_ID='download_and_load_raw' AIRFLOW_CTX_EXECUTION_DATE='2024-07-25T00:00:00+00:00' AIRFLOW_CTX_TRY_NUMBER='1' AIRFLOW_CTX_DAG_RUN_ID='scheduled__2024-07-25T00:00:00+00:00'
[2026-02-09T12:20:59.907+0000] {taskinstance.py:430} INFO - ::endgroup::
[2026-02-09T12:20:59.917+0000] {stocks_raw_dags.py:37} INFO - 2024-07-25 00:00:00+00:00, 2024-07-26 00:00:00+00:00
[2026-02-09T12:20:59.917+0000] {logging_mixin.py:188} INFO - [RAW] Download AAPL [1d] 2024-07-24..2024-07-26
[2026-02-09T12:20:59.919+0000] {logging_mixin.py:188} WARNING - /opt/***/dags/stocks_dwh/raw/stocks_raw_dags.py:42 FutureWarning: YF.download() has changed argument auto_adjust default to True
[2026-02-09T12:20:59.927+0000] {logging_mixin.py:188} WARNING - /home/***/.local/lib/python3.12/site-packages/yfinance/scrapers/history.py:204 Pandas4Warning: Timestamp.utcnow is deprecated and will be removed in a future version. Use Timestamp.now('UTC') instead.
[2026-02-09T12:21:00.442+0000] {logging_mixin.py:188} WARNING - [*********************100%***********************]  1 of 1 completed
[2026-02-09T12:21:00.477+0000] {base.py:84} INFO - Using connection ID 'dwh_clickhouse' for task execution.
[2026-02-09T12:21:00.502+0000] {logging_mixin.py:188} INFO - [RAW] Deleted existing rows for AAPL in 2024-07-24..2024-07-26
[2026-02-09T12:21:00.513+0000] {logging_mixin.py:188} INFO - [RAW] Inserted 2 rows into dwh.raw_stock_prices
[2026-02-09T12:21:00.517+0000] {python.py:237} INFO - Done. Returned value was: None
[2026-02-09T12:21:00.519+0000] {taskinstance.py:441} INFO - ::group::Post task execution logs
[2026-02-09T12:21:00.533+0000] {taskinstance.py:1206} INFO - Marking task as SUCCESS. dag_id=stock_raw_aapl, task_id=download_and_load_raw, run_id=scheduled__2024-07-25T00:00:00+00:00, execution_date=20240725T000000, start_date=20260209T122059, end_date=20260209T122100
[2026-02-09T12:21:00.617+0000] {local_task_job_runner.py:243} INFO - Task exited with return code 0
[2026-02-09T12:21:00.641+0000] {taskinstance.py:3503} INFO - 0 downstream tasks scheduled from follow-on schedule check
[2026-02-09T12:21:00.644+0000] {local_task_job_runner.py:222} INFO - ::endgroup::
