[2026-02-09T10:40:39.053+0000] {local_task_job_runner.py:120} INFO - ::group::Pre task execution logs
[2026-02-09T10:40:39.081+0000] {taskinstance.py:2076} INFO - Dependencies all met for dep_context=non-requeueable deps ti=<TaskInstance: stock_raw_aapl.download_and_load_raw scheduled__2025-08-26T00:00:00+00:00 [queued]>
[2026-02-09T10:40:39.088+0000] {taskinstance.py:2076} INFO - Dependencies all met for dep_context=requeueable deps ti=<TaskInstance: stock_raw_aapl.download_and_load_raw scheduled__2025-08-26T00:00:00+00:00 [queued]>
[2026-02-09T10:40:39.089+0000] {taskinstance.py:2306} INFO - Starting attempt 1 of 1
[2026-02-09T10:40:39.100+0000] {taskinstance.py:2330} INFO - Executing <Task(PythonOperator): download_and_load_raw> on 2025-08-26 00:00:00+00:00
[2026-02-09T10:40:39.111+0000] {logging_mixin.py:188} WARNING - /home/***/.local/lib/python3.12/site-packages/***/task/task_runner/standard_task_runner.py:62 DeprecationWarning: This process (pid=7475) is multi-threaded, use of fork() may lead to deadlocks in the child.
[2026-02-09T10:40:39.112+0000] {standard_task_runner.py:64} INFO - Started process 7484 to run task
[2026-02-09T10:40:39.111+0000] {standard_task_runner.py:90} INFO - Running: ['***', 'tasks', 'run', 'stock_raw_aapl', 'download_and_load_raw', 'scheduled__2025-08-26T00:00:00+00:00', '--job-id', '5815', '--raw', '--subdir', 'DAGS_FOLDER/stocks_dwh/raw/stocks_raw_dags.py', '--cfg-path', '/tmp/tmpz5huujov']
[2026-02-09T10:40:39.117+0000] {standard_task_runner.py:91} INFO - Job 5815: Subtask download_and_load_raw
[2026-02-09T10:40:39.179+0000] {task_command.py:426} INFO - Running <TaskInstance: stock_raw_aapl.download_and_load_raw scheduled__2025-08-26T00:00:00+00:00 [running]> on host 4886d37bc122
[2026-02-09T10:40:39.267+0000] {taskinstance.py:2648} INFO - Exporting env vars: AIRFLOW_CTX_DAG_OWNER='***' AIRFLOW_CTX_DAG_ID='stock_raw_aapl' AIRFLOW_CTX_TASK_ID='download_and_load_raw' AIRFLOW_CTX_EXECUTION_DATE='2025-08-26T00:00:00+00:00' AIRFLOW_CTX_TRY_NUMBER='1' AIRFLOW_CTX_DAG_RUN_ID='scheduled__2025-08-26T00:00:00+00:00'
[2026-02-09T10:40:39.269+0000] {taskinstance.py:430} INFO - ::endgroup::
[2026-02-09T10:40:39.280+0000] {logging_mixin.py:188} INFO - [RAW] Download AAPL [1d] 2025-08-26..2025-08-27
[2026-02-09T10:40:39.283+0000] {logging_mixin.py:188} WARNING - /opt/***/dags/stocks_dwh/raw/stocks_raw_dags.py:38 FutureWarning: YF.download() has changed argument auto_adjust default to True
[2026-02-09T10:40:39.291+0000] {logging_mixin.py:188} WARNING - /home/***/.local/lib/python3.12/site-packages/yfinance/scrapers/history.py:204 Pandas4Warning: Timestamp.utcnow is deprecated and will be removed in a future version. Use Timestamp.now('UTC') instead.
[2026-02-09T10:40:39.843+0000] {taskinstance.py:441} INFO - ::group::Post task execution logs
[2026-02-09T10:40:39.844+0000] {taskinstance.py:2905} ERROR - Task failed with exception
Traceback (most recent call last):
  File "/home/airflow/.local/lib/python3.12/site-packages/airflow/models/taskinstance.py", line 465, in _execute_task
    result = _execute_callable(context=context, **execute_callable_kwargs)
             ^^^^^^^^^^^^^^^^^^^^^^^^^^^^^^^^^^^^^^^^^^^^^^^^^^^^^^^^^^^^^
  File "/home/airflow/.local/lib/python3.12/site-packages/airflow/models/taskinstance.py", line 432, in _execute_callable
    return execute_callable(context=context, **execute_callable_kwargs)
           ^^^^^^^^^^^^^^^^^^^^^^^^^^^^^^^^^^^^^^^^^^^^^^^^^^^^^^^^^^^^
  File "/home/airflow/.local/lib/python3.12/site-packages/airflow/models/baseoperator.py", line 401, in wrapper
    return func(self, *args, **kwargs)
           ^^^^^^^^^^^^^^^^^^^^^^^^^^^
  File "/home/airflow/.local/lib/python3.12/site-packages/airflow/operators/python.py", line 235, in execute
    return_value = self.execute_callable()
                   ^^^^^^^^^^^^^^^^^^^^^^^
  File "/home/airflow/.local/lib/python3.12/site-packages/airflow/operators/python.py", line 252, in execute_callable
    return self.python_callable(*self.op_args, **self.op_kwargs)
           ^^^^^^^^^^^^^^^^^^^^^^^^^^^^^^^^^^^^^^^^^^^^^^^^^^^^^
  File "/opt/airflow/dags/stocks_dwh/raw/stocks_raw_dags.py", line 86, in download_and_load_raw
    df["volume"] = pd.to_numeric(df["volume"], errors="coerce").fillna(0).astype("int64")
                   ^^^^^^^^^^^^^^^^^^^^^^^^^^^^^^^^^^^^^^^^^^^^
  File "/home/airflow/.local/lib/python3.12/site-packages/pandas/core/tools/numeric.py", line 212, in to_numeric
    raise TypeError("arg must be a list, tuple, 1-d array, or Series")
TypeError: arg must be a list, tuple, 1-d array, or Series
[2026-02-09T10:40:39.859+0000] {taskinstance.py:1206} INFO - Marking task as FAILED. dag_id=stock_raw_aapl, task_id=download_and_load_raw, run_id=scheduled__2025-08-26T00:00:00+00:00, execution_date=20250826T000000, start_date=20260209T104039, end_date=20260209T104039
[2026-02-09T10:40:39.883+0000] {standard_task_runner.py:110} ERROR - Failed to execute job 5815 for task download_and_load_raw (arg must be a list, tuple, 1-d array, or Series; 7484)
[2026-02-09T10:40:39.929+0000] {local_task_job_runner.py:243} INFO - Task exited with return code 1
[2026-02-09T10:40:39.945+0000] {taskinstance.py:3503} INFO - 0 downstream tasks scheduled from follow-on schedule check
[2026-02-09T10:40:39.947+0000] {local_task_job_runner.py:222} INFO - ::endgroup::
[2026-02-09T12:42:35.646+0000] {local_task_job_runner.py:120} INFO - ::group::Pre task execution logs
[2026-02-09T12:42:35.675+0000] {taskinstance.py:2076} INFO - Dependencies all met for dep_context=non-requeueable deps ti=<TaskInstance: stock_raw_aapl.download_and_load_raw scheduled__2025-08-26T00:00:00+00:00 [queued]>
[2026-02-09T12:42:35.685+0000] {taskinstance.py:2076} INFO - Dependencies all met for dep_context=requeueable deps ti=<TaskInstance: stock_raw_aapl.download_and_load_raw scheduled__2025-08-26T00:00:00+00:00 [queued]>
[2026-02-09T12:42:35.685+0000] {taskinstance.py:2306} INFO - Starting attempt 1 of 1
[2026-02-09T12:42:35.698+0000] {taskinstance.py:2330} INFO - Executing <Task(PythonOperator): download_and_load_raw> on 2025-08-26 00:00:00+00:00
[2026-02-09T12:42:35.710+0000] {logging_mixin.py:188} WARNING - /home/***/.local/lib/python3.12/site-packages/***/task/task_runner/standard_task_runner.py:62 DeprecationWarning: This process (pid=18319) is multi-threaded, use of fork() may lead to deadlocks in the child.
[2026-02-09T12:42:35.712+0000] {standard_task_runner.py:64} INFO - Started process 18321 to run task
[2026-02-09T12:42:35.710+0000] {standard_task_runner.py:90} INFO - Running: ['***', 'tasks', 'run', 'stock_raw_aapl', 'download_and_load_raw', 'scheduled__2025-08-26T00:00:00+00:00', '--job-id', '7795', '--raw', '--subdir', 'DAGS_FOLDER/stocks_dwh/raw/stocks_raw_dags.py', '--cfg-path', '/tmp/tmp6yf_t8qn']
[2026-02-09T12:42:35.713+0000] {standard_task_runner.py:91} INFO - Job 7795: Subtask download_and_load_raw
[2026-02-09T12:42:35.778+0000] {task_command.py:426} INFO - Running <TaskInstance: stock_raw_aapl.download_and_load_raw scheduled__2025-08-26T00:00:00+00:00 [running]> on host 4886d37bc122
[2026-02-09T12:42:35.877+0000] {taskinstance.py:2648} INFO - Exporting env vars: AIRFLOW_CTX_DAG_OWNER='***' AIRFLOW_CTX_DAG_ID='stock_raw_aapl' AIRFLOW_CTX_TASK_ID='download_and_load_raw' AIRFLOW_CTX_EXECUTION_DATE='2025-08-26T00:00:00+00:00' AIRFLOW_CTX_TRY_NUMBER='1' AIRFLOW_CTX_DAG_RUN_ID='scheduled__2025-08-26T00:00:00+00:00'
[2026-02-09T12:42:35.879+0000] {taskinstance.py:430} INFO - ::endgroup::
[2026-02-09T12:42:35.890+0000] {stocks_raw_dags.py:37} INFO - 2025-08-26 00:00:00+00:00, 2025-08-27 00:00:00+00:00
[2026-02-09T12:42:35.890+0000] {logging_mixin.py:188} INFO - [RAW] Download AAPL [1d] 2025-08-25..2025-08-27
[2026-02-09T12:42:35.892+0000] {logging_mixin.py:188} WARNING - /opt/***/dags/stocks_dwh/raw/stocks_raw_dags.py:42 FutureWarning: YF.download() has changed argument auto_adjust default to True
[2026-02-09T12:42:35.901+0000] {logging_mixin.py:188} WARNING - /home/***/.local/lib/python3.12/site-packages/yfinance/scrapers/history.py:204 Pandas4Warning: Timestamp.utcnow is deprecated and will be removed in a future version. Use Timestamp.now('UTC') instead.
[2026-02-09T12:42:36.416+0000] {logging_mixin.py:188} WARNING - [*********************100%***********************]  1 of 1 completed
[2026-02-09T12:42:36.454+0000] {base.py:84} INFO - Using connection ID 'dwh_clickhouse' for task execution.
[2026-02-09T12:42:36.489+0000] {logging_mixin.py:188} INFO - [RAW] Deleted existing rows for AAPL in 2025-08-25..2025-08-27
[2026-02-09T12:42:36.502+0000] {logging_mixin.py:188} INFO - [RAW] Inserted 2 rows into dwh.raw_stock_prices
[2026-02-09T12:42:36.503+0000] {python.py:237} INFO - Done. Returned value was: None
[2026-02-09T12:42:36.504+0000] {taskinstance.py:441} INFO - ::group::Post task execution logs
[2026-02-09T12:42:36.517+0000] {taskinstance.py:1206} INFO - Marking task as SUCCESS. dag_id=stock_raw_aapl, task_id=download_and_load_raw, run_id=scheduled__2025-08-26T00:00:00+00:00, execution_date=20250826T000000, start_date=20260209T124235, end_date=20260209T124236
[2026-02-09T12:42:36.568+0000] {local_task_job_runner.py:243} INFO - Task exited with return code 0
[2026-02-09T12:42:36.590+0000] {taskinstance.py:3503} INFO - 0 downstream tasks scheduled from follow-on schedule check
[2026-02-09T12:42:36.598+0000] {local_task_job_runner.py:222} INFO - ::endgroup::
