[2026-02-08T22:19:53.177+0000] {processor.py:161} INFO - Started process (PID=192) to work on /opt/airflow/dags/dag.py
[2026-02-08T22:19:53.178+0000] {processor.py:830} INFO - Processing file /opt/airflow/dags/dag.py for tasks to queue
[2026-02-08T22:19:53.181+0000] {logging_mixin.py:188} INFO - [2026-02-08T22:19:53.180+0000] {dagbag.py:545} INFO - Filling up the DagBag from /opt/airflow/dags/dag.py
[2026-02-08T22:19:54.544+0000] {processor.py:840} INFO - DAG(s) 'my_dag' retrieved from /opt/airflow/dags/dag.py
[2026-02-08T22:19:54.580+0000] {logging_mixin.py:188} INFO - [2026-02-08T22:19:54.580+0000] {dag.py:3089} INFO - Sync 1 DAGs
[2026-02-08T22:19:54.600+0000] {logging_mixin.py:188} INFO - [2026-02-08T22:19:54.600+0000] {dag.py:3947} INFO - Setting next_dagrun for my_dag to None, run_after=None
[2026-02-08T22:19:54.617+0000] {processor.py:183} INFO - Processing /opt/airflow/dags/dag.py took 1.447 seconds
[2026-02-08T22:20:24.853+0000] {processor.py:161} INFO - Started process (PID=245) to work on /opt/airflow/dags/dag.py
[2026-02-08T22:20:24.854+0000] {processor.py:830} INFO - Processing file /opt/airflow/dags/dag.py for tasks to queue
[2026-02-08T22:20:24.856+0000] {logging_mixin.py:188} INFO - [2026-02-08T22:20:24.856+0000] {dagbag.py:545} INFO - Filling up the DagBag from /opt/airflow/dags/dag.py
[2026-02-08T22:20:25.703+0000] {processor.py:840} INFO - DAG(s) 'my_dag' retrieved from /opt/airflow/dags/dag.py
[2026-02-08T22:20:25.723+0000] {logging_mixin.py:188} INFO - [2026-02-08T22:20:25.723+0000] {dag.py:3089} INFO - Sync 1 DAGs
[2026-02-08T22:20:25.740+0000] {logging_mixin.py:188} INFO - [2026-02-08T22:20:25.740+0000] {dag.py:3947} INFO - Setting next_dagrun for my_dag to None, run_after=None
[2026-02-08T22:20:25.756+0000] {processor.py:183} INFO - Processing /opt/airflow/dags/dag.py took 0.909 seconds
[2026-02-08T22:20:55.990+0000] {processor.py:161} INFO - Started process (PID=295) to work on /opt/airflow/dags/dag.py
[2026-02-08T22:20:55.991+0000] {processor.py:830} INFO - Processing file /opt/airflow/dags/dag.py for tasks to queue
[2026-02-08T22:20:55.993+0000] {logging_mixin.py:188} INFO - [2026-02-08T22:20:55.993+0000] {dagbag.py:545} INFO - Filling up the DagBag from /opt/airflow/dags/dag.py
[2026-02-08T22:20:56.896+0000] {processor.py:840} INFO - DAG(s) 'my_dag' retrieved from /opt/airflow/dags/dag.py
[2026-02-08T22:20:56.918+0000] {logging_mixin.py:188} INFO - [2026-02-08T22:20:56.918+0000] {dag.py:3089} INFO - Sync 1 DAGs
[2026-02-08T22:20:56.938+0000] {logging_mixin.py:188} INFO - [2026-02-08T22:20:56.937+0000] {dag.py:3947} INFO - Setting next_dagrun for my_dag to None, run_after=None
[2026-02-08T22:20:56.955+0000] {processor.py:183} INFO - Processing /opt/airflow/dags/dag.py took 0.970 seconds
[2026-02-08T22:21:27.196+0000] {processor.py:161} INFO - Started process (PID=337) to work on /opt/airflow/dags/dag.py
[2026-02-08T22:21:27.197+0000] {processor.py:830} INFO - Processing file /opt/airflow/dags/dag.py for tasks to queue
[2026-02-08T22:21:27.198+0000] {logging_mixin.py:188} INFO - [2026-02-08T22:21:27.198+0000] {dagbag.py:545} INFO - Filling up the DagBag from /opt/airflow/dags/dag.py
[2026-02-08T22:21:28.176+0000] {processor.py:840} INFO - DAG(s) 'my_dag' retrieved from /opt/airflow/dags/dag.py
[2026-02-08T22:21:28.202+0000] {logging_mixin.py:188} INFO - [2026-02-08T22:21:28.201+0000] {dag.py:3089} INFO - Sync 1 DAGs
[2026-02-08T22:21:28.225+0000] {logging_mixin.py:188} INFO - [2026-02-08T22:21:28.225+0000] {dag.py:3947} INFO - Setting next_dagrun for my_dag to None, run_after=None
[2026-02-08T22:21:28.243+0000] {processor.py:183} INFO - Processing /opt/airflow/dags/dag.py took 1.054 seconds
[2026-02-08T22:21:58.476+0000] {processor.py:161} INFO - Started process (PID=377) to work on /opt/airflow/dags/dag.py
[2026-02-08T22:21:58.477+0000] {processor.py:830} INFO - Processing file /opt/airflow/dags/dag.py for tasks to queue
[2026-02-08T22:21:58.478+0000] {logging_mixin.py:188} INFO - [2026-02-08T22:21:58.478+0000] {dagbag.py:545} INFO - Filling up the DagBag from /opt/airflow/dags/dag.py
[2026-02-08T22:21:59.337+0000] {processor.py:840} INFO - DAG(s) 'my_dag' retrieved from /opt/airflow/dags/dag.py
[2026-02-08T22:21:59.359+0000] {logging_mixin.py:188} INFO - [2026-02-08T22:21:59.358+0000] {dag.py:3089} INFO - Sync 1 DAGs
[2026-02-08T22:21:59.376+0000] {logging_mixin.py:188} INFO - [2026-02-08T22:21:59.376+0000] {dag.py:3947} INFO - Setting next_dagrun for my_dag to None, run_after=None
[2026-02-08T22:21:59.393+0000] {processor.py:183} INFO - Processing /opt/airflow/dags/dag.py took 0.923 seconds
[2026-02-08T22:22:29.627+0000] {processor.py:161} INFO - Started process (PID=425) to work on /opt/airflow/dags/dag.py
[2026-02-08T22:22:29.628+0000] {processor.py:830} INFO - Processing file /opt/airflow/dags/dag.py for tasks to queue
[2026-02-08T22:22:29.629+0000] {logging_mixin.py:188} INFO - [2026-02-08T22:22:29.629+0000] {dagbag.py:545} INFO - Filling up the DagBag from /opt/airflow/dags/dag.py
[2026-02-08T22:22:30.478+0000] {processor.py:840} INFO - DAG(s) 'my_dag' retrieved from /opt/airflow/dags/dag.py
[2026-02-08T22:22:30.501+0000] {logging_mixin.py:188} INFO - [2026-02-08T22:22:30.501+0000] {dag.py:3089} INFO - Sync 1 DAGs
[2026-02-08T22:22:30.521+0000] {logging_mixin.py:188} INFO - [2026-02-08T22:22:30.521+0000] {dag.py:3947} INFO - Setting next_dagrun for my_dag to None, run_after=None
[2026-02-08T22:22:30.544+0000] {processor.py:183} INFO - Processing /opt/airflow/dags/dag.py took 0.922 seconds
[2026-02-08T22:23:00.783+0000] {processor.py:161} INFO - Started process (PID=475) to work on /opt/airflow/dags/dag.py
[2026-02-08T22:23:00.784+0000] {processor.py:830} INFO - Processing file /opt/airflow/dags/dag.py for tasks to queue
[2026-02-08T22:23:00.785+0000] {logging_mixin.py:188} INFO - [2026-02-08T22:23:00.785+0000] {dagbag.py:545} INFO - Filling up the DagBag from /opt/airflow/dags/dag.py
[2026-02-08T22:23:01.629+0000] {processor.py:840} INFO - DAG(s) 'my_dag' retrieved from /opt/airflow/dags/dag.py
[2026-02-08T22:23:01.651+0000] {logging_mixin.py:188} INFO - [2026-02-08T22:23:01.650+0000] {dag.py:3089} INFO - Sync 1 DAGs
[2026-02-08T22:23:01.669+0000] {logging_mixin.py:188} INFO - [2026-02-08T22:23:01.669+0000] {dag.py:3947} INFO - Setting next_dagrun for my_dag to None, run_after=None
[2026-02-08T22:23:01.685+0000] {processor.py:183} INFO - Processing /opt/airflow/dags/dag.py took 0.908 seconds
[2026-02-08T22:23:31.925+0000] {processor.py:161} INFO - Started process (PID=513) to work on /opt/airflow/dags/dag.py
[2026-02-08T22:23:31.926+0000] {processor.py:830} INFO - Processing file /opt/airflow/dags/dag.py for tasks to queue
[2026-02-08T22:23:31.927+0000] {logging_mixin.py:188} INFO - [2026-02-08T22:23:31.927+0000] {dagbag.py:545} INFO - Filling up the DagBag from /opt/airflow/dags/dag.py
[2026-02-08T22:23:32.799+0000] {processor.py:840} INFO - DAG(s) 'my_dag' retrieved from /opt/airflow/dags/dag.py
[2026-02-08T22:23:32.820+0000] {logging_mixin.py:188} INFO - [2026-02-08T22:23:32.820+0000] {dag.py:3089} INFO - Sync 1 DAGs
[2026-02-08T22:23:32.838+0000] {logging_mixin.py:188} INFO - [2026-02-08T22:23:32.838+0000] {dag.py:3947} INFO - Setting next_dagrun for my_dag to None, run_after=None
[2026-02-08T22:23:32.854+0000] {processor.py:183} INFO - Processing /opt/airflow/dags/dag.py took 0.935 seconds
[2026-02-08T22:24:03.091+0000] {processor.py:161} INFO - Started process (PID=531) to work on /opt/airflow/dags/dag.py
[2026-02-08T22:24:03.092+0000] {processor.py:830} INFO - Processing file /opt/airflow/dags/dag.py for tasks to queue
[2026-02-08T22:24:03.094+0000] {logging_mixin.py:188} INFO - [2026-02-08T22:24:03.093+0000] {dagbag.py:545} INFO - Filling up the DagBag from /opt/airflow/dags/dag.py
[2026-02-08T22:24:03.968+0000] {processor.py:840} INFO - DAG(s) 'my_dag' retrieved from /opt/airflow/dags/dag.py
[2026-02-08T22:24:03.989+0000] {logging_mixin.py:188} INFO - [2026-02-08T22:24:03.989+0000] {dag.py:3089} INFO - Sync 1 DAGs
[2026-02-08T22:24:04.011+0000] {logging_mixin.py:188} INFO - [2026-02-08T22:24:04.010+0000] {dag.py:3947} INFO - Setting next_dagrun for my_dag to None, run_after=None
[2026-02-08T22:24:04.027+0000] {processor.py:183} INFO - Processing /opt/airflow/dags/dag.py took 0.942 seconds
[2026-02-08T22:24:34.260+0000] {processor.py:161} INFO - Started process (PID=549) to work on /opt/airflow/dags/dag.py
[2026-02-08T22:24:34.261+0000] {processor.py:830} INFO - Processing file /opt/airflow/dags/dag.py for tasks to queue
[2026-02-08T22:24:34.263+0000] {logging_mixin.py:188} INFO - [2026-02-08T22:24:34.262+0000] {dagbag.py:545} INFO - Filling up the DagBag from /opt/airflow/dags/dag.py
[2026-02-08T22:24:35.149+0000] {processor.py:840} INFO - DAG(s) 'my_dag' retrieved from /opt/airflow/dags/dag.py
[2026-02-08T22:24:35.172+0000] {logging_mixin.py:188} INFO - [2026-02-08T22:24:35.171+0000] {dag.py:3089} INFO - Sync 1 DAGs
[2026-02-08T22:24:35.192+0000] {logging_mixin.py:188} INFO - [2026-02-08T22:24:35.191+0000] {dag.py:3947} INFO - Setting next_dagrun for my_dag to None, run_after=None
[2026-02-08T22:24:35.207+0000] {processor.py:183} INFO - Processing /opt/airflow/dags/dag.py took 0.952 seconds
[2026-02-08T22:25:05.520+0000] {processor.py:161} INFO - Started process (PID=567) to work on /opt/airflow/dags/dag.py
[2026-02-08T22:25:05.521+0000] {processor.py:830} INFO - Processing file /opt/airflow/dags/dag.py for tasks to queue
[2026-02-08T22:25:05.522+0000] {logging_mixin.py:188} INFO - [2026-02-08T22:25:05.522+0000] {dagbag.py:545} INFO - Filling up the DagBag from /opt/airflow/dags/dag.py
[2026-02-08T22:25:06.390+0000] {processor.py:840} INFO - DAG(s) 'my_dag' retrieved from /opt/airflow/dags/dag.py
[2026-02-08T22:25:06.411+0000] {logging_mixin.py:188} INFO - [2026-02-08T22:25:06.410+0000] {dag.py:3089} INFO - Sync 1 DAGs
[2026-02-08T22:25:06.432+0000] {logging_mixin.py:188} INFO - [2026-02-08T22:25:06.432+0000] {dag.py:3947} INFO - Setting next_dagrun for my_dag to None, run_after=None
[2026-02-08T22:25:06.447+0000] {processor.py:183} INFO - Processing /opt/airflow/dags/dag.py took 0.932 seconds
[2026-02-08T22:25:36.729+0000] {processor.py:161} INFO - Started process (PID=585) to work on /opt/airflow/dags/dag.py
[2026-02-08T22:25:36.730+0000] {processor.py:830} INFO - Processing file /opt/airflow/dags/dag.py for tasks to queue
[2026-02-08T22:25:36.731+0000] {logging_mixin.py:188} INFO - [2026-02-08T22:25:36.731+0000] {dagbag.py:545} INFO - Filling up the DagBag from /opt/airflow/dags/dag.py
[2026-02-08T22:25:37.731+0000] {processor.py:840} INFO - DAG(s) 'my_dag' retrieved from /opt/airflow/dags/dag.py
[2026-02-08T22:25:37.757+0000] {logging_mixin.py:188} INFO - [2026-02-08T22:25:37.757+0000] {dag.py:3089} INFO - Sync 1 DAGs
[2026-02-08T22:25:37.777+0000] {logging_mixin.py:188} INFO - [2026-02-08T22:25:37.777+0000] {dag.py:3947} INFO - Setting next_dagrun for my_dag to None, run_after=None
[2026-02-08T22:25:37.795+0000] {processor.py:183} INFO - Processing /opt/airflow/dags/dag.py took 1.074 seconds
[2026-02-08T22:26:08.015+0000] {processor.py:161} INFO - Started process (PID=603) to work on /opt/airflow/dags/dag.py
[2026-02-08T22:26:08.016+0000] {processor.py:830} INFO - Processing file /opt/airflow/dags/dag.py for tasks to queue
[2026-02-08T22:26:08.017+0000] {logging_mixin.py:188} INFO - [2026-02-08T22:26:08.017+0000] {dagbag.py:545} INFO - Filling up the DagBag from /opt/airflow/dags/dag.py
[2026-02-08T22:26:08.956+0000] {processor.py:840} INFO - DAG(s) 'my_dag' retrieved from /opt/airflow/dags/dag.py
[2026-02-08T22:26:08.981+0000] {logging_mixin.py:188} INFO - [2026-02-08T22:26:08.980+0000] {dag.py:3089} INFO - Sync 1 DAGs
[2026-02-08T22:26:09.001+0000] {logging_mixin.py:188} INFO - [2026-02-08T22:26:09.001+0000] {dag.py:3947} INFO - Setting next_dagrun for my_dag to None, run_after=None
[2026-02-08T22:26:09.020+0000] {processor.py:183} INFO - Processing /opt/airflow/dags/dag.py took 1.010 seconds
[2026-02-08T22:26:39.270+0000] {processor.py:161} INFO - Started process (PID=621) to work on /opt/airflow/dags/dag.py
[2026-02-08T22:26:39.271+0000] {processor.py:830} INFO - Processing file /opt/airflow/dags/dag.py for tasks to queue
[2026-02-08T22:26:39.273+0000] {logging_mixin.py:188} INFO - [2026-02-08T22:26:39.273+0000] {dagbag.py:545} INFO - Filling up the DagBag from /opt/airflow/dags/dag.py
[2026-02-08T22:26:40.238+0000] {processor.py:840} INFO - DAG(s) 'my_dag' retrieved from /opt/airflow/dags/dag.py
[2026-02-08T22:26:40.264+0000] {logging_mixin.py:188} INFO - [2026-02-08T22:26:40.263+0000] {dag.py:3089} INFO - Sync 1 DAGs
[2026-02-08T22:26:40.288+0000] {logging_mixin.py:188} INFO - [2026-02-08T22:26:40.288+0000] {dag.py:3947} INFO - Setting next_dagrun for my_dag to None, run_after=None
[2026-02-08T22:26:40.312+0000] {processor.py:183} INFO - Processing /opt/airflow/dags/dag.py took 1.050 seconds
[2026-02-08T22:27:10.577+0000] {processor.py:161} INFO - Started process (PID=639) to work on /opt/airflow/dags/dag.py
[2026-02-08T22:27:10.578+0000] {processor.py:830} INFO - Processing file /opt/airflow/dags/dag.py for tasks to queue
[2026-02-08T22:27:10.579+0000] {logging_mixin.py:188} INFO - [2026-02-08T22:27:10.579+0000] {dagbag.py:545} INFO - Filling up the DagBag from /opt/airflow/dags/dag.py
[2026-02-08T22:27:11.576+0000] {processor.py:840} INFO - DAG(s) 'my_dag' retrieved from /opt/airflow/dags/dag.py
[2026-02-08T22:27:11.605+0000] {logging_mixin.py:188} INFO - [2026-02-08T22:27:11.604+0000] {dag.py:3089} INFO - Sync 1 DAGs
[2026-02-08T22:27:11.630+0000] {logging_mixin.py:188} INFO - [2026-02-08T22:27:11.630+0000] {dag.py:3947} INFO - Setting next_dagrun for my_dag to None, run_after=None
[2026-02-08T22:27:11.653+0000] {processor.py:183} INFO - Processing /opt/airflow/dags/dag.py took 1.083 seconds
[2026-02-08T22:27:41.779+0000] {processor.py:161} INFO - Started process (PID=657) to work on /opt/airflow/dags/dag.py
[2026-02-08T22:27:41.780+0000] {processor.py:830} INFO - Processing file /opt/airflow/dags/dag.py for tasks to queue
[2026-02-08T22:27:41.781+0000] {logging_mixin.py:188} INFO - [2026-02-08T22:27:41.781+0000] {dagbag.py:545} INFO - Filling up the DagBag from /opt/airflow/dags/dag.py
[2026-02-08T22:27:42.657+0000] {processor.py:840} INFO - DAG(s) 'my_dag' retrieved from /opt/airflow/dags/dag.py
[2026-02-08T22:27:42.678+0000] {logging_mixin.py:188} INFO - [2026-02-08T22:27:42.678+0000] {dag.py:3089} INFO - Sync 1 DAGs
[2026-02-08T22:27:42.698+0000] {logging_mixin.py:188} INFO - [2026-02-08T22:27:42.698+0000] {dag.py:3947} INFO - Setting next_dagrun for my_dag to None, run_after=None
[2026-02-08T22:27:42.715+0000] {processor.py:183} INFO - Processing /opt/airflow/dags/dag.py took 0.942 seconds
[2026-02-08T22:28:12.963+0000] {processor.py:161} INFO - Started process (PID=675) to work on /opt/airflow/dags/dag.py
[2026-02-08T22:28:12.964+0000] {processor.py:830} INFO - Processing file /opt/airflow/dags/dag.py for tasks to queue
[2026-02-08T22:28:12.966+0000] {logging_mixin.py:188} INFO - [2026-02-08T22:28:12.966+0000] {dagbag.py:545} INFO - Filling up the DagBag from /opt/airflow/dags/dag.py
[2026-02-08T22:28:13.973+0000] {processor.py:840} INFO - DAG(s) 'my_dag' retrieved from /opt/airflow/dags/dag.py
[2026-02-08T22:28:14.000+0000] {logging_mixin.py:188} INFO - [2026-02-08T22:28:13.999+0000] {dag.py:3089} INFO - Sync 1 DAGs
[2026-02-08T22:28:14.025+0000] {logging_mixin.py:188} INFO - [2026-02-08T22:28:14.025+0000] {dag.py:3947} INFO - Setting next_dagrun for my_dag to None, run_after=None
[2026-02-08T22:28:14.047+0000] {processor.py:183} INFO - Processing /opt/airflow/dags/dag.py took 1.092 seconds
[2026-02-08T22:28:44.296+0000] {processor.py:161} INFO - Started process (PID=693) to work on /opt/airflow/dags/dag.py
[2026-02-08T22:28:44.297+0000] {processor.py:830} INFO - Processing file /opt/airflow/dags/dag.py for tasks to queue
[2026-02-08T22:28:44.299+0000] {logging_mixin.py:188} INFO - [2026-02-08T22:28:44.299+0000] {dagbag.py:545} INFO - Filling up the DagBag from /opt/airflow/dags/dag.py
[2026-02-08T22:28:45.177+0000] {processor.py:840} INFO - DAG(s) 'my_dag' retrieved from /opt/airflow/dags/dag.py
[2026-02-08T22:28:45.198+0000] {logging_mixin.py:188} INFO - [2026-02-08T22:28:45.198+0000] {dag.py:3089} INFO - Sync 1 DAGs
[2026-02-08T22:28:45.219+0000] {logging_mixin.py:188} INFO - [2026-02-08T22:28:45.218+0000] {dag.py:3947} INFO - Setting next_dagrun for my_dag to None, run_after=None
[2026-02-08T22:28:45.235+0000] {processor.py:183} INFO - Processing /opt/airflow/dags/dag.py took 0.945 seconds
[2026-02-08T22:29:15.484+0000] {processor.py:161} INFO - Started process (PID=711) to work on /opt/airflow/dags/dag.py
[2026-02-08T22:29:15.485+0000] {processor.py:830} INFO - Processing file /opt/airflow/dags/dag.py for tasks to queue
[2026-02-08T22:29:15.486+0000] {logging_mixin.py:188} INFO - [2026-02-08T22:29:15.486+0000] {dagbag.py:545} INFO - Filling up the DagBag from /opt/airflow/dags/dag.py
[2026-02-08T22:29:16.371+0000] {processor.py:840} INFO - DAG(s) 'my_dag' retrieved from /opt/airflow/dags/dag.py
[2026-02-08T22:29:16.393+0000] {logging_mixin.py:188} INFO - [2026-02-08T22:29:16.393+0000] {dag.py:3089} INFO - Sync 1 DAGs
[2026-02-08T22:29:16.412+0000] {logging_mixin.py:188} INFO - [2026-02-08T22:29:16.412+0000] {dag.py:3947} INFO - Setting next_dagrun for my_dag to None, run_after=None
[2026-02-08T22:29:16.428+0000] {processor.py:183} INFO - Processing /opt/airflow/dags/dag.py took 0.949 seconds
[2026-02-08T22:29:46.661+0000] {processor.py:161} INFO - Started process (PID=729) to work on /opt/airflow/dags/dag.py
[2026-02-08T22:29:46.662+0000] {processor.py:830} INFO - Processing file /opt/airflow/dags/dag.py for tasks to queue
[2026-02-08T22:29:46.664+0000] {logging_mixin.py:188} INFO - [2026-02-08T22:29:46.664+0000] {dagbag.py:545} INFO - Filling up the DagBag from /opt/airflow/dags/dag.py
[2026-02-08T22:29:47.626+0000] {processor.py:840} INFO - DAG(s) 'my_dag' retrieved from /opt/airflow/dags/dag.py
[2026-02-08T22:29:47.651+0000] {logging_mixin.py:188} INFO - [2026-02-08T22:29:47.650+0000] {dag.py:3089} INFO - Sync 1 DAGs
[2026-02-08T22:29:47.672+0000] {logging_mixin.py:188} INFO - [2026-02-08T22:29:47.672+0000] {dag.py:3947} INFO - Setting next_dagrun for my_dag to None, run_after=None
[2026-02-08T22:29:47.689+0000] {processor.py:183} INFO - Processing /opt/airflow/dags/dag.py took 1.034 seconds
[2026-02-08T22:30:17.953+0000] {processor.py:161} INFO - Started process (PID=747) to work on /opt/airflow/dags/dag.py
[2026-02-08T22:30:17.954+0000] {processor.py:830} INFO - Processing file /opt/airflow/dags/dag.py for tasks to queue
[2026-02-08T22:30:17.956+0000] {logging_mixin.py:188} INFO - [2026-02-08T22:30:17.956+0000] {dagbag.py:545} INFO - Filling up the DagBag from /opt/airflow/dags/dag.py
[2026-02-08T22:30:18.841+0000] {processor.py:840} INFO - DAG(s) 'my_dag' retrieved from /opt/airflow/dags/dag.py
[2026-02-08T22:30:18.864+0000] {logging_mixin.py:188} INFO - [2026-02-08T22:30:18.864+0000] {dag.py:3089} INFO - Sync 1 DAGs
[2026-02-08T22:30:18.882+0000] {logging_mixin.py:188} INFO - [2026-02-08T22:30:18.882+0000] {dag.py:3947} INFO - Setting next_dagrun for my_dag to None, run_after=None
[2026-02-08T22:30:18.897+0000] {processor.py:183} INFO - Processing /opt/airflow/dags/dag.py took 0.948 seconds
[2026-02-08T22:30:49.127+0000] {processor.py:161} INFO - Started process (PID=765) to work on /opt/airflow/dags/dag.py
[2026-02-08T22:30:49.128+0000] {processor.py:830} INFO - Processing file /opt/airflow/dags/dag.py for tasks to queue
[2026-02-08T22:30:49.130+0000] {logging_mixin.py:188} INFO - [2026-02-08T22:30:49.129+0000] {dagbag.py:545} INFO - Filling up the DagBag from /opt/airflow/dags/dag.py
[2026-02-08T22:30:50.007+0000] {processor.py:840} INFO - DAG(s) 'my_dag' retrieved from /opt/airflow/dags/dag.py
[2026-02-08T22:30:50.030+0000] {logging_mixin.py:188} INFO - [2026-02-08T22:30:50.029+0000] {dag.py:3089} INFO - Sync 1 DAGs
[2026-02-08T22:30:50.047+0000] {logging_mixin.py:188} INFO - [2026-02-08T22:30:50.047+0000] {dag.py:3947} INFO - Setting next_dagrun for my_dag to None, run_after=None
[2026-02-08T22:30:50.063+0000] {processor.py:183} INFO - Processing /opt/airflow/dags/dag.py took 0.941 seconds
[2026-02-08T22:31:20.293+0000] {processor.py:161} INFO - Started process (PID=783) to work on /opt/airflow/dags/dag.py
[2026-02-08T22:31:20.294+0000] {processor.py:830} INFO - Processing file /opt/airflow/dags/dag.py for tasks to queue
[2026-02-08T22:31:20.297+0000] {logging_mixin.py:188} INFO - [2026-02-08T22:31:20.296+0000] {dagbag.py:545} INFO - Filling up the DagBag from /opt/airflow/dags/dag.py
[2026-02-08T22:31:21.155+0000] {processor.py:840} INFO - DAG(s) 'my_dag' retrieved from /opt/airflow/dags/dag.py
[2026-02-08T22:31:21.180+0000] {logging_mixin.py:188} INFO - [2026-02-08T22:31:21.179+0000] {dag.py:3089} INFO - Sync 1 DAGs
[2026-02-08T22:31:21.201+0000] {logging_mixin.py:188} INFO - [2026-02-08T22:31:21.200+0000] {dag.py:3947} INFO - Setting next_dagrun for my_dag to None, run_after=None
[2026-02-08T22:31:21.215+0000] {processor.py:183} INFO - Processing /opt/airflow/dags/dag.py took 0.928 seconds
[2026-02-08T22:31:51.448+0000] {processor.py:161} INFO - Started process (PID=801) to work on /opt/airflow/dags/dag.py
[2026-02-08T22:31:51.449+0000] {processor.py:830} INFO - Processing file /opt/airflow/dags/dag.py for tasks to queue
[2026-02-08T22:31:51.450+0000] {logging_mixin.py:188} INFO - [2026-02-08T22:31:51.450+0000] {dagbag.py:545} INFO - Filling up the DagBag from /opt/airflow/dags/dag.py
[2026-02-08T22:31:52.308+0000] {processor.py:840} INFO - DAG(s) 'my_dag' retrieved from /opt/airflow/dags/dag.py
[2026-02-08T22:31:52.330+0000] {logging_mixin.py:188} INFO - [2026-02-08T22:31:52.329+0000] {dag.py:3089} INFO - Sync 1 DAGs
[2026-02-08T22:31:52.348+0000] {logging_mixin.py:188} INFO - [2026-02-08T22:31:52.347+0000] {dag.py:3947} INFO - Setting next_dagrun for my_dag to None, run_after=None
[2026-02-08T22:31:52.363+0000] {processor.py:183} INFO - Processing /opt/airflow/dags/dag.py took 0.921 seconds
[2026-02-08T22:32:22.607+0000] {processor.py:161} INFO - Started process (PID=819) to work on /opt/airflow/dags/dag.py
[2026-02-08T22:32:22.608+0000] {processor.py:830} INFO - Processing file /opt/airflow/dags/dag.py for tasks to queue
[2026-02-08T22:32:22.610+0000] {logging_mixin.py:188} INFO - [2026-02-08T22:32:22.609+0000] {dagbag.py:545} INFO - Filling up the DagBag from /opt/airflow/dags/dag.py
[2026-02-08T22:32:23.515+0000] {processor.py:840} INFO - DAG(s) 'my_dag' retrieved from /opt/airflow/dags/dag.py
[2026-02-08T22:32:23.538+0000] {logging_mixin.py:188} INFO - [2026-02-08T22:32:23.537+0000] {dag.py:3089} INFO - Sync 1 DAGs
[2026-02-08T22:32:23.555+0000] {logging_mixin.py:188} INFO - [2026-02-08T22:32:23.555+0000] {dag.py:3947} INFO - Setting next_dagrun for my_dag to None, run_after=None
[2026-02-08T22:32:23.573+0000] {processor.py:183} INFO - Processing /opt/airflow/dags/dag.py took 0.971 seconds
[2026-02-08T22:32:53.789+0000] {processor.py:161} INFO - Started process (PID=837) to work on /opt/airflow/dags/dag.py
[2026-02-08T22:32:53.790+0000] {processor.py:830} INFO - Processing file /opt/airflow/dags/dag.py for tasks to queue
[2026-02-08T22:32:53.792+0000] {logging_mixin.py:188} INFO - [2026-02-08T22:32:53.791+0000] {dagbag.py:545} INFO - Filling up the DagBag from /opt/airflow/dags/dag.py
[2026-02-08T22:32:54.618+0000] {processor.py:840} INFO - DAG(s) 'my_dag' retrieved from /opt/airflow/dags/dag.py
[2026-02-08T22:32:54.640+0000] {logging_mixin.py:188} INFO - [2026-02-08T22:32:54.640+0000] {dag.py:3089} INFO - Sync 1 DAGs
[2026-02-08T22:32:54.659+0000] {logging_mixin.py:188} INFO - [2026-02-08T22:32:54.659+0000] {dag.py:3947} INFO - Setting next_dagrun for my_dag to None, run_after=None
[2026-02-08T22:32:54.676+0000] {processor.py:183} INFO - Processing /opt/airflow/dags/dag.py took 0.892 seconds
[2026-02-08T22:33:24.919+0000] {processor.py:161} INFO - Started process (PID=855) to work on /opt/airflow/dags/dag.py
[2026-02-08T22:33:24.920+0000] {processor.py:830} INFO - Processing file /opt/airflow/dags/dag.py for tasks to queue
[2026-02-08T22:33:24.922+0000] {logging_mixin.py:188} INFO - [2026-02-08T22:33:24.922+0000] {dagbag.py:545} INFO - Filling up the DagBag from /opt/airflow/dags/dag.py
[2026-02-08T22:33:25.784+0000] {processor.py:840} INFO - DAG(s) 'my_dag' retrieved from /opt/airflow/dags/dag.py
[2026-02-08T22:33:25.806+0000] {logging_mixin.py:188} INFO - [2026-02-08T22:33:25.805+0000] {dag.py:3089} INFO - Sync 1 DAGs
[2026-02-08T22:33:25.824+0000] {logging_mixin.py:188} INFO - [2026-02-08T22:33:25.824+0000] {dag.py:3947} INFO - Setting next_dagrun for my_dag to None, run_after=None
[2026-02-08T22:33:25.840+0000] {processor.py:183} INFO - Processing /opt/airflow/dags/dag.py took 0.927 seconds
[2026-02-08T22:33:56.082+0000] {processor.py:161} INFO - Started process (PID=879) to work on /opt/airflow/dags/dag.py
[2026-02-08T22:33:56.084+0000] {processor.py:830} INFO - Processing file /opt/airflow/dags/dag.py for tasks to queue
[2026-02-08T22:33:56.086+0000] {logging_mixin.py:188} INFO - [2026-02-08T22:33:56.085+0000] {dagbag.py:545} INFO - Filling up the DagBag from /opt/airflow/dags/dag.py
[2026-02-08T22:33:56.960+0000] {processor.py:840} INFO - DAG(s) 'my_dag' retrieved from /opt/airflow/dags/dag.py
[2026-02-08T22:33:56.980+0000] {logging_mixin.py:188} INFO - [2026-02-08T22:33:56.980+0000] {dag.py:3089} INFO - Sync 1 DAGs
[2026-02-08T22:33:56.998+0000] {logging_mixin.py:188} INFO - [2026-02-08T22:33:56.997+0000] {dag.py:3947} INFO - Setting next_dagrun for my_dag to None, run_after=None
[2026-02-08T22:33:57.012+0000] {processor.py:183} INFO - Processing /opt/airflow/dags/dag.py took 0.943 seconds
[2026-02-08T22:34:27.229+0000] {processor.py:161} INFO - Started process (PID=897) to work on /opt/airflow/dags/dag.py
[2026-02-08T22:34:27.231+0000] {processor.py:830} INFO - Processing file /opt/airflow/dags/dag.py for tasks to queue
[2026-02-08T22:34:27.234+0000] {logging_mixin.py:188} INFO - [2026-02-08T22:34:27.234+0000] {dagbag.py:545} INFO - Filling up the DagBag from /opt/airflow/dags/dag.py
[2026-02-08T22:34:28.176+0000] {processor.py:840} INFO - DAG(s) 'my_dag' retrieved from /opt/airflow/dags/dag.py
[2026-02-08T22:34:28.200+0000] {logging_mixin.py:188} INFO - [2026-02-08T22:34:28.200+0000] {dag.py:3089} INFO - Sync 1 DAGs
[2026-02-08T22:34:28.221+0000] {logging_mixin.py:188} INFO - [2026-02-08T22:34:28.221+0000] {dag.py:3947} INFO - Setting next_dagrun for my_dag to None, run_after=None
[2026-02-08T22:34:28.237+0000] {processor.py:183} INFO - Processing /opt/airflow/dags/dag.py took 1.015 seconds
[2026-02-08T22:34:58.547+0000] {processor.py:161} INFO - Started process (PID=915) to work on /opt/airflow/dags/dag.py
[2026-02-08T22:34:58.548+0000] {processor.py:830} INFO - Processing file /opt/airflow/dags/dag.py for tasks to queue
[2026-02-08T22:34:58.550+0000] {logging_mixin.py:188} INFO - [2026-02-08T22:34:58.549+0000] {dagbag.py:545} INFO - Filling up the DagBag from /opt/airflow/dags/dag.py
[2026-02-08T22:34:59.404+0000] {processor.py:840} INFO - DAG(s) 'my_dag' retrieved from /opt/airflow/dags/dag.py
[2026-02-08T22:34:59.427+0000] {logging_mixin.py:188} INFO - [2026-02-08T22:34:59.426+0000] {dag.py:3089} INFO - Sync 1 DAGs
[2026-02-08T22:34:59.444+0000] {logging_mixin.py:188} INFO - [2026-02-08T22:34:59.444+0000] {dag.py:3947} INFO - Setting next_dagrun for my_dag to None, run_after=None
[2026-02-08T22:34:59.460+0000] {processor.py:183} INFO - Processing /opt/airflow/dags/dag.py took 0.918 seconds
[2026-02-08T22:35:29.696+0000] {processor.py:161} INFO - Started process (PID=933) to work on /opt/airflow/dags/dag.py
[2026-02-08T22:35:29.697+0000] {processor.py:830} INFO - Processing file /opt/airflow/dags/dag.py for tasks to queue
[2026-02-08T22:35:29.698+0000] {logging_mixin.py:188} INFO - [2026-02-08T22:35:29.698+0000] {dagbag.py:545} INFO - Filling up the DagBag from /opt/airflow/dags/dag.py
[2026-02-08T22:35:30.574+0000] {processor.py:840} INFO - DAG(s) 'my_dag' retrieved from /opt/airflow/dags/dag.py
[2026-02-08T22:35:30.595+0000] {logging_mixin.py:188} INFO - [2026-02-08T22:35:30.595+0000] {dag.py:3089} INFO - Sync 1 DAGs
[2026-02-08T22:35:30.613+0000] {logging_mixin.py:188} INFO - [2026-02-08T22:35:30.613+0000] {dag.py:3947} INFO - Setting next_dagrun for my_dag to None, run_after=None
[2026-02-08T22:35:30.629+0000] {processor.py:183} INFO - Processing /opt/airflow/dags/dag.py took 0.940 seconds
[2026-02-08T22:36:00.866+0000] {processor.py:161} INFO - Started process (PID=951) to work on /opt/airflow/dags/dag.py
[2026-02-08T22:36:00.867+0000] {processor.py:830} INFO - Processing file /opt/airflow/dags/dag.py for tasks to queue
[2026-02-08T22:36:00.869+0000] {logging_mixin.py:188} INFO - [2026-02-08T22:36:00.868+0000] {dagbag.py:545} INFO - Filling up the DagBag from /opt/airflow/dags/dag.py
[2026-02-08T22:36:01.727+0000] {processor.py:840} INFO - DAG(s) 'my_dag' retrieved from /opt/airflow/dags/dag.py
[2026-02-08T22:36:01.748+0000] {logging_mixin.py:188} INFO - [2026-02-08T22:36:01.748+0000] {dag.py:3089} INFO - Sync 1 DAGs
[2026-02-08T22:36:01.768+0000] {logging_mixin.py:188} INFO - [2026-02-08T22:36:01.768+0000] {dag.py:3947} INFO - Setting next_dagrun for my_dag to None, run_after=None
[2026-02-08T22:36:01.784+0000] {processor.py:183} INFO - Processing /opt/airflow/dags/dag.py took 0.925 seconds
[2026-02-08T22:36:32.017+0000] {processor.py:161} INFO - Started process (PID=969) to work on /opt/airflow/dags/dag.py
[2026-02-08T22:36:32.018+0000] {processor.py:830} INFO - Processing file /opt/airflow/dags/dag.py for tasks to queue
[2026-02-08T22:36:32.019+0000] {logging_mixin.py:188} INFO - [2026-02-08T22:36:32.019+0000] {dagbag.py:545} INFO - Filling up the DagBag from /opt/airflow/dags/dag.py
[2026-02-08T22:36:32.881+0000] {processor.py:840} INFO - DAG(s) 'my_dag' retrieved from /opt/airflow/dags/dag.py
[2026-02-08T22:36:32.903+0000] {logging_mixin.py:188} INFO - [2026-02-08T22:36:32.903+0000] {dag.py:3089} INFO - Sync 1 DAGs
[2026-02-08T22:36:32.922+0000] {logging_mixin.py:188} INFO - [2026-02-08T22:36:32.922+0000] {dag.py:3947} INFO - Setting next_dagrun for my_dag to None, run_after=None
[2026-02-08T22:36:32.937+0000] {processor.py:183} INFO - Processing /opt/airflow/dags/dag.py took 0.925 seconds
[2026-02-08T22:37:03.154+0000] {processor.py:161} INFO - Started process (PID=987) to work on /opt/airflow/dags/dag.py
[2026-02-08T22:37:03.155+0000] {processor.py:830} INFO - Processing file /opt/airflow/dags/dag.py for tasks to queue
[2026-02-08T22:37:03.157+0000] {logging_mixin.py:188} INFO - [2026-02-08T22:37:03.157+0000] {dagbag.py:545} INFO - Filling up the DagBag from /opt/airflow/dags/dag.py
[2026-02-08T22:37:04.044+0000] {processor.py:840} INFO - DAG(s) 'my_dag' retrieved from /opt/airflow/dags/dag.py
[2026-02-08T22:37:04.067+0000] {logging_mixin.py:188} INFO - [2026-02-08T22:37:04.067+0000] {dag.py:3089} INFO - Sync 1 DAGs
[2026-02-08T22:37:04.086+0000] {logging_mixin.py:188} INFO - [2026-02-08T22:37:04.086+0000] {dag.py:3947} INFO - Setting next_dagrun for my_dag to None, run_after=None
[2026-02-08T22:37:04.101+0000] {processor.py:183} INFO - Processing /opt/airflow/dags/dag.py took 0.953 seconds
[2026-02-08T22:37:34.338+0000] {processor.py:161} INFO - Started process (PID=1005) to work on /opt/airflow/dags/dag.py
[2026-02-08T22:37:34.339+0000] {processor.py:830} INFO - Processing file /opt/airflow/dags/dag.py for tasks to queue
[2026-02-08T22:37:34.341+0000] {logging_mixin.py:188} INFO - [2026-02-08T22:37:34.340+0000] {dagbag.py:545} INFO - Filling up the DagBag from /opt/airflow/dags/dag.py
[2026-02-08T22:37:35.284+0000] {processor.py:840} INFO - DAG(s) 'my_dag' retrieved from /opt/airflow/dags/dag.py
[2026-02-08T22:37:35.311+0000] {logging_mixin.py:188} INFO - [2026-02-08T22:37:35.311+0000] {dag.py:3089} INFO - Sync 1 DAGs
[2026-02-08T22:37:35.335+0000] {logging_mixin.py:188} INFO - [2026-02-08T22:37:35.334+0000] {dag.py:3947} INFO - Setting next_dagrun for my_dag to None, run_after=None
[2026-02-08T22:37:35.352+0000] {processor.py:183} INFO - Processing /opt/airflow/dags/dag.py took 1.020 seconds
[2026-02-08T22:38:05.624+0000] {processor.py:161} INFO - Started process (PID=1023) to work on /opt/airflow/dags/dag.py
[2026-02-08T22:38:05.625+0000] {processor.py:830} INFO - Processing file /opt/airflow/dags/dag.py for tasks to queue
[2026-02-08T22:38:05.628+0000] {logging_mixin.py:188} INFO - [2026-02-08T22:38:05.627+0000] {dagbag.py:545} INFO - Filling up the DagBag from /opt/airflow/dags/dag.py
[2026-02-08T22:38:06.695+0000] {processor.py:840} INFO - DAG(s) 'my_dag' retrieved from /opt/airflow/dags/dag.py
[2026-02-08T22:38:06.722+0000] {logging_mixin.py:188} INFO - [2026-02-08T22:38:06.721+0000] {dag.py:3089} INFO - Sync 1 DAGs
[2026-02-08T22:38:06.744+0000] {logging_mixin.py:188} INFO - [2026-02-08T22:38:06.743+0000] {dag.py:3947} INFO - Setting next_dagrun for my_dag to None, run_after=None
[2026-02-08T22:38:06.771+0000] {processor.py:183} INFO - Processing /opt/airflow/dags/dag.py took 1.153 seconds
