[2026-02-09T10:43:22.752+0000] {local_task_job_runner.py:120} INFO - ::group::Pre task execution logs
[2026-02-09T10:43:22.780+0000] {taskinstance.py:2076} INFO - Dependencies all met for dep_context=non-requeueable deps ti=<TaskInstance: stock_raw_aapl.download_and_load_raw scheduled__2025-10-11T00:00:00+00:00 [queued]>
[2026-02-09T10:43:22.789+0000] {taskinstance.py:2076} INFO - Dependencies all met for dep_context=requeueable deps ti=<TaskInstance: stock_raw_aapl.download_and_load_raw scheduled__2025-10-11T00:00:00+00:00 [queued]>
[2026-02-09T10:43:22.789+0000] {taskinstance.py:2306} INFO - Starting attempt 1 of 1
[2026-02-09T10:43:22.801+0000] {taskinstance.py:2330} INFO - Executing <Task(PythonOperator): download_and_load_raw> on 2025-10-11 00:00:00+00:00
[2026-02-09T10:43:22.812+0000] {logging_mixin.py:188} WARNING - /home/***/.local/lib/python3.12/site-packages/***/task/task_runner/standard_task_runner.py:62 DeprecationWarning: This process (pid=8423) is multi-threaded, use of fork() may lead to deadlocks in the child.
[2026-02-09T10:43:22.814+0000] {standard_task_runner.py:64} INFO - Started process 8433 to run task
[2026-02-09T10:43:22.812+0000] {standard_task_runner.py:90} INFO - Running: ['***', 'tasks', 'run', 'stock_raw_aapl', 'download_and_load_raw', 'scheduled__2025-10-11T00:00:00+00:00', '--job-id', '6037', '--raw', '--subdir', 'DAGS_FOLDER/stocks_dwh/raw/stocks_raw_dags.py', '--cfg-path', '/tmp/tmp8922ppff']
[2026-02-09T10:43:22.814+0000] {standard_task_runner.py:91} INFO - Job 6037: Subtask download_and_load_raw
[2026-02-09T10:43:22.877+0000] {task_command.py:426} INFO - Running <TaskInstance: stock_raw_aapl.download_and_load_raw scheduled__2025-10-11T00:00:00+00:00 [running]> on host 4886d37bc122
[2026-02-09T10:43:22.972+0000] {taskinstance.py:2648} INFO - Exporting env vars: AIRFLOW_CTX_DAG_OWNER='***' AIRFLOW_CTX_DAG_ID='stock_raw_aapl' AIRFLOW_CTX_TASK_ID='download_and_load_raw' AIRFLOW_CTX_EXECUTION_DATE='2025-10-11T00:00:00+00:00' AIRFLOW_CTX_TRY_NUMBER='1' AIRFLOW_CTX_DAG_RUN_ID='scheduled__2025-10-11T00:00:00+00:00'
[2026-02-09T10:43:22.973+0000] {taskinstance.py:430} INFO - ::endgroup::
[2026-02-09T10:43:22.985+0000] {logging_mixin.py:188} INFO - [RAW] Download AAPL [1d] 2025-10-11..2025-10-12
[2026-02-09T10:43:22.988+0000] {logging_mixin.py:188} WARNING - /opt/***/dags/stocks_dwh/raw/stocks_raw_dags.py:38 FutureWarning: YF.download() has changed argument auto_adjust default to True
[2026-02-09T10:43:22.996+0000] {logging_mixin.py:188} WARNING - /home/***/.local/lib/python3.12/site-packages/yfinance/scrapers/history.py:204 Pandas4Warning: Timestamp.utcnow is deprecated and will be removed in a future version. Use Timestamp.now('UTC') instead.
[2026-02-09T10:43:23.464+0000] {multi.py:185} ERROR - 
1 Failed download:
[2026-02-09T10:43:23.465+0000] {multi.py:198} ERROR - ['AAPL']: YFPricesMissingError('possibly delisted; no price data found  (1d 2025-10-11 -> 2025-10-12)')
[2026-02-09T10:43:23.477+0000] {logging_mixin.py:188} INFO - [RAW] No data from yfinance
[2026-02-09T10:43:23.477+0000] {python.py:237} INFO - Done. Returned value was: None
[2026-02-09T10:43:23.479+0000] {taskinstance.py:441} INFO - ::group::Post task execution logs
[2026-02-09T10:43:23.487+0000] {taskinstance.py:1206} INFO - Marking task as SUCCESS. dag_id=stock_raw_aapl, task_id=download_and_load_raw, run_id=scheduled__2025-10-11T00:00:00+00:00, execution_date=20251011T000000, start_date=20260209T104322, end_date=20260209T104323
[2026-02-09T10:43:23.549+0000] {local_task_job_runner.py:243} INFO - Task exited with return code 0
[2026-02-09T10:43:23.566+0000] {taskinstance.py:3503} INFO - 0 downstream tasks scheduled from follow-on schedule check
[2026-02-09T10:43:23.567+0000] {local_task_job_runner.py:222} INFO - ::endgroup::
[2026-02-09T12:44:58.511+0000] {local_task_job_runner.py:120} INFO - ::group::Pre task execution logs
[2026-02-09T12:44:58.544+0000] {taskinstance.py:2076} INFO - Dependencies all met for dep_context=non-requeueable deps ti=<TaskInstance: stock_raw_aapl.download_and_load_raw scheduled__2025-10-11T00:00:00+00:00 [queued]>
[2026-02-09T12:44:58.554+0000] {taskinstance.py:2076} INFO - Dependencies all met for dep_context=requeueable deps ti=<TaskInstance: stock_raw_aapl.download_and_load_raw scheduled__2025-10-11T00:00:00+00:00 [queued]>
[2026-02-09T12:44:58.555+0000] {taskinstance.py:2306} INFO - Starting attempt 1 of 1
[2026-02-09T12:44:58.577+0000] {taskinstance.py:2330} INFO - Executing <Task(PythonOperator): download_and_load_raw> on 2025-10-11 00:00:00+00:00
[2026-02-09T12:44:58.592+0000] {logging_mixin.py:188} WARNING - /home/***/.local/lib/python3.12/site-packages/***/task/task_runner/standard_task_runner.py:62 DeprecationWarning: This process (pid=18557) is multi-threaded, use of fork() may lead to deadlocks in the child.
[2026-02-09T12:44:58.594+0000] {standard_task_runner.py:64} INFO - Started process 18559 to run task
[2026-02-09T12:44:58.592+0000] {standard_task_runner.py:90} INFO - Running: ['***', 'tasks', 'run', 'stock_raw_aapl', 'download_and_load_raw', 'scheduled__2025-10-11T00:00:00+00:00', '--job-id', '7841', '--raw', '--subdir', 'DAGS_FOLDER/stocks_dwh/raw/stocks_raw_dags.py', '--cfg-path', '/tmp/tmpnyz9v16i']
[2026-02-09T12:44:58.595+0000] {standard_task_runner.py:91} INFO - Job 7841: Subtask download_and_load_raw
[2026-02-09T12:44:58.666+0000] {task_command.py:426} INFO - Running <TaskInstance: stock_raw_aapl.download_and_load_raw scheduled__2025-10-11T00:00:00+00:00 [running]> on host 4886d37bc122
[2026-02-09T12:44:58.773+0000] {taskinstance.py:2648} INFO - Exporting env vars: AIRFLOW_CTX_DAG_OWNER='***' AIRFLOW_CTX_DAG_ID='stock_raw_aapl' AIRFLOW_CTX_TASK_ID='download_and_load_raw' AIRFLOW_CTX_EXECUTION_DATE='2025-10-11T00:00:00+00:00' AIRFLOW_CTX_TRY_NUMBER='1' AIRFLOW_CTX_DAG_RUN_ID='scheduled__2025-10-11T00:00:00+00:00'
[2026-02-09T12:44:58.775+0000] {taskinstance.py:430} INFO - ::endgroup::
[2026-02-09T12:44:58.786+0000] {stocks_raw_dags.py:37} INFO - 2025-10-11 00:00:00+00:00, 2025-10-12 00:00:00+00:00
[2026-02-09T12:44:58.787+0000] {logging_mixin.py:188} INFO - [RAW] Download AAPL [1d] 2025-10-10..2025-10-12
[2026-02-09T12:44:58.789+0000] {logging_mixin.py:188} WARNING - /opt/***/dags/stocks_dwh/raw/stocks_raw_dags.py:42 FutureWarning: YF.download() has changed argument auto_adjust default to True
[2026-02-09T12:44:58.798+0000] {logging_mixin.py:188} WARNING - /home/***/.local/lib/python3.12/site-packages/yfinance/scrapers/history.py:204 Pandas4Warning: Timestamp.utcnow is deprecated and will be removed in a future version. Use Timestamp.now('UTC') instead.
[2026-02-09T12:44:59.361+0000] {logging_mixin.py:188} WARNING - [*********************100%***********************]  1 of 1 completed
[2026-02-09T12:44:59.400+0000] {base.py:84} INFO - Using connection ID 'dwh_clickhouse' for task execution.
[2026-02-09T12:44:59.431+0000] {logging_mixin.py:188} INFO - [RAW] Deleted existing rows for AAPL in 2025-10-10..2025-10-12
[2026-02-09T12:44:59.445+0000] {logging_mixin.py:188} INFO - [RAW] Inserted 1 rows into dwh.raw_stock_prices
[2026-02-09T12:44:59.445+0000] {python.py:237} INFO - Done. Returned value was: None
[2026-02-09T12:44:59.446+0000] {taskinstance.py:441} INFO - ::group::Post task execution logs
[2026-02-09T12:44:59.460+0000] {taskinstance.py:1206} INFO - Marking task as SUCCESS. dag_id=stock_raw_aapl, task_id=download_and_load_raw, run_id=scheduled__2025-10-11T00:00:00+00:00, execution_date=20251011T000000, start_date=20260209T124458, end_date=20260209T124459
[2026-02-09T12:44:59.531+0000] {local_task_job_runner.py:243} INFO - Task exited with return code 0
[2026-02-09T12:44:59.554+0000] {taskinstance.py:3503} INFO - 0 downstream tasks scheduled from follow-on schedule check
[2026-02-09T12:44:59.559+0000] {local_task_job_runner.py:222} INFO - ::endgroup::
