[2026-02-09T10:47:34.742+0000] {local_task_job_runner.py:120} INFO - ::group::Pre task execution logs
[2026-02-09T10:47:34.772+0000] {taskinstance.py:2076} INFO - Dependencies all met for dep_context=non-requeueable deps ti=<TaskInstance: stock_raw_aapl.download_and_load_raw scheduled__2026-01-01T00:00:00+00:00 [queued]>
[2026-02-09T10:47:34.781+0000] {taskinstance.py:2076} INFO - Dependencies all met for dep_context=requeueable deps ti=<TaskInstance: stock_raw_aapl.download_and_load_raw scheduled__2026-01-01T00:00:00+00:00 [queued]>
[2026-02-09T10:47:34.781+0000] {taskinstance.py:2306} INFO - Starting attempt 1 of 1
[2026-02-09T10:47:34.794+0000] {taskinstance.py:2330} INFO - Executing <Task(PythonOperator): download_and_load_raw> on 2026-01-01 00:00:00+00:00
[2026-02-09T10:47:34.808+0000] {logging_mixin.py:188} WARNING - /home/***/.local/lib/python3.12/site-packages/***/task/task_runner/standard_task_runner.py:62 DeprecationWarning: This process (pid=10137) is multi-threaded, use of fork() may lead to deadlocks in the child.
[2026-02-09T10:47:34.809+0000] {standard_task_runner.py:64} INFO - Started process 10146 to run task
[2026-02-09T10:47:34.808+0000] {standard_task_runner.py:90} INFO - Running: ['***', 'tasks', 'run', 'stock_raw_aapl', 'download_and_load_raw', 'scheduled__2026-01-01T00:00:00+00:00', '--job-id', '6440', '--raw', '--subdir', 'DAGS_FOLDER/stocks_dwh/raw/stocks_raw_dags.py', '--cfg-path', '/tmp/tmp16xmeg7a']
[2026-02-09T10:47:34.810+0000] {standard_task_runner.py:91} INFO - Job 6440: Subtask download_and_load_raw
[2026-02-09T10:47:34.877+0000] {task_command.py:426} INFO - Running <TaskInstance: stock_raw_aapl.download_and_load_raw scheduled__2026-01-01T00:00:00+00:00 [running]> on host 4886d37bc122
[2026-02-09T10:47:34.973+0000] {taskinstance.py:2648} INFO - Exporting env vars: AIRFLOW_CTX_DAG_OWNER='***' AIRFLOW_CTX_DAG_ID='stock_raw_aapl' AIRFLOW_CTX_TASK_ID='download_and_load_raw' AIRFLOW_CTX_EXECUTION_DATE='2026-01-01T00:00:00+00:00' AIRFLOW_CTX_TRY_NUMBER='1' AIRFLOW_CTX_DAG_RUN_ID='scheduled__2026-01-01T00:00:00+00:00'
[2026-02-09T10:47:34.975+0000] {taskinstance.py:430} INFO - ::endgroup::
[2026-02-09T10:47:34.986+0000] {logging_mixin.py:188} INFO - [RAW] Download AAPL [1d] 2026-01-01..2026-01-02
[2026-02-09T10:47:34.989+0000] {logging_mixin.py:188} WARNING - /opt/***/dags/stocks_dwh/raw/stocks_raw_dags.py:38 FutureWarning: YF.download() has changed argument auto_adjust default to True
[2026-02-09T10:47:34.997+0000] {logging_mixin.py:188} WARNING - /home/***/.local/lib/python3.12/site-packages/yfinance/scrapers/history.py:204 Pandas4Warning: Timestamp.utcnow is deprecated and will be removed in a future version. Use Timestamp.now('UTC') instead.
[2026-02-09T10:47:35.508+0000] {multi.py:185} ERROR - 
1 Failed download:
[2026-02-09T10:47:35.510+0000] {multi.py:198} ERROR - ['AAPL']: YFPricesMissingError('possibly delisted; no price data found  (1d 2026-01-01 -> 2026-01-02)')
[2026-02-09T10:47:35.527+0000] {logging_mixin.py:188} INFO - [RAW] No data from yfinance
[2026-02-09T10:47:35.528+0000] {python.py:237} INFO - Done. Returned value was: None
[2026-02-09T10:47:35.529+0000] {taskinstance.py:441} INFO - ::group::Post task execution logs
[2026-02-09T10:47:35.539+0000] {taskinstance.py:1206} INFO - Marking task as SUCCESS. dag_id=stock_raw_aapl, task_id=download_and_load_raw, run_id=scheduled__2026-01-01T00:00:00+00:00, execution_date=20260101T000000, start_date=20260209T104734, end_date=20260209T104735
[2026-02-09T10:47:35.586+0000] {local_task_job_runner.py:243} INFO - Task exited with return code 0
[2026-02-09T10:47:35.604+0000] {taskinstance.py:3503} INFO - 0 downstream tasks scheduled from follow-on schedule check
[2026-02-09T10:47:35.606+0000] {local_task_job_runner.py:222} INFO - ::endgroup::
[2026-02-09T12:49:29.567+0000] {local_task_job_runner.py:120} INFO - ::group::Pre task execution logs
[2026-02-09T12:49:29.598+0000] {taskinstance.py:2076} INFO - Dependencies all met for dep_context=non-requeueable deps ti=<TaskInstance: stock_raw_aapl.download_and_load_raw scheduled__2026-01-01T00:00:00+00:00 [queued]>
[2026-02-09T12:49:29.606+0000] {taskinstance.py:2076} INFO - Dependencies all met for dep_context=requeueable deps ti=<TaskInstance: stock_raw_aapl.download_and_load_raw scheduled__2026-01-01T00:00:00+00:00 [queued]>
[2026-02-09T12:49:29.607+0000] {taskinstance.py:2306} INFO - Starting attempt 1 of 1
[2026-02-09T12:49:29.621+0000] {taskinstance.py:2330} INFO - Executing <Task(PythonOperator): download_and_load_raw> on 2026-01-01 00:00:00+00:00
[2026-02-09T12:49:29.632+0000] {logging_mixin.py:188} WARNING - /home/***/.local/lib/python3.12/site-packages/***/task/task_runner/standard_task_runner.py:62 DeprecationWarning: This process (pid=18993) is multi-threaded, use of fork() may lead to deadlocks in the child.
[2026-02-09T12:49:29.634+0000] {standard_task_runner.py:64} INFO - Started process 18995 to run task
[2026-02-09T12:49:29.633+0000] {standard_task_runner.py:90} INFO - Running: ['***', 'tasks', 'run', 'stock_raw_aapl', 'download_and_load_raw', 'scheduled__2026-01-01T00:00:00+00:00', '--job-id', '7923', '--raw', '--subdir', 'DAGS_FOLDER/stocks_dwh/raw/stocks_raw_dags.py', '--cfg-path', '/tmp/tmps57m3yp2']
[2026-02-09T12:49:29.636+0000] {standard_task_runner.py:91} INFO - Job 7923: Subtask download_and_load_raw
[2026-02-09T12:49:29.701+0000] {task_command.py:426} INFO - Running <TaskInstance: stock_raw_aapl.download_and_load_raw scheduled__2026-01-01T00:00:00+00:00 [running]> on host 4886d37bc122
[2026-02-09T12:49:29.799+0000] {taskinstance.py:2648} INFO - Exporting env vars: AIRFLOW_CTX_DAG_OWNER='***' AIRFLOW_CTX_DAG_ID='stock_raw_aapl' AIRFLOW_CTX_TASK_ID='download_and_load_raw' AIRFLOW_CTX_EXECUTION_DATE='2026-01-01T00:00:00+00:00' AIRFLOW_CTX_TRY_NUMBER='1' AIRFLOW_CTX_DAG_RUN_ID='scheduled__2026-01-01T00:00:00+00:00'
[2026-02-09T12:49:29.800+0000] {taskinstance.py:430} INFO - ::endgroup::
[2026-02-09T12:49:29.811+0000] {stocks_raw_dags.py:37} INFO - 2026-01-01 00:00:00+00:00, 2026-01-02 00:00:00+00:00
[2026-02-09T12:49:29.812+0000] {logging_mixin.py:188} INFO - [RAW] Download AAPL [1d] 2025-12-31..2026-01-02
[2026-02-09T12:49:29.814+0000] {logging_mixin.py:188} WARNING - /opt/***/dags/stocks_dwh/raw/stocks_raw_dags.py:42 FutureWarning: YF.download() has changed argument auto_adjust default to True
[2026-02-09T12:49:29.823+0000] {logging_mixin.py:188} WARNING - /home/***/.local/lib/python3.12/site-packages/yfinance/scrapers/history.py:204 Pandas4Warning: Timestamp.utcnow is deprecated and will be removed in a future version. Use Timestamp.now('UTC') instead.
[2026-02-09T12:49:30.348+0000] {logging_mixin.py:188} WARNING - [*********************100%***********************]  1 of 1 completed
[2026-02-09T12:49:30.385+0000] {base.py:84} INFO - Using connection ID 'dwh_clickhouse' for task execution.
[2026-02-09T12:49:30.430+0000] {logging_mixin.py:188} INFO - [RAW] Deleted existing rows for AAPL in 2025-12-31..2026-01-02
[2026-02-09T12:49:30.440+0000] {logging_mixin.py:188} INFO - [RAW] Inserted 1 rows into dwh.raw_stock_prices
[2026-02-09T12:49:30.442+0000] {python.py:237} INFO - Done. Returned value was: None
[2026-02-09T12:49:30.442+0000] {taskinstance.py:441} INFO - ::group::Post task execution logs
[2026-02-09T12:49:30.456+0000] {taskinstance.py:1206} INFO - Marking task as SUCCESS. dag_id=stock_raw_aapl, task_id=download_and_load_raw, run_id=scheduled__2026-01-01T00:00:00+00:00, execution_date=20260101T000000, start_date=20260209T124929, end_date=20260209T124930
[2026-02-09T12:49:30.531+0000] {local_task_job_runner.py:243} INFO - Task exited with return code 0
[2026-02-09T12:49:30.553+0000] {taskinstance.py:3503} INFO - 0 downstream tasks scheduled from follow-on schedule check
[2026-02-09T12:49:30.557+0000] {local_task_job_runner.py:222} INFO - ::endgroup::
