[2026-02-09T10:12:35.237+0000] {local_task_job_runner.py:120} INFO - ::group::Pre task execution logs
[2026-02-09T10:12:35.267+0000] {taskinstance.py:2076} INFO - Dependencies all met for dep_context=non-requeueable deps ti=<TaskInstance: stock_raw_aapl.download_and_load_raw scheduled__2024-04-28T00:00:00+00:00 [queued]>
[2026-02-09T10:12:35.274+0000] {taskinstance.py:2076} INFO - Dependencies all met for dep_context=requeueable deps ti=<TaskInstance: stock_raw_aapl.download_and_load_raw scheduled__2024-04-28T00:00:00+00:00 [queued]>
[2026-02-09T10:12:35.275+0000] {taskinstance.py:2306} INFO - Starting attempt 1 of 1
[2026-02-09T10:12:35.287+0000] {taskinstance.py:2330} INFO - Executing <Task(PythonOperator): download_and_load_raw> on 2024-04-28 00:00:00+00:00
[2026-02-09T10:12:35.298+0000] {logging_mixin.py:188} WARNING - /home/***/.local/lib/python3.12/site-packages/***/task/task_runner/standard_task_runner.py:62 DeprecationWarning: This process (pid=3482) is multi-threaded, use of fork() may lead to deadlocks in the child.
[2026-02-09T10:12:35.299+0000] {standard_task_runner.py:64} INFO - Started process 3492 to run task
[2026-02-09T10:12:35.298+0000] {standard_task_runner.py:90} INFO - Running: ['***', 'tasks', 'run', 'stock_raw_aapl', 'download_and_load_raw', 'scheduled__2024-04-28T00:00:00+00:00', '--job-id', '3412', '--raw', '--subdir', 'DAGS_FOLDER/stocks_dwh/raw/stocks_raw_dags.py', '--cfg-path', '/tmp/tmp3xa59594']
[2026-02-09T10:12:35.301+0000] {standard_task_runner.py:91} INFO - Job 3412: Subtask download_and_load_raw
[2026-02-09T10:12:35.372+0000] {task_command.py:426} INFO - Running <TaskInstance: stock_raw_aapl.download_and_load_raw scheduled__2024-04-28T00:00:00+00:00 [running]> on host b6b9e92e7d61
[2026-02-09T10:12:35.474+0000] {taskinstance.py:2648} INFO - Exporting env vars: AIRFLOW_CTX_DAG_OWNER='***' AIRFLOW_CTX_DAG_ID='stock_raw_aapl' AIRFLOW_CTX_TASK_ID='download_and_load_raw' AIRFLOW_CTX_EXECUTION_DATE='2024-04-28T00:00:00+00:00' AIRFLOW_CTX_TRY_NUMBER='1' AIRFLOW_CTX_DAG_RUN_ID='scheduled__2024-04-28T00:00:00+00:00'
[2026-02-09T10:12:35.476+0000] {taskinstance.py:430} INFO - ::endgroup::
[2026-02-09T10:12:35.491+0000] {logging_mixin.py:188} INFO - [RAW] Download AAPL [1d] 2024-04-28..2024-04-29
[2026-02-09T10:12:35.494+0000] {logging_mixin.py:188} WARNING - /opt/***/dags/stocks_dwh/raw/stocks_raw_dags.py:38 FutureWarning: YF.download() has changed argument auto_adjust default to True
[2026-02-09T10:12:35.502+0000] {logging_mixin.py:188} WARNING - /home/***/.local/lib/python3.12/site-packages/yfinance/scrapers/history.py:204 Pandas4Warning: Timestamp.utcnow is deprecated and will be removed in a future version. Use Timestamp.now('UTC') instead.
[2026-02-09T10:12:36.345+0000] {multi.py:185} ERROR - 
1 Failed download:
[2026-02-09T10:12:36.346+0000] {multi.py:198} ERROR - ['AAPL']: YFPricesMissingError('possibly delisted; no price data found  (1d 2024-04-28 -> 2024-04-29)')
[2026-02-09T10:12:36.357+0000] {logging_mixin.py:188} INFO - [RAW] No data from yfinance
[2026-02-09T10:12:36.357+0000] {python.py:237} INFO - Done. Returned value was: None
[2026-02-09T10:12:36.358+0000] {taskinstance.py:441} INFO - ::group::Post task execution logs
[2026-02-09T10:12:36.367+0000] {taskinstance.py:1206} INFO - Marking task as SUCCESS. dag_id=stock_raw_aapl, task_id=download_and_load_raw, run_id=scheduled__2024-04-28T00:00:00+00:00, execution_date=20240428T000000, start_date=20260209T101235, end_date=20260209T101236
[2026-02-09T10:12:36.396+0000] {local_task_job_runner.py:243} INFO - Task exited with return code 0
[2026-02-09T10:12:36.412+0000] {taskinstance.py:3503} INFO - 0 downstream tasks scheduled from follow-on schedule check
[2026-02-09T10:12:36.414+0000] {local_task_job_runner.py:222} INFO - ::endgroup::
[2026-02-09T12:16:22.711+0000] {local_task_job_runner.py:120} INFO - ::group::Pre task execution logs
[2026-02-09T12:16:22.747+0000] {taskinstance.py:2076} INFO - Dependencies all met for dep_context=non-requeueable deps ti=<TaskInstance: stock_raw_aapl.download_and_load_raw scheduled__2024-04-28T00:00:00+00:00 [queued]>
[2026-02-09T12:16:22.755+0000] {taskinstance.py:2076} INFO - Dependencies all met for dep_context=requeueable deps ti=<TaskInstance: stock_raw_aapl.download_and_load_raw scheduled__2024-04-28T00:00:00+00:00 [queued]>
[2026-02-09T12:16:22.756+0000] {taskinstance.py:2306} INFO - Starting attempt 1 of 1
[2026-02-09T12:16:22.768+0000] {taskinstance.py:2330} INFO - Executing <Task(PythonOperator): download_and_load_raw> on 2024-04-28 00:00:00+00:00
[2026-02-09T12:16:22.780+0000] {logging_mixin.py:188} WARNING - /home/***/.local/lib/python3.12/site-packages/***/task/task_runner/standard_task_runner.py:62 DeprecationWarning: This process (pid=14471) is multi-threaded, use of fork() may lead to deadlocks in the child.
[2026-02-09T12:16:22.779+0000] {standard_task_runner.py:90} INFO - Running: ['***', 'tasks', 'run', 'stock_raw_aapl', 'download_and_load_raw', 'scheduled__2024-04-28T00:00:00+00:00', '--job-id', '6988', '--raw', '--subdir', 'DAGS_FOLDER/stocks_dwh/raw/stocks_raw_dags.py', '--cfg-path', '/tmp/tmplan1q_2o']
[2026-02-09T12:16:22.781+0000] {standard_task_runner.py:64} INFO - Started process 14475 to run task
[2026-02-09T12:16:22.782+0000] {standard_task_runner.py:91} INFO - Job 6988: Subtask download_and_load_raw
[2026-02-09T12:16:22.844+0000] {task_command.py:426} INFO - Running <TaskInstance: stock_raw_aapl.download_and_load_raw scheduled__2024-04-28T00:00:00+00:00 [running]> on host 4886d37bc122
[2026-02-09T12:16:22.936+0000] {taskinstance.py:2648} INFO - Exporting env vars: AIRFLOW_CTX_DAG_OWNER='***' AIRFLOW_CTX_DAG_ID='stock_raw_aapl' AIRFLOW_CTX_TASK_ID='download_and_load_raw' AIRFLOW_CTX_EXECUTION_DATE='2024-04-28T00:00:00+00:00' AIRFLOW_CTX_TRY_NUMBER='1' AIRFLOW_CTX_DAG_RUN_ID='scheduled__2024-04-28T00:00:00+00:00'
[2026-02-09T12:16:22.937+0000] {taskinstance.py:430} INFO - ::endgroup::
[2026-02-09T12:16:22.949+0000] {stocks_raw_dags.py:37} INFO - 2024-04-28 00:00:00+00:00, 2024-04-29 00:00:00+00:00
[2026-02-09T12:16:22.949+0000] {logging_mixin.py:188} INFO - [RAW] Download AAPL [1d] 2024-04-27..2024-04-29
[2026-02-09T12:16:22.951+0000] {logging_mixin.py:188} WARNING - /opt/***/dags/stocks_dwh/raw/stocks_raw_dags.py:42 FutureWarning: YF.download() has changed argument auto_adjust default to True
[2026-02-09T12:16:22.960+0000] {logging_mixin.py:188} WARNING - /home/***/.local/lib/python3.12/site-packages/yfinance/scrapers/history.py:204 Pandas4Warning: Timestamp.utcnow is deprecated and will be removed in a future version. Use Timestamp.now('UTC') instead.
[2026-02-09T12:16:23.464+0000] {logging_mixin.py:188} WARNING - [*********************100%***********************]  1 of 1 completed
[2026-02-09T12:16:23.466+0000] {multi.py:185} ERROR - 
1 Failed download:
[2026-02-09T12:16:23.467+0000] {multi.py:198} ERROR - ['AAPL']: YFPricesMissingError('possibly delisted; no price data found  (1d 2024-04-27 -> 2024-04-29)')
[2026-02-09T12:16:23.478+0000] {logging_mixin.py:188} INFO - [RAW] No data from yfinance
[2026-02-09T12:16:23.479+0000] {python.py:237} INFO - Done. Returned value was: None
[2026-02-09T12:16:23.480+0000] {taskinstance.py:441} INFO - ::group::Post task execution logs
[2026-02-09T12:16:23.489+0000] {taskinstance.py:1206} INFO - Marking task as SUCCESS. dag_id=stock_raw_aapl, task_id=download_and_load_raw, run_id=scheduled__2024-04-28T00:00:00+00:00, execution_date=20240428T000000, start_date=20260209T121622, end_date=20260209T121623
[2026-02-09T12:16:23.557+0000] {local_task_job_runner.py:243} INFO - Task exited with return code 0
[2026-02-09T12:16:23.579+0000] {taskinstance.py:3503} INFO - 0 downstream tasks scheduled from follow-on schedule check
[2026-02-09T12:16:23.582+0000] {local_task_job_runner.py:222} INFO - ::endgroup::
