[2026-02-09T10:40:20.513+0000] {local_task_job_runner.py:120} INFO - ::group::Pre task execution logs
[2026-02-09T10:40:20.545+0000] {taskinstance.py:2076} INFO - Dependencies all met for dep_context=non-requeueable deps ti=<TaskInstance: stock_raw_moex_sber.download_and_load_raw scheduled__2025-07-16T00:00:00+00:00 [queued]>
[2026-02-09T10:40:20.555+0000] {taskinstance.py:2076} INFO - Dependencies all met for dep_context=requeueable deps ti=<TaskInstance: stock_raw_moex_sber.download_and_load_raw scheduled__2025-07-16T00:00:00+00:00 [queued]>
[2026-02-09T10:40:20.556+0000] {taskinstance.py:2306} INFO - Starting attempt 1 of 1
[2026-02-09T10:40:20.567+0000] {taskinstance.py:2330} INFO - Executing <Task(PythonOperator): download_and_load_raw> on 2025-07-16 00:00:00+00:00
[2026-02-09T10:40:20.580+0000] {logging_mixin.py:188} WARNING - /home/***/.local/lib/python3.12/site-packages/***/task/task_runner/standard_task_runner.py:62 DeprecationWarning: This process (pid=7355) is multi-threaded, use of fork() may lead to deadlocks in the child.
[2026-02-09T10:40:20.582+0000] {standard_task_runner.py:64} INFO - Started process 7361 to run task
[2026-02-09T10:40:20.580+0000] {standard_task_runner.py:90} INFO - Running: ['***', 'tasks', 'run', 'stock_raw_moex_sber', 'download_and_load_raw', 'scheduled__2025-07-16T00:00:00+00:00', '--job-id', '5789', '--raw', '--subdir', 'DAGS_FOLDER/stocks_dwh/raw/stocks_raw_dags.py', '--cfg-path', '/tmp/tmpdor19rn5']
[2026-02-09T10:40:20.583+0000] {standard_task_runner.py:91} INFO - Job 5789: Subtask download_and_load_raw
[2026-02-09T10:40:20.646+0000] {task_command.py:426} INFO - Running <TaskInstance: stock_raw_moex_sber.download_and_load_raw scheduled__2025-07-16T00:00:00+00:00 [running]> on host 4886d37bc122
[2026-02-09T10:40:20.746+0000] {taskinstance.py:2648} INFO - Exporting env vars: AIRFLOW_CTX_DAG_OWNER='***' AIRFLOW_CTX_DAG_ID='stock_raw_moex_sber' AIRFLOW_CTX_TASK_ID='download_and_load_raw' AIRFLOW_CTX_EXECUTION_DATE='2025-07-16T00:00:00+00:00' AIRFLOW_CTX_TRY_NUMBER='1' AIRFLOW_CTX_DAG_RUN_ID='scheduled__2025-07-16T00:00:00+00:00'
[2026-02-09T10:40:20.750+0000] {taskinstance.py:430} INFO - ::endgroup::
[2026-02-09T10:40:20.762+0000] {logging_mixin.py:188} INFO - [RAW] Download MOEX.SBER [1d] 2025-07-16..2025-07-17
[2026-02-09T10:40:20.764+0000] {logging_mixin.py:188} WARNING - /opt/***/dags/stocks_dwh/raw/stocks_raw_dags.py:38 FutureWarning: YF.download() has changed argument auto_adjust default to True
[2026-02-09T10:40:21.831+0000] {quote.py:592} ERROR - HTTP Error 404: {"quoteSummary":{"result":null,"error":{"code":"Not Found","description":"Quote not found for symbol: MOEX.SBER"}}}
[2026-02-09T10:40:21.876+0000] {logging_mixin.py:188} WARNING - /home/***/.local/lib/python3.12/site-packages/yfinance/scrapers/quote.py:700 Pandas4Warning: Timestamp.utcnow is deprecated and will be removed in a future version. Use Timestamp.now('UTC') instead.
[2026-02-09T10:40:21.879+0000] {logging_mixin.py:188} WARNING - /home/***/.local/lib/python3.12/site-packages/yfinance/scrapers/quote.py:702 Pandas4Warning: Timestamp.utcnow is deprecated and will be removed in a future version. Use Timestamp.now('UTC') instead.
[2026-02-09T10:40:21.931+0000] {multi.py:185} ERROR - 
1 Failed download:
[2026-02-09T10:40:21.932+0000] {multi.py:198} ERROR - ['MOEX.SBER']: YFTzMissingError('possibly delisted; no timezone found')
[2026-02-09T10:40:21.946+0000] {logging_mixin.py:188} INFO - [RAW] No data from yfinance
[2026-02-09T10:40:21.946+0000] {python.py:237} INFO - Done. Returned value was: None
[2026-02-09T10:40:21.947+0000] {taskinstance.py:441} INFO - ::group::Post task execution logs
[2026-02-09T10:40:21.956+0000] {taskinstance.py:1206} INFO - Marking task as SUCCESS. dag_id=stock_raw_moex_sber, task_id=download_and_load_raw, run_id=scheduled__2025-07-16T00:00:00+00:00, execution_date=20250716T000000, start_date=20260209T104020, end_date=20260209T104021
[2026-02-09T10:40:21.999+0000] {local_task_job_runner.py:243} INFO - Task exited with return code 0
[2026-02-09T10:40:22.012+0000] {local_task_job_runner.py:222} INFO - ::endgroup::
