[2026-02-09T10:22:03.428+0000] {local_task_job_runner.py:120} INFO - ::group::Pre task execution logs
[2026-02-09T10:22:03.463+0000] {taskinstance.py:2076} INFO - Dependencies all met for dep_context=non-requeueable deps ti=<TaskInstance: stock_raw_aapl.download_and_load_raw scheduled__2024-09-22T00:00:00+00:00 [queued]>
[2026-02-09T10:22:03.473+0000] {taskinstance.py:2076} INFO - Dependencies all met for dep_context=requeueable deps ti=<TaskInstance: stock_raw_aapl.download_and_load_raw scheduled__2024-09-22T00:00:00+00:00 [queued]>
[2026-02-09T10:22:03.474+0000] {taskinstance.py:2306} INFO - Starting attempt 1 of 1
[2026-02-09T10:22:03.490+0000] {taskinstance.py:2330} INFO - Executing <Task(PythonOperator): download_and_load_raw> on 2024-09-22 00:00:00+00:00
[2026-02-09T10:22:03.505+0000] {logging_mixin.py:188} WARNING - /home/***/.local/lib/python3.12/site-packages/***/task/task_runner/standard_task_runner.py:62 DeprecationWarning: This process (pid=347) is multi-threaded, use of fork() may lead to deadlocks in the child.
[2026-02-09T10:22:03.506+0000] {standard_task_runner.py:64} INFO - Started process 356 to run task
[2026-02-09T10:22:03.505+0000] {standard_task_runner.py:90} INFO - Running: ['***', 'tasks', 'run', 'stock_raw_aapl', 'download_and_load_raw', 'scheduled__2024-09-22T00:00:00+00:00', '--job-id', '4145', '--raw', '--subdir', 'DAGS_FOLDER/stocks_dwh/raw/stocks_raw_dags.py', '--cfg-path', '/tmp/tmphxsokml3']
[2026-02-09T10:22:03.507+0000] {standard_task_runner.py:91} INFO - Job 4145: Subtask download_and_load_raw
[2026-02-09T10:22:03.574+0000] {task_command.py:426} INFO - Running <TaskInstance: stock_raw_aapl.download_and_load_raw scheduled__2024-09-22T00:00:00+00:00 [running]> on host 4886d37bc122
[2026-02-09T10:22:03.677+0000] {taskinstance.py:2648} INFO - Exporting env vars: AIRFLOW_CTX_DAG_OWNER='***' AIRFLOW_CTX_DAG_ID='stock_raw_aapl' AIRFLOW_CTX_TASK_ID='download_and_load_raw' AIRFLOW_CTX_EXECUTION_DATE='2024-09-22T00:00:00+00:00' AIRFLOW_CTX_TRY_NUMBER='1' AIRFLOW_CTX_DAG_RUN_ID='scheduled__2024-09-22T00:00:00+00:00'
[2026-02-09T10:22:03.678+0000] {taskinstance.py:430} INFO - ::endgroup::
[2026-02-09T10:22:03.690+0000] {logging_mixin.py:188} INFO - [RAW] Download AAPL [1d] 2024-09-22..2024-09-23
[2026-02-09T10:22:03.693+0000] {logging_mixin.py:188} WARNING - /opt/***/dags/stocks_dwh/raw/stocks_raw_dags.py:38 FutureWarning: YF.download() has changed argument auto_adjust default to True
[2026-02-09T10:22:03.701+0000] {logging_mixin.py:188} WARNING - /home/***/.local/lib/python3.12/site-packages/yfinance/scrapers/history.py:204 Pandas4Warning: Timestamp.utcnow is deprecated and will be removed in a future version. Use Timestamp.now('UTC') instead.
[2026-02-09T10:22:04.201+0000] {multi.py:185} ERROR - 
1 Failed download:
[2026-02-09T10:22:04.202+0000] {multi.py:198} ERROR - ['AAPL']: YFPricesMissingError('possibly delisted; no price data found  (1d 2024-09-22 -> 2024-09-23)')
[2026-02-09T10:22:04.216+0000] {logging_mixin.py:188} INFO - [RAW] No data from yfinance
[2026-02-09T10:22:04.217+0000] {python.py:237} INFO - Done. Returned value was: None
[2026-02-09T10:22:04.217+0000] {taskinstance.py:441} INFO - ::group::Post task execution logs
[2026-02-09T10:22:04.228+0000] {taskinstance.py:1206} INFO - Marking task as SUCCESS. dag_id=stock_raw_aapl, task_id=download_and_load_raw, run_id=scheduled__2024-09-22T00:00:00+00:00, execution_date=20240922T000000, start_date=20260209T102203, end_date=20260209T102204
[2026-02-09T10:22:04.282+0000] {local_task_job_runner.py:243} INFO - Task exited with return code 0
[2026-02-09T10:22:04.301+0000] {taskinstance.py:3503} INFO - 0 downstream tasks scheduled from follow-on schedule check
[2026-02-09T10:22:04.304+0000] {local_task_job_runner.py:222} INFO - ::endgroup::
[2026-02-09T12:24:19.085+0000] {local_task_job_runner.py:120} INFO - ::group::Pre task execution logs
[2026-02-09T12:24:19.119+0000] {taskinstance.py:2076} INFO - Dependencies all met for dep_context=non-requeueable deps ti=<TaskInstance: stock_raw_aapl.download_and_load_raw scheduled__2024-09-22T00:00:00+00:00 [queued]>
[2026-02-09T12:24:19.128+0000] {taskinstance.py:2076} INFO - Dependencies all met for dep_context=requeueable deps ti=<TaskInstance: stock_raw_aapl.download_and_load_raw scheduled__2024-09-22T00:00:00+00:00 [queued]>
[2026-02-09T12:24:19.128+0000] {taskinstance.py:2306} INFO - Starting attempt 1 of 1
[2026-02-09T12:24:19.140+0000] {taskinstance.py:2330} INFO - Executing <Task(PythonOperator): download_and_load_raw> on 2024-09-22 00:00:00+00:00
[2026-02-09T12:24:19.152+0000] {logging_mixin.py:188} WARNING - /home/***/.local/lib/python3.12/site-packages/***/task/task_runner/standard_task_runner.py:62 DeprecationWarning: This process (pid=15834) is multi-threaded, use of fork() may lead to deadlocks in the child.
[2026-02-09T12:24:19.154+0000] {standard_task_runner.py:64} INFO - Started process 15838 to run task
[2026-02-09T12:24:19.152+0000] {standard_task_runner.py:90} INFO - Running: ['***', 'tasks', 'run', 'stock_raw_aapl', 'download_and_load_raw', 'scheduled__2024-09-22T00:00:00+00:00', '--job-id', '7283', '--raw', '--subdir', 'DAGS_FOLDER/stocks_dwh/raw/stocks_raw_dags.py', '--cfg-path', '/tmp/tmpnzsb7lxb']
[2026-02-09T12:24:19.154+0000] {standard_task_runner.py:91} INFO - Job 7283: Subtask download_and_load_raw
[2026-02-09T12:24:19.216+0000] {task_command.py:426} INFO - Running <TaskInstance: stock_raw_aapl.download_and_load_raw scheduled__2024-09-22T00:00:00+00:00 [running]> on host 4886d37bc122
[2026-02-09T12:24:19.310+0000] {taskinstance.py:2648} INFO - Exporting env vars: AIRFLOW_CTX_DAG_OWNER='***' AIRFLOW_CTX_DAG_ID='stock_raw_aapl' AIRFLOW_CTX_TASK_ID='download_and_load_raw' AIRFLOW_CTX_EXECUTION_DATE='2024-09-22T00:00:00+00:00' AIRFLOW_CTX_TRY_NUMBER='1' AIRFLOW_CTX_DAG_RUN_ID='scheduled__2024-09-22T00:00:00+00:00'
[2026-02-09T12:24:19.311+0000] {taskinstance.py:430} INFO - ::endgroup::
[2026-02-09T12:24:19.323+0000] {stocks_raw_dags.py:37} INFO - 2024-09-22 00:00:00+00:00, 2024-09-23 00:00:00+00:00
[2026-02-09T12:24:19.324+0000] {logging_mixin.py:188} INFO - [RAW] Download AAPL [1d] 2024-09-21..2024-09-23
[2026-02-09T12:24:19.326+0000] {logging_mixin.py:188} WARNING - /opt/***/dags/stocks_dwh/raw/stocks_raw_dags.py:42 FutureWarning: YF.download() has changed argument auto_adjust default to True
[2026-02-09T12:24:19.334+0000] {logging_mixin.py:188} WARNING - /home/***/.local/lib/python3.12/site-packages/yfinance/scrapers/history.py:204 Pandas4Warning: Timestamp.utcnow is deprecated and will be removed in a future version. Use Timestamp.now('UTC') instead.
[2026-02-09T12:24:19.806+0000] {logging_mixin.py:188} WARNING - [*********************100%***********************]  1 of 1 completed
[2026-02-09T12:24:19.807+0000] {multi.py:185} ERROR - 
1 Failed download:
[2026-02-09T12:24:19.807+0000] {multi.py:198} ERROR - ['AAPL']: YFPricesMissingError('possibly delisted; no price data found  (1d 2024-09-21 -> 2024-09-23)')
[2026-02-09T12:24:19.822+0000] {logging_mixin.py:188} INFO - [RAW] No data from yfinance
[2026-02-09T12:24:19.822+0000] {python.py:237} INFO - Done. Returned value was: None
[2026-02-09T12:24:19.824+0000] {taskinstance.py:441} INFO - ::group::Post task execution logs
[2026-02-09T12:24:19.834+0000] {taskinstance.py:1206} INFO - Marking task as SUCCESS. dag_id=stock_raw_aapl, task_id=download_and_load_raw, run_id=scheduled__2024-09-22T00:00:00+00:00, execution_date=20240922T000000, start_date=20260209T122419, end_date=20260209T122419
[2026-02-09T12:24:19.889+0000] {local_task_job_runner.py:243} INFO - Task exited with return code 0
[2026-02-09T12:24:19.910+0000] {taskinstance.py:3503} INFO - 0 downstream tasks scheduled from follow-on schedule check
[2026-02-09T12:24:19.913+0000] {local_task_job_runner.py:222} INFO - ::endgroup::
