[2026-02-12T19:02:31.441+0000] {processor.py:161} INFO - Started process (PID=194) to work on /opt/airflow/dags/stocks_dwh/raw/stocks_raw_dags.py
[2026-02-12T19:02:31.443+0000] {processor.py:830} INFO - Processing file /opt/airflow/dags/stocks_dwh/raw/stocks_raw_dags.py for tasks to queue
[2026-02-12T19:02:31.446+0000] {logging_mixin.py:188} INFO - [2026-02-12T19:02:31.446+0000] {dagbag.py:545} INFO - Filling up the DagBag from /opt/airflow/dags/stocks_dwh/raw/stocks_raw_dags.py
[2026-02-12T19:02:33.099+0000] {processor.py:840} INFO - DAG(s) 'stock_raw_msft', 'stock_raw_tsla', 'stock_raw_aapl', 'stock_raw_moex_sber', 'stock_raw_nvda' retrieved from /opt/airflow/dags/stocks_dwh/raw/stocks_raw_dags.py
[2026-02-12T19:02:33.181+0000] {logging_mixin.py:188} INFO - [2026-02-12T19:02:33.180+0000] {dag.py:3089} INFO - Sync 5 DAGs
[2026-02-12T19:02:33.283+0000] {processor.py:183} INFO - Processing /opt/airflow/dags/stocks_dwh/raw/stocks_raw_dags.py took 1.853 seconds
[2026-02-12T19:03:03.556+0000] {processor.py:161} INFO - Started process (PID=221) to work on /opt/airflow/dags/stocks_dwh/raw/stocks_raw_dags.py
[2026-02-12T19:03:03.558+0000] {processor.py:830} INFO - Processing file /opt/airflow/dags/stocks_dwh/raw/stocks_raw_dags.py for tasks to queue
[2026-02-12T19:03:03.560+0000] {logging_mixin.py:188} INFO - [2026-02-12T19:03:03.559+0000] {dagbag.py:545} INFO - Filling up the DagBag from /opt/airflow/dags/stocks_dwh/raw/stocks_raw_dags.py
[2026-02-12T19:03:04.473+0000] {processor.py:840} INFO - DAG(s) 'stock_raw_nvda', 'stock_raw_moex_sber', 'stock_raw_msft', 'stock_raw_tsla', 'stock_raw_aapl' retrieved from /opt/airflow/dags/stocks_dwh/raw/stocks_raw_dags.py
[2026-02-12T19:03:04.504+0000] {logging_mixin.py:188} INFO - [2026-02-12T19:03:04.504+0000] {dag.py:3089} INFO - Sync 5 DAGs
[2026-02-12T19:03:04.526+0000] {logging_mixin.py:188} INFO - [2026-02-12T19:03:04.526+0000] {dag.py:3947} INFO - Setting next_dagrun for stock_raw_aapl to 2026-02-12 00:00:00+00:00, run_after=2026-02-13 00:00:00+00:00
[2026-02-12T19:03:04.531+0000] {logging_mixin.py:188} INFO - [2026-02-12T19:03:04.531+0000] {dag.py:3947} INFO - Setting next_dagrun for stock_raw_moex_sber to 2026-02-12 00:00:00+00:00, run_after=2026-02-13 00:00:00+00:00
[2026-02-12T19:03:04.533+0000] {logging_mixin.py:188} INFO - [2026-02-12T19:03:04.533+0000] {dag.py:3947} INFO - Setting next_dagrun for stock_raw_msft to 2026-02-12 00:00:00+00:00, run_after=2026-02-13 00:00:00+00:00
[2026-02-12T19:03:04.536+0000] {logging_mixin.py:188} INFO - [2026-02-12T19:03:04.536+0000] {dag.py:3947} INFO - Setting next_dagrun for stock_raw_nvda to 2026-02-12 00:00:00+00:00, run_after=2026-02-13 00:00:00+00:00
[2026-02-12T19:03:04.539+0000] {logging_mixin.py:188} INFO - [2026-02-12T19:03:04.539+0000] {dag.py:3947} INFO - Setting next_dagrun for stock_raw_tsla to 2026-02-12 00:00:00+00:00, run_after=2026-02-13 00:00:00+00:00
[2026-02-12T19:03:04.556+0000] {processor.py:183} INFO - Processing /opt/airflow/dags/stocks_dwh/raw/stocks_raw_dags.py took 1.007 seconds
[2026-02-12T19:03:34.733+0000] {processor.py:161} INFO - Started process (PID=233) to work on /opt/airflow/dags/stocks_dwh/raw/stocks_raw_dags.py
[2026-02-12T19:03:34.734+0000] {processor.py:830} INFO - Processing file /opt/airflow/dags/stocks_dwh/raw/stocks_raw_dags.py for tasks to queue
[2026-02-12T19:03:34.736+0000] {logging_mixin.py:188} INFO - [2026-02-12T19:03:34.736+0000] {dagbag.py:545} INFO - Filling up the DagBag from /opt/airflow/dags/stocks_dwh/raw/stocks_raw_dags.py
[2026-02-12T19:03:35.621+0000] {processor.py:840} INFO - DAG(s) 'stock_raw_msft', 'stock_raw_tsla', 'stock_raw_aapl', 'stock_raw_moex_sber', 'stock_raw_nvda' retrieved from /opt/airflow/dags/stocks_dwh/raw/stocks_raw_dags.py
[2026-02-12T19:03:35.652+0000] {logging_mixin.py:188} INFO - [2026-02-12T19:03:35.651+0000] {dag.py:3089} INFO - Sync 5 DAGs
[2026-02-12T19:03:35.676+0000] {logging_mixin.py:188} INFO - [2026-02-12T19:03:35.676+0000] {dag.py:3947} INFO - Setting next_dagrun for stock_raw_aapl to 2026-02-12 00:00:00+00:00, run_after=2026-02-13 00:00:00+00:00
[2026-02-12T19:03:35.680+0000] {logging_mixin.py:188} INFO - [2026-02-12T19:03:35.680+0000] {dag.py:3947} INFO - Setting next_dagrun for stock_raw_moex_sber to 2026-02-12 00:00:00+00:00, run_after=2026-02-13 00:00:00+00:00
[2026-02-12T19:03:35.682+0000] {logging_mixin.py:188} INFO - [2026-02-12T19:03:35.682+0000] {dag.py:3947} INFO - Setting next_dagrun for stock_raw_msft to 2026-02-12 00:00:00+00:00, run_after=2026-02-13 00:00:00+00:00
[2026-02-12T19:03:35.684+0000] {logging_mixin.py:188} INFO - [2026-02-12T19:03:35.684+0000] {dag.py:3947} INFO - Setting next_dagrun for stock_raw_nvda to 2026-02-12 00:00:00+00:00, run_after=2026-02-13 00:00:00+00:00
[2026-02-12T19:03:35.686+0000] {logging_mixin.py:188} INFO - [2026-02-12T19:03:35.686+0000] {dag.py:3947} INFO - Setting next_dagrun for stock_raw_tsla to 2026-02-12 00:00:00+00:00, run_after=2026-02-13 00:00:00+00:00
[2026-02-12T19:03:35.703+0000] {processor.py:183} INFO - Processing /opt/airflow/dags/stocks_dwh/raw/stocks_raw_dags.py took 0.975 seconds
[2026-02-12T19:04:05.912+0000] {processor.py:161} INFO - Started process (PID=251) to work on /opt/airflow/dags/stocks_dwh/raw/stocks_raw_dags.py
[2026-02-12T19:04:05.913+0000] {processor.py:830} INFO - Processing file /opt/airflow/dags/stocks_dwh/raw/stocks_raw_dags.py for tasks to queue
[2026-02-12T19:04:05.916+0000] {logging_mixin.py:188} INFO - [2026-02-12T19:04:05.915+0000] {dagbag.py:545} INFO - Filling up the DagBag from /opt/airflow/dags/stocks_dwh/raw/stocks_raw_dags.py
[2026-02-12T19:04:06.862+0000] {processor.py:840} INFO - DAG(s) 'stock_raw_msft', 'stock_raw_moex_sber', 'stock_raw_nvda', 'stock_raw_aapl', 'stock_raw_tsla' retrieved from /opt/airflow/dags/stocks_dwh/raw/stocks_raw_dags.py
[2026-02-12T19:04:06.898+0000] {logging_mixin.py:188} INFO - [2026-02-12T19:04:06.898+0000] {dag.py:3089} INFO - Sync 5 DAGs
[2026-02-12T19:04:06.923+0000] {logging_mixin.py:188} INFO - [2026-02-12T19:04:06.923+0000] {dag.py:3947} INFO - Setting next_dagrun for stock_raw_aapl to 2026-02-12 00:00:00+00:00, run_after=2026-02-13 00:00:00+00:00
[2026-02-12T19:04:06.929+0000] {logging_mixin.py:188} INFO - [2026-02-12T19:04:06.929+0000] {dag.py:3947} INFO - Setting next_dagrun for stock_raw_moex_sber to 2026-02-12 00:00:00+00:00, run_after=2026-02-13 00:00:00+00:00
[2026-02-12T19:04:06.932+0000] {logging_mixin.py:188} INFO - [2026-02-12T19:04:06.932+0000] {dag.py:3947} INFO - Setting next_dagrun for stock_raw_msft to 2026-02-12 00:00:00+00:00, run_after=2026-02-13 00:00:00+00:00
[2026-02-12T19:04:06.935+0000] {logging_mixin.py:188} INFO - [2026-02-12T19:04:06.935+0000] {dag.py:3947} INFO - Setting next_dagrun for stock_raw_nvda to 2026-02-12 00:00:00+00:00, run_after=2026-02-13 00:00:00+00:00
[2026-02-12T19:04:06.938+0000] {logging_mixin.py:188} INFO - [2026-02-12T19:04:06.938+0000] {dag.py:3947} INFO - Setting next_dagrun for stock_raw_tsla to 2026-02-12 00:00:00+00:00, run_after=2026-02-13 00:00:00+00:00
[2026-02-12T19:04:06.955+0000] {processor.py:183} INFO - Processing /opt/airflow/dags/stocks_dwh/raw/stocks_raw_dags.py took 1.049 seconds
[2026-02-12T19:04:37.093+0000] {processor.py:161} INFO - Started process (PID=263) to work on /opt/airflow/dags/stocks_dwh/raw/stocks_raw_dags.py
[2026-02-12T19:04:37.095+0000] {processor.py:830} INFO - Processing file /opt/airflow/dags/stocks_dwh/raw/stocks_raw_dags.py for tasks to queue
[2026-02-12T19:04:37.097+0000] {logging_mixin.py:188} INFO - [2026-02-12T19:04:37.097+0000] {dagbag.py:545} INFO - Filling up the DagBag from /opt/airflow/dags/stocks_dwh/raw/stocks_raw_dags.py
[2026-02-12T19:04:38.001+0000] {processor.py:840} INFO - DAG(s) 'stock_raw_nvda', 'stock_raw_moex_sber', 'stock_raw_tsla', 'stock_raw_aapl', 'stock_raw_msft' retrieved from /opt/airflow/dags/stocks_dwh/raw/stocks_raw_dags.py
[2026-02-12T19:04:38.032+0000] {logging_mixin.py:188} INFO - [2026-02-12T19:04:38.032+0000] {dag.py:3089} INFO - Sync 5 DAGs
[2026-02-12T19:04:38.056+0000] {logging_mixin.py:188} INFO - [2026-02-12T19:04:38.056+0000] {dag.py:3947} INFO - Setting next_dagrun for stock_raw_aapl to 2026-02-12 00:00:00+00:00, run_after=2026-02-13 00:00:00+00:00
[2026-02-12T19:04:38.062+0000] {logging_mixin.py:188} INFO - [2026-02-12T19:04:38.062+0000] {dag.py:3947} INFO - Setting next_dagrun for stock_raw_moex_sber to 2026-02-12 00:00:00+00:00, run_after=2026-02-13 00:00:00+00:00
[2026-02-12T19:04:38.065+0000] {logging_mixin.py:188} INFO - [2026-02-12T19:04:38.065+0000] {dag.py:3947} INFO - Setting next_dagrun for stock_raw_msft to 2026-02-12 00:00:00+00:00, run_after=2026-02-13 00:00:00+00:00
[2026-02-12T19:04:38.067+0000] {logging_mixin.py:188} INFO - [2026-02-12T19:04:38.067+0000] {dag.py:3947} INFO - Setting next_dagrun for stock_raw_nvda to 2026-02-12 00:00:00+00:00, run_after=2026-02-13 00:00:00+00:00
[2026-02-12T19:04:38.069+0000] {logging_mixin.py:188} INFO - [2026-02-12T19:04:38.069+0000] {dag.py:3947} INFO - Setting next_dagrun for stock_raw_tsla to 2026-02-12 00:00:00+00:00, run_after=2026-02-13 00:00:00+00:00
[2026-02-12T19:04:38.086+0000] {processor.py:183} INFO - Processing /opt/airflow/dags/stocks_dwh/raw/stocks_raw_dags.py took 0.998 seconds
[2026-02-12T19:05:08.276+0000] {processor.py:161} INFO - Started process (PID=275) to work on /opt/airflow/dags/stocks_dwh/raw/stocks_raw_dags.py
[2026-02-12T19:05:08.277+0000] {processor.py:830} INFO - Processing file /opt/airflow/dags/stocks_dwh/raw/stocks_raw_dags.py for tasks to queue
[2026-02-12T19:05:08.280+0000] {logging_mixin.py:188} INFO - [2026-02-12T19:05:08.279+0000] {dagbag.py:545} INFO - Filling up the DagBag from /opt/airflow/dags/stocks_dwh/raw/stocks_raw_dags.py
[2026-02-12T19:05:09.215+0000] {processor.py:840} INFO - DAG(s) 'stock_raw_msft', 'stock_raw_tsla', 'stock_raw_aapl', 'stock_raw_nvda', 'stock_raw_moex_sber' retrieved from /opt/airflow/dags/stocks_dwh/raw/stocks_raw_dags.py
[2026-02-12T19:05:09.245+0000] {logging_mixin.py:188} INFO - [2026-02-12T19:05:09.245+0000] {dag.py:3089} INFO - Sync 5 DAGs
[2026-02-12T19:05:09.268+0000] {logging_mixin.py:188} INFO - [2026-02-12T19:05:09.268+0000] {dag.py:3947} INFO - Setting next_dagrun for stock_raw_aapl to 2026-02-12 00:00:00+00:00, run_after=2026-02-13 00:00:00+00:00
[2026-02-12T19:05:09.272+0000] {logging_mixin.py:188} INFO - [2026-02-12T19:05:09.272+0000] {dag.py:3947} INFO - Setting next_dagrun for stock_raw_moex_sber to 2026-02-12 00:00:00+00:00, run_after=2026-02-13 00:00:00+00:00
[2026-02-12T19:05:09.275+0000] {logging_mixin.py:188} INFO - [2026-02-12T19:05:09.275+0000] {dag.py:3947} INFO - Setting next_dagrun for stock_raw_msft to 2026-02-12 00:00:00+00:00, run_after=2026-02-13 00:00:00+00:00
[2026-02-12T19:05:09.277+0000] {logging_mixin.py:188} INFO - [2026-02-12T19:05:09.277+0000] {dag.py:3947} INFO - Setting next_dagrun for stock_raw_nvda to 2026-02-12 00:00:00+00:00, run_after=2026-02-13 00:00:00+00:00
[2026-02-12T19:05:09.279+0000] {logging_mixin.py:188} INFO - [2026-02-12T19:05:09.279+0000] {dag.py:3947} INFO - Setting next_dagrun for stock_raw_tsla to 2026-02-12 00:00:00+00:00, run_after=2026-02-13 00:00:00+00:00
[2026-02-12T19:05:09.295+0000] {processor.py:183} INFO - Processing /opt/airflow/dags/stocks_dwh/raw/stocks_raw_dags.py took 1.027 seconds
[2026-02-12T19:05:39.458+0000] {processor.py:161} INFO - Started process (PID=287) to work on /opt/airflow/dags/stocks_dwh/raw/stocks_raw_dags.py
[2026-02-12T19:05:39.460+0000] {processor.py:830} INFO - Processing file /opt/airflow/dags/stocks_dwh/raw/stocks_raw_dags.py for tasks to queue
[2026-02-12T19:05:39.462+0000] {logging_mixin.py:188} INFO - [2026-02-12T19:05:39.461+0000] {dagbag.py:545} INFO - Filling up the DagBag from /opt/airflow/dags/stocks_dwh/raw/stocks_raw_dags.py
[2026-02-12T19:05:40.387+0000] {processor.py:840} INFO - DAG(s) 'stock_raw_aapl', 'stock_raw_tsla', 'stock_raw_nvda', 'stock_raw_msft', 'stock_raw_moex_sber' retrieved from /opt/airflow/dags/stocks_dwh/raw/stocks_raw_dags.py
[2026-02-12T19:05:40.419+0000] {logging_mixin.py:188} INFO - [2026-02-12T19:05:40.419+0000] {dag.py:3089} INFO - Sync 5 DAGs
[2026-02-12T19:05:40.442+0000] {logging_mixin.py:188} INFO - [2026-02-12T19:05:40.441+0000] {dag.py:3947} INFO - Setting next_dagrun for stock_raw_aapl to 2026-02-12 00:00:00+00:00, run_after=2026-02-13 00:00:00+00:00
[2026-02-12T19:05:40.446+0000] {logging_mixin.py:188} INFO - [2026-02-12T19:05:40.446+0000] {dag.py:3947} INFO - Setting next_dagrun for stock_raw_moex_sber to 2026-02-12 00:00:00+00:00, run_after=2026-02-13 00:00:00+00:00
[2026-02-12T19:05:40.448+0000] {logging_mixin.py:188} INFO - [2026-02-12T19:05:40.448+0000] {dag.py:3947} INFO - Setting next_dagrun for stock_raw_msft to 2026-02-12 00:00:00+00:00, run_after=2026-02-13 00:00:00+00:00
[2026-02-12T19:05:40.450+0000] {logging_mixin.py:188} INFO - [2026-02-12T19:05:40.450+0000] {dag.py:3947} INFO - Setting next_dagrun for stock_raw_nvda to 2026-02-12 00:00:00+00:00, run_after=2026-02-13 00:00:00+00:00
[2026-02-12T19:05:40.452+0000] {logging_mixin.py:188} INFO - [2026-02-12T19:05:40.452+0000] {dag.py:3947} INFO - Setting next_dagrun for stock_raw_tsla to 2026-02-12 00:00:00+00:00, run_after=2026-02-13 00:00:00+00:00
[2026-02-12T19:05:40.470+0000] {processor.py:183} INFO - Processing /opt/airflow/dags/stocks_dwh/raw/stocks_raw_dags.py took 1.019 seconds
[2026-02-12T19:06:10.661+0000] {processor.py:161} INFO - Started process (PID=299) to work on /opt/airflow/dags/stocks_dwh/raw/stocks_raw_dags.py
[2026-02-12T19:06:10.663+0000] {processor.py:830} INFO - Processing file /opt/airflow/dags/stocks_dwh/raw/stocks_raw_dags.py for tasks to queue
[2026-02-12T19:06:10.665+0000] {logging_mixin.py:188} INFO - [2026-02-12T19:06:10.665+0000] {dagbag.py:545} INFO - Filling up the DagBag from /opt/airflow/dags/stocks_dwh/raw/stocks_raw_dags.py
[2026-02-12T19:06:11.714+0000] {processor.py:840} INFO - DAG(s) 'stock_raw_tsla', 'stock_raw_nvda', 'stock_raw_aapl', 'stock_raw_msft', 'stock_raw_moex_sber' retrieved from /opt/airflow/dags/stocks_dwh/raw/stocks_raw_dags.py
[2026-02-12T19:06:11.746+0000] {logging_mixin.py:188} INFO - [2026-02-12T19:06:11.746+0000] {dag.py:3089} INFO - Sync 5 DAGs
[2026-02-12T19:06:11.769+0000] {logging_mixin.py:188} INFO - [2026-02-12T19:06:11.769+0000] {dag.py:3947} INFO - Setting next_dagrun for stock_raw_aapl to 2026-02-12 00:00:00+00:00, run_after=2026-02-13 00:00:00+00:00
[2026-02-12T19:06:11.773+0000] {logging_mixin.py:188} INFO - [2026-02-12T19:06:11.773+0000] {dag.py:3947} INFO - Setting next_dagrun for stock_raw_moex_sber to 2026-02-12 00:00:00+00:00, run_after=2026-02-13 00:00:00+00:00
[2026-02-12T19:06:11.775+0000] {logging_mixin.py:188} INFO - [2026-02-12T19:06:11.775+0000] {dag.py:3947} INFO - Setting next_dagrun for stock_raw_msft to 2026-02-12 00:00:00+00:00, run_after=2026-02-13 00:00:00+00:00
[2026-02-12T19:06:11.777+0000] {logging_mixin.py:188} INFO - [2026-02-12T19:06:11.777+0000] {dag.py:3947} INFO - Setting next_dagrun for stock_raw_nvda to 2026-02-12 00:00:00+00:00, run_after=2026-02-13 00:00:00+00:00
[2026-02-12T19:06:11.779+0000] {logging_mixin.py:188} INFO - [2026-02-12T19:06:11.779+0000] {dag.py:3947} INFO - Setting next_dagrun for stock_raw_tsla to 2026-02-12 00:00:00+00:00, run_after=2026-02-13 00:00:00+00:00
[2026-02-12T19:06:11.793+0000] {processor.py:183} INFO - Processing /opt/airflow/dags/stocks_dwh/raw/stocks_raw_dags.py took 1.138 seconds
