[2026-02-09T10:05:20.573+0000] {local_task_job_runner.py:120} INFO - ::group::Pre task execution logs
[2026-02-09T10:05:20.601+0000] {taskinstance.py:2076} INFO - Dependencies all met for dep_context=non-requeueable deps ti=<TaskInstance: stock_raw_tsla.download manual__2026-02-09T10:05:15.520982+00:00 [queued]>
[2026-02-09T10:05:20.611+0000] {taskinstance.py:2076} INFO - Dependencies all met for dep_context=requeueable deps ti=<TaskInstance: stock_raw_tsla.download manual__2026-02-09T10:05:15.520982+00:00 [queued]>
[2026-02-09T10:05:20.612+0000] {taskinstance.py:2306} INFO - Starting attempt 1 of 1
[2026-02-09T10:05:20.624+0000] {taskinstance.py:2330} INFO - Executing <Task(PythonOperator): download> on 2026-02-09 10:05:15.520982+00:00
[2026-02-09T10:05:20.636+0000] {logging_mixin.py:188} WARNING - /home/***/.local/lib/python3.12/site-packages/***/task/task_runner/standard_task_runner.py:62 DeprecationWarning: This process (pid=1001) is multi-threaded, use of fork() may lead to deadlocks in the child.
[2026-02-09T10:05:20.637+0000] {standard_task_runner.py:64} INFO - Started process 1003 to run task
[2026-02-09T10:05:20.635+0000] {standard_task_runner.py:90} INFO - Running: ['***', 'tasks', 'run', 'stock_raw_tsla', 'download', 'manual__2026-02-09T10:05:15.520982+00:00', '--job-id', '2838', '--raw', '--subdir', 'DAGS_FOLDER/stocks_dwh/raw/stocks_raw_dags.py', '--cfg-path', '/tmp/tmpjnzxrhz8']
[2026-02-09T10:05:20.638+0000] {standard_task_runner.py:91} INFO - Job 2838: Subtask download
[2026-02-09T10:05:20.697+0000] {task_command.py:426} INFO - Running <TaskInstance: stock_raw_tsla.download manual__2026-02-09T10:05:15.520982+00:00 [running]> on host b6b9e92e7d61
[2026-02-09T10:05:20.781+0000] {taskinstance.py:2648} INFO - Exporting env vars: AIRFLOW_CTX_DAG_OWNER='***' AIRFLOW_CTX_DAG_ID='stock_raw_tsla' AIRFLOW_CTX_TASK_ID='download' AIRFLOW_CTX_EXECUTION_DATE='2026-02-09T10:05:15.520982+00:00' AIRFLOW_CTX_TRY_NUMBER='1' AIRFLOW_CTX_DAG_RUN_ID='manual__2026-02-09T10:05:15.520982+00:00'
[2026-02-09T10:05:20.782+0000] {taskinstance.py:430} INFO - ::endgroup::
[2026-02-09T10:05:20.794+0000] {logging_mixin.py:188} INFO - Downloading TSLA [1d] from 2026-02-08 to 2026-02-09
[2026-02-09T10:05:20.796+0000] {logging_mixin.py:188} WARNING - /opt/***/dags/stocks_dwh/raw/stocks_raw_dags.py:25 FutureWarning: YF.download() has changed argument auto_adjust default to True
[2026-02-09T10:05:20.805+0000] {logging_mixin.py:188} WARNING - /home/***/.local/lib/python3.12/site-packages/yfinance/scrapers/history.py:204 Pandas4Warning: Timestamp.utcnow is deprecated and will be removed in a future version. Use Timestamp.now('UTC') instead.
[2026-02-09T10:05:21.265+0000] {multi.py:185} ERROR - 
1 Failed download:
[2026-02-09T10:05:21.266+0000] {multi.py:198} ERROR - ['TSLA']: YFPricesMissingError('possibly delisted; no price data found  (1d 2026-02-08 -> 2026-02-09)')
[2026-02-09T10:05:21.280+0000] {logging_mixin.py:188} INFO - No data
[2026-02-09T10:05:21.280+0000] {python.py:237} INFO - Done. Returned value was: None
[2026-02-09T10:05:21.281+0000] {taskinstance.py:441} INFO - ::group::Post task execution logs
[2026-02-09T10:05:21.292+0000] {taskinstance.py:1206} INFO - Marking task as SUCCESS. dag_id=stock_raw_tsla, task_id=download, run_id=manual__2026-02-09T10:05:15.520982+00:00, execution_date=20260209T100515, start_date=20260209T100520, end_date=20260209T100521
[2026-02-09T10:05:21.333+0000] {local_task_job_runner.py:243} INFO - Task exited with return code 0
[2026-02-09T10:05:21.353+0000] {taskinstance.py:3503} INFO - 0 downstream tasks scheduled from follow-on schedule check
[2026-02-09T10:05:21.356+0000] {local_task_job_runner.py:222} INFO - ::endgroup::
