[2026-02-09T10:48:05.422+0000] {local_task_job_runner.py:120} INFO - ::group::Pre task execution logs
[2026-02-09T10:48:05.459+0000] {taskinstance.py:2076} INFO - Dependencies all met for dep_context=non-requeueable deps ti=<TaskInstance: stock_raw_aapl.download_and_load_raw scheduled__2026-01-10T00:00:00+00:00 [queued]>
[2026-02-09T10:48:05.472+0000] {taskinstance.py:2076} INFO - Dependencies all met for dep_context=requeueable deps ti=<TaskInstance: stock_raw_aapl.download_and_load_raw scheduled__2026-01-10T00:00:00+00:00 [queued]>
[2026-02-09T10:48:05.473+0000] {taskinstance.py:2306} INFO - Starting attempt 1 of 1
[2026-02-09T10:48:05.491+0000] {taskinstance.py:2330} INFO - Executing <Task(PythonOperator): download_and_load_raw> on 2026-01-10 00:00:00+00:00
[2026-02-09T10:48:05.506+0000] {logging_mixin.py:188} WARNING - /home/***/.local/lib/python3.12/site-packages/***/task/task_runner/standard_task_runner.py:62 DeprecationWarning: This process (pid=10331) is multi-threaded, use of fork() may lead to deadlocks in the child.
[2026-02-09T10:48:05.509+0000] {standard_task_runner.py:64} INFO - Started process 10342 to run task
[2026-02-09T10:48:05.506+0000] {standard_task_runner.py:90} INFO - Running: ['***', 'tasks', 'run', 'stock_raw_aapl', 'download_and_load_raw', 'scheduled__2026-01-10T00:00:00+00:00', '--job-id', '6489', '--raw', '--subdir', 'DAGS_FOLDER/stocks_dwh/raw/stocks_raw_dags.py', '--cfg-path', '/tmp/tmpqq35gmsw']
[2026-02-09T10:48:05.510+0000] {standard_task_runner.py:91} INFO - Job 6489: Subtask download_and_load_raw
[2026-02-09T10:48:05.579+0000] {task_command.py:426} INFO - Running <TaskInstance: stock_raw_aapl.download_and_load_raw scheduled__2026-01-10T00:00:00+00:00 [running]> on host 4886d37bc122
[2026-02-09T10:48:05.688+0000] {taskinstance.py:2648} INFO - Exporting env vars: AIRFLOW_CTX_DAG_OWNER='***' AIRFLOW_CTX_DAG_ID='stock_raw_aapl' AIRFLOW_CTX_TASK_ID='download_and_load_raw' AIRFLOW_CTX_EXECUTION_DATE='2026-01-10T00:00:00+00:00' AIRFLOW_CTX_TRY_NUMBER='1' AIRFLOW_CTX_DAG_RUN_ID='scheduled__2026-01-10T00:00:00+00:00'
[2026-02-09T10:48:05.689+0000] {taskinstance.py:430} INFO - ::endgroup::
[2026-02-09T10:48:05.702+0000] {logging_mixin.py:188} INFO - [RAW] Download AAPL [1d] 2026-01-10..2026-01-11
[2026-02-09T10:48:05.705+0000] {logging_mixin.py:188} WARNING - /opt/***/dags/stocks_dwh/raw/stocks_raw_dags.py:38 FutureWarning: YF.download() has changed argument auto_adjust default to True
[2026-02-09T10:48:05.714+0000] {logging_mixin.py:188} WARNING - /home/***/.local/lib/python3.12/site-packages/yfinance/scrapers/history.py:204 Pandas4Warning: Timestamp.utcnow is deprecated and will be removed in a future version. Use Timestamp.now('UTC') instead.
[2026-02-09T10:48:06.236+0000] {multi.py:185} ERROR - 
1 Failed download:
[2026-02-09T10:48:06.237+0000] {multi.py:198} ERROR - ['AAPL']: YFPricesMissingError('possibly delisted; no price data found  (1d 2026-01-10 -> 2026-01-11)')
[2026-02-09T10:48:06.252+0000] {logging_mixin.py:188} INFO - [RAW] No data from yfinance
[2026-02-09T10:48:06.253+0000] {python.py:237} INFO - Done. Returned value was: None
[2026-02-09T10:48:06.254+0000] {taskinstance.py:441} INFO - ::group::Post task execution logs
[2026-02-09T10:48:06.264+0000] {taskinstance.py:1206} INFO - Marking task as SUCCESS. dag_id=stock_raw_aapl, task_id=download_and_load_raw, run_id=scheduled__2026-01-10T00:00:00+00:00, execution_date=20260110T000000, start_date=20260209T104805, end_date=20260209T104806
[2026-02-09T10:48:06.325+0000] {local_task_job_runner.py:243} INFO - Task exited with return code 0
[2026-02-09T10:48:06.352+0000] {taskinstance.py:3503} INFO - 0 downstream tasks scheduled from follow-on schedule check
[2026-02-09T10:48:06.355+0000] {local_task_job_runner.py:222} INFO - ::endgroup::
[2026-02-09T12:50:10.075+0000] {local_task_job_runner.py:120} INFO - ::group::Pre task execution logs
[2026-02-09T12:50:10.107+0000] {taskinstance.py:2076} INFO - Dependencies all met for dep_context=non-requeueable deps ti=<TaskInstance: stock_raw_aapl.download_and_load_raw scheduled__2026-01-10T00:00:00+00:00 [queued]>
[2026-02-09T12:50:10.115+0000] {taskinstance.py:2076} INFO - Dependencies all met for dep_context=requeueable deps ti=<TaskInstance: stock_raw_aapl.download_and_load_raw scheduled__2026-01-10T00:00:00+00:00 [queued]>
[2026-02-09T12:50:10.116+0000] {taskinstance.py:2306} INFO - Starting attempt 1 of 1
[2026-02-09T12:50:10.130+0000] {taskinstance.py:2330} INFO - Executing <Task(PythonOperator): download_and_load_raw> on 2026-01-10 00:00:00+00:00
[2026-02-09T12:50:10.143+0000] {logging_mixin.py:188} WARNING - /home/***/.local/lib/python3.12/site-packages/***/task/task_runner/standard_task_runner.py:62 DeprecationWarning: This process (pid=19041) is multi-threaded, use of fork() may lead to deadlocks in the child.
[2026-02-09T12:50:10.145+0000] {standard_task_runner.py:64} INFO - Started process 19043 to run task
[2026-02-09T12:50:10.143+0000] {standard_task_runner.py:90} INFO - Running: ['***', 'tasks', 'run', 'stock_raw_aapl', 'download_and_load_raw', 'scheduled__2026-01-10T00:00:00+00:00', '--job-id', '7932', '--raw', '--subdir', 'DAGS_FOLDER/stocks_dwh/raw/stocks_raw_dags.py', '--cfg-path', '/tmp/tmpven6ytu2']
[2026-02-09T12:50:10.146+0000] {standard_task_runner.py:91} INFO - Job 7932: Subtask download_and_load_raw
[2026-02-09T12:50:10.215+0000] {task_command.py:426} INFO - Running <TaskInstance: stock_raw_aapl.download_and_load_raw scheduled__2026-01-10T00:00:00+00:00 [running]> on host 4886d37bc122
[2026-02-09T12:50:10.317+0000] {taskinstance.py:2648} INFO - Exporting env vars: AIRFLOW_CTX_DAG_OWNER='***' AIRFLOW_CTX_DAG_ID='stock_raw_aapl' AIRFLOW_CTX_TASK_ID='download_and_load_raw' AIRFLOW_CTX_EXECUTION_DATE='2026-01-10T00:00:00+00:00' AIRFLOW_CTX_TRY_NUMBER='1' AIRFLOW_CTX_DAG_RUN_ID='scheduled__2026-01-10T00:00:00+00:00'
[2026-02-09T12:50:10.318+0000] {taskinstance.py:430} INFO - ::endgroup::
[2026-02-09T12:50:10.331+0000] {stocks_raw_dags.py:37} INFO - 2026-01-10 00:00:00+00:00, 2026-01-11 00:00:00+00:00
[2026-02-09T12:50:10.332+0000] {logging_mixin.py:188} INFO - [RAW] Download AAPL [1d] 2026-01-09..2026-01-11
[2026-02-09T12:50:10.334+0000] {logging_mixin.py:188} WARNING - /opt/***/dags/stocks_dwh/raw/stocks_raw_dags.py:42 FutureWarning: YF.download() has changed argument auto_adjust default to True
[2026-02-09T12:50:10.342+0000] {logging_mixin.py:188} WARNING - /home/***/.local/lib/python3.12/site-packages/yfinance/scrapers/history.py:204 Pandas4Warning: Timestamp.utcnow is deprecated and will be removed in a future version. Use Timestamp.now('UTC') instead.
[2026-02-09T12:50:10.866+0000] {logging_mixin.py:188} WARNING - [*********************100%***********************]  1 of 1 completed
[2026-02-09T12:50:10.907+0000] {base.py:84} INFO - Using connection ID 'dwh_clickhouse' for task execution.
[2026-02-09T12:50:10.945+0000] {logging_mixin.py:188} INFO - [RAW] Deleted existing rows for AAPL in 2026-01-09..2026-01-11
[2026-02-09T12:50:10.956+0000] {logging_mixin.py:188} INFO - [RAW] Inserted 1 rows into dwh.raw_stock_prices
[2026-02-09T12:50:10.957+0000] {python.py:237} INFO - Done. Returned value was: None
[2026-02-09T12:50:10.958+0000] {taskinstance.py:441} INFO - ::group::Post task execution logs
[2026-02-09T12:50:10.970+0000] {taskinstance.py:1206} INFO - Marking task as SUCCESS. dag_id=stock_raw_aapl, task_id=download_and_load_raw, run_id=scheduled__2026-01-10T00:00:00+00:00, execution_date=20260110T000000, start_date=20260209T125010, end_date=20260209T125010
[2026-02-09T12:50:11.041+0000] {local_task_job_runner.py:243} INFO - Task exited with return code 0
[2026-02-09T12:50:11.062+0000] {taskinstance.py:3503} INFO - 0 downstream tasks scheduled from follow-on schedule check
[2026-02-09T12:50:11.067+0000] {local_task_job_runner.py:222} INFO - ::endgroup::
