[2026-02-09T10:29:57.852+0000] {local_task_job_runner.py:120} INFO - ::group::Pre task execution logs
[2026-02-09T10:29:57.895+0000] {taskinstance.py:2076} INFO - Dependencies all met for dep_context=non-requeueable deps ti=<TaskInstance: stock_raw_aapl.download_and_load_raw scheduled__2025-02-08T00:00:00+00:00 [queued]>
[2026-02-09T10:29:57.906+0000] {taskinstance.py:2076} INFO - Dependencies all met for dep_context=requeueable deps ti=<TaskInstance: stock_raw_aapl.download_and_load_raw scheduled__2025-02-08T00:00:00+00:00 [queued]>
[2026-02-09T10:29:57.908+0000] {taskinstance.py:2306} INFO - Starting attempt 1 of 1
[2026-02-09T10:29:57.923+0000] {taskinstance.py:2330} INFO - Executing <Task(PythonOperator): download_and_load_raw> on 2025-02-08 00:00:00+00:00
[2026-02-09T10:29:57.939+0000] {logging_mixin.py:188} WARNING - /home/***/.local/lib/python3.12/site-packages/***/task/task_runner/standard_task_runner.py:62 DeprecationWarning: This process (pid=3287) is multi-threaded, use of fork() may lead to deadlocks in the child.
[2026-02-09T10:29:57.941+0000] {standard_task_runner.py:64} INFO - Started process 3295 to run task
[2026-02-09T10:29:57.938+0000] {standard_task_runner.py:90} INFO - Running: ['***', 'tasks', 'run', 'stock_raw_aapl', 'download_and_load_raw', 'scheduled__2025-02-08T00:00:00+00:00', '--job-id', '4833', '--raw', '--subdir', 'DAGS_FOLDER/stocks_dwh/raw/stocks_raw_dags.py', '--cfg-path', '/tmp/tmpyknbf3r5']
[2026-02-09T10:29:57.942+0000] {standard_task_runner.py:91} INFO - Job 4833: Subtask download_and_load_raw
[2026-02-09T10:29:58.022+0000] {task_command.py:426} INFO - Running <TaskInstance: stock_raw_aapl.download_and_load_raw scheduled__2025-02-08T00:00:00+00:00 [running]> on host 4886d37bc122
[2026-02-09T10:29:58.149+0000] {taskinstance.py:2648} INFO - Exporting env vars: AIRFLOW_CTX_DAG_OWNER='***' AIRFLOW_CTX_DAG_ID='stock_raw_aapl' AIRFLOW_CTX_TASK_ID='download_and_load_raw' AIRFLOW_CTX_EXECUTION_DATE='2025-02-08T00:00:00+00:00' AIRFLOW_CTX_TRY_NUMBER='1' AIRFLOW_CTX_DAG_RUN_ID='scheduled__2025-02-08T00:00:00+00:00'
[2026-02-09T10:29:58.152+0000] {taskinstance.py:430} INFO - ::endgroup::
[2026-02-09T10:29:58.166+0000] {logging_mixin.py:188} INFO - [RAW] Download AAPL [1d] 2025-02-08..2025-02-09
[2026-02-09T10:29:58.170+0000] {logging_mixin.py:188} WARNING - /opt/***/dags/stocks_dwh/raw/stocks_raw_dags.py:38 FutureWarning: YF.download() has changed argument auto_adjust default to True
[2026-02-09T10:29:58.181+0000] {logging_mixin.py:188} WARNING - /home/***/.local/lib/python3.12/site-packages/yfinance/scrapers/history.py:204 Pandas4Warning: Timestamp.utcnow is deprecated and will be removed in a future version. Use Timestamp.now('UTC') instead.
[2026-02-09T10:29:59.043+0000] {multi.py:185} ERROR - 
1 Failed download:
[2026-02-09T10:29:59.044+0000] {multi.py:198} ERROR - ['AAPL']: YFPricesMissingError('possibly delisted; no price data found  (1d 2025-02-08 -> 2025-02-09)')
[2026-02-09T10:29:59.058+0000] {logging_mixin.py:188} INFO - [RAW] No data from yfinance
[2026-02-09T10:29:59.059+0000] {python.py:237} INFO - Done. Returned value was: None
[2026-02-09T10:29:59.060+0000] {taskinstance.py:441} INFO - ::group::Post task execution logs
[2026-02-09T10:29:59.071+0000] {taskinstance.py:1206} INFO - Marking task as SUCCESS. dag_id=stock_raw_aapl, task_id=download_and_load_raw, run_id=scheduled__2025-02-08T00:00:00+00:00, execution_date=20250208T000000, start_date=20260209T102957, end_date=20260209T102959
[2026-02-09T10:29:59.119+0000] {local_task_job_runner.py:243} INFO - Task exited with return code 0
[2026-02-09T10:29:59.137+0000] {taskinstance.py:3503} INFO - 0 downstream tasks scheduled from follow-on schedule check
[2026-02-09T10:29:59.140+0000] {local_task_job_runner.py:222} INFO - ::endgroup::
[2026-02-09T12:31:38.714+0000] {local_task_job_runner.py:120} INFO - ::group::Pre task execution logs
[2026-02-09T12:31:38.741+0000] {taskinstance.py:2076} INFO - Dependencies all met for dep_context=non-requeueable deps ti=<TaskInstance: stock_raw_aapl.download_and_load_raw scheduled__2025-02-08T00:00:00+00:00 [queued]>
[2026-02-09T12:31:38.748+0000] {taskinstance.py:2076} INFO - Dependencies all met for dep_context=requeueable deps ti=<TaskInstance: stock_raw_aapl.download_and_load_raw scheduled__2025-02-08T00:00:00+00:00 [queued]>
[2026-02-09T12:31:38.749+0000] {taskinstance.py:2306} INFO - Starting attempt 1 of 1
[2026-02-09T12:31:38.760+0000] {taskinstance.py:2330} INFO - Executing <Task(PythonOperator): download_and_load_raw> on 2025-02-08 00:00:00+00:00
[2026-02-09T12:31:38.772+0000] {logging_mixin.py:188} WARNING - /home/***/.local/lib/python3.12/site-packages/***/task/task_runner/standard_task_runner.py:62 DeprecationWarning: This process (pid=17126) is multi-threaded, use of fork() may lead to deadlocks in the child.
[2026-02-09T12:31:38.772+0000] {standard_task_runner.py:90} INFO - Running: ['***', 'tasks', 'run', 'stock_raw_aapl', 'download_and_load_raw', 'scheduled__2025-02-08T00:00:00+00:00', '--job-id', '7561', '--raw', '--subdir', 'DAGS_FOLDER/stocks_dwh/raw/stocks_raw_dags.py', '--cfg-path', '/tmp/tmpm117i3k7']
[2026-02-09T12:31:38.774+0000] {standard_task_runner.py:64} INFO - Started process 17131 to run task
[2026-02-09T12:31:38.774+0000] {standard_task_runner.py:91} INFO - Job 7561: Subtask download_and_load_raw
[2026-02-09T12:31:38.828+0000] {task_command.py:426} INFO - Running <TaskInstance: stock_raw_aapl.download_and_load_raw scheduled__2025-02-08T00:00:00+00:00 [running]> on host 4886d37bc122
[2026-02-09T12:31:38.916+0000] {taskinstance.py:2648} INFO - Exporting env vars: AIRFLOW_CTX_DAG_OWNER='***' AIRFLOW_CTX_DAG_ID='stock_raw_aapl' AIRFLOW_CTX_TASK_ID='download_and_load_raw' AIRFLOW_CTX_EXECUTION_DATE='2025-02-08T00:00:00+00:00' AIRFLOW_CTX_TRY_NUMBER='1' AIRFLOW_CTX_DAG_RUN_ID='scheduled__2025-02-08T00:00:00+00:00'
[2026-02-09T12:31:38.917+0000] {taskinstance.py:430} INFO - ::endgroup::
[2026-02-09T12:31:38.927+0000] {stocks_raw_dags.py:37} INFO - 2025-02-08 00:00:00+00:00, 2025-02-09 00:00:00+00:00
[2026-02-09T12:31:38.928+0000] {logging_mixin.py:188} INFO - [RAW] Download AAPL [1d] 2025-02-07..2025-02-09
[2026-02-09T12:31:38.929+0000] {logging_mixin.py:188} WARNING - /opt/***/dags/stocks_dwh/raw/stocks_raw_dags.py:42 FutureWarning: YF.download() has changed argument auto_adjust default to True
[2026-02-09T12:31:38.937+0000] {logging_mixin.py:188} WARNING - /home/***/.local/lib/python3.12/site-packages/yfinance/scrapers/history.py:204 Pandas4Warning: Timestamp.utcnow is deprecated and will be removed in a future version. Use Timestamp.now('UTC') instead.
[2026-02-09T12:31:40.789+0000] {logging_mixin.py:188} WARNING - [*********************100%***********************]  1 of 1 completed
[2026-02-09T12:31:40.824+0000] {base.py:84} INFO - Using connection ID 'dwh_clickhouse' for task execution.
[2026-02-09T12:31:40.845+0000] {logging_mixin.py:188} INFO - [RAW] Deleted existing rows for AAPL in 2025-02-07..2025-02-09
[2026-02-09T12:31:40.855+0000] {logging_mixin.py:188} INFO - [RAW] Inserted 1 rows into dwh.raw_stock_prices
[2026-02-09T12:31:40.856+0000] {python.py:237} INFO - Done. Returned value was: None
[2026-02-09T12:31:40.857+0000] {taskinstance.py:441} INFO - ::group::Post task execution logs
[2026-02-09T12:31:40.867+0000] {taskinstance.py:1206} INFO - Marking task as SUCCESS. dag_id=stock_raw_aapl, task_id=download_and_load_raw, run_id=scheduled__2025-02-08T00:00:00+00:00, execution_date=20250208T000000, start_date=20260209T123138, end_date=20260209T123140
[2026-02-09T12:31:40.913+0000] {local_task_job_runner.py:243} INFO - Task exited with return code 0
[2026-02-09T12:31:40.933+0000] {taskinstance.py:3503} INFO - 0 downstream tasks scheduled from follow-on schedule check
[2026-02-09T12:31:40.935+0000] {local_task_job_runner.py:222} INFO - ::endgroup::
