[2026-02-11T16:06:38.875+0000] {processor.py:161} INFO - Started process (PID=198) to work on /opt/airflow/dags/stocks_dwh/raw/stocks_raw_dags.py
[2026-02-11T16:06:38.877+0000] {processor.py:830} INFO - Processing file /opt/airflow/dags/stocks_dwh/raw/stocks_raw_dags.py for tasks to queue
[2026-02-11T16:06:38.881+0000] {logging_mixin.py:188} INFO - [2026-02-11T16:06:38.880+0000] {dagbag.py:545} INFO - Filling up the DagBag from /opt/airflow/dags/stocks_dwh/raw/stocks_raw_dags.py
[2026-02-11T16:06:40.456+0000] {processor.py:840} INFO - DAG(s) 'stock_raw_aapl', 'stock_raw_nvda', 'stock_raw_msft', 'stock_raw_moex_sber', 'stock_raw_tsla' retrieved from /opt/airflow/dags/stocks_dwh/raw/stocks_raw_dags.py
[2026-02-11T16:06:40.538+0000] {logging_mixin.py:188} INFO - [2026-02-11T16:06:40.538+0000] {dag.py:3089} INFO - Sync 5 DAGs
[2026-02-11T16:06:40.646+0000] {processor.py:183} INFO - Processing /opt/airflow/dags/stocks_dwh/raw/stocks_raw_dags.py took 1.780 seconds
[2026-02-11T16:07:10.911+0000] {processor.py:161} INFO - Started process (PID=240) to work on /opt/airflow/dags/stocks_dwh/raw/stocks_raw_dags.py
[2026-02-11T16:07:10.912+0000] {processor.py:830} INFO - Processing file /opt/airflow/dags/stocks_dwh/raw/stocks_raw_dags.py for tasks to queue
[2026-02-11T16:07:10.914+0000] {logging_mixin.py:188} INFO - [2026-02-11T16:07:10.914+0000] {dagbag.py:545} INFO - Filling up the DagBag from /opt/airflow/dags/stocks_dwh/raw/stocks_raw_dags.py
[2026-02-11T16:07:11.822+0000] {processor.py:840} INFO - DAG(s) 'stock_raw_tsla', 'stock_raw_msft', 'stock_raw_moex_sber', 'stock_raw_aapl', 'stock_raw_nvda' retrieved from /opt/airflow/dags/stocks_dwh/raw/stocks_raw_dags.py
[2026-02-11T16:07:11.855+0000] {logging_mixin.py:188} INFO - [2026-02-11T16:07:11.854+0000] {dag.py:3089} INFO - Sync 5 DAGs
[2026-02-11T16:07:11.877+0000] {logging_mixin.py:188} INFO - [2026-02-11T16:07:11.876+0000] {dag.py:3947} INFO - Setting next_dagrun for stock_raw_aapl to 2026-02-11 00:00:00+00:00, run_after=2026-02-12 00:00:00+00:00
[2026-02-11T16:07:11.881+0000] {logging_mixin.py:188} INFO - [2026-02-11T16:07:11.881+0000] {dag.py:3947} INFO - Setting next_dagrun for stock_raw_moex_sber to 2026-02-11 00:00:00+00:00, run_after=2026-02-12 00:00:00+00:00
[2026-02-11T16:07:11.883+0000] {logging_mixin.py:188} INFO - [2026-02-11T16:07:11.883+0000] {dag.py:3947} INFO - Setting next_dagrun for stock_raw_msft to 2026-02-11 00:00:00+00:00, run_after=2026-02-12 00:00:00+00:00
[2026-02-11T16:07:11.885+0000] {logging_mixin.py:188} INFO - [2026-02-11T16:07:11.885+0000] {dag.py:3947} INFO - Setting next_dagrun for stock_raw_nvda to 2026-02-11 00:00:00+00:00, run_after=2026-02-12 00:00:00+00:00
[2026-02-11T16:07:11.886+0000] {logging_mixin.py:188} INFO - [2026-02-11T16:07:11.886+0000] {dag.py:3947} INFO - Setting next_dagrun for stock_raw_tsla to 2026-02-11 00:00:00+00:00, run_after=2026-02-12 00:00:00+00:00
[2026-02-11T16:07:11.901+0000] {processor.py:183} INFO - Processing /opt/airflow/dags/stocks_dwh/raw/stocks_raw_dags.py took 0.996 seconds
[2026-02-11T16:07:42.090+0000] {processor.py:161} INFO - Started process (PID=252) to work on /opt/airflow/dags/stocks_dwh/raw/stocks_raw_dags.py
[2026-02-11T16:07:42.092+0000] {processor.py:830} INFO - Processing file /opt/airflow/dags/stocks_dwh/raw/stocks_raw_dags.py for tasks to queue
[2026-02-11T16:07:42.093+0000] {logging_mixin.py:188} INFO - [2026-02-11T16:07:42.093+0000] {dagbag.py:545} INFO - Filling up the DagBag from /opt/airflow/dags/stocks_dwh/raw/stocks_raw_dags.py
[2026-02-11T16:07:42.980+0000] {processor.py:840} INFO - DAG(s) 'stock_raw_msft', 'stock_raw_aapl', 'stock_raw_nvda', 'stock_raw_moex_sber', 'stock_raw_tsla' retrieved from /opt/airflow/dags/stocks_dwh/raw/stocks_raw_dags.py
[2026-02-11T16:07:43.010+0000] {logging_mixin.py:188} INFO - [2026-02-11T16:07:43.009+0000] {dag.py:3089} INFO - Sync 5 DAGs
[2026-02-11T16:07:43.032+0000] {logging_mixin.py:188} INFO - [2026-02-11T16:07:43.031+0000] {dag.py:3947} INFO - Setting next_dagrun for stock_raw_aapl to 2026-02-11 00:00:00+00:00, run_after=2026-02-12 00:00:00+00:00
[2026-02-11T16:07:43.036+0000] {logging_mixin.py:188} INFO - [2026-02-11T16:07:43.036+0000] {dag.py:3947} INFO - Setting next_dagrun for stock_raw_moex_sber to 2026-02-11 00:00:00+00:00, run_after=2026-02-12 00:00:00+00:00
[2026-02-11T16:07:43.038+0000] {logging_mixin.py:188} INFO - [2026-02-11T16:07:43.038+0000] {dag.py:3947} INFO - Setting next_dagrun for stock_raw_msft to 2026-02-11 00:00:00+00:00, run_after=2026-02-12 00:00:00+00:00
[2026-02-11T16:07:43.040+0000] {logging_mixin.py:188} INFO - [2026-02-11T16:07:43.040+0000] {dag.py:3947} INFO - Setting next_dagrun for stock_raw_nvda to 2026-02-11 00:00:00+00:00, run_after=2026-02-12 00:00:00+00:00
[2026-02-11T16:07:43.044+0000] {logging_mixin.py:188} INFO - [2026-02-11T16:07:43.044+0000] {dag.py:3947} INFO - Setting next_dagrun for stock_raw_tsla to 2026-02-11 00:00:00+00:00, run_after=2026-02-12 00:00:00+00:00
[2026-02-11T16:07:43.061+0000] {processor.py:183} INFO - Processing /opt/airflow/dags/stocks_dwh/raw/stocks_raw_dags.py took 0.977 seconds
[2026-02-11T16:08:13.279+0000] {processor.py:161} INFO - Started process (PID=270) to work on /opt/airflow/dags/stocks_dwh/raw/stocks_raw_dags.py
[2026-02-11T16:08:13.281+0000] {processor.py:830} INFO - Processing file /opt/airflow/dags/stocks_dwh/raw/stocks_raw_dags.py for tasks to queue
[2026-02-11T16:08:13.283+0000] {logging_mixin.py:188} INFO - [2026-02-11T16:08:13.282+0000] {dagbag.py:545} INFO - Filling up the DagBag from /opt/airflow/dags/stocks_dwh/raw/stocks_raw_dags.py
[2026-02-11T16:08:14.340+0000] {processor.py:840} INFO - DAG(s) 'stock_raw_tsla', 'stock_raw_aapl', 'stock_raw_msft', 'stock_raw_moex_sber', 'stock_raw_nvda' retrieved from /opt/airflow/dags/stocks_dwh/raw/stocks_raw_dags.py
[2026-02-11T16:08:14.379+0000] {logging_mixin.py:188} INFO - [2026-02-11T16:08:14.378+0000] {dag.py:3089} INFO - Sync 5 DAGs
[2026-02-11T16:08:14.406+0000] {logging_mixin.py:188} INFO - [2026-02-11T16:08:14.405+0000] {dag.py:3947} INFO - Setting next_dagrun for stock_raw_aapl to 2026-02-11 00:00:00+00:00, run_after=2026-02-12 00:00:00+00:00
[2026-02-11T16:08:14.411+0000] {logging_mixin.py:188} INFO - [2026-02-11T16:08:14.410+0000] {dag.py:3947} INFO - Setting next_dagrun for stock_raw_moex_sber to 2026-02-11 00:00:00+00:00, run_after=2026-02-12 00:00:00+00:00
[2026-02-11T16:08:14.413+0000] {logging_mixin.py:188} INFO - [2026-02-11T16:08:14.413+0000] {dag.py:3947} INFO - Setting next_dagrun for stock_raw_msft to 2026-02-11 00:00:00+00:00, run_after=2026-02-12 00:00:00+00:00
[2026-02-11T16:08:14.415+0000] {logging_mixin.py:188} INFO - [2026-02-11T16:08:14.415+0000] {dag.py:3947} INFO - Setting next_dagrun for stock_raw_nvda to 2026-02-11 00:00:00+00:00, run_after=2026-02-12 00:00:00+00:00
[2026-02-11T16:08:14.416+0000] {logging_mixin.py:188} INFO - [2026-02-11T16:08:14.416+0000] {dag.py:3947} INFO - Setting next_dagrun for stock_raw_tsla to 2026-02-11 00:00:00+00:00, run_after=2026-02-12 00:00:00+00:00
[2026-02-11T16:08:14.437+0000] {processor.py:183} INFO - Processing /opt/airflow/dags/stocks_dwh/raw/stocks_raw_dags.py took 1.164 seconds
[2026-02-11T16:08:44.652+0000] {processor.py:161} INFO - Started process (PID=282) to work on /opt/airflow/dags/stocks_dwh/raw/stocks_raw_dags.py
[2026-02-11T16:08:44.653+0000] {processor.py:830} INFO - Processing file /opt/airflow/dags/stocks_dwh/raw/stocks_raw_dags.py for tasks to queue
[2026-02-11T16:08:44.655+0000] {logging_mixin.py:188} INFO - [2026-02-11T16:08:44.655+0000] {dagbag.py:545} INFO - Filling up the DagBag from /opt/airflow/dags/stocks_dwh/raw/stocks_raw_dags.py
[2026-02-11T16:08:45.553+0000] {processor.py:840} INFO - DAG(s) 'stock_raw_nvda', 'stock_raw_msft', 'stock_raw_moex_sber', 'stock_raw_aapl', 'stock_raw_tsla' retrieved from /opt/airflow/dags/stocks_dwh/raw/stocks_raw_dags.py
[2026-02-11T16:08:45.587+0000] {logging_mixin.py:188} INFO - [2026-02-11T16:08:45.587+0000] {dag.py:3089} INFO - Sync 5 DAGs
[2026-02-11T16:08:45.614+0000] {logging_mixin.py:188} INFO - [2026-02-11T16:08:45.614+0000] {dag.py:3947} INFO - Setting next_dagrun for stock_raw_aapl to 2026-02-11 00:00:00+00:00, run_after=2026-02-12 00:00:00+00:00
[2026-02-11T16:08:45.619+0000] {logging_mixin.py:188} INFO - [2026-02-11T16:08:45.619+0000] {dag.py:3947} INFO - Setting next_dagrun for stock_raw_moex_sber to 2026-02-11 00:00:00+00:00, run_after=2026-02-12 00:00:00+00:00
[2026-02-11T16:08:45.621+0000] {logging_mixin.py:188} INFO - [2026-02-11T16:08:45.621+0000] {dag.py:3947} INFO - Setting next_dagrun for stock_raw_msft to 2026-02-11 00:00:00+00:00, run_after=2026-02-12 00:00:00+00:00
[2026-02-11T16:08:45.623+0000] {logging_mixin.py:188} INFO - [2026-02-11T16:08:45.623+0000] {dag.py:3947} INFO - Setting next_dagrun for stock_raw_nvda to 2026-02-11 00:00:00+00:00, run_after=2026-02-12 00:00:00+00:00
[2026-02-11T16:08:45.626+0000] {logging_mixin.py:188} INFO - [2026-02-11T16:08:45.626+0000] {dag.py:3947} INFO - Setting next_dagrun for stock_raw_tsla to 2026-02-11 00:00:00+00:00, run_after=2026-02-12 00:00:00+00:00
[2026-02-11T16:08:45.642+0000] {processor.py:183} INFO - Processing /opt/airflow/dags/stocks_dwh/raw/stocks_raw_dags.py took 0.997 seconds
[2026-02-11T16:09:15.827+0000] {processor.py:161} INFO - Started process (PID=294) to work on /opt/airflow/dags/stocks_dwh/raw/stocks_raw_dags.py
[2026-02-11T16:09:15.828+0000] {processor.py:830} INFO - Processing file /opt/airflow/dags/stocks_dwh/raw/stocks_raw_dags.py for tasks to queue
[2026-02-11T16:09:15.830+0000] {logging_mixin.py:188} INFO - [2026-02-11T16:09:15.830+0000] {dagbag.py:545} INFO - Filling up the DagBag from /opt/airflow/dags/stocks_dwh/raw/stocks_raw_dags.py
[2026-02-11T16:09:16.696+0000] {processor.py:840} INFO - DAG(s) 'stock_raw_moex_sber', 'stock_raw_aapl', 'stock_raw_tsla', 'stock_raw_nvda', 'stock_raw_msft' retrieved from /opt/airflow/dags/stocks_dwh/raw/stocks_raw_dags.py
[2026-02-11T16:09:16.727+0000] {logging_mixin.py:188} INFO - [2026-02-11T16:09:16.726+0000] {dag.py:3089} INFO - Sync 5 DAGs
[2026-02-11T16:09:16.749+0000] {logging_mixin.py:188} INFO - [2026-02-11T16:09:16.748+0000] {dag.py:3947} INFO - Setting next_dagrun for stock_raw_aapl to 2026-02-11 00:00:00+00:00, run_after=2026-02-12 00:00:00+00:00
[2026-02-11T16:09:16.753+0000] {logging_mixin.py:188} INFO - [2026-02-11T16:09:16.753+0000] {dag.py:3947} INFO - Setting next_dagrun for stock_raw_moex_sber to 2026-02-11 00:00:00+00:00, run_after=2026-02-12 00:00:00+00:00
[2026-02-11T16:09:16.755+0000] {logging_mixin.py:188} INFO - [2026-02-11T16:09:16.755+0000] {dag.py:3947} INFO - Setting next_dagrun for stock_raw_msft to 2026-02-11 00:00:00+00:00, run_after=2026-02-12 00:00:00+00:00
[2026-02-11T16:09:16.757+0000] {logging_mixin.py:188} INFO - [2026-02-11T16:09:16.757+0000] {dag.py:3947} INFO - Setting next_dagrun for stock_raw_nvda to 2026-02-11 00:00:00+00:00, run_after=2026-02-12 00:00:00+00:00
[2026-02-11T16:09:16.759+0000] {logging_mixin.py:188} INFO - [2026-02-11T16:09:16.759+0000] {dag.py:3947} INFO - Setting next_dagrun for stock_raw_tsla to 2026-02-11 00:00:00+00:00, run_after=2026-02-12 00:00:00+00:00
[2026-02-11T16:09:16.774+0000] {processor.py:183} INFO - Processing /opt/airflow/dags/stocks_dwh/raw/stocks_raw_dags.py took 0.952 seconds
[2026-02-11T16:09:46.993+0000] {processor.py:161} INFO - Started process (PID=306) to work on /opt/airflow/dags/stocks_dwh/raw/stocks_raw_dags.py
[2026-02-11T16:09:46.995+0000] {processor.py:830} INFO - Processing file /opt/airflow/dags/stocks_dwh/raw/stocks_raw_dags.py for tasks to queue
[2026-02-11T16:09:46.997+0000] {logging_mixin.py:188} INFO - [2026-02-11T16:09:46.996+0000] {dagbag.py:545} INFO - Filling up the DagBag from /opt/airflow/dags/stocks_dwh/raw/stocks_raw_dags.py
[2026-02-11T16:09:47.849+0000] {processor.py:840} INFO - DAG(s) 'stock_raw_moex_sber', 'stock_raw_msft', 'stock_raw_nvda', 'stock_raw_aapl', 'stock_raw_tsla' retrieved from /opt/airflow/dags/stocks_dwh/raw/stocks_raw_dags.py
[2026-02-11T16:09:47.878+0000] {logging_mixin.py:188} INFO - [2026-02-11T16:09:47.877+0000] {dag.py:3089} INFO - Sync 5 DAGs
[2026-02-11T16:09:47.899+0000] {logging_mixin.py:188} INFO - [2026-02-11T16:09:47.899+0000] {dag.py:3947} INFO - Setting next_dagrun for stock_raw_aapl to 2026-02-11 00:00:00+00:00, run_after=2026-02-12 00:00:00+00:00
[2026-02-11T16:09:47.903+0000] {logging_mixin.py:188} INFO - [2026-02-11T16:09:47.903+0000] {dag.py:3947} INFO - Setting next_dagrun for stock_raw_moex_sber to 2026-02-11 00:00:00+00:00, run_after=2026-02-12 00:00:00+00:00
[2026-02-11T16:09:47.905+0000] {logging_mixin.py:188} INFO - [2026-02-11T16:09:47.905+0000] {dag.py:3947} INFO - Setting next_dagrun for stock_raw_msft to 2026-02-11 00:00:00+00:00, run_after=2026-02-12 00:00:00+00:00
[2026-02-11T16:09:47.906+0000] {logging_mixin.py:188} INFO - [2026-02-11T16:09:47.906+0000] {dag.py:3947} INFO - Setting next_dagrun for stock_raw_nvda to 2026-02-11 00:00:00+00:00, run_after=2026-02-12 00:00:00+00:00
[2026-02-11T16:09:47.908+0000] {logging_mixin.py:188} INFO - [2026-02-11T16:09:47.908+0000] {dag.py:3947} INFO - Setting next_dagrun for stock_raw_tsla to 2026-02-11 00:00:00+00:00, run_after=2026-02-12 00:00:00+00:00
[2026-02-11T16:09:47.922+0000] {processor.py:183} INFO - Processing /opt/airflow/dags/stocks_dwh/raw/stocks_raw_dags.py took 0.935 seconds
[2026-02-11T16:10:18.150+0000] {processor.py:161} INFO - Started process (PID=318) to work on /opt/airflow/dags/stocks_dwh/raw/stocks_raw_dags.py
[2026-02-11T16:10:18.152+0000] {processor.py:830} INFO - Processing file /opt/airflow/dags/stocks_dwh/raw/stocks_raw_dags.py for tasks to queue
[2026-02-11T16:10:18.153+0000] {logging_mixin.py:188} INFO - [2026-02-11T16:10:18.153+0000] {dagbag.py:545} INFO - Filling up the DagBag from /opt/airflow/dags/stocks_dwh/raw/stocks_raw_dags.py
[2026-02-11T16:10:19.068+0000] {processor.py:840} INFO - DAG(s) 'stock_raw_tsla', 'stock_raw_msft', 'stock_raw_nvda', 'stock_raw_aapl', 'stock_raw_moex_sber' retrieved from /opt/airflow/dags/stocks_dwh/raw/stocks_raw_dags.py
[2026-02-11T16:10:19.098+0000] {logging_mixin.py:188} INFO - [2026-02-11T16:10:19.097+0000] {dag.py:3089} INFO - Sync 5 DAGs
[2026-02-11T16:10:19.121+0000] {logging_mixin.py:188} INFO - [2026-02-11T16:10:19.121+0000] {dag.py:3947} INFO - Setting next_dagrun for stock_raw_aapl to 2026-02-11 00:00:00+00:00, run_after=2026-02-12 00:00:00+00:00
[2026-02-11T16:10:19.125+0000] {logging_mixin.py:188} INFO - [2026-02-11T16:10:19.125+0000] {dag.py:3947} INFO - Setting next_dagrun for stock_raw_moex_sber to 2026-02-11 00:00:00+00:00, run_after=2026-02-12 00:00:00+00:00
[2026-02-11T16:10:19.127+0000] {logging_mixin.py:188} INFO - [2026-02-11T16:10:19.127+0000] {dag.py:3947} INFO - Setting next_dagrun for stock_raw_msft to 2026-02-11 00:00:00+00:00, run_after=2026-02-12 00:00:00+00:00
[2026-02-11T16:10:19.129+0000] {logging_mixin.py:188} INFO - [2026-02-11T16:10:19.129+0000] {dag.py:3947} INFO - Setting next_dagrun for stock_raw_nvda to 2026-02-11 00:00:00+00:00, run_after=2026-02-12 00:00:00+00:00
[2026-02-11T16:10:19.131+0000] {logging_mixin.py:188} INFO - [2026-02-11T16:10:19.131+0000] {dag.py:3947} INFO - Setting next_dagrun for stock_raw_tsla to 2026-02-11 00:00:00+00:00, run_after=2026-02-12 00:00:00+00:00
[2026-02-11T16:10:19.145+0000] {processor.py:183} INFO - Processing /opt/airflow/dags/stocks_dwh/raw/stocks_raw_dags.py took 1.002 seconds
[2026-02-11T16:10:49.334+0000] {processor.py:161} INFO - Started process (PID=330) to work on /opt/airflow/dags/stocks_dwh/raw/stocks_raw_dags.py
[2026-02-11T16:10:49.336+0000] {processor.py:830} INFO - Processing file /opt/airflow/dags/stocks_dwh/raw/stocks_raw_dags.py for tasks to queue
[2026-02-11T16:10:49.338+0000] {logging_mixin.py:188} INFO - [2026-02-11T16:10:49.338+0000] {dagbag.py:545} INFO - Filling up the DagBag from /opt/airflow/dags/stocks_dwh/raw/stocks_raw_dags.py
[2026-02-11T16:10:50.337+0000] {processor.py:840} INFO - DAG(s) 'stock_raw_aapl', 'stock_raw_nvda', 'stock_raw_moex_sber', 'stock_raw_tsla', 'stock_raw_msft' retrieved from /opt/airflow/dags/stocks_dwh/raw/stocks_raw_dags.py
[2026-02-11T16:10:50.384+0000] {logging_mixin.py:188} INFO - [2026-02-11T16:10:50.384+0000] {dag.py:3089} INFO - Sync 5 DAGs
[2026-02-11T16:10:50.413+0000] {logging_mixin.py:188} INFO - [2026-02-11T16:10:50.412+0000] {dag.py:3947} INFO - Setting next_dagrun for stock_raw_aapl to 2026-02-11 00:00:00+00:00, run_after=2026-02-12 00:00:00+00:00
[2026-02-11T16:10:50.419+0000] {logging_mixin.py:188} INFO - [2026-02-11T16:10:50.419+0000] {dag.py:3947} INFO - Setting next_dagrun for stock_raw_moex_sber to 2026-02-11 00:00:00+00:00, run_after=2026-02-12 00:00:00+00:00
[2026-02-11T16:10:50.423+0000] {logging_mixin.py:188} INFO - [2026-02-11T16:10:50.422+0000] {dag.py:3947} INFO - Setting next_dagrun for stock_raw_msft to 2026-02-11 00:00:00+00:00, run_after=2026-02-12 00:00:00+00:00
[2026-02-11T16:10:50.425+0000] {logging_mixin.py:188} INFO - [2026-02-11T16:10:50.425+0000] {dag.py:3947} INFO - Setting next_dagrun for stock_raw_nvda to 2026-02-11 00:00:00+00:00, run_after=2026-02-12 00:00:00+00:00
[2026-02-11T16:10:50.429+0000] {logging_mixin.py:188} INFO - [2026-02-11T16:10:50.428+0000] {dag.py:3947} INFO - Setting next_dagrun for stock_raw_tsla to 2026-02-11 00:00:00+00:00, run_after=2026-02-12 00:00:00+00:00
[2026-02-11T16:10:50.449+0000] {processor.py:183} INFO - Processing /opt/airflow/dags/stocks_dwh/raw/stocks_raw_dags.py took 1.120 seconds
[2026-02-11T16:11:20.515+0000] {processor.py:161} INFO - Started process (PID=342) to work on /opt/airflow/dags/stocks_dwh/raw/stocks_raw_dags.py
[2026-02-11T16:11:20.516+0000] {processor.py:830} INFO - Processing file /opt/airflow/dags/stocks_dwh/raw/stocks_raw_dags.py for tasks to queue
[2026-02-11T16:11:20.518+0000] {logging_mixin.py:188} INFO - [2026-02-11T16:11:20.518+0000] {dagbag.py:545} INFO - Filling up the DagBag from /opt/airflow/dags/stocks_dwh/raw/stocks_raw_dags.py
[2026-02-11T16:11:21.375+0000] {processor.py:840} INFO - DAG(s) 'stock_raw_aapl', 'stock_raw_nvda', 'stock_raw_moex_sber', 'stock_raw_msft', 'stock_raw_tsla' retrieved from /opt/airflow/dags/stocks_dwh/raw/stocks_raw_dags.py
[2026-02-11T16:11:21.404+0000] {logging_mixin.py:188} INFO - [2026-02-11T16:11:21.404+0000] {dag.py:3089} INFO - Sync 5 DAGs
[2026-02-11T16:11:21.425+0000] {logging_mixin.py:188} INFO - [2026-02-11T16:11:21.424+0000] {dag.py:3947} INFO - Setting next_dagrun for stock_raw_aapl to 2026-02-11 00:00:00+00:00, run_after=2026-02-12 00:00:00+00:00
[2026-02-11T16:11:21.429+0000] {logging_mixin.py:188} INFO - [2026-02-11T16:11:21.429+0000] {dag.py:3947} INFO - Setting next_dagrun for stock_raw_moex_sber to 2026-02-11 00:00:00+00:00, run_after=2026-02-12 00:00:00+00:00
[2026-02-11T16:11:21.431+0000] {logging_mixin.py:188} INFO - [2026-02-11T16:11:21.431+0000] {dag.py:3947} INFO - Setting next_dagrun for stock_raw_msft to 2026-02-11 00:00:00+00:00, run_after=2026-02-12 00:00:00+00:00
[2026-02-11T16:11:21.433+0000] {logging_mixin.py:188} INFO - [2026-02-11T16:11:21.433+0000] {dag.py:3947} INFO - Setting next_dagrun for stock_raw_nvda to 2026-02-11 00:00:00+00:00, run_after=2026-02-12 00:00:00+00:00
[2026-02-11T16:11:21.435+0000] {logging_mixin.py:188} INFO - [2026-02-11T16:11:21.435+0000] {dag.py:3947} INFO - Setting next_dagrun for stock_raw_tsla to 2026-02-11 00:00:00+00:00, run_after=2026-02-12 00:00:00+00:00
[2026-02-11T16:11:21.450+0000] {processor.py:183} INFO - Processing /opt/airflow/dags/stocks_dwh/raw/stocks_raw_dags.py took 0.940 seconds
[2026-02-11T16:11:51.876+0000] {processor.py:161} INFO - Started process (PID=354) to work on /opt/airflow/dags/stocks_dwh/raw/stocks_raw_dags.py
[2026-02-11T16:11:51.877+0000] {processor.py:830} INFO - Processing file /opt/airflow/dags/stocks_dwh/raw/stocks_raw_dags.py for tasks to queue
[2026-02-11T16:11:51.879+0000] {logging_mixin.py:188} INFO - [2026-02-11T16:11:51.879+0000] {dagbag.py:545} INFO - Filling up the DagBag from /opt/airflow/dags/stocks_dwh/raw/stocks_raw_dags.py
[2026-02-11T16:11:52.823+0000] {processor.py:840} INFO - DAG(s) 'stock_raw_moex_sber', 'stock_raw_tsla', 'stock_raw_nvda', 'stock_raw_aapl', 'stock_raw_msft' retrieved from /opt/airflow/dags/stocks_dwh/raw/stocks_raw_dags.py
[2026-02-11T16:11:52.854+0000] {logging_mixin.py:188} INFO - [2026-02-11T16:11:52.854+0000] {dag.py:3089} INFO - Sync 5 DAGs
[2026-02-11T16:11:52.876+0000] {logging_mixin.py:188} INFO - [2026-02-11T16:11:52.876+0000] {dag.py:3947} INFO - Setting next_dagrun for stock_raw_aapl to 2026-02-11 00:00:00+00:00, run_after=2026-02-12 00:00:00+00:00
[2026-02-11T16:11:52.881+0000] {logging_mixin.py:188} INFO - [2026-02-11T16:11:52.880+0000] {dag.py:3947} INFO - Setting next_dagrun for stock_raw_moex_sber to 2026-02-11 00:00:00+00:00, run_after=2026-02-12 00:00:00+00:00
[2026-02-11T16:11:52.883+0000] {logging_mixin.py:188} INFO - [2026-02-11T16:11:52.883+0000] {dag.py:3947} INFO - Setting next_dagrun for stock_raw_msft to 2026-02-11 00:00:00+00:00, run_after=2026-02-12 00:00:00+00:00
[2026-02-11T16:11:52.886+0000] {logging_mixin.py:188} INFO - [2026-02-11T16:11:52.885+0000] {dag.py:3947} INFO - Setting next_dagrun for stock_raw_nvda to 2026-02-11 00:00:00+00:00, run_after=2026-02-12 00:00:00+00:00
[2026-02-11T16:11:52.888+0000] {logging_mixin.py:188} INFO - [2026-02-11T16:11:52.888+0000] {dag.py:3947} INFO - Setting next_dagrun for stock_raw_tsla to 2026-02-11 00:00:00+00:00, run_after=2026-02-12 00:00:00+00:00
[2026-02-11T16:11:52.912+0000] {processor.py:183} INFO - Processing /opt/airflow/dags/stocks_dwh/raw/stocks_raw_dags.py took 1.043 seconds
[2026-02-11T16:12:23.077+0000] {processor.py:161} INFO - Started process (PID=366) to work on /opt/airflow/dags/stocks_dwh/raw/stocks_raw_dags.py
[2026-02-11T16:12:23.079+0000] {processor.py:830} INFO - Processing file /opt/airflow/dags/stocks_dwh/raw/stocks_raw_dags.py for tasks to queue
[2026-02-11T16:12:23.083+0000] {logging_mixin.py:188} INFO - [2026-02-11T16:12:23.082+0000] {dagbag.py:545} INFO - Filling up the DagBag from /opt/airflow/dags/stocks_dwh/raw/stocks_raw_dags.py
[2026-02-11T16:12:24.098+0000] {processor.py:840} INFO - DAG(s) 'stock_raw_moex_sber', 'stock_raw_nvda', 'stock_raw_msft', 'stock_raw_aapl', 'stock_raw_tsla' retrieved from /opt/airflow/dags/stocks_dwh/raw/stocks_raw_dags.py
[2026-02-11T16:12:24.134+0000] {logging_mixin.py:188} INFO - [2026-02-11T16:12:24.133+0000] {dag.py:3089} INFO - Sync 5 DAGs
[2026-02-11T16:12:24.159+0000] {logging_mixin.py:188} INFO - [2026-02-11T16:12:24.159+0000] {dag.py:3947} INFO - Setting next_dagrun for stock_raw_aapl to 2026-02-11 00:00:00+00:00, run_after=2026-02-12 00:00:00+00:00
[2026-02-11T16:12:24.165+0000] {logging_mixin.py:188} INFO - [2026-02-11T16:12:24.165+0000] {dag.py:3947} INFO - Setting next_dagrun for stock_raw_moex_sber to 2026-02-11 00:00:00+00:00, run_after=2026-02-12 00:00:00+00:00
[2026-02-11T16:12:24.167+0000] {logging_mixin.py:188} INFO - [2026-02-11T16:12:24.167+0000] {dag.py:3947} INFO - Setting next_dagrun for stock_raw_msft to 2026-02-11 00:00:00+00:00, run_after=2026-02-12 00:00:00+00:00
[2026-02-11T16:12:24.170+0000] {logging_mixin.py:188} INFO - [2026-02-11T16:12:24.170+0000] {dag.py:3947} INFO - Setting next_dagrun for stock_raw_nvda to 2026-02-11 00:00:00+00:00, run_after=2026-02-12 00:00:00+00:00
[2026-02-11T16:12:24.173+0000] {logging_mixin.py:188} INFO - [2026-02-11T16:12:24.173+0000] {dag.py:3947} INFO - Setting next_dagrun for stock_raw_tsla to 2026-02-11 00:00:00+00:00, run_after=2026-02-12 00:00:00+00:00
[2026-02-11T16:12:24.191+0000] {processor.py:183} INFO - Processing /opt/airflow/dags/stocks_dwh/raw/stocks_raw_dags.py took 1.127 seconds
[2026-02-11T16:12:54.285+0000] {processor.py:161} INFO - Started process (PID=378) to work on /opt/airflow/dags/stocks_dwh/raw/stocks_raw_dags.py
[2026-02-11T16:12:54.286+0000] {processor.py:830} INFO - Processing file /opt/airflow/dags/stocks_dwh/raw/stocks_raw_dags.py for tasks to queue
[2026-02-11T16:12:54.288+0000] {logging_mixin.py:188} INFO - [2026-02-11T16:12:54.288+0000] {dagbag.py:545} INFO - Filling up the DagBag from /opt/airflow/dags/stocks_dwh/raw/stocks_raw_dags.py
[2026-02-11T16:12:55.276+0000] {processor.py:840} INFO - DAG(s) 'stock_raw_msft', 'stock_raw_moex_sber', 'stock_raw_tsla', 'stock_raw_aapl', 'stock_raw_nvda' retrieved from /opt/airflow/dags/stocks_dwh/raw/stocks_raw_dags.py
[2026-02-11T16:12:55.308+0000] {logging_mixin.py:188} INFO - [2026-02-11T16:12:55.307+0000] {dag.py:3089} INFO - Sync 5 DAGs
[2026-02-11T16:12:55.333+0000] {logging_mixin.py:188} INFO - [2026-02-11T16:12:55.333+0000] {dag.py:3947} INFO - Setting next_dagrun for stock_raw_aapl to 2026-02-11 00:00:00+00:00, run_after=2026-02-12 00:00:00+00:00
[2026-02-11T16:12:55.338+0000] {logging_mixin.py:188} INFO - [2026-02-11T16:12:55.338+0000] {dag.py:3947} INFO - Setting next_dagrun for stock_raw_moex_sber to 2026-02-11 00:00:00+00:00, run_after=2026-02-12 00:00:00+00:00
[2026-02-11T16:12:55.341+0000] {logging_mixin.py:188} INFO - [2026-02-11T16:12:55.341+0000] {dag.py:3947} INFO - Setting next_dagrun for stock_raw_msft to 2026-02-11 00:00:00+00:00, run_after=2026-02-12 00:00:00+00:00
[2026-02-11T16:12:55.343+0000] {logging_mixin.py:188} INFO - [2026-02-11T16:12:55.343+0000] {dag.py:3947} INFO - Setting next_dagrun for stock_raw_nvda to 2026-02-11 00:00:00+00:00, run_after=2026-02-12 00:00:00+00:00
[2026-02-11T16:12:55.345+0000] {logging_mixin.py:188} INFO - [2026-02-11T16:12:55.345+0000] {dag.py:3947} INFO - Setting next_dagrun for stock_raw_tsla to 2026-02-11 00:00:00+00:00, run_after=2026-02-12 00:00:00+00:00
[2026-02-11T16:12:55.362+0000] {processor.py:183} INFO - Processing /opt/airflow/dags/stocks_dwh/raw/stocks_raw_dags.py took 1.084 seconds
[2026-02-11T16:13:25.576+0000] {processor.py:161} INFO - Started process (PID=390) to work on /opt/airflow/dags/stocks_dwh/raw/stocks_raw_dags.py
[2026-02-11T16:13:25.577+0000] {processor.py:830} INFO - Processing file /opt/airflow/dags/stocks_dwh/raw/stocks_raw_dags.py for tasks to queue
[2026-02-11T16:13:25.579+0000] {logging_mixin.py:188} INFO - [2026-02-11T16:13:25.579+0000] {dagbag.py:545} INFO - Filling up the DagBag from /opt/airflow/dags/stocks_dwh/raw/stocks_raw_dags.py
[2026-02-11T16:13:26.593+0000] {processor.py:840} INFO - DAG(s) 'stock_raw_tsla', 'stock_raw_msft', 'stock_raw_moex_sber', 'stock_raw_aapl', 'stock_raw_nvda' retrieved from /opt/airflow/dags/stocks_dwh/raw/stocks_raw_dags.py
[2026-02-11T16:13:26.629+0000] {logging_mixin.py:188} INFO - [2026-02-11T16:13:26.628+0000] {dag.py:3089} INFO - Sync 5 DAGs
[2026-02-11T16:13:26.652+0000] {logging_mixin.py:188} INFO - [2026-02-11T16:13:26.652+0000] {dag.py:3947} INFO - Setting next_dagrun for stock_raw_aapl to 2026-02-11 00:00:00+00:00, run_after=2026-02-12 00:00:00+00:00
[2026-02-11T16:13:26.656+0000] {logging_mixin.py:188} INFO - [2026-02-11T16:13:26.656+0000] {dag.py:3947} INFO - Setting next_dagrun for stock_raw_moex_sber to 2026-02-11 00:00:00+00:00, run_after=2026-02-12 00:00:00+00:00
[2026-02-11T16:13:26.660+0000] {logging_mixin.py:188} INFO - [2026-02-11T16:13:26.660+0000] {dag.py:3947} INFO - Setting next_dagrun for stock_raw_msft to 2026-02-11 00:00:00+00:00, run_after=2026-02-12 00:00:00+00:00
[2026-02-11T16:13:26.663+0000] {logging_mixin.py:188} INFO - [2026-02-11T16:13:26.663+0000] {dag.py:3947} INFO - Setting next_dagrun for stock_raw_nvda to 2026-02-11 00:00:00+00:00, run_after=2026-02-12 00:00:00+00:00
[2026-02-11T16:13:26.666+0000] {logging_mixin.py:188} INFO - [2026-02-11T16:13:26.666+0000] {dag.py:3947} INFO - Setting next_dagrun for stock_raw_tsla to 2026-02-11 00:00:00+00:00, run_after=2026-02-12 00:00:00+00:00
[2026-02-11T16:13:26.684+0000] {processor.py:183} INFO - Processing /opt/airflow/dags/stocks_dwh/raw/stocks_raw_dags.py took 1.115 seconds
[2026-02-11T16:13:56.758+0000] {processor.py:161} INFO - Started process (PID=402) to work on /opt/airflow/dags/stocks_dwh/raw/stocks_raw_dags.py
[2026-02-11T16:13:56.760+0000] {processor.py:830} INFO - Processing file /opt/airflow/dags/stocks_dwh/raw/stocks_raw_dags.py for tasks to queue
[2026-02-11T16:13:56.762+0000] {logging_mixin.py:188} INFO - [2026-02-11T16:13:56.761+0000] {dagbag.py:545} INFO - Filling up the DagBag from /opt/airflow/dags/stocks_dwh/raw/stocks_raw_dags.py
[2026-02-11T16:13:57.651+0000] {processor.py:840} INFO - DAG(s) 'stock_raw_nvda', 'stock_raw_msft', 'stock_raw_aapl', 'stock_raw_moex_sber', 'stock_raw_tsla' retrieved from /opt/airflow/dags/stocks_dwh/raw/stocks_raw_dags.py
[2026-02-11T16:13:57.681+0000] {logging_mixin.py:188} INFO - [2026-02-11T16:13:57.680+0000] {dag.py:3089} INFO - Sync 5 DAGs
[2026-02-11T16:13:57.703+0000] {logging_mixin.py:188} INFO - [2026-02-11T16:13:57.703+0000] {dag.py:3947} INFO - Setting next_dagrun for stock_raw_aapl to 2026-02-11 00:00:00+00:00, run_after=2026-02-12 00:00:00+00:00
[2026-02-11T16:13:57.707+0000] {logging_mixin.py:188} INFO - [2026-02-11T16:13:57.707+0000] {dag.py:3947} INFO - Setting next_dagrun for stock_raw_moex_sber to 2026-02-11 00:00:00+00:00, run_after=2026-02-12 00:00:00+00:00
[2026-02-11T16:13:57.709+0000] {logging_mixin.py:188} INFO - [2026-02-11T16:13:57.709+0000] {dag.py:3947} INFO - Setting next_dagrun for stock_raw_msft to 2026-02-11 00:00:00+00:00, run_after=2026-02-12 00:00:00+00:00
[2026-02-11T16:13:57.711+0000] {logging_mixin.py:188} INFO - [2026-02-11T16:13:57.710+0000] {dag.py:3947} INFO - Setting next_dagrun for stock_raw_nvda to 2026-02-11 00:00:00+00:00, run_after=2026-02-12 00:00:00+00:00
[2026-02-11T16:13:57.713+0000] {logging_mixin.py:188} INFO - [2026-02-11T16:13:57.712+0000] {dag.py:3947} INFO - Setting next_dagrun for stock_raw_tsla to 2026-02-11 00:00:00+00:00, run_after=2026-02-12 00:00:00+00:00
[2026-02-11T16:13:57.728+0000] {processor.py:183} INFO - Processing /opt/airflow/dags/stocks_dwh/raw/stocks_raw_dags.py took 0.976 seconds
[2026-02-11T16:14:27.933+0000] {processor.py:161} INFO - Started process (PID=414) to work on /opt/airflow/dags/stocks_dwh/raw/stocks_raw_dags.py
[2026-02-11T16:14:27.935+0000] {processor.py:830} INFO - Processing file /opt/airflow/dags/stocks_dwh/raw/stocks_raw_dags.py for tasks to queue
[2026-02-11T16:14:27.937+0000] {logging_mixin.py:188} INFO - [2026-02-11T16:14:27.936+0000] {dagbag.py:545} INFO - Filling up the DagBag from /opt/airflow/dags/stocks_dwh/raw/stocks_raw_dags.py
[2026-02-11T16:14:28.894+0000] {processor.py:840} INFO - DAG(s) 'stock_raw_moex_sber', 'stock_raw_tsla', 'stock_raw_msft', 'stock_raw_aapl', 'stock_raw_nvda' retrieved from /opt/airflow/dags/stocks_dwh/raw/stocks_raw_dags.py
[2026-02-11T16:14:28.925+0000] {logging_mixin.py:188} INFO - [2026-02-11T16:14:28.925+0000] {dag.py:3089} INFO - Sync 5 DAGs
[2026-02-11T16:14:28.948+0000] {logging_mixin.py:188} INFO - [2026-02-11T16:14:28.947+0000] {dag.py:3947} INFO - Setting next_dagrun for stock_raw_aapl to 2026-02-11 00:00:00+00:00, run_after=2026-02-12 00:00:00+00:00
[2026-02-11T16:14:28.955+0000] {logging_mixin.py:188} INFO - [2026-02-11T16:14:28.955+0000] {dag.py:3947} INFO - Setting next_dagrun for stock_raw_moex_sber to 2026-02-11 00:00:00+00:00, run_after=2026-02-12 00:00:00+00:00
[2026-02-11T16:14:28.957+0000] {logging_mixin.py:188} INFO - [2026-02-11T16:14:28.957+0000] {dag.py:3947} INFO - Setting next_dagrun for stock_raw_msft to 2026-02-11 00:00:00+00:00, run_after=2026-02-12 00:00:00+00:00
[2026-02-11T16:14:28.959+0000] {logging_mixin.py:188} INFO - [2026-02-11T16:14:28.959+0000] {dag.py:3947} INFO - Setting next_dagrun for stock_raw_nvda to 2026-02-11 00:00:00+00:00, run_after=2026-02-12 00:00:00+00:00
[2026-02-11T16:14:28.961+0000] {logging_mixin.py:188} INFO - [2026-02-11T16:14:28.961+0000] {dag.py:3947} INFO - Setting next_dagrun for stock_raw_tsla to 2026-02-11 00:00:00+00:00, run_after=2026-02-12 00:00:00+00:00
[2026-02-11T16:14:28.977+0000] {processor.py:183} INFO - Processing /opt/airflow/dags/stocks_dwh/raw/stocks_raw_dags.py took 1.049 seconds
[2026-02-11T16:14:59.119+0000] {processor.py:161} INFO - Started process (PID=426) to work on /opt/airflow/dags/stocks_dwh/raw/stocks_raw_dags.py
[2026-02-11T16:14:59.120+0000] {processor.py:830} INFO - Processing file /opt/airflow/dags/stocks_dwh/raw/stocks_raw_dags.py for tasks to queue
[2026-02-11T16:14:59.122+0000] {logging_mixin.py:188} INFO - [2026-02-11T16:14:59.121+0000] {dagbag.py:545} INFO - Filling up the DagBag from /opt/airflow/dags/stocks_dwh/raw/stocks_raw_dags.py
[2026-02-11T16:15:00.091+0000] {processor.py:840} INFO - DAG(s) 'stock_raw_aapl', 'stock_raw_moex_sber', 'stock_raw_msft', 'stock_raw_nvda', 'stock_raw_tsla' retrieved from /opt/airflow/dags/stocks_dwh/raw/stocks_raw_dags.py
[2026-02-11T16:15:00.120+0000] {logging_mixin.py:188} INFO - [2026-02-11T16:15:00.120+0000] {dag.py:3089} INFO - Sync 5 DAGs
[2026-02-11T16:15:00.144+0000] {logging_mixin.py:188} INFO - [2026-02-11T16:15:00.144+0000] {dag.py:3947} INFO - Setting next_dagrun for stock_raw_aapl to 2026-02-11 00:00:00+00:00, run_after=2026-02-12 00:00:00+00:00
[2026-02-11T16:15:00.149+0000] {logging_mixin.py:188} INFO - [2026-02-11T16:15:00.149+0000] {dag.py:3947} INFO - Setting next_dagrun for stock_raw_moex_sber to 2026-02-11 00:00:00+00:00, run_after=2026-02-12 00:00:00+00:00
[2026-02-11T16:15:00.152+0000] {logging_mixin.py:188} INFO - [2026-02-11T16:15:00.152+0000] {dag.py:3947} INFO - Setting next_dagrun for stock_raw_msft to 2026-02-11 00:00:00+00:00, run_after=2026-02-12 00:00:00+00:00
[2026-02-11T16:15:00.155+0000] {logging_mixin.py:188} INFO - [2026-02-11T16:15:00.155+0000] {dag.py:3947} INFO - Setting next_dagrun for stock_raw_nvda to 2026-02-11 00:00:00+00:00, run_after=2026-02-12 00:00:00+00:00
[2026-02-11T16:15:00.157+0000] {logging_mixin.py:188} INFO - [2026-02-11T16:15:00.156+0000] {dag.py:3947} INFO - Setting next_dagrun for stock_raw_tsla to 2026-02-11 00:00:00+00:00, run_after=2026-02-12 00:00:00+00:00
[2026-02-11T16:15:00.173+0000] {processor.py:183} INFO - Processing /opt/airflow/dags/stocks_dwh/raw/stocks_raw_dags.py took 1.061 seconds
[2026-02-11T16:15:30.329+0000] {processor.py:161} INFO - Started process (PID=438) to work on /opt/airflow/dags/stocks_dwh/raw/stocks_raw_dags.py
[2026-02-11T16:15:30.330+0000] {processor.py:830} INFO - Processing file /opt/airflow/dags/stocks_dwh/raw/stocks_raw_dags.py for tasks to queue
[2026-02-11T16:15:30.332+0000] {logging_mixin.py:188} INFO - [2026-02-11T16:15:30.331+0000] {dagbag.py:545} INFO - Filling up the DagBag from /opt/airflow/dags/stocks_dwh/raw/stocks_raw_dags.py
[2026-02-11T16:15:31.239+0000] {processor.py:840} INFO - DAG(s) 'stock_raw_aapl', 'stock_raw_nvda', 'stock_raw_tsla', 'stock_raw_msft', 'stock_raw_moex_sber' retrieved from /opt/airflow/dags/stocks_dwh/raw/stocks_raw_dags.py
[2026-02-11T16:15:31.270+0000] {logging_mixin.py:188} INFO - [2026-02-11T16:15:31.270+0000] {dag.py:3089} INFO - Sync 5 DAGs
[2026-02-11T16:15:31.292+0000] {logging_mixin.py:188} INFO - [2026-02-11T16:15:31.291+0000] {dag.py:3947} INFO - Setting next_dagrun for stock_raw_aapl to 2026-02-11 00:00:00+00:00, run_after=2026-02-12 00:00:00+00:00
[2026-02-11T16:15:31.296+0000] {logging_mixin.py:188} INFO - [2026-02-11T16:15:31.296+0000] {dag.py:3947} INFO - Setting next_dagrun for stock_raw_moex_sber to 2026-02-11 00:00:00+00:00, run_after=2026-02-12 00:00:00+00:00
[2026-02-11T16:15:31.302+0000] {logging_mixin.py:188} INFO - [2026-02-11T16:15:31.301+0000] {dag.py:3947} INFO - Setting next_dagrun for stock_raw_msft to 2026-02-11 00:00:00+00:00, run_after=2026-02-12 00:00:00+00:00
[2026-02-11T16:15:31.304+0000] {logging_mixin.py:188} INFO - [2026-02-11T16:15:31.304+0000] {dag.py:3947} INFO - Setting next_dagrun for stock_raw_nvda to 2026-02-11 00:00:00+00:00, run_after=2026-02-12 00:00:00+00:00
[2026-02-11T16:15:31.305+0000] {logging_mixin.py:188} INFO - [2026-02-11T16:15:31.305+0000] {dag.py:3947} INFO - Setting next_dagrun for stock_raw_tsla to 2026-02-11 00:00:00+00:00, run_after=2026-02-12 00:00:00+00:00
[2026-02-11T16:15:31.320+0000] {processor.py:183} INFO - Processing /opt/airflow/dags/stocks_dwh/raw/stocks_raw_dags.py took 0.998 seconds
[2026-02-11T16:16:01.534+0000] {processor.py:161} INFO - Started process (PID=450) to work on /opt/airflow/dags/stocks_dwh/raw/stocks_raw_dags.py
[2026-02-11T16:16:01.535+0000] {processor.py:830} INFO - Processing file /opt/airflow/dags/stocks_dwh/raw/stocks_raw_dags.py for tasks to queue
[2026-02-11T16:16:01.537+0000] {logging_mixin.py:188} INFO - [2026-02-11T16:16:01.537+0000] {dagbag.py:545} INFO - Filling up the DagBag from /opt/airflow/dags/stocks_dwh/raw/stocks_raw_dags.py
[2026-02-11T16:16:02.500+0000] {processor.py:840} INFO - DAG(s) 'stock_raw_msft', 'stock_raw_moex_sber', 'stock_raw_tsla', 'stock_raw_nvda', 'stock_raw_aapl' retrieved from /opt/airflow/dags/stocks_dwh/raw/stocks_raw_dags.py
[2026-02-11T16:16:02.547+0000] {logging_mixin.py:188} INFO - [2026-02-11T16:16:02.546+0000] {dag.py:3089} INFO - Sync 5 DAGs
[2026-02-11T16:16:02.576+0000] {logging_mixin.py:188} INFO - [2026-02-11T16:16:02.576+0000] {dag.py:3947} INFO - Setting next_dagrun for stock_raw_aapl to 2026-02-11 00:00:00+00:00, run_after=2026-02-12 00:00:00+00:00
[2026-02-11T16:16:02.581+0000] {logging_mixin.py:188} INFO - [2026-02-11T16:16:02.581+0000] {dag.py:3947} INFO - Setting next_dagrun for stock_raw_moex_sber to 2026-02-11 00:00:00+00:00, run_after=2026-02-12 00:00:00+00:00
[2026-02-11T16:16:02.584+0000] {logging_mixin.py:188} INFO - [2026-02-11T16:16:02.584+0000] {dag.py:3947} INFO - Setting next_dagrun for stock_raw_msft to 2026-02-11 00:00:00+00:00, run_after=2026-02-12 00:00:00+00:00
[2026-02-11T16:16:02.587+0000] {logging_mixin.py:188} INFO - [2026-02-11T16:16:02.587+0000] {dag.py:3947} INFO - Setting next_dagrun for stock_raw_nvda to 2026-02-11 00:00:00+00:00, run_after=2026-02-12 00:00:00+00:00
[2026-02-11T16:16:02.590+0000] {logging_mixin.py:188} INFO - [2026-02-11T16:16:02.590+0000] {dag.py:3947} INFO - Setting next_dagrun for stock_raw_tsla to 2026-02-11 00:00:00+00:00, run_after=2026-02-12 00:00:00+00:00
[2026-02-11T16:16:02.610+0000] {processor.py:183} INFO - Processing /opt/airflow/dags/stocks_dwh/raw/stocks_raw_dags.py took 1.084 seconds
[2026-02-11T16:16:32.723+0000] {processor.py:161} INFO - Started process (PID=462) to work on /opt/airflow/dags/stocks_dwh/raw/stocks_raw_dags.py
[2026-02-11T16:16:32.724+0000] {processor.py:830} INFO - Processing file /opt/airflow/dags/stocks_dwh/raw/stocks_raw_dags.py for tasks to queue
[2026-02-11T16:16:32.726+0000] {logging_mixin.py:188} INFO - [2026-02-11T16:16:32.726+0000] {dagbag.py:545} INFO - Filling up the DagBag from /opt/airflow/dags/stocks_dwh/raw/stocks_raw_dags.py
[2026-02-11T16:16:33.589+0000] {processor.py:840} INFO - DAG(s) 'stock_raw_aapl', 'stock_raw_tsla', 'stock_raw_nvda', 'stock_raw_msft', 'stock_raw_moex_sber' retrieved from /opt/airflow/dags/stocks_dwh/raw/stocks_raw_dags.py
[2026-02-11T16:16:33.619+0000] {logging_mixin.py:188} INFO - [2026-02-11T16:16:33.619+0000] {dag.py:3089} INFO - Sync 5 DAGs
[2026-02-11T16:16:33.641+0000] {logging_mixin.py:188} INFO - [2026-02-11T16:16:33.641+0000] {dag.py:3947} INFO - Setting next_dagrun for stock_raw_aapl to 2026-02-11 00:00:00+00:00, run_after=2026-02-12 00:00:00+00:00
[2026-02-11T16:16:33.647+0000] {logging_mixin.py:188} INFO - [2026-02-11T16:16:33.647+0000] {dag.py:3947} INFO - Setting next_dagrun for stock_raw_moex_sber to 2026-02-11 00:00:00+00:00, run_after=2026-02-12 00:00:00+00:00
[2026-02-11T16:16:33.650+0000] {logging_mixin.py:188} INFO - [2026-02-11T16:16:33.649+0000] {dag.py:3947} INFO - Setting next_dagrun for stock_raw_msft to 2026-02-11 00:00:00+00:00, run_after=2026-02-12 00:00:00+00:00
[2026-02-11T16:16:33.652+0000] {logging_mixin.py:188} INFO - [2026-02-11T16:16:33.652+0000] {dag.py:3947} INFO - Setting next_dagrun for stock_raw_nvda to 2026-02-11 00:00:00+00:00, run_after=2026-02-12 00:00:00+00:00
[2026-02-11T16:16:33.655+0000] {logging_mixin.py:188} INFO - [2026-02-11T16:16:33.654+0000] {dag.py:3947} INFO - Setting next_dagrun for stock_raw_tsla to 2026-02-11 00:00:00+00:00, run_after=2026-02-12 00:00:00+00:00
[2026-02-11T16:16:33.670+0000] {processor.py:183} INFO - Processing /opt/airflow/dags/stocks_dwh/raw/stocks_raw_dags.py took 0.954 seconds
[2026-02-11T16:17:04.030+0000] {processor.py:161} INFO - Started process (PID=474) to work on /opt/airflow/dags/stocks_dwh/raw/stocks_raw_dags.py
[2026-02-11T16:17:04.031+0000] {processor.py:830} INFO - Processing file /opt/airflow/dags/stocks_dwh/raw/stocks_raw_dags.py for tasks to queue
[2026-02-11T16:17:04.032+0000] {logging_mixin.py:188} INFO - [2026-02-11T16:17:04.032+0000] {dagbag.py:545} INFO - Filling up the DagBag from /opt/airflow/dags/stocks_dwh/raw/stocks_raw_dags.py
[2026-02-11T16:17:04.906+0000] {processor.py:840} INFO - DAG(s) 'stock_raw_msft', 'stock_raw_aapl', 'stock_raw_nvda', 'stock_raw_moex_sber', 'stock_raw_tsla' retrieved from /opt/airflow/dags/stocks_dwh/raw/stocks_raw_dags.py
[2026-02-11T16:17:04.939+0000] {logging_mixin.py:188} INFO - [2026-02-11T16:17:04.938+0000] {dag.py:3089} INFO - Sync 5 DAGs
[2026-02-11T16:17:04.963+0000] {logging_mixin.py:188} INFO - [2026-02-11T16:17:04.963+0000] {dag.py:3947} INFO - Setting next_dagrun for stock_raw_aapl to 2026-02-11 00:00:00+00:00, run_after=2026-02-12 00:00:00+00:00
[2026-02-11T16:17:04.967+0000] {logging_mixin.py:188} INFO - [2026-02-11T16:17:04.967+0000] {dag.py:3947} INFO - Setting next_dagrun for stock_raw_moex_sber to 2026-02-11 00:00:00+00:00, run_after=2026-02-12 00:00:00+00:00
[2026-02-11T16:17:04.969+0000] {logging_mixin.py:188} INFO - [2026-02-11T16:17:04.969+0000] {dag.py:3947} INFO - Setting next_dagrun for stock_raw_msft to 2026-02-11 00:00:00+00:00, run_after=2026-02-12 00:00:00+00:00
[2026-02-11T16:17:04.971+0000] {logging_mixin.py:188} INFO - [2026-02-11T16:17:04.971+0000] {dag.py:3947} INFO - Setting next_dagrun for stock_raw_nvda to 2026-02-11 00:00:00+00:00, run_after=2026-02-12 00:00:00+00:00
[2026-02-11T16:17:04.973+0000] {logging_mixin.py:188} INFO - [2026-02-11T16:17:04.973+0000] {dag.py:3947} INFO - Setting next_dagrun for stock_raw_tsla to 2026-02-11 00:00:00+00:00, run_after=2026-02-12 00:00:00+00:00
[2026-02-11T16:17:04.988+0000] {processor.py:183} INFO - Processing /opt/airflow/dags/stocks_dwh/raw/stocks_raw_dags.py took 0.964 seconds
[2026-02-11T16:17:35.217+0000] {processor.py:161} INFO - Started process (PID=486) to work on /opt/airflow/dags/stocks_dwh/raw/stocks_raw_dags.py
[2026-02-11T16:17:35.218+0000] {processor.py:830} INFO - Processing file /opt/airflow/dags/stocks_dwh/raw/stocks_raw_dags.py for tasks to queue
[2026-02-11T16:17:35.219+0000] {logging_mixin.py:188} INFO - [2026-02-11T16:17:35.219+0000] {dagbag.py:545} INFO - Filling up the DagBag from /opt/airflow/dags/stocks_dwh/raw/stocks_raw_dags.py
[2026-02-11T16:17:36.139+0000] {processor.py:840} INFO - DAG(s) 'stock_raw_nvda', 'stock_raw_msft', 'stock_raw_aapl', 'stock_raw_tsla', 'stock_raw_moex_sber' retrieved from /opt/airflow/dags/stocks_dwh/raw/stocks_raw_dags.py
[2026-02-11T16:17:36.171+0000] {logging_mixin.py:188} INFO - [2026-02-11T16:17:36.171+0000] {dag.py:3089} INFO - Sync 5 DAGs
[2026-02-11T16:17:36.193+0000] {logging_mixin.py:188} INFO - [2026-02-11T16:17:36.193+0000] {dag.py:3947} INFO - Setting next_dagrun for stock_raw_aapl to 2026-02-11 00:00:00+00:00, run_after=2026-02-12 00:00:00+00:00
[2026-02-11T16:17:36.197+0000] {logging_mixin.py:188} INFO - [2026-02-11T16:17:36.197+0000] {dag.py:3947} INFO - Setting next_dagrun for stock_raw_moex_sber to 2026-02-11 00:00:00+00:00, run_after=2026-02-12 00:00:00+00:00
[2026-02-11T16:17:36.200+0000] {logging_mixin.py:188} INFO - [2026-02-11T16:17:36.200+0000] {dag.py:3947} INFO - Setting next_dagrun for stock_raw_msft to 2026-02-11 00:00:00+00:00, run_after=2026-02-12 00:00:00+00:00
[2026-02-11T16:17:36.202+0000] {logging_mixin.py:188} INFO - [2026-02-11T16:17:36.202+0000] {dag.py:3947} INFO - Setting next_dagrun for stock_raw_nvda to 2026-02-11 00:00:00+00:00, run_after=2026-02-12 00:00:00+00:00
[2026-02-11T16:17:36.205+0000] {logging_mixin.py:188} INFO - [2026-02-11T16:17:36.204+0000] {dag.py:3947} INFO - Setting next_dagrun for stock_raw_tsla to 2026-02-11 00:00:00+00:00, run_after=2026-02-12 00:00:00+00:00
[2026-02-11T16:17:36.222+0000] {processor.py:183} INFO - Processing /opt/airflow/dags/stocks_dwh/raw/stocks_raw_dags.py took 1.014 seconds
[2026-02-11T16:18:06.400+0000] {processor.py:161} INFO - Started process (PID=498) to work on /opt/airflow/dags/stocks_dwh/raw/stocks_raw_dags.py
[2026-02-11T16:18:06.401+0000] {processor.py:830} INFO - Processing file /opt/airflow/dags/stocks_dwh/raw/stocks_raw_dags.py for tasks to queue
[2026-02-11T16:18:06.404+0000] {logging_mixin.py:188} INFO - [2026-02-11T16:18:06.403+0000] {dagbag.py:545} INFO - Filling up the DagBag from /opt/airflow/dags/stocks_dwh/raw/stocks_raw_dags.py
[2026-02-11T16:18:07.267+0000] {processor.py:840} INFO - DAG(s) 'stock_raw_aapl', 'stock_raw_moex_sber', 'stock_raw_tsla', 'stock_raw_nvda', 'stock_raw_msft' retrieved from /opt/airflow/dags/stocks_dwh/raw/stocks_raw_dags.py
[2026-02-11T16:18:07.297+0000] {logging_mixin.py:188} INFO - [2026-02-11T16:18:07.297+0000] {dag.py:3089} INFO - Sync 5 DAGs
[2026-02-11T16:18:07.319+0000] {logging_mixin.py:188} INFO - [2026-02-11T16:18:07.319+0000] {dag.py:3947} INFO - Setting next_dagrun for stock_raw_aapl to 2026-02-11 00:00:00+00:00, run_after=2026-02-12 00:00:00+00:00
[2026-02-11T16:18:07.324+0000] {logging_mixin.py:188} INFO - [2026-02-11T16:18:07.324+0000] {dag.py:3947} INFO - Setting next_dagrun for stock_raw_moex_sber to 2026-02-11 00:00:00+00:00, run_after=2026-02-12 00:00:00+00:00
[2026-02-11T16:18:07.326+0000] {logging_mixin.py:188} INFO - [2026-02-11T16:18:07.326+0000] {dag.py:3947} INFO - Setting next_dagrun for stock_raw_msft to 2026-02-11 00:00:00+00:00, run_after=2026-02-12 00:00:00+00:00
[2026-02-11T16:18:07.328+0000] {logging_mixin.py:188} INFO - [2026-02-11T16:18:07.327+0000] {dag.py:3947} INFO - Setting next_dagrun for stock_raw_nvda to 2026-02-11 00:00:00+00:00, run_after=2026-02-12 00:00:00+00:00
[2026-02-11T16:18:07.329+0000] {logging_mixin.py:188} INFO - [2026-02-11T16:18:07.329+0000] {dag.py:3947} INFO - Setting next_dagrun for stock_raw_tsla to 2026-02-11 00:00:00+00:00, run_after=2026-02-12 00:00:00+00:00
[2026-02-11T16:18:07.344+0000] {processor.py:183} INFO - Processing /opt/airflow/dags/stocks_dwh/raw/stocks_raw_dags.py took 0.951 seconds
[2026-02-11T16:18:37.566+0000] {processor.py:161} INFO - Started process (PID=510) to work on /opt/airflow/dags/stocks_dwh/raw/stocks_raw_dags.py
[2026-02-11T16:18:37.567+0000] {processor.py:830} INFO - Processing file /opt/airflow/dags/stocks_dwh/raw/stocks_raw_dags.py for tasks to queue
[2026-02-11T16:18:37.569+0000] {logging_mixin.py:188} INFO - [2026-02-11T16:18:37.569+0000] {dagbag.py:545} INFO - Filling up the DagBag from /opt/airflow/dags/stocks_dwh/raw/stocks_raw_dags.py
[2026-02-11T16:18:38.497+0000] {processor.py:840} INFO - DAG(s) 'stock_raw_aapl', 'stock_raw_moex_sber', 'stock_raw_tsla', 'stock_raw_msft', 'stock_raw_nvda' retrieved from /opt/airflow/dags/stocks_dwh/raw/stocks_raw_dags.py
[2026-02-11T16:18:38.531+0000] {logging_mixin.py:188} INFO - [2026-02-11T16:18:38.530+0000] {dag.py:3089} INFO - Sync 5 DAGs
[2026-02-11T16:18:38.554+0000] {logging_mixin.py:188} INFO - [2026-02-11T16:18:38.553+0000] {dag.py:3947} INFO - Setting next_dagrun for stock_raw_aapl to 2026-02-11 00:00:00+00:00, run_after=2026-02-12 00:00:00+00:00
[2026-02-11T16:18:38.559+0000] {logging_mixin.py:188} INFO - [2026-02-11T16:18:38.559+0000] {dag.py:3947} INFO - Setting next_dagrun for stock_raw_moex_sber to 2026-02-11 00:00:00+00:00, run_after=2026-02-12 00:00:00+00:00
[2026-02-11T16:18:38.561+0000] {logging_mixin.py:188} INFO - [2026-02-11T16:18:38.561+0000] {dag.py:3947} INFO - Setting next_dagrun for stock_raw_msft to 2026-02-11 00:00:00+00:00, run_after=2026-02-12 00:00:00+00:00
[2026-02-11T16:18:38.563+0000] {logging_mixin.py:188} INFO - [2026-02-11T16:18:38.563+0000] {dag.py:3947} INFO - Setting next_dagrun for stock_raw_nvda to 2026-02-11 00:00:00+00:00, run_after=2026-02-12 00:00:00+00:00
[2026-02-11T16:18:38.565+0000] {logging_mixin.py:188} INFO - [2026-02-11T16:18:38.565+0000] {dag.py:3947} INFO - Setting next_dagrun for stock_raw_tsla to 2026-02-11 00:00:00+00:00, run_after=2026-02-12 00:00:00+00:00
[2026-02-11T16:18:38.585+0000] {processor.py:183} INFO - Processing /opt/airflow/dags/stocks_dwh/raw/stocks_raw_dags.py took 1.025 seconds
[2026-02-11T16:19:08.747+0000] {processor.py:161} INFO - Started process (PID=523) to work on /opt/airflow/dags/stocks_dwh/raw/stocks_raw_dags.py
[2026-02-11T16:19:08.749+0000] {processor.py:830} INFO - Processing file /opt/airflow/dags/stocks_dwh/raw/stocks_raw_dags.py for tasks to queue
[2026-02-11T16:19:08.750+0000] {logging_mixin.py:188} INFO - [2026-02-11T16:19:08.750+0000] {dagbag.py:545} INFO - Filling up the DagBag from /opt/airflow/dags/stocks_dwh/raw/stocks_raw_dags.py
[2026-02-11T16:19:09.626+0000] {processor.py:840} INFO - DAG(s) 'stock_raw_msft', 'stock_raw_nvda', 'stock_raw_tsla', 'stock_raw_aapl', 'stock_raw_moex_sber' retrieved from /opt/airflow/dags/stocks_dwh/raw/stocks_raw_dags.py
[2026-02-11T16:19:09.657+0000] {logging_mixin.py:188} INFO - [2026-02-11T16:19:09.656+0000] {dag.py:3089} INFO - Sync 5 DAGs
[2026-02-11T16:19:09.682+0000] {logging_mixin.py:188} INFO - [2026-02-11T16:19:09.682+0000] {dag.py:3947} INFO - Setting next_dagrun for stock_raw_aapl to 2026-02-11 00:00:00+00:00, run_after=2026-02-12 00:00:00+00:00
[2026-02-11T16:19:09.688+0000] {logging_mixin.py:188} INFO - [2026-02-11T16:19:09.688+0000] {dag.py:3947} INFO - Setting next_dagrun for stock_raw_moex_sber to 2026-02-11 00:00:00+00:00, run_after=2026-02-12 00:00:00+00:00
[2026-02-11T16:19:09.691+0000] {logging_mixin.py:188} INFO - [2026-02-11T16:19:09.691+0000] {dag.py:3947} INFO - Setting next_dagrun for stock_raw_msft to 2026-02-11 00:00:00+00:00, run_after=2026-02-12 00:00:00+00:00
[2026-02-11T16:19:09.694+0000] {logging_mixin.py:188} INFO - [2026-02-11T16:19:09.693+0000] {dag.py:3947} INFO - Setting next_dagrun for stock_raw_nvda to 2026-02-11 00:00:00+00:00, run_after=2026-02-12 00:00:00+00:00
[2026-02-11T16:19:09.696+0000] {logging_mixin.py:188} INFO - [2026-02-11T16:19:09.695+0000] {dag.py:3947} INFO - Setting next_dagrun for stock_raw_tsla to 2026-02-11 00:00:00+00:00, run_after=2026-02-12 00:00:00+00:00
[2026-02-11T16:19:09.714+0000] {processor.py:183} INFO - Processing /opt/airflow/dags/stocks_dwh/raw/stocks_raw_dags.py took 0.973 seconds
[2026-02-11T16:19:39.923+0000] {processor.py:161} INFO - Started process (PID=535) to work on /opt/airflow/dags/stocks_dwh/raw/stocks_raw_dags.py
[2026-02-11T16:19:39.925+0000] {processor.py:830} INFO - Processing file /opt/airflow/dags/stocks_dwh/raw/stocks_raw_dags.py for tasks to queue
[2026-02-11T16:19:39.926+0000] {logging_mixin.py:188} INFO - [2026-02-11T16:19:39.926+0000] {dagbag.py:545} INFO - Filling up the DagBag from /opt/airflow/dags/stocks_dwh/raw/stocks_raw_dags.py
[2026-02-11T16:19:40.770+0000] {processor.py:840} INFO - DAG(s) 'stock_raw_aapl', 'stock_raw_tsla', 'stock_raw_nvda', 'stock_raw_moex_sber', 'stock_raw_msft' retrieved from /opt/airflow/dags/stocks_dwh/raw/stocks_raw_dags.py
[2026-02-11T16:19:40.801+0000] {logging_mixin.py:188} INFO - [2026-02-11T16:19:40.800+0000] {dag.py:3089} INFO - Sync 5 DAGs
[2026-02-11T16:19:40.823+0000] {logging_mixin.py:188} INFO - [2026-02-11T16:19:40.823+0000] {dag.py:3947} INFO - Setting next_dagrun for stock_raw_aapl to 2026-02-11 00:00:00+00:00, run_after=2026-02-12 00:00:00+00:00
[2026-02-11T16:19:40.828+0000] {logging_mixin.py:188} INFO - [2026-02-11T16:19:40.827+0000] {dag.py:3947} INFO - Setting next_dagrun for stock_raw_moex_sber to 2026-02-11 00:00:00+00:00, run_after=2026-02-12 00:00:00+00:00
[2026-02-11T16:19:40.829+0000] {logging_mixin.py:188} INFO - [2026-02-11T16:19:40.829+0000] {dag.py:3947} INFO - Setting next_dagrun for stock_raw_msft to 2026-02-11 00:00:00+00:00, run_after=2026-02-12 00:00:00+00:00
[2026-02-11T16:19:40.831+0000] {logging_mixin.py:188} INFO - [2026-02-11T16:19:40.831+0000] {dag.py:3947} INFO - Setting next_dagrun for stock_raw_nvda to 2026-02-11 00:00:00+00:00, run_after=2026-02-12 00:00:00+00:00
[2026-02-11T16:19:40.833+0000] {logging_mixin.py:188} INFO - [2026-02-11T16:19:40.833+0000] {dag.py:3947} INFO - Setting next_dagrun for stock_raw_tsla to 2026-02-11 00:00:00+00:00, run_after=2026-02-12 00:00:00+00:00
[2026-02-11T16:19:40.852+0000] {processor.py:183} INFO - Processing /opt/airflow/dags/stocks_dwh/raw/stocks_raw_dags.py took 0.934 seconds
[2026-02-11T16:20:11.079+0000] {processor.py:161} INFO - Started process (PID=547) to work on /opt/airflow/dags/stocks_dwh/raw/stocks_raw_dags.py
[2026-02-11T16:20:11.080+0000] {processor.py:830} INFO - Processing file /opt/airflow/dags/stocks_dwh/raw/stocks_raw_dags.py for tasks to queue
[2026-02-11T16:20:11.082+0000] {logging_mixin.py:188} INFO - [2026-02-11T16:20:11.082+0000] {dagbag.py:545} INFO - Filling up the DagBag from /opt/airflow/dags/stocks_dwh/raw/stocks_raw_dags.py
[2026-02-11T16:20:11.973+0000] {processor.py:840} INFO - DAG(s) 'stock_raw_nvda', 'stock_raw_moex_sber', 'stock_raw_aapl', 'stock_raw_tsla', 'stock_raw_msft' retrieved from /opt/airflow/dags/stocks_dwh/raw/stocks_raw_dags.py
[2026-02-11T16:20:12.001+0000] {logging_mixin.py:188} INFO - [2026-02-11T16:20:12.001+0000] {dag.py:3089} INFO - Sync 5 DAGs
[2026-02-11T16:20:12.023+0000] {logging_mixin.py:188} INFO - [2026-02-11T16:20:12.022+0000] {dag.py:3947} INFO - Setting next_dagrun for stock_raw_aapl to 2026-02-11 00:00:00+00:00, run_after=2026-02-12 00:00:00+00:00
[2026-02-11T16:20:12.026+0000] {logging_mixin.py:188} INFO - [2026-02-11T16:20:12.026+0000] {dag.py:3947} INFO - Setting next_dagrun for stock_raw_moex_sber to 2026-02-11 00:00:00+00:00, run_after=2026-02-12 00:00:00+00:00
[2026-02-11T16:20:12.028+0000] {logging_mixin.py:188} INFO - [2026-02-11T16:20:12.028+0000] {dag.py:3947} INFO - Setting next_dagrun for stock_raw_msft to 2026-02-11 00:00:00+00:00, run_after=2026-02-12 00:00:00+00:00
[2026-02-11T16:20:12.031+0000] {logging_mixin.py:188} INFO - [2026-02-11T16:20:12.031+0000] {dag.py:3947} INFO - Setting next_dagrun for stock_raw_nvda to 2026-02-11 00:00:00+00:00, run_after=2026-02-12 00:00:00+00:00
[2026-02-11T16:20:12.033+0000] {logging_mixin.py:188} INFO - [2026-02-11T16:20:12.033+0000] {dag.py:3947} INFO - Setting next_dagrun for stock_raw_tsla to 2026-02-11 00:00:00+00:00, run_after=2026-02-12 00:00:00+00:00
[2026-02-11T16:20:12.048+0000] {processor.py:183} INFO - Processing /opt/airflow/dags/stocks_dwh/raw/stocks_raw_dags.py took 0.976 seconds
[2026-02-11T16:20:42.255+0000] {processor.py:161} INFO - Started process (PID=559) to work on /opt/airflow/dags/stocks_dwh/raw/stocks_raw_dags.py
[2026-02-11T16:20:42.256+0000] {processor.py:830} INFO - Processing file /opt/airflow/dags/stocks_dwh/raw/stocks_raw_dags.py for tasks to queue
[2026-02-11T16:20:42.258+0000] {logging_mixin.py:188} INFO - [2026-02-11T16:20:42.258+0000] {dagbag.py:545} INFO - Filling up the DagBag from /opt/airflow/dags/stocks_dwh/raw/stocks_raw_dags.py
[2026-02-11T16:20:43.152+0000] {processor.py:840} INFO - DAG(s) 'stock_raw_tsla', 'stock_raw_msft', 'stock_raw_nvda', 'stock_raw_moex_sber', 'stock_raw_aapl' retrieved from /opt/airflow/dags/stocks_dwh/raw/stocks_raw_dags.py
[2026-02-11T16:20:43.182+0000] {logging_mixin.py:188} INFO - [2026-02-11T16:20:43.181+0000] {dag.py:3089} INFO - Sync 5 DAGs
[2026-02-11T16:20:43.203+0000] {logging_mixin.py:188} INFO - [2026-02-11T16:20:43.203+0000] {dag.py:3947} INFO - Setting next_dagrun for stock_raw_aapl to 2026-02-11 00:00:00+00:00, run_after=2026-02-12 00:00:00+00:00
[2026-02-11T16:20:43.208+0000] {logging_mixin.py:188} INFO - [2026-02-11T16:20:43.208+0000] {dag.py:3947} INFO - Setting next_dagrun for stock_raw_moex_sber to 2026-02-11 00:00:00+00:00, run_after=2026-02-12 00:00:00+00:00
[2026-02-11T16:20:43.210+0000] {logging_mixin.py:188} INFO - [2026-02-11T16:20:43.210+0000] {dag.py:3947} INFO - Setting next_dagrun for stock_raw_msft to 2026-02-11 00:00:00+00:00, run_after=2026-02-12 00:00:00+00:00
[2026-02-11T16:20:43.212+0000] {logging_mixin.py:188} INFO - [2026-02-11T16:20:43.212+0000] {dag.py:3947} INFO - Setting next_dagrun for stock_raw_nvda to 2026-02-11 00:00:00+00:00, run_after=2026-02-12 00:00:00+00:00
[2026-02-11T16:20:43.214+0000] {logging_mixin.py:188} INFO - [2026-02-11T16:20:43.214+0000] {dag.py:3947} INFO - Setting next_dagrun for stock_raw_tsla to 2026-02-11 00:00:00+00:00, run_after=2026-02-12 00:00:00+00:00
[2026-02-11T16:20:43.232+0000] {processor.py:183} INFO - Processing /opt/airflow/dags/stocks_dwh/raw/stocks_raw_dags.py took 0.983 seconds
[2026-02-11T16:21:13.434+0000] {processor.py:161} INFO - Started process (PID=571) to work on /opt/airflow/dags/stocks_dwh/raw/stocks_raw_dags.py
[2026-02-11T16:21:13.435+0000] {processor.py:830} INFO - Processing file /opt/airflow/dags/stocks_dwh/raw/stocks_raw_dags.py for tasks to queue
[2026-02-11T16:21:13.437+0000] {logging_mixin.py:188} INFO - [2026-02-11T16:21:13.436+0000] {dagbag.py:545} INFO - Filling up the DagBag from /opt/airflow/dags/stocks_dwh/raw/stocks_raw_dags.py
[2026-02-11T16:21:14.331+0000] {processor.py:840} INFO - DAG(s) 'stock_raw_nvda', 'stock_raw_tsla', 'stock_raw_aapl', 'stock_raw_msft', 'stock_raw_moex_sber' retrieved from /opt/airflow/dags/stocks_dwh/raw/stocks_raw_dags.py
[2026-02-11T16:21:14.361+0000] {logging_mixin.py:188} INFO - [2026-02-11T16:21:14.360+0000] {dag.py:3089} INFO - Sync 5 DAGs
[2026-02-11T16:21:14.385+0000] {logging_mixin.py:188} INFO - [2026-02-11T16:21:14.385+0000] {dag.py:3947} INFO - Setting next_dagrun for stock_raw_aapl to 2026-02-11 00:00:00+00:00, run_after=2026-02-12 00:00:00+00:00
[2026-02-11T16:21:14.389+0000] {logging_mixin.py:188} INFO - [2026-02-11T16:21:14.389+0000] {dag.py:3947} INFO - Setting next_dagrun for stock_raw_moex_sber to 2026-02-11 00:00:00+00:00, run_after=2026-02-12 00:00:00+00:00
[2026-02-11T16:21:14.392+0000] {logging_mixin.py:188} INFO - [2026-02-11T16:21:14.391+0000] {dag.py:3947} INFO - Setting next_dagrun for stock_raw_msft to 2026-02-11 00:00:00+00:00, run_after=2026-02-12 00:00:00+00:00
[2026-02-11T16:21:14.394+0000] {logging_mixin.py:188} INFO - [2026-02-11T16:21:14.393+0000] {dag.py:3947} INFO - Setting next_dagrun for stock_raw_nvda to 2026-02-11 00:00:00+00:00, run_after=2026-02-12 00:00:00+00:00
[2026-02-11T16:21:14.395+0000] {logging_mixin.py:188} INFO - [2026-02-11T16:21:14.395+0000] {dag.py:3947} INFO - Setting next_dagrun for stock_raw_tsla to 2026-02-11 00:00:00+00:00, run_after=2026-02-12 00:00:00+00:00
[2026-02-11T16:21:14.410+0000] {processor.py:183} INFO - Processing /opt/airflow/dags/stocks_dwh/raw/stocks_raw_dags.py took 0.983 seconds
[2026-02-11T16:21:44.729+0000] {processor.py:161} INFO - Started process (PID=589) to work on /opt/airflow/dags/stocks_dwh/raw/stocks_raw_dags.py
[2026-02-11T16:21:44.730+0000] {processor.py:830} INFO - Processing file /opt/airflow/dags/stocks_dwh/raw/stocks_raw_dags.py for tasks to queue
[2026-02-11T16:21:44.731+0000] {logging_mixin.py:188} INFO - [2026-02-11T16:21:44.731+0000] {dagbag.py:545} INFO - Filling up the DagBag from /opt/airflow/dags/stocks_dwh/raw/stocks_raw_dags.py
[2026-02-11T16:21:45.610+0000] {processor.py:840} INFO - DAG(s) 'stock_raw_nvda', 'stock_raw_aapl', 'stock_raw_msft', 'stock_raw_moex_sber', 'stock_raw_tsla' retrieved from /opt/airflow/dags/stocks_dwh/raw/stocks_raw_dags.py
[2026-02-11T16:21:45.643+0000] {logging_mixin.py:188} INFO - [2026-02-11T16:21:45.643+0000] {dag.py:3089} INFO - Sync 5 DAGs
[2026-02-11T16:21:45.665+0000] {logging_mixin.py:188} INFO - [2026-02-11T16:21:45.665+0000] {dag.py:3947} INFO - Setting next_dagrun for stock_raw_aapl to 2026-02-11 00:00:00+00:00, run_after=2026-02-12 00:00:00+00:00
[2026-02-11T16:21:45.671+0000] {logging_mixin.py:188} INFO - [2026-02-11T16:21:45.671+0000] {dag.py:3947} INFO - Setting next_dagrun for stock_raw_moex_sber to 2026-02-11 00:00:00+00:00, run_after=2026-02-12 00:00:00+00:00
[2026-02-11T16:21:45.674+0000] {logging_mixin.py:188} INFO - [2026-02-11T16:21:45.673+0000] {dag.py:3947} INFO - Setting next_dagrun for stock_raw_msft to 2026-02-11 00:00:00+00:00, run_after=2026-02-12 00:00:00+00:00
[2026-02-11T16:21:45.675+0000] {logging_mixin.py:188} INFO - [2026-02-11T16:21:45.675+0000] {dag.py:3947} INFO - Setting next_dagrun for stock_raw_nvda to 2026-02-11 00:00:00+00:00, run_after=2026-02-12 00:00:00+00:00
[2026-02-11T16:21:45.677+0000] {logging_mixin.py:188} INFO - [2026-02-11T16:21:45.677+0000] {dag.py:3947} INFO - Setting next_dagrun for stock_raw_tsla to 2026-02-11 00:00:00+00:00, run_after=2026-02-12 00:00:00+00:00
[2026-02-11T16:21:45.694+0000] {processor.py:183} INFO - Processing /opt/airflow/dags/stocks_dwh/raw/stocks_raw_dags.py took 0.972 seconds
[2026-02-11T16:22:15.919+0000] {processor.py:161} INFO - Started process (PID=601) to work on /opt/airflow/dags/stocks_dwh/raw/stocks_raw_dags.py
[2026-02-11T16:22:15.920+0000] {processor.py:830} INFO - Processing file /opt/airflow/dags/stocks_dwh/raw/stocks_raw_dags.py for tasks to queue
[2026-02-11T16:22:15.922+0000] {logging_mixin.py:188} INFO - [2026-02-11T16:22:15.922+0000] {dagbag.py:545} INFO - Filling up the DagBag from /opt/airflow/dags/stocks_dwh/raw/stocks_raw_dags.py
[2026-02-11T16:22:17.001+0000] {processor.py:840} INFO - DAG(s) 'stock_raw_tsla', 'stock_raw_msft', 'stock_raw_aapl', 'stock_raw_nvda', 'stock_raw_moex_sber' retrieved from /opt/airflow/dags/stocks_dwh/raw/stocks_raw_dags.py
[2026-02-11T16:22:17.045+0000] {logging_mixin.py:188} INFO - [2026-02-11T16:22:17.044+0000] {dag.py:3089} INFO - Sync 5 DAGs
[2026-02-11T16:22:17.075+0000] {logging_mixin.py:188} INFO - [2026-02-11T16:22:17.075+0000] {dag.py:3947} INFO - Setting next_dagrun for stock_raw_aapl to 2026-02-11 00:00:00+00:00, run_after=2026-02-12 00:00:00+00:00
[2026-02-11T16:22:17.082+0000] {logging_mixin.py:188} INFO - [2026-02-11T16:22:17.082+0000] {dag.py:3947} INFO - Setting next_dagrun for stock_raw_moex_sber to 2026-02-11 00:00:00+00:00, run_after=2026-02-12 00:00:00+00:00
[2026-02-11T16:22:17.085+0000] {logging_mixin.py:188} INFO - [2026-02-11T16:22:17.085+0000] {dag.py:3947} INFO - Setting next_dagrun for stock_raw_msft to 2026-02-11 00:00:00+00:00, run_after=2026-02-12 00:00:00+00:00
[2026-02-11T16:22:17.090+0000] {logging_mixin.py:188} INFO - [2026-02-11T16:22:17.089+0000] {dag.py:3947} INFO - Setting next_dagrun for stock_raw_nvda to 2026-02-11 00:00:00+00:00, run_after=2026-02-12 00:00:00+00:00
[2026-02-11T16:22:17.093+0000] {logging_mixin.py:188} INFO - [2026-02-11T16:22:17.093+0000] {dag.py:3947} INFO - Setting next_dagrun for stock_raw_tsla to 2026-02-11 00:00:00+00:00, run_after=2026-02-12 00:00:00+00:00
[2026-02-11T16:22:17.114+0000] {processor.py:183} INFO - Processing /opt/airflow/dags/stocks_dwh/raw/stocks_raw_dags.py took 1.201 seconds
[2026-02-11T16:22:47.345+0000] {processor.py:161} INFO - Started process (PID=613) to work on /opt/airflow/dags/stocks_dwh/raw/stocks_raw_dags.py
[2026-02-11T16:22:47.346+0000] {processor.py:830} INFO - Processing file /opt/airflow/dags/stocks_dwh/raw/stocks_raw_dags.py for tasks to queue
[2026-02-11T16:22:47.348+0000] {logging_mixin.py:188} INFO - [2026-02-11T16:22:47.348+0000] {dagbag.py:545} INFO - Filling up the DagBag from /opt/airflow/dags/stocks_dwh/raw/stocks_raw_dags.py
[2026-02-11T16:22:48.345+0000] {processor.py:840} INFO - DAG(s) 'stock_raw_nvda', 'stock_raw_tsla', 'stock_raw_moex_sber', 'stock_raw_msft', 'stock_raw_aapl' retrieved from /opt/airflow/dags/stocks_dwh/raw/stocks_raw_dags.py
[2026-02-11T16:22:48.383+0000] {logging_mixin.py:188} INFO - [2026-02-11T16:22:48.382+0000] {dag.py:3089} INFO - Sync 5 DAGs
[2026-02-11T16:22:48.408+0000] {logging_mixin.py:188} INFO - [2026-02-11T16:22:48.407+0000] {dag.py:3947} INFO - Setting next_dagrun for stock_raw_aapl to 2026-02-11 00:00:00+00:00, run_after=2026-02-12 00:00:00+00:00
[2026-02-11T16:22:48.412+0000] {logging_mixin.py:188} INFO - [2026-02-11T16:22:48.412+0000] {dag.py:3947} INFO - Setting next_dagrun for stock_raw_moex_sber to 2026-02-11 00:00:00+00:00, run_after=2026-02-12 00:00:00+00:00
[2026-02-11T16:22:48.415+0000] {logging_mixin.py:188} INFO - [2026-02-11T16:22:48.415+0000] {dag.py:3947} INFO - Setting next_dagrun for stock_raw_msft to 2026-02-11 00:00:00+00:00, run_after=2026-02-12 00:00:00+00:00
[2026-02-11T16:22:48.418+0000] {logging_mixin.py:188} INFO - [2026-02-11T16:22:48.418+0000] {dag.py:3947} INFO - Setting next_dagrun for stock_raw_nvda to 2026-02-11 00:00:00+00:00, run_after=2026-02-12 00:00:00+00:00
[2026-02-11T16:22:48.421+0000] {logging_mixin.py:188} INFO - [2026-02-11T16:22:48.421+0000] {dag.py:3947} INFO - Setting next_dagrun for stock_raw_tsla to 2026-02-11 00:00:00+00:00, run_after=2026-02-12 00:00:00+00:00
[2026-02-11T16:22:48.443+0000] {processor.py:183} INFO - Processing /opt/airflow/dags/stocks_dwh/raw/stocks_raw_dags.py took 1.106 seconds
[2026-02-11T16:23:18.524+0000] {processor.py:161} INFO - Started process (PID=625) to work on /opt/airflow/dags/stocks_dwh/raw/stocks_raw_dags.py
[2026-02-11T16:23:18.525+0000] {processor.py:830} INFO - Processing file /opt/airflow/dags/stocks_dwh/raw/stocks_raw_dags.py for tasks to queue
[2026-02-11T16:23:18.528+0000] {logging_mixin.py:188} INFO - [2026-02-11T16:23:18.527+0000] {dagbag.py:545} INFO - Filling up the DagBag from /opt/airflow/dags/stocks_dwh/raw/stocks_raw_dags.py
[2026-02-11T16:23:19.439+0000] {processor.py:840} INFO - DAG(s) 'stock_raw_aapl', 'stock_raw_nvda', 'stock_raw_moex_sber', 'stock_raw_tsla', 'stock_raw_msft' retrieved from /opt/airflow/dags/stocks_dwh/raw/stocks_raw_dags.py
[2026-02-11T16:23:19.468+0000] {logging_mixin.py:188} INFO - [2026-02-11T16:23:19.467+0000] {dag.py:3089} INFO - Sync 5 DAGs
[2026-02-11T16:23:19.492+0000] {logging_mixin.py:188} INFO - [2026-02-11T16:23:19.491+0000] {dag.py:3947} INFO - Setting next_dagrun for stock_raw_aapl to 2026-02-11 00:00:00+00:00, run_after=2026-02-12 00:00:00+00:00
[2026-02-11T16:23:19.497+0000] {logging_mixin.py:188} INFO - [2026-02-11T16:23:19.496+0000] {dag.py:3947} INFO - Setting next_dagrun for stock_raw_moex_sber to 2026-02-11 00:00:00+00:00, run_after=2026-02-12 00:00:00+00:00
[2026-02-11T16:23:19.499+0000] {logging_mixin.py:188} INFO - [2026-02-11T16:23:19.499+0000] {dag.py:3947} INFO - Setting next_dagrun for stock_raw_msft to 2026-02-11 00:00:00+00:00, run_after=2026-02-12 00:00:00+00:00
[2026-02-11T16:23:19.501+0000] {logging_mixin.py:188} INFO - [2026-02-11T16:23:19.501+0000] {dag.py:3947} INFO - Setting next_dagrun for stock_raw_nvda to 2026-02-11 00:00:00+00:00, run_after=2026-02-12 00:00:00+00:00
[2026-02-11T16:23:19.502+0000] {logging_mixin.py:188} INFO - [2026-02-11T16:23:19.502+0000] {dag.py:3947} INFO - Setting next_dagrun for stock_raw_tsla to 2026-02-11 00:00:00+00:00, run_after=2026-02-12 00:00:00+00:00
[2026-02-11T16:23:19.517+0000] {processor.py:183} INFO - Processing /opt/airflow/dags/stocks_dwh/raw/stocks_raw_dags.py took 0.999 seconds
[2026-02-11T16:23:49.689+0000] {processor.py:161} INFO - Started process (PID=637) to work on /opt/airflow/dags/stocks_dwh/raw/stocks_raw_dags.py
[2026-02-11T16:23:49.690+0000] {processor.py:830} INFO - Processing file /opt/airflow/dags/stocks_dwh/raw/stocks_raw_dags.py for tasks to queue
[2026-02-11T16:23:49.692+0000] {logging_mixin.py:188} INFO - [2026-02-11T16:23:49.692+0000] {dagbag.py:545} INFO - Filling up the DagBag from /opt/airflow/dags/stocks_dwh/raw/stocks_raw_dags.py
[2026-02-11T16:23:50.594+0000] {processor.py:840} INFO - DAG(s) 'stock_raw_aapl', 'stock_raw_msft', 'stock_raw_moex_sber', 'stock_raw_tsla', 'stock_raw_nvda' retrieved from /opt/airflow/dags/stocks_dwh/raw/stocks_raw_dags.py
[2026-02-11T16:23:50.623+0000] {logging_mixin.py:188} INFO - [2026-02-11T16:23:50.623+0000] {dag.py:3089} INFO - Sync 5 DAGs
[2026-02-11T16:23:50.646+0000] {logging_mixin.py:188} INFO - [2026-02-11T16:23:50.646+0000] {dag.py:3947} INFO - Setting next_dagrun for stock_raw_aapl to 2026-02-11 00:00:00+00:00, run_after=2026-02-12 00:00:00+00:00
[2026-02-11T16:23:50.651+0000] {logging_mixin.py:188} INFO - [2026-02-11T16:23:50.650+0000] {dag.py:3947} INFO - Setting next_dagrun for stock_raw_moex_sber to 2026-02-11 00:00:00+00:00, run_after=2026-02-12 00:00:00+00:00
[2026-02-11T16:23:50.653+0000] {logging_mixin.py:188} INFO - [2026-02-11T16:23:50.653+0000] {dag.py:3947} INFO - Setting next_dagrun for stock_raw_msft to 2026-02-11 00:00:00+00:00, run_after=2026-02-12 00:00:00+00:00
[2026-02-11T16:23:50.655+0000] {logging_mixin.py:188} INFO - [2026-02-11T16:23:50.655+0000] {dag.py:3947} INFO - Setting next_dagrun for stock_raw_nvda to 2026-02-11 00:00:00+00:00, run_after=2026-02-12 00:00:00+00:00
[2026-02-11T16:23:50.657+0000] {logging_mixin.py:188} INFO - [2026-02-11T16:23:50.657+0000] {dag.py:3947} INFO - Setting next_dagrun for stock_raw_tsla to 2026-02-11 00:00:00+00:00, run_after=2026-02-12 00:00:00+00:00
[2026-02-11T16:23:50.673+0000] {processor.py:183} INFO - Processing /opt/airflow/dags/stocks_dwh/raw/stocks_raw_dags.py took 0.990 seconds
[2026-02-11T16:24:20.863+0000] {processor.py:161} INFO - Started process (PID=649) to work on /opt/airflow/dags/stocks_dwh/raw/stocks_raw_dags.py
[2026-02-11T16:24:20.864+0000] {processor.py:830} INFO - Processing file /opt/airflow/dags/stocks_dwh/raw/stocks_raw_dags.py for tasks to queue
[2026-02-11T16:24:20.866+0000] {logging_mixin.py:188} INFO - [2026-02-11T16:24:20.865+0000] {dagbag.py:545} INFO - Filling up the DagBag from /opt/airflow/dags/stocks_dwh/raw/stocks_raw_dags.py
[2026-02-11T16:24:21.798+0000] {processor.py:840} INFO - DAG(s) 'stock_raw_nvda', 'stock_raw_msft', 'stock_raw_aapl', 'stock_raw_tsla', 'stock_raw_moex_sber' retrieved from /opt/airflow/dags/stocks_dwh/raw/stocks_raw_dags.py
[2026-02-11T16:24:21.831+0000] {logging_mixin.py:188} INFO - [2026-02-11T16:24:21.831+0000] {dag.py:3089} INFO - Sync 5 DAGs
[2026-02-11T16:24:21.854+0000] {logging_mixin.py:188} INFO - [2026-02-11T16:24:21.854+0000] {dag.py:3947} INFO - Setting next_dagrun for stock_raw_aapl to 2026-02-11 00:00:00+00:00, run_after=2026-02-12 00:00:00+00:00
[2026-02-11T16:24:21.858+0000] {logging_mixin.py:188} INFO - [2026-02-11T16:24:21.858+0000] {dag.py:3947} INFO - Setting next_dagrun for stock_raw_moex_sber to 2026-02-11 00:00:00+00:00, run_after=2026-02-12 00:00:00+00:00
[2026-02-11T16:24:21.860+0000] {logging_mixin.py:188} INFO - [2026-02-11T16:24:21.860+0000] {dag.py:3947} INFO - Setting next_dagrun for stock_raw_msft to 2026-02-11 00:00:00+00:00, run_after=2026-02-12 00:00:00+00:00
[2026-02-11T16:24:21.862+0000] {logging_mixin.py:188} INFO - [2026-02-11T16:24:21.862+0000] {dag.py:3947} INFO - Setting next_dagrun for stock_raw_nvda to 2026-02-11 00:00:00+00:00, run_after=2026-02-12 00:00:00+00:00
[2026-02-11T16:24:21.864+0000] {logging_mixin.py:188} INFO - [2026-02-11T16:24:21.864+0000] {dag.py:3947} INFO - Setting next_dagrun for stock_raw_tsla to 2026-02-11 00:00:00+00:00, run_after=2026-02-12 00:00:00+00:00
[2026-02-11T16:24:21.880+0000] {processor.py:183} INFO - Processing /opt/airflow/dags/stocks_dwh/raw/stocks_raw_dags.py took 1.023 seconds
[2026-02-11T16:24:52.043+0000] {processor.py:161} INFO - Started process (PID=661) to work on /opt/airflow/dags/stocks_dwh/raw/stocks_raw_dags.py
[2026-02-11T16:24:52.044+0000] {processor.py:830} INFO - Processing file /opt/airflow/dags/stocks_dwh/raw/stocks_raw_dags.py for tasks to queue
[2026-02-11T16:24:52.046+0000] {logging_mixin.py:188} INFO - [2026-02-11T16:24:52.046+0000] {dagbag.py:545} INFO - Filling up the DagBag from /opt/airflow/dags/stocks_dwh/raw/stocks_raw_dags.py
[2026-02-11T16:24:52.953+0000] {processor.py:840} INFO - DAG(s) 'stock_raw_tsla', 'stock_raw_moex_sber', 'stock_raw_aapl', 'stock_raw_nvda', 'stock_raw_msft' retrieved from /opt/airflow/dags/stocks_dwh/raw/stocks_raw_dags.py
[2026-02-11T16:24:52.985+0000] {logging_mixin.py:188} INFO - [2026-02-11T16:24:52.984+0000] {dag.py:3089} INFO - Sync 5 DAGs
[2026-02-11T16:24:53.007+0000] {logging_mixin.py:188} INFO - [2026-02-11T16:24:53.006+0000] {dag.py:3947} INFO - Setting next_dagrun for stock_raw_aapl to 2026-02-11 00:00:00+00:00, run_after=2026-02-12 00:00:00+00:00
[2026-02-11T16:24:53.011+0000] {logging_mixin.py:188} INFO - [2026-02-11T16:24:53.011+0000] {dag.py:3947} INFO - Setting next_dagrun for stock_raw_moex_sber to 2026-02-11 00:00:00+00:00, run_after=2026-02-12 00:00:00+00:00
[2026-02-11T16:24:53.013+0000] {logging_mixin.py:188} INFO - [2026-02-11T16:24:53.013+0000] {dag.py:3947} INFO - Setting next_dagrun for stock_raw_msft to 2026-02-11 00:00:00+00:00, run_after=2026-02-12 00:00:00+00:00
[2026-02-11T16:24:53.014+0000] {logging_mixin.py:188} INFO - [2026-02-11T16:24:53.014+0000] {dag.py:3947} INFO - Setting next_dagrun for stock_raw_nvda to 2026-02-11 00:00:00+00:00, run_after=2026-02-12 00:00:00+00:00
[2026-02-11T16:24:53.016+0000] {logging_mixin.py:188} INFO - [2026-02-11T16:24:53.016+0000] {dag.py:3947} INFO - Setting next_dagrun for stock_raw_tsla to 2026-02-11 00:00:00+00:00, run_after=2026-02-12 00:00:00+00:00
[2026-02-11T16:24:53.032+0000] {processor.py:183} INFO - Processing /opt/airflow/dags/stocks_dwh/raw/stocks_raw_dags.py took 0.995 seconds
