[2026-02-09T10:34:36.033+0000] {local_task_job_runner.py:120} INFO - ::group::Pre task execution logs
[2026-02-09T10:34:36.064+0000] {taskinstance.py:2076} INFO - Dependencies all met for dep_context=non-requeueable deps ti=<TaskInstance: stock_raw_aapl.download_and_load_raw scheduled__2025-05-04T00:00:00+00:00 [queued]>
[2026-02-09T10:34:36.073+0000] {taskinstance.py:2076} INFO - Dependencies all met for dep_context=requeueable deps ti=<TaskInstance: stock_raw_aapl.download_and_load_raw scheduled__2025-05-04T00:00:00+00:00 [queued]>
[2026-02-09T10:34:36.075+0000] {taskinstance.py:2306} INFO - Starting attempt 1 of 1
[2026-02-09T10:34:36.090+0000] {taskinstance.py:2330} INFO - Executing <Task(PythonOperator): download_and_load_raw> on 2025-05-04 00:00:00+00:00
[2026-02-09T10:34:36.103+0000] {logging_mixin.py:188} WARNING - /home/***/.local/lib/python3.12/site-packages/***/task/task_runner/standard_task_runner.py:62 DeprecationWarning: This process (pid=5078) is multi-threaded, use of fork() may lead to deadlocks in the child.
[2026-02-09T10:34:36.104+0000] {standard_task_runner.py:64} INFO - Started process 5091 to run task
[2026-02-09T10:34:36.103+0000] {standard_task_runner.py:90} INFO - Running: ['***', 'tasks', 'run', 'stock_raw_aapl', 'download_and_load_raw', 'scheduled__2025-05-04T00:00:00+00:00', '--job-id', '5256', '--raw', '--subdir', 'DAGS_FOLDER/stocks_dwh/raw/stocks_raw_dags.py', '--cfg-path', '/tmp/tmpjzjim68q']
[2026-02-09T10:34:36.106+0000] {standard_task_runner.py:91} INFO - Job 5256: Subtask download_and_load_raw
[2026-02-09T10:34:36.177+0000] {task_command.py:426} INFO - Running <TaskInstance: stock_raw_aapl.download_and_load_raw scheduled__2025-05-04T00:00:00+00:00 [running]> on host 4886d37bc122
[2026-02-09T10:34:36.284+0000] {taskinstance.py:2648} INFO - Exporting env vars: AIRFLOW_CTX_DAG_OWNER='***' AIRFLOW_CTX_DAG_ID='stock_raw_aapl' AIRFLOW_CTX_TASK_ID='download_and_load_raw' AIRFLOW_CTX_EXECUTION_DATE='2025-05-04T00:00:00+00:00' AIRFLOW_CTX_TRY_NUMBER='1' AIRFLOW_CTX_DAG_RUN_ID='scheduled__2025-05-04T00:00:00+00:00'
[2026-02-09T10:34:36.286+0000] {taskinstance.py:430} INFO - ::endgroup::
[2026-02-09T10:34:36.302+0000] {logging_mixin.py:188} INFO - [RAW] Download AAPL [1d] 2025-05-04..2025-05-05
[2026-02-09T10:34:36.306+0000] {logging_mixin.py:188} WARNING - /opt/***/dags/stocks_dwh/raw/stocks_raw_dags.py:38 FutureWarning: YF.download() has changed argument auto_adjust default to True
[2026-02-09T10:34:36.316+0000] {logging_mixin.py:188} WARNING - /home/***/.local/lib/python3.12/site-packages/yfinance/scrapers/history.py:204 Pandas4Warning: Timestamp.utcnow is deprecated and will be removed in a future version. Use Timestamp.now('UTC') instead.
[2026-02-09T10:34:36.866+0000] {multi.py:185} ERROR - 
1 Failed download:
[2026-02-09T10:34:36.868+0000] {multi.py:198} ERROR - ['AAPL']: YFPricesMissingError('possibly delisted; no price data found  (1d 2025-05-04 -> 2025-05-05)')
[2026-02-09T10:34:36.890+0000] {logging_mixin.py:188} INFO - [RAW] No data from yfinance
[2026-02-09T10:34:36.891+0000] {python.py:237} INFO - Done. Returned value was: None
[2026-02-09T10:34:36.892+0000] {taskinstance.py:441} INFO - ::group::Post task execution logs
[2026-02-09T10:34:36.906+0000] {taskinstance.py:1206} INFO - Marking task as SUCCESS. dag_id=stock_raw_aapl, task_id=download_and_load_raw, run_id=scheduled__2025-05-04T00:00:00+00:00, execution_date=20250504T000000, start_date=20260209T103436, end_date=20260209T103436
[2026-02-09T10:34:36.961+0000] {local_task_job_runner.py:243} INFO - Task exited with return code 0
[2026-02-09T10:34:36.981+0000] {taskinstance.py:3503} INFO - 0 downstream tasks scheduled from follow-on schedule check
[2026-02-09T10:34:36.983+0000] {local_task_job_runner.py:222} INFO - ::endgroup::
[2026-02-09T12:36:42.488+0000] {local_task_job_runner.py:120} INFO - ::group::Pre task execution logs
[2026-02-09T12:36:42.517+0000] {taskinstance.py:2076} INFO - Dependencies all met for dep_context=non-requeueable deps ti=<TaskInstance: stock_raw_aapl.download_and_load_raw scheduled__2025-05-04T00:00:00+00:00 [queued]>
[2026-02-09T12:36:42.524+0000] {taskinstance.py:2076} INFO - Dependencies all met for dep_context=requeueable deps ti=<TaskInstance: stock_raw_aapl.download_and_load_raw scheduled__2025-05-04T00:00:00+00:00 [queued]>
[2026-02-09T12:36:42.525+0000] {taskinstance.py:2306} INFO - Starting attempt 1 of 1
[2026-02-09T12:36:42.540+0000] {taskinstance.py:2330} INFO - Executing <Task(PythonOperator): download_and_load_raw> on 2025-05-04 00:00:00+00:00
[2026-02-09T12:36:42.551+0000] {logging_mixin.py:188} WARNING - /home/***/.local/lib/python3.12/site-packages/***/task/task_runner/standard_task_runner.py:62 DeprecationWarning: This process (pid=17731) is multi-threaded, use of fork() may lead to deadlocks in the child.
[2026-02-09T12:36:42.553+0000] {standard_task_runner.py:64} INFO - Started process 17733 to run task
[2026-02-09T12:36:42.551+0000] {standard_task_runner.py:90} INFO - Running: ['***', 'tasks', 'run', 'stock_raw_aapl', 'download_and_load_raw', 'scheduled__2025-05-04T00:00:00+00:00', '--job-id', '7681', '--raw', '--subdir', 'DAGS_FOLDER/stocks_dwh/raw/stocks_raw_dags.py', '--cfg-path', '/tmp/tmp1wjfnf4f']
[2026-02-09T12:36:42.553+0000] {standard_task_runner.py:91} INFO - Job 7681: Subtask download_and_load_raw
[2026-02-09T12:36:42.617+0000] {task_command.py:426} INFO - Running <TaskInstance: stock_raw_aapl.download_and_load_raw scheduled__2025-05-04T00:00:00+00:00 [running]> on host 4886d37bc122
[2026-02-09T12:36:42.714+0000] {taskinstance.py:2648} INFO - Exporting env vars: AIRFLOW_CTX_DAG_OWNER='***' AIRFLOW_CTX_DAG_ID='stock_raw_aapl' AIRFLOW_CTX_TASK_ID='download_and_load_raw' AIRFLOW_CTX_EXECUTION_DATE='2025-05-04T00:00:00+00:00' AIRFLOW_CTX_TRY_NUMBER='1' AIRFLOW_CTX_DAG_RUN_ID='scheduled__2025-05-04T00:00:00+00:00'
[2026-02-09T12:36:42.715+0000] {taskinstance.py:430} INFO - ::endgroup::
[2026-02-09T12:36:42.726+0000] {stocks_raw_dags.py:37} INFO - 2025-05-04 00:00:00+00:00, 2025-05-05 00:00:00+00:00
[2026-02-09T12:36:42.726+0000] {logging_mixin.py:188} INFO - [RAW] Download AAPL [1d] 2025-05-03..2025-05-05
[2026-02-09T12:36:42.729+0000] {logging_mixin.py:188} WARNING - /opt/***/dags/stocks_dwh/raw/stocks_raw_dags.py:42 FutureWarning: YF.download() has changed argument auto_adjust default to True
[2026-02-09T12:36:42.738+0000] {logging_mixin.py:188} WARNING - /home/***/.local/lib/python3.12/site-packages/yfinance/scrapers/history.py:204 Pandas4Warning: Timestamp.utcnow is deprecated and will be removed in a future version. Use Timestamp.now('UTC') instead.
[2026-02-09T12:36:43.246+0000] {logging_mixin.py:188} WARNING - [*********************100%***********************]  1 of 1 completed
[2026-02-09T12:36:43.247+0000] {multi.py:185} ERROR - 
1 Failed download:
[2026-02-09T12:36:43.247+0000] {multi.py:198} ERROR - ['AAPL']: YFPricesMissingError('possibly delisted; no price data found  (1d 2025-05-03 -> 2025-05-05)')
[2026-02-09T12:36:43.261+0000] {logging_mixin.py:188} INFO - [RAW] No data from yfinance
[2026-02-09T12:36:43.261+0000] {python.py:237} INFO - Done. Returned value was: None
[2026-02-09T12:36:43.262+0000] {taskinstance.py:441} INFO - ::group::Post task execution logs
[2026-02-09T12:36:43.272+0000] {taskinstance.py:1206} INFO - Marking task as SUCCESS. dag_id=stock_raw_aapl, task_id=download_and_load_raw, run_id=scheduled__2025-05-04T00:00:00+00:00, execution_date=20250504T000000, start_date=20260209T123642, end_date=20260209T123643
[2026-02-09T12:36:43.329+0000] {local_task_job_runner.py:243} INFO - Task exited with return code 0
[2026-02-09T12:36:43.346+0000] {taskinstance.py:3503} INFO - 0 downstream tasks scheduled from follow-on schedule check
[2026-02-09T12:36:43.350+0000] {local_task_job_runner.py:222} INFO - ::endgroup::
