[2026-02-09T10:36:20.149+0000] {local_task_job_runner.py:120} INFO - ::group::Pre task execution logs
[2026-02-09T10:36:20.185+0000] {taskinstance.py:2076} INFO - Dependencies all met for dep_context=non-requeueable deps ti=<TaskInstance: stock_raw_aapl.download_and_load_raw scheduled__2025-06-05T00:00:00+00:00 [queued]>
[2026-02-09T10:36:20.194+0000] {taskinstance.py:2076} INFO - Dependencies all met for dep_context=requeueable deps ti=<TaskInstance: stock_raw_aapl.download_and_load_raw scheduled__2025-06-05T00:00:00+00:00 [queued]>
[2026-02-09T10:36:20.195+0000] {taskinstance.py:2306} INFO - Starting attempt 1 of 1
[2026-02-09T10:36:20.208+0000] {taskinstance.py:2330} INFO - Executing <Task(PythonOperator): download_and_load_raw> on 2025-06-05 00:00:00+00:00
[2026-02-09T10:36:20.222+0000] {logging_mixin.py:188} WARNING - /home/***/.local/lib/python3.12/site-packages/***/task/task_runner/standard_task_runner.py:62 DeprecationWarning: This process (pid=5762) is multi-threaded, use of fork() may lead to deadlocks in the child.
[2026-02-09T10:36:20.224+0000] {standard_task_runner.py:64} INFO - Started process 5772 to run task
[2026-02-09T10:36:20.223+0000] {standard_task_runner.py:90} INFO - Running: ['***', 'tasks', 'run', 'stock_raw_aapl', 'download_and_load_raw', 'scheduled__2025-06-05T00:00:00+00:00', '--job-id', '5413', '--raw', '--subdir', 'DAGS_FOLDER/stocks_dwh/raw/stocks_raw_dags.py', '--cfg-path', '/tmp/tmpjd49pfxs']
[2026-02-09T10:36:20.226+0000] {standard_task_runner.py:91} INFO - Job 5413: Subtask download_and_load_raw
[2026-02-09T10:36:20.293+0000] {task_command.py:426} INFO - Running <TaskInstance: stock_raw_aapl.download_and_load_raw scheduled__2025-06-05T00:00:00+00:00 [running]> on host 4886d37bc122
[2026-02-09T10:36:20.396+0000] {taskinstance.py:2648} INFO - Exporting env vars: AIRFLOW_CTX_DAG_OWNER='***' AIRFLOW_CTX_DAG_ID='stock_raw_aapl' AIRFLOW_CTX_TASK_ID='download_and_load_raw' AIRFLOW_CTX_EXECUTION_DATE='2025-06-05T00:00:00+00:00' AIRFLOW_CTX_TRY_NUMBER='1' AIRFLOW_CTX_DAG_RUN_ID='scheduled__2025-06-05T00:00:00+00:00'
[2026-02-09T10:36:20.400+0000] {taskinstance.py:430} INFO - ::endgroup::
[2026-02-09T10:36:20.413+0000] {logging_mixin.py:188} INFO - [RAW] Download AAPL [1d] 2025-06-05..2025-06-06
[2026-02-09T10:36:20.415+0000] {logging_mixin.py:188} WARNING - /opt/***/dags/stocks_dwh/raw/stocks_raw_dags.py:38 FutureWarning: YF.download() has changed argument auto_adjust default to True
[2026-02-09T10:36:20.424+0000] {logging_mixin.py:188} WARNING - /home/***/.local/lib/python3.12/site-packages/yfinance/scrapers/history.py:204 Pandas4Warning: Timestamp.utcnow is deprecated and will be removed in a future version. Use Timestamp.now('UTC') instead.
[2026-02-09T10:36:20.989+0000] {taskinstance.py:441} INFO - ::group::Post task execution logs
[2026-02-09T10:36:20.990+0000] {taskinstance.py:2905} ERROR - Task failed with exception
Traceback (most recent call last):
  File "/home/airflow/.local/lib/python3.12/site-packages/airflow/models/taskinstance.py", line 465, in _execute_task
    result = _execute_callable(context=context, **execute_callable_kwargs)
             ^^^^^^^^^^^^^^^^^^^^^^^^^^^^^^^^^^^^^^^^^^^^^^^^^^^^^^^^^^^^^
  File "/home/airflow/.local/lib/python3.12/site-packages/airflow/models/taskinstance.py", line 432, in _execute_callable
    return execute_callable(context=context, **execute_callable_kwargs)
           ^^^^^^^^^^^^^^^^^^^^^^^^^^^^^^^^^^^^^^^^^^^^^^^^^^^^^^^^^^^^
  File "/home/airflow/.local/lib/python3.12/site-packages/airflow/models/baseoperator.py", line 401, in wrapper
    return func(self, *args, **kwargs)
           ^^^^^^^^^^^^^^^^^^^^^^^^^^^
  File "/home/airflow/.local/lib/python3.12/site-packages/airflow/operators/python.py", line 235, in execute
    return_value = self.execute_callable()
                   ^^^^^^^^^^^^^^^^^^^^^^^
  File "/home/airflow/.local/lib/python3.12/site-packages/airflow/operators/python.py", line 252, in execute_callable
    return self.python_callable(*self.op_args, **self.op_kwargs)
           ^^^^^^^^^^^^^^^^^^^^^^^^^^^^^^^^^^^^^^^^^^^^^^^^^^^^^
  File "/opt/airflow/dags/stocks_dwh/raw/stocks_raw_dags.py", line 86, in download_and_load_raw
    df["volume"] = pd.to_numeric(df["volume"], errors="coerce").fillna(0).astype("int64")
                   ^^^^^^^^^^^^^^^^^^^^^^^^^^^^^^^^^^^^^^^^^^^^
  File "/home/airflow/.local/lib/python3.12/site-packages/pandas/core/tools/numeric.py", line 212, in to_numeric
    raise TypeError("arg must be a list, tuple, 1-d array, or Series")
TypeError: arg must be a list, tuple, 1-d array, or Series
[2026-02-09T10:36:21.006+0000] {taskinstance.py:1206} INFO - Marking task as FAILED. dag_id=stock_raw_aapl, task_id=download_and_load_raw, run_id=scheduled__2025-06-05T00:00:00+00:00, execution_date=20250605T000000, start_date=20260209T103620, end_date=20260209T103621
[2026-02-09T10:36:21.016+0000] {standard_task_runner.py:110} ERROR - Failed to execute job 5413 for task download_and_load_raw (arg must be a list, tuple, 1-d array, or Series; 5772)
[2026-02-09T10:36:21.040+0000] {local_task_job_runner.py:243} INFO - Task exited with return code 1
[2026-02-09T10:36:21.056+0000] {taskinstance.py:3503} INFO - 0 downstream tasks scheduled from follow-on schedule check
[2026-02-09T10:36:21.058+0000] {local_task_job_runner.py:222} INFO - ::endgroup::
[2026-02-09T12:38:18.765+0000] {local_task_job_runner.py:120} INFO - ::group::Pre task execution logs
[2026-02-09T12:38:18.792+0000] {taskinstance.py:2076} INFO - Dependencies all met for dep_context=non-requeueable deps ti=<TaskInstance: stock_raw_aapl.download_and_load_raw scheduled__2025-06-05T00:00:00+00:00 [queued]>
[2026-02-09T12:38:18.799+0000] {taskinstance.py:2076} INFO - Dependencies all met for dep_context=requeueable deps ti=<TaskInstance: stock_raw_aapl.download_and_load_raw scheduled__2025-06-05T00:00:00+00:00 [queued]>
[2026-02-09T12:38:18.800+0000] {taskinstance.py:2306} INFO - Starting attempt 1 of 1
[2026-02-09T12:38:18.812+0000] {taskinstance.py:2330} INFO - Executing <Task(PythonOperator): download_and_load_raw> on 2025-06-05 00:00:00+00:00
[2026-02-09T12:38:18.824+0000] {logging_mixin.py:188} WARNING - /home/***/.local/lib/python3.12/site-packages/***/task/task_runner/standard_task_runner.py:62 DeprecationWarning: This process (pid=17895) is multi-threaded, use of fork() may lead to deadlocks in the child.
[2026-02-09T12:38:18.825+0000] {standard_task_runner.py:64} INFO - Started process 17897 to run task
[2026-02-09T12:38:18.824+0000] {standard_task_runner.py:90} INFO - Running: ['***', 'tasks', 'run', 'stock_raw_aapl', 'download_and_load_raw', 'scheduled__2025-06-05T00:00:00+00:00', '--job-id', '7713', '--raw', '--subdir', 'DAGS_FOLDER/stocks_dwh/raw/stocks_raw_dags.py', '--cfg-path', '/tmp/tmprbysag3c']
[2026-02-09T12:38:18.826+0000] {standard_task_runner.py:91} INFO - Job 7713: Subtask download_and_load_raw
[2026-02-09T12:38:18.897+0000] {task_command.py:426} INFO - Running <TaskInstance: stock_raw_aapl.download_and_load_raw scheduled__2025-06-05T00:00:00+00:00 [running]> on host 4886d37bc122
[2026-02-09T12:38:18.994+0000] {taskinstance.py:2648} INFO - Exporting env vars: AIRFLOW_CTX_DAG_OWNER='***' AIRFLOW_CTX_DAG_ID='stock_raw_aapl' AIRFLOW_CTX_TASK_ID='download_and_load_raw' AIRFLOW_CTX_EXECUTION_DATE='2025-06-05T00:00:00+00:00' AIRFLOW_CTX_TRY_NUMBER='1' AIRFLOW_CTX_DAG_RUN_ID='scheduled__2025-06-05T00:00:00+00:00'
[2026-02-09T12:38:18.997+0000] {taskinstance.py:430} INFO - ::endgroup::
[2026-02-09T12:38:19.007+0000] {stocks_raw_dags.py:37} INFO - 2025-06-05 00:00:00+00:00, 2025-06-06 00:00:00+00:00
[2026-02-09T12:38:19.008+0000] {logging_mixin.py:188} INFO - [RAW] Download AAPL [1d] 2025-06-04..2025-06-06
[2026-02-09T12:38:19.010+0000] {logging_mixin.py:188} WARNING - /opt/***/dags/stocks_dwh/raw/stocks_raw_dags.py:42 FutureWarning: YF.download() has changed argument auto_adjust default to True
[2026-02-09T12:38:19.019+0000] {logging_mixin.py:188} WARNING - /home/***/.local/lib/python3.12/site-packages/yfinance/scrapers/history.py:204 Pandas4Warning: Timestamp.utcnow is deprecated and will be removed in a future version. Use Timestamp.now('UTC') instead.
[2026-02-09T12:38:19.531+0000] {logging_mixin.py:188} WARNING - [*********************100%***********************]  1 of 1 completed
[2026-02-09T12:38:19.565+0000] {base.py:84} INFO - Using connection ID 'dwh_clickhouse' for task execution.
[2026-02-09T12:38:19.597+0000] {logging_mixin.py:188} INFO - [RAW] Deleted existing rows for AAPL in 2025-06-04..2025-06-06
[2026-02-09T12:38:19.610+0000] {logging_mixin.py:188} INFO - [RAW] Inserted 2 rows into dwh.raw_stock_prices
[2026-02-09T12:38:19.611+0000] {python.py:237} INFO - Done. Returned value was: None
[2026-02-09T12:38:19.612+0000] {taskinstance.py:441} INFO - ::group::Post task execution logs
[2026-02-09T12:38:19.622+0000] {taskinstance.py:1206} INFO - Marking task as SUCCESS. dag_id=stock_raw_aapl, task_id=download_and_load_raw, run_id=scheduled__2025-06-05T00:00:00+00:00, execution_date=20250605T000000, start_date=20260209T123818, end_date=20260209T123819
[2026-02-09T12:38:19.682+0000] {local_task_job_runner.py:243} INFO - Task exited with return code 0
[2026-02-09T12:38:19.702+0000] {taskinstance.py:3503} INFO - 0 downstream tasks scheduled from follow-on schedule check
[2026-02-09T12:38:19.706+0000] {local_task_job_runner.py:222} INFO - ::endgroup::
