[2026-02-09T10:32:38.612+0000] {local_task_job_runner.py:120} INFO - ::group::Pre task execution logs
[2026-02-09T10:32:38.654+0000] {taskinstance.py:2076} INFO - Dependencies all met for dep_context=non-requeueable deps ti=<TaskInstance: stock_raw_aapl.download_and_load_raw scheduled__2025-03-30T00:00:00+00:00 [queued]>
[2026-02-09T10:32:38.666+0000] {taskinstance.py:2076} INFO - Dependencies all met for dep_context=requeueable deps ti=<TaskInstance: stock_raw_aapl.download_and_load_raw scheduled__2025-03-30T00:00:00+00:00 [queued]>
[2026-02-09T10:32:38.666+0000] {taskinstance.py:2306} INFO - Starting attempt 1 of 1
[2026-02-09T10:32:38.684+0000] {taskinstance.py:2330} INFO - Executing <Task(PythonOperator): download_and_load_raw> on 2025-03-30 00:00:00+00:00
[2026-02-09T10:32:38.702+0000] {logging_mixin.py:188} WARNING - /home/***/.local/lib/python3.12/site-packages/***/task/task_runner/standard_task_runner.py:62 DeprecationWarning: This process (pid=4343) is multi-threaded, use of fork() may lead to deadlocks in the child.
[2026-02-09T10:32:38.704+0000] {standard_task_runner.py:64} INFO - Started process 4350 to run task
[2026-02-09T10:32:38.702+0000] {standard_task_runner.py:90} INFO - Running: ['***', 'tasks', 'run', 'stock_raw_aapl', 'download_and_load_raw', 'scheduled__2025-03-30T00:00:00+00:00', '--job-id', '5080', '--raw', '--subdir', 'DAGS_FOLDER/stocks_dwh/raw/stocks_raw_dags.py', '--cfg-path', '/tmp/tmp0ss0leux']
[2026-02-09T10:32:38.705+0000] {standard_task_runner.py:91} INFO - Job 5080: Subtask download_and_load_raw
[2026-02-09T10:32:38.795+0000] {task_command.py:426} INFO - Running <TaskInstance: stock_raw_aapl.download_and_load_raw scheduled__2025-03-30T00:00:00+00:00 [running]> on host 4886d37bc122
[2026-02-09T10:32:38.924+0000] {taskinstance.py:2648} INFO - Exporting env vars: AIRFLOW_CTX_DAG_OWNER='***' AIRFLOW_CTX_DAG_ID='stock_raw_aapl' AIRFLOW_CTX_TASK_ID='download_and_load_raw' AIRFLOW_CTX_EXECUTION_DATE='2025-03-30T00:00:00+00:00' AIRFLOW_CTX_TRY_NUMBER='1' AIRFLOW_CTX_DAG_RUN_ID='scheduled__2025-03-30T00:00:00+00:00'
[2026-02-09T10:32:38.925+0000] {taskinstance.py:430} INFO - ::endgroup::
[2026-02-09T10:32:38.942+0000] {logging_mixin.py:188} INFO - [RAW] Download AAPL [1d] 2025-03-30..2025-03-31
[2026-02-09T10:32:38.945+0000] {logging_mixin.py:188} WARNING - /opt/***/dags/stocks_dwh/raw/stocks_raw_dags.py:38 FutureWarning: YF.download() has changed argument auto_adjust default to True
[2026-02-09T10:32:38.958+0000] {logging_mixin.py:188} WARNING - /home/***/.local/lib/python3.12/site-packages/yfinance/scrapers/history.py:204 Pandas4Warning: Timestamp.utcnow is deprecated and will be removed in a future version. Use Timestamp.now('UTC') instead.
[2026-02-09T10:32:39.480+0000] {multi.py:185} ERROR - 
1 Failed download:
[2026-02-09T10:32:39.481+0000] {multi.py:198} ERROR - ['AAPL']: YFPricesMissingError('possibly delisted; no price data found  (1d 2025-03-30 -> 2025-03-31)')
[2026-02-09T10:32:39.504+0000] {logging_mixin.py:188} INFO - [RAW] No data from yfinance
[2026-02-09T10:32:39.505+0000] {python.py:237} INFO - Done. Returned value was: None
[2026-02-09T10:32:39.506+0000] {taskinstance.py:441} INFO - ::group::Post task execution logs
[2026-02-09T10:32:39.519+0000] {taskinstance.py:1206} INFO - Marking task as SUCCESS. dag_id=stock_raw_aapl, task_id=download_and_load_raw, run_id=scheduled__2025-03-30T00:00:00+00:00, execution_date=20250330T000000, start_date=20260209T103238, end_date=20260209T103239
[2026-02-09T10:32:39.561+0000] {local_task_job_runner.py:243} INFO - Task exited with return code 0
[2026-02-09T10:32:39.585+0000] {taskinstance.py:3503} INFO - 0 downstream tasks scheduled from follow-on schedule check
[2026-02-09T10:32:39.588+0000] {local_task_job_runner.py:222} INFO - ::endgroup::
[2026-02-09T12:34:48.928+0000] {local_task_job_runner.py:120} INFO - ::group::Pre task execution logs
[2026-02-09T12:34:48.961+0000] {taskinstance.py:2076} INFO - Dependencies all met for dep_context=non-requeueable deps ti=<TaskInstance: stock_raw_aapl.download_and_load_raw scheduled__2025-03-30T00:00:00+00:00 [queued]>
[2026-02-09T12:34:48.971+0000] {taskinstance.py:2076} INFO - Dependencies all met for dep_context=requeueable deps ti=<TaskInstance: stock_raw_aapl.download_and_load_raw scheduled__2025-03-30T00:00:00+00:00 [queued]>
[2026-02-09T12:34:48.972+0000] {taskinstance.py:2306} INFO - Starting attempt 1 of 1
[2026-02-09T12:34:48.987+0000] {taskinstance.py:2330} INFO - Executing <Task(PythonOperator): download_and_load_raw> on 2025-03-30 00:00:00+00:00
[2026-02-09T12:34:49.001+0000] {logging_mixin.py:188} WARNING - /home/***/.local/lib/python3.12/site-packages/***/task/task_runner/standard_task_runner.py:62 DeprecationWarning: This process (pid=17542) is multi-threaded, use of fork() may lead to deadlocks in the child.
[2026-02-09T12:34:49.003+0000] {standard_task_runner.py:64} INFO - Started process 17544 to run task
[2026-02-09T12:34:49.001+0000] {standard_task_runner.py:90} INFO - Running: ['***', 'tasks', 'run', 'stock_raw_aapl', 'download_and_load_raw', 'scheduled__2025-03-30T00:00:00+00:00', '--job-id', '7646', '--raw', '--subdir', 'DAGS_FOLDER/stocks_dwh/raw/stocks_raw_dags.py', '--cfg-path', '/tmp/tmpqcdvjc03']
[2026-02-09T12:34:49.004+0000] {standard_task_runner.py:91} INFO - Job 7646: Subtask download_and_load_raw
[2026-02-09T12:34:49.078+0000] {task_command.py:426} INFO - Running <TaskInstance: stock_raw_aapl.download_and_load_raw scheduled__2025-03-30T00:00:00+00:00 [running]> on host 4886d37bc122
[2026-02-09T12:34:49.190+0000] {taskinstance.py:2648} INFO - Exporting env vars: AIRFLOW_CTX_DAG_OWNER='***' AIRFLOW_CTX_DAG_ID='stock_raw_aapl' AIRFLOW_CTX_TASK_ID='download_and_load_raw' AIRFLOW_CTX_EXECUTION_DATE='2025-03-30T00:00:00+00:00' AIRFLOW_CTX_TRY_NUMBER='1' AIRFLOW_CTX_DAG_RUN_ID='scheduled__2025-03-30T00:00:00+00:00'
[2026-02-09T12:34:49.192+0000] {taskinstance.py:430} INFO - ::endgroup::
[2026-02-09T12:34:49.205+0000] {stocks_raw_dags.py:37} INFO - 2025-03-30 00:00:00+00:00, 2025-03-31 00:00:00+00:00
[2026-02-09T12:34:49.205+0000] {logging_mixin.py:188} INFO - [RAW] Download AAPL [1d] 2025-03-29..2025-03-31
[2026-02-09T12:34:49.207+0000] {logging_mixin.py:188} WARNING - /opt/***/dags/stocks_dwh/raw/stocks_raw_dags.py:42 FutureWarning: YF.download() has changed argument auto_adjust default to True
[2026-02-09T12:34:49.217+0000] {logging_mixin.py:188} WARNING - /home/***/.local/lib/python3.12/site-packages/yfinance/scrapers/history.py:204 Pandas4Warning: Timestamp.utcnow is deprecated and will be removed in a future version. Use Timestamp.now('UTC') instead.
[2026-02-09T12:34:49.748+0000] {logging_mixin.py:188} WARNING - [*********************100%***********************]  1 of 1 completed
[2026-02-09T12:34:49.748+0000] {multi.py:185} ERROR - 
1 Failed download:
[2026-02-09T12:34:49.749+0000] {multi.py:198} ERROR - ['AAPL']: YFPricesMissingError('possibly delisted; no price data found  (1d 2025-03-29 -> 2025-03-31)')
[2026-02-09T12:34:49.762+0000] {logging_mixin.py:188} INFO - [RAW] No data from yfinance
[2026-02-09T12:34:49.763+0000] {python.py:237} INFO - Done. Returned value was: None
[2026-02-09T12:34:49.763+0000] {taskinstance.py:441} INFO - ::group::Post task execution logs
[2026-02-09T12:34:49.774+0000] {taskinstance.py:1206} INFO - Marking task as SUCCESS. dag_id=stock_raw_aapl, task_id=download_and_load_raw, run_id=scheduled__2025-03-30T00:00:00+00:00, execution_date=20250330T000000, start_date=20260209T123448, end_date=20260209T123449
[2026-02-09T12:34:49.819+0000] {local_task_job_runner.py:243} INFO - Task exited with return code 0
[2026-02-09T12:34:49.837+0000] {taskinstance.py:3503} INFO - 0 downstream tasks scheduled from follow-on schedule check
[2026-02-09T12:34:49.841+0000] {local_task_job_runner.py:222} INFO - ::endgroup::
