[2026-02-09T10:27:39.674+0000] {local_task_job_runner.py:120} INFO - ::group::Pre task execution logs
[2026-02-09T10:27:39.708+0000] {taskinstance.py:2076} INFO - Dependencies all met for dep_context=non-requeueable deps ti=<TaskInstance: stock_raw_aapl.download_and_load_raw scheduled__2024-12-29T00:00:00+00:00 [queued]>
[2026-02-09T10:27:39.717+0000] {taskinstance.py:2076} INFO - Dependencies all met for dep_context=requeueable deps ti=<TaskInstance: stock_raw_aapl.download_and_load_raw scheduled__2024-12-29T00:00:00+00:00 [queued]>
[2026-02-09T10:27:39.718+0000] {taskinstance.py:2306} INFO - Starting attempt 1 of 1
[2026-02-09T10:27:39.734+0000] {taskinstance.py:2330} INFO - Executing <Task(PythonOperator): download_and_load_raw> on 2024-12-29 00:00:00+00:00
[2026-02-09T10:27:39.748+0000] {logging_mixin.py:188} WARNING - /home/***/.local/lib/python3.12/site-packages/***/task/task_runner/standard_task_runner.py:62 DeprecationWarning: This process (pid=2410) is multi-threaded, use of fork() may lead to deadlocks in the child.
[2026-02-09T10:27:39.748+0000] {standard_task_runner.py:90} INFO - Running: ['***', 'tasks', 'run', 'stock_raw_aapl', 'download_and_load_raw', 'scheduled__2024-12-29T00:00:00+00:00', '--job-id', '4628', '--raw', '--subdir', 'DAGS_FOLDER/stocks_dwh/raw/stocks_raw_dags.py', '--cfg-path', '/tmp/tmpcqkpx038']
[2026-02-09T10:27:39.750+0000] {standard_task_runner.py:64} INFO - Started process 2422 to run task
[2026-02-09T10:27:39.750+0000] {standard_task_runner.py:91} INFO - Job 4628: Subtask download_and_load_raw
[2026-02-09T10:27:39.825+0000] {task_command.py:426} INFO - Running <TaskInstance: stock_raw_aapl.download_and_load_raw scheduled__2024-12-29T00:00:00+00:00 [running]> on host 4886d37bc122
[2026-02-09T10:27:39.936+0000] {taskinstance.py:2648} INFO - Exporting env vars: AIRFLOW_CTX_DAG_OWNER='***' AIRFLOW_CTX_DAG_ID='stock_raw_aapl' AIRFLOW_CTX_TASK_ID='download_and_load_raw' AIRFLOW_CTX_EXECUTION_DATE='2024-12-29T00:00:00+00:00' AIRFLOW_CTX_TRY_NUMBER='1' AIRFLOW_CTX_DAG_RUN_ID='scheduled__2024-12-29T00:00:00+00:00'
[2026-02-09T10:27:39.938+0000] {taskinstance.py:430} INFO - ::endgroup::
[2026-02-09T10:27:39.954+0000] {logging_mixin.py:188} INFO - [RAW] Download AAPL [1d] 2024-12-29..2024-12-30
[2026-02-09T10:27:39.957+0000] {logging_mixin.py:188} WARNING - /opt/***/dags/stocks_dwh/raw/stocks_raw_dags.py:38 FutureWarning: YF.download() has changed argument auto_adjust default to True
[2026-02-09T10:27:39.968+0000] {logging_mixin.py:188} WARNING - /home/***/.local/lib/python3.12/site-packages/yfinance/scrapers/history.py:204 Pandas4Warning: Timestamp.utcnow is deprecated and will be removed in a future version. Use Timestamp.now('UTC') instead.
[2026-02-09T10:27:40.456+0000] {multi.py:185} ERROR - 
1 Failed download:
[2026-02-09T10:27:40.458+0000] {multi.py:198} ERROR - ['AAPL']: YFPricesMissingError('possibly delisted; no price data found  (1d 2024-12-29 -> 2024-12-30)')
[2026-02-09T10:27:40.470+0000] {logging_mixin.py:188} INFO - [RAW] No data from yfinance
[2026-02-09T10:27:40.471+0000] {python.py:237} INFO - Done. Returned value was: None
[2026-02-09T10:27:40.471+0000] {taskinstance.py:441} INFO - ::group::Post task execution logs
[2026-02-09T10:27:40.482+0000] {taskinstance.py:1206} INFO - Marking task as SUCCESS. dag_id=stock_raw_aapl, task_id=download_and_load_raw, run_id=scheduled__2024-12-29T00:00:00+00:00, execution_date=20241229T000000, start_date=20260209T102739, end_date=20260209T102740
[2026-02-09T10:27:40.526+0000] {local_task_job_runner.py:243} INFO - Task exited with return code 0
[2026-02-09T10:27:40.542+0000] {taskinstance.py:3503} INFO - 0 downstream tasks scheduled from follow-on schedule check
[2026-02-09T10:27:40.545+0000] {local_task_job_runner.py:222} INFO - ::endgroup::
[2026-02-09T12:29:20.500+0000] {local_task_job_runner.py:120} INFO - ::group::Pre task execution logs
[2026-02-09T12:29:20.532+0000] {taskinstance.py:2076} INFO - Dependencies all met for dep_context=non-requeueable deps ti=<TaskInstance: stock_raw_aapl.download_and_load_raw scheduled__2024-12-29T00:00:00+00:00 [queued]>
[2026-02-09T12:29:20.540+0000] {taskinstance.py:2076} INFO - Dependencies all met for dep_context=requeueable deps ti=<TaskInstance: stock_raw_aapl.download_and_load_raw scheduled__2024-12-29T00:00:00+00:00 [queued]>
[2026-02-09T12:29:20.541+0000] {taskinstance.py:2306} INFO - Starting attempt 1 of 1
[2026-02-09T12:29:20.553+0000] {taskinstance.py:2330} INFO - Executing <Task(PythonOperator): download_and_load_raw> on 2024-12-29 00:00:00+00:00
[2026-02-09T12:29:20.565+0000] {logging_mixin.py:188} WARNING - /home/***/.local/lib/python3.12/site-packages/***/task/task_runner/standard_task_runner.py:62 DeprecationWarning: This process (pid=16739) is multi-threaded, use of fork() may lead to deadlocks in the child.
[2026-02-09T12:29:20.566+0000] {standard_task_runner.py:64} INFO - Started process 16742 to run task
[2026-02-09T12:29:20.565+0000] {standard_task_runner.py:90} INFO - Running: ['***', 'tasks', 'run', 'stock_raw_aapl', 'download_and_load_raw', 'scheduled__2024-12-29T00:00:00+00:00', '--job-id', '7478', '--raw', '--subdir', 'DAGS_FOLDER/stocks_dwh/raw/stocks_raw_dags.py', '--cfg-path', '/tmp/tmp4h3r08lt']
[2026-02-09T12:29:20.567+0000] {standard_task_runner.py:91} INFO - Job 7478: Subtask download_and_load_raw
[2026-02-09T12:29:20.632+0000] {task_command.py:426} INFO - Running <TaskInstance: stock_raw_aapl.download_and_load_raw scheduled__2024-12-29T00:00:00+00:00 [running]> on host 4886d37bc122
[2026-02-09T12:29:20.733+0000] {taskinstance.py:2648} INFO - Exporting env vars: AIRFLOW_CTX_DAG_OWNER='***' AIRFLOW_CTX_DAG_ID='stock_raw_aapl' AIRFLOW_CTX_TASK_ID='download_and_load_raw' AIRFLOW_CTX_EXECUTION_DATE='2024-12-29T00:00:00+00:00' AIRFLOW_CTX_TRY_NUMBER='1' AIRFLOW_CTX_DAG_RUN_ID='scheduled__2024-12-29T00:00:00+00:00'
[2026-02-09T12:29:20.734+0000] {taskinstance.py:430} INFO - ::endgroup::
[2026-02-09T12:29:20.746+0000] {stocks_raw_dags.py:37} INFO - 2024-12-29 00:00:00+00:00, 2024-12-30 00:00:00+00:00
[2026-02-09T12:29:20.746+0000] {logging_mixin.py:188} INFO - [RAW] Download AAPL [1d] 2024-12-28..2024-12-30
[2026-02-09T12:29:20.748+0000] {logging_mixin.py:188} WARNING - /opt/***/dags/stocks_dwh/raw/stocks_raw_dags.py:42 FutureWarning: YF.download() has changed argument auto_adjust default to True
[2026-02-09T12:29:20.757+0000] {logging_mixin.py:188} WARNING - /home/***/.local/lib/python3.12/site-packages/yfinance/scrapers/history.py:204 Pandas4Warning: Timestamp.utcnow is deprecated and will be removed in a future version. Use Timestamp.now('UTC') instead.
[2026-02-09T12:29:21.259+0000] {logging_mixin.py:188} WARNING - [*********************100%***********************]  1 of 1 completed
[2026-02-09T12:29:21.262+0000] {multi.py:185} ERROR - 
1 Failed download:
[2026-02-09T12:29:21.262+0000] {multi.py:198} ERROR - ['AAPL']: YFPricesMissingError('possibly delisted; no price data found  (1d 2024-12-28 -> 2024-12-30)')
[2026-02-09T12:29:21.275+0000] {logging_mixin.py:188} INFO - [RAW] No data from yfinance
[2026-02-09T12:29:21.276+0000] {python.py:237} INFO - Done. Returned value was: None
[2026-02-09T12:29:21.276+0000] {taskinstance.py:441} INFO - ::group::Post task execution logs
[2026-02-09T12:29:21.287+0000] {taskinstance.py:1206} INFO - Marking task as SUCCESS. dag_id=stock_raw_aapl, task_id=download_and_load_raw, run_id=scheduled__2024-12-29T00:00:00+00:00, execution_date=20241229T000000, start_date=20260209T122920, end_date=20260209T122921
[2026-02-09T12:29:21.342+0000] {local_task_job_runner.py:243} INFO - Task exited with return code 0
[2026-02-09T12:29:21.364+0000] {taskinstance.py:3503} INFO - 0 downstream tasks scheduled from follow-on schedule check
[2026-02-09T12:29:21.367+0000] {local_task_job_runner.py:222} INFO - ::endgroup::
