[2026-02-09T12:11:57.845+0000] {local_task_job_runner.py:120} INFO - ::group::Pre task execution logs
[2026-02-09T12:11:57.874+0000] {taskinstance.py:2076} INFO - Dependencies all met for dep_context=non-requeueable deps ti=<TaskInstance: stock_raw_aapl.download_and_load_raw scheduled__2024-02-03T00:00:00+00:00 [queued]>
[2026-02-09T12:11:57.881+0000] {taskinstance.py:2076} INFO - Dependencies all met for dep_context=requeueable deps ti=<TaskInstance: stock_raw_aapl.download_and_load_raw scheduled__2024-02-03T00:00:00+00:00 [queued]>
[2026-02-09T12:11:57.882+0000] {taskinstance.py:2306} INFO - Starting attempt 1 of 1
[2026-02-09T12:11:57.893+0000] {taskinstance.py:2330} INFO - Executing <Task(PythonOperator): download_and_load_raw> on 2024-02-03 00:00:00+00:00
[2026-02-09T12:11:57.906+0000] {logging_mixin.py:188} WARNING - /home/***/.local/lib/python3.12/site-packages/***/task/task_runner/standard_task_runner.py:62 DeprecationWarning: This process (pid=13686) is multi-threaded, use of fork() may lead to deadlocks in the child.
[2026-02-09T12:11:57.907+0000] {standard_task_runner.py:64} INFO - Started process 13690 to run task
[2026-02-09T12:11:57.906+0000] {standard_task_runner.py:90} INFO - Running: ['***', 'tasks', 'run', 'stock_raw_aapl', 'download_and_load_raw', 'scheduled__2024-02-03T00:00:00+00:00', '--job-id', '6817', '--raw', '--subdir', 'DAGS_FOLDER/stocks_dwh/raw/stocks_raw_dags.py', '--cfg-path', '/tmp/tmpd53xoxoc']
[2026-02-09T12:11:57.908+0000] {standard_task_runner.py:91} INFO - Job 6817: Subtask download_and_load_raw
[2026-02-09T12:11:57.967+0000] {task_command.py:426} INFO - Running <TaskInstance: stock_raw_aapl.download_and_load_raw scheduled__2024-02-03T00:00:00+00:00 [running]> on host 4886d37bc122
[2026-02-09T12:11:58.053+0000] {taskinstance.py:2648} INFO - Exporting env vars: AIRFLOW_CTX_DAG_OWNER='***' AIRFLOW_CTX_DAG_ID='stock_raw_aapl' AIRFLOW_CTX_TASK_ID='download_and_load_raw' AIRFLOW_CTX_EXECUTION_DATE='2024-02-03T00:00:00+00:00' AIRFLOW_CTX_TRY_NUMBER='1' AIRFLOW_CTX_DAG_RUN_ID='scheduled__2024-02-03T00:00:00+00:00'
[2026-02-09T12:11:58.054+0000] {taskinstance.py:430} INFO - ::endgroup::
[2026-02-09T12:11:58.064+0000] {stocks_raw_dags.py:37} INFO - 2024-02-03 00:00:00+00:00, 2024-02-04 00:00:00+00:00
[2026-02-09T12:11:58.065+0000] {logging_mixin.py:188} INFO - [RAW] Download AAPL [1d] 2024-02-02..2024-02-04
[2026-02-09T12:11:58.067+0000] {logging_mixin.py:188} WARNING - /opt/***/dags/stocks_dwh/raw/stocks_raw_dags.py:42 FutureWarning: YF.download() has changed argument auto_adjust default to True
[2026-02-09T12:11:58.077+0000] {logging_mixin.py:188} WARNING - /home/***/.local/lib/python3.12/site-packages/yfinance/scrapers/history.py:204 Pandas4Warning: Timestamp.utcnow is deprecated and will be removed in a future version. Use Timestamp.now('UTC') instead.
[2026-02-09T12:11:58.595+0000] {logging_mixin.py:188} WARNING - [*********************100%***********************]  1 of 1 completed
[2026-02-09T12:11:58.632+0000] {base.py:84} INFO - Using connection ID 'dwh_clickhouse' for task execution.
[2026-02-09T12:11:58.654+0000] {logging_mixin.py:188} INFO - [RAW] Deleted existing rows for AAPL in 2024-02-02..2024-02-04
[2026-02-09T12:11:58.670+0000] {logging_mixin.py:188} INFO - [RAW] Inserted 1 rows into dwh.raw_stock_prices
[2026-02-09T12:11:58.671+0000] {python.py:237} INFO - Done. Returned value was: None
[2026-02-09T12:11:58.673+0000] {taskinstance.py:441} INFO - ::group::Post task execution logs
[2026-02-09T12:11:58.687+0000] {taskinstance.py:1206} INFO - Marking task as SUCCESS. dag_id=stock_raw_aapl, task_id=download_and_load_raw, run_id=scheduled__2024-02-03T00:00:00+00:00, execution_date=20240203T000000, start_date=20260209T121157, end_date=20260209T121158
[2026-02-09T12:11:58.763+0000] {local_task_job_runner.py:243} INFO - Task exited with return code 0
[2026-02-09T12:11:58.781+0000] {taskinstance.py:3503} INFO - 0 downstream tasks scheduled from follow-on schedule check
[2026-02-09T12:11:58.783+0000] {local_task_job_runner.py:222} INFO - ::endgroup::
