[2026-02-09T10:48:08.362+0000] {local_task_job_runner.py:120} INFO - ::group::Pre task execution logs
[2026-02-09T10:48:08.407+0000] {taskinstance.py:2076} INFO - Dependencies all met for dep_context=non-requeueable deps ti=<TaskInstance: stock_raw_aapl.download_and_load_raw scheduled__2026-01-11T00:00:00+00:00 [queued]>
[2026-02-09T10:48:08.421+0000] {taskinstance.py:2076} INFO - Dependencies all met for dep_context=requeueable deps ti=<TaskInstance: stock_raw_aapl.download_and_load_raw scheduled__2026-01-11T00:00:00+00:00 [queued]>
[2026-02-09T10:48:08.422+0000] {taskinstance.py:2306} INFO - Starting attempt 1 of 1
[2026-02-09T10:48:08.438+0000] {taskinstance.py:2330} INFO - Executing <Task(PythonOperator): download_and_load_raw> on 2026-01-11 00:00:00+00:00
[2026-02-09T10:48:08.456+0000] {logging_mixin.py:188} WARNING - /home/***/.local/lib/python3.12/site-packages/***/task/task_runner/standard_task_runner.py:62 DeprecationWarning: This process (pid=10350) is multi-threaded, use of fork() may lead to deadlocks in the child.
[2026-02-09T10:48:08.458+0000] {standard_task_runner.py:64} INFO - Started process 10361 to run task
[2026-02-09T10:48:08.456+0000] {standard_task_runner.py:90} INFO - Running: ['***', 'tasks', 'run', 'stock_raw_aapl', 'download_and_load_raw', 'scheduled__2026-01-11T00:00:00+00:00', '--job-id', '6493', '--raw', '--subdir', 'DAGS_FOLDER/stocks_dwh/raw/stocks_raw_dags.py', '--cfg-path', '/tmp/tmpeyrxsu30']
[2026-02-09T10:48:08.460+0000] {standard_task_runner.py:91} INFO - Job 6493: Subtask download_and_load_raw
[2026-02-09T10:48:08.546+0000] {task_command.py:426} INFO - Running <TaskInstance: stock_raw_aapl.download_and_load_raw scheduled__2026-01-11T00:00:00+00:00 [running]> on host 4886d37bc122
[2026-02-09T10:48:08.670+0000] {taskinstance.py:2648} INFO - Exporting env vars: AIRFLOW_CTX_DAG_OWNER='***' AIRFLOW_CTX_DAG_ID='stock_raw_aapl' AIRFLOW_CTX_TASK_ID='download_and_load_raw' AIRFLOW_CTX_EXECUTION_DATE='2026-01-11T00:00:00+00:00' AIRFLOW_CTX_TRY_NUMBER='1' AIRFLOW_CTX_DAG_RUN_ID='scheduled__2026-01-11T00:00:00+00:00'
[2026-02-09T10:48:08.671+0000] {taskinstance.py:430} INFO - ::endgroup::
[2026-02-09T10:48:08.684+0000] {logging_mixin.py:188} INFO - [RAW] Download AAPL [1d] 2026-01-11..2026-01-12
[2026-02-09T10:48:08.687+0000] {logging_mixin.py:188} WARNING - /opt/***/dags/stocks_dwh/raw/stocks_raw_dags.py:38 FutureWarning: YF.download() has changed argument auto_adjust default to True
[2026-02-09T10:48:08.700+0000] {logging_mixin.py:188} WARNING - /home/***/.local/lib/python3.12/site-packages/yfinance/scrapers/history.py:204 Pandas4Warning: Timestamp.utcnow is deprecated and will be removed in a future version. Use Timestamp.now('UTC') instead.
[2026-02-09T10:48:09.220+0000] {multi.py:185} ERROR - 
1 Failed download:
[2026-02-09T10:48:09.221+0000] {multi.py:198} ERROR - ['AAPL']: YFPricesMissingError('possibly delisted; no price data found  (1d 2026-01-11 -> 2026-01-12)')
[2026-02-09T10:48:09.241+0000] {logging_mixin.py:188} INFO - [RAW] No data from yfinance
[2026-02-09T10:48:09.241+0000] {python.py:237} INFO - Done. Returned value was: None
[2026-02-09T10:48:09.242+0000] {taskinstance.py:441} INFO - ::group::Post task execution logs
[2026-02-09T10:48:09.254+0000] {taskinstance.py:1206} INFO - Marking task as SUCCESS. dag_id=stock_raw_aapl, task_id=download_and_load_raw, run_id=scheduled__2026-01-11T00:00:00+00:00, execution_date=20260111T000000, start_date=20260209T104808, end_date=20260209T104809
[2026-02-09T10:48:09.317+0000] {local_task_job_runner.py:243} INFO - Task exited with return code 0
[2026-02-09T10:48:09.335+0000] {taskinstance.py:3503} INFO - 0 downstream tasks scheduled from follow-on schedule check
[2026-02-09T10:48:09.338+0000] {local_task_job_runner.py:222} INFO - ::endgroup::
[2026-02-09T12:50:13.073+0000] {local_task_job_runner.py:120} INFO - ::group::Pre task execution logs
[2026-02-09T12:50:13.107+0000] {taskinstance.py:2076} INFO - Dependencies all met for dep_context=non-requeueable deps ti=<TaskInstance: stock_raw_aapl.download_and_load_raw scheduled__2026-01-11T00:00:00+00:00 [queued]>
[2026-02-09T12:50:13.116+0000] {taskinstance.py:2076} INFO - Dependencies all met for dep_context=requeueable deps ti=<TaskInstance: stock_raw_aapl.download_and_load_raw scheduled__2026-01-11T00:00:00+00:00 [queued]>
[2026-02-09T12:50:13.117+0000] {taskinstance.py:2306} INFO - Starting attempt 1 of 1
[2026-02-09T12:50:13.131+0000] {taskinstance.py:2330} INFO - Executing <Task(PythonOperator): download_and_load_raw> on 2026-01-11 00:00:00+00:00
[2026-02-09T12:50:13.147+0000] {standard_task_runner.py:90} INFO - Running: ['***', 'tasks', 'run', 'stock_raw_aapl', 'download_and_load_raw', 'scheduled__2026-01-11T00:00:00+00:00', '--job-id', '7933', '--raw', '--subdir', 'DAGS_FOLDER/stocks_dwh/raw/stocks_raw_dags.py', '--cfg-path', '/tmp/tmprbcdtqld']
[2026-02-09T12:50:13.147+0000] {logging_mixin.py:188} WARNING - /home/***/.local/lib/python3.12/site-packages/***/task/task_runner/standard_task_runner.py:62 DeprecationWarning: This process (pid=19051) is multi-threaded, use of fork() may lead to deadlocks in the child.
[2026-02-09T12:50:13.149+0000] {standard_task_runner.py:91} INFO - Job 7933: Subtask download_and_load_raw
[2026-02-09T12:50:13.149+0000] {standard_task_runner.py:64} INFO - Started process 19057 to run task
[2026-02-09T12:50:13.217+0000] {task_command.py:426} INFO - Running <TaskInstance: stock_raw_aapl.download_and_load_raw scheduled__2026-01-11T00:00:00+00:00 [running]> on host 4886d37bc122
[2026-02-09T12:50:13.319+0000] {taskinstance.py:2648} INFO - Exporting env vars: AIRFLOW_CTX_DAG_OWNER='***' AIRFLOW_CTX_DAG_ID='stock_raw_aapl' AIRFLOW_CTX_TASK_ID='download_and_load_raw' AIRFLOW_CTX_EXECUTION_DATE='2026-01-11T00:00:00+00:00' AIRFLOW_CTX_TRY_NUMBER='1' AIRFLOW_CTX_DAG_RUN_ID='scheduled__2026-01-11T00:00:00+00:00'
[2026-02-09T12:50:13.321+0000] {taskinstance.py:430} INFO - ::endgroup::
[2026-02-09T12:50:13.334+0000] {stocks_raw_dags.py:37} INFO - 2026-01-11 00:00:00+00:00, 2026-01-12 00:00:00+00:00
[2026-02-09T12:50:13.334+0000] {logging_mixin.py:188} INFO - [RAW] Download AAPL [1d] 2026-01-10..2026-01-12
[2026-02-09T12:50:13.337+0000] {logging_mixin.py:188} WARNING - /opt/***/dags/stocks_dwh/raw/stocks_raw_dags.py:42 FutureWarning: YF.download() has changed argument auto_adjust default to True
[2026-02-09T12:50:13.346+0000] {logging_mixin.py:188} WARNING - /home/***/.local/lib/python3.12/site-packages/yfinance/scrapers/history.py:204 Pandas4Warning: Timestamp.utcnow is deprecated and will be removed in a future version. Use Timestamp.now('UTC') instead.
[2026-02-09T12:50:13.848+0000] {logging_mixin.py:188} WARNING - [*********************100%***********************]  1 of 1 completed
[2026-02-09T12:50:13.849+0000] {multi.py:185} ERROR - 
1 Failed download:
[2026-02-09T12:50:13.849+0000] {multi.py:198} ERROR - ['AAPL']: YFPricesMissingError('possibly delisted; no price data found  (1d 2026-01-10 -> 2026-01-12)')
[2026-02-09T12:50:13.862+0000] {logging_mixin.py:188} INFO - [RAW] No data from yfinance
[2026-02-09T12:50:13.863+0000] {python.py:237} INFO - Done. Returned value was: None
[2026-02-09T12:50:13.863+0000] {taskinstance.py:441} INFO - ::group::Post task execution logs
[2026-02-09T12:50:13.873+0000] {taskinstance.py:1206} INFO - Marking task as SUCCESS. dag_id=stock_raw_aapl, task_id=download_and_load_raw, run_id=scheduled__2026-01-11T00:00:00+00:00, execution_date=20260111T000000, start_date=20260209T125013, end_date=20260209T125013
[2026-02-09T12:50:13.925+0000] {local_task_job_runner.py:243} INFO - Task exited with return code 0
[2026-02-09T12:50:13.944+0000] {taskinstance.py:3503} INFO - 0 downstream tasks scheduled from follow-on schedule check
[2026-02-09T12:50:13.949+0000] {local_task_job_runner.py:222} INFO - ::endgroup::
