[2026-02-09T10:07:06.600+0000] {local_task_job_runner.py:120} INFO - ::group::Pre task execution logs
[2026-02-09T10:07:06.631+0000] {taskinstance.py:2076} INFO - Dependencies all met for dep_context=non-requeueable deps ti=<TaskInstance: stock_raw_aapl.download scheduled__2024-01-30T00:00:00+00:00 [queued]>
[2026-02-09T10:07:06.642+0000] {taskinstance.py:2076} INFO - Dependencies all met for dep_context=requeueable deps ti=<TaskInstance: stock_raw_aapl.download scheduled__2024-01-30T00:00:00+00:00 [queued]>
[2026-02-09T10:07:06.643+0000] {taskinstance.py:2306} INFO - Starting attempt 1 of 1
[2026-02-09T10:07:06.656+0000] {taskinstance.py:2330} INFO - Executing <Task(PythonOperator): download> on 2024-01-30 00:00:00+00:00
[2026-02-09T10:07:06.668+0000] {logging_mixin.py:188} WARNING - /home/***/.local/lib/python3.12/site-packages/***/task/task_runner/standard_task_runner.py:62 DeprecationWarning: This process (pid=1584) is multi-threaded, use of fork() may lead to deadlocks in the child.
[2026-02-09T10:07:06.670+0000] {standard_task_runner.py:64} INFO - Started process 1595 to run task
[2026-02-09T10:07:06.668+0000] {standard_task_runner.py:90} INFO - Running: ['***', 'tasks', 'run', 'stock_raw_aapl', 'download', 'scheduled__2024-01-30T00:00:00+00:00', '--job-id', '2975', '--raw', '--subdir', 'DAGS_FOLDER/stocks_dwh/raw/stocks_raw_dags.py', '--cfg-path', '/tmp/tmph1iz1ipt']
[2026-02-09T10:07:06.672+0000] {standard_task_runner.py:91} INFO - Job 2975: Subtask download
[2026-02-09T10:07:06.738+0000] {task_command.py:426} INFO - Running <TaskInstance: stock_raw_aapl.download scheduled__2024-01-30T00:00:00+00:00 [running]> on host b6b9e92e7d61
[2026-02-09T10:07:06.835+0000] {taskinstance.py:2648} INFO - Exporting env vars: AIRFLOW_CTX_DAG_OWNER='***' AIRFLOW_CTX_DAG_ID='stock_raw_aapl' AIRFLOW_CTX_TASK_ID='download' AIRFLOW_CTX_EXECUTION_DATE='2024-01-30T00:00:00+00:00' AIRFLOW_CTX_TRY_NUMBER='1' AIRFLOW_CTX_DAG_RUN_ID='scheduled__2024-01-30T00:00:00+00:00'
[2026-02-09T10:07:06.837+0000] {taskinstance.py:430} INFO - ::endgroup::
[2026-02-09T10:07:06.850+0000] {logging_mixin.py:188} INFO - Downloading AAPL [1d] from 2024-01-30 to 2024-01-31
[2026-02-09T10:07:06.853+0000] {logging_mixin.py:188} WARNING - /opt/***/dags/stocks_dwh/raw/stocks_raw_dags.py:25 FutureWarning: YF.download() has changed argument auto_adjust default to True
[2026-02-09T10:07:06.862+0000] {logging_mixin.py:188} WARNING - /home/***/.local/lib/python3.12/site-packages/yfinance/scrapers/history.py:204 Pandas4Warning: Timestamp.utcnow is deprecated and will be removed in a future version. Use Timestamp.now('UTC') instead.
[2026-02-09T10:07:07.414+0000] {logging_mixin.py:188} INFO - Saved -> /opt/***/data/aapl__2024-01-30__2024-01-31__1d.parquet
[2026-02-09T10:07:07.415+0000] {python.py:237} INFO - Done. Returned value was: None
[2026-02-09T10:07:07.415+0000] {taskinstance.py:441} INFO - ::group::Post task execution logs
[2026-02-09T10:07:07.428+0000] {taskinstance.py:1206} INFO - Marking task as SUCCESS. dag_id=stock_raw_aapl, task_id=download, run_id=scheduled__2024-01-30T00:00:00+00:00, execution_date=20240130T000000, start_date=20260209T100706, end_date=20260209T100707
[2026-02-09T10:07:07.486+0000] {local_task_job_runner.py:243} INFO - Task exited with return code 0
[2026-02-09T10:07:07.498+0000] {local_task_job_runner.py:222} INFO - ::endgroup::
