[2026-02-09T10:21:54.314+0000] {local_task_job_runner.py:120} INFO - ::group::Pre task execution logs
[2026-02-09T10:21:54.343+0000] {taskinstance.py:2076} INFO - Dependencies all met for dep_context=non-requeueable deps ti=<TaskInstance: stock_raw_aapl.download_and_load_raw scheduled__2024-09-19T00:00:00+00:00 [queued]>
[2026-02-09T10:21:54.350+0000] {taskinstance.py:2076} INFO - Dependencies all met for dep_context=requeueable deps ti=<TaskInstance: stock_raw_aapl.download_and_load_raw scheduled__2024-09-19T00:00:00+00:00 [queued]>
[2026-02-09T10:21:54.351+0000] {taskinstance.py:2306} INFO - Starting attempt 1 of 1
[2026-02-09T10:21:54.363+0000] {taskinstance.py:2330} INFO - Executing <Task(PythonOperator): download_and_load_raw> on 2024-09-19 00:00:00+00:00
[2026-02-09T10:21:54.377+0000] {logging_mixin.py:188} WARNING - /home/***/.local/lib/python3.12/site-packages/***/task/task_runner/standard_task_runner.py:62 DeprecationWarning: This process (pid=289) is multi-threaded, use of fork() may lead to deadlocks in the child.
[2026-02-09T10:21:54.376+0000] {standard_task_runner.py:90} INFO - Running: ['***', 'tasks', 'run', 'stock_raw_aapl', 'download_and_load_raw', 'scheduled__2024-09-19T00:00:00+00:00', '--job-id', '4130', '--raw', '--subdir', 'DAGS_FOLDER/stocks_dwh/raw/stocks_raw_dags.py', '--cfg-path', '/tmp/tmpnai29wjg']
[2026-02-09T10:21:54.379+0000] {standard_task_runner.py:64} INFO - Started process 298 to run task
[2026-02-09T10:21:54.379+0000] {standard_task_runner.py:91} INFO - Job 4130: Subtask download_and_load_raw
[2026-02-09T10:21:54.438+0000] {task_command.py:426} INFO - Running <TaskInstance: stock_raw_aapl.download_and_load_raw scheduled__2024-09-19T00:00:00+00:00 [running]> on host 4886d37bc122
[2026-02-09T10:21:54.524+0000] {taskinstance.py:2648} INFO - Exporting env vars: AIRFLOW_CTX_DAG_OWNER='***' AIRFLOW_CTX_DAG_ID='stock_raw_aapl' AIRFLOW_CTX_TASK_ID='download_and_load_raw' AIRFLOW_CTX_EXECUTION_DATE='2024-09-19T00:00:00+00:00' AIRFLOW_CTX_TRY_NUMBER='1' AIRFLOW_CTX_DAG_RUN_ID='scheduled__2024-09-19T00:00:00+00:00'
[2026-02-09T10:21:54.527+0000] {taskinstance.py:430} INFO - ::endgroup::
[2026-02-09T10:21:54.537+0000] {logging_mixin.py:188} INFO - [RAW] Download AAPL [1d] 2024-09-19..2024-09-20
[2026-02-09T10:21:54.540+0000] {logging_mixin.py:188} WARNING - /opt/***/dags/stocks_dwh/raw/stocks_raw_dags.py:38 FutureWarning: YF.download() has changed argument auto_adjust default to True
[2026-02-09T10:21:54.550+0000] {logging_mixin.py:188} WARNING - /home/***/.local/lib/python3.12/site-packages/yfinance/scrapers/history.py:204 Pandas4Warning: Timestamp.utcnow is deprecated and will be removed in a future version. Use Timestamp.now('UTC') instead.
[2026-02-09T10:21:55.323+0000] {taskinstance.py:441} INFO - ::group::Post task execution logs
[2026-02-09T10:21:55.323+0000] {taskinstance.py:2905} ERROR - Task failed with exception
Traceback (most recent call last):
  File "/home/airflow/.local/lib/python3.12/site-packages/airflow/models/taskinstance.py", line 465, in _execute_task
    result = _execute_callable(context=context, **execute_callable_kwargs)
             ^^^^^^^^^^^^^^^^^^^^^^^^^^^^^^^^^^^^^^^^^^^^^^^^^^^^^^^^^^^^^
  File "/home/airflow/.local/lib/python3.12/site-packages/airflow/models/taskinstance.py", line 432, in _execute_callable
    return execute_callable(context=context, **execute_callable_kwargs)
           ^^^^^^^^^^^^^^^^^^^^^^^^^^^^^^^^^^^^^^^^^^^^^^^^^^^^^^^^^^^^
  File "/home/airflow/.local/lib/python3.12/site-packages/airflow/models/baseoperator.py", line 401, in wrapper
    return func(self, *args, **kwargs)
           ^^^^^^^^^^^^^^^^^^^^^^^^^^^
  File "/home/airflow/.local/lib/python3.12/site-packages/airflow/operators/python.py", line 235, in execute
    return_value = self.execute_callable()
                   ^^^^^^^^^^^^^^^^^^^^^^^
  File "/home/airflow/.local/lib/python3.12/site-packages/airflow/operators/python.py", line 252, in execute_callable
    return self.python_callable(*self.op_args, **self.op_kwargs)
           ^^^^^^^^^^^^^^^^^^^^^^^^^^^^^^^^^^^^^^^^^^^^^^^^^^^^^
  File "/opt/airflow/dags/stocks_dwh/raw/stocks_raw_dags.py", line 86, in download_and_load_raw
    df["volume"] = pd.to_numeric(df["volume"], errors="coerce").fillna(0).astype("int64")
                   ^^^^^^^^^^^^^^^^^^^^^^^^^^^^^^^^^^^^^^^^^^^^
  File "/home/airflow/.local/lib/python3.12/site-packages/pandas/core/tools/numeric.py", line 212, in to_numeric
    raise TypeError("arg must be a list, tuple, 1-d array, or Series")
TypeError: arg must be a list, tuple, 1-d array, or Series
[2026-02-09T10:21:55.339+0000] {taskinstance.py:1206} INFO - Marking task as FAILED. dag_id=stock_raw_aapl, task_id=download_and_load_raw, run_id=scheduled__2024-09-19T00:00:00+00:00, execution_date=20240919T000000, start_date=20260209T102154, end_date=20260209T102155
[2026-02-09T10:21:55.349+0000] {standard_task_runner.py:110} ERROR - Failed to execute job 4130 for task download_and_load_raw (arg must be a list, tuple, 1-d array, or Series; 298)
[2026-02-09T10:21:55.395+0000] {local_task_job_runner.py:243} INFO - Task exited with return code 1
[2026-02-09T10:21:55.411+0000] {taskinstance.py:3503} INFO - 0 downstream tasks scheduled from follow-on schedule check
[2026-02-09T10:21:55.413+0000] {local_task_job_runner.py:222} INFO - ::endgroup::
[2026-02-09T12:24:09.933+0000] {local_task_job_runner.py:120} INFO - ::group::Pre task execution logs
[2026-02-09T12:24:09.963+0000] {taskinstance.py:2076} INFO - Dependencies all met for dep_context=non-requeueable deps ti=<TaskInstance: stock_raw_aapl.download_and_load_raw scheduled__2024-09-19T00:00:00+00:00 [queued]>
[2026-02-09T12:24:09.971+0000] {taskinstance.py:2076} INFO - Dependencies all met for dep_context=requeueable deps ti=<TaskInstance: stock_raw_aapl.download_and_load_raw scheduled__2024-09-19T00:00:00+00:00 [queued]>
[2026-02-09T12:24:09.971+0000] {taskinstance.py:2306} INFO - Starting attempt 1 of 1
[2026-02-09T12:24:09.984+0000] {taskinstance.py:2330} INFO - Executing <Task(PythonOperator): download_and_load_raw> on 2024-09-19 00:00:00+00:00
[2026-02-09T12:24:09.996+0000] {logging_mixin.py:188} WARNING - /home/***/.local/lib/python3.12/site-packages/***/task/task_runner/standard_task_runner.py:62 DeprecationWarning: This process (pid=15809) is multi-threaded, use of fork() may lead to deadlocks in the child.
[2026-02-09T12:24:09.997+0000] {standard_task_runner.py:64} INFO - Started process 15813 to run task
[2026-02-09T12:24:09.996+0000] {standard_task_runner.py:90} INFO - Running: ['***', 'tasks', 'run', 'stock_raw_aapl', 'download_and_load_raw', 'scheduled__2024-09-19T00:00:00+00:00', '--job-id', '7276', '--raw', '--subdir', 'DAGS_FOLDER/stocks_dwh/raw/stocks_raw_dags.py', '--cfg-path', '/tmp/tmp7i7s22ec']
[2026-02-09T12:24:09.998+0000] {standard_task_runner.py:91} INFO - Job 7276: Subtask download_and_load_raw
[2026-02-09T12:24:10.065+0000] {task_command.py:426} INFO - Running <TaskInstance: stock_raw_aapl.download_and_load_raw scheduled__2024-09-19T00:00:00+00:00 [running]> on host 4886d37bc122
[2026-02-09T12:24:10.171+0000] {taskinstance.py:2648} INFO - Exporting env vars: AIRFLOW_CTX_DAG_OWNER='***' AIRFLOW_CTX_DAG_ID='stock_raw_aapl' AIRFLOW_CTX_TASK_ID='download_and_load_raw' AIRFLOW_CTX_EXECUTION_DATE='2024-09-19T00:00:00+00:00' AIRFLOW_CTX_TRY_NUMBER='1' AIRFLOW_CTX_DAG_RUN_ID='scheduled__2024-09-19T00:00:00+00:00'
[2026-02-09T12:24:10.174+0000] {taskinstance.py:430} INFO - ::endgroup::
[2026-02-09T12:24:10.189+0000] {stocks_raw_dags.py:37} INFO - 2024-09-19 00:00:00+00:00, 2024-09-20 00:00:00+00:00
[2026-02-09T12:24:10.190+0000] {logging_mixin.py:188} INFO - [RAW] Download AAPL [1d] 2024-09-18..2024-09-20
[2026-02-09T12:24:10.192+0000] {logging_mixin.py:188} WARNING - /opt/***/dags/stocks_dwh/raw/stocks_raw_dags.py:42 FutureWarning: YF.download() has changed argument auto_adjust default to True
[2026-02-09T12:24:10.201+0000] {logging_mixin.py:188} WARNING - /home/***/.local/lib/python3.12/site-packages/yfinance/scrapers/history.py:204 Pandas4Warning: Timestamp.utcnow is deprecated and will be removed in a future version. Use Timestamp.now('UTC') instead.
[2026-02-09T12:24:10.757+0000] {logging_mixin.py:188} WARNING - [*********************100%***********************]  1 of 1 completed
[2026-02-09T12:24:10.818+0000] {base.py:84} INFO - Using connection ID 'dwh_clickhouse' for task execution.
[2026-02-09T12:24:10.842+0000] {logging_mixin.py:188} INFO - [RAW] Deleted existing rows for AAPL in 2024-09-18..2024-09-20
[2026-02-09T12:24:10.851+0000] {logging_mixin.py:188} INFO - [RAW] Inserted 2 rows into dwh.raw_stock_prices
[2026-02-09T12:24:10.852+0000] {python.py:237} INFO - Done. Returned value was: None
[2026-02-09T12:24:10.855+0000] {taskinstance.py:441} INFO - ::group::Post task execution logs
[2026-02-09T12:24:10.866+0000] {taskinstance.py:1206} INFO - Marking task as SUCCESS. dag_id=stock_raw_aapl, task_id=download_and_load_raw, run_id=scheduled__2024-09-19T00:00:00+00:00, execution_date=20240919T000000, start_date=20260209T122409, end_date=20260209T122410
[2026-02-09T12:24:10.934+0000] {local_task_job_runner.py:243} INFO - Task exited with return code 0
[2026-02-09T12:24:10.954+0000] {taskinstance.py:3503} INFO - 0 downstream tasks scheduled from follow-on schedule check
[2026-02-09T12:24:10.957+0000] {local_task_job_runner.py:222} INFO - ::endgroup::
