[2026-02-09T12:25:08.845+0000] {local_task_job_runner.py:120} INFO - ::group::Pre task execution logs
[2026-02-09T12:25:08.874+0000] {taskinstance.py:2076} INFO - Dependencies all met for dep_context=non-requeueable deps ti=<TaskInstance: stock_raw_msft.download_and_load_raw scheduled__2025-06-25T00:00:00+00:00 [queued]>
[2026-02-09T12:25:08.882+0000] {taskinstance.py:2076} INFO - Dependencies all met for dep_context=requeueable deps ti=<TaskInstance: stock_raw_msft.download_and_load_raw scheduled__2025-06-25T00:00:00+00:00 [queued]>
[2026-02-09T12:25:08.882+0000] {taskinstance.py:2306} INFO - Starting attempt 2 of 2
[2026-02-09T12:25:08.897+0000] {taskinstance.py:2330} INFO - Executing <Task(PythonOperator): download_and_load_raw> on 2025-06-25 00:00:00+00:00
[2026-02-09T12:25:08.911+0000] {logging_mixin.py:188} WARNING - /home/***/.local/lib/python3.12/site-packages/***/task/task_runner/standard_task_runner.py:62 DeprecationWarning: This process (pid=15994) is multi-threaded, use of fork() may lead to deadlocks in the child.
[2026-02-09T12:25:08.913+0000] {standard_task_runner.py:64} INFO - Started process 15997 to run task
[2026-02-09T12:25:08.912+0000] {standard_task_runner.py:90} INFO - Running: ['***', 'tasks', 'run', 'stock_raw_msft', 'download_and_load_raw', 'scheduled__2025-06-25T00:00:00+00:00', '--job-id', '7317', '--raw', '--subdir', 'DAGS_FOLDER/stocks_dwh/raw/stocks_raw_dags.py', '--cfg-path', '/tmp/tmpa_orir9a']
[2026-02-09T12:25:08.915+0000] {standard_task_runner.py:91} INFO - Job 7317: Subtask download_and_load_raw
[2026-02-09T12:25:08.979+0000] {task_command.py:426} INFO - Running <TaskInstance: stock_raw_msft.download_and_load_raw scheduled__2025-06-25T00:00:00+00:00 [running]> on host 4886d37bc122
[2026-02-09T12:25:09.070+0000] {taskinstance.py:2648} INFO - Exporting env vars: AIRFLOW_CTX_DAG_OWNER='***' AIRFLOW_CTX_DAG_ID='stock_raw_msft' AIRFLOW_CTX_TASK_ID='download_and_load_raw' AIRFLOW_CTX_EXECUTION_DATE='2025-06-25T00:00:00+00:00' AIRFLOW_CTX_TRY_NUMBER='2' AIRFLOW_CTX_DAG_RUN_ID='scheduled__2025-06-25T00:00:00+00:00'
[2026-02-09T12:25:09.071+0000] {taskinstance.py:430} INFO - ::endgroup::
[2026-02-09T12:25:09.081+0000] {stocks_raw_dags.py:37} INFO - 2025-06-25 00:00:00+00:00, 2025-06-26 00:00:00+00:00
[2026-02-09T12:25:09.081+0000] {logging_mixin.py:188} INFO - [RAW] Download MSFT [1d] 2025-06-24..2025-06-26
[2026-02-09T12:25:09.084+0000] {logging_mixin.py:188} WARNING - /opt/***/dags/stocks_dwh/raw/stocks_raw_dags.py:42 FutureWarning: YF.download() has changed argument auto_adjust default to True
[2026-02-09T12:25:09.092+0000] {logging_mixin.py:188} WARNING - /home/***/.local/lib/python3.12/site-packages/yfinance/scrapers/history.py:204 Pandas4Warning: Timestamp.utcnow is deprecated and will be removed in a future version. Use Timestamp.now('UTC') instead.
[2026-02-09T12:25:09.640+0000] {logging_mixin.py:188} WARNING - [*********************100%***********************]  1 of 1 completed
[2026-02-09T12:25:09.677+0000] {base.py:84} INFO - Using connection ID 'dwh_clickhouse' for task execution.
[2026-02-09T12:25:09.706+0000] {logging_mixin.py:188} INFO - [RAW] Deleted existing rows for MSFT in 2025-06-24..2025-06-26
[2026-02-09T12:25:09.716+0000] {logging_mixin.py:188} INFO - [RAW] Inserted 2 rows into dwh.raw_stock_prices
[2026-02-09T12:25:09.717+0000] {python.py:237} INFO - Done. Returned value was: None
[2026-02-09T12:25:09.718+0000] {taskinstance.py:441} INFO - ::group::Post task execution logs
[2026-02-09T12:25:09.729+0000] {taskinstance.py:1206} INFO - Marking task as SUCCESS. dag_id=stock_raw_msft, task_id=download_and_load_raw, run_id=scheduled__2025-06-25T00:00:00+00:00, execution_date=20250625T000000, start_date=20260209T122508, end_date=20260209T122509
[2026-02-09T12:25:09.770+0000] {local_task_job_runner.py:243} INFO - Task exited with return code 0
[2026-02-09T12:25:09.790+0000] {taskinstance.py:3503} INFO - 0 downstream tasks scheduled from follow-on schedule check
[2026-02-09T12:25:09.793+0000] {local_task_job_runner.py:222} INFO - ::endgroup::
