[2026-02-09T10:21:19.101+0000] {local_task_job_runner.py:120} INFO - ::group::Pre task execution logs
[2026-02-09T10:21:19.134+0000] {taskinstance.py:2076} INFO - Dependencies all met for dep_context=non-requeueable deps ti=<TaskInstance: stock_raw_aapl.download_and_load_raw scheduled__2024-09-15T00:00:00+00:00 [queued]>
[2026-02-09T10:21:19.143+0000] {taskinstance.py:2076} INFO - Dependencies all met for dep_context=requeueable deps ti=<TaskInstance: stock_raw_aapl.download_and_load_raw scheduled__2024-09-15T00:00:00+00:00 [queued]>
[2026-02-09T10:21:19.143+0000] {taskinstance.py:2306} INFO - Starting attempt 1 of 1
[2026-02-09T10:21:19.159+0000] {taskinstance.py:2330} INFO - Executing <Task(PythonOperator): download_and_load_raw> on 2024-09-15 00:00:00+00:00
[2026-02-09T10:21:19.174+0000] {logging_mixin.py:188} WARNING - /home/***/.local/lib/python3.12/site-packages/***/task/task_runner/standard_task_runner.py:62 DeprecationWarning: This process (pid=197) is multi-threaded, use of fork() may lead to deadlocks in the child.
[2026-02-09T10:21:19.173+0000] {standard_task_runner.py:90} INFO - Running: ['***', 'tasks', 'run', 'stock_raw_aapl', 'download_and_load_raw', 'scheduled__2024-09-15T00:00:00+00:00', '--job-id', '4110', '--raw', '--subdir', 'DAGS_FOLDER/stocks_dwh/raw/stocks_raw_dags.py', '--cfg-path', '/tmp/tmp4ynis57j']
[2026-02-09T10:21:19.176+0000] {standard_task_runner.py:64} INFO - Started process 207 to run task
[2026-02-09T10:21:19.176+0000] {standard_task_runner.py:91} INFO - Job 4110: Subtask download_and_load_raw
[2026-02-09T10:21:19.254+0000] {task_command.py:426} INFO - Running <TaskInstance: stock_raw_aapl.download_and_load_raw scheduled__2024-09-15T00:00:00+00:00 [running]> on host 4886d37bc122
[2026-02-09T10:21:19.397+0000] {taskinstance.py:2648} INFO - Exporting env vars: AIRFLOW_CTX_DAG_OWNER='***' AIRFLOW_CTX_DAG_ID='stock_raw_aapl' AIRFLOW_CTX_TASK_ID='download_and_load_raw' AIRFLOW_CTX_EXECUTION_DATE='2024-09-15T00:00:00+00:00' AIRFLOW_CTX_TRY_NUMBER='1' AIRFLOW_CTX_DAG_RUN_ID='scheduled__2024-09-15T00:00:00+00:00'
[2026-02-09T10:21:19.399+0000] {taskinstance.py:430} INFO - ::endgroup::
[2026-02-09T10:21:19.419+0000] {logging_mixin.py:188} INFO - [RAW] Download AAPL [1d] 2024-09-15..2024-09-16
[2026-02-09T10:21:19.425+0000] {logging_mixin.py:188} WARNING - /opt/***/dags/stocks_dwh/raw/stocks_raw_dags.py:38 FutureWarning: YF.download() has changed argument auto_adjust default to True
[2026-02-09T10:21:19.697+0000] {base.py:191} ERROR - Failed to get ticker 'AAPL' reason: UNIQUE constraint failed: _cookieschema.strategy
[2026-02-09T10:21:20.185+0000] {logging_mixin.py:188} WARNING - /home/***/.local/lib/python3.12/site-packages/yfinance/scrapers/quote.py:700 Pandas4Warning: Timestamp.utcnow is deprecated and will be removed in a future version. Use Timestamp.now('UTC') instead.
[2026-02-09T10:21:20.187+0000] {logging_mixin.py:188} WARNING - /home/***/.local/lib/python3.12/site-packages/yfinance/scrapers/quote.py:702 Pandas4Warning: Timestamp.utcnow is deprecated and will be removed in a future version. Use Timestamp.now('UTC') instead.
[2026-02-09T10:21:20.242+0000] {logging_mixin.py:188} WARNING - /home/***/.local/lib/python3.12/site-packages/yfinance/scrapers/history.py:204 Pandas4Warning: Timestamp.utcnow is deprecated and will be removed in a future version. Use Timestamp.now('UTC') instead.
[2026-02-09T10:21:20.364+0000] {multi.py:185} ERROR - 
1 Failed download:
[2026-02-09T10:21:20.365+0000] {multi.py:198} ERROR - ['AAPL']: YFPricesMissingError('possibly delisted; no price data found  (1d 2024-09-15 -> 2024-09-16)')
[2026-02-09T10:21:20.385+0000] {logging_mixin.py:188} INFO - [RAW] No data from yfinance
[2026-02-09T10:21:20.385+0000] {python.py:237} INFO - Done. Returned value was: None
[2026-02-09T10:21:20.386+0000] {taskinstance.py:441} INFO - ::group::Post task execution logs
[2026-02-09T10:21:20.400+0000] {taskinstance.py:1206} INFO - Marking task as SUCCESS. dag_id=stock_raw_aapl, task_id=download_and_load_raw, run_id=scheduled__2024-09-15T00:00:00+00:00, execution_date=20240915T000000, start_date=20260209T102119, end_date=20260209T102120
[2026-02-09T10:21:20.474+0000] {local_task_job_runner.py:243} INFO - Task exited with return code 0
[2026-02-09T10:21:20.496+0000] {taskinstance.py:3503} INFO - 0 downstream tasks scheduled from follow-on schedule check
[2026-02-09T10:21:20.498+0000] {local_task_job_runner.py:222} INFO - ::endgroup::
[2026-02-09T12:23:57.924+0000] {local_task_job_runner.py:120} INFO - ::group::Pre task execution logs
[2026-02-09T12:23:57.954+0000] {taskinstance.py:2076} INFO - Dependencies all met for dep_context=non-requeueable deps ti=<TaskInstance: stock_raw_aapl.download_and_load_raw scheduled__2024-09-15T00:00:00+00:00 [queued]>
[2026-02-09T12:23:57.963+0000] {taskinstance.py:2076} INFO - Dependencies all met for dep_context=requeueable deps ti=<TaskInstance: stock_raw_aapl.download_and_load_raw scheduled__2024-09-15T00:00:00+00:00 [queued]>
[2026-02-09T12:23:57.964+0000] {taskinstance.py:2306} INFO - Starting attempt 1 of 1
[2026-02-09T12:23:57.975+0000] {taskinstance.py:2330} INFO - Executing <Task(PythonOperator): download_and_load_raw> on 2024-09-15 00:00:00+00:00
[2026-02-09T12:23:57.987+0000] {logging_mixin.py:188} WARNING - /home/***/.local/lib/python3.12/site-packages/***/task/task_runner/standard_task_runner.py:62 DeprecationWarning: This process (pid=15772) is multi-threaded, use of fork() may lead to deadlocks in the child.
[2026-02-09T12:23:57.987+0000] {standard_task_runner.py:90} INFO - Running: ['***', 'tasks', 'run', 'stock_raw_aapl', 'download_and_load_raw', 'scheduled__2024-09-15T00:00:00+00:00', '--job-id', '7269', '--raw', '--subdir', 'DAGS_FOLDER/stocks_dwh/raw/stocks_raw_dags.py', '--cfg-path', '/tmp/tmp8a3uy4mt']
[2026-02-09T12:23:57.989+0000] {standard_task_runner.py:64} INFO - Started process 15776 to run task
[2026-02-09T12:23:57.989+0000] {standard_task_runner.py:91} INFO - Job 7269: Subtask download_and_load_raw
[2026-02-09T12:23:58.051+0000] {task_command.py:426} INFO - Running <TaskInstance: stock_raw_aapl.download_and_load_raw scheduled__2024-09-15T00:00:00+00:00 [running]> on host 4886d37bc122
[2026-02-09T12:23:58.143+0000] {taskinstance.py:2648} INFO - Exporting env vars: AIRFLOW_CTX_DAG_OWNER='***' AIRFLOW_CTX_DAG_ID='stock_raw_aapl' AIRFLOW_CTX_TASK_ID='download_and_load_raw' AIRFLOW_CTX_EXECUTION_DATE='2024-09-15T00:00:00+00:00' AIRFLOW_CTX_TRY_NUMBER='1' AIRFLOW_CTX_DAG_RUN_ID='scheduled__2024-09-15T00:00:00+00:00'
[2026-02-09T12:23:58.144+0000] {taskinstance.py:430} INFO - ::endgroup::
[2026-02-09T12:23:58.156+0000] {stocks_raw_dags.py:37} INFO - 2024-09-15 00:00:00+00:00, 2024-09-16 00:00:00+00:00
[2026-02-09T12:23:58.157+0000] {logging_mixin.py:188} INFO - [RAW] Download AAPL [1d] 2024-09-14..2024-09-16
[2026-02-09T12:23:58.159+0000] {logging_mixin.py:188} WARNING - /opt/***/dags/stocks_dwh/raw/stocks_raw_dags.py:42 FutureWarning: YF.download() has changed argument auto_adjust default to True
[2026-02-09T12:23:58.171+0000] {logging_mixin.py:188} WARNING - /home/***/.local/lib/python3.12/site-packages/yfinance/scrapers/history.py:204 Pandas4Warning: Timestamp.utcnow is deprecated and will be removed in a future version. Use Timestamp.now('UTC') instead.
[2026-02-09T12:23:58.643+0000] {logging_mixin.py:188} WARNING - [*********************100%***********************]  1 of 1 completed
[2026-02-09T12:23:58.644+0000] {multi.py:185} ERROR - 
1 Failed download:
[2026-02-09T12:23:58.645+0000] {multi.py:198} ERROR - ['AAPL']: YFPricesMissingError('possibly delisted; no price data found  (1d 2024-09-14 -> 2024-09-16)')
[2026-02-09T12:23:58.657+0000] {logging_mixin.py:188} INFO - [RAW] No data from yfinance
[2026-02-09T12:23:58.658+0000] {python.py:237} INFO - Done. Returned value was: None
[2026-02-09T12:23:58.658+0000] {taskinstance.py:441} INFO - ::group::Post task execution logs
[2026-02-09T12:23:58.668+0000] {taskinstance.py:1206} INFO - Marking task as SUCCESS. dag_id=stock_raw_aapl, task_id=download_and_load_raw, run_id=scheduled__2024-09-15T00:00:00+00:00, execution_date=20240915T000000, start_date=20260209T122357, end_date=20260209T122358
[2026-02-09T12:23:58.725+0000] {local_task_job_runner.py:243} INFO - Task exited with return code 0
[2026-02-09T12:23:58.744+0000] {taskinstance.py:3503} INFO - 0 downstream tasks scheduled from follow-on schedule check
[2026-02-09T12:23:58.746+0000] {local_task_job_runner.py:222} INFO - ::endgroup::
