[2026-02-09T10:37:48.960+0000] {local_task_job_runner.py:120} INFO - ::group::Pre task execution logs
[2026-02-09T10:37:48.994+0000] {taskinstance.py:2076} INFO - Dependencies all met for dep_context=non-requeueable deps ti=<TaskInstance: stock_raw_msft.download_and_load_raw scheduled__2025-06-30T00:00:00+00:00 [queued]>
[2026-02-09T10:37:49.002+0000] {taskinstance.py:2076} INFO - Dependencies all met for dep_context=requeueable deps ti=<TaskInstance: stock_raw_msft.download_and_load_raw scheduled__2025-06-30T00:00:00+00:00 [queued]>
[2026-02-09T10:37:49.003+0000] {taskinstance.py:2306} INFO - Starting attempt 1 of 1
[2026-02-09T10:37:49.021+0000] {taskinstance.py:2330} INFO - Executing <Task(PythonOperator): download_and_load_raw> on 2025-06-30 00:00:00+00:00
[2026-02-09T10:37:49.033+0000] {logging_mixin.py:188} WARNING - /home/***/.local/lib/python3.12/site-packages/***/task/task_runner/standard_task_runner.py:62 DeprecationWarning: This process (pid=6293) is multi-threaded, use of fork() may lead to deadlocks in the child.
[2026-02-09T10:37:49.035+0000] {standard_task_runner.py:64} INFO - Started process 6309 to run task
[2026-02-09T10:37:49.033+0000] {standard_task_runner.py:90} INFO - Running: ['***', 'tasks', 'run', 'stock_raw_msft', 'download_and_load_raw', 'scheduled__2025-06-30T00:00:00+00:00', '--job-id', '5538', '--raw', '--subdir', 'DAGS_FOLDER/stocks_dwh/raw/stocks_raw_dags.py', '--cfg-path', '/tmp/tmpwagmike5']
[2026-02-09T10:37:49.040+0000] {standard_task_runner.py:91} INFO - Job 5538: Subtask download_and_load_raw
[2026-02-09T10:37:49.104+0000] {task_command.py:426} INFO - Running <TaskInstance: stock_raw_msft.download_and_load_raw scheduled__2025-06-30T00:00:00+00:00 [running]> on host 4886d37bc122
[2026-02-09T10:37:49.198+0000] {taskinstance.py:2648} INFO - Exporting env vars: AIRFLOW_CTX_DAG_OWNER='***' AIRFLOW_CTX_DAG_ID='stock_raw_msft' AIRFLOW_CTX_TASK_ID='download_and_load_raw' AIRFLOW_CTX_EXECUTION_DATE='2025-06-30T00:00:00+00:00' AIRFLOW_CTX_TRY_NUMBER='1' AIRFLOW_CTX_DAG_RUN_ID='scheduled__2025-06-30T00:00:00+00:00'
[2026-02-09T10:37:49.200+0000] {taskinstance.py:430} INFO - ::endgroup::
[2026-02-09T10:37:49.214+0000] {logging_mixin.py:188} INFO - [RAW] Download MSFT [1d] 2025-06-30..2025-07-01
[2026-02-09T10:37:49.216+0000] {logging_mixin.py:188} WARNING - /opt/***/dags/stocks_dwh/raw/stocks_raw_dags.py:38 FutureWarning: YF.download() has changed argument auto_adjust default to True
[2026-02-09T10:37:49.266+0000] {logging_mixin.py:188} WARNING - /home/***/.local/lib/python3.12/site-packages/yfinance/scrapers/history.py:204 Pandas4Warning: Timestamp.utcnow is deprecated and will be removed in a future version. Use Timestamp.now('UTC') instead.
[2026-02-09T10:37:49.777+0000] {taskinstance.py:441} INFO - ::group::Post task execution logs
[2026-02-09T10:37:49.778+0000] {taskinstance.py:2905} ERROR - Task failed with exception
Traceback (most recent call last):
  File "/home/airflow/.local/lib/python3.12/site-packages/airflow/models/taskinstance.py", line 465, in _execute_task
    result = _execute_callable(context=context, **execute_callable_kwargs)
             ^^^^^^^^^^^^^^^^^^^^^^^^^^^^^^^^^^^^^^^^^^^^^^^^^^^^^^^^^^^^^
  File "/home/airflow/.local/lib/python3.12/site-packages/airflow/models/taskinstance.py", line 432, in _execute_callable
    return execute_callable(context=context, **execute_callable_kwargs)
           ^^^^^^^^^^^^^^^^^^^^^^^^^^^^^^^^^^^^^^^^^^^^^^^^^^^^^^^^^^^^
  File "/home/airflow/.local/lib/python3.12/site-packages/airflow/models/baseoperator.py", line 401, in wrapper
    return func(self, *args, **kwargs)
           ^^^^^^^^^^^^^^^^^^^^^^^^^^^
  File "/home/airflow/.local/lib/python3.12/site-packages/airflow/operators/python.py", line 235, in execute
    return_value = self.execute_callable()
                   ^^^^^^^^^^^^^^^^^^^^^^^
  File "/home/airflow/.local/lib/python3.12/site-packages/airflow/operators/python.py", line 252, in execute_callable
    return self.python_callable(*self.op_args, **self.op_kwargs)
           ^^^^^^^^^^^^^^^^^^^^^^^^^^^^^^^^^^^^^^^^^^^^^^^^^^^^^
  File "/opt/airflow/dags/stocks_dwh/raw/stocks_raw_dags.py", line 86, in download_and_load_raw
    df["volume"] = pd.to_numeric(df["volume"], errors="coerce").fillna(0).astype("int64")
                   ^^^^^^^^^^^^^^^^^^^^^^^^^^^^^^^^^^^^^^^^^^^^
  File "/home/airflow/.local/lib/python3.12/site-packages/pandas/core/tools/numeric.py", line 212, in to_numeric
    raise TypeError("arg must be a list, tuple, 1-d array, or Series")
TypeError: arg must be a list, tuple, 1-d array, or Series
[2026-02-09T10:37:49.792+0000] {taskinstance.py:1206} INFO - Marking task as FAILED. dag_id=stock_raw_msft, task_id=download_and_load_raw, run_id=scheduled__2025-06-30T00:00:00+00:00, execution_date=20250630T000000, start_date=20260209T103748, end_date=20260209T103749
[2026-02-09T10:37:49.803+0000] {standard_task_runner.py:110} ERROR - Failed to execute job 5538 for task download_and_load_raw (arg must be a list, tuple, 1-d array, or Series; 6309)
[2026-02-09T10:37:49.851+0000] {local_task_job_runner.py:243} INFO - Task exited with return code 1
[2026-02-09T10:37:49.866+0000] {taskinstance.py:3503} INFO - 0 downstream tasks scheduled from follow-on schedule check
[2026-02-09T10:37:49.868+0000] {local_task_job_runner.py:222} INFO - ::endgroup::
