[2026-02-09T10:05:17.348+0000] {local_task_job_runner.py:120} INFO - ::group::Pre task execution logs
[2026-02-09T10:05:17.376+0000] {taskinstance.py:2076} INFO - Dependencies all met for dep_context=non-requeueable deps ti=<TaskInstance: stock_raw_msft.download manual__2026-02-09T10:05:13.481753+00:00 [queued]>
[2026-02-09T10:05:17.386+0000] {taskinstance.py:2076} INFO - Dependencies all met for dep_context=requeueable deps ti=<TaskInstance: stock_raw_msft.download manual__2026-02-09T10:05:13.481753+00:00 [queued]>
[2026-02-09T10:05:17.387+0000] {taskinstance.py:2306} INFO - Starting attempt 1 of 1
[2026-02-09T10:05:17.399+0000] {taskinstance.py:2330} INFO - Executing <Task(PythonOperator): download> on 2026-02-09 10:05:13.481753+00:00
[2026-02-09T10:05:17.413+0000] {logging_mixin.py:188} WARNING - /home/***/.local/lib/python3.12/site-packages/***/task/task_runner/standard_task_runner.py:62 DeprecationWarning: This process (pid=990) is multi-threaded, use of fork() may lead to deadlocks in the child.
[2026-02-09T10:05:17.414+0000] {standard_task_runner.py:64} INFO - Started process 997 to run task
[2026-02-09T10:05:17.413+0000] {standard_task_runner.py:90} INFO - Running: ['***', 'tasks', 'run', 'stock_raw_msft', 'download', 'manual__2026-02-09T10:05:13.481753+00:00', '--job-id', '2836', '--raw', '--subdir', 'DAGS_FOLDER/stocks_dwh/raw/stocks_raw_dags.py', '--cfg-path', '/tmp/tmpts0opa5y']
[2026-02-09T10:05:17.417+0000] {standard_task_runner.py:91} INFO - Job 2836: Subtask download
[2026-02-09T10:05:17.480+0000] {task_command.py:426} INFO - Running <TaskInstance: stock_raw_msft.download manual__2026-02-09T10:05:13.481753+00:00 [running]> on host b6b9e92e7d61
[2026-02-09T10:05:17.564+0000] {taskinstance.py:2648} INFO - Exporting env vars: AIRFLOW_CTX_DAG_OWNER='***' AIRFLOW_CTX_DAG_ID='stock_raw_msft' AIRFLOW_CTX_TASK_ID='download' AIRFLOW_CTX_EXECUTION_DATE='2026-02-09T10:05:13.481753+00:00' AIRFLOW_CTX_TRY_NUMBER='1' AIRFLOW_CTX_DAG_RUN_ID='manual__2026-02-09T10:05:13.481753+00:00'
[2026-02-09T10:05:17.566+0000] {taskinstance.py:430} INFO - ::endgroup::
[2026-02-09T10:05:17.581+0000] {logging_mixin.py:188} INFO - Downloading MSFT [1d] from 2026-02-08 to 2026-02-09
[2026-02-09T10:05:17.584+0000] {logging_mixin.py:188} WARNING - /opt/***/dags/stocks_dwh/raw/stocks_raw_dags.py:25 FutureWarning: YF.download() has changed argument auto_adjust default to True
[2026-02-09T10:05:17.592+0000] {logging_mixin.py:188} WARNING - /home/***/.local/lib/python3.12/site-packages/yfinance/scrapers/history.py:204 Pandas4Warning: Timestamp.utcnow is deprecated and will be removed in a future version. Use Timestamp.now('UTC') instead.
[2026-02-09T10:05:18.066+0000] {multi.py:185} ERROR - 
1 Failed download:
[2026-02-09T10:05:18.067+0000] {multi.py:198} ERROR - ['MSFT']: YFPricesMissingError('possibly delisted; no price data found  (1d 2026-02-08 -> 2026-02-09)')
[2026-02-09T10:05:18.084+0000] {logging_mixin.py:188} INFO - No data
[2026-02-09T10:05:18.085+0000] {python.py:237} INFO - Done. Returned value was: None
[2026-02-09T10:05:18.086+0000] {taskinstance.py:441} INFO - ::group::Post task execution logs
[2026-02-09T10:05:18.095+0000] {taskinstance.py:1206} INFO - Marking task as SUCCESS. dag_id=stock_raw_msft, task_id=download, run_id=manual__2026-02-09T10:05:13.481753+00:00, execution_date=20260209T100513, start_date=20260209T100517, end_date=20260209T100518
[2026-02-09T10:05:18.152+0000] {local_task_job_runner.py:243} INFO - Task exited with return code 0
[2026-02-09T10:05:18.170+0000] {taskinstance.py:3503} INFO - 0 downstream tasks scheduled from follow-on schedule check
[2026-02-09T10:05:18.172+0000] {local_task_job_runner.py:222} INFO - ::endgroup::
