[2026-02-07T14:18:55.894+0000] {local_task_job_runner.py:120} INFO - ::group::Pre task execution logs
[2026-02-07T14:18:55.922+0000] {taskinstance.py:2076} INFO - Dependencies all met for dep_context=non-requeueable deps ti=<TaskInstance: stock_aapl.download scheduled__2024-02-11T00:00:00+00:00 [queued]>
[2026-02-07T14:18:55.932+0000] {taskinstance.py:2076} INFO - Dependencies all met for dep_context=requeueable deps ti=<TaskInstance: stock_aapl.download scheduled__2024-02-11T00:00:00+00:00 [queued]>
[2026-02-07T14:18:55.932+0000] {taskinstance.py:2306} INFO - Starting attempt 1 of 1
[2026-02-07T14:18:55.945+0000] {taskinstance.py:2330} INFO - Executing <Task(PythonOperator): download> on 2024-02-11 00:00:00+00:00
[2026-02-07T14:18:55.959+0000] {logging_mixin.py:188} WARNING - /home/***/.local/lib/python3.12/site-packages/***/task/task_runner/standard_task_runner.py:62 DeprecationWarning: This process (pid=1148) is multi-threaded, use of fork() may lead to deadlocks in the child.
[2026-02-07T14:18:55.960+0000] {standard_task_runner.py:64} INFO - Started process 1157 to run task
[2026-02-07T14:18:55.958+0000] {standard_task_runner.py:90} INFO - Running: ['***', 'tasks', 'run', 'stock_aapl', 'download', 'scheduled__2024-02-11T00:00:00+00:00', '--job-id', '204', '--raw', '--subdir', 'DAGS_FOLDER/stocks_dags.py', '--cfg-path', '/tmp/tmp6wa55w7e']
[2026-02-07T14:18:55.961+0000] {standard_task_runner.py:91} INFO - Job 204: Subtask download
[2026-02-07T14:18:56.021+0000] {task_command.py:426} INFO - Running <TaskInstance: stock_aapl.download scheduled__2024-02-11T00:00:00+00:00 [running]> on host 5adf8c44a70f
[2026-02-07T14:18:56.108+0000] {taskinstance.py:2648} INFO - Exporting env vars: AIRFLOW_CTX_DAG_OWNER='***' AIRFLOW_CTX_DAG_ID='stock_aapl' AIRFLOW_CTX_TASK_ID='download' AIRFLOW_CTX_EXECUTION_DATE='2024-02-11T00:00:00+00:00' AIRFLOW_CTX_TRY_NUMBER='1' AIRFLOW_CTX_DAG_RUN_ID='scheduled__2024-02-11T00:00:00+00:00'
[2026-02-07T14:18:56.109+0000] {taskinstance.py:430} INFO - ::endgroup::
[2026-02-07T14:18:56.121+0000] {logging_mixin.py:188} INFO - Downloading AAPL from 2024-02-11 to 2024-02-12
[2026-02-07T14:18:56.124+0000] {logging_mixin.py:188} WARNING - /opt/***/dags/stocks_dags.py:22 FutureWarning: YF.download() has changed argument auto_adjust default to True
[2026-02-07T14:18:56.134+0000] {logging_mixin.py:188} WARNING - /home/***/.local/lib/python3.12/site-packages/yfinance/scrapers/history.py:204 Pandas4Warning: Timestamp.utcnow is deprecated and will be removed in a future version. Use Timestamp.now('UTC') instead.
[2026-02-07T14:18:56.644+0000] {multi.py:185} ERROR - 
1 Failed download:
[2026-02-07T14:18:56.645+0000] {multi.py:198} ERROR - ['AAPL']: YFPricesMissingError('possibly delisted; no price data found  (1d 2024-02-11 -> 2024-02-12)')
[2026-02-07T14:18:56.657+0000] {logging_mixin.py:188} INFO - No data
[2026-02-07T14:18:56.657+0000] {python.py:237} INFO - Done. Returned value was: None
[2026-02-07T14:18:56.658+0000] {taskinstance.py:441} INFO - ::group::Post task execution logs
[2026-02-07T14:18:56.667+0000] {taskinstance.py:1206} INFO - Marking task as SUCCESS. dag_id=stock_aapl, task_id=download, run_id=scheduled__2024-02-11T00:00:00+00:00, execution_date=20240211T000000, start_date=20260207T141855, end_date=20260207T141856
[2026-02-07T14:18:56.696+0000] {local_task_job_runner.py:243} INFO - Task exited with return code 0
[2026-02-07T14:18:56.711+0000] {taskinstance.py:3503} INFO - 0 downstream tasks scheduled from follow-on schedule check
[2026-02-07T14:18:56.715+0000] {local_task_job_runner.py:222} INFO - ::endgroup::
