[2026-02-09T10:45:39.591+0000] {local_task_job_runner.py:120} INFO - ::group::Pre task execution logs
[2026-02-09T10:45:39.620+0000] {taskinstance.py:2076} INFO - Dependencies all met for dep_context=non-requeueable deps ti=<TaskInstance: stock_raw_aapl.download_and_load_raw scheduled__2025-11-23T00:00:00+00:00 [queued]>
[2026-02-09T10:45:39.628+0000] {taskinstance.py:2076} INFO - Dependencies all met for dep_context=requeueable deps ti=<TaskInstance: stock_raw_aapl.download_and_load_raw scheduled__2025-11-23T00:00:00+00:00 [queued]>
[2026-02-09T10:45:39.628+0000] {taskinstance.py:2306} INFO - Starting attempt 1 of 1
[2026-02-09T10:45:39.641+0000] {taskinstance.py:2330} INFO - Executing <Task(PythonOperator): download_and_load_raw> on 2025-11-23 00:00:00+00:00
[2026-02-09T10:45:39.655+0000] {logging_mixin.py:188} WARNING - /home/***/.local/lib/python3.12/site-packages/***/task/task_runner/standard_task_runner.py:62 DeprecationWarning: This process (pid=9328) is multi-threaded, use of fork() may lead to deadlocks in the child.
[2026-02-09T10:45:39.657+0000] {standard_task_runner.py:64} INFO - Started process 9340 to run task
[2026-02-09T10:45:39.656+0000] {standard_task_runner.py:90} INFO - Running: ['***', 'tasks', 'run', 'stock_raw_aapl', 'download_and_load_raw', 'scheduled__2025-11-23T00:00:00+00:00', '--job-id', '6253', '--raw', '--subdir', 'DAGS_FOLDER/stocks_dwh/raw/stocks_raw_dags.py', '--cfg-path', '/tmp/tmpp34nc0uz']
[2026-02-09T10:45:39.658+0000] {standard_task_runner.py:91} INFO - Job 6253: Subtask download_and_load_raw
[2026-02-09T10:45:39.720+0000] {task_command.py:426} INFO - Running <TaskInstance: stock_raw_aapl.download_and_load_raw scheduled__2025-11-23T00:00:00+00:00 [running]> on host 4886d37bc122
[2026-02-09T10:45:39.812+0000] {taskinstance.py:2648} INFO - Exporting env vars: AIRFLOW_CTX_DAG_OWNER='***' AIRFLOW_CTX_DAG_ID='stock_raw_aapl' AIRFLOW_CTX_TASK_ID='download_and_load_raw' AIRFLOW_CTX_EXECUTION_DATE='2025-11-23T00:00:00+00:00' AIRFLOW_CTX_TRY_NUMBER='1' AIRFLOW_CTX_DAG_RUN_ID='scheduled__2025-11-23T00:00:00+00:00'
[2026-02-09T10:45:39.813+0000] {taskinstance.py:430} INFO - ::endgroup::
[2026-02-09T10:45:39.824+0000] {logging_mixin.py:188} INFO - [RAW] Download AAPL [1d] 2025-11-23..2025-11-24
[2026-02-09T10:45:39.830+0000] {logging_mixin.py:188} WARNING - /opt/***/dags/stocks_dwh/raw/stocks_raw_dags.py:38 FutureWarning: YF.download() has changed argument auto_adjust default to True
[2026-02-09T10:45:39.839+0000] {logging_mixin.py:188} WARNING - /home/***/.local/lib/python3.12/site-packages/yfinance/scrapers/history.py:204 Pandas4Warning: Timestamp.utcnow is deprecated and will be removed in a future version. Use Timestamp.now('UTC') instead.
[2026-02-09T10:45:40.521+0000] {multi.py:185} ERROR - 
1 Failed download:
[2026-02-09T10:45:40.522+0000] {multi.py:198} ERROR - ['AAPL']: YFPricesMissingError('possibly delisted; no price data found  (1d 2025-11-23 -> 2025-11-24)')
[2026-02-09T10:45:40.533+0000] {logging_mixin.py:188} INFO - [RAW] No data from yfinance
[2026-02-09T10:45:40.533+0000] {python.py:237} INFO - Done. Returned value was: None
[2026-02-09T10:45:40.534+0000] {taskinstance.py:441} INFO - ::group::Post task execution logs
[2026-02-09T10:45:40.543+0000] {taskinstance.py:1206} INFO - Marking task as SUCCESS. dag_id=stock_raw_aapl, task_id=download_and_load_raw, run_id=scheduled__2025-11-23T00:00:00+00:00, execution_date=20251123T000000, start_date=20260209T104539, end_date=20260209T104540
[2026-02-09T10:45:40.593+0000] {local_task_job_runner.py:243} INFO - Task exited with return code 0
[2026-02-09T10:45:40.609+0000] {taskinstance.py:3503} INFO - 0 downstream tasks scheduled from follow-on schedule check
[2026-02-09T10:45:40.611+0000] {local_task_job_runner.py:222} INFO - ::endgroup::
[2026-02-09T12:47:22.017+0000] {local_task_job_runner.py:120} INFO - ::group::Pre task execution logs
[2026-02-09T12:47:22.048+0000] {taskinstance.py:2076} INFO - Dependencies all met for dep_context=non-requeueable deps ti=<TaskInstance: stock_raw_aapl.download_and_load_raw scheduled__2025-11-23T00:00:00+00:00 [queued]>
[2026-02-09T12:47:22.056+0000] {taskinstance.py:2076} INFO - Dependencies all met for dep_context=requeueable deps ti=<TaskInstance: stock_raw_aapl.download_and_load_raw scheduled__2025-11-23T00:00:00+00:00 [queued]>
[2026-02-09T12:47:22.057+0000] {taskinstance.py:2306} INFO - Starting attempt 1 of 1
[2026-02-09T12:47:22.071+0000] {taskinstance.py:2330} INFO - Executing <Task(PythonOperator): download_and_load_raw> on 2025-11-23 00:00:00+00:00
[2026-02-09T12:47:22.083+0000] {logging_mixin.py:188} WARNING - /home/***/.local/lib/python3.12/site-packages/***/task/task_runner/standard_task_runner.py:62 DeprecationWarning: This process (pid=18789) is multi-threaded, use of fork() may lead to deadlocks in the child.
[2026-02-09T12:47:22.085+0000] {standard_task_runner.py:64} INFO - Started process 18791 to run task
[2026-02-09T12:47:22.084+0000] {standard_task_runner.py:90} INFO - Running: ['***', 'tasks', 'run', 'stock_raw_aapl', 'download_and_load_raw', 'scheduled__2025-11-23T00:00:00+00:00', '--job-id', '7884', '--raw', '--subdir', 'DAGS_FOLDER/stocks_dwh/raw/stocks_raw_dags.py', '--cfg-path', '/tmp/tmpy2s3v00y']
[2026-02-09T12:47:22.086+0000] {standard_task_runner.py:91} INFO - Job 7884: Subtask download_and_load_raw
[2026-02-09T12:47:22.154+0000] {task_command.py:426} INFO - Running <TaskInstance: stock_raw_aapl.download_and_load_raw scheduled__2025-11-23T00:00:00+00:00 [running]> on host 4886d37bc122
[2026-02-09T12:47:22.252+0000] {taskinstance.py:2648} INFO - Exporting env vars: AIRFLOW_CTX_DAG_OWNER='***' AIRFLOW_CTX_DAG_ID='stock_raw_aapl' AIRFLOW_CTX_TASK_ID='download_and_load_raw' AIRFLOW_CTX_EXECUTION_DATE='2025-11-23T00:00:00+00:00' AIRFLOW_CTX_TRY_NUMBER='1' AIRFLOW_CTX_DAG_RUN_ID='scheduled__2025-11-23T00:00:00+00:00'
[2026-02-09T12:47:22.253+0000] {taskinstance.py:430} INFO - ::endgroup::
[2026-02-09T12:47:22.265+0000] {stocks_raw_dags.py:37} INFO - 2025-11-23 00:00:00+00:00, 2025-11-24 00:00:00+00:00
[2026-02-09T12:47:22.266+0000] {logging_mixin.py:188} INFO - [RAW] Download AAPL [1d] 2025-11-22..2025-11-24
[2026-02-09T12:47:22.268+0000] {logging_mixin.py:188} WARNING - /opt/***/dags/stocks_dwh/raw/stocks_raw_dags.py:42 FutureWarning: YF.download() has changed argument auto_adjust default to True
[2026-02-09T12:47:22.277+0000] {logging_mixin.py:188} WARNING - /home/***/.local/lib/python3.12/site-packages/yfinance/scrapers/history.py:204 Pandas4Warning: Timestamp.utcnow is deprecated and will be removed in a future version. Use Timestamp.now('UTC') instead.
[2026-02-09T12:47:22.788+0000] {logging_mixin.py:188} WARNING - [*********************100%***********************]  1 of 1 completed
[2026-02-09T12:47:22.790+0000] {multi.py:185} ERROR - 
1 Failed download:
[2026-02-09T12:47:22.791+0000] {multi.py:198} ERROR - ['AAPL']: YFPricesMissingError('possibly delisted; no price data found  (1d 2025-11-22 -> 2025-11-24)')
[2026-02-09T12:47:22.807+0000] {logging_mixin.py:188} INFO - [RAW] No data from yfinance
[2026-02-09T12:47:22.808+0000] {python.py:237} INFO - Done. Returned value was: None
[2026-02-09T12:47:22.809+0000] {taskinstance.py:441} INFO - ::group::Post task execution logs
[2026-02-09T12:47:22.818+0000] {taskinstance.py:1206} INFO - Marking task as SUCCESS. dag_id=stock_raw_aapl, task_id=download_and_load_raw, run_id=scheduled__2025-11-23T00:00:00+00:00, execution_date=20251123T000000, start_date=20260209T124722, end_date=20260209T124722
[2026-02-09T12:47:22.861+0000] {local_task_job_runner.py:243} INFO - Task exited with return code 0
[2026-02-09T12:47:22.884+0000] {taskinstance.py:3503} INFO - 0 downstream tasks scheduled from follow-on schedule check
[2026-02-09T12:47:22.887+0000] {local_task_job_runner.py:222} INFO - ::endgroup::
